
================== ASTRAL ===================== 

This is ASTRAL version 4.10.7
Gene trees are treated as unrooted
1000 trees read from ASTRALDATA/model.1000.2000000.0.000001/10/estimatedgenetre.halfresolved
All output trees will be *arbitrarily* rooted at 654

======== Running the main analysis
Number of taxa: 1001 (1001 species)
Taxa: [654, 733, 521, 413, 299, 507, 55, 457, 704, 846, 236, 670, 998, 274, 934, 315, 863, 398, 216, 660, 273, 74, 798, 307, 949, 269, 377, 611, 679, 463, 909, 241, 988, 727, 811, 81, 742, 987, 813, 96, 95, 165, 36, 254, 567, 43, 228, 528, 106, 821, 171, 84, 972, 755, 404, 575, 392, 229, 258, 588, 436, 619, 334, 853, 534, 61, 569, 32, 470, 221, 381, 900, 144, 180, 316, 959, 544, 933, 627, 135, 922, 101, 788, 110, 911, 883, 926, 680, 551, 810, 16, 641, 820, 561, 690, 737, 572, 418, 292, 473, 90, 906, 267, 385, 757, 672, 740, 213, 146, 193, 615, 65, 539, 407, 894, 645, 919, 658, 26, 476, 136, 892, 777, 365, 828, 498, 915, 695, 523, 884, 209, 852, 937, 912, 558, 842, 240, 355, 31, 608, 105, 438, 199, 546, 279, 412, 804, 116, 496, 936, 814, 756, 353, 858, 550, 38, 808, 368, 955, 183, 59, 677, 188, 691, 5, 206, 257, 973, 580, 51, 954, 469, 304, 595, 246, 650, 453, 487, 49, 871, 442, 366, 282, 245, 917, 560, 251, 656, 4, 676, 602, 83, 100, 448, 877, 452, 305, 548, 280, 831, 969, 807, 732, 178, 399, 396, 432, 746, 535, 212, 629, 85, 202, 714, 405, 855, 502, 882, 198, 131, 117, 479, 889, 685, 78, 328, 373, 585, 314, 195, 764, 33, 115, 636, 336, 613, 244, 659, 841, 210, 52, 603, 508, 673, 477, 153, 923, 486, 370, 729, 284, 3, 429, 270, 866, 129, 805, 439, 402, 759, 948, 123, 190, 68, 277, 124, 674, 716, 844, 925, 864, 266, 874, 242, 187, 789, 12, 601, 54, 778, 201, 185, 313, 89, 227, 982, 701, 139, 621, 384, 63, 82, 938, 524, 693, 424, 13, 150, 518, 416, 289, 163, 306, 98, 108, 389, 626, 207, 625, 494, 771, 927, 953, 825, 683, 225, 533, 311, 542, 888, 56, 983, 681, 369, 451, 817, 380, 700, 795, 833, 268, 318, 232, 875, 628, 348, 993, 224, 624, 9, 941, 898, 765, 482, 360, 835, 750, 946, 37, 472, 504, 974, 376, 319, 734, 403, 943, 99, 743, 250, 593, 802, 719, 230, 526, 721, 19, 7, 208, 181, 152, 422, 347, 45, 433, 562, 910, 661, 830, 17, 584, 794, 971, 573, 997, 907, 92, 235, 321, 880, 935, 738, 490, 903, 286, 272, 878, 536, 827, 639, 169, 142, 939, 896, 2, 873, 364, 283, 312, 211, 947, 160, 618, 994, 441, 285, 324, 35, 151, 576, 325, 21, 326, 104, 511, 538, 500, 248, 744, 132, 799, 977, 632, 749, 879, 259, 597, 426, 893, 20, 932, 1, 617, 446, 644, 809, 735, 829, 219, 840, 128, 88, 161, 630, 214, 127, 669, 455, 87, 346, 532, 288, 689, 157, 763, 797, 301, 823, 57, 428, 15, 133, 570, 985, 815, 637, 787, 657, 27, 559, 226, 968, 437, 865, 826, 801, 103, 489, 590, 149, 703, 358, 302, 159, 824, 317, 145, 34, 785, 197, 836, 586, 467, 361, 723, 754, 164, 322, 196, 484, 914, 69, 265, 18, 440, 44, 260, 612, 979, 488, 39, 323, 541, 14, 651, 300, 803, 887, 531, 717, 819, 960, 293, 409, 591, 557, 589, 766, 529, 793, 574, 475, 545, 354, 10, 761, 138, 553, 349, 929, 578, 72, 175, 40, 420, 782, 156, 944, 162, 838, 992, 435, 986, 419, 155, 390, 340, 687, 748, 851, 118, 459, 568, 527, 862, 859, 566, 461, 791, 876, 848, 981, 335, 64, 715, 237, 113, 137, 11, 899, 995, 728, 1000, 66, 774, 93, 217, 255, 975, 579, 861, 0, 834, 263, 192, 709, 367, 119, 610, 122, 800, 252, 996, 329, 605, 445, 345, 517, 530, 773, 271, 303, 796, 675, 816, 243, 870, 447, 556, 262, 218, 692, 179, 671, 890, 505, 868, 62, 688, 456, 172, 121, 339, 497, 184, 577, 697, 203, 623, 961, 356, 989, 768, 275, 58, 50, 931, 606, 598, 552, 845, 120, 48, 492, 694, 634, 510, 352, 667, 25, 298, 860, 338, 745, 182, 850, 60, 46, 775, 839, 607, 278, 895, 822, 290, 330, 296, 643, 327, 904, 454, 664, 970, 752, 990, 491, 967, 843, 770, 718, 921, 71, 769, 465, 818, 780, 849, 731, 281, 112, 940, 143, 450, 867, 705, 222, 379, 256, 513, 857, 596, 411, 751, 6, 287, 23, 444, 42, 779, 812, 148, 571, 976, 400, 686, 168, 134, 47, 965, 712, 916, 495, 978, 485, 417, 522, 239, 80, 710, 158, 741, 395, 8, 24, 901, 391, 592, 102, 401, 784, 622, 375, 594, 344, 337, 581, 458, 294, 905, 378, 382, 736, 147, 247, 415, 726, 928, 520, 891, 582, 97, 964, 720, 942, 408, 678, 662, 499, 462, 908, 466, 609, 696, 708, 430, 762, 493, 599, 333, 421, 668, 549, 22, 962, 397, 684, 109, 205, 564, 783, 67, 725, 952, 53, 600, 386, 930, 166, 77, 423, 332, 711, 331, 194, 739, 75, 767, 881, 79, 170, 357, 30, 443, 140, 167, 343, 154, 460, 516, 393, 414, 320, 540, 515, 114, 350, 991, 481, 753, 980, 647, 126, 958, 646, 806, 649, 341, 790, 786, 555, 614, 372, 604, 130, 699, 425, 70, 125, 663, 204, 730, 501, 616, 220, 351, 406, 362, 234, 869, 897, 640, 76, 387, 963, 543, 918, 342, 231, 832, 666, 189, 956, 713, 297, 141, 374, 295, 706, 29, 950, 652, 760, 253, 913, 519, 480, 665, 758, 722, 233, 525, 902, 215, 781, 177, 856, 111, 200, 474, 94, 464, 427, 506, 41, 886, 310, 702, 648, 984, 966, 638, 291, 635, 583, 363, 383, 483, 86, 587, 747, 554, 191, 642, 28, 276, 73, 394, 509, 631, 410, 924, 885, 792, 698, 309, 91, 957, 837, 186, 772, 951, 388, 847, 776, 478, 620, 264, 359, 449, 547, 707, 655, 471, 653, 107, 261, 308, 945, 920, 872, 565, 238, 537, 249, 174, 173, 434, 512, 724, 223, 999, 431, 176, 854, 682, 633, 563, 503, 468, 371, 514]
Number of gene trees: 1000
0 trees have missing taxa
Calculating quartet distance matrix (for completion of X)
Species tree distances calculated ...
Building set of clusters (X) from gene trees 
Using tree-based weight calculation.
Number of Default Clusters: 206189
Number of quartet trees in the gene trees: 41583291731038
calculating extra bipartitions to be added at level 1 ...
Number of Clusters after addition by distance: 206197
Adding to X using resolutions of greedy consensus ...
Threshold 0.0:
polytomy of size 6; rounds with additions with at least 0.01 support: 4; clusters: 206261
Threshold 0.01:
polytomy of size 15; rounds with additions with at least 0.01 support: 1; clusters: 206673
Threshold 0.02:
polytomy of size 3; rounds with additions with at least 0.01 support: 0; clusters: 206673
polytomy of size 16; rounds with additions with at least 0.01 support: 2; clusters: 206915
Threshold 0.05:
polytomy of size 3; rounds with additions with at least 0.01 support: 0; clusters: 206915
polytomy of size 5; rounds with additions with at least 0.01 support: 0; clusters: 206915
polytomy of size 3; rounds with additions with at least 0.01 support: 0; clusters: 206915
polytomy of size 26; rounds with additions with at least 0.01 support: 0; clusters: 206915
Threshold 0.1:
polytomy of size 4; rounds with additions with at least 0.01 support: 0; clusters: 206915
polytomy of size 3; rounds with additions with at least 0.01 support: 0; clusters: 206915
polytomy of size 3; rounds with additions with at least 0.01 support: 0; clusters: 206915
polytomy of size 4; rounds with additions with at least 0.01 support: 0; clusters: 206915
polytomy of size 3; rounds with additions with at least 0.01 support: 0; clusters: 206915
polytomy of size 5; rounds with additions with at least 0.01 support: 0; clusters: 206915
polytomy of size 3; rounds with additions with at least 0.01 support: 0; clusters: 206915
polytomy of size 6; rounds with additions with at least 0.01 support: 0; clusters: 206915
polytomy of size 33; rounds with additions with at least 0.01 support: 0; clusters: 206919
Threshold 0.2:
polytomy of size 5; rounds with additions with at least 0.01 support: 0; clusters: 206919
polytomy of size 6; rounds with additions with at least 0.01 support: 0; clusters: 206919
polytomy of size 3; rounds with additions with at least 0.01 support: 0; clusters: 206919
polytomy of size 3; rounds with additions with at least 0.01 support: 0; clusters: 206919
polytomy of size 4; rounds with additions with at least 0.01 support: 0; clusters: 206919
polytomy of size 3; rounds with additions with at least 0.01 support: 0; clusters: 206919
polytomy of size 4; rounds with additions with at least 0.01 support: 0; clusters: 206919
polytomy of size 6; rounds with additions with at least 0.01 support: 0; clusters: 206919
polytomy of size 4; rounds with additions with at least 0.01 support: 0; clusters: 206919
polytomy of size 3; rounds with additions with at least 0.01 support: 0; clusters: 206919
polytomy of size 4; rounds with additions with at least 0.01 support: 0; clusters: 206919
polytomy of size 6; rounds with additions with at least 0.01 support: 0; clusters: 206919
polytomy of size 3; rounds with additions with at least 0.01 support: 0; clusters: 206919
polytomy of size 3; rounds with additions with at least 0.01 support: 0; clusters: 206919
polytomy of size 3; rounds with additions with at least 0.01 support: 0; clusters: 206919
polytomy of size 7; rounds with additions with at least 0.01 support: 0; clusters: 206919
polytomy of size 5; rounds with additions with at least 0.01 support: 0; clusters: 206919
polytomy of size 3; rounds with additions with at least 0.01 support: 0; clusters: 206919
polytomy of size 4; rounds with additions with at least 0.01 support: 0; clusters: 206919
polytomy of size 7; rounds with additions with at least 0.01 support: 0; clusters: 206919
polytomy of size 3; rounds with additions with at least 0.01 support: 0; clusters: 206919
polytomy of size 5; rounds with additions with at least 0.01 support: 0; clusters: 206919
polytomy of size 4; rounds with additions with at least 0.01 support: 0; clusters: 206919
polytomy of size 4; rounds with additions with at least 0.01 support: 0; clusters: 206919
polytomy of size 50; rounds with additions with at least 0.01 support: 0; clusters: 206935
Threshold 0.3333333333333333:
polytomy of size 3; rounds with additions with at least 0.01 support: 0; clusters: 206935
polytomy of size 3; rounds with additions with at least 0.01 support: 0; clusters: 206935
polytomy of size 3; rounds with additions with at least 0.01 support: 0; clusters: 206935
polytomy of size 3; rounds with additions with at least 0.01 support: 0; clusters: 206935
polytomy of size 5; rounds with additions with at least 0.01 support: 0; clusters: 206935
polytomy of size 3; rounds with additions with at least 0.01 support: 0; clusters: 206935
polytomy of size 3; rounds with additions with at least 0.01 support: 0; clusters: 206935
polytomy of size 3; rounds with additions with at least 0.01 support: 0; clusters: 206935
polytomy of size 3; rounds with additions with at least 0.01 support: 0; clusters: 206935
polytomy of size 3; rounds with additions with at least 0.01 support: 0; clusters: 206935
polytomy of size 3; rounds with additions with at least 0.01 support: 0; clusters: 206935
polytomy of size 3; rounds with additions with at least 0.01 support: 0; clusters: 206935
polytomy of size 7; rounds with additions with at least 0.01 support: 0; clusters: 206935
polytomy of size 3; rounds with additions with at least 0.01 support: 0; clusters: 206935
polytomy of size 4; rounds with additions with at least 0.01 support: 0; clusters: 206935
polytomy of size 4; rounds with additions with at least 0.01 support: 0; clusters: 206935
polytomy of size 5; rounds with additions with at least 0.01 support: 0; clusters: 206935
polytomy of size 5; rounds with additions with at least 0.01 support: 0; clusters: 206935
polytomy of size 3; rounds with additions with at least 0.01 support: 0; clusters: 206935
polytomy of size 3; rounds with additions with at least 0.01 support: 0; clusters: 206935
polytomy of size 4; rounds with additions with at least 0.01 support: 0; clusters: 206935
polytomy of size 3; rounds with additions with at least 0.01 support: 0; clusters: 206935
polytomy of size 4; rounds with additions with at least 0.01 support: 0; clusters: 206935
polytomy of size 3; rounds with additions with at least 0.01 support: 0; clusters: 206935
polytomy of size 6; rounds with additions with at least 0.01 support: 0; clusters: 206935
polytomy of size 4; rounds with additions with at least 0.01 support: 0; clusters: 206935
polytomy of size 3; rounds with additions with at least 0.01 support: 0; clusters: 206935
polytomy of size 3; rounds with additions with at least 0.01 support: 0; clusters: 206935
polytomy of size 3; rounds with additions with at least 0.01 support: 0; clusters: 206935
polytomy of size 3; rounds with additions with at least 0.01 support: 0; clusters: 206935
polytomy of size 4; rounds with additions with at least 0.01 support: 0; clusters: 206935
polytomy of size 3; rounds with additions with at least 0.01 support: 0; clusters: 206935
polytomy of size 3; rounds with additions with at least 0.01 support: 0; clusters: 206935
polytomy of size 4; rounds with additions with at least 0.01 support: 0; clusters: 206935
polytomy of size 3; rounds with additions with at least 0.01 support: 0; clusters: 206935
polytomy of size 3; rounds with additions with at least 0.01 support: 0; clusters: 206935
polytomy of size 3; rounds with additions with at least 0.01 support: 0; clusters: 206935
polytomy of size 3; rounds with additions with at least 0.01 support: 0; clusters: 206935
polytomy of size 4; rounds with additions with at least 0.01 support: 0; clusters: 206935
polytomy of size 3; rounds with additions with at least 0.01 support: 0; clusters: 206935
polytomy of size 4; rounds with additions with at least 0.01 support: 0; clusters: 206935
polytomy of size 3; rounds with additions with at least 0.01 support: 0; clusters: 206935
polytomy of size 4; rounds with additions with at least 0.01 support: 0; clusters: 206935
polytomy of size 3; rounds with additions with at least 0.01 support: 0; clusters: 206935
polytomy of size 3; rounds with additions with at least 0.01 support: 0; clusters: 206935
polytomy of size 3; rounds with additions with at least 0.01 support: 0; clusters: 206935
polytomy of size 5; rounds with additions with at least 0.01 support: 0; clusters: 206935
polytomy of size 5; rounds with additions with at least 0.01 support: 0; clusters: 206935
polytomy of size 5; rounds with additions with at least 0.01 support: 0; clusters: 206935
polytomy of size 3; rounds with additions with at least 0.01 support: 0; clusters: 206935
polytomy of size 7; rounds with additions with at least 0.01 support: 0; clusters: 206935
polytomy of size 7; rounds with additions with at least 0.01 support: 0; clusters: 206935
polytomy of size 4; rounds with additions with at least 0.01 support: 0; clusters: 206935
polytomy of size 3; rounds with additions with at least 0.01 support: 0; clusters: 206935
polytomy of size 12; rounds with additions with at least 0.01 support: 0; clusters: 207075
polytomy of size 3; rounds with additions with at least 0.01 support: 0; clusters: 207075
polytomy of size 4; rounds with additions with at least 0.01 support: 0; clusters: 207075
polytomy of size 4; rounds with additions with at least 0.01 support: 0; clusters: 207075
polytomy of size 4; rounds with additions with at least 0.01 support: 0; clusters: 207075
polytomy of size 5; rounds with additions with at least 0.01 support: 0; clusters: 207075
polytomy of size 3; rounds with additions with at least 0.01 support: 0; clusters: 207075
polytomy of size 3; rounds with additions with at least 0.01 support: 0; clusters: 207075
polytomy of size 3; rounds with additions with at least 0.01 support: 0; clusters: 207075
polytomy of size 3; rounds with additions with at least 0.01 support: 0; clusters: 207075
polytomy of size 3; rounds with additions with at least 0.01 support: 0; clusters: 207075
polytomy of size 3; rounds with additions with at least 0.01 support: 0; clusters: 207075
polytomy of size 3; rounds with additions with at least 0.01 support: 0; clusters: 207075
polytomy of size 86; rounds with additions with at least 0.01 support: 0; clusters: 247815
Number of Clusters after addition by greedy: 247815
partitions formed in 629.983 secs
Dynamic Programming starting after 629.983 secs
Size of largest cluster: 1001
Calculated 100000 weights; time (seconds): 4401
Calculated 200000 weights; time (seconds): 3770
Calculated 300000 weights; time (seconds): 3808
Calculated 400000 weights; time (seconds): 3782
Calculated 500000 weights; time (seconds): 3816
Calculated 600000 weights; time (seconds): 3791
Calculated 700000 weights; time (seconds): 3901
Total Number of elements weighted: 775832
Normalized score (portion of input quartet trees satisfied): 0.5952782819583942
Final optimization score: 24753630459827
Optimal tree inferred in 30301.078 secs.
(707,(547,(449,(((478,620),(264,359)),((727,(((655,471),((261,308),(872,(238,(565,(945,920)))))),((653,107),(((772,776),(847,(951,388))),(837,(309,(186,(698,(91,957))))))))),((179,(671,890)),((((382,736),(458,(905,(294,378)))),(((682,(633,(563,503))),(223,(431,(999,(176,854))))),(468,((371,514),((512,724),(537,((173,434),(249,174)))))))),((((172,121),(505,((868,62),(688,456)))),((845,(120,(48,492))),(((598,552),(50,(931,606))),((339,(497,184)),(577,(697,(768,((989,275),((203,356),(58,(623,961))))))))))),((((856,(111,200)),((464,(474,94)),(427,(702,(886,(310,(506,41))))))),((483,(554,(191,(587,(86,747))))),(((291,(635,583)),(383,(363,(984,(638,(648,966)))))),((642,28),((276,(73,394)),(509,((924,792),(631,(410,885))))))))),((((85,(629,(212,202))),(732,(432,(178,((746,535),(399,396)))))),(((362,234),(351,406)),(((869,(666,(189,(832,956)))),(897,(((713,652),(760,(253,913))),(297,((141,374),(706,(295,(29,950)))))))),((640,(76,387)),((963,((543,918),(342,231))),((519,(480,665)),((758,(722,233)),((781,177),(525,(902,215)))))))))),((344,(337,581)),(0,(((((714,405),(660,(273,74))),((((277,(124,674)),((123,(190,68)),(864,(844,(716,925))))),((402,(439,(759,948))),(((270,866),(129,805)),((729,(284,429)),(3,(486,370)))))),((((216,(398,(315,863))),(654,(521,((413,299),(733,507))))),(55,(611,((679,(463,909)),((949,(269,377)),(457,((934,(998,274)),(670,(704,(846,236)))))))))),((798,307),(((855,(502,882)),(117,((479,889),(198,131)))),((685,(((764,33),(195,(78,(328,(373,(585,314)))))),((210,(52,603)),((153,923),(508,(673,477)))))),(((841,(244,659)),(613,(636,(115,336)))),((408,((462,908),(499,(678,662)))),((466,609),((696,(430,762)),((708,(421,(493,(599,333)))),((720,942),(147,((247,(928,(415,726))),(520,(891,(582,(97,964)))))))))))))))))),((((834,263),((709,367),(192,((119,800),(610,122))))),((692,(252,(996,329))),((271,(605,(530,(517,(773,(445,345)))))),((303,796),((262,218),(243,((675,816),(870,(447,556))))))))),(((158,24),(((395,8),(741,(712,916))),((239,(80,710)),(485,(522,(417,(495,978))))))),(((622,(375,594)),(102,(401,784))),(((47,965),((400,686),(134,(148,((779,812),(168,(571,976))))))),((901,(391,592)),((596,((256,(513,857)),((23,(444,42)),((411,751),(6,287))))),((694,(634,510)),(((904,(454,664)),(((970,(491,(752,990))),(822,(839,(895,(607,278))))),((667,(352,25)),(((46,775),(850,60)),(298,(745,(182,(860,338)))))))),(((643,327),(330,296)),(379,(((731,(281,112)),((705,222),(290,(940,(143,(450,867)))))),(718,((967,(849,(843,770))),(921,(71,((818,780),(769,465)))))))))))))))))),((((549,(22,(962,397))),(811,((668,(77,(423,((194,739),(332,(711,331)))))),(684,(((564,783),(109,205)),((952,(53,600)),((67,725),(166,(386,930))))))))),((500,(576,((441,((35,151),(285,324))),((511,538),(21,(104,(325,326))))))),((259,(597,(932,(893,(426,20))))),((749,879),(632,((132,799),(977,(248,744)))))))),(((161,(630,(214,127))),((((548,280),(831,(305,(969,807)))),(((187,789),(266,(874,242))),((185,((778,201),(601,(12,54)))),((1,(617,446)),(644,(219,(809,((735,829),(840,(128,88)))))))))),((((562,910),(19,((7,(208,181)),(152,((45,433),(422,347)))))),(((618,994),((2,873),(364,(283,(312,(211,(947,160))))))),(661,(((250,(593,802)),((830,(794,(17,584))),((526,721),(719,230)))),(((573,997),(971,(907,((235,321),(92,880))))),(((939,896),(169,(639,142))),((99,743),((490,(903,(286,272))),((935,738),(878,(536,827))))))))))),(((56,983),(625,(683,(((494,771),(927,(953,825))),(888,(311,(225,(533,542)))))))),((734,(403,943)),(((319,(376,((946,472),(974,(37,504))))),(((313,424),(693,(938,524))),((82,(621,(384,63))),((701,139),(227,(89,982)))))),(((389,(98,108)),(306,((626,207),((289,163),(416,(13,(150,518))))))),((681,(369,(451,817))),(((765,482),(360,(835,750))),(((993,224),((941,898),(624,9))),((700,(380,318)),((232,875),((628,348),(795,(833,268))))))))))))))),((((821,(528,106)),(171,(84,(972,755)))),((229,(392,(404,575))),((515,((114,(350,991)),((393,414),(320,540)))),(((569,(436,619)),((258,588),(853,(534,(334,61))))),((516,(767,167)),(75,((343,(154,460)),(881,((30,(443,140)),(357,(79,170))))))))))),((((730,(501,(616,220))),((757,((672,740),(213,146))),((267,(906,385)),(((407,(894,645)),((498,915),(193,(65,(615,539))))),(658,((828,(777,365)),((476,136),(919,(26,892))))))))),(((66,((1000,(899,(995,728))),(774,(217,(93,255))))),(((690,737),((241,988),((572,90),(292,(418,473))))),(((958,646),((647,126),(980,(481,753)))),(806,(649,(790,((130,699),((425,(70,(341,125))),(604,((786,372),(555,614))))))))))),((663,204),(((883,926),((551,(680,810)),((820,561),(16,641)))),(((959,544),((922,(110,(101,788))),((933,911),(627,135)))),(((144,(180,316)),((381,900),(470,(32,221)))),((64,((715,237),(113,137))),((848,(981,335)),(11,(((118,459),(687,(748,851))),((568,(527,862)),((859,876),(340,(566,(461,791))))))))))))))),(((((116,496),((412,804),(936,814))),((669,455),((87,(346,532)),((797,(763,301)),(288,(689,157)))))),((756,((353,(858,550)),((815,(637,787)),((570,985),(823,((57,428),(15,133))))))),(((877,452),((100,448),(4,(602,(676,83))))),(((808,(38,368)),(955,((183,188),(59,677)))),(691,(((487,251),(656,(49,((917,560),(871,(442,(366,(282,245)))))))),((469,(595,(954,304))),((246,(650,453)),((5,206),(51,(580,(257,973)))))))))))),((81,(((254,567),(43,228)),(742,(987,(813,(95,(96,(165,36)))))))),(((((937,(912,558)),(842,(240,355))),(438,((31,199),(279,(546,(608,105)))))),(((523,884),(695,(209,852))),(156,((929,((578,(420,782)),(175,(72,40)))),((944,162),((838,(992,435)),(419,(986,(155,390))))))))),(((553,349),((761,138),(10,(545,354)))),(((361,(723,754)),((785,197),(836,(586,467)))),(((103,975),(590,(((145,34),(149,((703,824),(317,(358,(302,159)))))),(((437,865),(489,(826,801))),((226,968),(559,(657,27))))))),((440,(((39,323),((579,861),(612,(979,488)))),(819,((960,293),((409,591),(557,(589,766))))))),((196,(529,(574,(793,475)))),(((887,717),(531,(14,(651,(541,(300,803)))))),((164,322),((44,260),(484,(914,(69,(265,18))))))))))))))))))))))))))))))));
Quartet score is: 24753630459827
Normalized quartet score is: 0.5952782819583942
ASTRAL finished in 30490.716 secs
