
================== ASTRAL ===================== 

This is ASTRAL version 4.10.8
Gene trees are treated as unrooted
1000 trees read from model.200.10000000.0.0000001/50/estimatedgenetre.halfresolved
All outputted trees will be *arbitrarily* rooted at 60

======== Running the main analysis
Number of taxa: 201 (201 species)
Taxa: [60, 133, 17, 156, 18, 191, 47, 52, 196, 151, 9, 169, 83, 163, 100, 51, 124, 117, 111, 25, 43, 184, 120, 20, 199, 97, 170, 53, 128, 71, 91, 121, 130, 55, 21, 42, 33, 193, 86, 182, 102, 11, 75, 167, 136, 200, 108, 6, 114, 186, 194, 180, 36, 115, 35, 88, 104, 162, 153, 126, 77, 123, 76, 10, 50, 93, 70, 150, 112, 80, 24, 12, 159, 132, 4, 28, 37, 165, 125, 131, 73, 198, 32, 94, 65, 139, 96, 190, 187, 129, 31, 48, 1, 155, 175, 27, 171, 13, 66, 181, 22, 38, 160, 8, 197, 61, 30, 39, 98, 57, 142, 172, 148, 113, 109, 90, 118, 103, 74, 106, 179, 54, 16, 45, 72, 26, 101, 85, 63, 92, 137, 143, 84, 5, 135, 161, 195, 177, 64, 81, 0, 58, 46, 14, 116, 29, 34, 44, 56, 40, 145, 79, 140, 7, 2, 89, 19, 62, 107, 183, 166, 158, 82, 154, 188, 178, 149, 176, 119, 49, 164, 192, 68, 189, 141, 15, 110, 147, 23, 87, 41, 122, 138, 67, 99, 157, 144, 127, 168, 185, 3, 173, 69, 105, 174, 95, 78, 59, 146, 134, 152]
Taxon occupancy: {35=1000, 36=1000, 159=1000, 33=1000, 34=1000, 158=1000, 39=1000, 157=1000, 156=1000, 155=1000, 37=1000, 38=1000, 154=1000, 152=1000, 153=1000, 150=1000, 151=1000, 43=1000, 42=1000, 41=1000, 40=1000, 200=1000, 22=1000, 169=1000, 23=1000, 24=1000, 25=1000, 26=1000, 166=1000, 27=1000, 165=1000, 28=1000, 168=1000, 167=1000, 29=1000, 161=1000, 3=1000, 162=1000, 2=1000, 1=1000, 163=1000, 0=1000, 164=1000, 30=1000, 7=1000, 6=1000, 32=1000, 5=1000, 31=1000, 4=1000, 160=1000, 9=1000, 8=1000, 19=1000, 17=1000, 179=1000, 18=1000, 178=1000, 177=1000, 15=1000, 16=1000, 176=1000, 13=1000, 14=1000, 11=1000, 12=1000, 170=1000, 21=1000, 20=1000, 171=1000, 174=1000, 175=1000, 172=1000, 173=1000, 188=1000, 187=1000, 189=1000, 180=1000, 10=1000, 181=1000, 182=1000, 183=1000, 184=1000, 185=1000, 186=1000, 116=1000, 117=1000, 79=1000, 78=1000, 114=1000, 77=1000, 115=1000, 112=1000, 113=1000, 110=1000, 111=1000, 118=1000, 119=1000, 82=1000, 83=1000, 80=1000, 81=1000, 86=1000, 87=1000, 84=1000, 85=1000, 125=1000, 67=1000, 126=1000, 66=1000, 69=1000, 127=1000, 128=1000, 68=1000, 121=1000, 122=1000, 123=1000, 124=1000, 129=1000, 70=1000, 120=1000, 71=1000, 72=1000, 73=1000, 74=1000, 75=1000, 76=1000, 134=1000, 135=1000, 132=1000, 59=1000, 133=1000, 58=1000, 138=1000, 139=1000, 57=1000, 136=1000, 56=1000, 55=1000, 137=1000, 64=1000, 65=1000, 62=1000, 63=1000, 131=1000, 60=1000, 130=1000, 61=1000, 143=1000, 49=1000, 48=1000, 144=1000, 145=1000, 146=1000, 45=1000, 147=1000, 148=1000, 44=1000, 47=1000, 149=1000, 46=1000, 51=1000, 52=1000, 53=1000, 54=1000, 140=1000, 142=1000, 50=1000, 141=1000, 109=1000, 108=1000, 107=1000, 106=1000, 105=1000, 104=1000, 103=1000, 102=1000, 99=1000, 101=1000, 100=1000, 98=1000, 97=1000, 96=1000, 95=1000, 94=1000, 93=1000, 92=1000, 91=1000, 90=1000, 88=1000, 89=1000, 195=1000, 194=1000, 197=1000, 196=1000, 191=1000, 190=1000, 193=1000, 192=1000, 198=1000, 199=1000}
Number of gene trees: 1000
0 trees have missing taxa
Calculating quartet distance matrix (for completion of X)
Species tree distances calculated ...
Building set of clusters (X) from gene trees 
Using tree-based weight calculation.
Number of Default Clusters: 44921
Number of quartet trees in the gene trees: 65998350000
calculating extra bipartitions to be added at level 1 ...
Number of Clusters after addition by distance: 44921
Adding to X using resolutions of greedy consensus ...
Threshold 0.0:
Threshold 0.01:
Threshold 0.02:
polytomy of size 4; rounds with additions with at least 0.01 support: 0; clusters: 44921
Threshold 0.05:
polytomy of size 6; rounds with additions with at least 0.01 support: 0; clusters: 44921
Threshold 0.1:
polytomy of size 8; rounds with additions with at least 0.01 support: 0; clusters: 44921
polytomy of size 4; rounds with additions with at least 0.01 support: 0; clusters: 44921
Threshold 0.2:
polytomy of size 3; rounds with additions with at least 0.01 support: 0; clusters: 44921
polytomy of size 3; rounds with additions with at least 0.01 support: 0; clusters: 44921
polytomy of size 14; rounds with additions with at least 0.01 support: 0; clusters: 44921
Threshold 0.3333333333333333:
polytomy of size 3; rounds with additions with at least 0.01 support: 0; clusters: 44921
polytomy of size 3; rounds with additions with at least 0.01 support: 0; clusters: 44921
polytomy of size 4; rounds with additions with at least 0.01 support: 0; clusters: 44921
polytomy of size 22; rounds with additions with at least 0.01 support: 0; clusters: 45169
polytomy of size 3; rounds with additions with at least 0.01 support: 0; clusters: 45169
Number of Clusters after addition by greedy: 45169
partitions formed in 21.221 secs
Dynamic Programming starting after 21.221 secs
Size of largest cluster: 201
Size of largest cluster: 201
Total Number of elements weighted: 111597
Normalized score (portion of input quartet trees satisfied): NaN
Final optimization score: 0
Calculated 100000 weights; time (seconds): 44
Total Number of elements weighted: 111597
Normalized score (portion of input quartet trees satisfied): 0.8220396695220411
Final optimization score: 54253261823
Optimal tree inferred in 47.736 secs.
(60,(133,(18,(((47,(191,52)),(196,(151,9))),(17,(156,(152,((169,83),(((145,(89,19)),(79,(2,(140,7)))),((((62,(87,(149,176))),((107,183),((154,(188,178)),(166,(158,82))))),(((69,105),((95,78),(174,(59,(146,134))))),(((119,(49,164)),((15,(110,147)),(192,(68,(189,141))))),((41,122),(23,((3,173),((127,(168,185)),((138,67),(99,(157,144)))))))))),((56,40),(((46,14),((34,44),(116,29))),((((124,(117,111)),(163,(100,51))),(25,(((115,35),((200,36),((194,180),(186,(114,(108,6)))))),((88,(104,162)),(((43,(184,120)),((20,199),(71,(128,(97,(170,53)))))),((11,(75,(167,136))),((42,(33,(193,86))),((182,102),((55,21),(91,(121,130))))))))))),(0,(((177,(64,81)),((93,70),(76,(10,50)))),(((153,(58,(126,(77,123)))),(((101,137),(85,(63,92))),(195,((143,84),(161,(5,135)))))),(((113,(172,(57,142))),((16,(45,(72,26))),(54,(109,((179,(74,106)),(148,(90,(118,103)))))))),(((197,((39,98),(61,30))),((175,(27,171)),(13,((160,8),(66,(181,(22,38))))))),((48,((129,31),(1,155))),(((159,132),((24,12),(150,(112,80)))),((4,(165,(28,37))),(((190,187),(65,(139,96))),((32,94),(198,(125,(131,73))))))))))))))))))))))))));
Quartet score is: 54253261823
Normalized quartet score is: 0.8220396695220411
ASTRAL finished in 57.035 secs
