
================== ASTRAL ===================== 

This is ASTRAL version 4.10.10
Gene trees are treated as unrooted
1000 trees read from ASTRALDATA/model.500.2000000.0.000001/23/estimatedgenetre.halfresolved
All output trees will be *arbitrarily* rooted at 241

======== Running the main analysis
Number of taxa: 501 (501 species)
Taxa: [241, 229, 496, 68, 4, 90, 330, 389, 55, 173, 332, 435, 23, 178, 108, 210, 5, 85, 441, 26, 370, 0, 393, 260, 412, 20, 368, 239, 166, 346, 205, 481, 317, 66, 249, 293, 287, 175, 126, 302, 431, 396, 54, 110, 192, 311, 131, 257, 117, 199, 467, 222, 464, 458, 115, 328, 291, 71, 403, 118, 194, 104, 295, 376, 386, 125, 277, 279, 3, 128, 187, 234, 490, 148, 440, 19, 310, 10, 335, 75, 256, 160, 161, 392, 282, 297, 493, 13, 84, 353, 246, 179, 218, 153, 135, 182, 351, 56, 454, 170, 385, 227, 283, 142, 349, 492, 449, 196, 237, 261, 478, 9, 97, 377, 471, 365, 400, 201, 107, 475, 309, 113, 402, 394, 203, 325, 123, 461, 247, 285, 120, 181, 145, 361, 372, 74, 306, 49, 342, 459, 6, 397, 427, 233, 453, 30, 155, 469, 129, 444, 483, 355, 82, 315, 286, 407, 329, 44, 410, 91, 411, 27, 294, 364, 308, 432, 133, 57, 292, 69, 200, 401, 24, 463, 65, 382, 101, 168, 111, 422, 395, 236, 404, 193, 465, 258, 274, 344, 8, 447, 18, 500, 208, 472, 176, 299, 103, 48, 415, 221, 270, 448, 94, 216, 159, 134, 143, 280, 209, 379, 243, 17, 405, 359, 112, 214, 341, 158, 220, 340, 240, 226, 206, 37, 265, 183, 323, 473, 32, 35, 491, 442, 140, 198, 141, 406, 15, 242, 78, 114, 451, 132, 31, 99, 331, 116, 424, 420, 305, 207, 70, 102, 77, 41, 244, 421, 25, 489, 21, 22, 163, 225, 284, 477, 334, 80, 375, 83, 202, 50, 498, 235, 87, 281, 452, 267, 186, 81, 53, 484, 276, 468, 251, 354, 482, 307, 476, 60, 414, 219, 172, 303, 273, 45, 138, 259, 455, 313, 336, 151, 79, 162, 460, 278, 146, 366, 384, 426, 358, 156, 304, 380, 16, 480, 373, 96, 46, 301, 429, 217, 356, 180, 437, 288, 343, 487, 312, 352, 360, 250, 34, 322, 316, 495, 52, 89, 423, 371, 413, 72, 381, 204, 188, 171, 252, 190, 430, 213, 157, 499, 73, 337, 446, 1, 238, 497, 215, 127, 33, 76, 462, 149, 486, 383, 348, 296, 300, 262, 231, 298, 290, 228, 63, 2, 255, 326, 338, 387, 479, 150, 14, 212, 195, 324, 425, 62, 264, 211, 319, 254, 474, 266, 29, 7, 363, 445, 100, 263, 12, 58, 418, 109, 391, 28, 289, 136, 154, 419, 253, 416, 64, 191, 230, 185, 357, 494, 92, 271, 59, 417, 232, 320, 144, 177, 47, 438, 470, 456, 272, 152, 51, 436, 40, 443, 457, 369, 189, 439, 223, 169, 339, 333, 174, 248, 321, 121, 428, 275, 61, 399, 485, 327, 433, 88, 139, 269, 86, 11, 466, 167, 314, 42, 164, 137, 434, 388, 38, 43, 67, 450, 390, 318, 398, 106, 378, 119, 374, 98, 350, 408, 184, 409, 124, 130, 347, 93, 245, 105, 122, 36, 165, 95, 367, 345, 197, 268, 147, 488, 224, 39, 362]
Taxon occupancy: {338=1000, 339=1000, 332=1000, 333=1000, 330=1000, 159=1000, 158=1000, 331=1000, 336=1000, 157=1000, 156=1000, 337=1000, 155=1000, 334=1000, 154=1000, 335=1000, 152=1000, 153=1000, 150=1000, 151=1000, 349=1000, 202=1000, 203=1000, 204=1000, 205=1000, 200=1000, 201=1000, 341=1000, 169=1000, 342=1000, 343=1000, 344=1000, 345=1000, 166=1000, 206=1000, 165=1000, 346=1000, 207=1000, 347=1000, 168=1000, 208=1000, 167=1000, 209=1000, 348=1000, 409=1000, 3=1000, 161=1000, 408=1000, 162=1000, 2=1000, 163=1000, 1=1000, 164=1000, 0=1000, 7=1000, 405=1000, 404=1000, 6=1000, 407=1000, 5=1000, 340=1000, 4=1000, 160=1000, 406=1000, 401=1000, 400=1000, 9=1000, 403=1000, 8=1000, 402=1000, 211=1000, 212=1000, 210=1000, 318=1000, 215=1000, 319=1000, 216=1000, 316=1000, 213=1000, 317=1000, 214=1000, 314=1000, 179=1000, 219=1000, 315=1000, 178=1000, 177=1000, 217=1000, 312=1000, 218=1000, 176=1000, 313=1000, 310=1000, 311=1000, 418=1000, 170=1000, 417=1000, 171=1000, 416=1000, 415=1000, 174=1000, 175=1000, 172=1000, 419=1000, 173=1000, 410=1000, 414=1000, 413=1000, 412=1000, 411=1000, 220=1000, 221=1000, 222=1000, 223=1000, 224=1000, 327=1000, 328=1000, 225=1000, 329=1000, 226=1000, 227=1000, 323=1000, 188=1000, 228=1000, 229=1000, 187=1000, 324=1000, 325=1000, 189=1000, 326=1000, 320=1000, 321=1000, 322=1000, 427=1000, 426=1000, 180=1000, 181=1000, 429=1000, 428=1000, 182=1000, 183=1000, 184=1000, 185=1000, 186=1000, 421=1000, 420=1000, 423=1000, 422=1000, 425=1000, 424=1000, 116=1000, 117=1000, 114=1000, 115=1000, 112=1000, 113=1000, 110=1000, 111=1000, 118=1000, 119=1000, 435=1000, 436=1000, 433=1000, 434=1000, 431=1000, 432=1000, 430=1000, 439=1000, 437=1000, 438=1000, 125=1000, 126=1000, 127=1000, 300=1000, 128=1000, 121=1000, 302=1000, 122=1000, 301=1000, 123=1000, 304=1000, 124=1000, 303=1000, 306=1000, 305=1000, 308=1000, 307=1000, 129=1000, 309=1000, 444=1000, 445=1000, 446=1000, 447=1000, 440=1000, 441=1000, 442=1000, 443=1000, 120=1000, 448=1000, 449=1000, 134=1000, 135=1000, 132=1000, 133=1000, 138=1000, 139=1000, 136=1000, 137=1000, 450=1000, 453=1000, 454=1000, 451=1000, 452=1000, 457=1000, 458=1000, 455=1000, 456=1000, 459=1000, 131=1000, 130=1000, 143=1000, 144=1000, 145=1000, 146=1000, 147=1000, 148=1000, 149=1000, 461=1000, 460=1000, 462=1000, 463=1000, 464=1000, 465=1000, 466=1000, 467=1000, 468=1000, 469=1000, 140=1000, 142=1000, 141=1000, 195=1000, 194=1000, 197=1000, 196=1000, 191=1000, 190=1000, 193=1000, 192=1000, 198=1000, 199=1000, 500=1000, 35=1000, 36=1000, 33=1000, 34=1000, 39=1000, 37=1000, 38=1000, 43=1000, 42=1000, 41=1000, 40=1000, 22=1000, 23=1000, 24=1000, 25=1000, 26=1000, 27=1000, 28=1000, 29=1000, 30=1000, 32=1000, 31=1000, 19=1000, 17=1000, 18=1000, 15=1000, 16=1000, 13=1000, 14=1000, 11=1000, 12=1000, 21=1000, 20=1000, 10=1000, 79=1000, 78=1000, 77=1000, 82=1000, 83=1000, 80=1000, 81=1000, 86=1000, 87=1000, 84=1000, 85=1000, 67=1000, 66=1000, 69=1000, 68=1000, 70=1000, 71=1000, 72=1000, 73=1000, 74=1000, 75=1000, 76=1000, 59=1000, 58=1000, 57=1000, 56=1000, 55=1000, 64=1000, 65=1000, 62=1000, 63=1000, 60=1000, 61=1000, 49=1000, 48=1000, 45=1000, 44=1000, 47=1000, 46=1000, 51=1000, 52=1000, 53=1000, 54=1000, 50=1000, 281=1000, 487=1000, 280=1000, 486=1000, 485=1000, 484=1000, 285=1000, 284=1000, 283=1000, 489=1000, 488=1000, 282=1000, 288=1000, 289=1000, 286=1000, 287=1000, 482=1000, 483=1000, 480=1000, 481=1000, 474=1000, 473=1000, 270=1000, 476=1000, 475=1000, 272=1000, 478=1000, 271=1000, 477=1000, 274=1000, 273=1000, 479=1000, 275=1000, 276=1000, 277=1000, 278=1000, 279=1000, 470=1000, 471=1000, 472=1000, 109=1000, 108=1000, 107=1000, 106=1000, 105=1000, 104=1000, 103=1000, 99=1000, 102=1000, 101=1000, 100=1000, 98=1000, 97=1000, 391=1000, 96=1000, 95=1000, 390=1000, 393=1000, 94=1000, 93=1000, 392=1000, 92=1000, 395=1000, 91=1000, 394=1000, 294=1000, 90=1000, 293=1000, 499=1000, 296=1000, 295=1000, 496=1000, 290=1000, 495=1000, 292=1000, 498=1000, 291=1000, 497=1000, 491=1000, 492=1000, 493=1000, 494=1000, 297=1000, 298=1000, 299=1000, 490=1000, 396=1000, 397=1000, 398=1000, 399=1000, 88=1000, 89=1000, 240=1000, 241=1000, 383=1000, 384=1000, 381=1000, 382=1000, 380=1000, 389=1000, 388=1000, 387=1000, 386=1000, 385=1000, 245=1000, 244=1000, 243=1000, 242=1000, 249=1000, 248=1000, 247=1000, 246=1000, 230=1000, 370=1000, 371=1000, 372=1000, 373=1000, 379=1000, 378=1000, 239=1000, 375=1000, 374=1000, 377=1000, 376=1000, 232=1000, 231=1000, 234=1000, 233=1000, 236=1000, 235=1000, 238=1000, 237=1000, 262=1000, 263=1000, 260=1000, 261=1000, 361=1000, 362=1000, 360=1000, 366=1000, 365=1000, 364=1000, 363=1000, 369=1000, 368=1000, 367=1000, 269=1000, 268=1000, 267=1000, 266=1000, 265=1000, 264=1000, 250=1000, 251=1000, 252=1000, 350=1000, 351=1000, 353=1000, 352=1000, 355=1000, 354=1000, 357=1000, 356=1000, 359=1000, 358=1000, 258=1000, 257=1000, 259=1000, 254=1000, 253=1000, 256=1000, 255=1000}
Number of gene trees: 1000
0 trees have missing taxa
Calculating quartet distance matrix (for completion of X)
Species tree distances calculated ...
Building set of clusters (X) from gene trees 
Using tree-based weight calculation.
Number of Default Clusters: 209595
Number of quartet trees in the gene trees: 2593739061768
calculating extra bipartitions to be added at level 1 ...
Number of Clusters after addition by distance: 209601
Adding to X using resolutions of greedy consensus ...
Threshold 0.0:
polytomy of size 4; rounds with additions with at least 0.01 support: 1; clusters: 209617
Threshold 0.01:
polytomy of size 4; rounds with additions with at least 0.01 support: 0; clusters: 209621
polytomy of size 10; rounds with additions with at least 0.01 support: 1; clusters: 209813
Threshold 0.02:
polytomy of size 18; rounds with additions with at least 0.01 support: 1; clusters: 210515
Threshold 0.05:
polytomy of size 3; rounds with additions with at least 0.01 support: 0; clusters: 210515
polytomy of size 22; rounds with additions with at least 0.01 support: 0; clusters: 210515
Threshold 0.1:
polytomy of size 3; rounds with additions with at least 0.01 support: 0; clusters: 210515
polytomy of size 3; rounds with additions with at least 0.01 support: 0; clusters: 210515
polytomy of size 3; rounds with additions with at least 0.01 support: 0; clusters: 210515
polytomy of size 4; rounds with additions with at least 0.01 support: 0; clusters: 210515
polytomy of size 3; rounds with additions with at least 0.01 support: 0; clusters: 210515
polytomy of size 4; rounds with additions with at least 0.01 support: 0; clusters: 210515
polytomy of size 30; rounds with additions with at least 0.01 support: 0; clusters: 210519
Threshold 0.2:
polytomy of size 3; rounds with additions with at least 0.01 support: 0; clusters: 210519
polytomy of size 4; rounds with additions with at least 0.01 support: 0; clusters: 210519
polytomy of size 3; rounds with additions with at least 0.01 support: 0; clusters: 210519
polytomy of size 6; rounds with additions with at least 0.01 support: 0; clusters: 210519
polytomy of size 6; rounds with additions with at least 0.01 support: 0; clusters: 210519
polytomy of size 3; rounds with additions with at least 0.01 support: 0; clusters: 210519
polytomy of size 5; rounds with additions with at least 0.01 support: 0; clusters: 210519
polytomy of size 5; rounds with additions with at least 0.01 support: 0; clusters: 210519
polytomy of size 5; rounds with additions with at least 0.01 support: 0; clusters: 210519
polytomy of size 4; rounds with additions with at least 0.01 support: 0; clusters: 210519
polytomy of size 4; rounds with additions with at least 0.01 support: 0; clusters: 210519
polytomy of size 5; rounds with additions with at least 0.01 support: 0; clusters: 210519
polytomy of size 3; rounds with additions with at least 0.01 support: 0; clusters: 210519
polytomy of size 4; rounds with additions with at least 0.01 support: 0; clusters: 210519
polytomy of size 4; rounds with additions with at least 0.01 support: 0; clusters: 210519
polytomy of size 4; rounds with additions with at least 0.01 support: 0; clusters: 210519
polytomy of size 4; rounds with additions with at least 0.01 support: 0; clusters: 210519
polytomy of size 5; rounds with additions with at least 0.01 support: 0; clusters: 210519
polytomy of size 3; rounds with additions with at least 0.01 support: 0; clusters: 210519
polytomy of size 4; rounds with additions with at least 0.01 support: 0; clusters: 210519
polytomy of size 4; rounds with additions with at least 0.01 support: 0; clusters: 210519
polytomy of size 51; rounds with additions with at least 0.01 support: 0; clusters: 210519
Threshold 0.3333333333333333:
polytomy of size 4; rounds with additions with at least 0.01 support: 0; clusters: 210519
polytomy of size 3; rounds with additions with at least 0.01 support: 0; clusters: 210519
polytomy of size 3; rounds with additions with at least 0.01 support: 0; clusters: 210519
polytomy of size 3; rounds with additions with at least 0.01 support: 0; clusters: 210519
polytomy of size 3; rounds with additions with at least 0.01 support: 0; clusters: 210519
polytomy of size 5; rounds with additions with at least 0.01 support: 0; clusters: 210519
polytomy of size 6; rounds with additions with at least 0.01 support: 0; clusters: 210519
polytomy of size 3; rounds with additions with at least 0.01 support: 0; clusters: 210519
polytomy of size 3; rounds with additions with at least 0.01 support: 0; clusters: 210519
polytomy of size 3; rounds with additions with at least 0.01 support: 0; clusters: 210519
polytomy of size 3; rounds with additions with at least 0.01 support: 0; clusters: 210519
polytomy of size 3; rounds with additions with at least 0.01 support: 0; clusters: 210519
polytomy of size 4; rounds with additions with at least 0.01 support: 0; clusters: 210519
polytomy of size 8; rounds with additions with at least 0.01 support: 0; clusters: 210521
polytomy of size 3; rounds with additions with at least 0.01 support: 0; clusters: 210521
polytomy of size 5; rounds with additions with at least 0.01 support: 0; clusters: 210521
polytomy of size 7; rounds with additions with at least 0.01 support: 0; clusters: 210521
polytomy of size 8; rounds with additions with at least 0.01 support: 0; clusters: 210527
polytomy of size 4; rounds with additions with at least 0.01 support: 0; clusters: 210527
polytomy of size 4; rounds with additions with at least 0.01 support: 0; clusters: 210527
polytomy of size 4; rounds with additions with at least 0.01 support: 0; clusters: 210527
polytomy of size 3; rounds with additions with at least 0.01 support: 0; clusters: 210527
polytomy of size 6; rounds with additions with at least 0.01 support: 0; clusters: 210527
polytomy of size 3; rounds with additions with at least 0.01 support: 0; clusters: 210527
polytomy of size 3; rounds with additions with at least 0.01 support: 0; clusters: 210527
polytomy of size 7; rounds with additions with at least 0.01 support: 0; clusters: 210527
polytomy of size 114; rounds with additions with at least 0.01 support: 0; clusters: 306197
Number of Clusters after addition by greedy: 306197
partitions formed in 260.312 secs
Dynamic Programming starting after 260.312 secs
Size of largest cluster: 501
Calculated 100000 weights; time (seconds): 1805
Calculated 200000 weights; time (seconds): 1514
Calculated 300000 weights; time (seconds): 1523
Calculated 400000 weights; time (seconds): 1546
Calculated 500000 weights; time (seconds): 1571
Calculated 600000 weights; time (seconds): 1572
Calculated 700000 weights; time (seconds): 1631
Calculated 800000 weights; time (seconds): 1669
Calculated 900000 weights; time (seconds): 1749
Total Number of elements weighted: 927448
Normalized score (portion of input quartet trees satisfied): 0.5884486509778755
Final optimization score: 1526282251886
Optimal tree inferred in 15072.724 secs.
(60,((45,(138,259)),(((285,273),((172,303),(414,219))),(((493,(217,(429,(356,180)))),((304,(358,156)),((380,16),((480,373),(301,(96,46)))))),(316,(((322,(288,(343,487))),(437,((250,34),(312,(352,360))))),((294,((((432,24),(465,((258,344),(274,(364,308))))),((292,(69,200)),((329,401),(44,(133,57))))),((((411,27),(410,91)),((395,236),(422,(168,111)))),((18,(404,193)),((447,500),(8,((463,65),(382,101)))))))),((((118,(194,104)),((110,(412,(396,54))),(((3,(128,(277,279))),((490,(234,148)),((386,125),(187,440)))),((260,(295,376)),((222,464),(192,(((311,257),(131,117)),(403,((199,467),(71,(458,(115,(328,291))))))))))))),((((26,370),(178,(108,((210,5),(85,441))))),((((122,36),(245,(105,165))),((130,347),((409,124),(184,93)))),(((488,(367,147)),(224,(39,362))),((167,314),(466,(((327,433),(42,164)),(88,(139,(269,(86,11)))))))))),(((428,(268,((399,(61,485)),((388,38),(137,434))))),((345,197),((196,(170,(283,(385,227)))),((349,(492,449)),((237,261),((471,(97,377)),(142,(478,9)))))))),(((275,(443,(457,369))),(40,((438,(470,456)),(272,(152,(51,436)))))),(((439,(189,(223,(169,339)))),(((174,248),(321,121)),(333,((43,67),((98,(350,408)),(450,((119,(106,378)),(390,(374,(318,398)))))))))),((109,(((59,417),(144,(177,47))),((12,58),(320,(418,232))))),((289,(391,28)),(393,(136,(((154,185),(271,(357,494))),(253,(419,(92,(230,(416,(64,191)))))))))))))))),(0,((((453,((233,30),(155,469))),((129,(315,407)),((444,286),(247,(355,(483,82)))))),((((359,112),(158,(405,(214,341)))),((372,74),((427,(6,397)),(306,(49,(342,459)))))),(((302,431),(175,126)),((20,287),(293,(((66,249),(481,317)),(368,(205,(346,(239,166)))))))))),((95,(((455,151),(313,336)),(454,((384,426),(79,((146,366),(162,(460,278)))))))),((((392,(282,297)),(((251,(354,482)),((276,468),(307,476))),((284,(225,(477,(334,80)))),((87,(281,(452,(267,186)))),((53,484),(81,((202,(83,50)),(235,(375,498))))))))),((((84,218),((353,246),(179,(153,135)))),((420,(305,207)),(((102,77),((244,421),(70,41))),(424,(116,(132,(331,(31,99)))))))),(((25,(489,21)),((114,451),((141,(198,406)),(242,(15,78))))),((265,(323,(473,(183,32)))),((35,(442,(491,140))),((240,(22,163)),((340,206),(226,(220,37))))))))),(((63,((290,228),(2,255))),(((326,((474,(254,266)),((100,263),(7,(29,(363,445)))))),(((90,330),(241,(68,(229,496)))),((389,(55,173)),((4,332),(435,(23,400)))))),(((365,461),(89,(52,(413,(423,371))))),((182,(309,(((113,394),(402,203)),(325,(107,(475,123)))))),((338,387),(319,((264,211),(479,((324,(425,62)),(212,(195,(150,14)))))))))))),(((13,(361,(145,(120,181)))),(((10,335),(19,310)),(75,(160,(256,161))))),((((300,262),(495,(231,(201,298)))),(((209,379),(243,(143,280))),(((472,176),(208,(299,(103,48)))),((216,(159,134)),((270,448),(221,(17,(415,94)))))))),(((238,(351,1)),(383,(348,296))),((33,(76,(462,(149,486)))),(((215,(497,127)),((381,204),(72,188))),((499,(157,73)),((337,446),((252,190),(171,(430,(56,213))))))))))))))))))))))));
Quartet score is: 1526282251886
Normalized quartet score is: 0.5884486509778755
ASTRAL finished in 15119.116 secs
