
================== ASTRAL ===================== 

This is ASTRAL version 4.10.10
Gene trees are treated as unrooted
1000 trees read from ASTRALDATA/model.50.2000000.0.000001/23/estimatedgenetre.halfresolved
All output trees will be *arbitrarily* rooted at 11

======== Running the main analysis
Number of taxa: 51 (51 species)
Taxa: [11, 35, 47, 27, 16, 38, 43, 10, 6, 14, 2, 1, 20, 41, 40, 9, 0, 23, 31, 46, 15, 25, 33, 13, 4, 44, 18, 22, 39, 29, 45, 5, 8, 12, 3, 30, 26, 37, 34, 7, 50, 24, 49, 48, 32, 17, 19, 36, 28, 21, 42]
Taxon occupancy: {19=1000, 17=1000, 35=1000, 36=1000, 18=1000, 15=1000, 33=1000, 34=1000, 16=1000, 39=1000, 13=1000, 14=1000, 37=1000, 11=1000, 12=1000, 38=1000, 21=1000, 20=1000, 43=1000, 42=1000, 41=1000, 40=1000, 49=1000, 48=1000, 45=1000, 44=1000, 47=1000, 46=1000, 22=1000, 23=1000, 24=1000, 25=1000, 26=1000, 27=1000, 28=1000, 29=1000, 3=1000, 2=1000, 1=1000, 10=1000, 0=1000, 7=1000, 30=1000, 6=1000, 32=1000, 5=1000, 4=1000, 31=1000, 9=1000, 8=1000, 50=1000}
Number of gene trees: 1000
0 trees have missing taxa
Calculating quartet distance matrix (for completion of X)
Species tree distances calculated ...
Building set of clusters (X) from gene trees 
Using tree-based weight calculation.
Number of Default Clusters: 8519
Number of quartet trees in the gene trees: 249834093
calculating extra bipartitions to be added at level 1 ...
Number of Clusters after addition by distance: 8519
Adding to X using resolutions of greedy consensus ...
Threshold 0.0:
Threshold 0.01:
Threshold 0.02:
Threshold 0.05:
Threshold 0.1:
polytomy of size 3; rounds with additions with at least 0.01 support: 0; clusters: 8519
Threshold 0.2:
polytomy of size 5; rounds with additions with at least 0.01 support: 0; clusters: 8519
polytomy of size 4; rounds with additions with at least 0.01 support: 0; clusters: 8519
polytomy of size 3; rounds with additions with at least 0.01 support: 0; clusters: 8519
polytomy of size 4; rounds with additions with at least 0.01 support: 0; clusters: 8519
Threshold 0.3333333333333333:
polytomy of size 6; rounds with additions with at least 0.01 support: 0; clusters: 8519
polytomy of size 7; rounds with additions with at least 0.01 support: 0; clusters: 8519
polytomy of size 4; rounds with additions with at least 0.01 support: 0; clusters: 8519
polytomy of size 3; rounds with additions with at least 0.01 support: 0; clusters: 8519
polytomy of size 3; rounds with additions with at least 0.01 support: 0; clusters: 8519
polytomy of size 5; rounds with additions with at least 0.01 support: 0; clusters: 8519
polytomy of size 3; rounds with additions with at least 0.01 support: 0; clusters: 8519
Number of Clusters after addition by greedy: 8519
partitions formed in 3.717 secs
Dynamic Programming starting after 3.717 secs
Size of largest cluster: 51
Total Number of elements weighted: 45358
Normalized score (portion of input quartet trees satisfied): 0.8481704256432288
Final optimization score: 211901889
Optimal tree inferred in 73.908 secs.
(6,(47,((27,((43,10),(16,38))),((14,(2,1)),((0,((12,(3,30)),((5,(45,(22,(39,(18,29))))),(8,((13,4),(44,((46,15),((31,25),(23,33))))))))),(((20,(41,(40,9))),(26,((7,50),(37,(34,24))))),((49,(32,(48,17))),(19,(36,(35,((28,42),(11,21))))))))))));
Quartet score is: 211901889
Normalized quartet score is: 0.8481704256432288
ASTRAL finished in 75.017 secs
