
================== ASTRAL ===================== 

This is ASTRAL version 4.10.8
Gene trees are treated as unrooted
1000 trees read from ASTRALDATA/model.1000.2000000.0.000001/12/estimatedgenetre.halfresolved
All outputted trees will be *arbitrarily* rooted at 699

======== Running the main analysis
Number of taxa: 1001 (1001 species)
Taxa: [699, 391, 181, 286, 418, 784, 635, 951, 117, 283, 695, 408, 295, 602, 361, 83, 600, 459, 297, 846, 911, 655, 589, 727, 733, 214, 756, 323, 633, 447, 662, 647, 47, 65, 106, 964, 928, 366, 824, 873, 950, 230, 218, 122, 896, 308, 789, 852, 771, 42, 119, 466, 114, 50, 858, 129, 995, 325, 273, 449, 70, 818, 263, 573, 458, 866, 746, 383, 373, 793, 465, 179, 284, 681, 299, 2, 777, 705, 682, 665, 363, 25, 375, 675, 723, 278, 693, 549, 986, 461, 587, 5, 395, 827, 886, 692, 252, 339, 259, 250, 529, 526, 508, 4, 140, 790, 861, 202, 974, 192, 390, 594, 637, 599, 245, 750, 298, 630, 829, 822, 158, 90, 504, 701, 925, 908, 615, 782, 519, 553, 752, 222, 754, 884, 636, 737, 559, 57, 683, 812, 874, 776, 483, 300, 582, 92, 1, 0, 676, 586, 714, 180, 381, 18, 132, 196, 347, 568, 32, 304, 242, 772, 305, 33, 607, 536, 538, 380, 415, 961, 855, 988, 107, 902, 960, 631, 748, 354, 815, 442, 863, 523, 766, 310, 546, 803, 580, 1000, 724, 823, 243, 475, 195, 977, 463, 907, 975, 944, 719, 204, 895, 882, 595, 377, 282, 244, 751, 456, 340, 413, 319, 938, 505, 102, 808, 40, 271, 706, 972, 190, 942, 802, 276, 994, 905, 563, 571, 755, 421, 320, 933, 210, 359, 596, 704, 53, 544, 285, 56, 358, 499, 462, 742, 835, 838, 913, 269, 416, 495, 761, 175, 936, 480, 805, 601, 239, 915, 155, 200, 566, 894, 338, 678, 14, 301, 643, 89, 848, 584, 431, 22, 892, 634, 296, 423, 707, 110, 865, 21, 357, 921, 891, 264, 712, 837, 478, 489, 708, 392, 871, 888, 396, 512, 757, 258, 362, 454, 797, 998, 516, 717, 487, 330, 138, 184, 904, 188, 671, 385, 684, 294, 828, 903, 927, 424, 261, 402, 139, 51, 577, 439, 845, 453, 608, 547, 126, 609, 419, 344, 66, 88, 427, 786, 76, 131, 941, 557, 164, 821, 856, 698, 728, 954, 887, 86, 260, 739, 34, 851, 801, 209, 880, 555, 518, 947, 735, 328, 501, 212, 758, 226, 948, 860, 109, 386, 668, 315, 929, 870, 38, 651, 193, 804, 44, 813, 77, 674, 744, 13, 481, 945, 289, 389, 49, 779, 999, 468, 313, 476, 3, 253, 36, 24, 640, 922, 382, 492, 545, 490, 703, 981, 455, 369, 232, 569, 247, 773, 958, 574, 303, 623, 406, 689, 775, 770, 660, 372, 841, 740, 842, 384, 448, 84, 334, 356, 182, 194, 543, 620, 248, 541, 254, 148, 108, 980, 564, 135, 810, 548, 324, 477, 146, 534, 314, 417, 470, 522, 603, 575, 240, 694, 128, 10, 843, 857, 166, 317, 272, 528, 52, 604, 833, 834, 639, 292, 288, 352, 890, 488, 749, 207, 645, 920, 688, 738, 507, 862, 957, 228, 918, 768, 506, 836, 552, 187, 906, 939, 629, 388, 791, 428, 910, 191, 730, 621, 235, 670, 590, 120, 844, 985, 610, 403, 579, 648, 879, 343, 387, 767, 133, 15, 326, 404, 367, 236, 531, 853, 725, 585, 562, 157, 901, 820, 67, 329, 270, 687, 991, 125, 217, 360, 685, 878, 799, 937, 527, 16, 55, 177, 368, 715, 251, 514, 666, 697, 197, 989, 39, 85, 267, 307, 198, 290, 572, 978, 312, 624, 407, 840, 916, 434, 293, 473, 220, 206, 233, 401, 471, 61, 652, 510, 365, 441, 154, 931, 211, 785, 121, 279, 262, 213, 71, 914, 162, 409, 399, 238, 612, 151, 174, 912, 642, 35, 537, 280, 137, 656, 112, 249, 795, 680, 661, 982, 996, 530, 48, 255, 524, 322, 113, 606, 99, 118, 147, 987, 438, 962, 868, 171, 825, 664, 265, 316, 176, 229, 963, 576, 460, 104, 497, 646, 149, 953, 93, 617, 605, 464, 819, 103, 780, 627, 839, 720, 743, 969, 231, 710, 60, 353, 718, 638, 186, 153, 221, 223, 809, 763, 672, 393, 414, 700, 100, 556, 517, 355, 172, 9, 897, 971, 291, 893, 734, 165, 170, 410, 80, 923, 626, 641, 898, 716, 472, 31, 46, 20, 37, 628, 302, 160, 934, 482, 364, 426, 554, 581, 917, 721, 144, 29, 87, 691, 411, 19, 496, 435, 467, 432, 178, 831, 798, 205, 949, 760, 474, 394, 502, 667, 437, 227, 486, 877, 800, 532, 430, 281, 72, 787, 650, 123, 736, 690, 561, 611, 997, 806, 932, 124, 832, 105, 335, 686, 12, 513, 436, 82, 136, 183, 8, 540, 741, 115, 659, 591, 331, 246, 967, 58, 765, 593, 535, 173, 203, 266, 370, 234, 864, 199, 854, 351, 493, 814, 847, 747, 713, 91, 679, 405, 484, 94, 45, 79, 762, 658, 759, 578, 992, 11, 167, 973, 156, 955, 306, 560, 28, 275, 420, 876, 830, 241, 64, 256, 63, 919, 68, 341, 98, 792, 788, 30, 598, 433, 345, 622, 807, 753, 551, 885, 336, 625, 7, 350, 509, 542, 875, 597, 422, 515, 979, 859, 811, 983, 143, 321, 796, 327, 940, 677, 565, 984, 201, 26, 696, 116, 567, 163, 95, 457, 78, 111, 349, 348, 503, 673, 970, 17, 274, 613, 570, 990, 371, 702, 215, 398, 479, 722, 872, 397, 968, 588, 485, 169, 75, 337, 709, 993, 783, 930, 550, 443, 649, 726, 745, 237, 318, 159, 145, 491, 333, 446, 926, 150, 867, 69, 900, 208, 134, 311, 558, 342, 451, 43, 141, 952, 976, 794, 539, 444, 732, 924, 616, 946, 769, 440, 521, 429, 225, 101, 583, 778, 62, 956, 309, 257, 899, 379, 826, 96, 27, 452, 966, 644, 185, 189, 619, 6, 731, 883, 525, 764, 959, 592, 511, 849, 614, 729, 816, 73, 498, 268, 774, 374, 469, 59, 663, 632, 161, 965, 500, 376, 216, 54, 412, 168, 287, 450, 74, 127, 277, 224, 425, 41, 657, 520, 97, 618, 943, 142, 881, 654, 817, 445, 889, 219, 850, 400, 23, 653, 332, 669, 346, 935, 152, 869, 494, 781, 81, 130, 533, 909, 378, 711]
Taxon occupancy: {338=1000, 339=1000, 941=1000, 942=1000, 940=1000, 332=1000, 945=1000, 946=1000, 333=1000, 943=1000, 330=1000, 944=1000, 331=1000, 336=1000, 949=1000, 337=1000, 947=1000, 334=1000, 948=1000, 335=1000, 748=1000, 531=1000, 747=1000, 530=1000, 746=1000, 745=1000, 535=1000, 534=1000, 533=1000, 749=1000, 532=1000, 539=1000, 740=1000, 538=1000, 537=1000, 536=1000, 744=1000, 743=1000, 742=1000, 741=1000, 349=1000, 930=1000, 931=1000, 341=1000, 932=1000, 342=1000, 933=1000, 343=1000, 934=1000, 935=1000, 344=1000, 345=1000, 936=1000, 346=1000, 937=1000, 938=1000, 347=1000, 348=1000, 939=1000, 735=1000, 3=1000, 540=1000, 929=1000, 2=1000, 734=1000, 542=1000, 737=1000, 1=1000, 0=1000, 541=1000, 736=1000, 7=1000, 739=1000, 544=1000, 6=1000, 543=1000, 738=1000, 340=1000, 5=1000, 546=1000, 4=1000, 545=1000, 548=1000, 547=1000, 9=1000, 549=1000, 8=1000, 731=1000, 730=1000, 733=1000, 732=1000, 920=1000, 318=1000, 319=1000, 316=1000, 317=1000, 927=1000, 314=1000, 315=1000, 928=1000, 925=1000, 312=1000, 926=1000, 313=1000, 310=1000, 923=1000, 924=1000, 311=1000, 921=1000, 922=1000, 513=1000, 729=1000, 512=1000, 511=1000, 728=1000, 727=1000, 510=1000, 726=1000, 725=1000, 919=1000, 724=1000, 723=1000, 918=1000, 722=1000, 721=1000, 519=1000, 720=1000, 518=1000, 517=1000, 516=1000, 515=1000, 514=1000, 327=1000, 328=1000, 329=1000, 323=1000, 914=1000, 915=1000, 324=1000, 325=1000, 916=1000, 326=1000, 917=1000, 709=1000, 910=1000, 320=1000, 911=1000, 321=1000, 912=1000, 913=1000, 322=1000, 717=1000, 522=1000, 521=1000, 716=1000, 719=1000, 524=1000, 523=1000, 718=1000, 713=1000, 908=1000, 712=1000, 907=1000, 520=1000, 715=1000, 909=1000, 714=1000, 529=1000, 711=1000, 710=1000, 526=1000, 525=1000, 528=1000, 527=1000, 989=1000, 988=1000, 987=1000, 571=1000, 570=1000, 982=1000, 981=1000, 980=1000, 986=1000, 985=1000, 984=1000, 983=1000, 700=1000, 703=1000, 574=1000, 704=1000, 575=1000, 701=1000, 572=1000, 702=1000, 573=1000, 578=1000, 707=1000, 708=1000, 579=1000, 705=1000, 576=1000, 577=1000, 706=1000, 977=1000, 976=1000, 979=1000, 300=1000, 978=1000, 580=1000, 302=1000, 301=1000, 582=1000, 304=1000, 303=1000, 581=1000, 306=1000, 305=1000, 308=1000, 971=1000, 970=1000, 307=1000, 973=1000, 309=1000, 972=1000, 975=1000, 974=1000, 583=1000, 584=1000, 585=1000, 586=1000, 587=1000, 588=1000, 589=1000, 969=1000, 968=1000, 967=1000, 966=1000, 965=1000, 964=1000, 963=1000, 962=1000, 961=1000, 960=1000, 558=1000, 559=1000, 556=1000, 557=1000, 554=1000, 555=1000, 552=1000, 553=1000, 550=1000, 551=1000, 959=1000, 958=1000, 560=1000, 955=1000, 954=1000, 957=1000, 956=1000, 951=1000, 950=1000, 953=1000, 952=1000, 569=1000, 565=1000, 566=1000, 567=1000, 568=1000, 561=1000, 562=1000, 563=1000, 564=1000, 799=1000, 798=1000, 797=1000, 796=1000, 795=1000, 794=1000, 793=1000, 792=1000, 790=1000, 996=1000, 791=1000, 997=1000, 994=1000, 995=1000, 992=1000, 993=1000, 990=1000, 991=1000, 998=1000, 999=1000, 781=1000, 782=1000, 783=1000, 784=1000, 785=1000, 786=1000, 787=1000, 788=1000, 789=1000, 780=1000, 505=1000, 772=1000, 773=1000, 506=1000, 503=1000, 770=1000, 771=1000, 504=1000, 509=1000, 776=1000, 777=1000, 774=1000, 507=1000, 508=1000, 775=1000, 778=1000, 779=1000, 501=1000, 502=1000, 500=1000, 763=1000, 764=1000, 765=1000, 766=1000, 760=1000, 761=1000, 762=1000, 767=1000, 768=1000, 769=1000, 754=1000, 755=1000, 752=1000, 753=1000, 750=1000, 751=1000, 758=1000, 759=1000, 756=1000, 757=1000, 595=1000, 594=1000, 597=1000, 391=1000, 596=1000, 390=1000, 599=1000, 393=1000, 598=1000, 392=1000, 395=1000, 394=1000, 396=1000, 397=1000, 398=1000, 399=1000, 590=1000, 591=1000, 592=1000, 593=1000, 383=1000, 384=1000, 381=1000, 382=1000, 380=1000, 389=1000, 388=1000, 387=1000, 386=1000, 385=1000, 370=1000, 371=1000, 372=1000, 373=1000, 379=1000, 378=1000, 375=1000, 374=1000, 377=1000, 376=1000, 361=1000, 362=1000, 360=1000, 366=1000, 365=1000, 364=1000, 363=1000, 369=1000, 368=1000, 367=1000, 350=1000, 351=1000, 353=1000, 352=1000, 355=1000, 354=1000, 357=1000, 356=1000, 359=1000, 358=1000, 806=1000, 807=1000, 804=1000, 805=1000, 802=1000, 803=1000, 800=1000, 801=1000, 159=1000, 158=1000, 157=1000, 156=1000, 155=1000, 154=1000, 152=1000, 601=1000, 600=1000, 153=1000, 150=1000, 151=1000, 609=1000, 608=1000, 607=1000, 606=1000, 605=1000, 604=1000, 603=1000, 602=1000, 202=1000, 203=1000, 204=1000, 205=1000, 200=1000, 201=1000, 169=1000, 166=1000, 206=1000, 207=1000, 165=1000, 168=1000, 208=1000, 167=1000, 209=1000, 161=1000, 409=1000, 408=1000, 162=1000, 163=1000, 164=1000, 405=1000, 404=1000, 407=1000, 406=1000, 160=1000, 401=1000, 400=1000, 403=1000, 402=1000, 824=1000, 211=1000, 212=1000, 825=1000, 822=1000, 210=1000, 823=1000, 215=1000, 828=1000, 216=1000, 829=1000, 826=1000, 213=1000, 827=1000, 214=1000, 219=1000, 179=1000, 178=1000, 217=1000, 177=1000, 218=1000, 176=1000, 820=1000, 821=1000, 418=1000, 170=1000, 417=1000, 171=1000, 416=1000, 415=1000, 623=1000, 174=1000, 622=1000, 175=1000, 621=1000, 172=1000, 419=1000, 620=1000, 173=1000, 627=1000, 410=1000, 626=1000, 625=1000, 624=1000, 819=1000, 414=1000, 413=1000, 412=1000, 629=1000, 628=1000, 411=1000, 811=1000, 220=1000, 812=1000, 221=1000, 813=1000, 222=1000, 814=1000, 223=1000, 224=1000, 815=1000, 816=1000, 225=1000, 817=1000, 226=1000, 818=1000, 227=1000, 188=1000, 228=1000, 187=1000, 229=1000, 189=1000, 810=1000, 427=1000, 180=1000, 426=1000, 429=1000, 181=1000, 182=1000, 428=1000, 610=1000, 183=1000, 184=1000, 185=1000, 612=1000, 186=1000, 611=1000, 614=1000, 809=1000, 613=1000, 808=1000, 616=1000, 421=1000, 420=1000, 615=1000, 618=1000, 423=1000, 422=1000, 617=1000, 425=1000, 619=1000, 424=1000, 116=1000, 843=1000, 117=1000, 842=1000, 114=1000, 841=1000, 840=1000, 115=1000, 112=1000, 113=1000, 110=1000, 111=1000, 849=1000, 848=1000, 847=1000, 846=1000, 845=1000, 118=1000, 119=1000, 844=1000, 435=1000, 436=1000, 433=1000, 434=1000, 431=1000, 432=1000, 430=1000, 439=1000, 437=1000, 438=1000, 830=1000, 125=1000, 126=1000, 127=1000, 832=1000, 128=1000, 831=1000, 121=1000, 122=1000, 123=1000, 124=1000, 838=1000, 837=1000, 839=1000, 129=1000, 834=1000, 833=1000, 836=1000, 835=1000, 444=1000, 445=1000, 446=1000, 447=1000, 440=1000, 441=1000, 442=1000, 443=1000, 120=1000, 448=1000, 449=1000, 134=1000, 861=1000, 860=1000, 135=1000, 132=1000, 133=1000, 138=1000, 865=1000, 139=1000, 864=1000, 863=1000, 136=1000, 862=1000, 137=1000, 869=1000, 868=1000, 867=1000, 866=1000, 450=1000, 453=1000, 454=1000, 451=1000, 452=1000, 457=1000, 458=1000, 455=1000, 456=1000, 459=1000, 131=1000, 130=1000, 143=1000, 144=1000, 850=1000, 145=1000, 146=1000, 852=1000, 147=1000, 851=1000, 148=1000, 149=1000, 854=1000, 853=1000, 856=1000, 855=1000, 858=1000, 857=1000, 859=1000, 461=1000, 460=1000, 462=1000, 463=1000, 464=1000, 465=1000, 466=1000, 467=1000, 468=1000, 469=1000, 140=1000, 142=1000, 141=1000, 687=1000, 686=1000, 689=1000, 688=1000, 683=1000, 682=1000, 685=1000, 684=1000, 888=1000, 889=1000, 884=1000, 885=1000, 886=1000, 680=1000, 887=1000, 681=1000, 880=1000, 881=1000, 882=1000, 883=1000, 678=1000, 677=1000, 676=1000, 675=1000, 674=1000, 673=1000, 672=1000, 671=1000, 679=1000, 879=1000, 877=1000, 878=1000, 875=1000, 876=1000, 670=1000, 873=1000, 874=1000, 871=1000, 872=1000, 870=1000, 696=1000, 695=1000, 694=1000, 693=1000, 890=1000, 699=1000, 698=1000, 697=1000, 899=1000, 893=1000, 894=1000, 891=1000, 892=1000, 897=1000, 691=1000, 692=1000, 898=1000, 895=1000, 896=1000, 690=1000, 646=1000, 647=1000, 648=1000, 649=1000, 195=1000, 642=1000, 643=1000, 194=1000, 644=1000, 197=1000, 196=1000, 645=1000, 191=1000, 190=1000, 193=1000, 640=1000, 192=1000, 641=1000, 198=1000, 199=1000, 639=1000, 637=1000, 638=1000, 635=1000, 636=1000, 633=1000, 634=1000, 631=1000, 632=1000, 630=1000, 668=1000, 669=1000, 660=1000, 661=1000, 662=1000, 663=1000, 664=1000, 665=1000, 666=1000, 667=1000, 659=1000, 657=1000, 658=1000, 651=1000, 652=1000, 650=1000, 655=1000, 656=1000, 653=1000, 654=1000, 35=1000, 36=1000, 33=1000, 34=1000, 39=1000, 37=1000, 38=1000, 43=1000, 42=1000, 41=1000, 40=1000, 22=1000, 23=1000, 24=1000, 25=1000, 26=1000, 27=1000, 28=1000, 29=1000, 30=1000, 32=1000, 31=1000, 19=1000, 17=1000, 18=1000, 15=1000, 16=1000, 13=1000, 14=1000, 11=1000, 12=1000, 21=1000, 20=1000, 10=1000, 79=1000, 78=1000, 77=1000, 82=1000, 83=1000, 80=1000, 81=1000, 86=1000, 87=1000, 84=1000, 85=1000, 67=1000, 66=1000, 69=1000, 68=1000, 70=1000, 71=1000, 72=1000, 73=1000, 74=1000, 75=1000, 76=1000, 59=1000, 58=1000, 57=1000, 56=1000, 55=1000, 64=1000, 65=1000, 62=1000, 63=1000, 60=1000, 61=1000, 49=1000, 48=1000, 45=1000, 44=1000, 47=1000, 46=1000, 51=1000, 52=1000, 53=1000, 54=1000, 50=1000, 487=1000, 281=1000, 280=1000, 486=1000, 485=1000, 484=1000, 285=1000, 284=1000, 489=1000, 283=1000, 282=1000, 488=1000, 288=1000, 289=1000, 286=1000, 287=1000, 482=1000, 483=1000, 480=1000, 481=1000, 474=1000, 473=1000, 476=1000, 270=1000, 475=1000, 478=1000, 272=1000, 271=1000, 477=1000, 274=1000, 479=1000, 273=1000, 275=1000, 276=1000, 277=1000, 278=1000, 279=1000, 470=1000, 471=1000, 472=1000, 1000=1000, 109=1000, 108=1000, 107=1000, 106=1000, 105=1000, 104=1000, 103=1000, 102=1000, 99=1000, 101=1000, 100=1000, 98=1000, 97=1000, 96=1000, 95=1000, 94=1000, 93=1000, 92=1000, 91=1000, 294=1000, 90=1000, 499=1000, 293=1000, 296=1000, 295=1000, 290=1000, 496=1000, 495=1000, 498=1000, 292=1000, 497=1000, 291=1000, 491=1000, 492=1000, 493=1000, 494=1000, 297=1000, 298=1000, 299=1000, 490=1000, 88=1000, 89=1000, 240=1000, 241=1000, 245=1000, 244=1000, 243=1000, 242=1000, 249=1000, 248=1000, 247=1000, 246=1000, 230=1000, 239=1000, 232=1000, 231=1000, 234=1000, 233=1000, 236=1000, 235=1000, 238=1000, 237=1000, 262=1000, 263=1000, 260=1000, 261=1000, 269=1000, 268=1000, 267=1000, 266=1000, 265=1000, 264=1000, 250=1000, 251=1000, 252=1000, 904=1000, 258=1000, 257=1000, 903=1000, 906=1000, 905=1000, 259=1000, 900=1000, 254=1000, 253=1000, 256=1000, 902=1000, 901=1000, 255=1000}
Number of gene trees: 1000
0 trees have missing taxa
Calculating quartet distance matrix (for completion of X)
Species tree distances calculated ...
Building set of clusters (X) from gene trees 
Using tree-based weight calculation.
Number of Default Clusters: 255143
Number of quartet trees in the gene trees: 41583259683854
calculating extra bipartitions to be added at level 1 ...
Number of Clusters after addition by distance: 255161
Adding to X using resolutions of greedy consensus ...
Threshold 0.0:
polytomy of size 3; rounds with additions with at least 0.01 support: 1; clusters: 255165
polytomy of size 6; rounds with additions with at least 0.01 support: 5; clusters: 255243
Threshold 0.01:
polytomy of size 20; rounds with additions with at least 0.01 support: 3; clusters: 256147
Threshold 0.02:
polytomy of size 22; rounds with additions with at least 0.01 support: 3; clusters: 256819
Threshold 0.05:
polytomy of size 6; rounds with additions with at least 0.01 support: 0; clusters: 256819
polytomy of size 3; rounds with additions with at least 0.01 support: 0; clusters: 256819
polytomy of size 3; rounds with additions with at least 0.01 support: 0; clusters: 256819
polytomy of size 4; rounds with additions with at least 0.01 support: 0; clusters: 256819
polytomy of size 30; rounds with additions with at least 0.01 support: 1; clusters: 256845
Threshold 0.1:
polytomy of size 3; rounds with additions with at least 0.01 support: 0; clusters: 256845
polytomy of size 6; rounds with additions with at least 0.01 support: 0; clusters: 256845
polytomy of size 3; rounds with additions with at least 0.01 support: 0; clusters: 256845
polytomy of size 4; rounds with additions with at least 0.01 support: 0; clusters: 256845
polytomy of size 4; rounds with additions with at least 0.01 support: 0; clusters: 256845
polytomy of size 5; rounds with additions with at least 0.01 support: 0; clusters: 256845
polytomy of size 8; rounds with additions with at least 0.01 support: 0; clusters: 256845
polytomy of size 3; rounds with additions with at least 0.01 support: 0; clusters: 256845
polytomy of size 3; rounds with additions with at least 0.01 support: 0; clusters: 256845
polytomy of size 44; rounds with additions with at least 0.01 support: 0; clusters: 256915
Threshold 0.2:
polytomy of size 3; rounds with additions with at least 0.01 support: 0; clusters: 256915
polytomy of size 3; rounds with additions with at least 0.01 support: 0; clusters: 256915
polytomy of size 3; rounds with additions with at least 0.01 support: 0; clusters: 256915
polytomy of size 4; rounds with additions with at least 0.01 support: 0; clusters: 256915
polytomy of size 9; rounds with additions with at least 0.01 support: 0; clusters: 256915
polytomy of size 3; rounds with additions with at least 0.01 support: 0; clusters: 256915
polytomy of size 3; rounds with additions with at least 0.01 support: 0; clusters: 256915
polytomy of size 3; rounds with additions with at least 0.01 support: 0; clusters: 256915
polytomy of size 5; rounds with additions with at least 0.01 support: 0; clusters: 256915
polytomy of size 3; rounds with additions with at least 0.01 support: 0; clusters: 256915
polytomy of size 3; rounds with additions with at least 0.01 support: 0; clusters: 256915
polytomy of size 4; rounds with additions with at least 0.01 support: 0; clusters: 256915
polytomy of size 4; rounds with additions with at least 0.01 support: 0; clusters: 256915
polytomy of size 6; rounds with additions with at least 0.01 support: 0; clusters: 256915
polytomy of size 3; rounds with additions with at least 0.01 support: 0; clusters: 256915
polytomy of size 3; rounds with additions with at least 0.01 support: 0; clusters: 256915
polytomy of size 7; rounds with additions with at least 0.01 support: 0; clusters: 256915
polytomy of size 3; rounds with additions with at least 0.01 support: 0; clusters: 256915
polytomy of size 3; rounds with additions with at least 0.01 support: 0; clusters: 256915
polytomy of size 4; rounds with additions with at least 0.01 support: 0; clusters: 256915
polytomy of size 3; rounds with additions with at least 0.01 support: 0; clusters: 256915
polytomy of size 3; rounds with additions with at least 0.01 support: 0; clusters: 256915
polytomy of size 5; rounds with additions with at least 0.01 support: 0; clusters: 256915
polytomy of size 3; rounds with additions with at least 0.01 support: 0; clusters: 256915
polytomy of size 5; rounds with additions with at least 0.01 support: 0; clusters: 256915
polytomy of size 6; rounds with additions with at least 0.01 support: 0; clusters: 256915
polytomy of size 5; rounds with additions with at least 0.01 support: 0; clusters: 256915
polytomy of size 3; rounds with additions with at least 0.01 support: 0; clusters: 256915
polytomy of size 3; rounds with additions with at least 0.01 support: 0; clusters: 256915
polytomy of size 5; rounds with additions with at least 0.01 support: 0; clusters: 256915
polytomy of size 4; rounds with additions with at least 0.01 support: 0; clusters: 256915
polytomy of size 3; rounds with additions with at least 0.01 support: 0; clusters: 256915
polytomy of size 64; rounds with additions with at least 0.01 support: 0; clusters: 256937
Threshold 0.3333333333333333:
polytomy of size 3; rounds with additions with at least 0.01 support: 0; clusters: 256937
polytomy of size 5; rounds with additions with at least 0.01 support: 0; clusters: 256937
polytomy of size 5; rounds with additions with at least 0.01 support: 0; clusters: 256937
polytomy of size 3; rounds with additions with at least 0.01 support: 0; clusters: 256937
polytomy of size 3; rounds with additions with at least 0.01 support: 0; clusters: 256937
polytomy of size 4; rounds with additions with at least 0.01 support: 0; clusters: 256937
polytomy of size 3; rounds with additions with at least 0.01 support: 0; clusters: 256937
polytomy of size 3; rounds with additions with at least 0.01 support: 0; clusters: 256937
polytomy of size 4; rounds with additions with at least 0.01 support: 0; clusters: 256937
polytomy of size 3; rounds with additions with at least 0.01 support: 0; clusters: 256937
polytomy of size 4; rounds with additions with at least 0.01 support: 0; clusters: 256937
polytomy of size 4; rounds with additions with at least 0.01 support: 0; clusters: 256937
polytomy of size 3; rounds with additions with at least 0.01 support: 0; clusters: 256937
polytomy of size 4; rounds with additions with at least 0.01 support: 0; clusters: 256937
polytomy of size 3; rounds with additions with at least 0.01 support: 0; clusters: 256937
polytomy of size 4; rounds with additions with at least 0.01 support: 0; clusters: 256937
polytomy of size 3; rounds with additions with at least 0.01 support: 0; clusters: 256937
polytomy of size 3; rounds with additions with at least 0.01 support: 0; clusters: 256937
polytomy of size 3; rounds with additions with at least 0.01 support: 0; clusters: 256937
polytomy of size 3; rounds with additions with at least 0.01 support: 0; clusters: 256937
polytomy of size 3; rounds with additions with at least 0.01 support: 0; clusters: 256937
polytomy of size 3; rounds with additions with at least 0.01 support: 0; clusters: 256937
polytomy of size 4; rounds with additions with at least 0.01 support: 0; clusters: 256937
polytomy of size 6; rounds with additions with at least 0.01 support: 0; clusters: 256937
polytomy of size 3; rounds with additions with at least 0.01 support: 0; clusters: 256937
polytomy of size 3; rounds with additions with at least 0.01 support: 0; clusters: 256937
polytomy of size 3; rounds with additions with at least 0.01 support: 0; clusters: 256937
polytomy of size 5; rounds with additions with at least 0.01 support: 0; clusters: 256937
polytomy of size 3; rounds with additions with at least 0.01 support: 0; clusters: 256937
polytomy of size 3; rounds with additions with at least 0.01 support: 0; clusters: 256937
polytomy of size 10; rounds with additions with at least 0.01 support: 0; clusters: 257029
polytomy of size 4; rounds with additions with at least 0.01 support: 0; clusters: 257029
polytomy of size 3; rounds with additions with at least 0.01 support: 0; clusters: 257029
polytomy of size 3; rounds with additions with at least 0.01 support: 0; clusters: 257029
polytomy of size 4; rounds with additions with at least 0.01 support: 0; clusters: 257029
polytomy of size 4; rounds with additions with at least 0.01 support: 0; clusters: 257029
polytomy of size 3; rounds with additions with at least 0.01 support: 0; clusters: 257029
polytomy of size 3; rounds with additions with at least 0.01 support: 0; clusters: 257029
polytomy of size 3; rounds with additions with at least 0.01 support: 0; clusters: 257029
polytomy of size 3; rounds with additions with at least 0.01 support: 0; clusters: 257029
polytomy of size 3; rounds with additions with at least 0.01 support: 0; clusters: 257029
polytomy of size 3; rounds with additions with at least 0.01 support: 0; clusters: 257029
polytomy of size 6; rounds with additions with at least 0.01 support: 0; clusters: 257029
polytomy of size 3; rounds with additions with at least 0.01 support: 0; clusters: 257029
polytomy of size 3; rounds with additions with at least 0.01 support: 0; clusters: 257029
polytomy of size 3; rounds with additions with at least 0.01 support: 0; clusters: 257029
polytomy of size 3; rounds with additions with at least 0.01 support: 0; clusters: 257029
polytomy of size 5; rounds with additions with at least 0.01 support: 0; clusters: 257029
polytomy of size 4; rounds with additions with at least 0.01 support: 0; clusters: 257029
polytomy of size 3; rounds with additions with at least 0.01 support: 0; clusters: 257029
polytomy of size 3; rounds with additions with at least 0.01 support: 0; clusters: 257029
polytomy of size 7; rounds with additions with at least 0.01 support: 0; clusters: 257029
polytomy of size 4; rounds with additions with at least 0.01 support: 0; clusters: 257029
polytomy of size 4; rounds with additions with at least 0.01 support: 0; clusters: 257029
polytomy of size 3; rounds with additions with at least 0.01 support: 0; clusters: 257029
polytomy of size 4; rounds with additions with at least 0.01 support: 0; clusters: 257029
polytomy of size 4; rounds with additions with at least 0.01 support: 0; clusters: 257029
polytomy of size 4; rounds with additions with at least 0.01 support: 0; clusters: 257029
polytomy of size 3; rounds with additions with at least 0.01 support: 0; clusters: 257029
polytomy of size 5; rounds with additions with at least 0.01 support: 0; clusters: 257029
polytomy of size 3; rounds with additions with at least 0.01 support: 0; clusters: 257029
polytomy of size 3; rounds with additions with at least 0.01 support: 0; clusters: 257029
polytomy of size 4; rounds with additions with at least 0.01 support: 0; clusters: 257029
polytomy of size 3; rounds with additions with at least 0.01 support: 0; clusters: 257029
polytomy of size 3; rounds with additions with at least 0.01 support: 0; clusters: 257029
polytomy of size 4; rounds with additions with at least 0.01 support: 0; clusters: 257029
polytomy of size 3; rounds with additions with at least 0.01 support: 0; clusters: 257029
polytomy of size 7; rounds with additions with at least 0.01 support: 0; clusters: 257029
polytomy of size 3; rounds with additions with at least 0.01 support: 0; clusters: 257029
polytomy of size 3; rounds with additions with at least 0.01 support: 0; clusters: 257029
polytomy of size 19; rounds with additions with at least 0.01 support: 0; clusters: 257733
polytomy of size 3; rounds with additions with at least 0.01 support: 0; clusters: 257733
polytomy of size 3; rounds with additions with at least 0.01 support: 0; clusters: 257733
polytomy of size 3; rounds with additions with at least 0.01 support: 0; clusters: 257733
polytomy of size 3; rounds with additions with at least 0.01 support: 0; clusters: 257733
polytomy of size 3; rounds with additions with at least 0.01 support: 0; clusters: 257733
polytomy of size 3; rounds with additions with at least 0.01 support: 0; clusters: 257733
polytomy of size 4; rounds with additions with at least 0.01 support: 0; clusters: 257733
polytomy of size 5; rounds with additions with at least 0.01 support: 0; clusters: 257733
polytomy of size 3; rounds with additions with at least 0.01 support: 0; clusters: 257733
polytomy of size 4; rounds with additions with at least 0.01 support: 0; clusters: 257733
polytomy of size 3; rounds with additions with at least 0.01 support: 0; clusters: 257733
polytomy of size 3; rounds with additions with at least 0.01 support: 0; clusters: 257733
polytomy of size 3; rounds with additions with at least 0.01 support: 0; clusters: 257733
polytomy of size 4; rounds with additions with at least 0.01 support: 0; clusters: 257733
polytomy of size 3; rounds with additions with at least 0.01 support: 0; clusters: 257733
polytomy of size 4; rounds with additions with at least 0.01 support: 0; clusters: 257733
polytomy of size 4; rounds with additions with at least 0.01 support: 0; clusters: 257733
polytomy of size 4; rounds with additions with at least 0.01 support: 0; clusters: 257733
polytomy of size 7; rounds with additions with at least 0.01 support: 0; clusters: 257733
polytomy of size 6; rounds with additions with at least 0.01 support: 0; clusters: 257733
polytomy of size 94; rounds with additions with at least 0.01 support: 0; clusters: 297739
polytomy of size 3; rounds with additions with at least 0.01 support: 0; clusters: 297739
polytomy of size 3; rounds with additions with at least 0.01 support: 0; clusters: 297739
Number of Clusters after addition by greedy: 297739
partitions formed in 753.365 secs
Dynamic Programming starting after 753.365 secs
Size of largest cluster: 1001
Size of largest cluster: 1001
Calculated 100000 weights; time (seconds): 891
Calculated 200000 weights; time (seconds): 124
Calculated 300000 weights; time (seconds): 129
Calculated 400000 weights; time (seconds): 123
Calculated 500000 weights; time (seconds): 129
Calculated 600000 weights; time (seconds): 123
Total Number of elements weighted: 956571
Normalized score (portion of input quartet trees satisfied): NaN
Final optimization score: 0
Calculated 700000 weights; time (seconds): 123
Calculated 800000 weights; time (seconds): 131
Calculated 900000 weights; time (seconds): 301
Total Number of elements weighted: 956571
Normalized score (portion of input quartet trees satisfied): 0.5702501440824818
Final optimization score: 23712859826137
Optimal tree inferred in 2314.84 secs.
(699,((283,((418,784),(181,(391,286)))),((117,(695,(635,951))),((604,((833,834),((52,(694,317)),(128,((272,528),(10,(166,(843,857)))))))),((979,859),((((707,(110,865)),(634,(921,(21,357)))),((264,(837,(891,712))),(957,(920,((126,609),(419,344)))))),((((856,(894,((678,14),(643,(338,301))))),((33,927),((76,131),((563,571),(755,(421,320)))))),(((390,((773,958),(594,((569,247),((232,(455,369)),(640,(922,(981,(492,(382,(703,(545,490)))))))))))),((881,(445,(817,(654,889)))),((529,(250,526)),((259,(886,(252,(692,339)))),(((790,861),((508,4),((974,192),(140,202)))),((727,733),((633,(447,(214,(756,323)))),((662,47),((647,65),(106,(964,928))))))))))),((((811,983),(((892,515),(478,(296,423))),(230,(218,((896,308),(950,(122,(789,852)))))))),(((86,34),((887,(880,555)),((260,739),(801,(851,209))))),((959,(592,511)),(((73,(498,(268,774))),(849,(729,(614,816)))),((54,(412,(168,287))),(663,((374,(469,59)),((632,(161,965)),(500,(376,216)))))))))),(573,(((557,(608,547)),(688,((352,890),(738,(507,862))))),((((848,584),(89,(431,22))),(603,((575,240),((363,25),((693,549),((375,278),(675,723))))))),((254,((406,689),((194,543),(620,248)))),((775,(770,660)),((541,(135,(564,(108,980)))),(148,((372,((470,(522,(314,417))),(477,(534,(146,(548,324)))))),(810,((740,(384,448)),((841,182),((334,356),(842,84)))))))))))))))),(((((701,((615,884),(925,908))),(504,((782,519),(553,(752,(222,754)))))),(((298,630),(90,(829,(822,158)))),((846,(589,(297,(911,655)))),(559,(636,(737,(57,683))))))),((288,(860,(292,(303,623)))),((325,(995,273)),(449,((((212,758),(226,948)),((328,501),(947,735))),((518,(70,(818,263))),((315,(386,668)),((929,(870,38)),((651,(945,289)),((804,(813,674)),(77,((744,13),(193,(44,481)))))))))))))),((((50,(42,(119,(771,(466,114))))),((284,681),(665,(299,(682,(2,(777,705))))))),((((585,991),(767,133)),((687,(217,(125,360))),((312,624),((473,(293,220)),(434,((206,233),(840,916))))))),(((989,((39,85),(198,(267,307)))),((715,251),((666,697),(514,197)))),(((16,(799,937)),((329,270),((685,878),(527,(368,407))))),(((853,725),((290,(572,978)),(531,(55,177)))),((820,67),((367,(901,(562,157))),(236,(15,(326,404)))))))))),((((143,321),(858,129)),(((873,639),(164,821)),(((395,933),((704,(53,544)),(596,(210,359)))),((936,480),((903,(867,(429,225))),((440,521),(((69,(208,134)),(311,(900,558))),(((444,732),(924,(946,(616,769)))),(((976,539),(952,794)),(342,(141,(451,43)))))))))))),((0,(((((657,520),(97,(943,(618,142)))),((973,(156,955)),(145,(333,(491,446))))),(109,((587,(986,((257,899),(461,5)))),((582,92),(66,(786,(88,427))))))),((((224,(425,41)),(909,(378,711))),(((400,23),(653,(219,850))),((489,(708,(871,(392,888)))),(((781,81),(130,533)),((332,669),((869,494),(935,(346,152)))))))),(((306,(560,((275,241),(64,((256,63),((876,830),(28,420))))))),(((550,(443,(649,726))),(237,(745,(318,159)))),((((783,930),((169,75),(993,(337,709)))),((567,(163,(95,457))),(((796,327),(26,696)),((940,677),(116,(984,(565,201))))))),((970,((349,(78,111)),(17,(673,(274,(348,503)))))),(((968,588),(485,(479,722))),(((702,215),(872,397)),((613,398),(570,(990,371))))))))),((836,(941,((101,583),(309,(956,(778,62)))))),((((953,(646,149)),((460,((825,664),(104,497))),(265,((176,963),(229,(316,576)))))),(525,((6,(731,764)),(883,(((96,27),(452,966)),((189,619),((379,826),(644,185)))))))),(((438,(962,868)),((661,(680,982)),(171,((996,(524,(530,(48,255)))),((147,987),((99,118),(606,(322,113)))))))),((827,((512,757),((239,(((797,998),(566,(155,(915,200)))),((408,361),(83,((295,602),(600,459)))))),(((396,(805,601)),(454,(258,362))),((385,(684,(294,828))),((717,487),((330,(138,184)),(516,(904,(188,671)))))))))),(((698,(728,954)),(((642,35),((537,280),(137,656))),((612,151),((249,795),(912,(174,112)))))),(((213,71),(401,((399,238),(409,(914,162))))),(471,(((931,(279,262)),(121,(211,785))),((441,154),(365,(510,(61,652)))))))))))))))),((((926,150),(40,((667,(205,(437,227))),((949,760),(474,(394,502)))))),(((919,68),((462,742),(835,(838,913)))),(((285,56),(358,499)),((761,175),(416,(269,495)))))),(((791,((191,(730,621)),((910,670),(428,(235,590))))),(((906,939),((552,187),(629,388))),((120,(387,(844,985))),(610,((879,343),(579,(403,648))))))),((((190,(802,276)),((706,972),((271,942),(994,905)))),(((458,866),(179,(383,((373,793),(746,465))))),((((331,246),(967,(58,765))),(877,((281,(486,430)),(787,(72,(800,532)))))),((997,806),((123,(650,736)),((561,(690,(932,591))),((513,(124,(832,(105,335)))),((686,12),((611,(115,659)),((8,(540,741)),(136,(436,(82,183))))))))))))),((((607,536),(538,(380,415))),((((535,173),(593,(203,266))),((370,234),(864,(199,854)))),(((847,(747,(713,91))),((94,(484,(679,405))),(814,((79,(762,658)),(493,(45,(11,(759,(578,992))))))))),((812,(300,(874,(776,483)))),((351,167),(845,(453,((261,(402,(51,(577,439)))),(139,(450,(74,(127,277)))))))))))),(((((195,((102,808),(938,505))),((724,(823,(243,475))),((977,463),(907,(975,944))))),(((302,160),(37,628)),((917,(721,144)),((319,(934,482)),((364,426),(554,581)))))),((413,((340,(719,882)),(456,((204,895),((595,377),(244,(282,751))))))),((1,(574,(366,824))),((((961,(855,988)),(902,(107,(960,631)))),((546,803),((354,(748,815)),((580,1000),((523,766),(442,(863,310))))))),(((749,645),(488,207)),(((18,(132,196)),((637,599),(245,750))),((676,(381,(347,(586,714)))),((180,568),(32,((772,305),(304,242))))))))))),((((36,24),(476,(3,253))),(389,((49,779),(468,(999,313))))),(((969,231),(29,((780,627),((839,(720,743)),(464,(93,(617,(103,(605,819))))))))),((((768,506),(228,918)),((710,(60,353)),(638,((718,(223,(809,(763,672)))),(221,(186,(153,(393,414)))))))),(((87,691),((831,798),((411,(19,496)),(432,(178,(435,467)))))),(((517,(355,172)),((556,(700,100)),((9,(897,(971,291))),((170,410),(165,(893,734)))))),(((898,716),(20,(472,(31,46)))),((641,(80,(923,626))),(424,(((542,(422,(875,597))),((345,622),(551,(807,753)))),((509,(598,433)),((341,((98,788),(792,30))),(885,(7,(625,(336,350)))))))))))))))))))))))))))))));
Quartet score is: 23712859826137
Normalized quartet score is: 0.5702501440824818
ASTRAL finished in 2505.263 secs
