
================== ASTRAL ===================== 

This is ASTRAL version 4.10.8
Gene trees are treated as unrooted
837 trees read from model.200.2000000.0.000001/29/estimatedgenetre.halfresolved
All outputted trees will be *arbitrarily* rooted at 100

======== Running the main analysis
Number of taxa: 201 (201 species)
Taxa: [100, 141, 103, 91, 75, 135, 126, 70, 41, 7, 45, 193, 37, 49, 16, 47, 110, 18, 106, 115, 192, 12, 111, 42, 35, 155, 109, 34, 66, 10, 136, 191, 199, 121, 55, 79, 61, 134, 64, 22, 62, 197, 71, 139, 181, 87, 165, 85, 14, 167, 43, 56, 59, 133, 30, 33, 198, 24, 32, 143, 128, 95, 68, 161, 29, 186, 195, 159, 146, 170, 94, 188, 145, 173, 74, 185, 113, 19, 112, 73, 40, 200, 108, 174, 36, 101, 46, 120, 125, 151, 84, 160, 178, 76, 63, 31, 137, 150, 2, 97, 57, 172, 104, 54, 187, 118, 183, 39, 157, 117, 44, 60, 119, 147, 88, 148, 92, 1, 166, 96, 180, 149, 99, 154, 124, 93, 3, 23, 142, 129, 89, 52, 168, 82, 25, 162, 28, 17, 21, 140, 67, 15, 72, 8, 177, 58, 11, 138, 27, 152, 169, 51, 164, 196, 65, 5, 38, 127, 144, 26, 153, 190, 4, 131, 0, 69, 48, 20, 107, 182, 6, 163, 184, 80, 78, 123, 13, 86, 77, 156, 175, 158, 83, 171, 132, 53, 194, 189, 90, 102, 176, 116, 98, 130, 81, 50, 114, 105, 122, 9, 179]
Taxon occupancy: {35=837, 36=837, 159=837, 33=837, 34=837, 158=837, 39=837, 157=837, 156=837, 37=837, 155=837, 154=837, 38=837, 152=837, 153=837, 150=837, 151=837, 43=837, 42=837, 41=837, 40=837, 200=837, 22=837, 23=837, 169=837, 24=837, 25=837, 166=837, 26=837, 165=837, 27=837, 168=837, 28=837, 29=837, 167=837, 161=837, 3=837, 2=837, 162=837, 1=837, 163=837, 164=837, 0=837, 30=837, 7=837, 6=837, 32=837, 5=837, 31=837, 160=837, 4=837, 9=837, 8=837, 19=837, 179=837, 17=837, 178=837, 18=837, 15=837, 177=837, 16=837, 176=837, 13=837, 14=837, 11=837, 12=837, 170=837, 21=837, 20=837, 171=837, 174=837, 175=837, 172=837, 173=837, 188=837, 187=837, 189=837, 180=837, 10=837, 181=837, 182=837, 183=837, 184=837, 185=837, 186=837, 116=837, 79=837, 117=837, 114=837, 78=837, 115=837, 77=837, 112=837, 113=837, 110=837, 111=837, 118=837, 119=837, 82=837, 83=837, 80=837, 81=837, 86=837, 87=837, 84=837, 85=837, 125=837, 67=837, 126=837, 66=837, 127=837, 69=837, 68=837, 128=837, 121=837, 122=837, 123=837, 124=837, 129=837, 70=837, 120=837, 71=837, 72=837, 73=837, 74=837, 75=837, 76=837, 134=837, 135=837, 132=837, 133=837, 59=837, 58=837, 138=837, 139=837, 57=837, 56=837, 136=837, 55=837, 137=837, 64=837, 65=837, 62=837, 63=837, 60=837, 131=837, 130=837, 61=837, 143=837, 49=837, 144=837, 48=837, 145=837, 146=837, 45=837, 147=837, 44=837, 148=837, 47=837, 149=837, 46=837, 51=837, 52=837, 53=837, 54=837, 140=837, 142=837, 50=837, 141=837, 109=837, 108=837, 107=837, 106=837, 105=837, 104=837, 103=837, 99=837, 102=837, 101=837, 100=837, 98=837, 97=837, 96=837, 95=837, 94=837, 93=837, 92=837, 91=837, 90=837, 88=837, 89=837, 195=837, 194=837, 197=837, 196=837, 191=837, 190=837, 193=837, 192=837, 198=837, 199=837}
Number of gene trees: 837
0 trees have missing taxa
Calculating quartet distance matrix (for completion of X)
Species tree distances calculated ...
Building set of clusters (X) from gene trees 
Using tree-based weight calculation.
Number of Default Clusters: 82165
Number of quartet trees in the gene trees: 55089547188
calculating extra bipartitions to be added at level 1 ...
Number of Clusters after addition by distance: 82167
Adding to X using resolutions of greedy consensus ...
Threshold 0.0:
Threshold 0.01:
polytomy of size 7; rounds with additions with at least 0.01 support: 1; clusters: 82237
Threshold 0.02:
polytomy of size 8; rounds with additions with at least 0.01 support: 1; clusters: 82305
Threshold 0.05:
polytomy of size 3; rounds with additions with at least 0.01 support: 0; clusters: 82305
polytomy of size 3; rounds with additions with at least 0.01 support: 0; clusters: 82305
polytomy of size 10; rounds with additions with at least 0.01 support: 0; clusters: 82305
Threshold 0.1:
polytomy of size 3; rounds with additions with at least 0.01 support: 0; clusters: 82305
polytomy of size 8; rounds with additions with at least 0.01 support: 0; clusters: 82305
polytomy of size 4; rounds with additions with at least 0.01 support: 0; clusters: 82305
polytomy of size 4; rounds with additions with at least 0.01 support: 0; clusters: 82305
polytomy of size 12; rounds with additions with at least 0.01 support: 0; clusters: 82309
Threshold 0.2:
polytomy of size 4; rounds with additions with at least 0.01 support: 0; clusters: 82309
polytomy of size 3; rounds with additions with at least 0.01 support: 0; clusters: 82309
polytomy of size 3; rounds with additions with at least 0.01 support: 0; clusters: 82309
polytomy of size 4; rounds with additions with at least 0.01 support: 0; clusters: 82309
polytomy of size 3; rounds with additions with at least 0.01 support: 0; clusters: 82309
polytomy of size 3; rounds with additions with at least 0.01 support: 0; clusters: 82309
polytomy of size 3; rounds with additions with at least 0.01 support: 0; clusters: 82309
polytomy of size 3; rounds with additions with at least 0.01 support: 0; clusters: 82309
polytomy of size 9; rounds with additions with at least 0.01 support: 0; clusters: 82309
polytomy of size 3; rounds with additions with at least 0.01 support: 0; clusters: 82309
polytomy of size 30; rounds with additions with at least 0.01 support: 0; clusters: 82311
Threshold 0.3333333333333333:
polytomy of size 3; rounds with additions with at least 0.01 support: 0; clusters: 82311
polytomy of size 5; rounds with additions with at least 0.01 support: 0; clusters: 82311
polytomy of size 4; rounds with additions with at least 0.01 support: 0; clusters: 82311
polytomy of size 3; rounds with additions with at least 0.01 support: 0; clusters: 82311
polytomy of size 3; rounds with additions with at least 0.01 support: 0; clusters: 82311
polytomy of size 5; rounds with additions with at least 0.01 support: 0; clusters: 82311
polytomy of size 3; rounds with additions with at least 0.01 support: 0; clusters: 82311
polytomy of size 3; rounds with additions with at least 0.01 support: 0; clusters: 82311
polytomy of size 4; rounds with additions with at least 0.01 support: 0; clusters: 82311
polytomy of size 4; rounds with additions with at least 0.01 support: 0; clusters: 82311
polytomy of size 6; rounds with additions with at least 0.01 support: 0; clusters: 82311
polytomy of size 3; rounds with additions with at least 0.01 support: 0; clusters: 82311
polytomy of size 3; rounds with additions with at least 0.01 support: 0; clusters: 82311
polytomy of size 3; rounds with additions with at least 0.01 support: 0; clusters: 82311
polytomy of size 3; rounds with additions with at least 0.01 support: 0; clusters: 82311
polytomy of size 21; rounds with additions with at least 0.01 support: 0; clusters: 83211
polytomy of size 3; rounds with additions with at least 0.01 support: 0; clusters: 83211
polytomy of size 3; rounds with additions with at least 0.01 support: 0; clusters: 83211
polytomy of size 4; rounds with additions with at least 0.01 support: 0; clusters: 83211
polytomy of size 4; rounds with additions with at least 0.01 support: 0; clusters: 83211
polytomy of size 34; rounds with additions with at least 0.01 support: 0; clusters: 88183
Number of Clusters after addition by greedy: 88183
partitions formed in 39.866 secs
Dynamic Programming starting after 39.866 secs
Size of largest cluster: 201
Size of largest cluster: 201
Calculated 100000 weights; time (seconds): 67
Total Number of elements weighted: 236184
Normalized score (portion of input quartet trees satisfied): NaN
Final optimization score: 0
Calculated 200000 weights; time (seconds): 36
Total Number of elements weighted: 236184
Normalized score (portion of input quartet trees satisfied): 0.663581962295798
Final optimization score: 36556429825
Optimal tree inferred in 124.699 secs.
(100,(141,((96,180),((44,21),(((106,((190,(4,(153,(131,(144,26))))),((183,(39,157)),((187,20),(12,(115,192)))))),(((182,6),((134,(22,(61,64))),((111,(42,35)),((142,(99,154)),(124,(149,93)))))),(((117,72),(77,((132,(83,171)),(158,(175,(156,53)))))),((127,(196,(51,(164,(38,(65,5)))))),(18,(55,(((49,58),(16,(103,47))),((110,8),(121,(37,(45,193))))))))))),(((1,(92,(166,(88,148)))),((97,(2,57)),(50,(172,(130,81))))),(((((69,48),(199,(60,147))),(118,(184,(78,(80,123))))),((177,(27,(11,138))),(62,((194,189),(116,(102,(90,176))))))),((((13,86),(((140,107),(191,(3,23))),((75,135),(82,(168,(52,(129,89))))))),((126,((152,169),((179,(7,(70,41))),((25,(162,28)),(136,(163,(10,119))))))),(((67,15),(150,(104,54))),(((34,24),(155,109)),(66,((122,9),(105,(98,114)))))))),(0,((79,(120,(101,46))),((94,17),((((133,30),(33,198)),(91,((167,(59,(43,56))),((139,181),((14,(197,71)),(87,(165,85))))))),((73,((146,170),((178,76),(151,(84,160))))),(((95,((29,186),(159,(128,195)))),(173,(40,(188,(125,(145,63)))))),((174,(108,(200,36))),((74,(32,143)),(19,((112,31),((68,137),(185,(161,113)))))))))))))))))))));
Quartet score is: 36556429825
Normalized quartet score is: 0.663581962295798
ASTRAL finished in 142.255 secs
