
================== ASTRAL ===================== 

This is ASTRAL version 4.10.8
Gene trees are treated as unrooted
990 trees read from model.200.2000000.0.0000001/27/estimatedgenetre.halfresolved
All outputted trees will be *arbitrarily* rooted at 5

======== Running the main analysis
Number of taxa: 201 (201 species)
Taxa: [5, 91, 97, 131, 192, 69, 149, 1, 194, 61, 142, 198, 177, 87, 200, 19, 83, 75, 144, 173, 98, 92, 133, 36, 40, 60, 111, 155, 130, 42, 35, 134, 47, 166, 123, 43, 143, 156, 140, 64, 189, 139, 190, 16, 171, 54, 146, 135, 161, 183, 100, 80, 196, 4, 34, 38, 145, 21, 33, 195, 20, 74, 46, 109, 115, 199, 181, 168, 137, 3, 122, 49, 23, 108, 85, 136, 106, 184, 24, 29, 185, 88, 172, 188, 164, 63, 70, 8, 153, 96, 12, 10, 67, 82, 32, 158, 55, 9, 138, 31, 186, 103, 50, 191, 22, 197, 110, 151, 102, 147, 116, 93, 154, 56, 77, 182, 11, 94, 132, 2, 120, 114, 112, 62, 84, 119, 76, 51, 6, 86, 162, 14, 28, 176, 37, 150, 148, 45, 124, 18, 170, 129, 17, 187, 99, 72, 53, 30, 128, 127, 167, 79, 48, 169, 165, 160, 178, 104, 175, 125, 0, 65, 81, 15, 159, 57, 152, 68, 7, 107, 163, 59, 118, 179, 121, 89, 90, 141, 41, 26, 44, 78, 66, 95, 39, 71, 193, 58, 117, 27, 25, 105, 113, 13, 101, 157, 73, 180, 52, 126, 174]
Taxon occupancy: {35=990, 36=990, 33=990, 159=990, 158=990, 34=990, 157=990, 39=990, 156=990, 155=990, 37=990, 38=990, 154=990, 152=990, 153=990, 150=990, 151=990, 43=990, 42=990, 41=990, 40=990, 200=990, 22=990, 23=990, 169=990, 24=990, 25=990, 166=990, 26=990, 165=990, 27=990, 168=990, 28=990, 29=990, 167=990, 3=990, 161=990, 2=990, 162=990, 1=990, 163=990, 164=990, 0=990, 30=990, 7=990, 6=990, 32=990, 5=990, 4=990, 31=990, 160=990, 9=990, 8=990, 19=990, 17=990, 179=990, 18=990, 178=990, 177=990, 15=990, 16=990, 176=990, 13=990, 14=990, 11=990, 12=990, 21=990, 170=990, 20=990, 171=990, 174=990, 175=990, 172=990, 173=990, 188=990, 187=990, 189=990, 180=990, 10=990, 181=990, 182=990, 183=990, 184=990, 185=990, 186=990, 116=990, 79=990, 117=990, 114=990, 78=990, 115=990, 77=990, 112=990, 113=990, 110=990, 111=990, 118=990, 119=990, 82=990, 83=990, 80=990, 81=990, 86=990, 87=990, 84=990, 85=990, 67=990, 125=990, 126=990, 66=990, 69=990, 127=990, 128=990, 68=990, 121=990, 122=990, 123=990, 124=990, 129=990, 70=990, 120=990, 71=990, 72=990, 73=990, 74=990, 75=990, 76=990, 134=990, 135=990, 132=990, 133=990, 59=990, 138=990, 58=990, 139=990, 57=990, 136=990, 56=990, 137=990, 55=990, 64=990, 65=990, 62=990, 63=990, 131=990, 60=990, 61=990, 130=990, 49=990, 143=990, 144=990, 48=990, 145=990, 146=990, 147=990, 45=990, 148=990, 44=990, 149=990, 47=990, 46=990, 51=990, 52=990, 53=990, 54=990, 140=990, 142=990, 50=990, 141=990, 109=990, 108=990, 107=990, 106=990, 105=990, 104=990, 103=990, 102=990, 99=990, 101=990, 100=990, 98=990, 97=990, 96=990, 95=990, 94=990, 93=990, 92=990, 91=990, 90=990, 88=990, 89=990, 195=990, 194=990, 197=990, 196=990, 191=990, 190=990, 193=990, 192=990, 198=990, 199=990}
Number of gene trees: 990
0 trees have missing taxa
Calculating quartet distance matrix (for completion of X)
Species tree distances calculated ...
Building set of clusters (X) from gene trees 
Using tree-based weight calculation.
Number of Default Clusters: 149461
Number of quartet trees in the gene trees: 65088475323
calculating extra bipartitions to be added at level 1 ...
Number of Clusters after addition by distance: 149485
Adding to X using resolutions of greedy consensus ...
Threshold 0.0:
polytomy of size 10; rounds with additions with at least 0.01 support: 12; clusters: 150169
Threshold 0.01:
polytomy of size 18; rounds with additions with at least 0.01 support: 19; clusters: 154255
Threshold 0.02:
polytomy of size 22; rounds with additions with at least 0.01 support: 5; clusters: 160031
Threshold 0.05:
polytomy of size 4; rounds with additions with at least 0.01 support: 0; clusters: 160031
polytomy of size 3; rounds with additions with at least 0.01 support: 0; clusters: 160031
polytomy of size 30; rounds with additions with at least 0.01 support: 1; clusters: 160121
Threshold 0.1:
polytomy of size 3; rounds with additions with at least 0.01 support: 0; clusters: 160121
polytomy of size 4; rounds with additions with at least 0.01 support: 0; clusters: 160121
polytomy of size 5; rounds with additions with at least 0.01 support: 0; clusters: 160121
polytomy of size 3; rounds with additions with at least 0.01 support: 0; clusters: 160121
polytomy of size 38; rounds with additions with at least 0.01 support: 1; clusters: 160317
Threshold 0.2:
polytomy of size 3; rounds with additions with at least 0.01 support: 0; clusters: 160317
polytomy of size 5; rounds with additions with at least 0.01 support: 0; clusters: 160317
polytomy of size 5; rounds with additions with at least 0.01 support: 0; clusters: 160317
polytomy of size 5; rounds with additions with at least 0.01 support: 0; clusters: 160317
polytomy of size 3; rounds with additions with at least 0.01 support: 0; clusters: 160317
polytomy of size 4; rounds with additions with at least 0.01 support: 0; clusters: 160317
polytomy of size 3; rounds with additions with at least 0.01 support: 0; clusters: 160317
polytomy of size 4; rounds with additions with at least 0.01 support: 0; clusters: 160317
polytomy of size 3; rounds with additions with at least 0.01 support: 0; clusters: 160317
polytomy of size 3; rounds with additions with at least 0.01 support: 0; clusters: 160317
polytomy of size 60; rounds with additions with at least 0.01 support: 0; clusters: 160415
polytomy of size 3; rounds with additions with at least 0.01 support: 0; clusters: 160415
Threshold 0.3333333333333333:
polytomy of size 3; rounds with additions with at least 0.01 support: 0; clusters: 160415
polytomy of size 4; rounds with additions with at least 0.01 support: 0; clusters: 160415
polytomy of size 3; rounds with additions with at least 0.01 support: 0; clusters: 160415
polytomy of size 3; rounds with additions with at least 0.01 support: 0; clusters: 160415
polytomy of size 3; rounds with additions with at least 0.01 support: 0; clusters: 160415
polytomy of size 3; rounds with additions with at least 0.01 support: 0; clusters: 160415
polytomy of size 7; rounds with additions with at least 0.01 support: 0; clusters: 160415
polytomy of size 3; rounds with additions with at least 0.01 support: 0; clusters: 160415
polytomy of size 6; rounds with additions with at least 0.01 support: 0; clusters: 160415
polytomy of size 3; rounds with additions with at least 0.01 support: 0; clusters: 160415
polytomy of size 4; rounds with additions with at least 0.01 support: 0; clusters: 160415
polytomy of size 6; rounds with additions with at least 0.01 support: 0; clusters: 160415
polytomy of size 4; rounds with additions with at least 0.01 support: 0; clusters: 160415
polytomy of size 5; rounds with additions with at least 0.01 support: 0; clusters: 160415
polytomy of size 3; rounds with additions with at least 0.01 support: 0; clusters: 160415
polytomy of size 3; rounds with additions with at least 0.01 support: 0; clusters: 160415
polytomy of size 4; rounds with additions with at least 0.01 support: 0; clusters: 160415
polytomy of size 87; rounds with additions with at least 0.01 support: 0; clusters: 256349
Number of Clusters after addition by greedy: 256349
partitions formed in 106.74 secs
Dynamic Programming starting after 106.74 secs
Size of largest cluster: 201
Size of largest cluster: 201
Calculated 100000 weights; time (seconds): 145
Calculated 200000 weights; time (seconds): 52
Calculated 300000 weights; time (seconds): 56
Total Number of elements weighted: 477886
Normalized score (portion of input quartet trees satisfied): NaN
Final optimization score: 0
Calculated 400000 weights; time (seconds): 61
Total Number of elements weighted: 477886
Normalized score (portion of input quartet trees satisfied): 0.4474006461741436
Final optimization score: 29120625918
Optimal tree inferred in 383.417 secs.
(5,((91,97),(131,(((140,(47,64)),(134,(143,((123,43),(166,156))))),((161,(13,((179,174),(49,(71,193))))),(((183,124),(148,(150,45))),((((24,(184,29)),(185,((88,172),(63,(188,164))))),((195,((20,(74,(46,109))),((199,3),(115,(168,(181,137)))))),((198,(9,(186,(52,126)))),((6,86),((194,142),(93,((180,(48,169)),(26,(44,(66,(95,(78,39)))))))))))),((53,0),(((((170,129),((118,(65,(162,73))),(107,(7,(163,59))))),(((28,25),(138,(85,105))),((77,14),(17,(89,(121,90)))))),(((192,27),(33,(108,(122,23)))),((58,117),(((56,132),(94,(11,2))),((112,(114,51)),((62,84),(120,(119,76)))))))),(((200,19),(((171,(135,(54,146))),((152,((159,68),(81,15))),(57,(125,((104,175),(178,(165,160))))))),((187,(99,72)),(((136,106),(127,(128,167))),((182,(61,(101,157))),(21,(34,(38,145)))))))),(((((100,80),(176,(37,113))),((141,41),(69,(149,1)))),(((30,79),((196,4),(189,(16,(139,190))))),((103,110),(((102,154),(31,151)),(50,(191,(22,197))))))),((18,(177,87)),((32,((12,82),((10,67),(96,(70,(8,153)))))),((55,(116,(158,147))),((60,((36,40),(130,(111,(155,42))))),((35,(92,(83,133))),(98,(173,(75,144)))))))))))))))))));
Quartet score is: 29120625918
Normalized quartet score is: 0.4474006461741436
ASTRAL finished in 407.75 secs
