
================== ASTRAL ===================== 

This is ASTRAL version 4.10.8
Gene trees are treated as unrooted
1000 trees read from model.500.2000000.0.000001/01/estimatedgenetre.halfresolved
All outputted trees will be *arbitrarily* rooted at 467

======== Running the main analysis
Number of taxa: 501 (501 species)
Taxa: [467, 410, 89, 405, 10, 382, 70, 250, 187, 340, 472, 396, 48, 499, 434, 97, 431, 466, 436, 239, 429, 19, 416, 149, 231, 371, 184, 6, 363, 270, 461, 419, 494, 203, 235, 275, 108, 123, 443, 322, 302, 384, 465, 313, 1, 211, 214, 295, 32, 411, 118, 296, 71, 308, 451, 52, 104, 427, 193, 35, 204, 327, 460, 489, 245, 143, 9, 60, 66, 207, 380, 77, 17, 358, 397, 0, 401, 297, 457, 179, 122, 49, 33, 439, 99, 112, 100, 16, 24, 367, 251, 305, 154, 107, 280, 373, 166, 106, 430, 128, 254, 445, 96, 353, 216, 78, 133, 350, 307, 130, 468, 385, 277, 169, 321, 420, 3, 170, 306, 227, 268, 125, 98, 76, 377, 138, 41, 160, 389, 400, 44, 402, 229, 418, 329, 351, 126, 442, 338, 437, 498, 390, 447, 62, 357, 376, 4, 31, 90, 165, 486, 237, 38, 315, 364, 109, 158, 74, 422, 11, 476, 209, 403, 249, 134, 243, 117, 59, 316, 483, 365, 413, 91, 386, 283, 393, 415, 324, 388, 278, 225, 330, 423, 116, 124, 161, 72, 183, 255, 335, 408, 197, 223, 75, 146, 180, 311, 178, 497, 195, 111, 175, 181, 61, 79, 37, 115, 219, 12, 485, 387, 370, 51, 395, 299, 218, 444, 342, 344, 448, 492, 28, 54, 349, 421, 424, 65, 131, 163, 399, 36, 84, 345, 172, 55, 234, 279, 40, 191, 285, 247, 222, 336, 334, 68, 438, 7, 164, 458, 441, 432, 464, 248, 252, 428, 343, 152, 121, 470, 359, 105, 426, 135, 312, 173, 25, 290, 352, 238, 103, 56, 323, 482, 53, 325, 288, 185, 355, 337, 224, 144, 15, 455, 300, 488, 276, 43, 473, 487, 132, 140, 304, 471, 292, 212, 354, 479, 289, 341, 82, 257, 156, 27, 314, 81, 110, 137, 417, 309, 320, 129, 176, 45, 57, 412, 21, 475, 177, 192, 253, 119, 217, 171, 261, 462, 87, 58, 383, 480, 348, 271, 150, 398, 205, 372, 375, 168, 267, 246, 201, 414, 228, 454, 80, 331, 490, 200, 404, 478, 114, 13, 213, 46, 273, 2, 339, 86, 67, 141, 374, 310, 199, 196, 85, 221, 147, 233, 425, 155, 188, 269, 244, 186, 88, 361, 241, 481, 73, 291, 477, 198, 232, 446, 378, 95, 293, 50, 256, 242, 298, 69, 282, 14, 493, 230, 29, 346, 136, 274, 264, 93, 303, 433, 452, 120, 94, 484, 491, 496, 92, 159, 259, 182, 284, 366, 162, 362, 281, 469, 20, 381, 5, 236, 258, 189, 26, 113, 30, 22, 263, 407, 318, 208, 379, 226, 453, 39, 456, 23, 301, 148, 474, 326, 287, 392, 174, 317, 272, 101, 333, 500, 356, 157, 369, 167, 294, 47, 153, 139, 459, 435, 495, 262, 463, 34, 368, 394, 102, 206, 391, 83, 64, 450, 449, 215, 266, 360, 440, 332, 127, 210, 406, 142, 145, 151, 240, 18, 8, 220, 286, 42, 202, 265, 328, 409, 63, 319, 347, 194, 190, 260]
Taxon occupancy: {338=1000, 339=1000, 332=1000, 333=1000, 159=1000, 330=1000, 158=1000, 331=1000, 157=1000, 336=1000, 337=1000, 156=1000, 334=1000, 155=1000, 335=1000, 154=1000, 152=1000, 153=1000, 150=1000, 151=1000, 202=1000, 349=1000, 203=1000, 204=1000, 205=1000, 200=1000, 201=1000, 341=1000, 169=1000, 342=1000, 343=1000, 344=1000, 206=1000, 166=1000, 345=1000, 346=1000, 165=1000, 207=1000, 347=1000, 208=1000, 168=1000, 167=1000, 209=1000, 348=1000, 409=1000, 161=1000, 3=1000, 162=1000, 408=1000, 2=1000, 1=1000, 163=1000, 0=1000, 164=1000, 405=1000, 7=1000, 6=1000, 404=1000, 407=1000, 5=1000, 340=1000, 406=1000, 4=1000, 160=1000, 401=1000, 400=1000, 403=1000, 9=1000, 8=1000, 402=1000, 211=1000, 212=1000, 210=1000, 215=1000, 318=1000, 319=1000, 216=1000, 316=1000, 213=1000, 317=1000, 214=1000, 179=1000, 219=1000, 314=1000, 315=1000, 178=1000, 312=1000, 177=1000, 217=1000, 313=1000, 218=1000, 176=1000, 310=1000, 311=1000, 418=1000, 170=1000, 417=1000, 171=1000, 416=1000, 415=1000, 174=1000, 175=1000, 172=1000, 419=1000, 173=1000, 410=1000, 414=1000, 413=1000, 412=1000, 411=1000, 220=1000, 221=1000, 222=1000, 223=1000, 327=1000, 224=1000, 328=1000, 225=1000, 226=1000, 329=1000, 227=1000, 323=1000, 228=1000, 188=1000, 324=1000, 229=1000, 187=1000, 325=1000, 326=1000, 189=1000, 320=1000, 321=1000, 322=1000, 427=1000, 180=1000, 426=1000, 429=1000, 181=1000, 182=1000, 428=1000, 183=1000, 184=1000, 185=1000, 186=1000, 421=1000, 420=1000, 423=1000, 422=1000, 425=1000, 424=1000, 116=1000, 117=1000, 114=1000, 115=1000, 112=1000, 113=1000, 110=1000, 111=1000, 118=1000, 119=1000, 435=1000, 436=1000, 433=1000, 434=1000, 431=1000, 432=1000, 430=1000, 439=1000, 437=1000, 438=1000, 125=1000, 126=1000, 127=1000, 300=1000, 128=1000, 302=1000, 121=1000, 301=1000, 122=1000, 123=1000, 304=1000, 303=1000, 124=1000, 306=1000, 305=1000, 308=1000, 307=1000, 129=1000, 309=1000, 444=1000, 445=1000, 446=1000, 447=1000, 440=1000, 441=1000, 442=1000, 443=1000, 120=1000, 448=1000, 449=1000, 134=1000, 135=1000, 132=1000, 133=1000, 138=1000, 139=1000, 136=1000, 137=1000, 450=1000, 453=1000, 454=1000, 451=1000, 452=1000, 457=1000, 458=1000, 455=1000, 456=1000, 459=1000, 131=1000, 130=1000, 143=1000, 144=1000, 145=1000, 146=1000, 147=1000, 148=1000, 149=1000, 461=1000, 460=1000, 462=1000, 463=1000, 464=1000, 465=1000, 466=1000, 467=1000, 468=1000, 469=1000, 140=1000, 142=1000, 141=1000, 195=1000, 194=1000, 197=1000, 196=1000, 191=1000, 190=1000, 193=1000, 192=1000, 198=1000, 199=1000, 500=1000, 35=1000, 36=1000, 33=1000, 34=1000, 39=1000, 37=1000, 38=1000, 43=1000, 42=1000, 41=1000, 40=1000, 22=1000, 23=1000, 24=1000, 25=1000, 26=1000, 27=1000, 28=1000, 29=1000, 30=1000, 32=1000, 31=1000, 19=1000, 17=1000, 18=1000, 15=1000, 16=1000, 13=1000, 14=1000, 11=1000, 12=1000, 21=1000, 20=1000, 10=1000, 79=1000, 78=1000, 77=1000, 82=1000, 83=1000, 80=1000, 81=1000, 86=1000, 87=1000, 84=1000, 85=1000, 67=1000, 66=1000, 69=1000, 68=1000, 70=1000, 71=1000, 72=1000, 73=1000, 74=1000, 75=1000, 76=1000, 59=1000, 58=1000, 57=1000, 56=1000, 55=1000, 64=1000, 65=1000, 62=1000, 63=1000, 60=1000, 61=1000, 49=1000, 48=1000, 45=1000, 44=1000, 47=1000, 46=1000, 51=1000, 52=1000, 53=1000, 54=1000, 50=1000, 281=1000, 487=1000, 486=1000, 280=1000, 485=1000, 484=1000, 285=1000, 284=1000, 283=1000, 489=1000, 282=1000, 488=1000, 288=1000, 289=1000, 286=1000, 287=1000, 482=1000, 483=1000, 480=1000, 481=1000, 474=1000, 473=1000, 476=1000, 270=1000, 475=1000, 272=1000, 478=1000, 271=1000, 477=1000, 274=1000, 479=1000, 273=1000, 275=1000, 276=1000, 277=1000, 278=1000, 279=1000, 470=1000, 471=1000, 472=1000, 109=1000, 108=1000, 107=1000, 106=1000, 105=1000, 104=1000, 103=1000, 102=1000, 99=1000, 101=1000, 100=1000, 98=1000, 97=1000, 391=1000, 96=1000, 95=1000, 390=1000, 94=1000, 393=1000, 392=1000, 93=1000, 92=1000, 395=1000, 394=1000, 91=1000, 294=1000, 90=1000, 293=1000, 499=1000, 296=1000, 295=1000, 496=1000, 290=1000, 495=1000, 498=1000, 292=1000, 497=1000, 291=1000, 491=1000, 492=1000, 493=1000, 494=1000, 297=1000, 298=1000, 299=1000, 490=1000, 396=1000, 397=1000, 398=1000, 399=1000, 88=1000, 89=1000, 240=1000, 241=1000, 383=1000, 384=1000, 381=1000, 382=1000, 380=1000, 389=1000, 388=1000, 387=1000, 386=1000, 385=1000, 245=1000, 244=1000, 243=1000, 242=1000, 249=1000, 248=1000, 247=1000, 246=1000, 230=1000, 370=1000, 371=1000, 372=1000, 373=1000, 379=1000, 239=1000, 378=1000, 375=1000, 374=1000, 377=1000, 376=1000, 232=1000, 231=1000, 234=1000, 233=1000, 236=1000, 235=1000, 238=1000, 237=1000, 262=1000, 263=1000, 260=1000, 261=1000, 361=1000, 362=1000, 360=1000, 366=1000, 365=1000, 364=1000, 363=1000, 369=1000, 368=1000, 367=1000, 269=1000, 268=1000, 267=1000, 266=1000, 265=1000, 264=1000, 250=1000, 251=1000, 252=1000, 350=1000, 351=1000, 353=1000, 352=1000, 355=1000, 354=1000, 357=1000, 356=1000, 359=1000, 358=1000, 258=1000, 257=1000, 259=1000, 254=1000, 253=1000, 256=1000, 255=1000}
Number of gene trees: 1000
0 trees have missing taxa
Calculating quartet distance matrix (for completion of X)
Species tree distances calculated ...
Building set of clusters (X) from gene trees 
Using tree-based weight calculation.
Number of Default Clusters: 146319
Number of quartet trees in the gene trees: 2593739622510
calculating extra bipartitions to be added at level 1 ...
Number of Clusters after addition by distance: 146329
Adding to X using resolutions of greedy consensus ...
Threshold 0.0:
polytomy of size 4; rounds with additions with at least 0.01 support: 1; clusters: 146347
Threshold 0.01:
polytomy of size 10; rounds with additions with at least 0.01 support: 1; clusters: 146615
Threshold 0.02:
polytomy of size 11; rounds with additions with at least 0.01 support: 1; clusters: 146771
Threshold 0.05:
polytomy of size 3; rounds with additions with at least 0.01 support: 0; clusters: 146771
polytomy of size 4; rounds with additions with at least 0.01 support: 0; clusters: 146771
polytomy of size 3; rounds with additions with at least 0.01 support: 0; clusters: 146771
polytomy of size 4; rounds with additions with at least 0.01 support: 0; clusters: 146771
polytomy of size 18; rounds with additions with at least 0.01 support: 1; clusters: 146783
Threshold 0.1:
polytomy of size 7; rounds with additions with at least 0.01 support: 0; clusters: 146783
polytomy of size 3; rounds with additions with at least 0.01 support: 0; clusters: 146783
polytomy of size 3; rounds with additions with at least 0.01 support: 0; clusters: 146783
polytomy of size 3; rounds with additions with at least 0.01 support: 0; clusters: 146783
polytomy of size 30; rounds with additions with at least 0.01 support: 0; clusters: 146791
Threshold 0.2:
polytomy of size 3; rounds with additions with at least 0.01 support: 0; clusters: 146791
polytomy of size 3; rounds with additions with at least 0.01 support: 0; clusters: 146791
polytomy of size 3; rounds with additions with at least 0.01 support: 0; clusters: 146791
polytomy of size 4; rounds with additions with at least 0.01 support: 0; clusters: 146791
polytomy of size 3; rounds with additions with at least 0.01 support: 0; clusters: 146791
polytomy of size 3; rounds with additions with at least 0.01 support: 0; clusters: 146791
polytomy of size 3; rounds with additions with at least 0.01 support: 0; clusters: 146791
polytomy of size 5; rounds with additions with at least 0.01 support: 0; clusters: 146791
polytomy of size 3; rounds with additions with at least 0.01 support: 0; clusters: 146791
polytomy of size 4; rounds with additions with at least 0.01 support: 0; clusters: 146791
polytomy of size 4; rounds with additions with at least 0.01 support: 0; clusters: 146791
polytomy of size 3; rounds with additions with at least 0.01 support: 0; clusters: 146791
polytomy of size 10; rounds with additions with at least 0.01 support: 0; clusters: 146791
polytomy of size 9; rounds with additions with at least 0.01 support: 0; clusters: 146791
polytomy of size 3; rounds with additions with at least 0.01 support: 0; clusters: 146791
polytomy of size 46; rounds with additions with at least 0.01 support: 0; clusters: 146799
Threshold 0.3333333333333333:
polytomy of size 3; rounds with additions with at least 0.01 support: 0; clusters: 146799
polytomy of size 3; rounds with additions with at least 0.01 support: 0; clusters: 146799
polytomy of size 4; rounds with additions with at least 0.01 support: 0; clusters: 146799
polytomy of size 5; rounds with additions with at least 0.01 support: 0; clusters: 146799
polytomy of size 8; rounds with additions with at least 0.01 support: 0; clusters: 146803
polytomy of size 4; rounds with additions with at least 0.01 support: 0; clusters: 146803
polytomy of size 4; rounds with additions with at least 0.01 support: 0; clusters: 146803
polytomy of size 5; rounds with additions with at least 0.01 support: 0; clusters: 146803
polytomy of size 3; rounds with additions with at least 0.01 support: 0; clusters: 146803
polytomy of size 3; rounds with additions with at least 0.01 support: 0; clusters: 146803
polytomy of size 3; rounds with additions with at least 0.01 support: 0; clusters: 146803
polytomy of size 3; rounds with additions with at least 0.01 support: 0; clusters: 146803
polytomy of size 3; rounds with additions with at least 0.01 support: 0; clusters: 146803
polytomy of size 4; rounds with additions with at least 0.01 support: 0; clusters: 146803
polytomy of size 3; rounds with additions with at least 0.01 support: 0; clusters: 146803
polytomy of size 3; rounds with additions with at least 0.01 support: 0; clusters: 146803
polytomy of size 4; rounds with additions with at least 0.01 support: 0; clusters: 146803
polytomy of size 5; rounds with additions with at least 0.01 support: 0; clusters: 146803
polytomy of size 4; rounds with additions with at least 0.01 support: 0; clusters: 146803
polytomy of size 3; rounds with additions with at least 0.01 support: 0; clusters: 146803
polytomy of size 4; rounds with additions with at least 0.01 support: 0; clusters: 146803
polytomy of size 3; rounds with additions with at least 0.01 support: 0; clusters: 146803
polytomy of size 3; rounds with additions with at least 0.01 support: 0; clusters: 146803
polytomy of size 10; rounds with additions with at least 0.01 support: 0; clusters: 146837
polytomy of size 3; rounds with additions with at least 0.01 support: 0; clusters: 146837
polytomy of size 8; rounds with additions with at least 0.01 support: 0; clusters: 146865
polytomy of size 3; rounds with additions with at least 0.01 support: 0; clusters: 146865
polytomy of size 4; rounds with additions with at least 0.01 support: 0; clusters: 146865
polytomy of size 3; rounds with additions with at least 0.01 support: 0; clusters: 146865
polytomy of size 4; rounds with additions with at least 0.01 support: 0; clusters: 146865
polytomy of size 3; rounds with additions with at least 0.01 support: 0; clusters: 146865
polytomy of size 4; rounds with additions with at least 0.01 support: 0; clusters: 146865
polytomy of size 73; rounds with additions with at least 0.01 support: 0; clusters: 165179
Number of Clusters after addition by greedy: 165179
partitions formed in 197.712 secs
Dynamic Programming starting after 197.712 secs
Size of largest cluster: 501
Size of largest cluster: 501
Calculated 100000 weights; time (seconds): 261
Total Number of elements weighted: 534983
Normalized score (portion of input quartet trees satisfied): NaN
Final optimization score: 0
Calculated 200000 weights; time (seconds): 60
Calculated 300000 weights; time (seconds): 62
Calculated 400000 weights; time (seconds): 60
Calculated 500000 weights; time (seconds): 74
Total Number of elements weighted: 534983
Normalized score (portion of input quartet trees satisfied): 0.6409635331256502
Final optimization score: 1662492512452
Optimal tree inferred in 568.509 secs.
(467,((410,89),(((102,(206,391)),(146,((((386,(324,388)),(283,(393,415))),(((180,311),(178,(111,(497,195)))),(249,(447,(((11,476),(209,403)),((62,(74,422)),((357,(4,31)),(376,(486,(165,((90,(109,158)),((315,364),(237,38))))))))))))),((278,(((37,(115,219)),(181,(175,(61,79)))),((134,243),(316,(413,((117,59),(91,(483,365)))))))),((((161,75),(124,(330,(423,116)))),((255,(335,408)),(225,(223,(72,(183,197)))))),(((248,252),(428,(343,152))),((12,(395,(51,(485,(387,370))))),(299,(28,(((448,492),(342,(344,(218,444)))),((432,464),((54,349),(((172,55),((421,345),(84,((163,(399,36)),(424,(65,131)))))),((234,(279,40)),((222,(336,334)),(191,((458,441),((68,438),(247,(7,(285,164))))))))))))))))))))),((174,((338,((498,390),(437,(126,442)))),(474,((326,(287,392)),((39,(23,(301,(456,148)))),(317,((272,157),(333,(101,(500,356)))))))))),(((141,((147,233),(374,(310,(199,(85,(196,221))))))),(((121,470),((359,105),((312,173),(426,135)))),((((10,(405,382)),(70,(250,(187,340)))),(((83,64),(450,449)),((((19,416),((431,466),(436,(239,429)))),((149,(231,371)),(77,((434,97),(472,(48,(396,499))))))),((47,(294,(153,(139,459)))),((215,(266,360)),(((440,332),((265,347),(194,(319,(328,(409,63)))))),((435,(495,(262,((463,34),(368,394))))),((151,(8,(240,18))),((220,(286,(42,202))),((142,145),(127,(210,406)))))))))))),((78,((133,350),(307,(130,(468,385))))),((((140,((292,212),(304,471))),((487,132),((15,455),(300,(488,(276,(43,473))))))),((355,(337,(224,144))),(325,((25,(288,185)),(53,((103,(352,238)),(290,(482,(56,323))))))))),((354,((417,309),((479,289),(((314,81),(156,27)),((110,137),(341,(82,257))))))),((129,((21,(475,177)),(320,(176,(45,(57,412)))))),((192,253),(119,(((246,(201,414)),((372,375),(168,267))),((398,(205,(171,(217,261)))),(150,((58,383),(480,(87,(348,(462,271))))))))))))))))),((((190,260),((321,420),(125,((227,268),(3,(170,306)))))),(((361,241),(277,169)),(((17,(358,397)),(((188,269),(244,(186,88))),((425,155),((228,454),((98,(377,(76,138))),((41,160),((351,(418,329)),((389,400),(44,(402,229)))))))))),(((14,(230,29)),((446,378),(493,((95,293),((298,(242,69)),(256,(50,282))))))),(((481,73),(291,(232,(477,198)))),((80,((331,490),((404,478),(200,114)))),(((86,67),(2,339)),(213,(273,(13,46)))))))))),(0,(((318,(((369,167),((263,407),(113,(30,22)))),(208,(136,((274,264),(452,(93,(303,433)))))))),((379,(226,453)),(((381,(469,20)),((162,(362,281)),((258,189),(26,(5,236))))),((245,(9,(489,143))),(((207,380),(60,66)),((94,(120,484)),(284,(259,(366,((491,159),(182,(496,92)))))))))))),(((106,((373,166),((353,216),((445,96),(430,128))))),((107,280),(((401,297),((457,33),(49,(179,122)))),(254,((439,99),((305,(251,154)),(100,((24,367),(112,16))))))))),((346,(35,((327,460),(193,204)))),((184,(6,(363,(270,461)))),((411,((427,(296,(71,308))),(104,(52,(118,451))))),((465,(32,((214,295),(313,(1,211))))),(((494,203),(235,(275,108))),((419,123),((443,322),(302,384)))))))))))))))));
Quartet score is: 1662492512452
Normalized quartet score is: 0.6409635331256502
ASTRAL finished in 622.431 secs
