
================== ASTRAL ===================== 

This is ASTRAL version 4.10.7
Gene trees are treated as unrooted
1000 trees read from ASTRALDATA/model.200.10000000.0.000001/01/estimatedgenetre.halfresolved
All output trees will be *arbitrarily* rooted at 193

======== Running the main analysis
Number of taxa: 201 (201 species)
Taxa: [193, 62, 15, 99, 43, 26, 106, 137, 78, 146, 109, 118, 74, 148, 83, 9, 136, 19, 196, 22, 159, 44, 153, 53, 183, 42, 156, 173, 111, 13, 185, 40, 14, 110, 76, 124, 51, 79, 81, 67, 41, 6, 186, 98, 123, 107, 195, 168, 131, 104, 12, 47, 198, 45, 130, 95, 121, 66, 3, 151, 165, 102, 16, 119, 184, 143, 31, 128, 157, 82, 134, 49, 72, 0, 39, 65, 68, 166, 60, 86, 172, 178, 63, 34, 113, 36, 145, 48, 32, 18, 191, 180, 105, 117, 175, 17, 108, 197, 54, 93, 162, 52, 20, 94, 142, 192, 160, 138, 200, 141, 127, 171, 199, 176, 169, 58, 139, 57, 25, 114, 167, 33, 1, 5, 80, 163, 189, 84, 101, 55, 190, 21, 2, 115, 116, 155, 35, 194, 125, 90, 170, 174, 164, 103, 64, 97, 133, 144, 129, 177, 27, 147, 11, 91, 56, 4, 140, 73, 112, 150, 161, 135, 7, 37, 61, 77, 30, 181, 152, 70, 85, 46, 187, 89, 182, 71, 96, 29, 158, 69, 179, 28, 100, 87, 59, 126, 122, 120, 23, 188, 149, 24, 88, 92, 38, 132, 75, 154, 8, 50, 10]
Number of gene trees: 1000
0 trees have missing taxa
Calculating quartet distance matrix (for completion of X)
Species tree distances calculated ...
Building set of clusters (X) from gene trees 
Using tree-based weight calculation.
Number of Default Clusters: 17335
Number of quartet trees in the gene trees: 65998349604
calculating extra bipartitions to be added at level 1 ...
Number of Clusters after addition by distance: 17335
Adding to X using resolutions of greedy consensus ...
Threshold 0.0:
Threshold 0.01:
Threshold 0.02:
Threshold 0.05:
Threshold 0.1:
Threshold 0.2:
polytomy of size 3; rounds with additions with at least 0.01 support: 0; clusters: 17335
polytomy of size 3; rounds with additions with at least 0.01 support: 0; clusters: 17335
polytomy of size 4; rounds with additions with at least 0.01 support: 0; clusters: 17335
polytomy of size 4; rounds with additions with at least 0.01 support: 0; clusters: 17335
Threshold 0.3333333333333333:
polytomy of size 4; rounds with additions with at least 0.01 support: 0; clusters: 17335
polytomy of size 3; rounds with additions with at least 0.01 support: 0; clusters: 17335
polytomy of size 5; rounds with additions with at least 0.01 support: 0; clusters: 17335
polytomy of size 3; rounds with additions with at least 0.01 support: 0; clusters: 17335
polytomy of size 3; rounds with additions with at least 0.01 support: 0; clusters: 17335
polytomy of size 3; rounds with additions with at least 0.01 support: 0; clusters: 17335
polytomy of size 4; rounds with additions with at least 0.01 support: 0; clusters: 17335
polytomy of size 3; rounds with additions with at least 0.01 support: 0; clusters: 17335
polytomy of size 3; rounds with additions with at least 0.01 support: 0; clusters: 17335
polytomy of size 11; rounds with additions with at least 0.01 support: 0; clusters: 17383
Number of Clusters after addition by greedy: 17383
partitions formed in 12.742 secs
Dynamic Programming starting after 12.742 secs
Size of largest cluster: 201
Total Number of elements weighted: 76927
Normalized score (portion of input quartet trees satisfied): 0.9145398383922897
Final optimization score: 60358119981
Optimal tree inferred in 581.291 secs.
(175,(117,(105,(142,((((17,93),((162,52),(108,54))),((20,94),((197,(200,141)),(138,(192,160))))),(180,((32,(18,191)),((127,(169,(171,(199,176)))),((145,48),(((((57,(139,25)),(58,(114,167))),(2,(((33,1),(190,21)),(5,((80,163),(55,(101,(189,84)))))))),(((73,112),(56,(4,140))),(91,((147,11),(((97,133),((177,27),(144,129))),((35,((115,194),(116,155))),(64,(125,((90,170),(174,(164,103))))))))))),((((113,36),(63,34)),((172,178),((39,65),(68,(166,(60,86)))))),(0,(((69,(((71,96),(29,158)),((179,28),((100,87),((126,122),(59,(120,23))))))),((181,((77,30),(152,(70,(85,46))))),((150,(187,(37,61))),((89,182),(161,(135,7)))))),(128,((31,((134,(157,82)),((49,72),((188,149),(119,(184,143)))))),(((8,(50,10)),((24,88),((92,38),(132,(75,154))))),((83,((74,148),(146,(109,118)))),((((159,44),(153,53)),((183,42),((196,22),((19,(40,(14,110))),(156,((173,111),(13,185))))))),(((62,(193,15)),((99,43),(26,(106,(137,78))))),((66,(3,(102,(151,165)))),(16,((186,((76,(124,(51,79))),(98,(123,((107,195),(131,(168,104))))))),(((95,121),(9,136)),((6,(67,41)),(81,((45,130),(198,(12,47))))))))))))))))))))))))))));
Quartet score is: 60358119981
Normalized quartet score is: 0.9145398383922897
ASTRAL finished in 589.591 secs
