
================== ASTRAL ===================== 

This is ASTRAL version 4.10.10
Gene trees are treated as unrooted
1000 trees read from ASTRALDATA/model.50.2000000.0.000001/11/estimatedgenetre.halfresolved
All output trees will be *arbitrarily* rooted at 29

======== Running the main analysis
Number of taxa: 51 (51 species)
Taxa: [29, 2, 31, 41, 15, 40, 16, 24, 35, 26, 7, 30, 13, 23, 32, 4, 50, 43, 34, 20, 28, 38, 3, 21, 37, 33, 25, 48, 5, 39, 49, 27, 14, 8, 36, 9, 1, 22, 6, 46, 17, 18, 10, 45, 0, 19, 44, 42, 47, 11, 12]
Taxon occupancy: {35=1000, 36=1000, 33=1000, 34=1000, 39=1000, 37=1000, 38=1000, 43=1000, 42=1000, 41=1000, 40=1000, 22=1000, 23=1000, 24=1000, 25=1000, 26=1000, 27=1000, 28=1000, 29=1000, 3=1000, 2=1000, 1=1000, 0=1000, 7=1000, 30=1000, 6=1000, 32=1000, 5=1000, 4=1000, 31=1000, 9=1000, 8=1000, 19=1000, 17=1000, 18=1000, 15=1000, 16=1000, 13=1000, 14=1000, 11=1000, 12=1000, 21=1000, 20=1000, 49=1000, 48=1000, 45=1000, 44=1000, 47=1000, 46=1000, 10=1000, 50=1000}
Number of gene trees: 1000
0 trees have missing taxa
Calculating quartet distance matrix (for completion of X)
Species tree distances calculated ...
Building set of clusters (X) from gene trees 
Using tree-based weight calculation.
Number of Default Clusters: 7935
Number of quartet trees in the gene trees: 249896436
calculating extra bipartitions to be added at level 1 ...
Number of Clusters after addition by distance: 7935
Adding to X using resolutions of greedy consensus ...
Threshold 0.0:
Threshold 0.01:
Threshold 0.02:
Threshold 0.05:
polytomy of size 3; rounds with additions with at least 0.01 support: 0; clusters: 7935
Threshold 0.1:
polytomy of size 5; rounds with additions with at least 0.01 support: 0; clusters: 7935
Threshold 0.2:
polytomy of size 3; rounds with additions with at least 0.01 support: 0; clusters: 7935
polytomy of size 3; rounds with additions with at least 0.01 support: 0; clusters: 7935
polytomy of size 6; rounds with additions with at least 0.01 support: 0; clusters: 7935
Threshold 0.3333333333333333:
polytomy of size 4; rounds with additions with at least 0.01 support: 0; clusters: 7935
polytomy of size 3; rounds with additions with at least 0.01 support: 0; clusters: 7935
polytomy of size 9; rounds with additions with at least 0.01 support: 0; clusters: 7939
Number of Clusters after addition by greedy: 7939
partitions formed in 3.475 secs
Dynamic Programming starting after 3.475 secs
Size of largest cluster: 51
Total Number of elements weighted: 60549
Normalized score (portion of input quartet trees satisfied): 0.7442046552436626
Final optimization score: 185974091
Optimal tree inferred in 96.36 secs.
(35,(26,(24,((7,30),((15,(40,16)),((3,21),((8,36),((45,((0,((44,(42,47)),(19,(11,12)))),(37,((33,14),((5,27),(49,(48,(25,39)))))))),((((31,41),(29,2)),(38,((32,4),(13,23)))),(((20,28),(34,(50,43))),((9,1),((18,10),(17,(22,(6,46)))))))))))))));
Quartet score is: 185974091
Normalized quartet score is: 0.7442046552436626
ASTRAL finished in 97.415 secs
