
================== ASTRAL ===================== 

This is ASTRAL version 4.10.10
Gene trees are treated as unrooted
1000 trees read from ASTRALDATA/model.200.2000000.0.000001/01/estimatedgenetre.halfresolved
All output trees will be *arbitrarily* rooted at 8

======== Running the main analysis
Number of taxa: 201 (201 species)
Taxa: [8, 10, 50, 24, 88, 38, 132, 154, 75, 92, 136, 9, 3, 102, 165, 151, 6, 67, 41, 45, 130, 12, 47, 198, 121, 95, 76, 124, 51, 79, 81, 186, 98, 107, 131, 195, 123, 104, 168, 16, 118, 109, 146, 83, 148, 74, 62, 15, 193, 99, 43, 137, 78, 26, 106, 66, 134, 82, 157, 31, 72, 49, 188, 149, 119, 184, 143, 42, 183, 44, 159, 19, 14, 110, 40, 185, 13, 111, 173, 53, 153, 156, 196, 22, 128, 30, 77, 70, 85, 46, 152, 181, 182, 89, 7, 135, 161, 187, 150, 37, 61, 179, 28, 87, 100, 122, 126, 59, 120, 23, 69, 158, 29, 71, 96, 172, 178, 39, 65, 60, 166, 86, 68, 63, 34, 114, 167, 58, 139, 25, 57, 189, 84, 101, 55, 5, 163, 80, 2, 21, 190, 1, 33, 113, 36, 0, 48, 145, 127, 171, 176, 199, 169, 108, 54, 52, 162, 160, 197, 94, 20, 192, 138, 200, 141, 180, 142, 117, 105, 175, 32, 18, 191, 93, 17, 91, 147, 11, 164, 103, 174, 64, 90, 170, 125, 97, 133, 27, 177, 129, 144, 194, 115, 116, 35, 155, 4, 140, 56, 73, 112]
Taxon occupancy: {35=1000, 36=1000, 159=1000, 33=1000, 158=1000, 34=1000, 157=1000, 39=1000, 156=1000, 155=1000, 37=1000, 38=1000, 154=1000, 152=1000, 153=1000, 150=1000, 151=1000, 43=1000, 42=1000, 41=1000, 40=1000, 200=1000, 22=1000, 23=1000, 169=1000, 24=1000, 25=1000, 26=1000, 166=1000, 165=1000, 27=1000, 168=1000, 28=1000, 29=1000, 167=1000, 3=1000, 161=1000, 2=1000, 162=1000, 163=1000, 1=1000, 0=1000, 164=1000, 7=1000, 30=1000, 6=1000, 5=1000, 32=1000, 4=1000, 31=1000, 160=1000, 9=1000, 8=1000, 19=1000, 179=1000, 17=1000, 178=1000, 18=1000, 15=1000, 177=1000, 16=1000, 176=1000, 13=1000, 14=1000, 11=1000, 12=1000, 21=1000, 170=1000, 171=1000, 20=1000, 174=1000, 175=1000, 172=1000, 173=1000, 188=1000, 187=1000, 189=1000, 180=1000, 181=1000, 10=1000, 182=1000, 183=1000, 184=1000, 185=1000, 186=1000, 116=1000, 79=1000, 117=1000, 78=1000, 114=1000, 115=1000, 77=1000, 112=1000, 113=1000, 110=1000, 111=1000, 118=1000, 119=1000, 82=1000, 83=1000, 80=1000, 81=1000, 86=1000, 87=1000, 84=1000, 85=1000, 67=1000, 125=1000, 66=1000, 126=1000, 69=1000, 127=1000, 128=1000, 68=1000, 121=1000, 122=1000, 123=1000, 124=1000, 129=1000, 70=1000, 120=1000, 71=1000, 72=1000, 73=1000, 74=1000, 75=1000, 76=1000, 134=1000, 135=1000, 132=1000, 59=1000, 133=1000, 58=1000, 138=1000, 139=1000, 57=1000, 56=1000, 136=1000, 137=1000, 55=1000, 64=1000, 65=1000, 62=1000, 63=1000, 131=1000, 60=1000, 130=1000, 61=1000, 143=1000, 49=1000, 48=1000, 144=1000, 145=1000, 146=1000, 45=1000, 147=1000, 44=1000, 148=1000, 149=1000, 47=1000, 46=1000, 51=1000, 52=1000, 53=1000, 54=1000, 140=1000, 142=1000, 50=1000, 141=1000, 109=1000, 108=1000, 107=1000, 106=1000, 105=1000, 104=1000, 103=1000, 99=1000, 102=1000, 101=1000, 100=1000, 98=1000, 97=1000, 96=1000, 95=1000, 94=1000, 93=1000, 92=1000, 91=1000, 90=1000, 88=1000, 89=1000, 195=1000, 194=1000, 197=1000, 196=1000, 191=1000, 190=1000, 193=1000, 192=1000, 198=1000, 199=1000}
Number of gene trees: 1000
0 trees have missing taxa
Calculating quartet distance matrix (for completion of X)
Species tree distances calculated ...
Building set of clusters (X) from gene trees 
Using tree-based weight calculation.
Number of Default Clusters: 50497
Number of quartet trees in the gene trees: 65998348614
calculating extra bipartitions to be added at level 1 ...
Number of Clusters after addition by distance: 50497
Adding to X using resolutions of greedy consensus ...
Threshold 0.0:
Threshold 0.01:
Threshold 0.02:
Threshold 0.05:
polytomy of size 3; rounds with additions with at least 0.01 support: 0; clusters: 50497
polytomy of size 4; rounds with additions with at least 0.01 support: 0; clusters: 50497
Threshold 0.1:
polytomy of size 4; rounds with additions with at least 0.01 support: 0; clusters: 50497
polytomy of size 3; rounds with additions with at least 0.01 support: 0; clusters: 50497
polytomy of size 11; rounds with additions with at least 0.01 support: 0; clusters: 50497
Threshold 0.2:
polytomy of size 3; rounds with additions with at least 0.01 support: 0; clusters: 50497
polytomy of size 3; rounds with additions with at least 0.01 support: 0; clusters: 50497
polytomy of size 4; rounds with additions with at least 0.01 support: 0; clusters: 50497
polytomy of size 3; rounds with additions with at least 0.01 support: 0; clusters: 50497
polytomy of size 6; rounds with additions with at least 0.01 support: 0; clusters: 50497
polytomy of size 3; rounds with additions with at least 0.01 support: 0; clusters: 50497
polytomy of size 3; rounds with additions with at least 0.01 support: 0; clusters: 50497
polytomy of size 21; rounds with additions with at least 0.01 support: 0; clusters: 50497
Threshold 0.3333333333333333:
polytomy of size 3; rounds with additions with at least 0.01 support: 0; clusters: 50497
polytomy of size 4; rounds with additions with at least 0.01 support: 0; clusters: 50497
polytomy of size 4; rounds with additions with at least 0.01 support: 0; clusters: 50497
polytomy of size 3; rounds with additions with at least 0.01 support: 0; clusters: 50497
polytomy of size 3; rounds with additions with at least 0.01 support: 0; clusters: 50497
polytomy of size 7; rounds with additions with at least 0.01 support: 0; clusters: 50497
polytomy of size 3; rounds with additions with at least 0.01 support: 0; clusters: 50497
polytomy of size 4; rounds with additions with at least 0.01 support: 0; clusters: 50497
polytomy of size 3; rounds with additions with at least 0.01 support: 0; clusters: 50497
polytomy of size 4; rounds with additions with at least 0.01 support: 0; clusters: 50497
polytomy of size 7; rounds with additions with at least 0.01 support: 0; clusters: 50497
polytomy of size 3; rounds with additions with at least 0.01 support: 0; clusters: 50497
polytomy of size 24; rounds with additions with at least 0.01 support: 0; clusters: 50821
Number of Clusters after addition by greedy: 50821
partitions formed in 26.417 secs
Dynamic Programming starting after 26.417 secs
Size of largest cluster: 201
Calculated 100000 weights; time (seconds): 633
Calculated 200000 weights; time (seconds): 610
Total Number of elements weighted: 214211
Normalized score (portion of input quartet trees satisfied): 0.780998017790797
Final optimization score: 51544579445
Optimal tree inferred in 1333.984 secs.
(7,(135,(161,((182,89),((150,(187,(37,61))),((181,((30,77),(152,(70,(85,46))))),((69,(((71,96),(158,29)),((179,28),((87,100),((122,126),(59,(120,23))))))),((128,((31,((134,(82,157)),((72,49),((188,149),(119,(184,143)))))),(((8,(10,50)),((24,88),((38,92),(132,(154,75))))),((83,((148,74),(146,(118,109)))),((((53,153),(44,159)),((42,183),((196,22),((19,(110,(14,40))),(156,((111,173),(185,13))))))),(((62,(15,193)),((99,43),(26,(106,(137,78))))),(66,((3,(102,(165,151))),(16,((186,((76,(124,(51,79))),(98,((123,(107,195)),(131,(104,168)))))),(((136,9),(121,95)),((6,(67,41)),(81,((45,130),(198,(12,47)))))))))))))))),(0,((((63,34),(113,36)),((172,178),((39,65),(68,(166,(60,86)))))),(((48,145),((127,(169,(171,(176,199)))),((32,(18,191)),(180,((142,(105,(117,175))),(((93,17),((108,54),(52,162))),((94,20),(138,((160,192),(197,(200,141))))))))))),((((58,(114,167)),(57,(139,25))),((2,((21,190),(1,33))),(5,((163,80),(55,(101,(189,84))))))),(((73,112),(56,(4,140))),((147,11),(91,((64,(125,((90,170),(174,(164,103))))),((35,(116,(155,(194,115)))),((97,133),((27,177),(129,144))))))))))))))))))));
Quartet score is: 51544579445
Normalized quartet score is: 0.780998017790797
ASTRAL finished in 1341.882 secs
