
================== ASTRAL ===================== 

This is ASTRAL version 4.10.8
Gene trees are treated as unrooted
1000 trees read from ASTRALDATA/model.1000.2000000.0.000001/49/estimatedgenetre.halfresolved
All outputted trees will be *arbitrarily* rooted at 520

======== Running the main analysis
Number of taxa: 1001 (1001 species)
Taxa: [520, 761, 45, 913, 317, 31, 788, 858, 490, 731, 462, 97, 322, 121, 359, 80, 73, 119, 393, 203, 212, 840, 454, 925, 67, 963, 221, 900, 742, 166, 859, 932, 681, 93, 484, 392, 741, 86, 855, 24, 732, 388, 748, 719, 293, 178, 573, 245, 585, 509, 605, 864, 749, 140, 336, 780, 10, 191, 617, 159, 104, 847, 602, 315, 809, 827, 396, 880, 610, 52, 110, 597, 302, 935, 612, 371, 265, 13, 5, 99, 779, 39, 495, 765, 515, 403, 916, 825, 895, 249, 540, 628, 943, 146, 554, 884, 349, 551, 429, 135, 974, 785, 553, 867, 323, 782, 500, 756, 311, 929, 207, 654, 383, 921, 506, 623, 559, 608, 467, 824, 152, 687, 199, 886, 7, 348, 46, 552, 533, 689, 643, 811, 469, 576, 915, 319, 242, 356, 823, 183, 558, 329, 564, 363, 35, 754, 803, 587, 137, 127, 668, 188, 793, 775, 797, 411, 799, 512, 646, 364, 312, 408, 626, 6, 307, 365, 568, 194, 77, 44, 543, 632, 904, 23, 280, 728, 667, 205, 355, 873, 949, 173, 261, 583, 438, 906, 257, 801, 238, 683, 743, 842, 878, 783, 175, 361, 980, 60, 147, 680, 598, 236, 835, 790, 645, 250, 816, 898, 642, 54, 193, 851, 848, 716, 705, 778, 217, 435, 372, 922, 53, 876, 341, 534, 846, 30, 416, 826, 773, 174, 538, 430, 184, 712, 228, 497, 144, 112, 298, 711, 172, 624, 590, 652, 710, 800, 735, 595, 299, 108, 766, 264, 769, 431, 896, 313, 139, 504, 565, 791, 912, 695, 524, 187, 414, 91, 321, 591, 569, 666, 33, 168, 340, 202, 994, 8, 405, 511, 960, 81, 381, 314, 976, 486, 400, 492, 1, 332, 284, 862, 902, 189, 9, 483, 259, 195, 722, 908, 20, 17, 220, 440, 821, 708, 607, 274, 42, 47, 991, 657, 434, 661, 263, 143, 230, 145, 589, 354, 739, 634, 38, 465, 297, 989, 508, 277, 560, 331, 186, 192, 833, 970, 853, 88, 409, 760, 231, 930, 244, 273, 528, 807, 965, 570, 802, 420, 536, 271, 586, 426, 347, 330, 676, 648, 692, 103, 729, 66, 890, 819, 531, 14, 836, 810, 933, 499, 457, 523, 480, 547, 398, 582, 83, 182, 655, 128, 339, 292, 986, 507, 232, 222, 214, 640, 450, 917, 763, 0, 603, 914, 726, 762, 831, 253, 219, 883, 881, 290, 678, 972, 141, 98, 63, 468, 154, 684, 575, 216, 71, 682, 455, 89, 122, 753, 745, 563, 11, 281, 136, 59, 432, 335, 625, 70, 776, 449, 436, 57, 688, 752, 724, 798, 489, 303, 656, 601, 235, 25, 907, 346, 962, 441, 737, 491, 805, 320, 475, 208, 845, 451, 979, 620, 863, 19, 555, 843, 129, 328, 370, 390, 90, 18, 814, 693, 715, 882, 300, 404, 36, 567, 218, 443, 107, 942, 479, 2, 295, 254, 384, 830, 456, 294, 40, 305, 197, 276, 781, 369, 163, 279, 505, 460, 581, 725, 885, 79, 255, 102, 240, 282, 609, 993, 177, 368, 310, 738, 301, 718, 133, 939, 768, 720, 343, 839, 167, 224, 148, 751, 28, 755, 561, 593, 422, 596, 658, 644, 875, 696, 966, 997, 204, 132, 389, 723, 968, 947, 437, 952, 550, 817, 571, 373, 117, 818, 458, 158, 95, 226, 521, 955, 353, 677, 888, 213, 209, 865, 176, 410, 262, 860, 283, 641, 518, 116, 459, 874, 227, 599, 325, 918, 984, 967, 958, 794, 665, 544, 792, 324, 614, 584, 934, 546, 399, 327, 50, 525, 161, 344, 423, 237, 699, 424, 849, 234, 225, 478, 164, 866, 43, 196, 649, 109, 579, 796, 1000, 618, 472, 829, 342, 56, 51, 924, 496, 268, 832, 872, 664, 616, 672, 142, 68, 707, 630, 55, 463, 808, 517, 713, 686, 893, 351, 198, 513, 105, 502, 879, 889, 787, 690, 64, 757, 125, 822, 165, 669, 660, 663, 621, 750, 588, 477, 16, 185, 674, 899, 903, 709, 201, 34, 29, 992, 673, 919, 704, 171, 425, 635, 286, 920, 834, 627, 770, 978, 953, 379, 367, 49, 950, 62, 395, 251, 326, 380, 996, 594, 357, 758, 911, 736, 134, 162, 385, 84, 131, 619, 288, 96, 406, 706, 252, 901, 633, 446, 120, 387, 150, 786, 421, 637, 764, 905, 759, 487, 473, 215, 482, 333, 631, 402, 138, 407, 639, 572, 246, 772, 852, 247, 928, 266, 514, 789, 870, 151, 844, 123, 526, 734, 600, 671, 988, 258, 767, 510, 959, 352, 931, 956, 21, 604, 771, 445, 358, 269, 114, 578, 32, 223, 427, 485, 841, 452, 998, 999, 233, 650, 248, 304, 85, 981, 740, 382, 285, 659, 113, 698, 260, 530, 270, 574, 909, 318, 522, 100, 961, 337, 157, 190, 433, 951, 941, 256, 69, 838, 309, 948, 241, 181, 938, 366, 267, 557, 566, 945, 613, 636, 982, 308, 545, 638, 41, 180, 61, 362, 717, 153, 316, 170, 87, 837, 556, 820, 675, 493, 721, 401, 519, 679, 287, 278, 647, 537, 156, 606, 243, 470, 727, 334, 529, 611, 58, 386, 869, 854, 629, 488, 774, 101, 815, 702, 541, 471, 394, 861, 149, 118, 910, 927, 503, 428, 453, 130, 975, 345, 701, 747, 461, 206, 378, 419, 474, 804, 777, 498, 375, 977, 397, 714, 897, 957, 12, 374, 857, 936, 850, 126, 694, 535, 75, 887, 481, 871, 37, 376, 987, 969, 179, 296, 22, 923, 289, 615, 527, 338, 971, 983, 995, 74, 891, 476, 562, 730, 291, 784, 653, 542, 115, 877, 651, 622, 272, 580, 65, 417, 78, 746, 124, 733, 306, 3, 239, 691, 4, 412, 350, 985, 418, 532, 48, 744, 210, 76, 444, 926, 160, 937, 940, 894, 111, 27, 447, 806, 413, 275, 377, 700, 15, 868, 592, 211, 494, 795, 577, 92, 155, 442, 391, 670, 812, 548, 106, 990, 169, 697, 662, 973, 828, 72, 439, 946, 464, 448, 964, 415, 685, 94, 944, 516, 229, 539, 856, 501, 954, 892, 360, 703, 200, 82, 26, 549, 466, 813]
Taxon occupancy: {338=1000, 339=1000, 941=1000, 942=1000, 940=1000, 945=1000, 332=1000, 946=1000, 333=1000, 330=1000, 943=1000, 944=1000, 331=1000, 336=1000, 949=1000, 337=1000, 334=1000, 947=1000, 948=1000, 335=1000, 531=1000, 748=1000, 747=1000, 530=1000, 746=1000, 745=1000, 535=1000, 534=1000, 533=1000, 532=1000, 749=1000, 539=1000, 740=1000, 538=1000, 537=1000, 536=1000, 744=1000, 743=1000, 742=1000, 741=1000, 349=1000, 930=1000, 931=1000, 341=1000, 932=1000, 933=1000, 342=1000, 343=1000, 934=1000, 935=1000, 344=1000, 936=1000, 345=1000, 937=1000, 346=1000, 938=1000, 347=1000, 348=1000, 939=1000, 3=1000, 735=1000, 540=1000, 929=1000, 2=1000, 734=1000, 542=1000, 1=1000, 737=1000, 541=1000, 0=1000, 736=1000, 739=1000, 7=1000, 544=1000, 6=1000, 543=1000, 738=1000, 340=1000, 5=1000, 546=1000, 4=1000, 545=1000, 548=1000, 547=1000, 9=1000, 549=1000, 8=1000, 731=1000, 730=1000, 733=1000, 732=1000, 920=1000, 318=1000, 319=1000, 316=1000, 317=1000, 927=1000, 314=1000, 315=1000, 928=1000, 925=1000, 312=1000, 926=1000, 313=1000, 923=1000, 310=1000, 311=1000, 924=1000, 921=1000, 922=1000, 513=1000, 729=1000, 512=1000, 511=1000, 728=1000, 727=1000, 510=1000, 726=1000, 725=1000, 724=1000, 919=1000, 723=1000, 918=1000, 722=1000, 721=1000, 519=1000, 720=1000, 518=1000, 517=1000, 516=1000, 515=1000, 514=1000, 327=1000, 328=1000, 329=1000, 323=1000, 914=1000, 915=1000, 324=1000, 916=1000, 325=1000, 917=1000, 326=1000, 910=1000, 709=1000, 320=1000, 911=1000, 321=1000, 912=1000, 322=1000, 913=1000, 717=1000, 522=1000, 716=1000, 521=1000, 524=1000, 719=1000, 523=1000, 718=1000, 908=1000, 713=1000, 712=1000, 907=1000, 520=1000, 715=1000, 714=1000, 909=1000, 529=1000, 711=1000, 710=1000, 526=1000, 525=1000, 528=1000, 527=1000, 989=1000, 988=1000, 987=1000, 571=1000, 570=1000, 982=1000, 981=1000, 980=1000, 986=1000, 985=1000, 984=1000, 983=1000, 700=1000, 703=1000, 574=1000, 575=1000, 704=1000, 701=1000, 572=1000, 702=1000, 573=1000, 707=1000, 578=1000, 708=1000, 579=1000, 705=1000, 576=1000, 577=1000, 706=1000, 977=1000, 976=1000, 979=1000, 300=1000, 978=1000, 580=1000, 302=1000, 301=1000, 582=1000, 304=1000, 303=1000, 581=1000, 306=1000, 305=1000, 971=1000, 308=1000, 970=1000, 307=1000, 973=1000, 309=1000, 972=1000, 975=1000, 974=1000, 583=1000, 584=1000, 585=1000, 586=1000, 587=1000, 588=1000, 589=1000, 969=1000, 968=1000, 967=1000, 966=1000, 965=1000, 964=1000, 963=1000, 962=1000, 961=1000, 960=1000, 558=1000, 559=1000, 556=1000, 557=1000, 554=1000, 555=1000, 552=1000, 553=1000, 550=1000, 551=1000, 959=1000, 958=1000, 560=1000, 955=1000, 954=1000, 957=1000, 956=1000, 951=1000, 950=1000, 953=1000, 952=1000, 569=1000, 565=1000, 566=1000, 567=1000, 568=1000, 561=1000, 562=1000, 563=1000, 564=1000, 799=1000, 798=1000, 797=1000, 796=1000, 795=1000, 794=1000, 793=1000, 792=1000, 790=1000, 996=1000, 791=1000, 997=1000, 994=1000, 995=1000, 992=1000, 993=1000, 990=1000, 991=1000, 998=1000, 999=1000, 781=1000, 782=1000, 783=1000, 784=1000, 785=1000, 786=1000, 787=1000, 788=1000, 789=1000, 780=1000, 505=1000, 772=1000, 773=1000, 506=1000, 503=1000, 770=1000, 504=1000, 771=1000, 509=1000, 776=1000, 777=1000, 774=1000, 507=1000, 508=1000, 775=1000, 778=1000, 779=1000, 501=1000, 502=1000, 500=1000, 763=1000, 764=1000, 765=1000, 766=1000, 760=1000, 761=1000, 762=1000, 767=1000, 768=1000, 769=1000, 754=1000, 755=1000, 752=1000, 753=1000, 750=1000, 751=1000, 758=1000, 759=1000, 756=1000, 757=1000, 595=1000, 594=1000, 391=1000, 597=1000, 390=1000, 596=1000, 393=1000, 599=1000, 598=1000, 392=1000, 395=1000, 394=1000, 396=1000, 397=1000, 398=1000, 399=1000, 590=1000, 591=1000, 592=1000, 593=1000, 383=1000, 384=1000, 381=1000, 382=1000, 380=1000, 389=1000, 388=1000, 387=1000, 386=1000, 385=1000, 370=1000, 371=1000, 372=1000, 373=1000, 379=1000, 378=1000, 375=1000, 374=1000, 377=1000, 376=1000, 361=1000, 362=1000, 360=1000, 366=1000, 365=1000, 364=1000, 363=1000, 369=1000, 368=1000, 367=1000, 350=1000, 351=1000, 353=1000, 352=1000, 355=1000, 354=1000, 357=1000, 356=1000, 359=1000, 358=1000, 806=1000, 807=1000, 804=1000, 805=1000, 802=1000, 803=1000, 800=1000, 801=1000, 159=1000, 158=1000, 157=1000, 156=1000, 155=1000, 154=1000, 152=1000, 601=1000, 153=1000, 600=1000, 150=1000, 151=1000, 609=1000, 608=1000, 607=1000, 606=1000, 605=1000, 604=1000, 603=1000, 602=1000, 202=1000, 203=1000, 204=1000, 205=1000, 200=1000, 201=1000, 169=1000, 206=1000, 166=1000, 207=1000, 165=1000, 168=1000, 208=1000, 167=1000, 209=1000, 409=1000, 161=1000, 408=1000, 162=1000, 163=1000, 164=1000, 405=1000, 404=1000, 407=1000, 160=1000, 406=1000, 401=1000, 400=1000, 403=1000, 402=1000, 211=1000, 824=1000, 825=1000, 212=1000, 822=1000, 210=1000, 823=1000, 828=1000, 215=1000, 216=1000, 829=1000, 826=1000, 213=1000, 214=1000, 827=1000, 179=1000, 219=1000, 178=1000, 217=1000, 177=1000, 218=1000, 176=1000, 820=1000, 821=1000, 418=1000, 170=1000, 417=1000, 171=1000, 416=1000, 415=1000, 174=1000, 623=1000, 622=1000, 175=1000, 172=1000, 621=1000, 419=1000, 173=1000, 620=1000, 410=1000, 627=1000, 626=1000, 625=1000, 819=1000, 624=1000, 414=1000, 413=1000, 412=1000, 629=1000, 628=1000, 411=1000, 220=1000, 811=1000, 812=1000, 221=1000, 813=1000, 222=1000, 814=1000, 223=1000, 815=1000, 224=1000, 816=1000, 225=1000, 817=1000, 226=1000, 818=1000, 227=1000, 228=1000, 188=1000, 229=1000, 187=1000, 189=1000, 810=1000, 427=1000, 180=1000, 426=1000, 181=1000, 429=1000, 428=1000, 182=1000, 610=1000, 183=1000, 184=1000, 612=1000, 185=1000, 611=1000, 186=1000, 809=1000, 614=1000, 613=1000, 808=1000, 616=1000, 421=1000, 615=1000, 420=1000, 423=1000, 618=1000, 617=1000, 422=1000, 425=1000, 424=1000, 619=1000, 843=1000, 116=1000, 842=1000, 117=1000, 114=1000, 841=1000, 115=1000, 840=1000, 112=1000, 113=1000, 110=1000, 111=1000, 849=1000, 848=1000, 847=1000, 846=1000, 118=1000, 845=1000, 119=1000, 844=1000, 435=1000, 436=1000, 433=1000, 434=1000, 431=1000, 432=1000, 430=1000, 439=1000, 437=1000, 438=1000, 830=1000, 125=1000, 126=1000, 127=1000, 832=1000, 128=1000, 831=1000, 121=1000, 122=1000, 123=1000, 124=1000, 838=1000, 837=1000, 839=1000, 129=1000, 834=1000, 833=1000, 836=1000, 835=1000, 444=1000, 445=1000, 446=1000, 447=1000, 440=1000, 441=1000, 442=1000, 443=1000, 120=1000, 448=1000, 449=1000, 861=1000, 134=1000, 135=1000, 860=1000, 132=1000, 133=1000, 865=1000, 138=1000, 139=1000, 864=1000, 136=1000, 863=1000, 862=1000, 137=1000, 869=1000, 868=1000, 867=1000, 866=1000, 450=1000, 453=1000, 454=1000, 451=1000, 452=1000, 457=1000, 458=1000, 455=1000, 456=1000, 459=1000, 131=1000, 130=1000, 143=1000, 144=1000, 850=1000, 145=1000, 146=1000, 147=1000, 852=1000, 851=1000, 148=1000, 149=1000, 854=1000, 853=1000, 856=1000, 855=1000, 858=1000, 857=1000, 859=1000, 461=1000, 460=1000, 462=1000, 463=1000, 464=1000, 465=1000, 466=1000, 467=1000, 468=1000, 469=1000, 140=1000, 142=1000, 141=1000, 687=1000, 686=1000, 689=1000, 688=1000, 683=1000, 682=1000, 685=1000, 684=1000, 888=1000, 889=1000, 884=1000, 885=1000, 680=1000, 886=1000, 887=1000, 681=1000, 880=1000, 881=1000, 882=1000, 883=1000, 678=1000, 677=1000, 676=1000, 675=1000, 674=1000, 673=1000, 672=1000, 671=1000, 679=1000, 879=1000, 877=1000, 878=1000, 875=1000, 670=1000, 876=1000, 873=1000, 874=1000, 871=1000, 872=1000, 870=1000, 696=1000, 695=1000, 694=1000, 693=1000, 890=1000, 699=1000, 698=1000, 697=1000, 899=1000, 893=1000, 894=1000, 891=1000, 892=1000, 691=1000, 897=1000, 692=1000, 898=1000, 895=1000, 896=1000, 690=1000, 646=1000, 647=1000, 648=1000, 649=1000, 195=1000, 642=1000, 643=1000, 194=1000, 197=1000, 644=1000, 645=1000, 196=1000, 191=1000, 190=1000, 640=1000, 193=1000, 192=1000, 641=1000, 198=1000, 199=1000, 639=1000, 637=1000, 638=1000, 635=1000, 636=1000, 633=1000, 634=1000, 631=1000, 632=1000, 630=1000, 668=1000, 669=1000, 660=1000, 661=1000, 662=1000, 663=1000, 664=1000, 665=1000, 666=1000, 667=1000, 659=1000, 657=1000, 658=1000, 651=1000, 652=1000, 650=1000, 655=1000, 656=1000, 653=1000, 654=1000, 35=1000, 36=1000, 33=1000, 34=1000, 39=1000, 37=1000, 38=1000, 43=1000, 42=1000, 41=1000, 40=1000, 22=1000, 23=1000, 24=1000, 25=1000, 26=1000, 27=1000, 28=1000, 29=1000, 30=1000, 32=1000, 31=1000, 19=1000, 17=1000, 18=1000, 15=1000, 16=1000, 13=1000, 14=1000, 11=1000, 12=1000, 21=1000, 20=1000, 10=1000, 79=1000, 78=1000, 77=1000, 82=1000, 83=1000, 80=1000, 81=1000, 86=1000, 87=1000, 84=1000, 85=1000, 67=1000, 66=1000, 69=1000, 68=1000, 70=1000, 71=1000, 72=1000, 73=1000, 74=1000, 75=1000, 76=1000, 59=1000, 58=1000, 57=1000, 56=1000, 55=1000, 64=1000, 65=1000, 62=1000, 63=1000, 60=1000, 61=1000, 49=1000, 48=1000, 45=1000, 44=1000, 47=1000, 46=1000, 51=1000, 52=1000, 53=1000, 54=1000, 50=1000, 281=1000, 487=1000, 486=1000, 280=1000, 485=1000, 484=1000, 285=1000, 284=1000, 489=1000, 283=1000, 488=1000, 282=1000, 288=1000, 289=1000, 286=1000, 287=1000, 482=1000, 483=1000, 480=1000, 481=1000, 474=1000, 473=1000, 476=1000, 270=1000, 475=1000, 272=1000, 478=1000, 271=1000, 477=1000, 274=1000, 273=1000, 479=1000, 275=1000, 276=1000, 277=1000, 278=1000, 279=1000, 470=1000, 471=1000, 472=1000, 1000=1000, 109=1000, 108=1000, 107=1000, 106=1000, 105=1000, 104=1000, 103=1000, 99=1000, 102=1000, 101=1000, 100=1000, 98=1000, 97=1000, 96=1000, 95=1000, 94=1000, 93=1000, 92=1000, 91=1000, 90=1000, 294=1000, 499=1000, 293=1000, 296=1000, 295=1000, 290=1000, 496=1000, 495=1000, 498=1000, 292=1000, 291=1000, 497=1000, 491=1000, 492=1000, 493=1000, 494=1000, 297=1000, 298=1000, 299=1000, 490=1000, 88=1000, 89=1000, 240=1000, 241=1000, 245=1000, 244=1000, 243=1000, 242=1000, 249=1000, 248=1000, 247=1000, 246=1000, 230=1000, 239=1000, 232=1000, 231=1000, 234=1000, 233=1000, 236=1000, 235=1000, 238=1000, 237=1000, 262=1000, 263=1000, 260=1000, 261=1000, 269=1000, 268=1000, 267=1000, 266=1000, 265=1000, 264=1000, 250=1000, 251=1000, 252=1000, 904=1000, 258=1000, 257=1000, 903=1000, 906=1000, 259=1000, 905=1000, 900=1000, 254=1000, 253=1000, 256=1000, 902=1000, 255=1000, 901=1000}
Number of gene trees: 1000
0 trees have missing taxa
Calculating quartet distance matrix (for completion of X)
Species tree distances calculated ...
Building set of clusters (X) from gene trees 
Using tree-based weight calculation.
Number of Default Clusters: 498129
Number of quartet trees in the gene trees: 41581372331050
calculating extra bipartitions to be added at level 1 ...
Number of Clusters after addition by distance: 498175
Adding to X using resolutions of greedy consensus ...
Threshold 0.0:
polytomy of size 3; rounds with additions with at least 0.01 support: 1; clusters: 498179
polytomy of size 19; rounds with additions with at least 0.01 support: 34; clusters: 502389
Threshold 0.01:
polytomy of size 5; rounds with additions with at least 0.01 support: 0; clusters: 502397
polytomy of size 3; rounds with additions with at least 0.01 support: 0; clusters: 502397
polytomy of size 41; rounds with additions with at least 0.01 support: 40; clusters: 526353
Threshold 0.02:
polytomy of size 3; rounds with additions with at least 0.01 support: 0; clusters: 526353
polytomy of size 3; rounds with additions with at least 0.01 support: 0; clusters: 526353
polytomy of size 5; rounds with additions with at least 0.01 support: 0; clusters: 526353
polytomy of size 3; rounds with additions with at least 0.01 support: 0; clusters: 526353
polytomy of size 51; rounds with additions with at least 0.01 support: 8; clusters: 560549
Threshold 0.05:
polytomy of size 3; rounds with additions with at least 0.01 support: 0; clusters: 560549
polytomy of size 4; rounds with additions with at least 0.01 support: 0; clusters: 560549
polytomy of size 5; rounds with additions with at least 0.01 support: 0; clusters: 560549
polytomy of size 3; rounds with additions with at least 0.01 support: 0; clusters: 560549
polytomy of size 3; rounds with additions with at least 0.01 support: 0; clusters: 560549
polytomy of size 3; rounds with additions with at least 0.01 support: 0; clusters: 560549
polytomy of size 83; rounds with additions with at least 0.01 support: 1; clusters: 560945
Threshold 0.1:
polytomy of size 3; rounds with additions with at least 0.01 support: 0; clusters: 560945
polytomy of size 3; rounds with additions with at least 0.01 support: 0; clusters: 560945
polytomy of size 3; rounds with additions with at least 0.01 support: 0; clusters: 560945
polytomy of size 5; rounds with additions with at least 0.01 support: 0; clusters: 560945
polytomy of size 3; rounds with additions with at least 0.01 support: 0; clusters: 560945
polytomy of size 3; rounds with additions with at least 0.01 support: 0; clusters: 560945
polytomy of size 3; rounds with additions with at least 0.01 support: 0; clusters: 560945
polytomy of size 5; rounds with additions with at least 0.01 support: 0; clusters: 560945
polytomy of size 4; rounds with additions with at least 0.01 support: 0; clusters: 560945
polytomy of size 3; rounds with additions with at least 0.01 support: 0; clusters: 560945
polytomy of size 3; rounds with additions with at least 0.01 support: 0; clusters: 560945
polytomy of size 5; rounds with additions with at least 0.01 support: 0; clusters: 560945
polytomy of size 3; rounds with additions with at least 0.01 support: 0; clusters: 560945
polytomy of size 4; rounds with additions with at least 0.01 support: 0; clusters: 560945
polytomy of size 3; rounds with additions with at least 0.01 support: 0; clusters: 560945
polytomy of size 122; rounds with additions with at least 0.01 support: 0; clusters: 561301
Threshold 0.2:
polytomy of size 4; rounds with additions with at least 0.01 support: 0; clusters: 561301
polytomy of size 3; rounds with additions with at least 0.01 support: 0; clusters: 561301
polytomy of size 3; rounds with additions with at least 0.01 support: 0; clusters: 561301
polytomy of size 5; rounds with additions with at least 0.01 support: 0; clusters: 561301
polytomy of size 3; rounds with additions with at least 0.01 support: 0; clusters: 561301
polytomy of size 7; rounds with additions with at least 0.01 support: 0; clusters: 561301
polytomy of size 4; rounds with additions with at least 0.01 support: 0; clusters: 561301
polytomy of size 6; rounds with additions with at least 0.01 support: 0; clusters: 561301
polytomy of size 3; rounds with additions with at least 0.01 support: 0; clusters: 561301
polytomy of size 4; rounds with additions with at least 0.01 support: 0; clusters: 561301
polytomy of size 3; rounds with additions with at least 0.01 support: 0; clusters: 561301
polytomy of size 4; rounds with additions with at least 0.01 support: 0; clusters: 561301
polytomy of size 5; rounds with additions with at least 0.01 support: 0; clusters: 561301
polytomy of size 3; rounds with additions with at least 0.01 support: 0; clusters: 561301
polytomy of size 4; rounds with additions with at least 0.01 support: 0; clusters: 561301
polytomy of size 3; rounds with additions with at least 0.01 support: 0; clusters: 561301
polytomy of size 3; rounds with additions with at least 0.01 support: 0; clusters: 561301
polytomy of size 7; rounds with additions with at least 0.01 support: 0; clusters: 561301
polytomy of size 5; rounds with additions with at least 0.01 support: 0; clusters: 561301
polytomy of size 3; rounds with additions with at least 0.01 support: 0; clusters: 561301
polytomy of size 3; rounds with additions with at least 0.01 support: 0; clusters: 561301
polytomy of size 3; rounds with additions with at least 0.01 support: 0; clusters: 561301
polytomy of size 3; rounds with additions with at least 0.01 support: 0; clusters: 561301
polytomy of size 6; rounds with additions with at least 0.01 support: 0; clusters: 561301
polytomy of size 3; rounds with additions with at least 0.01 support: 0; clusters: 561301
polytomy of size 4; rounds with additions with at least 0.01 support: 0; clusters: 561301
polytomy of size 3; rounds with additions with at least 0.01 support: 0; clusters: 561301
polytomy of size 3; rounds with additions with at least 0.01 support: 0; clusters: 561301
polytomy of size 5; rounds with additions with at least 0.01 support: 0; clusters: 561301
polytomy of size 3; rounds with additions with at least 0.01 support: 0; clusters: 561301
polytomy of size 3; rounds with additions with at least 0.01 support: 0; clusters: 561301
polytomy of size 5; rounds with additions with at least 0.01 support: 0; clusters: 561301
polytomy of size 5; rounds with additions with at least 0.01 support: 0; clusters: 561301
polytomy of size 4; rounds with additions with at least 0.01 support: 0; clusters: 561301
polytomy of size 3; rounds with additions with at least 0.01 support: 0; clusters: 561301
polytomy of size 4; rounds with additions with at least 0.01 support: 0; clusters: 561301
polytomy of size 3; rounds with additions with at least 0.01 support: 0; clusters: 561301
polytomy of size 4; rounds with additions with at least 0.01 support: 0; clusters: 561301
polytomy of size 3; rounds with additions with at least 0.01 support: 0; clusters: 561301
polytomy of size 3; rounds with additions with at least 0.01 support: 0; clusters: 561301
polytomy of size 3; rounds with additions with at least 0.01 support: 0; clusters: 561301
polytomy of size 5; rounds with additions with at least 0.01 support: 0; clusters: 561301
polytomy of size 3; rounds with additions with at least 0.01 support: 0; clusters: 561301
Threshold 0.3333333333333333:
polytomy of size 4; rounds with additions with at least 0.01 support: 0; clusters: 561301
polytomy of size 3; rounds with additions with at least 0.01 support: 0; clusters: 561301
polytomy of size 5; rounds with additions with at least 0.01 support: 0; clusters: 561301
polytomy of size 3; rounds with additions with at least 0.01 support: 0; clusters: 561301
polytomy of size 5; rounds with additions with at least 0.01 support: 0; clusters: 561301
polytomy of size 6; rounds with additions with at least 0.01 support: 0; clusters: 561301
polytomy of size 4; rounds with additions with at least 0.01 support: 0; clusters: 561301
polytomy of size 4; rounds with additions with at least 0.01 support: 0; clusters: 561301
polytomy of size 3; rounds with additions with at least 0.01 support: 0; clusters: 561301
polytomy of size 3; rounds with additions with at least 0.01 support: 0; clusters: 561301
polytomy of size 3; rounds with additions with at least 0.01 support: 0; clusters: 561301
polytomy of size 4; rounds with additions with at least 0.01 support: 0; clusters: 561301
polytomy of size 10; rounds with additions with at least 0.01 support: 0; clusters: 561357
polytomy of size 7; rounds with additions with at least 0.01 support: 0; clusters: 561357
polytomy of size 8; rounds with additions with at least 0.01 support: 0; clusters: 561359
polytomy of size 4; rounds with additions with at least 0.01 support: 0; clusters: 561359
polytomy of size 3; rounds with additions with at least 0.01 support: 0; clusters: 561359
polytomy of size 4; rounds with additions with at least 0.01 support: 0; clusters: 561359
polytomy of size 5; rounds with additions with at least 0.01 support: 0; clusters: 561359
polytomy of size 3; rounds with additions with at least 0.01 support: 0; clusters: 561359
polytomy of size 4; rounds with additions with at least 0.01 support: 0; clusters: 561359
polytomy of size 3; rounds with additions with at least 0.01 support: 0; clusters: 561359
polytomy of size 5; rounds with additions with at least 0.01 support: 0; clusters: 561359
polytomy of size 4; rounds with additions with at least 0.01 support: 0; clusters: 561359
polytomy of size 9; rounds with additions with at least 0.01 support: 0; clusters: 561387
polytomy of size 4; rounds with additions with at least 0.01 support: 0; clusters: 561387
polytomy of size 3; rounds with additions with at least 0.01 support: 0; clusters: 561387
polytomy of size 3; rounds with additions with at least 0.01 support: 0; clusters: 561387
polytomy of size 6; rounds with additions with at least 0.01 support: 0; clusters: 561387
polytomy of size 3; rounds with additions with at least 0.01 support: 0; clusters: 561387
polytomy of size 3; rounds with additions with at least 0.01 support: 0; clusters: 561387
polytomy of size 3; rounds with additions with at least 0.01 support: 0; clusters: 561387
polytomy of size 3; rounds with additions with at least 0.01 support: 0; clusters: 561387
polytomy of size 3; rounds with additions with at least 0.01 support: 0; clusters: 561387
polytomy of size 3; rounds with additions with at least 0.01 support: 0; clusters: 561387
polytomy of size 5; rounds with additions with at least 0.01 support: 0; clusters: 561387
polytomy of size 4; rounds with additions with at least 0.01 support: 0; clusters: 561387
polytomy of size 4; rounds with additions with at least 0.01 support: 0; clusters: 561387
polytomy of size 3; rounds with additions with at least 0.01 support: 0; clusters: 561387
polytomy of size 7; rounds with additions with at least 0.01 support: 0; clusters: 561387
polytomy of size 4; rounds with additions with at least 0.01 support: 0; clusters: 561387
polytomy of size 5; rounds with additions with at least 0.01 support: 0; clusters: 561387
polytomy of size 4; rounds with additions with at least 0.01 support: 0; clusters: 561387
polytomy of size 4; rounds with additions with at least 0.01 support: 0; clusters: 561387
polytomy of size 3; rounds with additions with at least 0.01 support: 0; clusters: 561387
polytomy of size 3; rounds with additions with at least 0.01 support: 0; clusters: 561387
polytomy of size 4; rounds with additions with at least 0.01 support: 0; clusters: 561387
polytomy of size 3; rounds with additions with at least 0.01 support: 0; clusters: 561387
polytomy of size 6; rounds with additions with at least 0.01 support: 0; clusters: 561387
polytomy of size 3; rounds with additions with at least 0.01 support: 0; clusters: 561387
polytomy of size 3; rounds with additions with at least 0.01 support: 0; clusters: 561387
polytomy of size 3; rounds with additions with at least 0.01 support: 0; clusters: 561387
polytomy of size 8; rounds with additions with at least 0.01 support: 0; clusters: 561389
polytomy of size 7; rounds with additions with at least 0.01 support: 0; clusters: 561389
polytomy of size 3; rounds with additions with at least 0.01 support: 0; clusters: 561389
polytomy of size 11; rounds with additions with at least 0.01 support: 0; clusters: 561437
polytomy of size 3; rounds with additions with at least 0.01 support: 0; clusters: 561437
polytomy of size 3; rounds with additions with at least 0.01 support: 0; clusters: 561437
polytomy of size 3; rounds with additions with at least 0.01 support: 0; clusters: 561437
polytomy of size 6; rounds with additions with at least 0.01 support: 0; clusters: 561437
polytomy of size 3; rounds with additions with at least 0.01 support: 0; clusters: 561437
polytomy of size 3; rounds with additions with at least 0.01 support: 0; clusters: 561437
polytomy of size 3; rounds with additions with at least 0.01 support: 0; clusters: 561437
polytomy of size 3; rounds with additions with at least 0.01 support: 0; clusters: 561437
polytomy of size 3; rounds with additions with at least 0.01 support: 0; clusters: 561437
polytomy of size 4; rounds with additions with at least 0.01 support: 0; clusters: 561437
polytomy of size 3; rounds with additions with at least 0.01 support: 0; clusters: 561437
polytomy of size 5; rounds with additions with at least 0.01 support: 0; clusters: 561437
polytomy of size 3; rounds with additions with at least 0.01 support: 0; clusters: 561437
polytomy of size 3; rounds with additions with at least 0.01 support: 0; clusters: 561437
polytomy of size 13; rounds with additions with at least 0.01 support: 0; clusters: 561601
polytomy of size 4; rounds with additions with at least 0.01 support: 0; clusters: 561601
polytomy of size 6; rounds with additions with at least 0.01 support: 0; clusters: 561601
polytomy of size 3; rounds with additions with at least 0.01 support: 0; clusters: 561601
Number of Clusters after addition by greedy: 561601
partitions formed in 1228.521 secs
Dynamic Programming starting after 1228.521 secs
Size of largest cluster: 1001
Size of largest cluster: 1001
Calculated 100000 weights; time (seconds): 1374
Calculated 200000 weights; time (seconds): 132
Calculated 300000 weights; time (seconds): 136
Calculated 400000 weights; time (seconds): 129
Calculated 500000 weights; time (seconds): 134
Calculated 600000 weights; time (seconds): 131
Calculated 700000 weights; time (seconds): 134
Calculated 800000 weights; time (seconds): 138
Calculated 900000 weights; time (seconds): 138
Calculated 1000000 weights; time (seconds): 288
Calculated 1100000 weights; time (seconds): 625
Total Number of elements weighted: 1336371
Normalized score (portion of input quartet trees satisfied): NaN
Final optimization score: 0
Calculated 1200000 weights; time (seconds): 581
Calculated 1300000 weights; time (seconds): 619
Total Number of elements weighted: 1336371
Normalized score (portion of input quartet trees satisfied): 0.49650277729397085
Final optimization score: 20645266846061
Optimal tree inferred in 4748.34 secs.
(520,((((((566,945),(663,(510,(767,959)))),((350,(412,(4,985))),(418,(532,(48,744))))),((131,(690,((31,788),(761,(317,(45,913)))))),((462,97),((858,(490,731)),(322,(203,((80,73),((119,393),(121,359))))))))),(((622,(877,651)),((978,(834,(627,770))),(((733,306),(239,(3,691))),(580,(78,((65,417),(746,(272,124)))))))),((((619,288),(96,406)),(((706,252),(633,(901,446))),(120,((421,637),(387,(150,786)))))),((988,(671,258)),(210,((444,(926,(111,27))),(((160,937),(447,(940,894))),((413,275),(76,(377,(700,15))))))))))),((487,(((123,526),(844,734)),(((151,600),(247,(772,852))),((928,514),(266,(789,870)))))),(((((822,165),(669,660)),((190,717),(337,(961,157)))),((971,(983,995)),(338,((784,542),(653,((562,(730,291)),(115,(476,(74,891))))))))),((0,(840,(((((345,701),(474,(378,419))),(747,((461,206),((804,777),(498,(375,977)))))),((714,(379,(367,((49,950),(251,(62,395)))))),(((57,(((745,563),(122,753)),(11,(136,(281,(59,432)))))),((941,(256,(69,838))),(938,((268,832),(872,((335,(776,(625,70))),(((517,686),(463,(55,(630,808)))),(672,((713,(893,351)),((664,616),(707,(142,68)))))))))))),((468,((914,((726,762),(831,253))),((881,(219,883)),((89,((290,678),((98,63),(972,141)))),(603,((684,575),(154,((682,455),(216,71))))))))),(642,((924,(66,496)),(863,(((443,(942,(218,107))),(((738,718),(133,(301,939))),((19,567),((208,845),(451,(979,620)))))),((105,502),((475,36),(((555,843),(715,(805,(404,(882,300))))),((129,(814,693)),(328,(390,(370,(90,18)))))))))))))))),(((875,(644,(696,(966,997)))),((839,167),((720,343),((224,(768,(148,751))),((28,(755,561)),(593,(658,(422,596)))))))),(((((117,(907,346)),((132,389),(723,968))),(665,(479,((368,(609,(993,177))),(550,((952,817),(571,373))))))),((381,((994,81),(960,(8,(405,511))))),((489,(900,742)),(((601,235),(303,656)),((473,(771,((427,485),((445,358),(269,(223,(32,(114,578)))))))),((841,452),(((233,650),(998,999)),((248,304),((285,(659,113)),(85,(981,(740,382)))))))))))),((491,((640,(763,(450,917))),(449,(369,((792,((399,(934,546)),((327,50),(544,(614,(324,584)))))),((294,((197,781),(40,(305,276)))),(((460,((279,505),(163,(581,725)))),(25,(885,((79,240),(102,(255,282)))))),((2,((295,254),(456,(384,830)))),(204,((688,752),((737,818),((724,798),(441,(962,(947,437))))))))))))))),((222,214),(((865,(209,(176,(410,262)))),((860,(458,(283,641))),((227,(518,116)),((459,874),(213,(955,((677,(353,888)),(158,(95,(226,521)))))))))),((810,(836,(933,(499,(457,523))))),(((890,14),(819,531)),((232,((599,325),((918,984),(958,(967,794))))),((182,(292,(339,986))),(((480,547),(398,582)),(507,(83,(655,128)))))))))))))))),((323,(782,500)),((310,(((265,(13,(5,99))),((39,(765,(779,495))),((403,(916,825)),((515,895),(249,540))))),(((525,161),(56,51)),((618,472),((344,423),((829,342),((164,(866,(109,((196,796),(649,579))))),((225,(234,478)),(849,(424,(699,(1000,(237,43))))))))))))),(((944,(516,((229,539),(856,((501,954),(703,(892,360))))))),(((635,(425,920)),((171,286),(919,704))),((397,(433,951)),((289,615),(22,(923,527)))))),(((309,(982,(64,(757,125)))),((((698,260),(270,((318,(574,909)),(522,(530,100))))),((352,(931,(956,(21,604)))),((670,(812,548)),((639,(572,246)),(482,(333,(631,(138,(402,407))))))))),(868,(((267,(366,557)),(((911,736),(326,380)),((357,(385,(134,162))),(84,(996,(594,758)))))),(362,(953,(((537,((153,470),(727,334))),((243,(156,606)),((41,(180,61)),(308,(545,638))))),((401,((519,679),(647,(287,278)))),((820,(675,493)),(721,((837,556),(316,(170,87))))))))))))),(((((330,(347,676)),((648,692),(271,(586,426)))),((553,867),((146,(628,943)),(349,((429,(551,135)),(785,(554,(884,974)))))))),(((454,925),(221,(67,963))),(((719,(573,(293,178))),(749,(140,((605,864),(585,(245,509)))))),((759,(685,94)),(549,(((215,200),(466,813)),((964,415),(82,26)))))))),((898,((23,(44,((643,811),(469,(533,689))))),(((921,(506,623)),(348,((152,687),((467,(199,(886,7))),(824,((46,552),(559,608))))))),(137,((756,(383,(311,929))),(436,(632,(((904,(790,(543,(816,(645,250))))),(((207,654),((583,438),(949,(873,(173,261))))),(((147,680),((236,835),(598,(361,(980,60))))),(801,((783,175),((842,878),(238,(683,743)))))))),(((329,(183,558)),(823,(356,(576,(242,(915,319)))))),((((803,587),(363,(564,(35,754)))),((906,257),((205,355),(667,(280,728))))),(668,(((127,77),(188,(793,775))),((797,(568,194)),(626,((6,(307,365)),((411,(312,408)),(799,(512,(646,364))))))))))))))))))),(((729,((935,(612,371)),((88,103),((52,(110,(597,302))),(760,(409,((231,930),(244,(273,528))))))))),((212,965),((((602,315),(336,(10,(780,(191,617))))),((809,(827,396)),((880,610),(159,(104,847))))),(((428,975),(453,130)),(((611,58),(629,(529,(386,(869,854))))),(774,((149,118),((503,(815,(394,861))),((488,806),(471,(787,((101,910),(927,(702,541)))))))))))))),(((93,484),(((166,392),(859,(932,681))),(741,((732,388),(748,(855,(86,24))))))),(((903,(948,(241,181))),(((621,750),(588,477)),((34,(709,(992,(29,673)))),((899,201),(185,(16,674)))))),((192,833),((299,((591,(54,(848,(193,851)))),(((716,705),(853,(735,595))),((91,((414,321),(108,766))),(970,((187,((504,565),(695,(912,524)))),(769,(264,(791,(139,(431,(896,313)))))))))))),(((448,(905,464)),(((570,802),(807,((826,773),(876,((30,416),((341,534),(846,(53,(778,(372,(435,(217,922)))))))))))),(((298,711),(420,536)),(144,((624,(590,(652,(710,800)))),(184,((112,172),((174,712),(228,(497,(538,430))))))))))),((((613,636),((439,946),((828,72),(320,(106,(169,(990,(662,(697,973))))))))),((897,((577,92),(795,(592,(211,494))))),((879,889),((764,(442,(155,391))),(((179,296),(987,(376,969))),((957,(535,((871,37),(481,(75,887))))),(936,(694,(126,(850,(12,(374,857)))))))))))),(((560,186),(331,((277,(38,508)),((465,297),(634,989))))),((198,513),((722,((661,(274,(42,(47,(991,(657,434)))))),(908,((821,(20,708)),(440,(607,(17,220))))))),((202,((666,168),(340,(569,33)))),(((739,(862,(284,195))),((483,259),(486,(976,332)))),((314,(902,189)),((1,(400,492)),(9,(354,(143,(263,(589,(230,145)))))))))))))))))))))))))))))));
Quartet score is: 20645266846061
Normalized quartet score is: 0.49650277729397085
ASTRAL finished in 5040.191 secs
