
================== ASTRAL ===================== 

This is ASTRAL version 4.10.10
Gene trees are treated as unrooted
1000 trees read from ASTRALDATA/model.200.10000000.0.000001/32/estimatedgenetre.halfresolved
All output trees will be *arbitrarily* rooted at 120

======== Running the main analysis
Number of taxa: 201 (201 species)
Taxa: [120, 14, 127, 179, 67, 94, 194, 143, 140, 57, 109, 58, 53, 137, 181, 123, 114, 40, 192, 144, 173, 19, 139, 52, 98, 166, 172, 141, 167, 136, 158, 43, 25, 99, 108, 65, 9, 169, 200, 54, 22, 152, 199, 121, 50, 24, 61, 124, 79, 84, 69, 11, 89, 174, 170, 16, 164, 154, 51, 35, 74, 39, 41, 21, 186, 73, 49, 6, 63, 106, 182, 18, 90, 115, 101, 3, 55, 62, 185, 187, 45, 129, 119, 56, 77, 107, 134, 72, 196, 160, 95, 191, 165, 184, 110, 189, 36, 116, 68, 146, 2, 44, 47, 159, 131, 76, 162, 87, 133, 103, 188, 150, 92, 113, 105, 177, 75, 64, 198, 28, 82, 132, 148, 85, 149, 180, 4, 12, 0, 66, 70, 130, 147, 176, 38, 30, 178, 168, 125, 29, 80, 175, 193, 183, 111, 32, 97, 8, 122, 13, 93, 86, 71, 163, 33, 42, 46, 26, 1, 171, 145, 104, 102, 27, 161, 20, 31, 88, 117, 96, 153, 91, 48, 5, 83, 7, 17, 15, 81, 112, 118, 100, 60, 138, 126, 10, 128, 155, 190, 78, 59, 157, 37, 23, 34, 135, 151, 195, 142, 156, 197]
Taxon occupancy: {35=1000, 36=1000, 159=1000, 33=1000, 34=1000, 158=1000, 39=1000, 157=1000, 156=1000, 37=1000, 155=1000, 154=1000, 38=1000, 152=1000, 153=1000, 150=1000, 151=1000, 43=1000, 42=1000, 41=1000, 40=1000, 200=1000, 22=1000, 23=1000, 169=1000, 24=1000, 25=1000, 166=1000, 26=1000, 165=1000, 27=1000, 28=1000, 168=1000, 167=1000, 29=1000, 3=1000, 161=1000, 2=1000, 162=1000, 163=1000, 1=1000, 164=1000, 0=1000, 30=1000, 7=1000, 6=1000, 32=1000, 5=1000, 160=1000, 4=1000, 31=1000, 9=1000, 8=1000, 19=1000, 179=1000, 17=1000, 18=1000, 178=1000, 177=1000, 15=1000, 16=1000, 176=1000, 13=1000, 14=1000, 11=1000, 12=1000, 21=1000, 170=1000, 171=1000, 20=1000, 174=1000, 175=1000, 172=1000, 173=1000, 188=1000, 187=1000, 189=1000, 180=1000, 181=1000, 10=1000, 182=1000, 183=1000, 184=1000, 185=1000, 186=1000, 116=1000, 79=1000, 117=1000, 114=1000, 78=1000, 77=1000, 115=1000, 112=1000, 113=1000, 110=1000, 111=1000, 118=1000, 119=1000, 82=1000, 83=1000, 80=1000, 81=1000, 86=1000, 87=1000, 84=1000, 85=1000, 67=1000, 125=1000, 66=1000, 126=1000, 69=1000, 127=1000, 68=1000, 128=1000, 121=1000, 122=1000, 123=1000, 124=1000, 129=1000, 70=1000, 120=1000, 71=1000, 72=1000, 73=1000, 74=1000, 75=1000, 76=1000, 134=1000, 135=1000, 132=1000, 133=1000, 59=1000, 58=1000, 138=1000, 139=1000, 57=1000, 56=1000, 136=1000, 55=1000, 137=1000, 64=1000, 65=1000, 62=1000, 63=1000, 131=1000, 60=1000, 61=1000, 130=1000, 49=1000, 143=1000, 144=1000, 48=1000, 145=1000, 146=1000, 45=1000, 147=1000, 44=1000, 148=1000, 47=1000, 149=1000, 46=1000, 51=1000, 52=1000, 53=1000, 54=1000, 140=1000, 142=1000, 141=1000, 50=1000, 109=1000, 108=1000, 107=1000, 106=1000, 105=1000, 104=1000, 103=1000, 99=1000, 102=1000, 101=1000, 100=1000, 98=1000, 97=1000, 96=1000, 95=1000, 94=1000, 93=1000, 92=1000, 91=1000, 90=1000, 88=1000, 89=1000, 195=1000, 194=1000, 197=1000, 196=1000, 191=1000, 190=1000, 193=1000, 192=1000, 198=1000, 199=1000}
Number of gene trees: 1000
0 trees have missing taxa
Calculating quartet distance matrix (for completion of X)
Species tree distances calculated ...
Building set of clusters (X) from gene trees 
Using tree-based weight calculation.
Number of Default Clusters: 7175
Number of quartet trees in the gene trees: 65998350000
calculating extra bipartitions to be added at level 1 ...
Number of Clusters after addition by distance: 7175
Adding to X using resolutions of greedy consensus ...
Threshold 0.0:
Threshold 0.01:
Threshold 0.02:
Threshold 0.05:
Threshold 0.1:
Threshold 0.2:
Threshold 0.3333333333333333:
polytomy of size 5; rounds with additions with at least 0.01 support: 0; clusters: 7175
polytomy of size 3; rounds with additions with at least 0.01 support: 0; clusters: 7175
polytomy of size 4; rounds with additions with at least 0.01 support: 0; clusters: 7175
polytomy of size 3; rounds with additions with at least 0.01 support: 0; clusters: 7175
polytomy of size 3; rounds with additions with at least 0.01 support: 0; clusters: 7175
polytomy of size 3; rounds with additions with at least 0.01 support: 0; clusters: 7175
polytomy of size 3; rounds with additions with at least 0.01 support: 0; clusters: 7175
polytomy of size 3; rounds with additions with at least 0.01 support: 0; clusters: 7175
polytomy of size 3; rounds with additions with at least 0.01 support: 0; clusters: 7175
Number of Clusters after addition by greedy: 7175
partitions formed in 8.614 secs
Dynamic Programming starting after 8.614 secs
Size of largest cluster: 201
Total Number of elements weighted: 22103
Normalized score (portion of input quartet trees satisfied): 0.9305860970463655
Final optimization score: 61417146938
Optimal tree inferred in 136.646 secs.
(110,((184,189),(((36,116),((68,146),(188,((47,(2,44)),((87,(133,103)),(162,(159,(131,76)))))))),(((150,(92,113)),((177,((75,(64,198)),(132,(28,82)))),(105,((4,12),(180,(148,(85,149))))))),((((56,(77,107)),(134,(191,((72,165),(196,(160,95)))))),(0,((66,70),(((38,30),(147,176)),(130,(((33,(42,46)),((71,163),(93,86))),(((175,(29,80)),(193,(178,(168,125)))),((183,111),((122,13),(32,(97,8))))))))))),((((26,153),((1,(91,(48,5))),((20,31),((88,(117,96)),(171,(145,(102,(104,(27,161))))))))),(54,(22,((((89,174),(69,(84,11))),((152,199),(61,((50,24),(121,(124,79)))))),(((170,16),(((73,49),(21,186)),((51,35),(154,(164,(39,(74,41))))))),(((129,119),(185,(187,45))),((106,(90,(182,18))),((6,63),((101,3),(115,(55,62))))))))))),((((139,52),(166,(141,(98,172)))),((173,19),(114,(40,(192,144))))),((167,(((169,200),(65,9)),((99,108),(158,(136,(43,25)))))),((((137,(181,123)),(120,((179,67),(14,127)))),((94,194),((143,109),((140,57),(58,53))))),(((100,(60,138)),((128,(126,10)),(155,(190,78)))),((37,((151,(195,142)),(23,(34,135)))),((156,197),((59,157),((83,7),(15,(17,(81,(112,118))))))))))))))))));
Quartet score is: 61417146938
Normalized quartet score is: 0.9305860970463655
ASTRAL finished in 145.363 secs
