
================== ASTRAL ===================== 

This is ASTRAL version 4.10.7
Gene trees are treated as unrooted
971 trees read from ASTRALDATA/model.200.2000000.0.0000001/09/estimatedgenetre.halfresolved
All output trees will be *arbitrarily* rooted at 184

======== Running the main analysis
Number of taxa: 201 (201 species)
Taxa: [184, 146, 82, 25, 64, 141, 194, 52, 48, 93, 40, 106, 193, 4, 83, 42, 170, 29, 108, 116, 176, 173, 89, 9, 160, 180, 60, 14, 154, 7, 126, 161, 84, 114, 177, 58, 94, 33, 3, 182, 151, 111, 103, 162, 43, 172, 127, 110, 104, 80, 113, 32, 166, 49, 122, 21, 199, 195, 147, 15, 71, 90, 149, 17, 196, 101, 34, 28, 1, 67, 74, 69, 119, 11, 65, 30, 181, 185, 19, 178, 150, 78, 163, 72, 159, 46, 133, 109, 0, 128, 23, 70, 186, 85, 66, 153, 77, 47, 56, 37, 26, 130, 118, 174, 88, 105, 51, 31, 95, 120, 139, 135, 197, 138, 100, 6, 39, 189, 117, 143, 53, 81, 54, 5, 75, 156, 102, 41, 13, 115, 87, 142, 137, 136, 79, 132, 45, 8, 190, 16, 36, 10, 123, 50, 164, 188, 96, 63, 97, 107, 12, 91, 144, 2, 191, 124, 152, 73, 55, 38, 99, 134, 76, 155, 158, 200, 140, 192, 157, 148, 183, 125, 18, 86, 187, 167, 175, 22, 92, 171, 112, 131, 20, 57, 24, 27, 179, 169, 121, 59, 61, 35, 198, 44, 165, 168, 129, 145, 98, 62, 68]
Number of gene trees: 971
0 trees have missing taxa
Calculating quartet distance matrix (for completion of X)
Species tree distances calculated ...
Building set of clusters (X) from gene trees 
Using tree-based weight calculation.
Number of Default Clusters: 94427
Number of quartet trees in the gene trees: 64030154547
calculating extra bipartitions to be added at level 1 ...
Number of Clusters after addition by distance: 94429
Adding to X using resolutions of greedy consensus ...
Threshold 0.0:
polytomy of size 4; rounds with additions with at least 0.01 support: 1; clusters: 94449
Threshold 0.01:
polytomy of size 10; rounds with additions with at least 0.01 support: 2; clusters: 94731
Threshold 0.02:
polytomy of size 11; rounds with additions with at least 0.01 support: 5; clusters: 94977
Threshold 0.05:
polytomy of size 15; rounds with additions with at least 0.01 support: 1; clusters: 95011
Threshold 0.1:
polytomy of size 3; rounds with additions with at least 0.01 support: 0; clusters: 95011
polytomy of size 4; rounds with additions with at least 0.01 support: 0; clusters: 95011
polytomy of size 20; rounds with additions with at least 0.01 support: 0; clusters: 95021
Threshold 0.2:
polytomy of size 4; rounds with additions with at least 0.01 support: 0; clusters: 95021
polytomy of size 3; rounds with additions with at least 0.01 support: 0; clusters: 95021
polytomy of size 3; rounds with additions with at least 0.01 support: 0; clusters: 95021
polytomy of size 4; rounds with additions with at least 0.01 support: 0; clusters: 95021
polytomy of size 37; rounds with additions with at least 0.01 support: 0; clusters: 95029
Threshold 0.3333333333333333:
polytomy of size 4; rounds with additions with at least 0.01 support: 0; clusters: 95029
polytomy of size 3; rounds with additions with at least 0.01 support: 0; clusters: 95029
polytomy of size 3; rounds with additions with at least 0.01 support: 0; clusters: 95029
polytomy of size 3; rounds with additions with at least 0.01 support: 0; clusters: 95029
polytomy of size 3; rounds with additions with at least 0.01 support: 0; clusters: 95029
polytomy of size 4; rounds with additions with at least 0.01 support: 0; clusters: 95029
polytomy of size 4; rounds with additions with at least 0.01 support: 0; clusters: 95029
polytomy of size 4; rounds with additions with at least 0.01 support: 0; clusters: 95029
polytomy of size 3; rounds with additions with at least 0.01 support: 0; clusters: 95029
polytomy of size 4; rounds with additions with at least 0.01 support: 0; clusters: 95029
polytomy of size 54; rounds with additions with at least 0.01 support: 0; clusters: 113167
Number of Clusters after addition by greedy: 113167
partitions formed in 48.814 secs
Dynamic Programming starting after 48.815 secs
Size of largest cluster: 201
Calculated 100000 weights; time (seconds): 849
Calculated 200000 weights; time (seconds): 868
Total Number of elements weighted: 255823
Normalized score (portion of input quartet trees satisfied): 0.5610261157285162
Final optimization score: 35922588895
Optimal tree inferred in 2214.89 secs.
(66,(((21,199),((32,166),(195,((147,15),(49,122))))),(((180,60),(14,(85,(162,(43,172))))),((70,186),((((140,(12,(91,144))),((107,(2,191)),(170,(29,(108,116))))),((190,((16,(36,(10,123))),((50,164),((63,97),(188,96))))),((76,(158,(155,200))),((124,152),(73,(55,(38,(99,134)))))))),((0,(((90,(149,17)),((88,(118,174)),(((153,77),(115,87)),(139,((41,13),(47,(56,(37,26)))))))),(((136,79),(8,(132,45))),((128,23),((104,(127,110)),((7,(154,126)),((113,(58,(111,(151,103)))),((33,(3,182)),(94,(161,(84,(114,177)))))))))))),((160,(9,(176,(173,89)))),((((46,(72,159)),(((133,109),(78,163)),(((28,1),(196,(101,34))),((181,(185,(19,(178,150)))),(67,((65,30),(11,(119,(74,69))))))))),((71,(80,169)),((130,((105,51),(31,(95,120)))),(135,((102,((6,189),(100,(197,138)))),(39,((117,(54,5)),(143,((53,81),(75,156)))))))))),(((125,18),(183,(192,(157,148)))),(((40,106),(((83,42),(193,4)),(142,((146,(82,25)),((64,(141,194)),(52,(48,93))))))),(((62,68),((61,35),((198,98),((129,145),(44,(165,168)))))),(((167,175),(86,187)),((137,(184,(121,59))),(((22,92),(171,(112,131))),(20,(57,(27,(24,179))))))))))))))))));
Quartet score is: 35922588895
Normalized quartet score is: 0.5610261157285162
ASTRAL finished in 2226.016 secs
