
================== ASTRAL ===================== 

This is ASTRAL version 4.10.8
Gene trees are treated as unrooted
1000 trees read from model.200.2000000.0.0000001/39/estimatedgenetre.halfresolved
All outputted trees will be *arbitrarily* rooted at 42

======== Running the main analysis
Number of taxa: 201 (201 species)
Taxa: [42, 144, 184, 128, 13, 0, 103, 159, 92, 125, 65, 173, 179, 147, 91, 69, 24, 126, 36, 1, 68, 17, 135, 163, 177, 88, 35, 167, 139, 7, 156, 194, 38, 40, 96, 197, 120, 115, 130, 185, 58, 110, 93, 101, 121, 29, 30, 59, 174, 43, 188, 26, 187, 176, 44, 15, 56, 196, 41, 61, 164, 138, 74, 119, 76, 10, 105, 132, 168, 175, 131, 47, 80, 19, 111, 182, 162, 33, 172, 55, 133, 198, 97, 148, 48, 64, 190, 166, 189, 84, 72, 193, 178, 83, 151, 180, 14, 143, 71, 28, 141, 140, 124, 49, 113, 106, 195, 82, 5, 62, 53, 108, 79, 191, 16, 160, 109, 153, 25, 60, 54, 50, 63, 104, 107, 4, 157, 39, 73, 152, 142, 161, 51, 21, 137, 118, 199, 23, 37, 70, 6, 122, 112, 170, 186, 87, 78, 117, 192, 136, 8, 27, 145, 81, 67, 12, 86, 57, 200, 183, 181, 66, 99, 2, 89, 165, 20, 171, 75, 158, 150, 102, 98, 149, 52, 9, 154, 116, 77, 95, 45, 100, 146, 11, 123, 169, 155, 46, 32, 18, 114, 3, 94, 31, 34, 90, 85, 134, 22, 129, 127]
Taxon occupancy: {35=1000, 36=1000, 33=1000, 159=1000, 34=1000, 158=1000, 157=1000, 39=1000, 156=1000, 37=1000, 155=1000, 38=1000, 154=1000, 152=1000, 153=1000, 150=1000, 151=1000, 43=1000, 42=1000, 41=1000, 40=1000, 200=1000, 22=1000, 23=1000, 169=1000, 24=1000, 25=1000, 166=1000, 26=1000, 27=1000, 165=1000, 168=1000, 28=1000, 167=1000, 29=1000, 161=1000, 3=1000, 162=1000, 2=1000, 163=1000, 1=1000, 164=1000, 0=1000, 7=1000, 30=1000, 6=1000, 5=1000, 32=1000, 31=1000, 160=1000, 4=1000, 9=1000, 8=1000, 19=1000, 17=1000, 179=1000, 178=1000, 18=1000, 15=1000, 177=1000, 176=1000, 16=1000, 13=1000, 14=1000, 11=1000, 12=1000, 21=1000, 170=1000, 20=1000, 171=1000, 174=1000, 175=1000, 172=1000, 173=1000, 188=1000, 187=1000, 189=1000, 180=1000, 10=1000, 181=1000, 182=1000, 183=1000, 184=1000, 185=1000, 186=1000, 116=1000, 79=1000, 117=1000, 78=1000, 114=1000, 115=1000, 77=1000, 112=1000, 113=1000, 110=1000, 111=1000, 118=1000, 119=1000, 82=1000, 83=1000, 80=1000, 81=1000, 86=1000, 87=1000, 84=1000, 85=1000, 125=1000, 67=1000, 126=1000, 66=1000, 127=1000, 69=1000, 68=1000, 128=1000, 121=1000, 122=1000, 123=1000, 124=1000, 129=1000, 70=1000, 120=1000, 71=1000, 72=1000, 73=1000, 74=1000, 75=1000, 76=1000, 134=1000, 135=1000, 132=1000, 133=1000, 59=1000, 138=1000, 58=1000, 139=1000, 57=1000, 56=1000, 136=1000, 55=1000, 137=1000, 64=1000, 65=1000, 62=1000, 63=1000, 131=1000, 60=1000, 61=1000, 130=1000, 143=1000, 49=1000, 48=1000, 144=1000, 145=1000, 146=1000, 147=1000, 45=1000, 148=1000, 44=1000, 47=1000, 149=1000, 46=1000, 51=1000, 52=1000, 53=1000, 54=1000, 140=1000, 142=1000, 141=1000, 50=1000, 109=1000, 108=1000, 107=1000, 106=1000, 105=1000, 104=1000, 103=1000, 99=1000, 102=1000, 101=1000, 100=1000, 98=1000, 97=1000, 96=1000, 95=1000, 94=1000, 93=1000, 92=1000, 91=1000, 90=1000, 88=1000, 89=1000, 195=1000, 194=1000, 197=1000, 196=1000, 191=1000, 190=1000, 193=1000, 192=1000, 198=1000, 199=1000}
Number of gene trees: 1000
0 trees have missing taxa
Calculating quartet distance matrix (for completion of X)
Species tree distances calculated ...
Building set of clusters (X) from gene trees 
Using tree-based weight calculation.
Number of Default Clusters: 46655
Number of quartet trees in the gene trees: 65998347627
calculating extra bipartitions to be added at level 1 ...
Number of Clusters after addition by distance: 46659
Adding to X using resolutions of greedy consensus ...
Threshold 0.0:
Threshold 0.01:
polytomy of size 6; rounds with additions with at least 0.01 support: 0; clusters: 46681
Threshold 0.02:
polytomy of size 7; rounds with additions with at least 0.01 support: 0; clusters: 46701
Threshold 0.05:
polytomy of size 9; rounds with additions with at least 0.01 support: 0; clusters: 46701
Threshold 0.1:
polytomy of size 12; rounds with additions with at least 0.01 support: 0; clusters: 46701
Threshold 0.2:
polytomy of size 4; rounds with additions with at least 0.01 support: 0; clusters: 46701
polytomy of size 4; rounds with additions with at least 0.01 support: 0; clusters: 46701
polytomy of size 3; rounds with additions with at least 0.01 support: 0; clusters: 46701
polytomy of size 3; rounds with additions with at least 0.01 support: 0; clusters: 46701
polytomy of size 15; rounds with additions with at least 0.01 support: 0; clusters: 46703
polytomy of size 3; rounds with additions with at least 0.01 support: 0; clusters: 46703
Threshold 0.3333333333333333:
polytomy of size 3; rounds with additions with at least 0.01 support: 0; clusters: 46703
polytomy of size 3; rounds with additions with at least 0.01 support: 0; clusters: 46703
polytomy of size 3; rounds with additions with at least 0.01 support: 0; clusters: 46703
polytomy of size 3; rounds with additions with at least 0.01 support: 0; clusters: 46703
polytomy of size 3; rounds with additions with at least 0.01 support: 0; clusters: 46703
polytomy of size 7; rounds with additions with at least 0.01 support: 0; clusters: 46703
polytomy of size 6; rounds with additions with at least 0.01 support: 0; clusters: 46703
polytomy of size 30; rounds with additions with at least 0.01 support: 0; clusters: 48529
Number of Clusters after addition by greedy: 48529
partitions formed in 24.463 secs
Dynamic Programming starting after 24.463 secs
Size of largest cluster: 201
Size of largest cluster: 201
Total Number of elements weighted: 139384
Normalized score (portion of input quartet trees satisfied): NaN
Final optimization score: 0
Calculated 100000 weights; time (seconds): 47
Total Number of elements weighted: 139384
Normalized score (portion of input quartet trees satisfied): 0.6573163947555023
Final optimization score: 43381795922
Optimal tree inferred in 57.601 secs.
(42,(144,(4,((151,(180,((71,(14,143)),(28,(141,(140,124)))))),(((184,(128,13)),((193,(72,(178,83))),((64,84),(190,(166,189))))),((139,(((130,(185,(58,110))),((29,30),(93,(101,121)))),(((176,(26,187)),(174,(59,(43,188)))),((96,(197,(120,115))),((7,156),(194,(38,40))))))),(((85,134),(22,(129,(90,127)))),((((49,((10,(76,(105,132))),((168,175),((19,111),(80,(131,47)))))),(((74,119),(138,(182,162))),((44,164),((15,56),(61,(196,41)))))),((((3,94),(18,114)),((77,(95,45)),(100,(11,(146,(32,((123,46),(169,155)))))))),((104,107),(((113,106),((148,48),((33,172),(55,(133,(198,97)))))),(52,(63,((25,(60,(54,50))),((160,(109,153)),((195,(82,5)),(79,((191,16),(62,(53,108))))))))))))),(((9,(154,116)),(((31,34),(17,167)),((135,163),(177,(88,35))))),(0,((((173,(125,65)),((179,147),((36,(1,68)),((91,126),(69,24))))),(157,((103,(159,92)),(((23,(118,199)),(37,(70,6))),(39,((73,152),(142,(137,(161,(51,21)))))))))),((102,(98,149)),(((78,117),((192,(81,(136,(8,27)))),(200,(145,(12,(67,(86,57))))))),(((122,112),(170,(186,87))),((158,150),(75,(20,(89,((165,171),((99,2),(183,(181,66))))))))))))))))))))));
Quartet score is: 43381795922
Normalized quartet score is: 0.6573163947555023
ASTRAL finished in 66.698 secs
