
================== ASTRAL ===================== 

This is ASTRAL version 4.10.10
Gene trees are treated as unrooted
997 trees read from ASTRALDATA/model.500.2000000.0.000001/41/estimatedgenetre.halfresolved
All output trees will be *arbitrarily* rooted at 96

======== Running the main analysis
Number of taxa: 501 (501 species)
Taxa: [96, 78, 169, 303, 213, 315, 392, 234, 210, 183, 11, 396, 387, 467, 493, 443, 413, 486, 317, 313, 267, 115, 117, 432, 291, 302, 36, 332, 447, 28, 86, 436, 466, 397, 57, 341, 154, 104, 132, 229, 200, 417, 314, 412, 459, 16, 67, 164, 371, 376, 147, 389, 434, 202, 260, 62, 245, 469, 126, 429, 106, 345, 172, 269, 218, 415, 263, 299, 72, 489, 26, 500, 321, 395, 316, 179, 12, 498, 161, 231, 94, 381, 77, 129, 227, 452, 82, 385, 427, 407, 416, 21, 235, 246, 355, 134, 163, 476, 18, 3, 343, 133, 99, 244, 24, 451, 217, 248, 324, 327, 375, 347, 31, 441, 84, 329, 366, 108, 297, 298, 187, 136, 421, 98, 113, 87, 497, 64, 287, 52, 414, 271, 167, 323, 390, 410, 111, 356, 325, 386, 76, 460, 158, 128, 484, 192, 4, 135, 116, 73, 465, 318, 348, 114, 66, 402, 55, 184, 308, 384, 2, 7, 105, 255, 75, 404, 445, 258, 32, 337, 471, 145, 461, 293, 50, 379, 239, 473, 152, 151, 419, 236, 141, 124, 173, 71, 477, 264, 45, 265, 442, 10, 391, 485, 68, 33, 203, 457, 312, 92, 400, 437, 83, 198, 180, 242, 233, 262, 240, 120, 479, 142, 470, 46, 185, 394, 30, 310, 496, 5, 170, 398, 354, 168, 368, 189, 38, 328, 139, 70, 40, 448, 176, 307, 257, 346, 181, 357, 430, 483, 107, 138, 454, 401, 243, 186, 165, 373, 458, 360, 491, 208, 431, 81, 201, 65, 304, 225, 425, 100, 309, 424, 219, 88, 290, 423, 274, 499, 130, 406, 29, 322, 488, 408, 214, 455, 305, 59, 266, 103, 191, 261, 153, 79, 146, 462, 51, 277, 150, 256, 464, 9, 254, 48, 171, 112, 102, 155, 372, 251, 281, 74, 478, 90, 121, 220, 393, 101, 93, 209, 188, 350, 382, 222, 253, 6, 193, 118, 194, 296, 446, 333, 85, 20, 178, 292, 474, 207, 273, 22, 468, 426, 367, 383, 365, 378, 330, 224, 8, 27, 278, 80, 480, 331, 238, 440, 44, 252, 494, 60, 215, 91, 285, 282, 364, 433, 149, 482, 69, 353, 0, 374, 306, 197, 206, 41, 370, 175, 438, 283, 162, 127, 156, 144, 349, 359, 230, 123, 275, 15, 344, 361, 119, 1, 472, 338, 388, 223, 380, 160, 157, 89, 35, 23, 97, 226, 212, 42, 148, 456, 481, 205, 143, 288, 450, 342, 14, 17, 216, 37, 326, 422, 199, 280, 369, 195, 196, 270, 25, 377, 420, 340, 351, 362, 228, 190, 237, 272, 428, 463, 352, 358, 259, 335, 311, 166, 56, 301, 49, 399, 453, 444, 439, 411, 137, 13, 487, 250, 221, 140, 61, 43, 300, 279, 418, 475, 19, 289, 47, 58, 211, 403, 336, 159, 435, 319, 177, 122, 247, 339, 268, 495, 249, 295, 490, 109, 34, 409, 174, 182, 286, 334, 53, 276, 294, 63, 284, 492, 204, 95, 110, 54, 363, 320, 131, 405, 125, 39, 241, 232, 449]
Taxon occupancy: {338=997, 339=997, 332=997, 333=997, 159=997, 330=997, 158=997, 331=997, 336=997, 157=997, 337=997, 156=997, 334=997, 155=997, 335=997, 154=997, 152=997, 153=997, 150=997, 151=997, 202=997, 349=997, 203=997, 204=997, 205=997, 200=997, 201=997, 341=997, 342=997, 169=997, 343=997, 344=997, 166=997, 345=997, 206=997, 346=997, 165=997, 207=997, 347=997, 168=997, 208=997, 348=997, 167=997, 209=997, 409=997, 3=997, 161=997, 2=997, 408=997, 162=997, 163=997, 1=997, 164=997, 0=997, 405=997, 7=997, 404=997, 6=997, 340=997, 407=997, 5=997, 160=997, 4=997, 406=997, 401=997, 400=997, 403=997, 9=997, 402=997, 8=997, 211=997, 212=997, 210=997, 318=997, 215=997, 319=997, 216=997, 213=997, 316=997, 317=997, 214=997, 314=997, 179=997, 219=997, 315=997, 178=997, 177=997, 217=997, 312=997, 313=997, 218=997, 176=997, 310=997, 311=997, 418=997, 170=997, 417=997, 171=997, 416=997, 415=997, 174=997, 175=997, 172=997, 173=997, 419=997, 410=997, 414=997, 413=997, 412=997, 411=997, 220=997, 221=997, 222=997, 223=997, 327=997, 224=997, 328=997, 225=997, 226=997, 329=997, 227=997, 228=997, 323=997, 188=997, 187=997, 324=997, 229=997, 325=997, 326=997, 189=997, 320=997, 321=997, 322=997, 427=997, 180=997, 426=997, 429=997, 181=997, 182=997, 428=997, 183=997, 184=997, 185=997, 186=997, 421=997, 420=997, 423=997, 422=997, 425=997, 424=997, 116=997, 117=997, 114=997, 115=997, 112=997, 113=997, 110=997, 111=997, 118=997, 119=997, 435=997, 436=997, 433=997, 434=997, 431=997, 432=997, 430=997, 439=997, 437=997, 438=997, 125=997, 126=997, 300=997, 127=997, 128=997, 302=997, 121=997, 122=997, 301=997, 304=997, 123=997, 124=997, 303=997, 306=997, 305=997, 308=997, 307=997, 129=997, 309=997, 444=997, 445=997, 446=997, 447=997, 440=997, 441=997, 442=997, 443=997, 120=997, 448=997, 449=997, 134=997, 135=997, 132=997, 133=997, 138=997, 139=997, 136=997, 137=997, 450=997, 453=997, 454=997, 451=997, 452=997, 457=997, 458=997, 455=997, 456=997, 459=997, 131=997, 130=997, 143=997, 144=997, 145=997, 146=997, 147=997, 148=997, 149=997, 461=997, 460=997, 462=997, 463=997, 464=997, 465=997, 466=997, 467=997, 468=997, 469=997, 140=997, 142=997, 141=997, 195=997, 194=997, 197=997, 196=997, 191=997, 190=997, 193=997, 192=997, 198=997, 199=997, 500=997, 35=997, 36=997, 33=997, 34=997, 39=997, 37=997, 38=997, 43=997, 42=997, 41=997, 40=997, 22=997, 23=997, 24=997, 25=997, 26=997, 27=997, 28=997, 29=997, 30=997, 32=997, 31=997, 19=997, 17=997, 18=997, 15=997, 16=997, 13=997, 14=997, 11=997, 12=997, 21=997, 20=997, 10=997, 79=997, 78=997, 77=997, 82=997, 83=997, 80=997, 81=997, 86=997, 87=997, 84=997, 85=997, 67=997, 66=997, 69=997, 68=997, 70=997, 71=997, 72=997, 73=997, 74=997, 75=997, 76=997, 59=997, 58=997, 57=997, 56=997, 55=997, 64=997, 65=997, 62=997, 63=997, 60=997, 61=997, 49=997, 48=997, 45=997, 44=997, 47=997, 46=997, 51=997, 52=997, 53=997, 54=997, 50=997, 487=997, 281=997, 280=997, 486=997, 485=997, 484=997, 285=997, 284=997, 489=997, 283=997, 488=997, 282=997, 288=997, 289=997, 286=997, 287=997, 482=997, 483=997, 480=997, 481=997, 474=997, 473=997, 270=997, 476=997, 475=997, 272=997, 478=997, 477=997, 271=997, 274=997, 479=997, 273=997, 275=997, 276=997, 277=997, 278=997, 279=997, 470=997, 471=997, 472=997, 109=997, 108=997, 107=997, 106=997, 105=997, 104=997, 103=997, 99=997, 102=997, 101=997, 100=997, 98=997, 97=997, 96=997, 391=997, 95=997, 390=997, 94=997, 393=997, 392=997, 93=997, 395=997, 92=997, 394=997, 91=997, 294=997, 90=997, 293=997, 499=997, 296=997, 295=997, 496=997, 290=997, 495=997, 498=997, 292=997, 497=997, 291=997, 491=997, 492=997, 493=997, 494=997, 297=997, 298=997, 299=997, 490=997, 396=997, 397=997, 398=997, 399=997, 88=997, 89=997, 240=997, 241=997, 383=997, 384=997, 381=997, 382=997, 380=997, 389=997, 388=997, 387=997, 386=997, 385=997, 245=997, 244=997, 243=997, 242=997, 249=997, 248=997, 247=997, 246=997, 230=997, 370=997, 371=997, 372=997, 373=997, 379=997, 239=997, 378=997, 375=997, 374=997, 377=997, 376=997, 232=997, 231=997, 234=997, 233=997, 236=997, 235=997, 238=997, 237=997, 262=997, 263=997, 260=997, 261=997, 361=997, 362=997, 360=997, 366=997, 365=997, 364=997, 363=997, 369=997, 368=997, 367=997, 269=997, 268=997, 267=997, 266=997, 265=997, 264=997, 250=997, 251=997, 252=997, 350=997, 351=997, 353=997, 352=997, 355=997, 354=997, 357=997, 356=997, 359=997, 358=997, 258=997, 257=997, 259=997, 254=997, 253=997, 256=997, 255=997}
Number of gene trees: 997
0 trees have missing taxa
Calculating quartet distance matrix (for completion of X)
Species tree distances calculated ...
Building set of clusters (X) from gene trees 
Using tree-based weight calculation.
Number of Default Clusters: 157969
Number of quartet trees in the gene trees: 2585955258768
calculating extra bipartitions to be added at level 1 ...
Number of Clusters after addition by distance: 157981
Adding to X using resolutions of greedy consensus ...
Threshold 0.0:
polytomy of size 6; rounds with additions with at least 0.01 support: 5; clusters: 158071
polytomy of size 3; rounds with additions with at least 0.01 support: 1; clusters: 158077
Threshold 0.01:
polytomy of size 16; rounds with additions with at least 0.01 support: 6; clusters: 158605
Threshold 0.02:
polytomy of size 3; rounds with additions with at least 0.01 support: 0; clusters: 158605
polytomy of size 19; rounds with additions with at least 0.01 support: 4; clusters: 159063
Threshold 0.05:
polytomy of size 29; rounds with additions with at least 0.01 support: 0; clusters: 159073
Threshold 0.1:
polytomy of size 38; rounds with additions with at least 0.01 support: 0; clusters: 159109
Threshold 0.2:
polytomy of size 3; rounds with additions with at least 0.01 support: 0; clusters: 159109
polytomy of size 3; rounds with additions with at least 0.01 support: 0; clusters: 159109
polytomy of size 4; rounds with additions with at least 0.01 support: 0; clusters: 159109
polytomy of size 5; rounds with additions with at least 0.01 support: 0; clusters: 159109
polytomy of size 3; rounds with additions with at least 0.01 support: 0; clusters: 159109
polytomy of size 3; rounds with additions with at least 0.01 support: 0; clusters: 159109
polytomy of size 6; rounds with additions with at least 0.01 support: 0; clusters: 159109
polytomy of size 3; rounds with additions with at least 0.01 support: 0; clusters: 159109
polytomy of size 3; rounds with additions with at least 0.01 support: 0; clusters: 159109
polytomy of size 4; rounds with additions with at least 0.01 support: 0; clusters: 159109
polytomy of size 4; rounds with additions with at least 0.01 support: 0; clusters: 159109
polytomy of size 48; rounds with additions with at least 0.01 support: 0; clusters: 159109
Threshold 0.3333333333333333:
polytomy of size 3; rounds with additions with at least 0.01 support: 0; clusters: 159109
polytomy of size 4; rounds with additions with at least 0.01 support: 0; clusters: 159109
polytomy of size 3; rounds with additions with at least 0.01 support: 0; clusters: 159109
polytomy of size 3; rounds with additions with at least 0.01 support: 0; clusters: 159109
polytomy of size 3; rounds with additions with at least 0.01 support: 0; clusters: 159109
polytomy of size 3; rounds with additions with at least 0.01 support: 0; clusters: 159109
polytomy of size 3; rounds with additions with at least 0.01 support: 0; clusters: 159109
polytomy of size 4; rounds with additions with at least 0.01 support: 0; clusters: 159109
polytomy of size 3; rounds with additions with at least 0.01 support: 0; clusters: 159109
polytomy of size 4; rounds with additions with at least 0.01 support: 0; clusters: 159109
polytomy of size 3; rounds with additions with at least 0.01 support: 0; clusters: 159109
polytomy of size 3; rounds with additions with at least 0.01 support: 0; clusters: 159109
polytomy of size 3; rounds with additions with at least 0.01 support: 0; clusters: 159109
polytomy of size 4; rounds with additions with at least 0.01 support: 0; clusters: 159109
polytomy of size 3; rounds with additions with at least 0.01 support: 0; clusters: 159109
polytomy of size 3; rounds with additions with at least 0.01 support: 0; clusters: 159109
polytomy of size 4; rounds with additions with at least 0.01 support: 0; clusters: 159109
polytomy of size 3; rounds with additions with at least 0.01 support: 0; clusters: 159109
polytomy of size 4; rounds with additions with at least 0.01 support: 0; clusters: 159109
polytomy of size 3; rounds with additions with at least 0.01 support: 0; clusters: 159109
polytomy of size 5; rounds with additions with at least 0.01 support: 0; clusters: 159109
polytomy of size 7; rounds with additions with at least 0.01 support: 0; clusters: 159109
polytomy of size 3; rounds with additions with at least 0.01 support: 0; clusters: 159109
polytomy of size 3; rounds with additions with at least 0.01 support: 0; clusters: 159109
polytomy of size 4; rounds with additions with at least 0.01 support: 0; clusters: 159109
polytomy of size 3; rounds with additions with at least 0.01 support: 0; clusters: 159109
polytomy of size 4; rounds with additions with at least 0.01 support: 0; clusters: 159109
polytomy of size 84; rounds with additions with at least 0.01 support: 0; clusters: 185499
Number of Clusters after addition by greedy: 185499
partitions formed in 213.449 secs
Dynamic Programming starting after 213.449 secs
Size of largest cluster: 501
Calculated 100000 weights; time (seconds): 1736
Calculated 200000 weights; time (seconds): 1518
Calculated 300000 weights; time (seconds): 1528
Calculated 400000 weights; time (seconds): 1576
Total Number of elements weighted: 494359
Normalized score (portion of input quartet trees satisfied): 0.5746721810608573
Final optimization score: 1486076548682
Optimal tree inferred in 7887.636 secs.
(277,(146,((51,(153,(79,462))),(((191,261),((406,29),(243,61))),(((499,130),(304,225)),((488,(425,(309,(100,424)))),((((357,(307,257)),(150,(448,176))),(((138,(454,401)),((346,186),(430,(483,107)))),(65,((373,(81,(165,201))),((458,431),(360,(491,208))))))),(((449,(322,(319,(247,(177,122))))),((212,42),((238,440),(219,(88,(290,(423,274))))))),((((284,110),((492,((204,95),(63,(339,54)))),(268,((294,(495,249)),((53,(334,276)),((109,(34,409)),((490,174),(286,(295,182))))))))),(((379,(239,(473,152))),(181,(142,(30,((470,46),(310,(185,394))))))),(((242,233),(((198,180),(465,318)),(83,(92,(400,(312,437)))))),(((226,(419,(151,(236,141)))),(457,((485,68),(33,203)))),(120,(479,((262,240),((124,(45,(265,442))),(264,(391,((173,10),(71,477)))))))))))),(438,(((40,(131,(320,((125,39),(363,405))))),(70,((489,((26,395),(500,321))),(((496,(398,(5,170))),((354,168),(368,(139,(189,(38,328)))))),((260,62),((126,(245,469)),(429,(((415,263),(299,72)),(106,(269,(218,(345,172)))))))))))),(((387,(467,(493,(443,413)))),(((252,232),((283,(162,127)),((349,123),((144,230),(156,359))))),(((403,336),(278,(331,(80,480)))),((8,27),((330,224),(378,(367,(383,365)))))))),(((16,(67,((434,202),(164,((371,376),(147,389)))))),((103,(408,((214,455),(266,(305,59))))),(((9,254),(84,((347,(31,441)),((327,375),(324,(217,248)))))),(((90,(478,121)),(251,(281,74))),((155,372),((188,(350,(101,(93,209)))),((220,393),(((22,(273,(468,426))),((85,207),(178,(20,(292,474))))),((48,(102,(171,112))),((296,(194,(333,(118,446)))),(193,((382,6),(222,253))))))))))))),(0,(((303,(96,78)),((((445,258),(337,(32,471))),((47,(58,211)),(404,(145,(461,(293,50)))))),((255,75),(((459,(314,412)),((132,(154,104)),(417,(229,200)))),((86,(28,(332,447))),((436,466),(57,(397,341)))))))),((((2,((308,384),(184,(7,105)))),((159,435),(348,(114,(55,(66,402)))))),((97,(((43,(300,279)),(418,(475,(19,289)))),((237,((411,137),(140,((13,250),(487,221))))),(((453,(49,399)),(301,(444,439))),((272,(428,(463,352))),((166,(358,56)),(259,(335,311)))))))),((223,(380,160)),(((374,((148,456),(481,(288,(143,(205,450)))))),((275,15),(344,((338,388),((1,472),(361,119)))))),(((35,23),(157,89)),((17,216),(14,((342,241),((195,196),((326,(37,(422,(199,(280,369))))),(420,((377,(270,25)),((340,351),(362,(228,190))))))))))))))),((((451,(244,24)),((3,99),(343,133))),((206,(306,197)),(((11,396),((392,234),(213,(315,(210,183))))),(((364,433),(149,(353,(482,69)))),((256,(285,282)),(494,(60,(215,91)))))))),(((169,(432,(291,(302,36)))),(486,((115,117),(317,(313,267))))),(((329,(((297,187),(108,298)),(366,((98,113),(136,421))))),((497,((64,287),(87,52))),(464,((390,410),(111,((414,271),(167,323))))))),(((407,((21,235),(416,246))),((427,(385,(44,(316,(452,82))))),(227,((179,129),((381,77),(12,(161,(498,(231,94))))))))),(((163,476),(355,(134,18))),((175,(356,(41,370))),((325,386),((116,73),((460,(76,128)),((158,135),(484,(192,4))))))))))))))))))))))))))));
Quartet score is: 1486076548682
Normalized quartet score is: 0.5746721810608573
ASTRAL finished in 7933.503 secs
