
================== ASTRAL ===================== 

This is ASTRAL version 4.10.10
Gene trees are treated as unrooted
1000 trees read from ASTRALDATA/model.100.2000000.0.000001/05/estimatedgenetre.halfresolved
All output trees will be *arbitrarily* rooted at 20

======== Running the main analysis
Number of taxa: 101 (101 species)
Taxa: [20, 4, 54, 25, 62, 49, 59, 94, 5, 90, 47, 24, 58, 38, 92, 30, 60, 21, 63, 82, 99, 48, 55, 68, 78, 80, 44, 86, 23, 39, 51, 71, 65, 67, 95, 87, 12, 0, 32, 79, 89, 7, 37, 9, 77, 43, 74, 75, 34, 45, 31, 29, 91, 1, 41, 52, 11, 96, 97, 83, 56, 40, 26, 6, 85, 53, 81, 17, 76, 88, 28, 73, 42, 27, 57, 8, 100, 13, 84, 70, 18, 61, 72, 98, 66, 64, 33, 50, 10, 93, 15, 2, 3, 69, 46, 22, 16, 35, 36, 19, 14]
Taxon occupancy: {35=1000, 36=1000, 33=1000, 34=1000, 39=1000, 37=1000, 38=1000, 43=1000, 42=1000, 41=1000, 40=1000, 22=1000, 23=1000, 24=1000, 25=1000, 26=1000, 27=1000, 28=1000, 29=1000, 3=1000, 2=1000, 1=1000, 0=1000, 7=1000, 30=1000, 6=1000, 32=1000, 5=1000, 4=1000, 31=1000, 9=1000, 8=1000, 19=1000, 17=1000, 18=1000, 15=1000, 16=1000, 13=1000, 14=1000, 11=1000, 12=1000, 21=1000, 20=1000, 99=1000, 100=1000, 98=1000, 97=1000, 96=1000, 95=1000, 94=1000, 93=1000, 92=1000, 91=1000, 90=1000, 10=1000, 88=1000, 89=1000, 79=1000, 78=1000, 77=1000, 82=1000, 83=1000, 80=1000, 81=1000, 86=1000, 87=1000, 84=1000, 85=1000, 67=1000, 66=1000, 69=1000, 68=1000, 70=1000, 71=1000, 72=1000, 73=1000, 74=1000, 75=1000, 76=1000, 59=1000, 58=1000, 57=1000, 56=1000, 55=1000, 64=1000, 65=1000, 62=1000, 63=1000, 60=1000, 61=1000, 49=1000, 48=1000, 45=1000, 44=1000, 47=1000, 46=1000, 51=1000, 52=1000, 53=1000, 54=1000, 50=1000}
Number of gene trees: 1000
0 trees have missing taxa
Calculating quartet distance matrix (for completion of X)
Species tree distances calculated ...
Building set of clusters (X) from gene trees 
Using tree-based weight calculation.
Number of Default Clusters: 9197
Number of quartet trees in the gene trees: 4082925000
calculating extra bipartitions to be added at level 1 ...
Number of Clusters after addition by distance: 9197
Adding to X using resolutions of greedy consensus ...
Threshold 0.0:
Threshold 0.01:
Threshold 0.02:
Threshold 0.05:
Threshold 0.1:
Threshold 0.2:
polytomy of size 3; rounds with additions with at least 0.01 support: 0; clusters: 9197
polytomy of size 3; rounds with additions with at least 0.01 support: 0; clusters: 9197
polytomy of size 4; rounds with additions with at least 0.01 support: 0; clusters: 9197
Threshold 0.3333333333333333:
polytomy of size 3; rounds with additions with at least 0.01 support: 0; clusters: 9197
polytomy of size 4; rounds with additions with at least 0.01 support: 0; clusters: 9197
polytomy of size 3; rounds with additions with at least 0.01 support: 0; clusters: 9197
polytomy of size 4; rounds with additions with at least 0.01 support: 0; clusters: 9197
polytomy of size 5; rounds with additions with at least 0.01 support: 0; clusters: 9197
Number of Clusters after addition by greedy: 9197
partitions formed in 4.751 secs
Dynamic Programming starting after 4.751 secs
Size of largest cluster: 101
Total Number of elements weighted: 41692
Normalized score (portion of input quartet trees satisfied): 0.9075236591414243
Final optimization score: 3705351036
Optimal tree inferred in 130.16 secs.
(46,((22,(16,35)),((14,(36,19)),(((50,10),((2,3),(69,(93,15)))),((98,(66,(64,33))),(((72,(18,(70,61))),(((13,84),(81,17)),(76,((100,(88,28)),(73,((27,57),(42,8))))))),(0,(((85,53),((40,(26,6)),((32,(79,(89,7))),(52,((11,(56,(96,(97,83)))),((37,9),(((74,75),(77,43)),(31,((34,45),(29,(1,(91,41)))))))))))),(((87,12),(71,(65,(67,95)))),((23,(39,51)),(((20,(4,54)),(49,((25,62),(59,(94,5))))),((90,(47,(24,(58,38)))),(86,((44,(60,(92,30))),((78,80),((55,(21,68)),(63,(82,(99,48)))))))))))))))))));
Quartet score is: 3705351036
Normalized quartet score is: 0.9075236591414243
ASTRAL finished in 132.874 secs
