
================== ASTRAL ===================== 

This is ASTRAL version 4.10.10
Gene trees are treated as unrooted
1000 trees read from ASTRALDATA/model.10.2000000.0.000001/30/estimatedgenetre.halfresolved
All output trees will be *arbitrarily* rooted at 8

======== Running the main analysis
Number of taxa: 11 (11 species)
Taxa: [8, 3, 9, 1, 6, 2, 0, 10, 4, 5, 7]
Taxon occupancy: {3=1000, 2=1000, 10=1000, 1=1000, 0=1000, 7=1000, 6=1000, 5=1000, 4=1000, 9=1000, 8=1000}
Number of gene trees: 1000
0 trees have missing taxa
Calculating quartet distance matrix (for completion of X)
Species tree distances calculated ...
Building set of clusters (X) from gene trees 
Using tree-based weight calculation.
Number of Default Clusters: 231
Number of quartet trees in the gene trees: 330000
calculating extra bipartitions to be added at level 1 ...
Number of Clusters after addition by distance: 231
Adding to X using resolutions of greedy consensus ...
Threshold 0.0:
Threshold 0.01:
Threshold 0.02:
Threshold 0.05:
Threshold 0.1:
Threshold 0.2:
Threshold 0.3333333333333333:
polytomy of size 3; rounds with additions with at least 0.01 support: 0; clusters: 231
Number of Clusters after addition by greedy: 231
partitions formed in 0.533 secs
Dynamic Programming starting after 0.533 secs
Size of largest cluster: 11
Total Number of elements weighted: 576
Normalized score (portion of input quartet trees satisfied): 0.8305818181818182
Final optimization score: 274092
Optimal tree inferred in 0.891 secs.
(9,(0,((1,(6,2)),((8,3),(10,(4,(5,7)))))));
Quartet score is: 274092
Normalized quartet score is: 0.8305818181818182
ASTRAL finished in 1.328 secs
