
================== ASTRAL ===================== 

This is ASTRAL version 4.10.8
Gene trees are treated as unrooted
1000 trees read from model.200.10000000.0.0000001/44/estimatedgenetre.halfresolved
All outputted trees will be *arbitrarily* rooted at 87

======== Running the main analysis
Number of taxa: 201 (201 species)
Taxa: [87, 9, 26, 123, 170, 13, 140, 112, 96, 129, 74, 59, 48, 76, 0, 86, 193, 191, 54, 99, 92, 160, 192, 6, 165, 78, 50, 73, 102, 95, 94, 151, 84, 35, 177, 173, 155, 20, 134, 71, 89, 119, 3, 164, 65, 14, 136, 146, 174, 34, 110, 23, 183, 10, 75, 161, 181, 51, 118, 57, 147, 80, 32, 128, 185, 135, 105, 104, 142, 150, 137, 36, 4, 139, 19, 85, 62, 28, 144, 25, 41, 22, 64, 154, 93, 167, 124, 106, 44, 114, 49, 117, 186, 198, 98, 67, 21, 1, 77, 97, 131, 61, 68, 166, 133, 169, 168, 16, 58, 40, 37, 88, 175, 53, 130, 47, 163, 196, 182, 120, 156, 91, 7, 141, 115, 18, 12, 27, 176, 63, 39, 100, 187, 69, 31, 125, 5, 52, 189, 90, 184, 56, 152, 79, 180, 157, 195, 111, 171, 138, 199, 72, 127, 107, 33, 42, 103, 159, 45, 197, 17, 55, 70, 178, 132, 82, 116, 43, 190, 153, 121, 29, 158, 109, 113, 83, 148, 24, 194, 46, 126, 8, 179, 143, 172, 145, 15, 60, 2, 200, 11, 122, 162, 188, 66, 30, 38, 81, 108, 149, 101]
Taxon occupancy: {35=1000, 36=1000, 33=1000, 159=1000, 34=1000, 158=1000, 39=1000, 157=1000, 156=1000, 155=1000, 37=1000, 38=1000, 154=1000, 152=1000, 153=1000, 150=1000, 151=1000, 43=1000, 42=1000, 41=1000, 40=1000, 200=1000, 22=1000, 23=1000, 169=1000, 24=1000, 25=1000, 26=1000, 166=1000, 165=1000, 27=1000, 28=1000, 168=1000, 167=1000, 29=1000, 161=1000, 3=1000, 162=1000, 2=1000, 1=1000, 163=1000, 0=1000, 164=1000, 30=1000, 7=1000, 6=1000, 32=1000, 5=1000, 4=1000, 160=1000, 31=1000, 9=1000, 8=1000, 19=1000, 17=1000, 179=1000, 18=1000, 178=1000, 177=1000, 15=1000, 16=1000, 176=1000, 13=1000, 14=1000, 11=1000, 12=1000, 170=1000, 21=1000, 20=1000, 171=1000, 174=1000, 175=1000, 172=1000, 173=1000, 188=1000, 187=1000, 189=1000, 180=1000, 181=1000, 10=1000, 182=1000, 183=1000, 184=1000, 185=1000, 186=1000, 116=1000, 117=1000, 79=1000, 114=1000, 78=1000, 77=1000, 115=1000, 112=1000, 113=1000, 110=1000, 111=1000, 118=1000, 119=1000, 82=1000, 83=1000, 80=1000, 81=1000, 86=1000, 87=1000, 84=1000, 85=1000, 67=1000, 125=1000, 66=1000, 126=1000, 69=1000, 127=1000, 128=1000, 68=1000, 121=1000, 122=1000, 123=1000, 124=1000, 129=1000, 70=1000, 71=1000, 120=1000, 72=1000, 73=1000, 74=1000, 75=1000, 76=1000, 134=1000, 135=1000, 132=1000, 59=1000, 133=1000, 58=1000, 138=1000, 139=1000, 57=1000, 136=1000, 56=1000, 137=1000, 55=1000, 64=1000, 65=1000, 62=1000, 63=1000, 131=1000, 60=1000, 61=1000, 130=1000, 49=1000, 143=1000, 144=1000, 48=1000, 145=1000, 146=1000, 147=1000, 45=1000, 44=1000, 148=1000, 149=1000, 47=1000, 46=1000, 51=1000, 52=1000, 53=1000, 54=1000, 140=1000, 142=1000, 50=1000, 141=1000, 109=1000, 108=1000, 107=1000, 106=1000, 105=1000, 104=1000, 103=1000, 99=1000, 102=1000, 101=1000, 100=1000, 98=1000, 97=1000, 96=1000, 95=1000, 94=1000, 93=1000, 92=1000, 91=1000, 90=1000, 88=1000, 89=1000, 195=1000, 194=1000, 197=1000, 196=1000, 191=1000, 190=1000, 193=1000, 192=1000, 198=1000, 199=1000}
Number of gene trees: 1000
0 trees have missing taxa
Calculating quartet distance matrix (for completion of X)
Species tree distances calculated ...
Building set of clusters (X) from gene trees 
Using tree-based weight calculation.
Number of Default Clusters: 17455
Number of quartet trees in the gene trees: 65998349802
calculating extra bipartitions to be added at level 1 ...
Number of Clusters after addition by distance: 17455
Adding to X using resolutions of greedy consensus ...
Threshold 0.0:
Threshold 0.01:
Threshold 0.02:
Threshold 0.05:
Threshold 0.1:
polytomy of size 4; rounds with additions with at least 0.01 support: 0; clusters: 17455
polytomy of size 4; rounds with additions with at least 0.01 support: 0; clusters: 17455
Threshold 0.2:
polytomy of size 4; rounds with additions with at least 0.01 support: 0; clusters: 17455
polytomy of size 5; rounds with additions with at least 0.01 support: 0; clusters: 17455
polytomy of size 6; rounds with additions with at least 0.01 support: 0; clusters: 17455
Threshold 0.3333333333333333:
polytomy of size 5; rounds with additions with at least 0.01 support: 0; clusters: 17455
polytomy of size 12; rounds with additions with at least 0.01 support: 0; clusters: 17455
polytomy of size 3; rounds with additions with at least 0.01 support: 0; clusters: 17455
Number of Clusters after addition by greedy: 17455
partitions formed in 12.823 secs
Dynamic Programming starting after 12.823 secs
Size of largest cluster: 201
Size of largest cluster: 201
Total Number of elements weighted: 71651
Normalized score (portion of input quartet trees satisfied): NaN
Final optimization score: 0
Total Number of elements weighted: 71651
Normalized score (portion of input quartet trees satisfied): 0.820465306275871
Final optimization score: 54149356284
Optimal tree inferred in 31.243 secs.
(87,(9,(26,((123,170),(((112,129),(140,(13,96))),((74,(59,(48,76))),(((60,2),(200,(((38,101),(81,(108,149))),(11,((122,162),(188,(66,30))))))),(((20,134),((((14,136),(174,(146,34))),((164,65),(71,(3,(89,119))))),((((78,(50,(73,102))),((99,92),(160,(192,(6,165))))),(95,(86,((193,(191,54)),((177,(173,155)),((94,151),(84,35))))))),(((36,4),((41,(167,(93,(22,(64,154))))),((28,(144,25)),(139,(19,(85,62)))))),((110,(183,((181,51),(23,(10,(75,161)))))),((118,(32,(80,(57,147)))),((135,105),(104,((128,185),(137,(142,150))))))))))),(0,(44,(((((117,186),(67,(198,98))),((61,((68,166),(133,169))),((97,131),(21,(1,77))))),(106,((114,49),(((45,(103,159)),(((116,43),(190,153)),((17,55),(70,(178,(132,82)))))),((197,(121,29)),((113,((83,148),(24,(194,(46,126))))),((158,109),(8,((179,143),(172,(145,15))))))))))),((176,((18,(12,27)),(((37,88),(168,(16,(58,40)))),((120,((141,115),(156,(91,7)))),((196,182),(163,(47,(175,(53,130))))))))),(((56,(107,(33,42))),((90,184),(5,(52,189)))),(127,((100,((63,39),(187,(69,(31,125))))),(124,((152,79),((180,157),((111,171),(195,(138,(199,72))))))))))))))))))))));
Quartet score is: 54149356284
Normalized quartet score is: 0.820465306275871
ASTRAL finished in 42.493 secs
