
================== ASTRAL ===================== 

This is ASTRAL version 4.10.7
Gene trees are treated as unrooted
982 trees read from ASTRALDATA/model.50.2000000.0.000001/07/estimatedgenetre.halfresolved
All output trees will be *arbitrarily* rooted at 31

======== Running the main analysis
Number of taxa: 51 (51 species)
Taxa: [31, 29, 19, 42, 3, 11, 8, 14, 13, 36, 22, 15, 44, 25, 35, 16, 20, 37, 23, 34, 43, 46, 21, 1, 41, 45, 12, 47, 24, 39, 5, 28, 26, 9, 7, 17, 27, 4, 18, 30, 48, 49, 33, 40, 32, 50, 2, 10, 38, 6, 0]
Number of gene trees: 982
0 trees have missing taxa
Calculating quartet distance matrix (for completion of X)
Species tree distances calculated ...
Building set of clusters (X) from gene trees 
Using tree-based weight calculation.
Number of Default Clusters: 13499
Number of quartet trees in the gene trees: 245031240
calculating extra bipartitions to be added at level 1 ...
Number of Clusters after addition by distance: 13499
Adding to X using resolutions of greedy consensus ...
Threshold 0.0:
Threshold 0.01:
Threshold 0.02:
Threshold 0.05:
Threshold 0.1:
polytomy of size 3; rounds with additions with at least 0.01 support: 0; clusters: 13499
Threshold 0.2:
polytomy of size 5; rounds with additions with at least 0.01 support: 0; clusters: 13499
polytomy of size 4; rounds with additions with at least 0.01 support: 0; clusters: 13499
Threshold 0.3333333333333333:
polytomy of size 3; rounds with additions with at least 0.01 support: 0; clusters: 13499
polytomy of size 14; rounds with additions with at least 0.01 support: 0; clusters: 13541
Number of Clusters after addition by greedy: 13541
partitions formed in 3.591 secs
Dynamic Programming starting after 3.591 secs
Size of largest cluster: 51
Total Number of elements weighted: 65331
Normalized score (portion of input quartet trees satisfied): 0.7508175773831941
Final optimization score: 183973762
Optimal tree inferred in 138.302 secs.
(13,(14,(8,((36,22),((42,(3,11)),((31,(29,19)),(50,((((17,27),(39,(26,(5,28)))),(33,((48,49),(4,(18,30))))),((32,(2,(10,38))),(((9,7),(44,(15,(25,(35,16))))),((40,6),(0,(((43,46),(34,(23,(20,37)))),((12,(21,1)),((47,24),(41,45))))))))))))))));
Quartet score is: 183973762
Normalized quartet score is: 0.7508175773831941
ASTRAL finished in 139.379 secs
