
================== ASTRAL ===================== 

This is ASTRAL version 4.10.10
Gene trees are treated as unrooted
858 trees read from ASTRALDATA/model.100.2000000.0.000001/35/estimatedgenetre.halfresolved
All output trees will be *arbitrarily* rooted at 21

======== Running the main analysis
Number of taxa: 101 (101 species)
Taxa: [21, 61, 82, 52, 42, 46, 56, 81, 96, 88, 7, 2, 65, 30, 31, 39, 26, 90, 29, 28, 60, 18, 15, 55, 63, 92, 10, 84, 3, 49, 33, 35, 85, 67, 27, 54, 66, 95, 0, 4, 34, 57, 36, 8, 97, 43, 68, 17, 19, 59, 99, 94, 80, 64, 100, 87, 11, 6, 62, 40, 83, 25, 16, 79, 93, 98, 32, 9, 91, 44, 77, 23, 78, 69, 72, 50, 58, 86, 1, 53, 20, 71, 37, 38, 47, 89, 75, 70, 41, 5, 51, 73, 22, 13, 76, 12, 48, 14, 74, 45, 24]
Taxon occupancy: {35=858, 36=858, 33=858, 34=858, 39=858, 37=858, 38=858, 43=858, 42=858, 41=858, 40=858, 22=858, 23=858, 24=858, 25=858, 26=858, 27=858, 28=858, 29=858, 3=858, 2=858, 1=858, 0=858, 7=858, 30=858, 6=858, 32=858, 5=858, 4=858, 31=858, 9=858, 8=858, 19=858, 17=858, 18=858, 15=858, 16=858, 13=858, 14=858, 11=858, 12=858, 21=858, 20=858, 99=858, 100=858, 98=858, 97=858, 96=858, 95=858, 94=858, 93=858, 92=858, 91=858, 90=858, 10=858, 88=858, 89=858, 79=858, 78=858, 77=858, 82=858, 83=858, 80=858, 81=858, 86=858, 87=858, 84=858, 85=858, 67=858, 66=858, 69=858, 68=858, 70=858, 71=858, 72=858, 73=858, 74=858, 75=858, 76=858, 59=858, 58=858, 57=858, 56=858, 55=858, 64=858, 65=858, 62=858, 63=858, 60=858, 61=858, 49=858, 48=858, 45=858, 44=858, 47=858, 46=858, 51=858, 52=858, 53=858, 54=858, 50=858}
Number of gene trees: 858
0 trees have missing taxa
Calculating quartet distance matrix (for completion of X)
Species tree distances calculated ...
Building set of clusters (X) from gene trees 
Using tree-based weight calculation.
Number of Default Clusters: 29603
Number of quartet trees in the gene trees: 3490479790
calculating extra bipartitions to be added at level 1 ...
Number of Clusters after addition by distance: 29603
Adding to X using resolutions of greedy consensus ...
Threshold 0.0:
Threshold 0.01:
Threshold 0.02:
Threshold 0.05:
polytomy of size 5; rounds with additions with at least 0.01 support: 0; clusters: 29603
Threshold 0.1:
polytomy of size 6; rounds with additions with at least 0.01 support: 0; clusters: 29603
polytomy of size 3; rounds with additions with at least 0.01 support: 0; clusters: 29603
polytomy of size 3; rounds with additions with at least 0.01 support: 0; clusters: 29603
polytomy of size 4; rounds with additions with at least 0.01 support: 0; clusters: 29603
Threshold 0.2:
polytomy of size 9; rounds with additions with at least 0.01 support: 0; clusters: 29603
polytomy of size 5; rounds with additions with at least 0.01 support: 0; clusters: 29603
polytomy of size 3; rounds with additions with at least 0.01 support: 0; clusters: 29603
polytomy of size 4; rounds with additions with at least 0.01 support: 0; clusters: 29603
polytomy of size 4; rounds with additions with at least 0.01 support: 0; clusters: 29603
polytomy of size 6; rounds with additions with at least 0.01 support: 0; clusters: 29603
Threshold 0.3333333333333333:
polytomy of size 3; rounds with additions with at least 0.01 support: 0; clusters: 29603
polytomy of size 3; rounds with additions with at least 0.01 support: 0; clusters: 29603
polytomy of size 5; rounds with additions with at least 0.01 support: 0; clusters: 29603
polytomy of size 3; rounds with additions with at least 0.01 support: 0; clusters: 29603
polytomy of size 3; rounds with additions with at least 0.01 support: 0; clusters: 29603
polytomy of size 3; rounds with additions with at least 0.01 support: 0; clusters: 29603
polytomy of size 18; rounds with additions with at least 0.01 support: 0; clusters: 29911
polytomy of size 3; rounds with additions with at least 0.01 support: 0; clusters: 29911
polytomy of size 6; rounds with additions with at least 0.01 support: 0; clusters: 29911
polytomy of size 3; rounds with additions with at least 0.01 support: 0; clusters: 29911
polytomy of size 6; rounds with additions with at least 0.01 support: 0; clusters: 29911
Number of Clusters after addition by greedy: 29911
partitions formed in 8.483 secs
Dynamic Programming starting after 8.483 secs
Size of largest cluster: 101
Calculated 100000 weights; time (seconds): 292
Total Number of elements weighted: 136135
Normalized score (portion of input quartet trees satisfied): 0.7869012130850928
Final optimization score: 2746662781
Optimal tree inferred in 395.629 secs.
(76,((14,(12,48)),(((84,3),(((35,85),(27,54)),((49,33),(67,(66,95))))),(((79,93),((25,16),(40,83))),((61,(((63,(92,10)),((55,(28,60)),((18,15),(2,65)))),((21,(30,(31,39))),((29,(26,90)),((24,(74,45)),(((56,81),(46,96)),((42,7),(52,(82,88))))))))),(0,((57,((4,34),((97,43),((36,8),(68,(17,19)))))),((((6,62),(59,99)),((94,(87,11)),(80,(64,100)))),((98,(22,13)),((9,(51,73)),(((77,(91,44)),(89,((72,50),(78,69)))),(32,(23,((1,47),((53,(70,(41,(75,5)))),((58,(71,37)),(86,(20,38))))))))))))))))));
Quartet score is: 2746662781
Normalized quartet score is: 0.7869012130850928
ASTRAL finished in 398.488 secs
