
================== ASTRAL ===================== 

This is ASTRAL version 4.10.8
Gene trees are treated as unrooted
1000 trees read from model.200.500000.0.0000001/04/estimatedgenetre.halfresolved
All outputted trees will be *arbitrarily* rooted at 137

======== Running the main analysis
Number of taxa: 201 (201 species)
Taxa: [137, 43, 107, 66, 77, 51, 97, 108, 147, 150, 76, 183, 144, 186, 32, 84, 184, 194, 45, 131, 164, 28, 110, 69, 154, 86, 171, 113, 40, 199, 79, 83, 111, 119, 181, 11, 187, 185, 19, 105, 188, 30, 6, 65, 41, 20, 192, 74, 118, 96, 10, 62, 138, 60, 159, 63, 160, 53, 106, 116, 36, 0, 130, 161, 115, 195, 178, 196, 140, 90, 197, 21, 165, 141, 39, 49, 162, 135, 89, 7, 176, 23, 182, 124, 47, 133, 22, 9, 128, 59, 92, 120, 143, 68, 180, 155, 61, 100, 172, 190, 98, 170, 99, 91, 126, 44, 17, 18, 87, 104, 2, 163, 173, 80, 169, 78, 48, 158, 31, 58, 27, 134, 179, 75, 109, 5, 15, 93, 3, 117, 72, 8, 12, 56, 16, 24, 166, 129, 177, 35, 81, 55, 142, 149, 38, 127, 193, 145, 101, 94, 139, 125, 67, 88, 50, 200, 85, 123, 29, 73, 71, 25, 168, 103, 112, 114, 95, 82, 54, 121, 33, 34, 146, 13, 151, 122, 156, 175, 198, 167, 46, 153, 42, 70, 14, 152, 189, 37, 64, 136, 1, 148, 26, 132, 102, 191, 4, 57, 157, 174, 52]
Taxon occupancy: {35=1000, 36=1000, 159=1000, 33=1000, 158=1000, 34=1000, 157=1000, 39=1000, 156=1000, 155=1000, 37=1000, 154=1000, 38=1000, 152=1000, 153=1000, 150=1000, 151=1000, 43=1000, 42=1000, 41=1000, 40=1000, 200=1000, 22=1000, 23=1000, 169=1000, 24=1000, 25=1000, 26=1000, 166=1000, 165=1000, 27=1000, 28=1000, 168=1000, 29=1000, 167=1000, 161=1000, 3=1000, 162=1000, 2=1000, 163=1000, 1=1000, 0=1000, 164=1000, 7=1000, 30=1000, 6=1000, 32=1000, 5=1000, 4=1000, 160=1000, 31=1000, 9=1000, 8=1000, 19=1000, 17=1000, 179=1000, 178=1000, 18=1000, 15=1000, 177=1000, 176=1000, 16=1000, 13=1000, 14=1000, 11=1000, 12=1000, 21=1000, 170=1000, 171=1000, 20=1000, 174=1000, 175=1000, 172=1000, 173=1000, 188=1000, 187=1000, 189=1000, 180=1000, 10=1000, 181=1000, 182=1000, 183=1000, 184=1000, 185=1000, 186=1000, 116=1000, 79=1000, 117=1000, 78=1000, 114=1000, 115=1000, 77=1000, 112=1000, 113=1000, 110=1000, 111=1000, 118=1000, 119=1000, 82=1000, 83=1000, 80=1000, 81=1000, 86=1000, 87=1000, 84=1000, 85=1000, 125=1000, 67=1000, 66=1000, 126=1000, 69=1000, 127=1000, 68=1000, 128=1000, 121=1000, 122=1000, 123=1000, 124=1000, 129=1000, 70=1000, 120=1000, 71=1000, 72=1000, 73=1000, 74=1000, 75=1000, 76=1000, 134=1000, 135=1000, 132=1000, 59=1000, 133=1000, 138=1000, 58=1000, 57=1000, 139=1000, 56=1000, 136=1000, 137=1000, 55=1000, 64=1000, 65=1000, 62=1000, 63=1000, 60=1000, 131=1000, 130=1000, 61=1000, 143=1000, 49=1000, 144=1000, 48=1000, 145=1000, 146=1000, 45=1000, 147=1000, 44=1000, 148=1000, 47=1000, 149=1000, 46=1000, 51=1000, 52=1000, 53=1000, 54=1000, 140=1000, 142=1000, 141=1000, 50=1000, 109=1000, 108=1000, 107=1000, 106=1000, 105=1000, 104=1000, 103=1000, 102=1000, 99=1000, 101=1000, 100=1000, 98=1000, 97=1000, 96=1000, 95=1000, 94=1000, 93=1000, 92=1000, 91=1000, 90=1000, 88=1000, 89=1000, 195=1000, 194=1000, 197=1000, 196=1000, 191=1000, 190=1000, 193=1000, 192=1000, 198=1000, 199=1000}
Number of gene trees: 1000
0 trees have missing taxa
Calculating quartet distance matrix (for completion of X)
Species tree distances calculated ...
Building set of clusters (X) from gene trees 
Using tree-based weight calculation.
Number of Default Clusters: 140325
Number of quartet trees in the gene trees: 65998350000
calculating extra bipartitions to be added at level 1 ...
Number of Clusters after addition by distance: 140349
Adding to X using resolutions of greedy consensus ...
Threshold 0.0:
polytomy of size 4; rounds with additions with at least 0.01 support: 2; clusters: 140365
polytomy of size 8; rounds with additions with at least 0.01 support: 5; clusters: 140579
polytomy of size 3; rounds with additions with at least 0.01 support: 0; clusters: 140583
Threshold 0.01:
polytomy of size 23; rounds with additions with at least 0.01 support: 4; clusters: 144297
Threshold 0.02:
polytomy of size 3; rounds with additions with at least 0.01 support: 0; clusters: 144297
polytomy of size 28; rounds with additions with at least 0.01 support: 4; clusters: 149901
Threshold 0.05:
polytomy of size 3; rounds with additions with at least 0.01 support: 0; clusters: 149901
polytomy of size 3; rounds with additions with at least 0.01 support: 0; clusters: 149901
polytomy of size 4; rounds with additions with at least 0.01 support: 0; clusters: 149901
polytomy of size 36; rounds with additions with at least 0.01 support: 0; clusters: 149927
Threshold 0.1:
polytomy of size 6; rounds with additions with at least 0.01 support: 0; clusters: 149927
polytomy of size 4; rounds with additions with at least 0.01 support: 0; clusters: 149927
polytomy of size 4; rounds with additions with at least 0.01 support: 0; clusters: 149927
polytomy of size 61; rounds with additions with at least 0.01 support: 0; clusters: 149975
Threshold 0.2:
polytomy of size 6; rounds with additions with at least 0.01 support: 0; clusters: 149975
polytomy of size 84; rounds with additions with at least 0.01 support: 0; clusters: 150001
Threshold 0.3333333333333333:
polytomy of size 5; rounds with additions with at least 0.01 support: 0; clusters: 150001
polytomy of size 4; rounds with additions with at least 0.01 support: 0; clusters: 150001
Number of Clusters after addition by greedy: 150001
partitions formed in 88.745 secs
Dynamic Programming starting after 88.745 secs
Size of largest cluster: 201
Size of largest cluster: 201
Calculated 100000 weights; time (seconds): 112
Calculated 200000 weights; time (seconds): 21
Calculated 300000 weights; time (seconds): 22
Total Number of elements weighted: 449978
Normalized score (portion of input quartet trees satisfied): NaN
Final optimization score: 0
Calculated 400000 weights; time (seconds): 38
Total Number of elements weighted: 449978
Normalized score (portion of input quartet trees satisfied): 0.4976134528969285
Final optimization score: 32841666829
Optimal tree inferred in 229.515 secs.
(137,(43,((107,66),((182,124),((15,93),(22,(((49,(162,135)),((117,72),((23,(176,133)),((89,47),(7,3))))),(34,(((13,(146,151)),(((64,136),(174,(37,52))),((97,(1,(148,26))),((77,51),((147,150),(108,144)))))),(((76,(183,132)),(115,(178,((21,(39,(140,((196,167),(90,197))))),((186,195),((84,(32,184)),(141,(161,(130,165))))))))),((((188,(5,((60,159),(138,109)))),((134,75),(179,((6,((30,20),(65,41))),((10,62),(192,(118,(74,96)))))))),(((4,(57,157)),(191,((54,33),(82,121)))),((95,102),(111,(198,((156,175),((181,185),((119,19),(187,(11,105)))))))))),((((113,100),((18,104),(40,(17,87)))),((((68,180),(199,(79,83))),((155,61),((2,173),(163,80)))),(14,(((99,(170,42)),(153,(((126,44),(9,128)),(91,(172,(190,98)))))),(194,((58,70),((31,(169,(48,158))),((59,92),(78,(143,(120,27))))))))))),(0,(((129,(166,177)),((63,149),(38,(35,(55,(81,142)))))),(((8,12),(112,(25,(114,(168,103))))),((56,((16,24),(152,189))),((36,(53,(106,(125,(145,(139,(101,94))))))),(((116,(160,122)),((123,46),(171,(154,86)))),((193,67),(((50,85),(88,200)),(127,(((164,28),(110,69)),((73,71),(29,(45,131)))))))))))))))))))))))));
Quartet score is: 32841666829
Normalized quartet score is: 0.4976134528969285
ASTRAL finished in 239.303 secs
