
================== ASTRAL ===================== 

This is ASTRAL version 4.10.10
Gene trees are treated as unrooted
1000 trees read from ASTRALDATA/model.200.2000000.0.000001/30/estimatedgenetre.halfresolved
All output trees will be *arbitrarily* rooted at 112

======== Running the main analysis
Number of taxa: 201 (201 species)
Taxa: [112, 105, 116, 141, 98, 84, 134, 44, 139, 20, 33, 165, 27, 113, 13, 63, 180, 108, 34, 152, 14, 82, 124, 148, 28, 196, 157, 21, 49, 55, 117, 199, 70, 154, 9, 3, 2, 64, 132, 119, 66, 58, 170, 50, 23, 176, 90, 153, 100, 192, 35, 187, 129, 135, 29, 189, 96, 12, 11, 76, 125, 103, 197, 25, 150, 93, 143, 188, 69, 15, 193, 48, 107, 22, 131, 71, 136, 122, 97, 92, 86, 168, 169, 126, 30, 87, 68, 88, 194, 46, 45, 137, 53, 166, 184, 5, 73, 159, 16, 59, 95, 41, 24, 149, 77, 173, 121, 74, 179, 32, 185, 4, 175, 10, 72, 172, 190, 140, 8, 54, 186, 106, 174, 145, 17, 0, 102, 178, 56, 101, 171, 155, 181, 133, 83, 163, 167, 78, 111, 67, 99, 120, 128, 79, 138, 200, 26, 142, 182, 146, 40, 191, 144, 1, 42, 156, 19, 160, 158, 109, 75, 39, 85, 164, 52, 81, 183, 57, 151, 177, 38, 161, 115, 60, 123, 7, 62, 65, 104, 94, 43, 37, 198, 162, 91, 114, 89, 61, 31, 36, 6, 147, 127, 130, 110, 118, 47, 80, 195, 18, 51]
Taxon occupancy: {35=1000, 36=1000, 33=1000, 159=1000, 34=1000, 158=1000, 157=1000, 39=1000, 156=1000, 155=1000, 37=1000, 154=1000, 38=1000, 152=1000, 153=1000, 150=1000, 151=1000, 43=1000, 42=1000, 41=1000, 40=1000, 200=1000, 22=1000, 169=1000, 23=1000, 24=1000, 25=1000, 166=1000, 26=1000, 27=1000, 165=1000, 168=1000, 28=1000, 29=1000, 167=1000, 3=1000, 161=1000, 2=1000, 162=1000, 163=1000, 1=1000, 0=1000, 164=1000, 30=1000, 7=1000, 6=1000, 5=1000, 32=1000, 4=1000, 160=1000, 31=1000, 9=1000, 8=1000, 19=1000, 179=1000, 17=1000, 18=1000, 178=1000, 15=1000, 177=1000, 176=1000, 16=1000, 13=1000, 14=1000, 11=1000, 12=1000, 21=1000, 170=1000, 20=1000, 171=1000, 174=1000, 175=1000, 172=1000, 173=1000, 188=1000, 187=1000, 189=1000, 180=1000, 10=1000, 181=1000, 182=1000, 183=1000, 184=1000, 185=1000, 186=1000, 116=1000, 117=1000, 79=1000, 78=1000, 114=1000, 77=1000, 115=1000, 112=1000, 113=1000, 110=1000, 111=1000, 118=1000, 119=1000, 82=1000, 83=1000, 80=1000, 81=1000, 86=1000, 87=1000, 84=1000, 85=1000, 125=1000, 67=1000, 126=1000, 66=1000, 127=1000, 69=1000, 68=1000, 128=1000, 121=1000, 122=1000, 123=1000, 124=1000, 129=1000, 70=1000, 71=1000, 120=1000, 72=1000, 73=1000, 74=1000, 75=1000, 76=1000, 134=1000, 135=1000, 132=1000, 59=1000, 133=1000, 58=1000, 138=1000, 139=1000, 57=1000, 136=1000, 56=1000, 137=1000, 55=1000, 64=1000, 65=1000, 62=1000, 63=1000, 131=1000, 60=1000, 130=1000, 61=1000, 143=1000, 49=1000, 48=1000, 144=1000, 145=1000, 146=1000, 45=1000, 147=1000, 148=1000, 44=1000, 47=1000, 149=1000, 46=1000, 51=1000, 52=1000, 53=1000, 54=1000, 140=1000, 142=1000, 141=1000, 50=1000, 109=1000, 108=1000, 107=1000, 106=1000, 105=1000, 104=1000, 103=1000, 102=1000, 99=1000, 101=1000, 100=1000, 98=1000, 97=1000, 96=1000, 95=1000, 94=1000, 93=1000, 92=1000, 91=1000, 90=1000, 88=1000, 89=1000, 195=1000, 194=1000, 197=1000, 196=1000, 191=1000, 190=1000, 193=1000, 192=1000, 198=1000, 199=1000}
Number of gene trees: 1000
0 trees have missing taxa
Calculating quartet distance matrix (for completion of X)
Species tree distances calculated ...
Building set of clusters (X) from gene trees 
Using tree-based weight calculation.
Number of Default Clusters: 36823
Number of quartet trees in the gene trees: 65998250844
calculating extra bipartitions to be added at level 1 ...
Number of Clusters after addition by distance: 36823
Adding to X using resolutions of greedy consensus ...
Threshold 0.0:
Threshold 0.01:
Threshold 0.02:
Threshold 0.05:
polytomy of size 3; rounds with additions with at least 0.01 support: 0; clusters: 36823
polytomy of size 3; rounds with additions with at least 0.01 support: 0; clusters: 36823
Threshold 0.1:
polytomy of size 3; rounds with additions with at least 0.01 support: 0; clusters: 36823
polytomy of size 3; rounds with additions with at least 0.01 support: 0; clusters: 36823
polytomy of size 9; rounds with additions with at least 0.01 support: 0; clusters: 36823
Threshold 0.2:
polytomy of size 4; rounds with additions with at least 0.01 support: 0; clusters: 36823
polytomy of size 5; rounds with additions with at least 0.01 support: 0; clusters: 36823
polytomy of size 4; rounds with additions with at least 0.01 support: 0; clusters: 36823
polytomy of size 14; rounds with additions with at least 0.01 support: 0; clusters: 36823
polytomy of size 3; rounds with additions with at least 0.01 support: 0; clusters: 36823
Threshold 0.3333333333333333:
polytomy of size 3; rounds with additions with at least 0.01 support: 0; clusters: 36823
polytomy of size 4; rounds with additions with at least 0.01 support: 0; clusters: 36823
polytomy of size 5; rounds with additions with at least 0.01 support: 0; clusters: 36823
polytomy of size 3; rounds with additions with at least 0.01 support: 0; clusters: 36823
polytomy of size 3; rounds with additions with at least 0.01 support: 0; clusters: 36823
polytomy of size 3; rounds with additions with at least 0.01 support: 0; clusters: 36823
polytomy of size 3; rounds with additions with at least 0.01 support: 0; clusters: 36823
polytomy of size 3; rounds with additions with at least 0.01 support: 0; clusters: 36823
polytomy of size 3; rounds with additions with at least 0.01 support: 0; clusters: 36823
polytomy of size 3; rounds with additions with at least 0.01 support: 0; clusters: 36823
polytomy of size 4; rounds with additions with at least 0.01 support: 0; clusters: 36823
polytomy of size 3; rounds with additions with at least 0.01 support: 0; clusters: 36823
polytomy of size 3; rounds with additions with at least 0.01 support: 0; clusters: 36823
polytomy of size 26; rounds with additions with at least 0.01 support: 0; clusters: 37165
polytomy of size 3; rounds with additions with at least 0.01 support: 0; clusters: 37165
polytomy of size 4; rounds with additions with at least 0.01 support: 0; clusters: 37165
polytomy of size 3; rounds with additions with at least 0.01 support: 0; clusters: 37165
polytomy of size 4; rounds with additions with at least 0.01 support: 0; clusters: 37165
polytomy of size 5; rounds with additions with at least 0.01 support: 0; clusters: 37165
Number of Clusters after addition by greedy: 37165
partitions formed in 22.59 secs
Dynamic Programming starting after 22.59 secs
Size of largest cluster: 201
Calculated 100000 weights; time (seconds): 625
Total Number of elements weighted: 153237
Normalized score (portion of input quartet trees satisfied): 0.7539894011528024
Final optimization score: 49761981631
Optimal tree inferred in 949.79 secs.
(184,(5,((137,(53,166)),((((103,(125,197)),(25,(150,(188,(93,143))))),(30,((168,(169,126)),((86,(69,((97,(122,92)),((107,(48,22)),(193,(71,(131,(15,136)))))))),(((87,68),(45,(88,(194,46)))),(135,((29,(189,96)),(12,(11,76))))))))),((((154,9),(199,70)),(3,(2,(119,(66,(64,132)))))),(((187,129),(79,((176,90),((50,(23,153)),(35,(58,(192,(170,100)))))))),(((((16,59),(73,(159,(95,((41,77),(24,149)))))),(((185,4),(173,(121,74))),((179,32),((72,172),(175,10))))),((139,(134,44)),((112,(141,((105,84),(116,98)))),(((33,(20,27)),(165,(157,(28,196)))),(113,((180,108),((13,63),(34,((124,148),(82,(152,14))))))))))),((21,(117,(49,55))),(((40,191),(146,((138,182),(142,(200,26))))),(((0,(128,(120,(190,(8,(140,(54,186))))))),((102,178),((171,155),((133,83),(181,(56,101)))))),((((198,162),(91,((114,89),(61,(31,36))))),((18,((6,147),(127,130))),(51,((80,195),(47,(110,118)))))),((145,17),(((111,99),((163,167),(78,67))),(115,(((106,174),((81,183),((39,(85,(164,52))),((38,161),(57,(151,177)))))),(((144,(1,42)),(160,((158,109),(156,19)))),(75,(((7,62),(60,123)),(37,(65,(94,(104,43))))))))))))))))))))));
Quartet score is: 49761981631
Normalized quartet score is: 0.7539894011528024
ASTRAL finished in 957.736 secs
