
================== ASTRAL ===================== 

This is ASTRAL version 4.10.8
Gene trees are treated as unrooted
1000 trees read from model.1000.2000000.0.000001/19/estimatedgenetre.halfresolved
All outputted trees will be *arbitrarily* rooted at 981

======== Running the main analysis
Number of taxa: 1001 (1001 species)
Taxa: [981, 942, 824, 790, 217, 261, 636, 522, 275, 401, 320, 591, 469, 451, 818, 970, 567, 268, 450, 244, 45, 111, 510, 327, 57, 126, 453, 182, 328, 66, 684, 984, 629, 590, 298, 340, 948, 396, 926, 155, 930, 449, 634, 647, 905, 487, 891, 910, 520, 394, 521, 807, 276, 745, 643, 118, 324, 870, 62, 281, 315, 92, 295, 797, 969, 416, 938, 849, 736, 616, 573, 362, 526, 566, 846, 445, 753, 223, 238, 227, 679, 378, 795, 332, 758, 178, 1000, 352, 9, 662, 439, 657, 316, 694, 176, 867, 70, 638, 313, 49, 229, 620, 535, 433, 740, 103, 4, 853, 507, 456, 934, 387, 794, 239, 692, 633, 379, 144, 50, 708, 834, 205, 108, 119, 74, 282, 82, 183, 882, 346, 890, 388, 89, 994, 124, 501, 199, 703, 174, 299, 422, 897, 14, 226, 353, 222, 369, 307, 768, 533, 713, 102, 161, 171, 639, 173, 188, 117, 819, 191, 463, 98, 140, 448, 397, 367, 293, 148, 243, 431, 789, 88, 272, 858, 39, 517, 235, 996, 722, 707, 63, 40, 543, 184, 477, 145, 90, 581, 847, 937, 557, 153, 947, 615, 744, 106, 359, 651, 467, 311, 940, 950, 506, 412, 381, 986, 283, 154, 471, 2, 407, 179, 724, 85, 105, 568, 952, 87, 835, 670, 880, 395, 873, 527, 71, 250, 808, 151, 158, 539, 321, 511, 932, 556, 921, 760, 454, 465, 129, 610, 198, 232, 838, 825, 43, 26, 554, 872, 739, 241, 476, 97, 335, 617, 579, 792, 695, 426, 549, 264, 125, 257, 25, 869, 551, 751, 721, 242, 436, 878, 987, 544, 876, 193, 58, 702, 605, 941, 376, 350, 683, 374, 472, 907, 686, 968, 625, 931, 79, 337, 262, 305, 685, 201, 230, 459, 861, 697, 594, 518, 440, 570, 458, 447, 691, 627, 322, 720, 748, 820, 303, 457, 725, 485, 782, 297, 42, 60, 583, 673, 437, 545, 935, 73, 667, 681, 998, 204, 988, 162, 500, 688, 464, 240, 576, 22, 363, 195, 122, 370, 654, 65, 718, 823, 780, 169, 136, 902, 495, 310, 716, 975, 20, 515, 410, 418, 600, 413, 296, 810, 390, 904, 978, 166, 860, 993, 729, 944, 542, 139, 225, 669, 980, 248, 676, 197, 649, 519, 541, 209, 995, 364, 877, 0, 513, 233, 330, 403, 172, 95, 711, 690, 400, 206, 618, 666, 546, 814, 648, 318, 796, 177, 603, 765, 928, 848, 6, 354, 18, 512, 961, 160, 482, 632, 827, 386, 483, 871, 866, 497, 588, 628, 999, 468, 285, 559, 131, 641, 357, 372, 630, 142, 114, 881, 635, 829, 602, 883, 228, 611, 138, 215, 831, 529, 218, 732, 29, 569, 964, 314, 442, 365, 754, 971, 585, 466, 342, 256, 646, 958, 953, 560, 918, 728, 53, 438, 906, 347, 572, 771, 851, 432, 532, 652, 213, 405, 806, 498, 460, 598, 309, 270, 175, 563, 234, 939, 954, 34, 687, 273, 47, 821, 899, 763, 528, 279, 462, 913, 561, 52, 475, 775, 420, 817, 537, 300, 278, 743, 622, 737, 850, 373, 976, 599, 338, 749, 786, 258, 856, 75, 624, 895, 325, 143, 989, 24, 781, 417, 214, 857, 888, 884, 974, 189, 661, 741, 990, 912, 701, 59, 46, 900, 291, 147, 132, 375, 429, 680, 216, 659, 86, 946, 55, 619, 756, 922, 267, 752, 343, 163, 660, 404, 3, 115, 203, 211, 613, 705, 672, 423, 723, 11, 61, 803, 714, 33, 69, 584, 955, 552, 31, 985, 949, 351, 181, 908, 167, 444, 558, 32, 925, 120, 156, 901, 76, 341, 112, 524, 731, 730, 427, 663, 779, 249, 671, 956, 960, 892, 822, 356, 301, 936, 734, 333, 331, 80, 839, 582, 589, 289, 767, 719, 435, 409, 816, 843, 259, 769, 287, 887, 37, 411, 548, 419, 804, 875, 862, 575, 277, 81, 757, 430, 799, 21, 385, 923, 306, 292, 186, 480, 149, 127, 508, 735, 326, 84, 421, 852, 678, 859, 402, 152, 700, 759, 30, 677, 885, 580, 840, 696, 801, 251, 35, 499, 121, 893, 833, 531, 967, 726, 254, 99, 77, 317, 190, 826, 564, 492, 187, 382, 185, 304, 587, 815, 915, 100, 868, 919, 83, 920, 778, 91, 266, 962, 271, 391, 710, 461, 973, 550, 933, 571, 110, 493, 207, 577, 505, 509, 530, 334, 842, 247, 715, 864, 770, 655, 473, 784, 997, 10, 540, 717, 269, 783, 202, 104, 366, 424, 706, 805, 12, 965, 645, 377, 791, 44, 15, 504, 747, 595, 137, 371, 220, 255, 109, 689, 406, 361, 565, 490, 5, 274, 674, 785, 951, 349, 113, 263, 802, 478, 675, 441, 777, 903, 992, 863, 957, 196, 693, 224, 963, 664, 452, 130, 72, 245, 562, 41, 977, 8, 180, 776, 609, 101, 221, 123, 489, 358, 854, 455, 56, 889, 212, 28, 809, 17, 538, 592, 911, 755, 280, 481, 699, 916, 604, 170, 746, 128, 924, 766, 653, 135, 547, 832, 67, 658, 593, 979, 192, 336, 486, 51, 738, 830, 534, 772, 78, 252, 393, 614, 945, 434, 210, 914, 54, 917, 898, 159, 982, 48, 443, 793, 284, 879, 23, 484, 64, 787, 596, 345, 236, 698, 798, 219, 380, 800, 150, 288, 812, 836, 200, 494, 597, 38, 972, 399, 398, 7, 164, 704, 774, 474, 523, 607, 516, 503, 650, 389, 16, 13, 656, 392, 909, 841, 764, 168, 642, 329, 983, 874, 133, 290, 415, 157, 116, 788, 96, 813, 959, 319, 1, 845, 141, 844, 308, 894, 246, 146, 348, 36, 668, 265, 260, 408, 302, 682, 608, 107, 19, 344, 828, 621, 446, 773, 644, 943, 368, 586, 640, 488, 237, 991, 733, 966, 414, 312, 553, 626, 339, 514, 578, 623, 637, 712, 470, 601, 231, 94, 665, 855, 491, 294, 536, 428, 360, 727, 253, 612, 496, 355, 865, 525, 709, 837, 27, 384, 811, 742, 93, 68, 425, 896, 208, 194, 606, 761, 762, 502, 574, 555, 383, 479, 929, 750, 631, 927, 886, 323, 286, 134, 165]
Taxon occupancy: {338=1000, 339=1000, 941=1000, 942=1000, 940=1000, 945=1000, 332=1000, 946=1000, 333=1000, 943=1000, 330=1000, 944=1000, 331=1000, 336=1000, 949=1000, 337=1000, 947=1000, 334=1000, 335=1000, 948=1000, 748=1000, 531=1000, 530=1000, 747=1000, 746=1000, 745=1000, 535=1000, 534=1000, 533=1000, 532=1000, 749=1000, 539=1000, 740=1000, 538=1000, 537=1000, 536=1000, 744=1000, 743=1000, 742=1000, 741=1000, 349=1000, 930=1000, 931=1000, 932=1000, 341=1000, 342=1000, 933=1000, 934=1000, 343=1000, 344=1000, 935=1000, 345=1000, 936=1000, 346=1000, 937=1000, 938=1000, 347=1000, 348=1000, 939=1000, 3=1000, 735=1000, 540=1000, 929=1000, 2=1000, 734=1000, 1=1000, 542=1000, 737=1000, 0=1000, 541=1000, 736=1000, 7=1000, 544=1000, 739=1000, 738=1000, 543=1000, 6=1000, 340=1000, 546=1000, 5=1000, 545=1000, 4=1000, 548=1000, 547=1000, 9=1000, 8=1000, 549=1000, 731=1000, 730=1000, 733=1000, 732=1000, 920=1000, 318=1000, 319=1000, 316=1000, 317=1000, 927=1000, 314=1000, 315=1000, 928=1000, 312=1000, 925=1000, 926=1000, 313=1000, 310=1000, 923=1000, 924=1000, 311=1000, 921=1000, 922=1000, 513=1000, 729=1000, 512=1000, 511=1000, 728=1000, 727=1000, 510=1000, 726=1000, 725=1000, 724=1000, 919=1000, 918=1000, 723=1000, 722=1000, 721=1000, 519=1000, 720=1000, 518=1000, 517=1000, 516=1000, 515=1000, 514=1000, 327=1000, 328=1000, 329=1000, 323=1000, 914=1000, 324=1000, 915=1000, 916=1000, 325=1000, 917=1000, 326=1000, 709=1000, 910=1000, 911=1000, 320=1000, 321=1000, 912=1000, 322=1000, 913=1000, 522=1000, 717=1000, 716=1000, 521=1000, 524=1000, 719=1000, 523=1000, 718=1000, 713=1000, 908=1000, 712=1000, 907=1000, 520=1000, 715=1000, 909=1000, 714=1000, 529=1000, 711=1000, 710=1000, 526=1000, 525=1000, 528=1000, 527=1000, 989=1000, 988=1000, 987=1000, 571=1000, 570=1000, 982=1000, 981=1000, 980=1000, 986=1000, 985=1000, 984=1000, 983=1000, 700=1000, 574=1000, 703=1000, 704=1000, 575=1000, 572=1000, 701=1000, 702=1000, 573=1000, 578=1000, 707=1000, 579=1000, 708=1000, 576=1000, 705=1000, 577=1000, 706=1000, 977=1000, 976=1000, 979=1000, 300=1000, 978=1000, 302=1000, 580=1000, 301=1000, 582=1000, 304=1000, 303=1000, 581=1000, 306=1000, 305=1000, 308=1000, 971=1000, 970=1000, 307=1000, 973=1000, 972=1000, 309=1000, 975=1000, 974=1000, 583=1000, 584=1000, 585=1000, 586=1000, 587=1000, 588=1000, 589=1000, 969=1000, 968=1000, 967=1000, 966=1000, 965=1000, 964=1000, 963=1000, 962=1000, 961=1000, 960=1000, 558=1000, 559=1000, 556=1000, 557=1000, 554=1000, 555=1000, 552=1000, 553=1000, 550=1000, 551=1000, 959=1000, 958=1000, 560=1000, 955=1000, 954=1000, 957=1000, 956=1000, 951=1000, 950=1000, 953=1000, 952=1000, 569=1000, 565=1000, 566=1000, 567=1000, 568=1000, 561=1000, 562=1000, 563=1000, 564=1000, 799=1000, 798=1000, 797=1000, 796=1000, 795=1000, 794=1000, 793=1000, 792=1000, 790=1000, 996=1000, 997=1000, 791=1000, 994=1000, 995=1000, 992=1000, 993=1000, 990=1000, 991=1000, 998=1000, 999=1000, 781=1000, 782=1000, 783=1000, 784=1000, 785=1000, 786=1000, 787=1000, 788=1000, 789=1000, 780=1000, 772=1000, 505=1000, 773=1000, 506=1000, 503=1000, 770=1000, 771=1000, 504=1000, 776=1000, 509=1000, 777=1000, 774=1000, 507=1000, 775=1000, 508=1000, 778=1000, 779=1000, 501=1000, 502=1000, 500=1000, 763=1000, 764=1000, 765=1000, 766=1000, 760=1000, 761=1000, 762=1000, 767=1000, 768=1000, 769=1000, 754=1000, 755=1000, 752=1000, 753=1000, 750=1000, 751=1000, 758=1000, 759=1000, 756=1000, 757=1000, 595=1000, 594=1000, 597=1000, 391=1000, 596=1000, 390=1000, 393=1000, 599=1000, 392=1000, 598=1000, 395=1000, 394=1000, 396=1000, 397=1000, 398=1000, 399=1000, 590=1000, 591=1000, 592=1000, 593=1000, 383=1000, 384=1000, 381=1000, 382=1000, 380=1000, 389=1000, 388=1000, 387=1000, 386=1000, 385=1000, 370=1000, 371=1000, 372=1000, 373=1000, 379=1000, 378=1000, 375=1000, 374=1000, 377=1000, 376=1000, 361=1000, 362=1000, 360=1000, 366=1000, 365=1000, 364=1000, 363=1000, 369=1000, 368=1000, 367=1000, 350=1000, 351=1000, 353=1000, 352=1000, 355=1000, 354=1000, 357=1000, 356=1000, 359=1000, 358=1000, 806=1000, 807=1000, 804=1000, 805=1000, 802=1000, 803=1000, 800=1000, 801=1000, 159=1000, 158=1000, 157=1000, 156=1000, 155=1000, 154=1000, 601=1000, 152=1000, 600=1000, 153=1000, 150=1000, 151=1000, 609=1000, 608=1000, 607=1000, 606=1000, 605=1000, 604=1000, 603=1000, 602=1000, 202=1000, 203=1000, 204=1000, 205=1000, 200=1000, 201=1000, 169=1000, 166=1000, 206=1000, 165=1000, 207=1000, 208=1000, 168=1000, 209=1000, 167=1000, 161=1000, 409=1000, 408=1000, 162=1000, 163=1000, 164=1000, 405=1000, 404=1000, 407=1000, 160=1000, 406=1000, 401=1000, 400=1000, 403=1000, 402=1000, 824=1000, 211=1000, 212=1000, 825=1000, 822=1000, 210=1000, 823=1000, 828=1000, 215=1000, 829=1000, 216=1000, 213=1000, 826=1000, 827=1000, 214=1000, 219=1000, 179=1000, 178=1000, 217=1000, 177=1000, 176=1000, 218=1000, 820=1000, 821=1000, 170=1000, 418=1000, 171=1000, 417=1000, 416=1000, 415=1000, 623=1000, 174=1000, 175=1000, 622=1000, 621=1000, 172=1000, 620=1000, 173=1000, 419=1000, 410=1000, 627=1000, 626=1000, 625=1000, 819=1000, 624=1000, 414=1000, 413=1000, 412=1000, 629=1000, 628=1000, 411=1000, 811=1000, 220=1000, 812=1000, 221=1000, 813=1000, 222=1000, 223=1000, 814=1000, 224=1000, 815=1000, 225=1000, 816=1000, 226=1000, 817=1000, 227=1000, 818=1000, 188=1000, 228=1000, 229=1000, 187=1000, 189=1000, 810=1000, 427=1000, 180=1000, 426=1000, 429=1000, 181=1000, 428=1000, 182=1000, 610=1000, 183=1000, 184=1000, 612=1000, 185=1000, 611=1000, 186=1000, 614=1000, 809=1000, 808=1000, 613=1000, 616=1000, 421=1000, 615=1000, 420=1000, 618=1000, 423=1000, 617=1000, 422=1000, 425=1000, 619=1000, 424=1000, 116=1000, 843=1000, 117=1000, 842=1000, 841=1000, 114=1000, 115=1000, 840=1000, 112=1000, 113=1000, 110=1000, 111=1000, 849=1000, 848=1000, 847=1000, 846=1000, 845=1000, 118=1000, 844=1000, 119=1000, 435=1000, 436=1000, 433=1000, 434=1000, 431=1000, 432=1000, 430=1000, 439=1000, 437=1000, 438=1000, 830=1000, 125=1000, 126=1000, 832=1000, 127=1000, 128=1000, 831=1000, 121=1000, 122=1000, 123=1000, 124=1000, 838=1000, 837=1000, 839=1000, 129=1000, 834=1000, 833=1000, 836=1000, 835=1000, 444=1000, 445=1000, 446=1000, 447=1000, 440=1000, 441=1000, 442=1000, 443=1000, 120=1000, 448=1000, 449=1000, 134=1000, 861=1000, 135=1000, 860=1000, 132=1000, 133=1000, 865=1000, 138=1000, 139=1000, 864=1000, 863=1000, 136=1000, 862=1000, 137=1000, 869=1000, 868=1000, 867=1000, 866=1000, 450=1000, 453=1000, 454=1000, 451=1000, 452=1000, 457=1000, 458=1000, 455=1000, 456=1000, 459=1000, 131=1000, 130=1000, 143=1000, 144=1000, 145=1000, 850=1000, 146=1000, 147=1000, 852=1000, 148=1000, 851=1000, 854=1000, 149=1000, 853=1000, 856=1000, 855=1000, 858=1000, 857=1000, 859=1000, 461=1000, 460=1000, 462=1000, 463=1000, 464=1000, 465=1000, 466=1000, 467=1000, 468=1000, 469=1000, 140=1000, 142=1000, 141=1000, 687=1000, 686=1000, 689=1000, 688=1000, 683=1000, 682=1000, 685=1000, 684=1000, 888=1000, 889=1000, 884=1000, 885=1000, 886=1000, 680=1000, 681=1000, 887=1000, 880=1000, 881=1000, 882=1000, 883=1000, 678=1000, 677=1000, 676=1000, 675=1000, 674=1000, 673=1000, 672=1000, 671=1000, 679=1000, 879=1000, 877=1000, 878=1000, 875=1000, 876=1000, 670=1000, 873=1000, 874=1000, 871=1000, 872=1000, 870=1000, 696=1000, 695=1000, 694=1000, 693=1000, 890=1000, 699=1000, 698=1000, 697=1000, 899=1000, 893=1000, 894=1000, 891=1000, 892=1000, 691=1000, 897=1000, 898=1000, 692=1000, 895=1000, 896=1000, 690=1000, 646=1000, 647=1000, 648=1000, 649=1000, 642=1000, 195=1000, 194=1000, 643=1000, 644=1000, 197=1000, 196=1000, 645=1000, 191=1000, 190=1000, 640=1000, 193=1000, 192=1000, 641=1000, 198=1000, 199=1000, 639=1000, 637=1000, 638=1000, 635=1000, 636=1000, 633=1000, 634=1000, 631=1000, 632=1000, 630=1000, 668=1000, 669=1000, 660=1000, 661=1000, 662=1000, 663=1000, 664=1000, 665=1000, 666=1000, 667=1000, 659=1000, 657=1000, 658=1000, 651=1000, 652=1000, 650=1000, 655=1000, 656=1000, 653=1000, 654=1000, 35=1000, 36=1000, 33=1000, 34=1000, 39=1000, 37=1000, 38=1000, 43=1000, 42=1000, 41=1000, 40=1000, 22=1000, 23=1000, 24=1000, 25=1000, 26=1000, 27=1000, 28=1000, 29=1000, 30=1000, 32=1000, 31=1000, 19=1000, 17=1000, 18=1000, 15=1000, 16=1000, 13=1000, 14=1000, 11=1000, 12=1000, 21=1000, 20=1000, 10=1000, 79=1000, 78=1000, 77=1000, 82=1000, 83=1000, 80=1000, 81=1000, 86=1000, 87=1000, 84=1000, 85=1000, 67=1000, 66=1000, 69=1000, 68=1000, 70=1000, 71=1000, 72=1000, 73=1000, 74=1000, 75=1000, 76=1000, 59=1000, 58=1000, 57=1000, 56=1000, 55=1000, 64=1000, 65=1000, 62=1000, 63=1000, 60=1000, 61=1000, 49=1000, 48=1000, 45=1000, 44=1000, 47=1000, 46=1000, 51=1000, 52=1000, 53=1000, 54=1000, 50=1000, 281=1000, 487=1000, 486=1000, 280=1000, 485=1000, 484=1000, 285=1000, 284=1000, 489=1000, 283=1000, 488=1000, 282=1000, 288=1000, 289=1000, 286=1000, 287=1000, 482=1000, 483=1000, 480=1000, 481=1000, 474=1000, 473=1000, 476=1000, 270=1000, 475=1000, 478=1000, 272=1000, 477=1000, 271=1000, 274=1000, 479=1000, 273=1000, 275=1000, 276=1000, 277=1000, 278=1000, 279=1000, 470=1000, 471=1000, 472=1000, 1000=1000, 109=1000, 108=1000, 107=1000, 106=1000, 105=1000, 104=1000, 103=1000, 102=1000, 99=1000, 101=1000, 100=1000, 98=1000, 97=1000, 96=1000, 95=1000, 94=1000, 93=1000, 92=1000, 91=1000, 294=1000, 90=1000, 293=1000, 499=1000, 296=1000, 295=1000, 496=1000, 290=1000, 495=1000, 498=1000, 292=1000, 497=1000, 291=1000, 491=1000, 492=1000, 493=1000, 494=1000, 297=1000, 298=1000, 299=1000, 490=1000, 88=1000, 89=1000, 240=1000, 241=1000, 245=1000, 244=1000, 243=1000, 242=1000, 249=1000, 248=1000, 247=1000, 246=1000, 230=1000, 239=1000, 232=1000, 231=1000, 234=1000, 233=1000, 236=1000, 235=1000, 238=1000, 237=1000, 262=1000, 263=1000, 260=1000, 261=1000, 269=1000, 268=1000, 267=1000, 266=1000, 265=1000, 264=1000, 250=1000, 251=1000, 252=1000, 904=1000, 258=1000, 903=1000, 257=1000, 906=1000, 905=1000, 259=1000, 900=1000, 254=1000, 253=1000, 902=1000, 256=1000, 901=1000, 255=1000}
Number of gene trees: 1000
0 trees have missing taxa
Calculating quartet distance matrix (for completion of X)
Species tree distances calculated ...
Building set of clusters (X) from gene trees 
Using tree-based weight calculation.
Number of Default Clusters: 238323
Number of quartet trees in the gene trees: 41583291750000
calculating extra bipartitions to be added at level 1 ...
Number of Clusters after addition by distance: 238339
Adding to X using resolutions of greedy consensus ...
Threshold 0.0:
polytomy of size 8; rounds with additions with at least 0.01 support: 4; clusters: 238415
Threshold 0.01:
polytomy of size 22; rounds with additions with at least 0.01 support: 1; clusters: 239959
Threshold 0.02:
polytomy of size 3; rounds with additions with at least 0.01 support: 0; clusters: 239959
polytomy of size 26; rounds with additions with at least 0.01 support: 0; clusters: 242201
Threshold 0.05:
polytomy of size 36; rounds with additions with at least 0.01 support: 1; clusters: 242241
Threshold 0.1:
polytomy of size 3; rounds with additions with at least 0.01 support: 0; clusters: 242241
polytomy of size 3; rounds with additions with at least 0.01 support: 0; clusters: 242241
polytomy of size 3; rounds with additions with at least 0.01 support: 0; clusters: 242241
polytomy of size 6; rounds with additions with at least 0.01 support: 0; clusters: 242241
polytomy of size 3; rounds with additions with at least 0.01 support: 0; clusters: 242241
polytomy of size 5; rounds with additions with at least 0.01 support: 0; clusters: 242241
polytomy of size 4; rounds with additions with at least 0.01 support: 0; clusters: 242241
polytomy of size 52; rounds with additions with at least 0.01 support: 0; clusters: 242257
Threshold 0.2:
polytomy of size 4; rounds with additions with at least 0.01 support: 0; clusters: 242257
polytomy of size 5; rounds with additions with at least 0.01 support: 0; clusters: 242257
polytomy of size 4; rounds with additions with at least 0.01 support: 0; clusters: 242257
polytomy of size 5; rounds with additions with at least 0.01 support: 0; clusters: 242257
polytomy of size 5; rounds with additions with at least 0.01 support: 0; clusters: 242257
polytomy of size 5; rounds with additions with at least 0.01 support: 0; clusters: 242257
polytomy of size 3; rounds with additions with at least 0.01 support: 0; clusters: 242257
polytomy of size 5; rounds with additions with at least 0.01 support: 0; clusters: 242257
polytomy of size 4; rounds with additions with at least 0.01 support: 0; clusters: 242257
polytomy of size 3; rounds with additions with at least 0.01 support: 0; clusters: 242257
polytomy of size 5; rounds with additions with at least 0.01 support: 0; clusters: 242257
polytomy of size 3; rounds with additions with at least 0.01 support: 0; clusters: 242257
polytomy of size 4; rounds with additions with at least 0.01 support: 0; clusters: 242257
polytomy of size 7; rounds with additions with at least 0.01 support: 0; clusters: 242257
polytomy of size 3; rounds with additions with at least 0.01 support: 0; clusters: 242257
polytomy of size 3; rounds with additions with at least 0.01 support: 0; clusters: 242257
polytomy of size 75; rounds with additions with at least 0.01 support: 0; clusters: 242257
Threshold 0.3333333333333333:
polytomy of size 3; rounds with additions with at least 0.01 support: 0; clusters: 242257
polytomy of size 3; rounds with additions with at least 0.01 support: 0; clusters: 242257
polytomy of size 4; rounds with additions with at least 0.01 support: 0; clusters: 242257
polytomy of size 3; rounds with additions with at least 0.01 support: 0; clusters: 242257
polytomy of size 6; rounds with additions with at least 0.01 support: 0; clusters: 242257
polytomy of size 6; rounds with additions with at least 0.01 support: 0; clusters: 242257
polytomy of size 3; rounds with additions with at least 0.01 support: 0; clusters: 242257
polytomy of size 4; rounds with additions with at least 0.01 support: 0; clusters: 242257
polytomy of size 4; rounds with additions with at least 0.01 support: 0; clusters: 242257
polytomy of size 4; rounds with additions with at least 0.01 support: 0; clusters: 242257
polytomy of size 5; rounds with additions with at least 0.01 support: 0; clusters: 242257
polytomy of size 3; rounds with additions with at least 0.01 support: 0; clusters: 242257
polytomy of size 3; rounds with additions with at least 0.01 support: 0; clusters: 242257
polytomy of size 3; rounds with additions with at least 0.01 support: 0; clusters: 242257
polytomy of size 4; rounds with additions with at least 0.01 support: 0; clusters: 242257
polytomy of size 3; rounds with additions with at least 0.01 support: 0; clusters: 242257
polytomy of size 3; rounds with additions with at least 0.01 support: 0; clusters: 242257
polytomy of size 3; rounds with additions with at least 0.01 support: 0; clusters: 242257
polytomy of size 3; rounds with additions with at least 0.01 support: 0; clusters: 242257
polytomy of size 5; rounds with additions with at least 0.01 support: 0; clusters: 242257
polytomy of size 4; rounds with additions with at least 0.01 support: 0; clusters: 242257
polytomy of size 3; rounds with additions with at least 0.01 support: 0; clusters: 242257
polytomy of size 3; rounds with additions with at least 0.01 support: 0; clusters: 242257
polytomy of size 4; rounds with additions with at least 0.01 support: 0; clusters: 242257
polytomy of size 3; rounds with additions with at least 0.01 support: 0; clusters: 242257
polytomy of size 3; rounds with additions with at least 0.01 support: 0; clusters: 242257
polytomy of size 3; rounds with additions with at least 0.01 support: 0; clusters: 242257
polytomy of size 3; rounds with additions with at least 0.01 support: 0; clusters: 242257
polytomy of size 3; rounds with additions with at least 0.01 support: 0; clusters: 242257
polytomy of size 7; rounds with additions with at least 0.01 support: 0; clusters: 242257
polytomy of size 6; rounds with additions with at least 0.01 support: 0; clusters: 242257
polytomy of size 3; rounds with additions with at least 0.01 support: 0; clusters: 242257
polytomy of size 3; rounds with additions with at least 0.01 support: 0; clusters: 242257
polytomy of size 4; rounds with additions with at least 0.01 support: 0; clusters: 242257
polytomy of size 3; rounds with additions with at least 0.01 support: 0; clusters: 242257
polytomy of size 5; rounds with additions with at least 0.01 support: 0; clusters: 242257
polytomy of size 5; rounds with additions with at least 0.01 support: 0; clusters: 242257
polytomy of size 4; rounds with additions with at least 0.01 support: 0; clusters: 242257
polytomy of size 7; rounds with additions with at least 0.01 support: 0; clusters: 242257
polytomy of size 3; rounds with additions with at least 0.01 support: 0; clusters: 242257
polytomy of size 4; rounds with additions with at least 0.01 support: 0; clusters: 242257
polytomy of size 3; rounds with additions with at least 0.01 support: 0; clusters: 242257
polytomy of size 4; rounds with additions with at least 0.01 support: 0; clusters: 242257
polytomy of size 3; rounds with additions with at least 0.01 support: 0; clusters: 242257
polytomy of size 5; rounds with additions with at least 0.01 support: 0; clusters: 242257
polytomy of size 4; rounds with additions with at least 0.01 support: 0; clusters: 242257
polytomy of size 3; rounds with additions with at least 0.01 support: 0; clusters: 242257
polytomy of size 3; rounds with additions with at least 0.01 support: 0; clusters: 242257
polytomy of size 4; rounds with additions with at least 0.01 support: 0; clusters: 242257
polytomy of size 3; rounds with additions with at least 0.01 support: 0; clusters: 242257
polytomy of size 8; rounds with additions with at least 0.01 support: 0; clusters: 242261
polytomy of size 3; rounds with additions with at least 0.01 support: 0; clusters: 242261
polytomy of size 4; rounds with additions with at least 0.01 support: 0; clusters: 242261
polytomy of size 3; rounds with additions with at least 0.01 support: 0; clusters: 242261
polytomy of size 4; rounds with additions with at least 0.01 support: 0; clusters: 242261
polytomy of size 3; rounds with additions with at least 0.01 support: 0; clusters: 242261
polytomy of size 8; rounds with additions with at least 0.01 support: 0; clusters: 242267
polytomy of size 3; rounds with additions with at least 0.01 support: 0; clusters: 242267
polytomy of size 3; rounds with additions with at least 0.01 support: 0; clusters: 242267
polytomy of size 5; rounds with additions with at least 0.01 support: 0; clusters: 242267
polytomy of size 4; rounds with additions with at least 0.01 support: 0; clusters: 242267
polytomy of size 102; rounds with additions with at least 0.01 support: 0; clusters: 331049
Number of Clusters after addition by greedy: 331049
partitions formed in 689.5 secs
Dynamic Programming starting after 689.5 secs
Size of largest cluster: 1001
Size of largest cluster: 1001
Calculated 100000 weights; time (seconds): 827
Calculated 200000 weights; time (seconds): 129
Calculated 300000 weights; time (seconds): 132
Calculated 400000 weights; time (seconds): 135
Calculated 500000 weights; time (seconds): 131
Calculated 600000 weights; time (seconds): 130
Calculated 700000 weights; time (seconds): 152
Total Number of elements weighted: 917089
Normalized score (portion of input quartet trees satisfied): NaN
Final optimization score: 0
Calculated 800000 weights; time (seconds): 397
Calculated 900000 weights; time (seconds): 287
Total Number of elements weighted: 917089
Normalized score (portion of input quartet trees satisfied): 0.5335088837826554
Final optimization score: 22185055565551
Optimal tree inferred in 2382.673 secs.
(981,((942,(217,(790,(824,261)))),((522,(469,((275,401),(320,591)))),(636,(((631,(886,(927,323))),(779,(750,(574,((479,929),(555,383)))))),((((558,32),(((731,730),(427,663)),(925,(120,(76,((341,524),(156,(901,112)))))))),(43,((792,695),(((97,335),(26,(554,872))),((426,549),((617,579),(739,(241,476)))))))),(((343,(203,((3,115),(660,(163,404))))),(((211,613),(705,672)),((423,723),(714,(11,(61,803)))))),(((((297,42),(643,(118,324))),(921,((825,(232,838)),((465,129),((610,198),(760,454)))))),(((941,376),(350,683)),((264,((869,551),(125,(257,25)))),((751,(721,242)),((436,878),((702,605),(58,(987,(544,(876,193)))))))))),((((548,(411,419)),(804,(875,862))),((((582,589),((80,839),(331,(289,767)))),((502,(822,(892,(333,((356,301),(936,734)))))),((956,(671,(249,960))),(33,(69,(955,(513,584))))))),((781,((741,(990,912)),(((884,974),(189,661)),(417,(888,(214,857)))))),((208,(552,(444,(908,(167,(31,((351,181),(985,949)))))))),(((701,59),(46,(900,(291,147)))),(((216,659),(132,375)),(86,((680,(946,55)),(429,(922,((267,752),(619,756)))))))))))),(745,((((931,(79,337)),(((979,(486,(192,336))),(16,((282,82),((183,197),(346,(882,(994,(890,(388,(501,(89,124))))))))))),((151,(556,((321,511),(932,(158,539))))),((527,(71,(250,808))),((638,(313,49)),(433,(229,(620,535)))))))),(((749,((856,75),(624,(786,258)))),((338,194),((((976,599),(850,373)),(143,(364,(989,(895,325))))),(24,((13,(656,392)),(168,((909,(841,764)),(642,(329,983))))))))),(((992,(478,903)),(675,(441,777))),(((863,957),(274,((224,(963,977)),(41,((196,693),((245,562),(452,(664,(130,72))))))))),(674,(((113,(263,802)),(595,(406,(361,(565,490))))),(689,((5,(349,(785,951))),((137,371),(220,(255,109))))))))))),((((((614,945),(((54,917),(434,(210,914))),(898,((23,(284,879)),(159,(982,(793,(48,443)))))))),((658,593),(((202,(10,540)),(783,(717,269))),((534,(772,(78,(252,393)))),((473,784),((842,997),(655,(770,(715,(247,864)))))))))),((575,(((484,236),(698,(64,(596,(787,345))))),((277,798),(219,(380,(((800,150),(836,200)),((972,(288,812)),(38,(494,597))))))))),((830,((550,(973,(110,(933,571)))),((461,(391,710)),(7,(399,398))))),(((504,747),((377,791),(44,15))),(645,((805,(12,965)),(104,(366,(424,706))))))))),(((30,((677,(885,(580,840))),((254,(696,726)),((499,121),(967,(801,((251,35),(833,(893,531))))))))),(((564,(492,187)),((190,826),(((99,(77,317)),(868,(919,83))),((382,185),(304,((915,100),(587,815))))))),(((962,271),(778,(266,(920,91)))),((127,(508,(735,326))),((402,152),((84,421),((700,759),(852,(678,859))))))))),(((62,(281,315)),((877,(306,(292,186))),((480,(286,(799,21))),((81,(757,430)),(149,(385,923)))))),((870,(((797,969),(416,938)),((92,295),(849,(736,616))))),((846,(445,753)),(((526,566),(573,362)),((223,(238,(378,(227,(679,795))))),(162,((1000,(352,(758,(332,178)))),((439,(9,662)),(176,((867,70),(657,(316,694)))))))))))))),(0,(((((488,((237,991),(733,(966,414)))),((578,623),((626,339),(514,(312,553))))),(74,((740,(103,4)),((108,119),((853,(507,456)),((692,633),((934,834),(708,((379,205),(144,(387,(794,(239,50))))))))))))),((606,(761,762)),(((133,165),(((395,873),(85,((880,(835,670)),(105,(568,(952,(87,60))))))),((179,724),(((2,407),(940,(986,283))),((154,471),(950,(412,(506,381)))))))),(((67,((653,135),(547,832))),((924,766),((604,170),(746,(916,128))))),((56,889),(((358,(489,(854,455))),((212,28),(809,17))),((180,776),((592,(911,(280,(538,755)))),((123,(481,699)),(101,(609,221))))))))))),(((((807,(649,519)),((727,(253,612)),(637,(((855,491),((428,360),(294,536))),((712,470),((94,665),(601,231))))))),((521,(457,((725,(485,782)),((627,(447,691)),(303,(322,(720,(748,820)))))))),(276,((926,(396,(975,(20,515)))),((910,(520,394)),((155,(634,(930,449))),((647,905),(487,891)))))))),(874,(((563,234),(175,(939,(954,((34,687),(273,47)))))),((621,(446,(344,828))),((((425,896),(93,(742,68))),((309,270),((27,(384,811)),((496,355),(865,(837,(525,709))))))),((773,((493,207),(577,(505,509)))),((644,(640,(586,(943,368)))),(213,(347,((405,(806,498)),(771,(572,((532,652),(851,432)))))))))))))),(((((408,19),(302,(682,(608,107)))),((466,(585,342)),(((29,569),(964,314)),(442,(365,(754,971)))))),(51,((738,134),((279,(528,(821,(899,763)))),((300,((817,537),(278,(743,(622,737))))),((8,((530,334),(462,(913,(52,(561,(475,(775,420)))))))),((164,704),(389,((516,(503,650)),((523,607),(774,474))))))))))),((((((728,53),(906,(918,438))),(256,(560,(646,(958,953))))),(((182,(328,66)),(684,((984,629),(590,(298,(340,948)))))),(((126,453),(451,818)),((450,(970,(567,268))),(244,(510,(57,(111,(45,327))))))))),((541,(209,995)),((((166,(860,993)),((729,944),(542,(139,(225,669))))),(((968,625),(980,248)),(230,(459,((440,(861,570)),(458,(518,(697,594)))))))),((374,(472,(907,686))),(((600,(413,296)),((410,418),((810,390),(904,978)))),(((583,673),((685,201),(262,305))),(988,((437,204),(545,((935,73),(998,(667,681)))))))))))),((((415,(290,157)),(((146,260),(894,(1,(319,845)))),(246,(((668,265),(36,(348,(844,308)))),(141,(116,((96,813),(788,959)))))))),((((819,676),(191,463)),((431,((148,243),(789,(88,272)))),((858,(235,(39,517))),(293,(397,(448,367)))))),(((106,359),(311,(651,467))),(((184,(40,543)),(((477,145),(947,615)),(744,((90,581),((557,153),(847,937)))))),(((353,(226,222)),((188,117),(996,(63,(722,707))))),((199,((703,(174,299)),(14,(422,897)))),((98,140),((369,307),((768,533),((713,102),((639,173),(161,171)))))))))))),((780,(((310,716),((688,(500,464)),(169,(136,(902,495))))),(65,((654,(122,370)),(195,((718,(240,576)),(823,(22,363)))))))),((719,(((887,37),(769,287)),(435,(259,(816,(409,843)))))),((233,(330,(403,172))),(((460,598),(((848,6),(866,(354,18))),(928,((318,(386,(483,871))),(((603,765),(796,177)),((512,160),(961,(827,(482,632))))))))),(732,(((95,(400,(711,690))),((285,559),((999,468),(206,(814,((618,546),(666,648))))))),((218,(497,(588,628))),(((641,357),((372,630),(142,114))),(131,((881,(635,829)),((602,529),((883,138),((215,831),(228,611))))))))))))))))))))))))))))))));
Quartet score is: 22185055565551
Normalized quartet score is: 0.5335088837826554
ASTRAL finished in 2579.602 secs
