
================== ASTRAL ===================== 

This is ASTRAL version 4.10.10
Gene trees are treated as unrooted
1000 trees read from ASTRALDATA/model.200.500000.0.000001/47/estimatedgenetre.halfresolved
All output trees will be *arbitrarily* rooted at 46

======== Running the main analysis
Number of taxa: 201 (201 species)
Taxa: [46, 121, 45, 117, 125, 74, 199, 157, 33, 97, 53, 8, 31, 40, 10, 3, 190, 185, 139, 159, 151, 176, 128, 19, 130, 100, 20, 52, 32, 114, 177, 5, 24, 107, 66, 135, 50, 9, 12, 101, 109, 179, 116, 161, 138, 56, 30, 48, 91, 26, 1, 94, 72, 0, 47, 195, 155, 142, 140, 27, 17, 166, 36, 183, 188, 193, 69, 167, 168, 23, 152, 110, 192, 126, 25, 102, 146, 105, 59, 58, 85, 173, 184, 158, 21, 82, 134, 169, 197, 92, 108, 95, 22, 67, 90, 113, 11, 104, 99, 171, 160, 112, 147, 2, 49, 181, 80, 180, 7, 194, 150, 133, 78, 65, 96, 156, 98, 162, 86, 129, 88, 170, 141, 77, 62, 15, 4, 34, 172, 42, 55, 123, 143, 43, 163, 144, 153, 132, 118, 44, 196, 38, 14, 106, 37, 57, 145, 6, 175, 73, 54, 16, 29, 164, 76, 178, 79, 200, 124, 189, 84, 148, 122, 174, 115, 111, 191, 35, 136, 89, 61, 51, 149, 28, 137, 186, 154, 127, 60, 93, 64, 39, 13, 81, 18, 131, 182, 70, 119, 75, 120, 63, 68, 41, 198, 165, 187, 103, 71, 83, 87]
Taxon occupancy: {35=1000, 36=1000, 159=1000, 33=1000, 158=1000, 34=1000, 157=1000, 39=1000, 156=1000, 155=1000, 37=1000, 38=1000, 154=1000, 152=1000, 153=1000, 150=1000, 151=1000, 43=1000, 42=1000, 41=1000, 40=1000, 200=1000, 22=1000, 169=1000, 23=1000, 24=1000, 25=1000, 166=1000, 26=1000, 165=1000, 27=1000, 168=1000, 28=1000, 167=1000, 29=1000, 3=1000, 161=1000, 2=1000, 162=1000, 1=1000, 163=1000, 0=1000, 164=1000, 30=1000, 7=1000, 6=1000, 32=1000, 5=1000, 31=1000, 160=1000, 4=1000, 9=1000, 8=1000, 19=1000, 17=1000, 179=1000, 178=1000, 18=1000, 177=1000, 15=1000, 176=1000, 16=1000, 13=1000, 14=1000, 11=1000, 12=1000, 21=1000, 170=1000, 20=1000, 171=1000, 174=1000, 175=1000, 172=1000, 173=1000, 188=1000, 187=1000, 189=1000, 180=1000, 10=1000, 181=1000, 182=1000, 183=1000, 184=1000, 185=1000, 186=1000, 116=1000, 117=1000, 79=1000, 114=1000, 78=1000, 77=1000, 115=1000, 112=1000, 113=1000, 110=1000, 111=1000, 118=1000, 119=1000, 82=1000, 83=1000, 80=1000, 81=1000, 86=1000, 87=1000, 84=1000, 85=1000, 67=1000, 125=1000, 126=1000, 66=1000, 69=1000, 127=1000, 68=1000, 128=1000, 121=1000, 122=1000, 123=1000, 124=1000, 129=1000, 70=1000, 71=1000, 120=1000, 72=1000, 73=1000, 74=1000, 75=1000, 76=1000, 134=1000, 135=1000, 132=1000, 59=1000, 133=1000, 58=1000, 138=1000, 139=1000, 57=1000, 56=1000, 136=1000, 55=1000, 137=1000, 64=1000, 65=1000, 62=1000, 63=1000, 60=1000, 131=1000, 130=1000, 61=1000, 49=1000, 143=1000, 48=1000, 144=1000, 145=1000, 146=1000, 45=1000, 147=1000, 44=1000, 148=1000, 47=1000, 149=1000, 46=1000, 51=1000, 52=1000, 53=1000, 54=1000, 140=1000, 142=1000, 50=1000, 141=1000, 109=1000, 108=1000, 107=1000, 106=1000, 105=1000, 104=1000, 103=1000, 102=1000, 99=1000, 101=1000, 100=1000, 98=1000, 97=1000, 96=1000, 95=1000, 94=1000, 93=1000, 92=1000, 91=1000, 90=1000, 88=1000, 89=1000, 195=1000, 194=1000, 197=1000, 196=1000, 191=1000, 190=1000, 193=1000, 192=1000, 198=1000, 199=1000}
Number of gene trees: 1000
0 trees have missing taxa
Calculating quartet distance matrix (for completion of X)
Species tree distances calculated ...
Building set of clusters (X) from gene trees 
Using tree-based weight calculation.
Number of Default Clusters: 158329
Number of quartet trees in the gene trees: 65979956949
calculating extra bipartitions to be added at level 1 ...
Number of Clusters after addition by distance: 158355
Adding to X using resolutions of greedy consensus ...
Threshold 0.0:
polytomy of size 14; rounds with additions with at least 0.01 support: 10; clusters: 159227
Threshold 0.01:
polytomy of size 28; rounds with additions with at least 0.01 support: 5; clusters: 164023
Threshold 0.02:
polytomy of size 36; rounds with additions with at least 0.01 support: 3; clusters: 172553
Threshold 0.05:
polytomy of size 4; rounds with additions with at least 0.01 support: 0; clusters: 172553
polytomy of size 45; rounds with additions with at least 0.01 support: 2; clusters: 172727
Threshold 0.1:
polytomy of size 5; rounds with additions with at least 0.01 support: 0; clusters: 172727
polytomy of size 3; rounds with additions with at least 0.01 support: 0; clusters: 172727
polytomy of size 60; rounds with additions with at least 0.01 support: 1; clusters: 172887
Threshold 0.2:
polytomy of size 4; rounds with additions with at least 0.01 support: 0; clusters: 172887
polytomy of size 4; rounds with additions with at least 0.01 support: 0; clusters: 172887
polytomy of size 6; rounds with additions with at least 0.01 support: 0; clusters: 172887
polytomy of size 3; rounds with additions with at least 0.01 support: 0; clusters: 172887
polytomy of size 4; rounds with additions with at least 0.01 support: 0; clusters: 172887
polytomy of size 81; rounds with additions with at least 0.01 support: 0; clusters: 173007
Threshold 0.3333333333333333:
polytomy of size 3; rounds with additions with at least 0.01 support: 0; clusters: 173007
polytomy of size 5; rounds with additions with at least 0.01 support: 0; clusters: 173007
polytomy of size 3; rounds with additions with at least 0.01 support: 0; clusters: 173007
polytomy of size 3; rounds with additions with at least 0.01 support: 0; clusters: 173007
polytomy of size 4; rounds with additions with at least 0.01 support: 0; clusters: 173007
Number of Clusters after addition by greedy: 173007
partitions formed in 106.972 secs
Dynamic Programming starting after 106.972 secs
Size of largest cluster: 201
Calculated 100000 weights; time (seconds): 723
Calculated 200000 weights; time (seconds): 634
Calculated 300000 weights; time (seconds): 654
Total Number of elements weighted: 389920
Normalized score (portion of input quartet trees satisfied): 0.4933322483395972
Final optimization score: 32550040507
Optimal tree inferred in 2628.709 secs.
(90,(113,((11,104),((99,171),((67,(95,22)),((146,((169,(184,158)),(((85,173),(58,134)),(59,(105,(197,(92,(21,82)))))))),((15,4),(((108,49),(25,102)),((126,(((20,(19,(130,100))),(112,(52,(147,2)))),((128,((176,160),(172,(34,42)))),(190,(151,(32,(139,(185,159)))))))),(((192,((80,180),(114,177))),(((168,123),(5,((24,135),(50,(12,(9,(107,66))))))),(((10,3),(40,(46,31))),((152,110),(8,((97,(125,53)),((121,117),(74,(199,(33,(45,157))))))))))),(((69,167),((188,193),(27,(166,(17,(36,183)))))),(((7,(194,(150,133))),((73,(61,51)),(175,(54,16)))),(0,(((142,140),((47,195),(((155,181),(23,(84,(148,122)))),((48,(30,(56,189))),(((141,(88,170)),((86,129),(77,62))),(55,((91,26),(((98,162),(78,((96,124),(65,156)))),((1,(94,72)),(29,((79,200),(178,(164,76))))))))))))),((153,(37,(132,118))),(((136,(101,89)),(138,(179,(109,(116,161))))),(((75,(120,63)),((44,196),(38,(87,(14,106))))),((((57,(145,6)),(68,(41,198))),(174,((165,(115,111)),(28,(137,(191,(35,149))))))),(((60,18),((186,(154,127)),(13,(64,(93,(39,81)))))),((143,(163,144)),(131,((43,(103,71)),(83,((70,119),(182,187)))))))))))))))))))))))));
Quartet score is: 32550040507
Normalized quartet score is: 0.4933322483395972
ASTRAL finished in 2637.964 secs
