
================== ASTRAL ===================== 

This is ASTRAL version 4.10.10
Gene trees are treated as unrooted
948 trees read from ASTRALDATA/model.100.2000000.0.000001/42/estimatedgenetre.halfresolved
All output trees will be *arbitrarily* rooted at 30

======== Running the main analysis
Number of taxa: 101 (101 species)
Taxa: [30, 71, 57, 65, 52, 44, 64, 97, 85, 66, 47, 88, 36, 42, 9, 18, 2, 13, 40, 12, 91, 69, 19, 68, 74, 32, 33, 80, 1, 59, 81, 83, 55, 79, 26, 16, 70, 96, 11, 75, 7, 43, 72, 62, 28, 90, 20, 49, 50, 34, 78, 5, 99, 92, 3, 29, 25, 76, 77, 37, 73, 67, 82, 89, 53, 45, 17, 10, 38, 35, 60, 15, 86, 93, 31, 84, 22, 14, 39, 8, 51, 27, 56, 24, 100, 54, 94, 41, 46, 0, 4, 61, 23, 48, 95, 87, 63, 98, 6, 58, 21]
Taxon occupancy: {35=948, 36=948, 33=948, 34=948, 39=948, 37=948, 38=948, 43=948, 42=948, 41=948, 40=948, 22=948, 23=948, 24=948, 25=948, 26=948, 27=948, 28=948, 29=948, 3=948, 2=948, 1=948, 0=948, 7=948, 30=948, 6=948, 32=948, 5=948, 31=948, 4=948, 9=948, 8=948, 19=948, 17=948, 18=948, 15=948, 16=948, 13=948, 14=948, 11=948, 12=948, 21=948, 20=948, 99=948, 100=948, 98=948, 97=948, 96=948, 95=948, 94=948, 93=948, 92=948, 91=948, 90=948, 10=948, 88=948, 89=948, 79=948, 78=948, 77=948, 82=948, 83=948, 80=948, 81=948, 86=948, 87=948, 84=948, 85=948, 67=948, 66=948, 69=948, 68=948, 70=948, 71=948, 72=948, 73=948, 74=948, 75=948, 76=948, 59=948, 58=948, 57=948, 56=948, 55=948, 64=948, 65=948, 62=948, 63=948, 60=948, 61=948, 49=948, 48=948, 45=948, 44=948, 47=948, 46=948, 51=948, 52=948, 53=948, 54=948, 50=948}
Number of gene trees: 948
0 trees have missing taxa
Calculating quartet distance matrix (for completion of X)
Species tree distances calculated ...
Building set of clusters (X) from gene trees 
Using tree-based weight calculation.
Number of Default Clusters: 17619
Number of quartet trees in the gene trees: 3865601562
calculating extra bipartitions to be added at level 1 ...
Number of Clusters after addition by distance: 17619
Adding to X using resolutions of greedy consensus ...
Threshold 0.0:
Threshold 0.01:
Threshold 0.02:
Threshold 0.05:
Threshold 0.1:
Threshold 0.2:
polytomy of size 3; rounds with additions with at least 0.01 support: 0; clusters: 17619
polytomy of size 3; rounds with additions with at least 0.01 support: 0; clusters: 17619
polytomy of size 4; rounds with additions with at least 0.01 support: 0; clusters: 17619
polytomy of size 4; rounds with additions with at least 0.01 support: 0; clusters: 17619
polytomy of size 4; rounds with additions with at least 0.01 support: 0; clusters: 17619
Threshold 0.3333333333333333:
polytomy of size 3; rounds with additions with at least 0.01 support: 0; clusters: 17619
polytomy of size 3; rounds with additions with at least 0.01 support: 0; clusters: 17619
polytomy of size 3; rounds with additions with at least 0.01 support: 0; clusters: 17619
polytomy of size 6; rounds with additions with at least 0.01 support: 0; clusters: 17619
polytomy of size 3; rounds with additions with at least 0.01 support: 0; clusters: 17619
polytomy of size 4; rounds with additions with at least 0.01 support: 0; clusters: 17619
polytomy of size 3; rounds with additions with at least 0.01 support: 0; clusters: 17619
polytomy of size 3; rounds with additions with at least 0.01 support: 0; clusters: 17619
polytomy of size 5; rounds with additions with at least 0.01 support: 0; clusters: 17619
polytomy of size 4; rounds with additions with at least 0.01 support: 0; clusters: 17619
polytomy of size 5; rounds with additions with at least 0.01 support: 0; clusters: 17619
polytomy of size 3; rounds with additions with at least 0.01 support: 0; clusters: 17619
Number of Clusters after addition by greedy: 17619
partitions formed in 6.666 secs
Dynamic Programming starting after 6.666 secs
Size of largest cluster: 101
Total Number of elements weighted: 72483
Normalized score (portion of input quartet trees satisfied): 0.8439601349685092
Final optimization score: 3262413616
Optimal tree inferred in 219.087 secs.
(95,((87,63),(48,(98,(61,((6,(58,21)),((4,23),(0,((((20,49),(28,(62,90))),(((29,(92,3)),(50,((34,78),(5,99)))),((56,24),(((25,76),((45,(53,17)),((10,38),((37,73),(77,(67,(82,89))))))),((31,(86,93)),((15,(35,60)),(27,((39,(22,14)),(84,(8,51)))))))))),((100,(54,(46,(94,41)))),(((30,71),(((57,36),(47,88)),(97,((66,(64,85)),(52,(65,44)))))),((11,((43,72),(75,7))),(((83,(55,(59,81))),(68,((70,96),(26,(79,16))))),(((80,1),(74,(32,33))),((42,(9,(18,2))),((13,40),((69,19),(12,91))))))))))))))))));
Quartet score is: 3262413616
Normalized quartet score is: 0.8439601349685092
ASTRAL finished in 221.776 secs
