
================== ASTRAL ===================== 

This is ASTRAL version 4.10.10
Gene trees are treated as unrooted
979 trees read from ASTRALDATA/model.10.2000000.0.000001/31/estimatedgenetre.halfresolved
All output trees will be *arbitrarily* rooted at 2

======== Running the main analysis
Number of taxa: 11 (11 species)
Taxa: [2, 9, 3, 8, 10, 5, 0, 6, 1, 7, 4]
Taxon occupancy: {3=979, 2=979, 1=979, 10=979, 0=979, 7=979, 6=979, 5=979, 4=979, 9=979, 8=979}
Number of gene trees: 979
0 trees have missing taxa
Calculating quartet distance matrix (for completion of X)
Species tree distances calculated ...
Building set of clusters (X) from gene trees 
Using tree-based weight calculation.
Number of Default Clusters: 421
Number of quartet trees in the gene trees: 321590
calculating extra bipartitions to be added at level 1 ...
Number of Clusters after addition by distance: 421
Adding to X using resolutions of greedy consensus ...
Threshold 0.0:
Threshold 0.01:
Threshold 0.02:
Threshold 0.05:
Threshold 0.1:
Threshold 0.2:
Threshold 0.3333333333333333:
polytomy of size 3; rounds with additions with at least 0.01 support: 0; clusters: 421
Number of Clusters after addition by greedy: 421
partitions formed in 0.551 secs
Dynamic Programming starting after 0.552 secs
Size of largest cluster: 11
Total Number of elements weighted: 1456
Normalized score (portion of input quartet trees satisfied): 0.8168661960881868
Final optimization score: 262696
Optimal tree inferred in 1.289 secs.
(3,((10,(8,5)),(0,((9,1),((2,4),(6,7))))));
Quartet score is: 262696
Normalized quartet score is: 0.8168661960881868
ASTRAL finished in 1.72 secs
