
================== ASTRAL ===================== 

This is ASTRAL version 4.10.10
Gene trees are treated as unrooted
1000 trees read from ASTRALDATA/model.200.500000.0.000001/01/estimatedgenetre.halfresolved
All output trees will be *arbitrarily* rooted at 49

======== Running the main analysis
Number of taxa: 201 (201 species)
Taxa: [49, 48, 145, 88, 24, 53, 0, 96, 71, 31, 172, 178, 128, 166, 86, 60, 68, 39, 65, 4, 56, 140, 135, 150, 7, 161, 37, 61, 77, 89, 182, 181, 70, 46, 187, 85, 30, 36, 63, 34, 169, 138, 192, 160, 180, 20, 94, 127, 176, 171, 199, 16, 136, 9, 113, 186, 95, 121, 168, 131, 104, 193, 62, 15, 130, 43, 14, 40, 110, 153, 44, 111, 183, 42, 157, 82, 134, 72, 149, 152, 29, 59, 120, 23, 58, 25, 139, 57, 158, 126, 100, 87, 147, 69, 28, 179, 122, 133, 197, 105, 117, 175, 200, 141, 18, 32, 191, 52, 108, 54, 142, 162, 17, 93, 11, 125, 164, 103, 174, 64, 90, 170, 91, 73, 112, 97, 194, 116, 115, 155, 35, 27, 129, 177, 144, 114, 167, 2, 1, 5, 101, 84, 80, 163, 189, 55, 33, 190, 21, 165, 102, 3, 151, 6, 67, 41, 81, 98, 195, 76, 51, 124, 79, 123, 19, 173, 185, 13, 156, 22, 196, 159, 92, 38, 132, 75, 154, 10, 50, 146, 74, 148, 83, 118, 109, 26, 106, 78, 137, 8, 66, 99, 107, 45, 198, 12, 47, 143, 184, 119, 188]
Taxon occupancy: {35=1000, 36=1000, 33=1000, 159=1000, 158=1000, 34=1000, 157=1000, 39=1000, 156=1000, 37=1000, 155=1000, 38=1000, 154=1000, 152=1000, 153=1000, 150=1000, 151=1000, 43=1000, 42=1000, 41=1000, 40=1000, 200=1000, 22=1000, 23=1000, 169=1000, 24=1000, 25=1000, 166=1000, 26=1000, 27=1000, 165=1000, 28=1000, 168=1000, 29=1000, 167=1000, 161=1000, 3=1000, 162=1000, 2=1000, 1=1000, 163=1000, 0=1000, 164=1000, 7=1000, 30=1000, 6=1000, 32=1000, 5=1000, 4=1000, 31=1000, 160=1000, 9=1000, 8=1000, 19=1000, 179=1000, 17=1000, 178=1000, 18=1000, 15=1000, 177=1000, 16=1000, 176=1000, 13=1000, 14=1000, 11=1000, 12=1000, 170=1000, 21=1000, 171=1000, 20=1000, 174=1000, 175=1000, 172=1000, 173=1000, 188=1000, 187=1000, 189=1000, 180=1000, 181=1000, 10=1000, 182=1000, 183=1000, 184=1000, 185=1000, 186=1000, 116=1000, 117=1000, 79=1000, 114=1000, 78=1000, 77=1000, 115=1000, 112=1000, 113=1000, 110=1000, 111=1000, 118=1000, 119=1000, 82=1000, 83=1000, 80=1000, 81=1000, 86=1000, 87=1000, 84=1000, 85=1000, 125=1000, 67=1000, 126=1000, 66=1000, 69=1000, 127=1000, 68=1000, 128=1000, 121=1000, 122=1000, 123=1000, 124=1000, 129=1000, 70=1000, 120=1000, 71=1000, 72=1000, 73=1000, 74=1000, 75=1000, 76=1000, 134=1000, 135=1000, 132=1000, 59=1000, 133=1000, 58=1000, 138=1000, 57=1000, 139=1000, 136=1000, 56=1000, 55=1000, 137=1000, 64=1000, 65=1000, 62=1000, 63=1000, 131=1000, 60=1000, 130=1000, 61=1000, 143=1000, 49=1000, 48=1000, 144=1000, 145=1000, 146=1000, 45=1000, 147=1000, 44=1000, 148=1000, 47=1000, 149=1000, 46=1000, 51=1000, 52=1000, 53=1000, 54=1000, 140=1000, 142=1000, 141=1000, 50=1000, 109=1000, 108=1000, 107=1000, 106=1000, 105=1000, 104=1000, 103=1000, 102=1000, 99=1000, 101=1000, 100=1000, 98=1000, 97=1000, 96=1000, 95=1000, 94=1000, 93=1000, 92=1000, 91=1000, 90=1000, 88=1000, 89=1000, 195=1000, 194=1000, 197=1000, 196=1000, 191=1000, 190=1000, 193=1000, 192=1000, 198=1000, 199=1000}
Number of gene trees: 1000
0 trees have missing taxa
Calculating quartet distance matrix (for completion of X)
Species tree distances calculated ...
Building set of clusters (X) from gene trees 
Using tree-based weight calculation.
Number of Default Clusters: 146583
Number of quartet trees in the gene trees: 65998348614
calculating extra bipartitions to be added at level 1 ...
Number of Clusters after addition by distance: 146607
Adding to X using resolutions of greedy consensus ...
Threshold 0.0:
polytomy of size 13; rounds with additions with at least 0.01 support: 6; clusters: 147185
Threshold 0.01:
polytomy of size 3; rounds with additions with at least 0.01 support: 0; clusters: 147185
polytomy of size 24; rounds with additions with at least 0.01 support: 7; clusters: 149563
Threshold 0.02:
polytomy of size 3; rounds with additions with at least 0.01 support: 0; clusters: 149563
polytomy of size 4; rounds with additions with at least 0.01 support: 0; clusters: 149563
polytomy of size 26; rounds with additions with at least 0.01 support: 1; clusters: 152063
Threshold 0.05:
polytomy of size 3; rounds with additions with at least 0.01 support: 0; clusters: 152063
polytomy of size 7; rounds with additions with at least 0.01 support: 0; clusters: 152063
polytomy of size 41; rounds with additions with at least 0.01 support: 1; clusters: 152235
Threshold 0.1:
polytomy of size 4; rounds with additions with at least 0.01 support: 0; clusters: 152235
polytomy of size 5; rounds with additions with at least 0.01 support: 0; clusters: 152235
polytomy of size 53; rounds with additions with at least 0.01 support: 2; clusters: 152473
Threshold 0.2:
polytomy of size 3; rounds with additions with at least 0.01 support: 0; clusters: 152473
polytomy of size 3; rounds with additions with at least 0.01 support: 0; clusters: 152473
polytomy of size 3; rounds with additions with at least 0.01 support: 0; clusters: 152473
polytomy of size 80; rounds with additions with at least 0.01 support: 0; clusters: 152593
Threshold 0.3333333333333333:
polytomy of size 5; rounds with additions with at least 0.01 support: 0; clusters: 152593
polytomy of size 3; rounds with additions with at least 0.01 support: 0; clusters: 152593
polytomy of size 3; rounds with additions with at least 0.01 support: 0; clusters: 152593
polytomy of size 4; rounds with additions with at least 0.01 support: 0; clusters: 152593
polytomy of size 3; rounds with additions with at least 0.01 support: 0; clusters: 152593
polytomy of size 3; rounds with additions with at least 0.01 support: 0; clusters: 152593
polytomy of size 4; rounds with additions with at least 0.01 support: 0; clusters: 152593
Number of Clusters after addition by greedy: 152593
partitions formed in 92.209 secs
Dynamic Programming starting after 92.209 secs
Size of largest cluster: 201
Calculated 100000 weights; time (seconds): 727
Calculated 200000 weights; time (seconds): 642
Calculated 300000 weights; time (seconds): 633
Calculated 400000 weights; time (seconds): 674
Total Number of elements weighted: 428768
Normalized score (portion of input quartet trees satisfied): 0.5196541498422408
Final optimization score: 34296315740
Optimal tree inferred in 2878.705 secs.
(28,(179,(((100,87),((126,122),(59,(120,23)))),(((96,71),(29,158)),(69,(((181,(152,((77,30),(70,(46,85))))),((150,(187,(37,61))),((89,182),(161,(135,7))))),((128,((31,((134,(157,82)),((49,72),((149,188),(119,(143,184)))))),(((8,(10,50)),((88,24),((92,38),(132,(75,154))))),((83,((74,148),(146,(118,109)))),((((44,159),(53,153)),((183,42),((22,196),((19,(40,(14,110))),((111,173),(156,(185,13))))))),(((62,(193,15)),((43,99),(26,(106,(78,137))))),((66,(3,(102,(165,151)))),(16,((186,((76,(124,(51,79))),(98,((195,107),(123,(131,(168,104))))))),(((136,9),(95,121)),((6,(67,41)),(81,((130,45),(198,(12,47))))))))))))))),(0,((((36,113),(63,34)),((172,178),((39,65),(68,(166,(86,60)))))),(((48,145),((127,(169,(171,(176,199)))),((32,(18,191)),(180,((142,(105,(117,175))),(((17,93),((52,162),(108,54))),((20,94),((192,160),(138,(197,(200,141))))))))))),((((58,(114,167)),(57,(25,139))),(((190,21),(1,33)),(2,(5,((80,163),(55,(101,(84,189)))))))),(((73,112),(56,(4,140))),((147,11),(91,((35,((194,115),(116,155))),(((133,97),((129,144),(27,177))),(64,(125,((90,170),(174,(164,103)))))))))))))))))))));
Quartet score is: 34296315740
Normalized quartet score is: 0.5196541498422408
ASTRAL finished in 2886.783 secs
