
================== ASTRAL ===================== 

This is ASTRAL version 4.10.10
Gene trees are treated as unrooted
1000 trees read from ASTRALDATA/model.200.500000.0.000001/13/estimatedgenetre.halfresolved
All output trees will be *arbitrarily* rooted at 108

======== Running the main analysis
Number of taxa: 201 (201 species)
Taxa: [108, 193, 57, 113, 60, 134, 23, 36, 21, 155, 112, 133, 137, 66, 91, 33, 199, 87, 138, 156, 136, 79, 8, 107, 2, 111, 187, 191, 90, 131, 147, 44, 10, 144, 16, 132, 53, 180, 39, 84, 88, 80, 7, 56, 85, 100, 168, 175, 99, 178, 198, 78, 15, 74, 140, 55, 177, 167, 12, 32, 169, 20, 51, 27, 170, 41, 102, 63, 64, 30, 37, 154, 70, 38, 148, 101, 9, 82, 48, 146, 135, 118, 104, 183, 54, 182, 0, 171, 142, 62, 3, 18, 164, 186, 128, 153, 98, 95, 52, 190, 150, 68, 173, 61, 43, 165, 19, 93, 188, 117, 75, 103, 195, 116, 179, 24, 149, 14, 40, 5, 110, 192, 143, 65, 26, 50, 47, 176, 162, 141, 81, 121, 4, 158, 89, 106, 151, 172, 129, 185, 46, 124, 17, 58, 45, 174, 11, 127, 77, 59, 181, 145, 159, 126, 97, 189, 200, 76, 194, 1, 130, 160, 6, 83, 125, 119, 49, 13, 35, 22, 120, 105, 67, 157, 71, 196, 69, 122, 29, 31, 114, 161, 92, 197, 139, 25, 166, 163, 109, 115, 34, 152, 86, 42, 96, 184, 72, 73, 28, 94, 123]
Taxon occupancy: {35=1000, 36=1000, 33=1000, 159=1000, 158=1000, 34=1000, 39=1000, 157=1000, 156=1000, 37=1000, 155=1000, 38=1000, 154=1000, 152=1000, 153=1000, 150=1000, 151=1000, 43=1000, 42=1000, 41=1000, 40=1000, 200=1000, 22=1000, 169=1000, 23=1000, 24=1000, 25=1000, 26=1000, 166=1000, 27=1000, 165=1000, 28=1000, 168=1000, 167=1000, 29=1000, 3=1000, 161=1000, 2=1000, 162=1000, 1=1000, 163=1000, 164=1000, 0=1000, 30=1000, 7=1000, 6=1000, 32=1000, 5=1000, 4=1000, 160=1000, 31=1000, 9=1000, 8=1000, 19=1000, 179=1000, 17=1000, 18=1000, 178=1000, 177=1000, 15=1000, 16=1000, 176=1000, 13=1000, 14=1000, 11=1000, 12=1000, 170=1000, 21=1000, 171=1000, 20=1000, 174=1000, 175=1000, 172=1000, 173=1000, 188=1000, 187=1000, 189=1000, 180=1000, 10=1000, 181=1000, 182=1000, 183=1000, 184=1000, 185=1000, 186=1000, 116=1000, 79=1000, 117=1000, 78=1000, 114=1000, 77=1000, 115=1000, 112=1000, 113=1000, 110=1000, 111=1000, 118=1000, 119=1000, 82=1000, 83=1000, 80=1000, 81=1000, 86=1000, 87=1000, 84=1000, 85=1000, 125=1000, 67=1000, 66=1000, 126=1000, 127=1000, 69=1000, 128=1000, 68=1000, 121=1000, 122=1000, 123=1000, 124=1000, 129=1000, 70=1000, 120=1000, 71=1000, 72=1000, 73=1000, 74=1000, 75=1000, 76=1000, 134=1000, 135=1000, 132=1000, 133=1000, 59=1000, 138=1000, 58=1000, 57=1000, 139=1000, 136=1000, 56=1000, 55=1000, 137=1000, 64=1000, 65=1000, 62=1000, 63=1000, 60=1000, 131=1000, 61=1000, 130=1000, 143=1000, 49=1000, 48=1000, 144=1000, 145=1000, 146=1000, 147=1000, 45=1000, 148=1000, 44=1000, 149=1000, 47=1000, 46=1000, 51=1000, 52=1000, 53=1000, 54=1000, 140=1000, 142=1000, 50=1000, 141=1000, 109=1000, 108=1000, 107=1000, 106=1000, 105=1000, 104=1000, 103=1000, 102=1000, 99=1000, 101=1000, 100=1000, 98=1000, 97=1000, 96=1000, 95=1000, 94=1000, 93=1000, 92=1000, 91=1000, 90=1000, 88=1000, 89=1000, 195=1000, 194=1000, 197=1000, 196=1000, 191=1000, 190=1000, 193=1000, 192=1000, 198=1000, 199=1000}
Number of gene trees: 1000
0 trees have missing taxa
Calculating quartet distance matrix (for completion of X)
Species tree distances calculated ...
Building set of clusters (X) from gene trees 
Using tree-based weight calculation.
Number of Default Clusters: 158375
Number of quartet trees in the gene trees: 65995813521
calculating extra bipartitions to be added at level 1 ...
Number of Clusters after addition by distance: 158407
Adding to X using resolutions of greedy consensus ...
Threshold 0.0:
polytomy of size 12; rounds with additions with at least 0.01 support: 9; clusters: 158911
Threshold 0.01:
polytomy of size 4; rounds with additions with at least 0.01 support: 0; clusters: 158911
polytomy of size 28; rounds with additions with at least 0.01 support: 10; clusters: 163253
Threshold 0.02:
polytomy of size 3; rounds with additions with at least 0.01 support: 0; clusters: 163253
polytomy of size 5; rounds with additions with at least 0.01 support: 0; clusters: 163253
polytomy of size 3; rounds with additions with at least 0.01 support: 0; clusters: 163253
polytomy of size 32; rounds with additions with at least 0.01 support: 2; clusters: 167273
Threshold 0.05:
polytomy of size 5; rounds with additions with at least 0.01 support: 0; clusters: 167273
polytomy of size 4; rounds with additions with at least 0.01 support: 0; clusters: 167273
polytomy of size 5; rounds with additions with at least 0.01 support: 0; clusters: 167273
polytomy of size 4; rounds with additions with at least 0.01 support: 0; clusters: 167273
polytomy of size 37; rounds with additions with at least 0.01 support: 0; clusters: 167363
Threshold 0.1:
polytomy of size 5; rounds with additions with at least 0.01 support: 0; clusters: 167363
polytomy of size 3; rounds with additions with at least 0.01 support: 0; clusters: 167363
polytomy of size 5; rounds with additions with at least 0.01 support: 0; clusters: 167363
polytomy of size 60; rounds with additions with at least 0.01 support: 2; clusters: 167545
Threshold 0.2:
polytomy of size 3; rounds with additions with at least 0.01 support: 0; clusters: 167545
polytomy of size 5; rounds with additions with at least 0.01 support: 0; clusters: 167545
polytomy of size 3; rounds with additions with at least 0.01 support: 0; clusters: 167545
polytomy of size 89; rounds with additions with at least 0.01 support: 0; clusters: 167665
Threshold 0.3333333333333333:
polytomy of size 4; rounds with additions with at least 0.01 support: 0; clusters: 167665
polytomy of size 3; rounds with additions with at least 0.01 support: 0; clusters: 167665
polytomy of size 3; rounds with additions with at least 0.01 support: 0; clusters: 167665
polytomy of size 3; rounds with additions with at least 0.01 support: 0; clusters: 167665
polytomy of size 4; rounds with additions with at least 0.01 support: 0; clusters: 167665
polytomy of size 4; rounds with additions with at least 0.01 support: 0; clusters: 167665
Number of Clusters after addition by greedy: 167665
partitions formed in 108.97 secs
Dynamic Programming starting after 108.97 secs
Size of largest cluster: 201
Calculated 100000 weights; time (seconds): 727
Calculated 200000 weights; time (seconds): 608
Calculated 300000 weights; time (seconds): 624
Calculated 400000 weights; time (seconds): 649
Calculated 500000 weights; time (seconds): 699
Total Number of elements weighted: 500631
Normalized score (portion of input quartet trees satisfied): 0.5079195978595474
Final optimization score: 33520567064
Optimal tree inferred in 3313.829 secs.
(128,(153,(186,((95,52),((150,(190,68)),((164,(18,98)),(43,(((80,((56,168),(100,(85,175)))),(((107,(90,(131,147))),((2,111),(93,(165,19)))),((7,78),(((180,74),(39,15)),((16,(132,99)),((53,(178,198)),(140,((10,144),(44,(55,177)))))))))),((((40,5),(187,191)),(((84,(48,(173,61))),(47,(87,(65,(91,169))))),((88,(12,32)),((156,(26,(138,167))),(50,(110,(192,143))))))),((188,117),(((130,(176,162)),((141,(14,(24,149))),((125,(6,(160,83))),((75,((116,179),(103,(195,77)))),((174,(54,182)),((104,(151,172)),(183,(11,127)))))))),((((185,17),(124,(129,(58,45)))),((158,(89,106)),((121,46),(81,4)))),(((63,62),(64,(171,142))),(((133,(136,(79,8))),(66,(137,(20,51)))),((146,(41,102)),(0,(((163,(135,118)),((184,72),(73,(161,((92,197),(31,((13,28),(114,(139,25))))))))),((((35,22),(69,(120,(94,(122,123))))),((49,(119,(134,23))),((155,(112,(36,21))),((108,193),(60,(57,113)))))),((76,(166,(3,((1,(59,181)),(159,((145,194),(126,(97,(189,200))))))))),(((115,(109,34)),(157,((199,105),(33,71)))),(((196,29),(67,(27,170))),(101,((148,(42,96)),(152,((82,(9,86)),(30,(37,(154,(70,38)))))))))))))))))))))))))))));
Quartet score is: 33520567064
Normalized quartet score is: 0.5079195978595474
ASTRAL finished in 3322.217 secs
