
================== ASTRAL ===================== 

This is ASTRAL version 4.10.10
Gene trees are treated as unrooted
975 trees read from ASTRALDATA/model.500.2000000.0.000001/12/estimatedgenetre.halfresolved
All output trees will be *arbitrarily* rooted at 217

======== Running the main analysis
Number of taxa: 501 (501 species)
Taxa: [217, 83, 468, 398, 500, 426, 323, 250, 89, 251, 286, 306, 194, 49, 455, 257, 23, 34, 141, 226, 417, 7, 219, 258, 121, 388, 371, 70, 349, 470, 10, 389, 311, 67, 94, 138, 146, 255, 45, 145, 277, 404, 136, 491, 498, 100, 287, 31, 473, 332, 284, 431, 144, 474, 156, 57, 485, 292, 183, 76, 104, 68, 192, 242, 480, 39, 240, 177, 304, 361, 466, 174, 274, 256, 234, 38, 376, 353, 299, 423, 382, 66, 476, 159, 179, 64, 180, 27, 203, 351, 241, 372, 267, 369, 425, 472, 422, 400, 98, 359, 297, 55, 368, 416, 164, 11, 233, 181, 13, 171, 424, 390, 412, 85, 187, 193, 199, 115, 211, 343, 301, 111, 262, 63, 25, 169, 268, 309, 168, 32, 237, 185, 208, 420, 482, 182, 172, 150, 160, 313, 50, 223, 65, 110, 109, 329, 129, 448, 120, 44, 4, 475, 118, 82, 18, 354, 128, 270, 175, 215, 30, 363, 386, 449, 37, 348, 379, 130, 385, 96, 496, 446, 494, 405, 337, 154, 273, 259, 428, 318, 224, 324, 231, 163, 294, 8, 391, 48, 170, 162, 317, 71, 101, 166, 490, 105, 61, 364, 367, 133, 264, 340, 227, 288, 239, 149, 86, 35, 235, 9, 415, 155, 198, 436, 481, 260, 140, 463, 418, 122, 87, 74, 441, 499, 437, 305, 381, 434, 409, 81, 302, 283, 435, 0, 3, 52, 488, 430, 327, 132, 290, 196, 53, 202, 483, 279, 218, 28, 383, 489, 457, 352, 77, 137, 125, 72, 345, 328, 407, 335, 275, 134, 157, 451, 20, 411, 460, 186, 458, 456, 17, 471, 151, 54, 445, 396, 102, 112, 289, 142, 350, 387, 244, 236, 296, 197, 229, 14, 131, 447, 113, 12, 461, 365, 228, 342, 232, 97, 56, 2, 276, 291, 285, 60, 432, 103, 310, 92, 80, 414, 51, 106, 261, 298, 464, 213, 254, 189, 307, 178, 33, 272, 374, 477, 413, 79, 373, 191, 401, 143, 454, 339, 438, 95, 399, 444, 469, 377, 314, 344, 173, 221, 123, 338, 263, 124, 207, 247, 214, 269, 21, 366, 492, 75, 91, 358, 46, 378, 336, 127, 225, 392, 295, 347, 265, 119, 243, 206, 6, 78, 330, 320, 356, 24, 69, 252, 152, 439, 326, 93, 453, 16, 433, 253, 459, 479, 158, 230, 393, 222, 62, 108, 319, 47, 346, 15, 43, 220, 238, 300, 402, 58, 184, 421, 188, 467, 465, 59, 316, 429, 88, 462, 341, 427, 22, 280, 84, 282, 360, 478, 493, 486, 443, 153, 116, 165, 117, 495, 408, 249, 41, 331, 176, 497, 204, 419, 147, 357, 395, 195, 487, 271, 246, 362, 321, 148, 397, 205, 73, 19, 245, 26, 442, 5, 167, 107, 29, 375, 135, 209, 308, 406, 200, 90, 40, 210, 394, 1, 266, 201, 212, 278, 126, 293, 334, 190, 303, 380, 450, 333, 248, 42, 216, 410, 452, 370, 403, 484, 312, 99, 322, 139, 281, 440, 161, 355, 325, 384, 114, 36, 315]
Taxon occupancy: {338=975, 339=975, 332=975, 333=975, 159=975, 330=975, 331=975, 158=975, 157=975, 336=975, 337=975, 156=975, 334=975, 155=975, 154=975, 335=975, 152=975, 153=975, 150=975, 151=975, 349=975, 202=975, 203=975, 204=975, 205=975, 200=975, 201=975, 341=975, 169=975, 342=975, 343=975, 344=975, 166=975, 345=975, 206=975, 165=975, 346=975, 207=975, 208=975, 168=975, 347=975, 209=975, 167=975, 348=975, 161=975, 409=975, 3=975, 408=975, 162=975, 2=975, 1=975, 163=975, 164=975, 0=975, 405=975, 7=975, 404=975, 6=975, 5=975, 340=975, 407=975, 406=975, 4=975, 160=975, 401=975, 400=975, 403=975, 9=975, 402=975, 8=975, 211=975, 212=975, 210=975, 318=975, 215=975, 216=975, 319=975, 316=975, 213=975, 317=975, 214=975, 219=975, 179=975, 314=975, 315=975, 178=975, 312=975, 217=975, 177=975, 176=975, 313=975, 218=975, 310=975, 311=975, 170=975, 418=975, 171=975, 417=975, 416=975, 415=975, 174=975, 175=975, 172=975, 419=975, 173=975, 410=975, 414=975, 413=975, 412=975, 411=975, 220=975, 221=975, 222=975, 223=975, 224=975, 327=975, 328=975, 225=975, 329=975, 226=975, 227=975, 188=975, 323=975, 228=975, 324=975, 187=975, 229=975, 325=975, 189=975, 326=975, 320=975, 321=975, 322=975, 427=975, 426=975, 180=975, 429=975, 181=975, 428=975, 182=975, 183=975, 184=975, 185=975, 186=975, 421=975, 420=975, 423=975, 422=975, 425=975, 424=975, 116=975, 117=975, 114=975, 115=975, 112=975, 113=975, 110=975, 111=975, 118=975, 119=975, 435=975, 436=975, 433=975, 434=975, 431=975, 432=975, 430=975, 439=975, 437=975, 438=975, 125=975, 126=975, 300=975, 127=975, 128=975, 121=975, 302=975, 301=975, 122=975, 304=975, 123=975, 303=975, 124=975, 306=975, 305=975, 308=975, 307=975, 129=975, 309=975, 444=975, 445=975, 446=975, 447=975, 440=975, 441=975, 442=975, 443=975, 120=975, 448=975, 449=975, 134=975, 135=975, 132=975, 133=975, 138=975, 139=975, 136=975, 137=975, 450=975, 453=975, 454=975, 451=975, 452=975, 457=975, 458=975, 455=975, 456=975, 459=975, 131=975, 130=975, 143=975, 144=975, 145=975, 146=975, 147=975, 148=975, 149=975, 461=975, 460=975, 462=975, 463=975, 464=975, 465=975, 466=975, 467=975, 468=975, 469=975, 140=975, 142=975, 141=975, 195=975, 194=975, 197=975, 196=975, 191=975, 190=975, 193=975, 192=975, 198=975, 199=975, 500=975, 35=975, 36=975, 33=975, 34=975, 39=975, 37=975, 38=975, 43=975, 42=975, 41=975, 40=975, 22=975, 23=975, 24=975, 25=975, 26=975, 27=975, 28=975, 29=975, 30=975, 32=975, 31=975, 19=975, 17=975, 18=975, 15=975, 16=975, 13=975, 14=975, 11=975, 12=975, 21=975, 20=975, 10=975, 79=975, 78=975, 77=975, 82=975, 83=975, 80=975, 81=975, 86=975, 87=975, 84=975, 85=975, 67=975, 66=975, 69=975, 68=975, 70=975, 71=975, 72=975, 73=975, 74=975, 75=975, 76=975, 59=975, 58=975, 57=975, 56=975, 55=975, 64=975, 65=975, 62=975, 63=975, 60=975, 61=975, 49=975, 48=975, 45=975, 44=975, 47=975, 46=975, 51=975, 52=975, 53=975, 54=975, 50=975, 281=975, 487=975, 486=975, 280=975, 485=975, 484=975, 285=975, 284=975, 283=975, 489=975, 282=975, 488=975, 288=975, 289=975, 286=975, 287=975, 482=975, 483=975, 480=975, 481=975, 474=975, 473=975, 270=975, 476=975, 475=975, 478=975, 272=975, 271=975, 477=975, 274=975, 479=975, 273=975, 275=975, 276=975, 277=975, 278=975, 279=975, 470=975, 471=975, 472=975, 109=975, 108=975, 107=975, 106=975, 105=975, 104=975, 103=975, 99=975, 102=975, 101=975, 100=975, 98=975, 97=975, 391=975, 96=975, 390=975, 95=975, 393=975, 94=975, 392=975, 93=975, 395=975, 92=975, 394=975, 91=975, 90=975, 294=975, 293=975, 499=975, 296=975, 295=975, 496=975, 290=975, 495=975, 498=975, 292=975, 497=975, 291=975, 491=975, 492=975, 493=975, 494=975, 297=975, 298=975, 299=975, 490=975, 396=975, 397=975, 398=975, 399=975, 88=975, 89=975, 240=975, 241=975, 383=975, 384=975, 381=975, 382=975, 380=975, 389=975, 388=975, 387=975, 386=975, 385=975, 245=975, 244=975, 243=975, 242=975, 249=975, 248=975, 247=975, 246=975, 230=975, 370=975, 371=975, 372=975, 373=975, 379=975, 239=975, 378=975, 375=975, 374=975, 377=975, 376=975, 232=975, 231=975, 234=975, 233=975, 236=975, 235=975, 238=975, 237=975, 262=975, 263=975, 260=975, 261=975, 361=975, 362=975, 360=975, 366=975, 365=975, 364=975, 363=975, 369=975, 368=975, 367=975, 269=975, 268=975, 267=975, 266=975, 265=975, 264=975, 250=975, 251=975, 252=975, 350=975, 351=975, 353=975, 352=975, 355=975, 354=975, 357=975, 356=975, 359=975, 358=975, 258=975, 257=975, 259=975, 254=975, 253=975, 256=975, 255=975}
Number of gene trees: 975
0 trees have missing taxa
Calculating quartet distance matrix (for completion of X)
Species tree distances calculated ...
Building set of clusters (X) from gene trees 
Using tree-based weight calculation.
Number of Default Clusters: 90725
Number of quartet trees in the gene trees: 2527905397428
calculating extra bipartitions to be added at level 1 ...
Number of Clusters after addition by distance: 90729
Adding to X using resolutions of greedy consensus ...
Threshold 0.0:
Threshold 0.01:
polytomy of size 5; rounds with additions with at least 0.01 support: 2; clusters: 90739
Threshold 0.02:
polytomy of size 7; rounds with additions with at least 0.01 support: 4; clusters: 90777
Threshold 0.05:
polytomy of size 9; rounds with additions with at least 0.01 support: 1; clusters: 90781
Threshold 0.1:
polytomy of size 3; rounds with additions with at least 0.01 support: 0; clusters: 90781
polytomy of size 3; rounds with additions with at least 0.01 support: 0; clusters: 90781
polytomy of size 12; rounds with additions with at least 0.01 support: 0; clusters: 90783
Threshold 0.2:
polytomy of size 3; rounds with additions with at least 0.01 support: 0; clusters: 90783
polytomy of size 3; rounds with additions with at least 0.01 support: 0; clusters: 90783
polytomy of size 4; rounds with additions with at least 0.01 support: 0; clusters: 90783
polytomy of size 4; rounds with additions with at least 0.01 support: 0; clusters: 90783
polytomy of size 3; rounds with additions with at least 0.01 support: 0; clusters: 90783
polytomy of size 3; rounds with additions with at least 0.01 support: 0; clusters: 90783
polytomy of size 3; rounds with additions with at least 0.01 support: 0; clusters: 90783
polytomy of size 3; rounds with additions with at least 0.01 support: 0; clusters: 90783
polytomy of size 6; rounds with additions with at least 0.01 support: 0; clusters: 90783
polytomy of size 3; rounds with additions with at least 0.01 support: 0; clusters: 90783
polytomy of size 4; rounds with additions with at least 0.01 support: 0; clusters: 90783
polytomy of size 20; rounds with additions with at least 0.01 support: 0; clusters: 90787
Threshold 0.3333333333333333:
polytomy of size 3; rounds with additions with at least 0.01 support: 0; clusters: 90787
polytomy of size 3; rounds with additions with at least 0.01 support: 0; clusters: 90787
polytomy of size 3; rounds with additions with at least 0.01 support: 0; clusters: 90787
polytomy of size 5; rounds with additions with at least 0.01 support: 0; clusters: 90787
polytomy of size 3; rounds with additions with at least 0.01 support: 0; clusters: 90787
polytomy of size 3; rounds with additions with at least 0.01 support: 0; clusters: 90787
polytomy of size 3; rounds with additions with at least 0.01 support: 0; clusters: 90787
polytomy of size 4; rounds with additions with at least 0.01 support: 0; clusters: 90787
polytomy of size 3; rounds with additions with at least 0.01 support: 0; clusters: 90787
polytomy of size 3; rounds with additions with at least 0.01 support: 0; clusters: 90787
polytomy of size 4; rounds with additions with at least 0.01 support: 0; clusters: 90787
polytomy of size 3; rounds with additions with at least 0.01 support: 0; clusters: 90787
polytomy of size 4; rounds with additions with at least 0.01 support: 0; clusters: 90787
polytomy of size 3; rounds with additions with at least 0.01 support: 0; clusters: 90787
polytomy of size 3; rounds with additions with at least 0.01 support: 0; clusters: 90787
polytomy of size 4; rounds with additions with at least 0.01 support: 0; clusters: 90787
polytomy of size 5; rounds with additions with at least 0.01 support: 0; clusters: 90787
polytomy of size 3; rounds with additions with at least 0.01 support: 0; clusters: 90787
polytomy of size 3; rounds with additions with at least 0.01 support: 0; clusters: 90787
polytomy of size 4; rounds with additions with at least 0.01 support: 0; clusters: 90787
polytomy of size 6; rounds with additions with at least 0.01 support: 0; clusters: 90789
polytomy of size 6; rounds with additions with at least 0.01 support: 0; clusters: 90789
polytomy of size 3; rounds with additions with at least 0.01 support: 0; clusters: 90789
polytomy of size 3; rounds with additions with at least 0.01 support: 0; clusters: 90789
polytomy of size 4; rounds with additions with at least 0.01 support: 0; clusters: 90789
polytomy of size 5; rounds with additions with at least 0.01 support: 0; clusters: 90789
polytomy of size 4; rounds with additions with at least 0.01 support: 0; clusters: 90789
polytomy of size 3; rounds with additions with at least 0.01 support: 0; clusters: 90789
polytomy of size 3; rounds with additions with at least 0.01 support: 0; clusters: 90789
polytomy of size 6; rounds with additions with at least 0.01 support: 0; clusters: 90789
polytomy of size 4; rounds with additions with at least 0.01 support: 0; clusters: 90789
polytomy of size 3; rounds with additions with at least 0.01 support: 0; clusters: 90789
polytomy of size 34; rounds with additions with at least 0.01 support: 0; clusters: 92793
Number of Clusters after addition by greedy: 92793
partitions formed in 127.044 secs
Dynamic Programming starting after 127.044 secs
Size of largest cluster: 501
Calculated 100000 weights; time (seconds): 1554
Calculated 200000 weights; time (seconds): 1470
Total Number of elements weighted: 288648
Normalized score (portion of input quartet trees satisfied): 0.6741448278238182
Final optimization score: 1704174348904
Optimal tree inferred in 4419.968 secs.
(14,(131,(447,(((2,(56,276)),(97,(365,(232,(228,342))))),((229,(296,197)),(((461,(113,12)),(60,(291,(285,432)))),((103,(310,(92,80))),((((((497,204),(419,147)),((59,(467,465)),((58,184),(300,(188,(402,421)))))),(((495,(408,249)),(486,(443,((153,116),(165,117))))),((41,(331,176)),((360,(493,(282,478))),((316,429),(88,((462,341),(84,(22,(427,280)))))))))),((((16,433),(93,453)),((152,((69,252),(320,(356,24)))),(((254,189),(307,178)),((298,(439,326)),((464,213),((374,477),(33,272))))))),((((243,206),(6,(78,330))),((238,((43,220),(15,(346,(319,47))))),((108,(222,62)),((230,393),(253,(479,(459,158))))))),((263,((124,(207,247)),(214,((269,21),(492,(366,75)))))),((91,(358,(46,378))),((339,(469,(377,((95,399),(438,444))))),((314,(344,173)),((336,(127,(225,((392,119),(265,(295,347)))))),((338,(221,123)),((79,373),(413,((143,454),(191,401))))))))))))),(((106,261),(414,51)),((308,((210,394),((406,40),(200,90)))),((((323,250),(500,(426,(217,(398,(83,468)))))),(((146,(94,138)),(255,((277,404),(45,145)))),((89,((388,371),((70,349),((470,10),(67,(389,311)))))),(((226,((258,121),(417,(7,219)))),((286,(306,194)),((49,455),((34,141),(257,23))))),(251,(289,(236,((142,(350,(387,244))),((396,(102,112)),((471,445),(151,(17,54)))))))))))),(0,((((488,(3,52)),((136,491),(287,(498,100)))),(((104,(76,(68,192))),(242,(480,(39,(240,177))))),((284,(31,(473,332))),((183,(57,(485,292))),((431,144),(474,156)))))),((((458,(327,(456,(430,(132,290))))),((275,(134,(157,451))),((186,(460,(20,411))),((279,(218,(28,383))),((489,(457,(352,(77,137)))),((196,(53,(202,483))),(72,(335,(125,(345,(328,407))))))))))),(((322,139),(36,((384,(325,114)),(281,((161,315),(440,355)))))),(((1,266),(201,212)),(((334,190),(303,380)),((278,(126,293)),((403,(99,(484,312))),((452,370),(450,((42,410),(333,(248,216))))))))))),(((((395,(357,195)),(353,((423,(382,66)),(((256,234),(38,376)),((304,(274,299)),(466,(361,174))))))),((472,422),(((369,425),((55,(368,416)),(98,(297,(400,359))))),((351,(267,(241,372))),(203,(179,((180,27),(64,(476,159))))))))),((((418,122),(463,(87,(74,441)))),(((283,435),(409,(81,302))),((499,437),(305,(381,434))))),(((264,340),(227,288)),(((436,481),(260,140)),(((9,(415,(155,198))),((239,149),(86,(35,235)))),((391,((170,162),(48,317))),(((71,101),(367,133)),((166,490),(105,(61,364)))))))))),(((164,(487,(233,(13,(11,181))))),(((73,19),(442,(245,26))),(((271,(246,362)),((321,148),(397,205))),((5,167),(107,(375,(209,(29,135)))))))),(((496,446),((294,8),(((224,324),(231,163)),(494,((405,337),(318,((273,259),(154,428)))))))),(((448,(120,44)),(354,(128,((82,18),(270,(4,(475,118))))))),(((385,96),(130,(171,424))),(((30,363),(379,((37,348),(386,449)))),(((85,(187,193)),((175,215),(390,412))),(((268,(169,309)),(25,((199,(115,211)),(63,((111,262),(343,301)))))),((168,32),((482,(182,172)),((313,(50,223)),((109,(150,160)),((237,185),((65,110),((329,129),(208,420))))))))))))))))))))))))))))));
Quartet score is: 1704174348904
Normalized quartet score is: 0.6741448278238182
ASTRAL finished in 4515.254 secs
