
================== ASTRAL ===================== 

This is ASTRAL version 4.10.8
Gene trees are treated as unrooted
1000 trees read from model.200.500000.0.0000001/06/estimatedgenetre.halfresolved
All outputted trees will be *arbitrarily* rooted at 170

======== Running the main analysis
Number of taxa: 201 (201 species)
Taxa: [170, 166, 42, 74, 187, 97, 11, 153, 108, 44, 73, 96, 140, 129, 72, 54, 87, 89, 106, 19, 158, 46, 182, 168, 95, 157, 148, 43, 75, 145, 150, 119, 110, 122, 45, 135, 191, 81, 53, 76, 195, 137, 1, 193, 41, 142, 68, 9, 181, 177, 32, 172, 111, 103, 141, 67, 133, 31, 4, 169, 199, 161, 35, 138, 29, 70, 71, 174, 36, 171, 91, 151, 69, 105, 37, 127, 15, 152, 180, 190, 128, 102, 159, 143, 38, 196, 118, 130, 117, 47, 162, 132, 165, 20, 200, 109, 164, 59, 131, 134, 124, 192, 113, 188, 8, 92, 22, 156, 78, 0, 30, 101, 62, 179, 16, 52, 197, 149, 112, 7, 56, 194, 25, 186, 93, 84, 100, 136, 5, 2, 104, 115, 60, 94, 178, 155, 163, 90, 83, 24, 34, 23, 139, 39, 114, 65, 126, 173, 64, 176, 50, 58, 18, 79, 183, 120, 80, 123, 48, 185, 167, 66, 33, 63, 40, 51, 147, 107, 12, 6, 88, 14, 98, 146, 125, 189, 55, 121, 85, 86, 10, 154, 198, 27, 184, 28, 13, 116, 175, 144, 99, 61, 77, 26, 49, 17, 21, 82, 160, 57, 3]
Taxon occupancy: {35=1000, 36=1000, 159=1000, 33=1000, 158=1000, 34=1000, 157=1000, 39=1000, 156=1000, 37=1000, 155=1000, 38=1000, 154=1000, 152=1000, 153=1000, 150=1000, 151=1000, 43=1000, 42=1000, 41=1000, 40=1000, 200=1000, 22=1000, 169=1000, 23=1000, 24=1000, 25=1000, 26=1000, 166=1000, 165=1000, 27=1000, 168=1000, 28=1000, 29=1000, 167=1000, 3=1000, 161=1000, 162=1000, 2=1000, 1=1000, 163=1000, 164=1000, 0=1000, 30=1000, 7=1000, 6=1000, 32=1000, 5=1000, 160=1000, 4=1000, 31=1000, 9=1000, 8=1000, 19=1000, 17=1000, 179=1000, 178=1000, 18=1000, 15=1000, 177=1000, 16=1000, 176=1000, 13=1000, 14=1000, 11=1000, 12=1000, 21=1000, 170=1000, 20=1000, 171=1000, 174=1000, 175=1000, 172=1000, 173=1000, 188=1000, 187=1000, 189=1000, 180=1000, 181=1000, 10=1000, 182=1000, 183=1000, 184=1000, 185=1000, 186=1000, 116=1000, 117=1000, 79=1000, 78=1000, 114=1000, 77=1000, 115=1000, 112=1000, 113=1000, 110=1000, 111=1000, 118=1000, 119=1000, 82=1000, 83=1000, 80=1000, 81=1000, 86=1000, 87=1000, 84=1000, 85=1000, 67=1000, 125=1000, 126=1000, 66=1000, 127=1000, 69=1000, 128=1000, 68=1000, 121=1000, 122=1000, 123=1000, 124=1000, 129=1000, 70=1000, 71=1000, 120=1000, 72=1000, 73=1000, 74=1000, 75=1000, 76=1000, 134=1000, 135=1000, 132=1000, 133=1000, 59=1000, 138=1000, 58=1000, 57=1000, 139=1000, 56=1000, 136=1000, 137=1000, 55=1000, 64=1000, 65=1000, 62=1000, 63=1000, 131=1000, 60=1000, 130=1000, 61=1000, 49=1000, 143=1000, 48=1000, 144=1000, 145=1000, 146=1000, 45=1000, 147=1000, 44=1000, 148=1000, 47=1000, 149=1000, 46=1000, 51=1000, 52=1000, 53=1000, 54=1000, 140=1000, 142=1000, 141=1000, 50=1000, 109=1000, 108=1000, 107=1000, 106=1000, 105=1000, 104=1000, 103=1000, 102=1000, 99=1000, 101=1000, 100=1000, 98=1000, 97=1000, 96=1000, 95=1000, 94=1000, 93=1000, 92=1000, 91=1000, 90=1000, 88=1000, 89=1000, 195=1000, 194=1000, 197=1000, 196=1000, 191=1000, 190=1000, 193=1000, 192=1000, 198=1000, 199=1000}
Number of gene trees: 1000
0 trees have missing taxa
Calculating quartet distance matrix (for completion of X)
Species tree distances calculated ...
Building set of clusters (X) from gene trees 
Using tree-based weight calculation.
Number of Default Clusters: 148047
Number of quartet trees in the gene trees: 65998346832
calculating extra bipartitions to be added at level 1 ...
Number of Clusters after addition by distance: 148085
Adding to X using resolutions of greedy consensus ...
Threshold 0.0:
polytomy of size 18; rounds with additions with at least 0.01 support: 16; clusters: 150685
Threshold 0.01:
polytomy of size 34; rounds with additions with at least 0.01 support: 4; clusters: 161511
Threshold 0.02:
polytomy of size 37; rounds with additions with at least 0.01 support: 2; clusters: 172767
Threshold 0.05:
polytomy of size 3; rounds with additions with at least 0.01 support: 0; clusters: 172767
polytomy of size 42; rounds with additions with at least 0.01 support: 1; clusters: 173087
polytomy of size 4; rounds with additions with at least 0.01 support: 0; clusters: 173087
Threshold 0.1:
polytomy of size 4; rounds with additions with at least 0.01 support: 0; clusters: 173087
polytomy of size 61; rounds with additions with at least 0.01 support: 0; clusters: 173367
Threshold 0.2:
polytomy of size 4; rounds with additions with at least 0.01 support: 0; clusters: 173367
polytomy of size 3; rounds with additions with at least 0.01 support: 0; clusters: 173367
polytomy of size 3; rounds with additions with at least 0.01 support: 0; clusters: 173367
polytomy of size 3; rounds with additions with at least 0.01 support: 0; clusters: 173367
polytomy of size 3; rounds with additions with at least 0.01 support: 0; clusters: 173367
polytomy of size 4; rounds with additions with at least 0.01 support: 0; clusters: 173367
polytomy of size 73; rounds with additions with at least 0.01 support: 0; clusters: 173669
Threshold 0.3333333333333333:
polytomy of size 3; rounds with additions with at least 0.01 support: 0; clusters: 173669
polytomy of size 5; rounds with additions with at least 0.01 support: 0; clusters: 173669
polytomy of size 4; rounds with additions with at least 0.01 support: 0; clusters: 173669
polytomy of size 5; rounds with additions with at least 0.01 support: 0; clusters: 173669
polytomy of size 3; rounds with additions with at least 0.01 support: 0; clusters: 173669
polytomy of size 3; rounds with additions with at least 0.01 support: 0; clusters: 173669
Number of Clusters after addition by greedy: 173669
partitions formed in 107.944 secs
Dynamic Programming starting after 107.944 secs
Size of largest cluster: 201
Size of largest cluster: 201
Calculated 100000 weights; time (seconds): 131
Calculated 200000 weights; time (seconds): 22
Calculated 300000 weights; time (seconds): 28
Total Number of elements weighted: 395335
Normalized score (portion of input quartet trees satisfied): NaN
Final optimization score: 0
Total Number of elements weighted: 395335
Normalized score (portion of input quartet trees satisfied): 0.4595309309671225
Final optimization score: 30328281762
Optimal tree inferred in 245.217 secs.
(170,(166,(153,(142,(((97,160),(11,(187,3))),((((24,184),((42,74),(137,(1,193)))),(((18,79),(108,(13,116))),(((44,41),((96,57),(73,140))),((64,(173,(65,126))),(((99,77),(39,(26,49))),(((45,(58,(135,50))),(81,((139,176),(114,(34,23))))),((110,122),(61,((95,43),((191,(75,145)),(119,(150,(157,148))))))))))))),(((53,(87,(54,(68,(129,72))))),(131,((59,113),((164,188),(109,(8,92)))))),((195,((171,(29,70)),(138,((55,(189,121)),(174,(71,36)))))),((((128,17),((76,123),(21,82))),(27,((180,190),((154,198),((196,107),(((118,130),(162,(132,(200,(165,20))))),((102,(38,(159,143))),((155,163),(47,(90,(117,83))))))))))),((0,((175,144),(12,(183,(120,80))))),((((28,(85,(86,10))),((66,33),(40,(167,(185,63))))),((15,152),(48,((51,147),((6,14),(125,(98,(88,146)))))))),((((124,192),(22,(156,78))),((37,127),(91,(151,(69,105))))),(((9,181),(((62,179),((134,186),(194,(56,25)))),(89,(46,(106,(158,(182,(19,168)))))))),(((30,((101,84),(100,136))),((161,(177,32)),(172,(35,(169,199))))),(((93,(31,4)),(141,(103,(67,133)))),((52,197),((94,(178,(5,2))),((115,(111,(104,60))),(149,(7,(16,112)))))))))))))))))))));
Quartet score is: 30328281762
Normalized quartet score is: 0.4595309309671225
ASTRAL finished in 255.152 secs
