
================== ASTRAL ===================== 

This is ASTRAL version 4.10.8
Gene trees are treated as unrooted
1000 trees read from ASTRALDATA/model.1000.2000000.0.000001/40/estimatedgenetre.halfresolved
All outputted trees will be *arbitrarily* rooted at 756

======== Running the main analysis
Number of taxa: 1001 (1001 species)
Taxa: [756, 658, 4, 220, 45, 482, 474, 88, 555, 737, 910, 690, 759, 261, 450, 849, 312, 443, 591, 141, 528, 39, 741, 60, 797, 64, 675, 339, 119, 748, 742, 66, 57, 80, 761, 351, 959, 902, 393, 54, 349, 575, 238, 356, 876, 486, 962, 13, 161, 680, 914, 823, 931, 92, 679, 626, 814, 456, 255, 898, 221, 674, 156, 619, 512, 75, 595, 325, 49, 569, 196, 245, 317, 459, 743, 975, 796, 701, 224, 271, 530, 875, 899, 566, 123, 977, 567, 408, 620, 73, 681, 85, 971, 472, 833, 745, 498, 768, 360, 76, 127, 992, 673, 473, 544, 386, 803, 167, 309, 104, 723, 228, 118, 781, 113, 600, 403, 951, 926, 324, 427, 180, 222, 602, 845, 806, 519, 935, 68, 117, 750, 10, 469, 948, 332, 440, 478, 727, 21, 913, 664, 647, 610, 318, 499, 597, 953, 147, 536, 189, 243, 568, 278, 382, 842, 425, 505, 837, 30, 929, 293, 538, 281, 878, 790, 603, 802, 372, 172, 207, 363, 546, 74, 289, 354, 329, 887, 650, 721, 763, 963, 394, 447, 805, 504, 839, 507, 160, 35, 689, 777, 827, 637, 817, 694, 824, 808, 514, 134, 828, 170, 506, 340, 367, 685, 973, 542, 667, 657, 696, 937, 556, 706, 629, 234, 186, 27, 260, 63, 533, 414, 502, 987, 819, 999, 235, 774, 343, 388, 979, 452, 38, 927, 762, 150, 551, 187, 211, 219, 215, 921, 22, 185, 320, 12, 101, 548, 611, 84, 416, 731, 765, 487, 725, 651, 47, 203, 120, 825, 670, 985, 174, 766, 545, 383, 463, 457, 713, 700, 258, 583, 517, 358, 699, 294, 18, 327, 78, 607, 2, 315, 373, 431, 307, 288, 508, 402, 328, 81, 112, 826, 991, 907, 371, 866, 818, 227, 764, 11, 23, 605, 470, 513, 659, 940, 715, 703, 593, 571, 89, 323, 29, 949, 212, 645, 98, 419, 361, 14, 510, 998, 244, 989, 61, 48, 331, 608, 254, 831, 347, 43, 395, 310, 202, 445, 993, 0, 274, 635, 168, 642, 956, 436, 142, 497, 901, 206, 966, 335, 890, 792, 131, 466, 840, 1, 535, 576, 164, 897, 894, 333, 739, 630, 616, 646, 338, 8, 549, 541, 947, 811, 95, 413, 983, 36, 682, 155, 399, 430, 529, 758, 9, 990, 615, 752, 863, 916, 853, 751, 596, 846, 99, 121, 918, 330, 791, 296, 385, 175, 246, 257, 869, 179, 122, 152, 256, 208, 108, 359, 945, 181, 515, 561, 986, 676, 165, 928, 216, 625, 934, 854, 305, 173, 804, 374, 618, 40, 494, 518, 984, 641, 720, 562, 171, 65, 52, 590, 191, 384, 97, 263, 62, 458, 148, 316, 55, 735, 946, 815, 627, 754, 137, 433, 465, 342, 755, 861, 389, 908, 365, 982, 145, 279, 775, 858, 158, 617, 415, 724, 950, 266, 906, 581, 5, 892, 319, 44, 793, 130, 417, 345, 663, 767, 795, 588, 314, 284, 832, 426, 353, 86, 441, 461, 105, 406, 400, 467, 693, 368, 872, 439, 233, 26, 34, 348, 336, 672, 606, 780, 375, 820, 79, 496, 838, 379, 103, 539, 784, 885, 299, 550, 978, 275, 547, 874, 776, 684, 292, 442, 370, 883, 903, 653, 267, 711, 369, 862, 210, 268, 149, 738, 401, 702, 352, 409, 475, 140, 995, 46, 3, 111, 429, 157, 407, 391, 437, 153, 612, 891, 304, 25, 115, 412, 264, 967, 298, 143, 495, 404, 303, 163, 523, 154, 253, 677, 283, 32, 882, 740, 851, 801, 527, 917, 640, 933, 205, 726, 242, 166, 460, 392, 534, 286, 525, 710, 586, 146, 730, 773, 589, 125, 812, 509, 628, 800, 789, 599, 624, 925, 377, 376, 24, 988, 623, 704, 799, 822, 661, 924, 116, 660, 957, 135, 87, 453, 341, 662, 665, 719, 614, 961, 129, 972, 269, 455, 501, 19, 622, 942, 896, 871, 364, 695, 276, 521, 480, 584, 888, 848, 564, 107, 830, 747, 633, 151, 239, 770, 778, 188, 877, 787, 237, 410, 306, 859, 621, 128, 844, 110, 958, 277, 813, 124, 77, 912, 836, 786, 90, 490, 857, 428, 520, 41, 295, 749, 996, 346, 223, 67, 540, 53, 654, 217, 565, 109, 829, 421, 732, 760, 881, 405, 598, 938, 779, 868, 771, 847, 184, 204, 362, 114, 200, 717, 585, 889, 468, 516, 714, 930, 357, 411, 904, 592, 183, 396, 192, 193, 557, 856, 873, 139, 33, 880, 850, 879, 1000, 970, 259, 50, 729, 687, 639, 643, 194, 884, 491, 162, 570, 526, 484, 144, 247, 126, 423, 438, 432, 669, 955, 733, 72, 865, 15, 481, 236, 809, 997, 176, 483, 355, 638, 769, 197, 604, 841, 920, 686, 668, 922, 843, 572, 905, 788, 42, 218, 390, 252, 16, 968, 397, 301, 489, 488, 860, 712, 960, 132, 209, 718, 190, 794, 492, 952, 300, 746, 366, 272, 652, 59, 424, 537, 666, 182, 976, 974, 634, 632, 287, 477, 909, 782, 941, 434, 449, 609, 398, 582, 613, 290, 678, 601, 579, 451, 553, 240, 692, 100, 282, 106, 895, 308, 169, 631, 834, 270, 522, 783, 709, 563, 479, 552, 380, 524, 133, 471, 954, 378, 864, 965, 198, 195, 454, 852, 594, 177, 886, 943, 337, 7, 578, 201, 485, 387, 250, 94, 816, 51, 311, 58, 446, 285, 93, 919, 321, 587, 697, 981, 291, 225, 705, 708, 655, 558, 280, 656, 82, 381, 707, 91, 807, 867, 915, 691, 688, 980, 6, 772, 334, 911, 644, 936, 744, 932, 102, 241, 420, 464, 69, 249, 923, 138, 870, 28, 683, 969, 716, 554, 229, 476, 531, 226, 649, 944, 994, 17, 503, 422, 835, 214, 96, 728, 350, 893, 37, 757, 574, 671, 573, 199, 71, 322, 83, 231, 262, 344, 900, 753, 265, 532, 698, 493, 577, 543, 798, 31, 821, 462, 500, 939, 302, 297, 159, 136, 636, 251, 736, 20, 648, 810, 511, 734, 444, 580, 213, 448, 855, 560, 56, 178, 964, 435, 418, 232, 722, 326, 785, 273, 248, 559, 313, 70, 230]
Taxon occupancy: {338=1000, 339=1000, 941=1000, 942=1000, 940=1000, 332=1000, 945=1000, 333=1000, 946=1000, 943=1000, 330=1000, 944=1000, 331=1000, 949=1000, 336=1000, 337=1000, 334=1000, 947=1000, 335=1000, 948=1000, 531=1000, 748=1000, 530=1000, 747=1000, 746=1000, 745=1000, 535=1000, 534=1000, 533=1000, 532=1000, 749=1000, 539=1000, 740=1000, 538=1000, 537=1000, 536=1000, 744=1000, 743=1000, 742=1000, 741=1000, 349=1000, 930=1000, 931=1000, 932=1000, 341=1000, 342=1000, 933=1000, 343=1000, 934=1000, 344=1000, 935=1000, 936=1000, 345=1000, 937=1000, 346=1000, 347=1000, 938=1000, 939=1000, 348=1000, 735=1000, 3=1000, 540=1000, 734=1000, 2=1000, 929=1000, 1=1000, 542=1000, 737=1000, 736=1000, 541=1000, 0=1000, 7=1000, 739=1000, 544=1000, 543=1000, 6=1000, 738=1000, 340=1000, 546=1000, 5=1000, 545=1000, 4=1000, 548=1000, 547=1000, 9=1000, 549=1000, 8=1000, 731=1000, 730=1000, 733=1000, 732=1000, 920=1000, 318=1000, 319=1000, 316=1000, 317=1000, 927=1000, 314=1000, 315=1000, 928=1000, 312=1000, 925=1000, 313=1000, 926=1000, 923=1000, 310=1000, 311=1000, 924=1000, 921=1000, 922=1000, 513=1000, 512=1000, 729=1000, 511=1000, 728=1000, 510=1000, 727=1000, 726=1000, 725=1000, 919=1000, 724=1000, 723=1000, 918=1000, 722=1000, 721=1000, 519=1000, 720=1000, 518=1000, 517=1000, 516=1000, 515=1000, 514=1000, 327=1000, 328=1000, 329=1000, 323=1000, 914=1000, 915=1000, 324=1000, 325=1000, 916=1000, 326=1000, 917=1000, 709=1000, 910=1000, 911=1000, 320=1000, 321=1000, 912=1000, 322=1000, 913=1000, 522=1000, 717=1000, 716=1000, 521=1000, 524=1000, 719=1000, 718=1000, 523=1000, 713=1000, 908=1000, 712=1000, 907=1000, 715=1000, 520=1000, 909=1000, 714=1000, 529=1000, 711=1000, 710=1000, 526=1000, 525=1000, 528=1000, 527=1000, 989=1000, 988=1000, 987=1000, 571=1000, 570=1000, 982=1000, 981=1000, 980=1000, 986=1000, 985=1000, 984=1000, 983=1000, 700=1000, 574=1000, 703=1000, 575=1000, 704=1000, 572=1000, 701=1000, 573=1000, 702=1000, 707=1000, 578=1000, 708=1000, 579=1000, 705=1000, 576=1000, 577=1000, 706=1000, 977=1000, 976=1000, 300=1000, 979=1000, 978=1000, 580=1000, 302=1000, 301=1000, 582=1000, 304=1000, 581=1000, 303=1000, 306=1000, 305=1000, 308=1000, 971=1000, 307=1000, 970=1000, 973=1000, 309=1000, 972=1000, 975=1000, 974=1000, 583=1000, 584=1000, 585=1000, 586=1000, 587=1000, 588=1000, 589=1000, 969=1000, 968=1000, 967=1000, 966=1000, 965=1000, 964=1000, 963=1000, 962=1000, 961=1000, 960=1000, 558=1000, 559=1000, 556=1000, 557=1000, 554=1000, 555=1000, 552=1000, 553=1000, 550=1000, 551=1000, 959=1000, 958=1000, 560=1000, 955=1000, 954=1000, 957=1000, 956=1000, 951=1000, 950=1000, 953=1000, 952=1000, 569=1000, 565=1000, 566=1000, 567=1000, 568=1000, 561=1000, 562=1000, 563=1000, 564=1000, 799=1000, 798=1000, 797=1000, 796=1000, 795=1000, 794=1000, 793=1000, 792=1000, 790=1000, 996=1000, 791=1000, 997=1000, 994=1000, 995=1000, 992=1000, 993=1000, 990=1000, 991=1000, 998=1000, 999=1000, 781=1000, 782=1000, 783=1000, 784=1000, 785=1000, 786=1000, 787=1000, 788=1000, 789=1000, 780=1000, 772=1000, 505=1000, 506=1000, 773=1000, 503=1000, 770=1000, 504=1000, 771=1000, 776=1000, 509=1000, 777=1000, 774=1000, 507=1000, 508=1000, 775=1000, 778=1000, 779=1000, 501=1000, 502=1000, 500=1000, 763=1000, 764=1000, 765=1000, 766=1000, 760=1000, 761=1000, 762=1000, 767=1000, 768=1000, 769=1000, 754=1000, 755=1000, 752=1000, 753=1000, 750=1000, 751=1000, 758=1000, 759=1000, 756=1000, 757=1000, 595=1000, 594=1000, 597=1000, 391=1000, 390=1000, 596=1000, 393=1000, 599=1000, 392=1000, 598=1000, 395=1000, 394=1000, 396=1000, 397=1000, 398=1000, 399=1000, 590=1000, 591=1000, 592=1000, 593=1000, 383=1000, 384=1000, 381=1000, 382=1000, 380=1000, 389=1000, 388=1000, 387=1000, 386=1000, 385=1000, 370=1000, 371=1000, 372=1000, 373=1000, 379=1000, 378=1000, 375=1000, 374=1000, 377=1000, 376=1000, 361=1000, 362=1000, 360=1000, 366=1000, 365=1000, 364=1000, 363=1000, 369=1000, 368=1000, 367=1000, 350=1000, 351=1000, 353=1000, 352=1000, 355=1000, 354=1000, 357=1000, 356=1000, 359=1000, 358=1000, 806=1000, 807=1000, 804=1000, 805=1000, 802=1000, 803=1000, 800=1000, 801=1000, 159=1000, 158=1000, 157=1000, 156=1000, 155=1000, 154=1000, 601=1000, 152=1000, 600=1000, 153=1000, 150=1000, 151=1000, 609=1000, 608=1000, 607=1000, 606=1000, 605=1000, 604=1000, 603=1000, 602=1000, 202=1000, 203=1000, 204=1000, 205=1000, 200=1000, 201=1000, 169=1000, 206=1000, 166=1000, 207=1000, 165=1000, 168=1000, 208=1000, 209=1000, 167=1000, 161=1000, 409=1000, 408=1000, 162=1000, 163=1000, 164=1000, 405=1000, 404=1000, 407=1000, 160=1000, 406=1000, 401=1000, 400=1000, 403=1000, 402=1000, 211=1000, 824=1000, 212=1000, 825=1000, 822=1000, 823=1000, 210=1000, 215=1000, 828=1000, 216=1000, 829=1000, 213=1000, 826=1000, 214=1000, 827=1000, 219=1000, 179=1000, 178=1000, 177=1000, 217=1000, 218=1000, 176=1000, 820=1000, 821=1000, 418=1000, 170=1000, 171=1000, 417=1000, 416=1000, 415=1000, 174=1000, 623=1000, 175=1000, 622=1000, 172=1000, 621=1000, 419=1000, 620=1000, 173=1000, 627=1000, 410=1000, 626=1000, 625=1000, 819=1000, 624=1000, 414=1000, 413=1000, 629=1000, 412=1000, 628=1000, 411=1000, 811=1000, 220=1000, 221=1000, 812=1000, 222=1000, 813=1000, 814=1000, 223=1000, 224=1000, 815=1000, 225=1000, 816=1000, 226=1000, 817=1000, 227=1000, 818=1000, 228=1000, 188=1000, 229=1000, 187=1000, 189=1000, 810=1000, 427=1000, 180=1000, 426=1000, 181=1000, 429=1000, 182=1000, 428=1000, 610=1000, 183=1000, 184=1000, 185=1000, 612=1000, 611=1000, 186=1000, 614=1000, 809=1000, 613=1000, 808=1000, 616=1000, 421=1000, 420=1000, 615=1000, 618=1000, 423=1000, 422=1000, 617=1000, 425=1000, 424=1000, 619=1000, 843=1000, 116=1000, 117=1000, 842=1000, 841=1000, 114=1000, 840=1000, 115=1000, 112=1000, 113=1000, 110=1000, 111=1000, 849=1000, 848=1000, 847=1000, 846=1000, 118=1000, 845=1000, 119=1000, 844=1000, 435=1000, 436=1000, 433=1000, 434=1000, 431=1000, 432=1000, 430=1000, 439=1000, 437=1000, 438=1000, 125=1000, 830=1000, 126=1000, 127=1000, 832=1000, 831=1000, 128=1000, 121=1000, 122=1000, 123=1000, 124=1000, 838=1000, 837=1000, 839=1000, 834=1000, 129=1000, 833=1000, 836=1000, 835=1000, 444=1000, 445=1000, 446=1000, 447=1000, 440=1000, 441=1000, 442=1000, 443=1000, 120=1000, 448=1000, 449=1000, 134=1000, 861=1000, 860=1000, 135=1000, 132=1000, 133=1000, 138=1000, 865=1000, 864=1000, 139=1000, 136=1000, 863=1000, 137=1000, 862=1000, 869=1000, 868=1000, 867=1000, 866=1000, 450=1000, 453=1000, 454=1000, 451=1000, 452=1000, 457=1000, 458=1000, 455=1000, 456=1000, 459=1000, 131=1000, 130=1000, 143=1000, 144=1000, 145=1000, 850=1000, 146=1000, 852=1000, 147=1000, 148=1000, 851=1000, 854=1000, 149=1000, 853=1000, 856=1000, 855=1000, 858=1000, 857=1000, 859=1000, 461=1000, 460=1000, 462=1000, 463=1000, 464=1000, 465=1000, 466=1000, 467=1000, 468=1000, 469=1000, 140=1000, 142=1000, 141=1000, 687=1000, 686=1000, 689=1000, 688=1000, 683=1000, 682=1000, 685=1000, 684=1000, 888=1000, 889=1000, 884=1000, 885=1000, 886=1000, 680=1000, 681=1000, 887=1000, 880=1000, 881=1000, 882=1000, 883=1000, 678=1000, 677=1000, 676=1000, 675=1000, 674=1000, 673=1000, 672=1000, 671=1000, 679=1000, 879=1000, 877=1000, 878=1000, 875=1000, 670=1000, 876=1000, 873=1000, 874=1000, 871=1000, 872=1000, 870=1000, 696=1000, 695=1000, 694=1000, 693=1000, 890=1000, 699=1000, 698=1000, 697=1000, 899=1000, 893=1000, 894=1000, 891=1000, 892=1000, 691=1000, 897=1000, 692=1000, 898=1000, 895=1000, 690=1000, 896=1000, 646=1000, 647=1000, 648=1000, 649=1000, 195=1000, 642=1000, 643=1000, 194=1000, 644=1000, 197=1000, 645=1000, 196=1000, 191=1000, 190=1000, 640=1000, 193=1000, 641=1000, 192=1000, 198=1000, 199=1000, 639=1000, 637=1000, 638=1000, 635=1000, 636=1000, 633=1000, 634=1000, 631=1000, 632=1000, 630=1000, 668=1000, 669=1000, 660=1000, 661=1000, 662=1000, 663=1000, 664=1000, 665=1000, 666=1000, 667=1000, 659=1000, 657=1000, 658=1000, 651=1000, 652=1000, 650=1000, 655=1000, 656=1000, 653=1000, 654=1000, 35=1000, 36=1000, 33=1000, 34=1000, 39=1000, 37=1000, 38=1000, 43=1000, 42=1000, 41=1000, 40=1000, 22=1000, 23=1000, 24=1000, 25=1000, 26=1000, 27=1000, 28=1000, 29=1000, 30=1000, 32=1000, 31=1000, 19=1000, 17=1000, 18=1000, 15=1000, 16=1000, 13=1000, 14=1000, 11=1000, 12=1000, 21=1000, 20=1000, 10=1000, 79=1000, 78=1000, 77=1000, 82=1000, 83=1000, 80=1000, 81=1000, 86=1000, 87=1000, 84=1000, 85=1000, 67=1000, 66=1000, 69=1000, 68=1000, 70=1000, 71=1000, 72=1000, 73=1000, 74=1000, 75=1000, 76=1000, 59=1000, 58=1000, 57=1000, 56=1000, 55=1000, 64=1000, 65=1000, 62=1000, 63=1000, 60=1000, 61=1000, 49=1000, 48=1000, 45=1000, 44=1000, 47=1000, 46=1000, 51=1000, 52=1000, 53=1000, 54=1000, 50=1000, 487=1000, 281=1000, 280=1000, 486=1000, 485=1000, 484=1000, 285=1000, 284=1000, 489=1000, 283=1000, 282=1000, 488=1000, 288=1000, 289=1000, 286=1000, 287=1000, 482=1000, 483=1000, 480=1000, 481=1000, 474=1000, 473=1000, 476=1000, 270=1000, 475=1000, 272=1000, 478=1000, 477=1000, 271=1000, 274=1000, 273=1000, 479=1000, 275=1000, 276=1000, 277=1000, 278=1000, 279=1000, 470=1000, 471=1000, 472=1000, 1000=1000, 109=1000, 108=1000, 107=1000, 106=1000, 105=1000, 104=1000, 103=1000, 102=1000, 99=1000, 101=1000, 100=1000, 98=1000, 97=1000, 96=1000, 95=1000, 94=1000, 93=1000, 92=1000, 91=1000, 294=1000, 90=1000, 499=1000, 293=1000, 296=1000, 295=1000, 290=1000, 496=1000, 495=1000, 498=1000, 292=1000, 291=1000, 497=1000, 491=1000, 492=1000, 493=1000, 494=1000, 297=1000, 298=1000, 299=1000, 490=1000, 88=1000, 89=1000, 240=1000, 241=1000, 245=1000, 244=1000, 243=1000, 242=1000, 249=1000, 248=1000, 247=1000, 246=1000, 230=1000, 239=1000, 232=1000, 231=1000, 234=1000, 233=1000, 236=1000, 235=1000, 238=1000, 237=1000, 262=1000, 263=1000, 260=1000, 261=1000, 269=1000, 268=1000, 267=1000, 266=1000, 265=1000, 264=1000, 250=1000, 251=1000, 252=1000, 258=1000, 904=1000, 257=1000, 903=1000, 906=1000, 905=1000, 259=1000, 900=1000, 254=1000, 253=1000, 902=1000, 256=1000, 901=1000, 255=1000}
Number of gene trees: 1000
0 trees have missing taxa
Calculating quartet distance matrix (for completion of X)
Species tree distances calculated ...
Building set of clusters (X) from gene trees 
Using tree-based weight calculation.
Number of Default Clusters: 337511
Number of quartet trees in the gene trees: 41583270863911
calculating extra bipartitions to be added at level 1 ...
Number of Clusters after addition by distance: 337541
Adding to X using resolutions of greedy consensus ...
Threshold 0.0:
polytomy of size 3; rounds with additions with at least 0.01 support: 0; clusters: 337547
polytomy of size 11; rounds with additions with at least 0.01 support: 9; clusters: 338003
Threshold 0.01:
polytomy of size 6; rounds with additions with at least 0.01 support: 2; clusters: 338055
polytomy of size 26; rounds with additions with at least 0.01 support: 3; clusters: 343959
Threshold 0.02:
polytomy of size 41; rounds with additions with at least 0.01 support: 5; clusters: 355923
Threshold 0.05:
polytomy of size 3; rounds with additions with at least 0.01 support: 0; clusters: 355923
polytomy of size 3; rounds with additions with at least 0.01 support: 0; clusters: 355923
polytomy of size 53; rounds with additions with at least 0.01 support: 6; clusters: 356347
Threshold 0.1:
polytomy of size 3; rounds with additions with at least 0.01 support: 0; clusters: 356347
polytomy of size 5; rounds with additions with at least 0.01 support: 0; clusters: 356347
polytomy of size 3; rounds with additions with at least 0.01 support: 0; clusters: 356347
polytomy of size 3; rounds with additions with at least 0.01 support: 0; clusters: 356347
polytomy of size 3; rounds with additions with at least 0.01 support: 0; clusters: 356347
polytomy of size 3; rounds with additions with at least 0.01 support: 0; clusters: 356347
polytomy of size 78; rounds with additions with at least 0.01 support: 0; clusters: 356625
Threshold 0.2:
polytomy of size 3; rounds with additions with at least 0.01 support: 0; clusters: 356625
polytomy of size 3; rounds with additions with at least 0.01 support: 0; clusters: 356625
polytomy of size 3; rounds with additions with at least 0.01 support: 0; clusters: 356625
polytomy of size 4; rounds with additions with at least 0.01 support: 0; clusters: 356625
polytomy of size 5; rounds with additions with at least 0.01 support: 0; clusters: 356625
polytomy of size 3; rounds with additions with at least 0.01 support: 0; clusters: 356625
polytomy of size 3; rounds with additions with at least 0.01 support: 0; clusters: 356625
polytomy of size 3; rounds with additions with at least 0.01 support: 0; clusters: 356625
polytomy of size 5; rounds with additions with at least 0.01 support: 0; clusters: 356625
polytomy of size 3; rounds with additions with at least 0.01 support: 0; clusters: 356625
polytomy of size 4; rounds with additions with at least 0.01 support: 0; clusters: 356625
polytomy of size 3; rounds with additions with at least 0.01 support: 0; clusters: 356625
polytomy of size 4; rounds with additions with at least 0.01 support: 0; clusters: 356625
polytomy of size 5; rounds with additions with at least 0.01 support: 0; clusters: 356625
polytomy of size 3; rounds with additions with at least 0.01 support: 0; clusters: 356625
polytomy of size 3; rounds with additions with at least 0.01 support: 0; clusters: 356625
polytomy of size 3; rounds with additions with at least 0.01 support: 0; clusters: 356625
polytomy of size 3; rounds with additions with at least 0.01 support: 0; clusters: 356625
polytomy of size 3; rounds with additions with at least 0.01 support: 0; clusters: 356625
polytomy of size 3; rounds with additions with at least 0.01 support: 0; clusters: 356625
polytomy of size 6; rounds with additions with at least 0.01 support: 0; clusters: 356625
polytomy of size 3; rounds with additions with at least 0.01 support: 0; clusters: 356625
polytomy of size 4; rounds with additions with at least 0.01 support: 0; clusters: 356625
polytomy of size 3; rounds with additions with at least 0.01 support: 0; clusters: 356625
polytomy of size 3; rounds with additions with at least 0.01 support: 0; clusters: 356625
polytomy of size 109; rounds with additions with at least 0.01 support: 0; clusters: 356773
Threshold 0.3333333333333333:
polytomy of size 3; rounds with additions with at least 0.01 support: 0; clusters: 356773
polytomy of size 4; rounds with additions with at least 0.01 support: 0; clusters: 356773
polytomy of size 3; rounds with additions with at least 0.01 support: 0; clusters: 356773
polytomy of size 4; rounds with additions with at least 0.01 support: 0; clusters: 356773
polytomy of size 3; rounds with additions with at least 0.01 support: 0; clusters: 356773
polytomy of size 3; rounds with additions with at least 0.01 support: 0; clusters: 356773
polytomy of size 4; rounds with additions with at least 0.01 support: 0; clusters: 356773
polytomy of size 3; rounds with additions with at least 0.01 support: 0; clusters: 356773
polytomy of size 3; rounds with additions with at least 0.01 support: 0; clusters: 356773
polytomy of size 6; rounds with additions with at least 0.01 support: 0; clusters: 356773
polytomy of size 3; rounds with additions with at least 0.01 support: 0; clusters: 356773
polytomy of size 3; rounds with additions with at least 0.01 support: 0; clusters: 356773
polytomy of size 4; rounds with additions with at least 0.01 support: 0; clusters: 356773
polytomy of size 3; rounds with additions with at least 0.01 support: 0; clusters: 356773
polytomy of size 3; rounds with additions with at least 0.01 support: 0; clusters: 356773
polytomy of size 3; rounds with additions with at least 0.01 support: 0; clusters: 356773
polytomy of size 3; rounds with additions with at least 0.01 support: 0; clusters: 356773
polytomy of size 3; rounds with additions with at least 0.01 support: 0; clusters: 356773
polytomy of size 4; rounds with additions with at least 0.01 support: 0; clusters: 356773
polytomy of size 7; rounds with additions with at least 0.01 support: 0; clusters: 356773
polytomy of size 3; rounds with additions with at least 0.01 support: 0; clusters: 356773
polytomy of size 4; rounds with additions with at least 0.01 support: 0; clusters: 356773
polytomy of size 4; rounds with additions with at least 0.01 support: 0; clusters: 356773
polytomy of size 5; rounds with additions with at least 0.01 support: 0; clusters: 356773
polytomy of size 3; rounds with additions with at least 0.01 support: 0; clusters: 356773
polytomy of size 3; rounds with additions with at least 0.01 support: 0; clusters: 356773
polytomy of size 4; rounds with additions with at least 0.01 support: 0; clusters: 356773
polytomy of size 4; rounds with additions with at least 0.01 support: 0; clusters: 356773
polytomy of size 3; rounds with additions with at least 0.01 support: 0; clusters: 356773
polytomy of size 3; rounds with additions with at least 0.01 support: 0; clusters: 356773
polytomy of size 3; rounds with additions with at least 0.01 support: 0; clusters: 356773
polytomy of size 4; rounds with additions with at least 0.01 support: 0; clusters: 356773
polytomy of size 3; rounds with additions with at least 0.01 support: 0; clusters: 356773
polytomy of size 4; rounds with additions with at least 0.01 support: 0; clusters: 356773
polytomy of size 3; rounds with additions with at least 0.01 support: 0; clusters: 356773
polytomy of size 3; rounds with additions with at least 0.01 support: 0; clusters: 356773
polytomy of size 3; rounds with additions with at least 0.01 support: 0; clusters: 356773
polytomy of size 3; rounds with additions with at least 0.01 support: 0; clusters: 356773
polytomy of size 4; rounds with additions with at least 0.01 support: 0; clusters: 356773
polytomy of size 4; rounds with additions with at least 0.01 support: 0; clusters: 356773
polytomy of size 3; rounds with additions with at least 0.01 support: 0; clusters: 356773
polytomy of size 6; rounds with additions with at least 0.01 support: 0; clusters: 356773
polytomy of size 3; rounds with additions with at least 0.01 support: 0; clusters: 356773
polytomy of size 3; rounds with additions with at least 0.01 support: 0; clusters: 356773
polytomy of size 5; rounds with additions with at least 0.01 support: 0; clusters: 356773
polytomy of size 3; rounds with additions with at least 0.01 support: 0; clusters: 356773
polytomy of size 4; rounds with additions with at least 0.01 support: 0; clusters: 356773
polytomy of size 3; rounds with additions with at least 0.01 support: 0; clusters: 356773
polytomy of size 3; rounds with additions with at least 0.01 support: 0; clusters: 356773
polytomy of size 3; rounds with additions with at least 0.01 support: 0; clusters: 356773
polytomy of size 3; rounds with additions with at least 0.01 support: 0; clusters: 356773
polytomy of size 3; rounds with additions with at least 0.01 support: 0; clusters: 356773
polytomy of size 4; rounds with additions with at least 0.01 support: 0; clusters: 356773
polytomy of size 3; rounds with additions with at least 0.01 support: 0; clusters: 356773
polytomy of size 4; rounds with additions with at least 0.01 support: 0; clusters: 356773
polytomy of size 3; rounds with additions with at least 0.01 support: 0; clusters: 356773
polytomy of size 5; rounds with additions with at least 0.01 support: 0; clusters: 356773
polytomy of size 3; rounds with additions with at least 0.01 support: 0; clusters: 356773
polytomy of size 8; rounds with additions with at least 0.01 support: 0; clusters: 356773
polytomy of size 5; rounds with additions with at least 0.01 support: 0; clusters: 356773
polytomy of size 3; rounds with additions with at least 0.01 support: 0; clusters: 356773
polytomy of size 3; rounds with additions with at least 0.01 support: 0; clusters: 356773
polytomy of size 3; rounds with additions with at least 0.01 support: 0; clusters: 356773
polytomy of size 4; rounds with additions with at least 0.01 support: 0; clusters: 356773
polytomy of size 4; rounds with additions with at least 0.01 support: 0; clusters: 356773
polytomy of size 3; rounds with additions with at least 0.01 support: 0; clusters: 356773
polytomy of size 3; rounds with additions with at least 0.01 support: 0; clusters: 356773
polytomy of size 3; rounds with additions with at least 0.01 support: 0; clusters: 356773
polytomy of size 5; rounds with additions with at least 0.01 support: 0; clusters: 356773
polytomy of size 3; rounds with additions with at least 0.01 support: 0; clusters: 356773
polytomy of size 3; rounds with additions with at least 0.01 support: 0; clusters: 356773
polytomy of size 3; rounds with additions with at least 0.01 support: 0; clusters: 356773
polytomy of size 5; rounds with additions with at least 0.01 support: 0; clusters: 356773
polytomy of size 3; rounds with additions with at least 0.01 support: 0; clusters: 356773
polytomy of size 8; rounds with additions with at least 0.01 support: 0; clusters: 356779
Number of Clusters after addition by greedy: 356779
partitions formed in 876.589 secs
Dynamic Programming starting after 876.589 secs
Size of largest cluster: 1001
Size of largest cluster: 1001
Calculated 100000 weights; time (seconds): 1014
Calculated 200000 weights; time (seconds): 128
Calculated 300000 weights; time (seconds): 133
Calculated 400000 weights; time (seconds): 133
Total Number of elements weighted: 823301
Normalized score (portion of input quartet trees satisfied): NaN
Final optimization score: 0
Calculated 500000 weights; time (seconds): 133
Calculated 600000 weights; time (seconds): 128
Calculated 700000 weights; time (seconds): 209
Calculated 800000 weights; time (seconds): 293
Total Number of elements weighted: 823301
Normalized score (portion of input quartet trees satisfied): 0.5167289237527063
Final optimization score: 21487278799626
Optimal tree inferred in 2244.822 secs.
(756,(4,(658,(((271,530),(875,(123,(899,566)))),((773,(((224,((814,456),(626,(92,679)))),((185,(63,(388,(343,(774,979))))),((((320,12),((452,38),(927,762))),((150,(551,187)),(22,(921,(215,(211,219)))))),(((685,(973,542)),(414,(533,502))),(((819,(999,235)),(937,(696,(667,657)))),((987,(706,(629,234))),(556,(186,(27,260))))))))),((((522,((783,709),(563,479))),(((922,843),(686,668)),((792,131),(966,(335,890))))),(((859,621),((1,535),(466,840))),((788,(678,(601,579))),(652,((894,333),(576,(164,897))))))),(((67,((912,(90,(836,786))),((842,425),((701,(745,498)),(610,((977,(567,408)),((681,85),(620,73)))))))),(((282,(106,895)),(553,(692,(240,100)))),(290,(((182,(976,974)),((572,(397,(968,301))),(306,(489,((960,132),(712,(488,860))))))),((995,(46,(429,(3,111)))),(((952,300),(746,(366,272))),(((391,(157,407)),((582,613),(424,((537,666),(631,(308,169)))))),((451,(42,((218,390),(252,16)))),(((190,794),(492,(209,718))),(905,(59,((609,398),((399,634),((909,(477,(632,287))),(782,(941,(434,449))))))))))))))))),(((758,((615,752),((9,990),(430,529)))),(((680,(863,(916,853))),((175,246),((791,(121,(918,330))),(751,(296,(385,(596,(846,99)))))))),(108,((359,((256,208),(179,(122,(152,(257,869)))))),((914,(823,931)),((255,898),((245,(317,(49,(569,196)))),((459,(796,(743,975))),((325,(674,156)),((619,512),(595,(221,75)))))))))))),(((352,(145,(32,(409,(475,140))))),((292,((903,(653,267)),(442,(370,883)))),(702,((711,(369,862)),((738,401),(210,(268,149))))))),(((950,(266,906)),(617,(415,724))),(((((858,158),(279,775)),((26,34),((348,336),(672,(606,(79,(780,(375,820)))))))),(((304,25),(523,(163,(154,(253,(677,283)))))),(((115,412),(967,298)),(303,(264,(495,(143,404))))))),(((739,((319,44),(581,(793,(5,892))))),((704,(661,(799,822))),(924,((957,135),(116,660))))),((400,(233,(439,((368,872),(467,693))))),(((767,795),(((874,776),(978,(275,547))),(103,((299,550),(539,(784,885)))))),(((130,417),(345,663)),(((588,684),(379,(496,838))),(314,((406,(105,(441,461))),(86,(284,(832,(426,353))))))))))))))))))),(((963,((((225,(291,(697,981))),((58,(311,446)),((919,321),(93,(285,587))))),((((578,201),(7,(943,337))),(485,(816,(51,(387,(250,94)))))),(886,((552,(852,(594,177))),((965,(198,(195,454))),((133,471),((378,864),(954,(380,524))))))))),((((504,(805,839)),((394,447),(507,(160,(35,689))))),((777,(827,637)),((170,506),((134,828),((817,694),(824,(808,514))))))),(((340,367),((630,616),((811,95),((338,(646,8)),(549,(541,947)))))),(((742,66),(119,748)),((761,(57,80)),((962,(13,161)),(((349,575),(393,(902,54))),(238,(351,(486,(876,(959,356))))))))))))),(0,((((813,(958,277)),(110,(124,77))),(((546,74),(844,(289,(354,329)))),(((887,721),(650,763)),(((802,363),(372,172)),((207,(293,603)),((878,790),(538,281))))))),(((((445,993),(725,(651,47))),((765,(416,731)),(487,((101,548),(611,84))))),((((120,670),(203,825)),((985,174),(766,(((545,383),(463,(457,713))),((826,991),(81,(112,(907,371)))))))),(((402,328),(700,(517,(258,583)))),(((508,(315,373)),(288,(431,307))),((358,(699,294)),((78,607),(2,(18,327)))))))),((((339,(675,(797,(60,64)))),((141,(443,591)),(528,(39,741)))),(((70,230),((350,(893,37)),(757,((573,199),(574,671))))),(((560,56),((580,559),((448,855),(213,313)))),(((326,(248,(785,273))),(722,((178,964),(435,(418,232))))),((96,(971,(472,833))),((810,(511,734)),(444,(736,(20,648))))))))),(((312,(870,(980,6))),((772,(644,(334,911))),(936,((450,(849,(482,474))),((744,(932,102)),((759,(88,690)),((910,261),(555,737)))))))),(((945,(515,(181,561))),((735,(946,815)),(((365,982),(389,908)),((861,(433,465)),((342,755),(627,(754,137))))))),(((55,(458,(148,316))),(62,((216,(625,934)),(676,(986,(165,928)))))),(171,(((854,(305,(173,804))),((97,263),(590,(191,384)))),((65,52),((984,(720,(641,562))),(374,(618,(40,(494,518)))))))))))))))),((((((262,344),((71,322),(83,231))),((265,(900,753)),(532,(577,(698,493))))),((543,(798,31)),((251,(636,(159,136))),(297,((939,302),(500,(821,462))))))),((220,45),((513,(645,(470,(659,(571,(940,(715,(703,593)))))))),((98,(419,361)),((212,(89,(323,(29,949)))),((244,(998,(14,510))),((989,61),((608,(48,331)),((254,(310,202)),(831,(395,(347,43)))))))))))),((((188,877),(747,(787,((237,410),(633,((151,778),(239,770))))))),((((602,318),(21,(664,(913,647)))),((505,(837,(30,929))),((806,519),(845,(180,222))))),(((628,(800,789)),((490,(589,988)),(705,(923,(138,((241,420),(464,(69,249)))))))),(((((76,127),(768,360)),((167,(803,309)),((544,386),(473,(992,673))))),(((228,118),((104,723),((403,926),(951,(781,(113,600)))))),(((554,229),(969,(683,(28,716)))),((214,(503,422)),(835,((476,(531,226)),(649,(944,(994,17))))))))),((125,(812,509)),(((882,(740,851)),(((536,(189,(324,427))),(278,(382,(243,568)))),(((953,147),(499,597)),(935,((68,(117,(750,10))),((478,727),(948,(469,(332,440))))))))),(((868,((881,771),(405,598))),((938,779),(114,(847,(204,(184,362)))))),(730,((801,(933,(640,(527,917)))),(((286,525),(146,(710,586))),((460,(392,534)),(205,(726,(242,166)))))))))))))),((128,(((728,((866,11),((23,605),(764,(818,227))))),((695,(871,364)),((276,521),(480,(584,888))))),((834,270),((599,(24,((925,377),(624,376)))),((413,(983,(36,(682,155)))),((497,(901,206)),((642,956),(436,142)))))))),(((((200,717),(585,889)),(760,(((346,(996,(749,223))),(565,(891,(153,(437,612))))),((421,(109,829)),(732,(540,((623,217),(53,654)))))))),((87,453),(((341,(662,(665,719))),(848,(107,(564,830)))),((520,(41,295)),((622,(942,896)),((129,(614,(961,972))),(269,(455,(501,19))))))))),(((708,(857,428)),((655,558),((280,(91,(807,867))),((381,707),((656,82),(915,(691,688))))))),((274,(635,168)),((484,((144,(72,((733,(669,955)),((809,(236,997)),(865,(15,481)))))),((192,193),(((879,1000),(841,(604,920))),((880,850),(557,(873,(33,(856,139))))))))),(((355,638),((769,197),(176,483))),(((438,432),(423,(247,126))),(((714,(930,(468,516))),((183,396),((357,904),(411,592)))),(491,((526,(162,570)),(884,(((970,259),(50,729)),(639,(687,(643,194)))))))))))))))))))))));
Quartet score is: 21487278799626
Normalized quartet score is: 0.5167289237527063
ASTRAL finished in 2443.762 secs
