
================== ASTRAL ===================== 

This is ASTRAL version 4.10.8
Gene trees are treated as unrooted
998 trees read from model.50.2000000.0.000001/18/estimatedgenetre.halfresolved
All outputted trees will be *arbitrarily* rooted at 3

======== Running the main analysis
Number of taxa: 51 (51 species)
Taxa: [3, 18, 12, 1, 0, 31, 16, 40, 36, 30, 8, 24, 5, 25, 37, 39, 2, 44, 26, 17, 34, 45, 22, 10, 11, 41, 21, 28, 23, 13, 38, 32, 43, 50, 48, 14, 15, 47, 35, 42, 20, 29, 9, 33, 7, 19, 27, 6, 46, 4, 49]
Taxon occupancy: {35=998, 36=998, 33=998, 34=998, 39=998, 37=998, 38=998, 43=998, 42=998, 41=998, 40=998, 22=998, 23=998, 24=998, 25=998, 26=998, 27=998, 28=998, 29=998, 3=998, 2=998, 1=998, 0=998, 30=998, 7=998, 6=998, 5=998, 32=998, 4=998, 31=998, 9=998, 8=998, 19=998, 17=998, 18=998, 15=998, 16=998, 13=998, 14=998, 11=998, 12=998, 21=998, 20=998, 49=998, 48=998, 45=998, 44=998, 47=998, 46=998, 10=998, 50=998}
Number of gene trees: 998
0 trees have missing taxa
Calculating quartet distance matrix (for completion of X)
Species tree distances calculated ...
Building set of clusters (X) from gene trees 
Using tree-based weight calculation.
Number of Default Clusters: 9629
Number of quartet trees in the gene trees: 249383154
calculating extra bipartitions to be added at level 1 ...
Number of Clusters after addition by distance: 9629
Adding to X using resolutions of greedy consensus ...
Threshold 0.0:
Threshold 0.01:
Threshold 0.02:
Threshold 0.05:
polytomy of size 3; rounds with additions with at least 0.01 support: 0; clusters: 9629
Threshold 0.1:
polytomy of size 4; rounds with additions with at least 0.01 support: 0; clusters: 9629
Threshold 0.2:
polytomy of size 4; rounds with additions with at least 0.01 support: 0; clusters: 9629
polytomy of size 10; rounds with additions with at least 0.01 support: 0; clusters: 9629
Threshold 0.3333333333333333:
polytomy of size 3; rounds with additions with at least 0.01 support: 0; clusters: 9629
polytomy of size 4; rounds with additions with at least 0.01 support: 0; clusters: 9629
polytomy of size 3; rounds with additions with at least 0.01 support: 0; clusters: 9629
polytomy of size 11; rounds with additions with at least 0.01 support: 0; clusters: 9663
Number of Clusters after addition by greedy: 9663
partitions formed in 3.76 secs
Dynamic Programming starting after 3.76 secs
Size of largest cluster: 51
Size of largest cluster: 51
Total Number of elements weighted: 58030
Normalized score (portion of input quartet trees satisfied): NaN
Final optimization score: 0
Total Number of elements weighted: 58030
Normalized score (portion of input quartet trees satisfied): 0.7103066512664283
Final optimization score: 177138513
Optimal tree inferred in 6.514 secs.
(3,((18,(12,1)),(49,((22,((10,11),((26,17),(34,45)))),(((7,19),(9,33)),((35,(42,(20,29))),(((48,(32,(38,43))),(13,(50,((41,21),(28,23))))),((27,((6,(46,4)),(14,(39,((37,2),(25,44)))))),((0,(15,47)),((5,(31,(16,40))),((30,8),(36,24))))))))))));
Quartet score is: 177138513
Normalized quartet score is: 0.7103066512664283
ASTRAL finished in 7.927 secs
