
================== ASTRAL ===================== 

This is ASTRAL version 4.10.8
Gene trees are treated as unrooted
1000 trees read from model.200.2000000.0.0000001/28/estimatedgenetre.halfresolved
All outputted trees will be *arbitrarily* rooted at 74

======== Running the main analysis
Number of taxa: 201 (201 species)
Taxa: [74, 127, 94, 105, 190, 75, 15, 5, 22, 172, 62, 193, 130, 155, 1, 79, 192, 160, 77, 47, 84, 58, 72, 69, 157, 133, 100, 178, 67, 108, 126, 45, 17, 8, 4, 13, 20, 78, 132, 18, 183, 26, 110, 161, 97, 140, 31, 57, 195, 82, 147, 33, 92, 14, 24, 99, 16, 123, 134, 175, 168, 122, 80, 12, 177, 145, 103, 96, 89, 141, 116, 112, 164, 28, 165, 149, 87, 95, 181, 120, 25, 3, 60, 48, 121, 111, 71, 131, 91, 170, 186, 136, 21, 159, 0, 179, 162, 32, 156, 39, 38, 19, 167, 43, 2, 90, 154, 81, 10, 68, 129, 50, 169, 106, 197, 124, 102, 44, 86, 173, 9, 51, 65, 137, 53, 191, 148, 114, 107, 182, 184, 37, 118, 151, 55, 187, 88, 63, 163, 98, 40, 174, 135, 113, 153, 188, 42, 34, 11, 196, 54, 142, 76, 35, 27, 59, 128, 56, 119, 70, 194, 52, 101, 29, 166, 144, 152, 109, 143, 83, 73, 7, 85, 64, 30, 36, 138, 6, 176, 49, 180, 171, 104, 41, 200, 61, 93, 158, 139, 125, 23, 117, 189, 198, 46, 115, 199, 150, 146, 66, 185]
Taxon occupancy: {35=1000, 36=1000, 159=1000, 33=1000, 34=1000, 158=1000, 157=1000, 39=1000, 156=1000, 155=1000, 37=1000, 38=1000, 154=1000, 152=1000, 153=1000, 150=1000, 151=1000, 43=1000, 42=1000, 41=1000, 40=1000, 200=1000, 22=1000, 169=1000, 23=1000, 24=1000, 25=1000, 26=1000, 166=1000, 165=1000, 27=1000, 28=1000, 168=1000, 167=1000, 29=1000, 3=1000, 161=1000, 162=1000, 2=1000, 1=1000, 163=1000, 0=1000, 164=1000, 7=1000, 30=1000, 6=1000, 5=1000, 32=1000, 160=1000, 4=1000, 31=1000, 9=1000, 8=1000, 19=1000, 179=1000, 17=1000, 178=1000, 18=1000, 177=1000, 15=1000, 16=1000, 176=1000, 13=1000, 14=1000, 11=1000, 12=1000, 21=1000, 170=1000, 20=1000, 171=1000, 174=1000, 175=1000, 172=1000, 173=1000, 188=1000, 187=1000, 189=1000, 180=1000, 181=1000, 10=1000, 182=1000, 183=1000, 184=1000, 185=1000, 186=1000, 116=1000, 79=1000, 117=1000, 78=1000, 114=1000, 115=1000, 77=1000, 112=1000, 113=1000, 110=1000, 111=1000, 118=1000, 119=1000, 82=1000, 83=1000, 80=1000, 81=1000, 86=1000, 87=1000, 84=1000, 85=1000, 67=1000, 125=1000, 66=1000, 126=1000, 69=1000, 127=1000, 68=1000, 128=1000, 121=1000, 122=1000, 123=1000, 124=1000, 129=1000, 70=1000, 71=1000, 120=1000, 72=1000, 73=1000, 74=1000, 75=1000, 76=1000, 134=1000, 135=1000, 132=1000, 133=1000, 59=1000, 58=1000, 138=1000, 57=1000, 139=1000, 136=1000, 56=1000, 137=1000, 55=1000, 64=1000, 65=1000, 62=1000, 63=1000, 131=1000, 60=1000, 130=1000, 61=1000, 143=1000, 49=1000, 48=1000, 144=1000, 145=1000, 146=1000, 147=1000, 45=1000, 44=1000, 148=1000, 149=1000, 47=1000, 46=1000, 51=1000, 52=1000, 53=1000, 54=1000, 140=1000, 142=1000, 141=1000, 50=1000, 109=1000, 108=1000, 107=1000, 106=1000, 105=1000, 104=1000, 103=1000, 99=1000, 102=1000, 101=1000, 100=1000, 98=1000, 97=1000, 96=1000, 95=1000, 94=1000, 93=1000, 92=1000, 91=1000, 90=1000, 88=1000, 89=1000, 195=1000, 194=1000, 197=1000, 196=1000, 191=1000, 190=1000, 193=1000, 192=1000, 198=1000, 199=1000}
Number of gene trees: 1000
0 trees have missing taxa
Calculating quartet distance matrix (for completion of X)
Species tree distances calculated ...
Building set of clusters (X) from gene trees 
Using tree-based weight calculation.
Number of Default Clusters: 135505
Number of quartet trees in the gene trees: 65995990074
calculating extra bipartitions to be added at level 1 ...
Number of Clusters after addition by distance: 135513
Adding to X using resolutions of greedy consensus ...
Threshold 0.0:
polytomy of size 5; rounds with additions with at least 0.01 support: 3; clusters: 135549
Threshold 0.01:
polytomy of size 12; rounds with additions with at least 0.01 support: 4; clusters: 135941
Threshold 0.02:
polytomy of size 3; rounds with additions with at least 0.01 support: 0; clusters: 135941
polytomy of size 15; rounds with additions with at least 0.01 support: 2; clusters: 136485
Threshold 0.05:
polytomy of size 3; rounds with additions with at least 0.01 support: 0; clusters: 136485
polytomy of size 24; rounds with additions with at least 0.01 support: 0; clusters: 136495
Threshold 0.1:
polytomy of size 3; rounds with additions with at least 0.01 support: 0; clusters: 136495
polytomy of size 39; rounds with additions with at least 0.01 support: 0; clusters: 136505
Threshold 0.2:
polytomy of size 4; rounds with additions with at least 0.01 support: 0; clusters: 136505
polytomy of size 3; rounds with additions with at least 0.01 support: 0; clusters: 136505
polytomy of size 61; rounds with additions with at least 0.01 support: 0; clusters: 136505
polytomy of size 4; rounds with additions with at least 0.01 support: 0; clusters: 136505
Threshold 0.3333333333333333:
polytomy of size 5; rounds with additions with at least 0.01 support: 0; clusters: 136505
polytomy of size 3; rounds with additions with at least 0.01 support: 0; clusters: 136505
polytomy of size 3; rounds with additions with at least 0.01 support: 0; clusters: 136505
polytomy of size 3; rounds with additions with at least 0.01 support: 0; clusters: 136505
polytomy of size 3; rounds with additions with at least 0.01 support: 0; clusters: 136505
polytomy of size 3; rounds with additions with at least 0.01 support: 0; clusters: 136505
polytomy of size 4; rounds with additions with at least 0.01 support: 0; clusters: 136505
polytomy of size 3; rounds with additions with at least 0.01 support: 0; clusters: 136505
polytomy of size 3; rounds with additions with at least 0.01 support: 0; clusters: 136505
polytomy of size 3; rounds with additions with at least 0.01 support: 0; clusters: 136505
polytomy of size 79; rounds with additions with at least 0.01 support: 0; clusters: 192767
Number of Clusters after addition by greedy: 192767
partitions formed in 85.691 secs
Dynamic Programming starting after 85.692 secs
Size of largest cluster: 201
Size of largest cluster: 201
Calculated 100000 weights; time (seconds): 108
Calculated 200000 weights; time (seconds): 23
Calculated 300000 weights; time (seconds): 28
Total Number of elements weighted: 438865
Normalized score (portion of input quartet trees satisfied): NaN
Final optimization score: 0
Calculated 400000 weights; time (seconds): 80
Total Number of elements weighted: 438865
Normalized score (portion of input quartet trees satisfied): 0.5234094521541036
Final optimization score: 34542925009
Optimal tree inferred in 277.405 secs.
(74,((38,19),(73,((32,(156,39)),((86,173),((((71,((131,(91,170)),(186,(136,21)))),((40,42),((153,188),(34,((11,196),((76,35),(54,142))))))),(((44,(124,102)),(98,((63,163),(187,88)))),((9,(65,(51,55))),(((182,184),(37,(107,118))),(111,(151,((137,148),(191,(53,114))))))))),(((174,((127,75),(105,(94,190)))),((27,(119,(56,(59,128)))),((152,(166,(29,(144,109)))),((143,83),((52,101),(70,194)))))),((((26,((157,133),(108,((31,57),((161,97),(110,140)))))),((72,69),(((84,58),(77,47)),((1,79),((62,(192,160)),(193,(130,155))))))),((((61,(93,158)),(139,(41,200))),((64,180),((23,(125,117)),((189,198),(115,(46,199)))))),((((171,104),(195,147)),((82,33),(92,14))),(((150,146),(66,185)),(36,(30,(138,(176,(6,49))))))))),((0,((85,(179,162)),(90,(2,(167,43))))),((7,(((100,(13,20)),(17,(8,4))),((178,(126,(67,45))),(183,(78,(132,18)))))),((48,((121,(15,172)),(((50,106),(169,197)),((68,129),(10,(154,81)))))),(((159,((99,16),(96,(89,141)))),((12,(80,177)),(122,(145,((123,134),(175,168)))))),((135,113),(103,(24,(((87,(164,28)),((5,22),(116,112))),((120,25),((149,181),((3,60),(165,95))))))))))))))))))));
Quartet score is: 34542925009
Normalized quartet score is: 0.5234094521541036
ASTRAL finished in 286.526 secs
