
================== ASTRAL ===================== 

This is ASTRAL version 4.10.8
Gene trees are treated as unrooted
1000 trees read from model.50.2000000.0.000001/43/estimatedgenetre.halfresolved
All outputted trees will be *arbitrarily* rooted at 24

======== Running the main analysis
Number of taxa: 51 (51 species)
Taxa: [24, 25, 45, 32, 35, 12, 50, 14, 29, 23, 43, 5, 1, 34, 4, 46, 26, 27, 16, 33, 38, 13, 22, 10, 28, 8, 40, 18, 9, 42, 15, 0, 41, 47, 44, 39, 36, 2, 19, 17, 30, 21, 20, 3, 48, 37, 49, 31, 6, 11, 7]
Taxon occupancy: {35=1000, 36=1000, 33=1000, 34=1000, 39=1000, 37=1000, 38=1000, 43=1000, 42=1000, 41=1000, 40=1000, 22=1000, 23=1000, 24=1000, 25=1000, 26=1000, 27=1000, 28=1000, 29=1000, 3=1000, 2=1000, 1=1000, 0=1000, 7=1000, 30=1000, 6=1000, 32=1000, 5=1000, 4=1000, 31=1000, 9=1000, 8=1000, 19=1000, 17=1000, 18=1000, 15=1000, 16=1000, 13=1000, 14=1000, 11=1000, 12=1000, 21=1000, 20=1000, 49=1000, 48=1000, 45=1000, 44=1000, 47=1000, 46=1000, 10=1000, 50=1000}
Number of gene trees: 1000
0 trees have missing taxa
Calculating quartet distance matrix (for completion of X)
Species tree distances calculated ...
Building set of clusters (X) from gene trees 
Using tree-based weight calculation.
Number of Default Clusters: 3039
Number of quartet trees in the gene trees: 249900000
calculating extra bipartitions to be added at level 1 ...
Number of Clusters after addition by distance: 3039
Adding to X using resolutions of greedy consensus ...
Threshold 0.0:
Threshold 0.01:
Threshold 0.02:
Threshold 0.05:
Threshold 0.1:
polytomy of size 3; rounds with additions with at least 0.01 support: 0; clusters: 3039
Threshold 0.2:
polytomy of size 5; rounds with additions with at least 0.01 support: 0; clusters: 3039
Threshold 0.3333333333333333:
polytomy of size 5; rounds with additions with at least 0.01 support: 0; clusters: 3039
polytomy of size 3; rounds with additions with at least 0.01 support: 0; clusters: 3039
polytomy of size 5; rounds with additions with at least 0.01 support: 0; clusters: 3039
polytomy of size 3; rounds with additions with at least 0.01 support: 0; clusters: 3039
polytomy of size 3; rounds with additions with at least 0.01 support: 0; clusters: 3039
Number of Clusters after addition by greedy: 3039
partitions formed in 2.875 secs
Dynamic Programming starting after 2.876 secs
Size of largest cluster: 51
Size of largest cluster: 51
Total Number of elements weighted: 12878
Normalized score (portion of input quartet trees satisfied): NaN
Final optimization score: 0
Total Number of elements weighted: 12878
Normalized score (portion of input quartet trees satisfied): 0.9101663225290116
Final optimization score: 227450564
Optimal tree inferred in 3.792 secs.
(24,((25,45),(((32,12),(50,((14,(5,1)),(23,(29,43))))),(35,((30,((21,20),((11,7),((6,(3,48)),(37,(49,31)))))),(0,(((41,(47,44)),(39,(36,2))),((19,17),((4,(34,(46,26))),(((42,15),(40,(18,9))),(27,((33,38),((28,8),(10,(16,(13,22))))))))))))))));
Quartet score is: 227450564
Normalized quartet score is: 0.9101663225290116
ASTRAL finished in 5.199 secs
