
================== ASTRAL ===================== 

This is ASTRAL version 4.10.7
Gene trees are treated as unrooted
1000 trees read from ASTRALDATA/model.200.10000000.0.0000001/02/estimatedgenetre.halfresolved
All output trees will be *arbitrarily* rooted at 86

======== Running the main analysis
Number of taxa: 201 (201 species)
Taxa: [86, 166, 197, 149, 36, 145, 13, 164, 92, 129, 188, 152, 72, 137, 70, 98, 37, 24, 32, 120, 158, 199, 108, 117, 91, 44, 147, 52, 121, 112, 169, 104, 6, 170, 187, 45, 47, 151, 69, 81, 50, 172, 133, 161, 143, 144, 140, 195, 56, 33, 97, 77, 14, 179, 9, 146, 20, 190, 189, 136, 16, 58, 82, 154, 65, 29, 165, 80, 111, 42, 27, 30, 22, 184, 125, 21, 40, 177, 163, 73, 84, 75, 85, 156, 102, 127, 7, 76, 48, 43, 19, 167, 93, 181, 139, 176, 182, 116, 196, 11, 34, 175, 38, 78, 3, 126, 101, 168, 25, 61, 194, 132, 94, 99, 87, 160, 35, 10, 191, 15, 0, 174, 68, 100, 64, 39, 103, 138, 2, 153, 71, 109, 62, 49, 90, 193, 67, 134, 185, 113, 83, 96, 192, 180, 135, 200, 8, 171, 4, 173, 17, 150, 124, 54, 119, 89, 106, 18, 162, 59, 114, 148, 31, 28, 95, 26, 66, 110, 141, 107, 74, 131, 41, 155, 183, 46, 23, 142, 123, 63, 159, 1, 53, 60, 105, 88, 115, 122, 198, 12, 79, 130, 5, 55, 118, 157, 186, 178, 128, 51, 57]
Number of gene trees: 1000
0 trees have missing taxa
Calculating quartet distance matrix (for completion of X)
Species tree distances calculated ...
Building set of clusters (X) from gene trees 
Using tree-based weight calculation.
Number of Default Clusters: 30253
Number of quartet trees in the gene trees: 65998350000
calculating extra bipartitions to be added at level 1 ...
Number of Clusters after addition by distance: 30253
Adding to X using resolutions of greedy consensus ...
Threshold 0.0:
Threshold 0.01:
Threshold 0.02:
Threshold 0.05:
Threshold 0.1:
polytomy of size 5; rounds with additions with at least 0.01 support: 0; clusters: 30253
Threshold 0.2:
polytomy of size 9; rounds with additions with at least 0.01 support: 0; clusters: 30253
Threshold 0.3333333333333333:
polytomy of size 4; rounds with additions with at least 0.01 support: 0; clusters: 30253
polytomy of size 4; rounds with additions with at least 0.01 support: 0; clusters: 30253
polytomy of size 3; rounds with additions with at least 0.01 support: 0; clusters: 30253
polytomy of size 3; rounds with additions with at least 0.01 support: 0; clusters: 30253
polytomy of size 3; rounds with additions with at least 0.01 support: 0; clusters: 30253
polytomy of size 3; rounds with additions with at least 0.01 support: 0; clusters: 30253
polytomy of size 4; rounds with additions with at least 0.01 support: 0; clusters: 30253
polytomy of size 12; rounds with additions with at least 0.01 support: 0; clusters: 30299
Number of Clusters after addition by greedy: 30299
partitions formed in 15.351 secs
Dynamic Programming starting after 15.351 secs
Size of largest cluster: 201
Total Number of elements weighted: 96927
Normalized score (portion of input quartet trees satisfied): 0.8611505387634691
Final optimization score: 56834514660
Optimal tree inferred in 746.678 secs.
(139,(176,(181,((19,(167,93)),((43,(48,(7,76))),(((75,85),(156,(102,127))),(((12,(73,84)),((177,163),((111,(30,(42,27))),((21,40),(22,(184,125)))))),((182,116),(((196,11),(34,175)),((38,((78,3),(((168,25),(126,101)),(61,(194,(87,(99,(132,94)))))))),((((174,68),(64,(100,39))),(((160,35),(15,(10,191))),((113,((193,(67,134)),(185,(49,90)))),((109,62),(103,((138,2),(153,71))))))),((188,((120,(158,199)),(173,((152,72),((137,70),(179,(32,(24,(98,37))))))))),(0,(198,((((88,115),(122,(((107,74),((155,183),(131,41))),((53,(60,105)),(1,((46,23),(159,(142,(123,63))))))))),((86,(((92,129),(13,164)),((166,197),(149,(36,145))))),(51,((130,5),((55,(118,157)),((186,57),(79,(178,128)))))))),((((83,96),((192,(180,(135,(200,8)))),((124,54),(4,(171,(17,150)))))),((119,(89,(162,(106,18)))),((59,114),((26,(66,110)),((95,141),(148,(31,28))))))),(((47,(151,69)),((108,(170,(169,(112,(104,6))))),((121,(187,45)),(52,(117,(44,(91,147))))))),(((81,50),(172,((33,97),((56,(140,195)),(133,(161,(143,144))))))),(((77,14),(9,146)),((190,(20,(189,(136,16)))),((80,(58,82)),((154,65),(29,165)))))))))))))))))))))));
Quartet score is: 56834514660
Normalized quartet score is: 0.8611505387634691
ASTRAL finished in 755.022 secs
