
================== ASTRAL ===================== 

This is ASTRAL version 4.10.10
Gene trees are treated as unrooted
1000 trees read from ASTRALDATA/model.50.2000000.0.000001/16/estimatedgenetre.halfresolved
All output trees will be *arbitrarily* rooted at 16

======== Running the main analysis
Number of taxa: 51 (51 species)
Taxa: [16, 40, 46, 28, 26, 38, 20, 32, 19, 29, 5, 0, 41, 6, 25, 50, 44, 8, 7, 30, 35, 23, 4, 15, 21, 37, 49, 18, 13, 14, 22, 3, 45, 24, 1, 31, 48, 9, 42, 33, 10, 27, 17, 43, 39, 12, 2, 36, 34, 47, 11]
Taxon occupancy: {35=1000, 36=1000, 33=1000, 34=1000, 39=1000, 37=1000, 38=1000, 43=1000, 42=1000, 41=1000, 40=1000, 22=1000, 23=1000, 24=1000, 25=1000, 26=1000, 27=1000, 28=1000, 29=1000, 3=1000, 2=1000, 1=1000, 0=1000, 30=1000, 7=1000, 6=1000, 32=1000, 5=1000, 4=1000, 31=1000, 9=1000, 8=1000, 19=1000, 17=1000, 18=1000, 15=1000, 16=1000, 13=1000, 14=1000, 11=1000, 12=1000, 21=1000, 20=1000, 49=1000, 48=1000, 45=1000, 44=1000, 47=1000, 46=1000, 10=1000, 50=1000}
Number of gene trees: 1000
0 trees have missing taxa
Calculating quartet distance matrix (for completion of X)
Species tree distances calculated ...
Building set of clusters (X) from gene trees 
Using tree-based weight calculation.
Number of Default Clusters: 6175
Number of quartet trees in the gene trees: 249899808
calculating extra bipartitions to be added at level 1 ...
Number of Clusters after addition by distance: 6175
Adding to X using resolutions of greedy consensus ...
Threshold 0.0:
Threshold 0.01:
Threshold 0.02:
Threshold 0.05:
Threshold 0.1:
Threshold 0.2:
polytomy of size 3; rounds with additions with at least 0.01 support: 0; clusters: 6175
polytomy of size 4; rounds with additions with at least 0.01 support: 0; clusters: 6175
Threshold 0.3333333333333333:
polytomy of size 7; rounds with additions with at least 0.01 support: 0; clusters: 6177
polytomy of size 3; rounds with additions with at least 0.01 support: 0; clusters: 6177
polytomy of size 5; rounds with additions with at least 0.01 support: 0; clusters: 6177
Number of Clusters after addition by greedy: 6177
partitions formed in 2.708 secs
Dynamic Programming starting after 2.708 secs
Size of largest cluster: 51
Total Number of elements weighted: 32944
Normalized score (portion of input quartet trees satisfied): 0.839368796153697
Final optimization score: 209758101
Optimal tree inferred in 52.995 secs.
(19,(29,(32,((20,5),(38,(((30,35),((33,10),(26,(((43,39),(27,17)),(28,((46,(16,40)),((12,(47,11)),(36,(2,34))))))))),(((9,42),((24,1),(45,(31,48)))),(((8,(44,7)),(50,(6,25))),(0,(23,((22,(14,3)),(41,((4,15),((18,13),(21,(37,49))))))))))))))));
Quartet score is: 209758101
Normalized quartet score is: 0.839368796153697
ASTRAL finished in 54.01 secs
