
================== ASTRAL ===================== 

This is ASTRAL version 4.10.8
Gene trees are treated as unrooted
1000 trees read from model.200.500000.0.000001/27/estimatedgenetre.halfresolved
All outputted trees will be *arbitrarily* rooted at 8

======== Running the main analysis
Number of taxa: 201 (201 species)
Taxa: [8, 134, 102, 145, 123, 93, 126, 81, 66, 6, 170, 197, 118, 89, 47, 163, 44, 96, 104, 153, 14, 16, 42, 95, 124, 110, 64, 3, 94, 194, 62, 114, 116, 160, 24, 18, 27, 125, 188, 135, 75, 159, 178, 169, 192, 142, 185, 120, 181, 168, 31, 13, 155, 43, 68, 154, 79, 83, 108, 17, 51, 195, 69, 101, 85, 147, 53, 187, 193, 82, 84, 115, 111, 65, 49, 41, 21, 164, 198, 136, 174, 59, 80, 87, 78, 107, 196, 57, 61, 186, 2, 151, 11, 131, 46, 23, 152, 39, 7, 97, 71, 98, 12, 138, 129, 177, 139, 73, 105, 161, 33, 50, 179, 100, 112, 48, 146, 106, 167, 150, 26, 70, 1, 20, 166, 35, 199, 40, 90, 37, 4, 140, 60, 28, 171, 45, 10, 103, 29, 63, 109, 22, 56, 92, 38, 190, 76, 121, 148, 143, 36, 86, 156, 162, 122, 165, 99, 176, 74, 91, 173, 127, 175, 54, 157, 113, 52, 133, 132, 67, 191, 180, 158, 72, 55, 9, 88, 58, 144, 32, 19, 172, 5, 117, 137, 141, 25, 200, 30, 130, 189, 15, 119, 149, 128, 183, 77, 34, 184, 182, 0]
Taxon occupancy: {35=1000, 36=1000, 159=1000, 33=1000, 34=1000, 158=1000, 39=1000, 157=1000, 156=1000, 155=1000, 37=1000, 154=1000, 38=1000, 152=1000, 153=1000, 150=1000, 151=1000, 43=1000, 42=1000, 41=1000, 40=1000, 200=1000, 22=1000, 23=1000, 169=1000, 24=1000, 25=1000, 26=1000, 166=1000, 27=1000, 165=1000, 168=1000, 28=1000, 167=1000, 29=1000, 3=1000, 161=1000, 2=1000, 162=1000, 163=1000, 1=1000, 0=1000, 164=1000, 7=1000, 30=1000, 6=1000, 32=1000, 5=1000, 31=1000, 160=1000, 4=1000, 9=1000, 8=1000, 19=1000, 17=1000, 179=1000, 18=1000, 178=1000, 177=1000, 15=1000, 16=1000, 176=1000, 13=1000, 14=1000, 11=1000, 12=1000, 21=1000, 170=1000, 20=1000, 171=1000, 174=1000, 175=1000, 172=1000, 173=1000, 188=1000, 187=1000, 189=1000, 180=1000, 181=1000, 10=1000, 182=1000, 183=1000, 184=1000, 185=1000, 186=1000, 116=1000, 79=1000, 117=1000, 78=1000, 114=1000, 77=1000, 115=1000, 112=1000, 113=1000, 110=1000, 111=1000, 118=1000, 119=1000, 82=1000, 83=1000, 80=1000, 81=1000, 86=1000, 87=1000, 84=1000, 85=1000, 125=1000, 67=1000, 126=1000, 66=1000, 69=1000, 127=1000, 128=1000, 68=1000, 121=1000, 122=1000, 123=1000, 124=1000, 129=1000, 70=1000, 120=1000, 71=1000, 72=1000, 73=1000, 74=1000, 75=1000, 76=1000, 134=1000, 135=1000, 132=1000, 59=1000, 133=1000, 138=1000, 58=1000, 57=1000, 139=1000, 136=1000, 56=1000, 55=1000, 137=1000, 64=1000, 65=1000, 62=1000, 63=1000, 131=1000, 60=1000, 61=1000, 130=1000, 49=1000, 143=1000, 48=1000, 144=1000, 145=1000, 146=1000, 147=1000, 45=1000, 44=1000, 148=1000, 149=1000, 47=1000, 46=1000, 51=1000, 52=1000, 53=1000, 54=1000, 140=1000, 142=1000, 50=1000, 141=1000, 109=1000, 108=1000, 107=1000, 106=1000, 105=1000, 104=1000, 103=1000, 102=1000, 99=1000, 101=1000, 100=1000, 98=1000, 97=1000, 96=1000, 95=1000, 94=1000, 93=1000, 92=1000, 91=1000, 90=1000, 88=1000, 89=1000, 195=1000, 194=1000, 197=1000, 196=1000, 191=1000, 190=1000, 193=1000, 192=1000, 198=1000, 199=1000}
Number of gene trees: 1000
0 trees have missing taxa
Calculating quartet distance matrix (for completion of X)
Species tree distances calculated ...
Building set of clusters (X) from gene trees 
Using tree-based weight calculation.
Number of Default Clusters: 222993
Number of quartet trees in the gene trees: 65716201923
calculating extra bipartitions to be added at level 1 ...
Number of Clusters after addition by distance: 223029
Adding to X using resolutions of greedy consensus ...
Threshold 0.0:
polytomy of size 18; rounds with additions with at least 0.01 support: 20; clusters: 227763
Threshold 0.01:
polytomy of size 35; rounds with additions with at least 0.01 support: 13; clusters: 247819
Threshold 0.02:
polytomy of size 45; rounds with additions with at least 0.01 support: 3; clusters: 280405
Threshold 0.05:
polytomy of size 3; rounds with additions with at least 0.01 support: 0; clusters: 280405
polytomy of size 69; rounds with additions with at least 0.01 support: 3; clusters: 280837
Threshold 0.1:
polytomy of size 4; rounds with additions with at least 0.01 support: 0; clusters: 280837
polytomy of size 3; rounds with additions with at least 0.01 support: 0; clusters: 280837
polytomy of size 3; rounds with additions with at least 0.01 support: 0; clusters: 280837
polytomy of size 4; rounds with additions with at least 0.01 support: 0; clusters: 280837
polytomy of size 87; rounds with additions with at least 0.01 support: 0; clusters: 281003
Threshold 0.2:
polytomy of size 3; rounds with additions with at least 0.01 support: 0; clusters: 281003
Threshold 0.3333333333333333:
polytomy of size 3; rounds with additions with at least 0.01 support: 0; clusters: 281003
polytomy of size 3; rounds with additions with at least 0.01 support: 0; clusters: 281003
Number of Clusters after addition by greedy: 281003
partitions formed in 151.153 secs
Dynamic Programming starting after 151.154 secs
Size of largest cluster: 201
Size of largest cluster: 201
Calculated 100000 weights; time (seconds): 192
Calculated 200000 weights; time (seconds): 54
Calculated 300000 weights; time (seconds): 100
Total Number of elements weighted: 452197
Normalized score (portion of input quartet trees satisfied): NaN
Final optimization score: 0
Calculated 400000 weights; time (seconds): 89
Total Number of elements weighted: 452197
Normalized score (portion of input quartet trees satisfied): 0.4175174635343175
Final optimization score: 27437661940
Optimal tree inferred in 477.437 secs.
(8,((80,(60,(87,78))),((59,107),(((195,131),((95,(83,(42,154))),((51,69),(108,(16,(79,17)))))),((92,(76,((43,68),((121,143),(148,36))))),(14,(((((30,130),((198,151),(136,174))),(186,(57,((61,35),(29,(166,199)))))),(((175,54),((52,(113,133)),(132,(191,(157,(127,67)))))),(((137,141),((40,90),(32,(172,(19,117))))),((23,129),(((46,98),(71,(7,97))),((138,5),(12,(44,(152,39))))))))),((((158,72),(144,((9,88),(55,58)))),(((56,25),(200,(45,(124,171)))),((38,190),((182,(34,184)),(77,(142,183)))))),((0,((10,103),(((180,189),(110,64)),(15,(63,(13,(192,119))))))),((22,86),((96,(((102,((156,162),(122,(165,99)))),((149,128),(176,(140,((91,173),(4,74)))))),(((115,(111,65)),(49,(193,82))),((177,139),(((48,146),(106,167)),((112,(50,(179,100))),((73,161),(84,(105,33))))))))),((((27,(125,188)),(101,((134,(53,187)),(26,(150,(70,1)))))),((196,((185,155),(168,31))),(((41,21),(85,147)),(164,((28,(153,2)),(104,(20,37))))))),(((109,(93,(126,(6,(81,66))))),(163,((145,178),((170,(197,118)),(123,(89,47)))))),(((135,120),(159,(75,181))),((169,(3,94)),((11,(62,(114,116))),(160,(194,(24,18)))))))))))))))))));
Quartet score is: 27437661940
Normalized quartet score is: 0.4175174635343175
ASTRAL finished in 506.906 secs
