
================== ASTRAL ===================== 

This is ASTRAL version 4.10.8
Gene trees are treated as unrooted
992 trees read from model.1000.2000000.0.000001/25/estimatedgenetre.halfresolved
All outputted trees will be *arbitrarily* rooted at 329

======== Running the main analysis
Number of taxa: 1001 (1001 species)
Taxa: [329, 825, 890, 134, 952, 326, 958, 743, 949, 538, 133, 524, 881, 944, 517, 73, 146, 448, 878, 960, 401, 107, 833, 124, 327, 119, 902, 422, 20, 59, 96, 642, 57, 9, 447, 973, 907, 391, 336, 887, 715, 246, 475, 527, 84, 963, 762, 793, 404, 405, 320, 558, 547, 992, 430, 355, 243, 870, 767, 673, 379, 705, 987, 513, 531, 34, 768, 577, 68, 894, 900, 48, 81, 400, 174, 754, 603, 495, 158, 398, 456, 28, 542, 496, 303, 262, 82, 285, 957, 472, 493, 615, 947, 278, 560, 687, 193, 65, 427, 221, 77, 991, 829, 10, 202, 551, 63, 325, 936, 674, 795, 69, 686, 899, 799, 755, 78, 369, 584, 328, 74, 89, 273, 704, 847, 296, 419, 1000, 572, 198, 537, 500, 62, 956, 137, 330, 590, 117, 982, 698, 660, 923, 295, 811, 352, 338, 347, 778, 306, 335, 123, 324, 474, 129, 412, 656, 205, 985, 444, 488, 595, 948, 212, 393, 770, 151, 26, 17, 940, 459, 820, 224, 765, 515, 931, 837, 801, 599, 757, 532, 349, 628, 528, 322, 267, 339, 109, 319, 163, 604, 314, 432, 506, 897, 353, 183, 455, 734, 977, 252, 760, 79, 372, 71, 635, 981, 602, 921, 0, 88, 344, 227, 997, 592, 785, 371, 566, 374, 30, 390, 916, 875, 666, 617, 132, 437, 763, 803, 122, 254, 600, 983, 473, 209, 714, 504, 722, 337, 693, 165, 879, 3, 935, 251, 316, 16, 627, 483, 739, 659, 288, 865, 717, 268, 445, 192, 136, 738, 978, 569, 510, 83, 720, 340, 236, 821, 731, 200, 334, 300, 93, 939, 898, 938, 989, 856, 508, 850, 406, 207, 33, 658, 777, 954, 710, 346, 822, 932, 160, 239, 818, 235, 264, 294, 546, 533, 186, 255, 467, 680, 842, 417, 700, 979, 677, 712, 999, 808, 696, 499, 100, 892, 375, 862, 889, 237, 966, 909, 279, 675, 863, 497, 157, 452, 758, 766, 866, 468, 287, 481, 996, 967, 220, 458, 583, 261, 640, 886, 846, 667, 885, 13, 880, 888, 121, 450, 25, 959, 281, 871, 222, 684, 986, 914, 216, 657, 425, 360, 854, 266, 970, 377, 421, 341, 189, 313, 173, 260, 753, 771, 484, 37, 646, 772, 242, 293, 363, 256, 6, 392, 641, 299, 912, 53, 819, 111, 5, 354, 874, 76, 625, 787, 797, 415, 139, 972, 225, 975, 859, 995, 895, 397, 376, 168, 689, 509, 72, 580, 629, 926, 291, 869, 292, 208, 670, 574, 7, 52, 618, 241, 813, 707, 774, 321, 98, 951, 155, 893, 164, 851, 779, 311, 663, 118, 928, 593, 365, 589, 849, 95, 187, 471, 835, 470, 823, 166, 210, 840, 416, 130, 439, 581, 465, 127, 382, 490, 691, 56, 312, 213, 742, 955, 233, 410, 464, 718, 201, 654, 66, 476, 614, 435, 179, 138, 552, 32, 469, 816, 230, 283, 387, 812, 761, 557, 913, 920, 231, 154, 413, 631, 647, 195, 735, 736, 746, 172, 149, 461, 286, 526, 729, 215, 539, 882, 217, 576, 998, 378, 585, 964, 345, 102, 150, 783, 620, 366, 915, 18, 903, 605, 804, 917, 462, 180, 333, 429, 565, 697, 748, 626, 384, 310, 969, 759, 103, 381, 790, 965, 1, 364, 58, 679, 733, 568, 362, 110, 60, 662, 373, 90, 690, 596, 607, 919, 106, 665, 228, 521, 436, 634, 876, 554, 834, 498, 756, 19, 41, 561, 114, 520, 943, 298, 810, 737, 428, 708, 357, 555, 836, 408, 855, 219, 156, 858, 579, 418, 650, 370, 764, 522, 309, 796, 699, 904, 651, 162, 867, 587, 248, 289, 144, 245, 597, 622, 798, 414, 359, 276, 545, 553, 87, 304, 388, 529, 229, 570, 769, 901, 643, 586, 564, 361, 968, 676, 204, 99, 380, 649, 396, 839, 147, 75, 64, 852, 247, 695, 575, 701, 828, 741, 385, 745, 633, 94, 356, 116, 877, 730, 101, 694, 108, 125, 199, 937, 443, 844, 782, 632, 284, 386, 441, 135, 491, 841, 588, 457, 395, 433, 454, 297, 791, 282, 54, 516, 789, 358, 485, 786, 257, 38, 612, 4, 270, 91, 578, 648, 368, 794, 423, 113, 271, 126, 530, 953, 39, 824, 884, 611, 908, 409, 86, 453, 263, 606, 36, 728, 792, 240, 962, 655, 317, 732, 178, 678, 843, 601, 259, 814, 883, 426, 933, 188, 24, 853, 706, 896, 184, 868, 234, 489, 442, 980, 175, 112, 367, 67, 51, 49, 223, 950, 318, 389, 43, 848, 148, 685, 582, 503, 511, 918, 47, 2, 440, 44, 609, 190, 211, 35, 434, 639, 92, 669, 993, 830, 911, 807, 31, 990, 905, 477, 540, 50, 934, 494, 692, 97, 153, 817, 171, 724, 258, 402, 478, 652, 661, 831, 925, 644, 571, 749, 265, 480, 942, 277, 238, 716, 976, 548, 776, 424, 505, 562, 534, 177, 8, 744, 502, 719, 945, 249, 315, 253, 806, 161, 29, 549, 624, 272, 860, 815, 22, 621, 61, 332, 105, 460, 805, 984, 185, 994, 703, 302, 594, 563, 709, 167, 203, 861, 348, 922, 519, 567, 653, 750, 104, 802, 864, 290, 342, 280, 873, 170, 826, 232, 541, 726, 115, 45, 466, 307, 688, 70, 610, 159, 713, 623, 143, 141, 214, 80, 518, 747, 501, 775, 961, 21, 196, 525, 773, 725, 800, 55, 479, 910, 191, 946, 645, 140, 924, 350, 857, 668, 727, 169, 512, 664, 12, 182, 752, 305, 197, 42, 176, 244, 85, 449, 514, 780, 721, 681, 682, 226, 301, 781, 351, 446, 838, 974, 591, 46, 128, 507, 941, 556, 274, 23, 486, 573, 411, 269, 636, 14, 142, 523, 536, 399, 535, 872, 723, 152, 451, 194, 630, 218, 930, 598, 482, 463, 438, 788, 988, 543, 331, 809, 15, 740, 407, 308, 711, 11, 343, 971, 619, 672, 845, 383, 906, 323, 206, 891, 638, 420, 131, 559, 431, 27, 487, 832, 250, 40, 671, 616, 927, 181, 784, 608, 827, 929, 120, 275, 492, 394, 544, 145, 683, 550, 613, 751, 637, 702, 403]
Taxon occupancy: {338=992, 339=992, 941=992, 942=992, 940=992, 332=992, 945=992, 946=992, 333=992, 330=992, 943=992, 331=992, 944=992, 949=992, 336=992, 337=992, 334=992, 947=992, 335=992, 948=992, 531=992, 748=992, 747=992, 530=992, 746=992, 745=992, 535=992, 534=992, 533=992, 749=992, 532=992, 740=992, 539=992, 538=992, 537=992, 536=992, 744=992, 743=992, 742=992, 741=992, 349=992, 930=992, 931=992, 341=992, 932=992, 342=992, 933=992, 343=992, 934=992, 935=992, 344=992, 936=992, 345=992, 346=992, 937=992, 938=992, 347=992, 348=992, 939=992, 540=992, 3=992, 735=992, 929=992, 734=992, 2=992, 542=992, 1=992, 737=992, 541=992, 0=992, 736=992, 544=992, 739=992, 7=992, 543=992, 6=992, 738=992, 546=992, 340=992, 5=992, 545=992, 4=992, 548=992, 547=992, 9=992, 549=992, 8=992, 731=992, 730=992, 733=992, 732=992, 920=992, 318=992, 319=992, 316=992, 317=992, 927=992, 314=992, 315=992, 928=992, 925=992, 312=992, 313=992, 926=992, 923=992, 310=992, 924=992, 311=992, 921=992, 922=992, 513=992, 512=992, 729=992, 728=992, 511=992, 727=992, 510=992, 726=992, 725=992, 724=992, 919=992, 723=992, 918=992, 722=992, 721=992, 519=992, 720=992, 518=992, 517=992, 516=992, 515=992, 514=992, 327=992, 328=992, 329=992, 323=992, 914=992, 324=992, 915=992, 916=992, 325=992, 326=992, 917=992, 910=992, 709=992, 320=992, 911=992, 912=992, 321=992, 322=992, 913=992, 717=992, 522=992, 716=992, 521=992, 719=992, 524=992, 523=992, 718=992, 713=992, 908=992, 712=992, 907=992, 715=992, 520=992, 909=992, 714=992, 529=992, 711=992, 710=992, 526=992, 525=992, 528=992, 527=992, 989=992, 988=992, 987=992, 571=992, 570=992, 982=992, 981=992, 980=992, 986=992, 985=992, 984=992, 983=992, 700=992, 703=992, 574=992, 704=992, 575=992, 572=992, 701=992, 702=992, 573=992, 707=992, 578=992, 708=992, 579=992, 705=992, 576=992, 577=992, 706=992, 977=992, 976=992, 979=992, 300=992, 978=992, 302=992, 580=992, 301=992, 304=992, 582=992, 303=992, 581=992, 306=992, 305=992, 971=992, 308=992, 307=992, 970=992, 973=992, 972=992, 309=992, 975=992, 974=992, 583=992, 584=992, 585=992, 586=992, 587=992, 588=992, 589=992, 969=992, 968=992, 967=992, 966=992, 965=992, 964=992, 963=992, 962=992, 961=992, 960=992, 558=992, 559=992, 556=992, 557=992, 554=992, 555=992, 552=992, 553=992, 550=992, 551=992, 959=992, 958=992, 560=992, 955=992, 954=992, 957=992, 956=992, 951=992, 950=992, 953=992, 952=992, 569=992, 565=992, 566=992, 567=992, 568=992, 561=992, 562=992, 563=992, 564=992, 799=992, 798=992, 797=992, 796=992, 795=992, 794=992, 793=992, 792=992, 996=992, 790=992, 997=992, 791=992, 994=992, 995=992, 992=992, 993=992, 990=992, 991=992, 998=992, 999=992, 781=992, 782=992, 783=992, 784=992, 785=992, 786=992, 787=992, 788=992, 789=992, 780=992, 505=992, 772=992, 773=992, 506=992, 770=992, 503=992, 771=992, 504=992, 776=992, 509=992, 777=992, 507=992, 774=992, 775=992, 508=992, 778=992, 779=992, 501=992, 502=992, 500=992, 763=992, 764=992, 765=992, 766=992, 760=992, 761=992, 762=992, 767=992, 768=992, 769=992, 754=992, 755=992, 752=992, 753=992, 750=992, 751=992, 758=992, 759=992, 756=992, 757=992, 595=992, 594=992, 391=992, 597=992, 390=992, 596=992, 393=992, 599=992, 598=992, 392=992, 395=992, 394=992, 396=992, 397=992, 398=992, 399=992, 590=992, 591=992, 592=992, 593=992, 383=992, 384=992, 381=992, 382=992, 380=992, 389=992, 388=992, 387=992, 386=992, 385=992, 370=992, 371=992, 372=992, 373=992, 379=992, 378=992, 375=992, 374=992, 377=992, 376=992, 361=992, 362=992, 360=992, 366=992, 365=992, 364=992, 363=992, 369=992, 368=992, 367=992, 350=992, 351=992, 353=992, 352=992, 355=992, 354=992, 357=992, 356=992, 359=992, 358=992, 806=992, 807=992, 804=992, 805=992, 802=992, 803=992, 800=992, 801=992, 159=992, 158=992, 157=992, 156=992, 155=992, 154=992, 152=992, 601=992, 153=992, 600=992, 150=992, 151=992, 609=992, 608=992, 607=992, 606=992, 605=992, 604=992, 603=992, 602=992, 202=992, 203=992, 204=992, 205=992, 200=992, 201=992, 169=992, 206=992, 166=992, 207=992, 165=992, 168=992, 208=992, 167=992, 209=992, 161=992, 409=992, 408=992, 162=992, 163=992, 164=992, 405=992, 404=992, 407=992, 160=992, 406=992, 401=992, 400=992, 403=992, 402=992, 824=992, 211=992, 825=992, 212=992, 822=992, 823=992, 210=992, 215=992, 828=992, 216=992, 829=992, 826=992, 213=992, 827=992, 214=992, 179=992, 219=992, 178=992, 177=992, 217=992, 218=992, 176=992, 820=992, 821=992, 170=992, 418=992, 171=992, 417=992, 416=992, 415=992, 623=992, 174=992, 622=992, 175=992, 621=992, 172=992, 173=992, 419=992, 620=992, 627=992, 410=992, 626=992, 625=992, 624=992, 819=992, 414=992, 413=992, 412=992, 629=992, 411=992, 628=992, 220=992, 811=992, 221=992, 812=992, 222=992, 813=992, 814=992, 223=992, 815=992, 224=992, 225=992, 816=992, 226=992, 817=992, 818=992, 227=992, 228=992, 188=992, 187=992, 229=992, 189=992, 810=992, 427=992, 180=992, 426=992, 181=992, 429=992, 182=992, 428=992, 610=992, 183=992, 184=992, 185=992, 612=992, 186=992, 611=992, 809=992, 614=992, 613=992, 808=992, 616=992, 421=992, 420=992, 615=992, 618=992, 423=992, 617=992, 422=992, 425=992, 619=992, 424=992, 116=992, 843=992, 842=992, 117=992, 114=992, 841=992, 115=992, 840=992, 112=992, 113=992, 110=992, 111=992, 849=992, 848=992, 847=992, 846=992, 845=992, 118=992, 119=992, 844=992, 435=992, 436=992, 433=992, 434=992, 431=992, 432=992, 430=992, 439=992, 437=992, 438=992, 125=992, 830=992, 126=992, 832=992, 127=992, 128=992, 831=992, 121=992, 122=992, 123=992, 124=992, 838=992, 837=992, 839=992, 129=992, 834=992, 833=992, 836=992, 835=992, 444=992, 445=992, 446=992, 447=992, 440=992, 441=992, 442=992, 443=992, 120=992, 448=992, 449=992, 861=992, 134=992, 860=992, 135=992, 132=992, 133=992, 865=992, 138=992, 864=992, 139=992, 863=992, 136=992, 862=992, 137=992, 869=992, 868=992, 867=992, 866=992, 450=992, 453=992, 454=992, 451=992, 452=992, 457=992, 458=992, 455=992, 456=992, 459=992, 131=992, 130=992, 143=992, 144=992, 145=992, 850=992, 146=992, 147=992, 852=992, 851=992, 148=992, 854=992, 149=992, 853=992, 856=992, 855=992, 858=992, 857=992, 859=992, 461=992, 460=992, 462=992, 463=992, 464=992, 465=992, 466=992, 467=992, 468=992, 469=992, 140=992, 142=992, 141=992, 687=992, 686=992, 689=992, 688=992, 683=992, 682=992, 685=992, 684=992, 888=992, 889=992, 884=992, 885=992, 886=992, 680=992, 681=992, 887=992, 880=992, 881=992, 882=992, 883=992, 678=992, 677=992, 676=992, 675=992, 674=992, 673=992, 672=992, 671=992, 679=992, 879=992, 877=992, 878=992, 875=992, 670=992, 876=992, 873=992, 874=992, 871=992, 872=992, 870=992, 696=992, 695=992, 694=992, 693=992, 890=992, 699=992, 698=992, 697=992, 899=992, 893=992, 894=992, 891=992, 892=992, 897=992, 691=992, 692=992, 898=992, 895=992, 690=992, 896=992, 646=992, 647=992, 648=992, 649=992, 642=992, 195=992, 194=992, 643=992, 197=992, 644=992, 645=992, 196=992, 191=992, 190=992, 640=992, 193=992, 641=992, 192=992, 198=992, 199=992, 639=992, 637=992, 638=992, 635=992, 636=992, 633=992, 634=992, 631=992, 632=992, 630=992, 668=992, 669=992, 660=992, 661=992, 662=992, 663=992, 664=992, 665=992, 666=992, 667=992, 659=992, 657=992, 658=992, 651=992, 652=992, 650=992, 655=992, 656=992, 653=992, 654=992, 35=992, 36=992, 33=992, 34=992, 39=992, 37=992, 38=992, 43=992, 42=992, 41=992, 40=992, 22=992, 23=992, 24=992, 25=992, 26=992, 27=992, 28=992, 29=992, 30=992, 32=992, 31=992, 19=992, 17=992, 18=992, 15=992, 16=992, 13=992, 14=992, 11=992, 12=992, 21=992, 20=992, 10=992, 79=992, 78=992, 77=992, 82=992, 83=992, 80=992, 81=992, 86=992, 87=992, 84=992, 85=992, 67=992, 66=992, 69=992, 68=992, 70=992, 71=992, 72=992, 73=992, 74=992, 75=992, 76=992, 59=992, 58=992, 57=992, 56=992, 55=992, 64=992, 65=992, 62=992, 63=992, 60=992, 61=992, 49=992, 48=992, 45=992, 44=992, 47=992, 46=992, 51=992, 52=992, 53=992, 54=992, 50=992, 487=992, 281=992, 486=992, 280=992, 485=992, 484=992, 285=992, 284=992, 283=992, 489=992, 488=992, 282=992, 288=992, 289=992, 286=992, 287=992, 482=992, 483=992, 480=992, 481=992, 474=992, 473=992, 476=992, 270=992, 475=992, 272=992, 478=992, 477=992, 271=992, 274=992, 479=992, 273=992, 275=992, 276=992, 277=992, 278=992, 279=992, 470=992, 471=992, 472=992, 1000=992, 109=992, 108=992, 107=992, 106=992, 105=992, 104=992, 103=992, 102=992, 99=992, 101=992, 100=992, 98=992, 97=992, 96=992, 95=992, 94=992, 93=992, 92=992, 91=992, 294=992, 90=992, 293=992, 499=992, 296=992, 295=992, 290=992, 496=992, 495=992, 292=992, 498=992, 497=992, 291=992, 491=992, 492=992, 493=992, 494=992, 297=992, 298=992, 299=992, 490=992, 88=992, 89=992, 240=992, 241=992, 245=992, 244=992, 243=992, 242=992, 249=992, 248=992, 247=992, 246=992, 230=992, 239=992, 232=992, 231=992, 234=992, 233=992, 236=992, 235=992, 238=992, 237=992, 262=992, 263=992, 260=992, 261=992, 269=992, 268=992, 267=992, 266=992, 265=992, 264=992, 250=992, 251=992, 252=992, 258=992, 904=992, 903=992, 257=992, 906=992, 905=992, 259=992, 254=992, 900=992, 253=992, 256=992, 902=992, 255=992, 901=992}
Number of gene trees: 992
0 trees have missing taxa
Calculating quartet distance matrix (for completion of X)
Species tree distances calculated ...
Building set of clusters (X) from gene trees 
Using tree-based weight calculation.
Number of Default Clusters: 274215
Number of quartet trees in the gene trees: 41246178188040
calculating extra bipartitions to be added at level 1 ...
Number of Clusters after addition by distance: 274227
Adding to X using resolutions of greedy consensus ...
Threshold 0.0:
polytomy of size 4; rounds with additions with at least 0.01 support: 1; clusters: 274247
polytomy of size 3; rounds with additions with at least 0.01 support: 1; clusters: 274253
polytomy of size 3; rounds with additions with at least 0.01 support: 0; clusters: 274259
polytomy of size 3; rounds with additions with at least 0.01 support: 0; clusters: 274263
Threshold 0.01:
polytomy of size 20; rounds with additions with at least 0.01 support: 4; clusters: 275451
Threshold 0.02:
polytomy of size 3; rounds with additions with at least 0.01 support: 0; clusters: 275451
polytomy of size 25; rounds with additions with at least 0.01 support: 1; clusters: 277093
Threshold 0.05:
polytomy of size 3; rounds with additions with at least 0.01 support: 0; clusters: 277093
polytomy of size 3; rounds with additions with at least 0.01 support: 0; clusters: 277093
polytomy of size 34; rounds with additions with at least 0.01 support: 1; clusters: 277153
Threshold 0.1:
polytomy of size 3; rounds with additions with at least 0.01 support: 0; clusters: 277153
polytomy of size 3; rounds with additions with at least 0.01 support: 0; clusters: 277153
polytomy of size 3; rounds with additions with at least 0.01 support: 0; clusters: 277153
polytomy of size 4; rounds with additions with at least 0.01 support: 0; clusters: 277153
polytomy of size 4; rounds with additions with at least 0.01 support: 0; clusters: 277153
polytomy of size 49; rounds with additions with at least 0.01 support: 0; clusters: 277211
Threshold 0.2:
polytomy of size 3; rounds with additions with at least 0.01 support: 0; clusters: 277211
polytomy of size 4; rounds with additions with at least 0.01 support: 0; clusters: 277211
polytomy of size 4; rounds with additions with at least 0.01 support: 0; clusters: 277211
polytomy of size 6; rounds with additions with at least 0.01 support: 0; clusters: 277211
polytomy of size 4; rounds with additions with at least 0.01 support: 0; clusters: 277211
polytomy of size 4; rounds with additions with at least 0.01 support: 0; clusters: 277211
polytomy of size 4; rounds with additions with at least 0.01 support: 0; clusters: 277211
polytomy of size 3; rounds with additions with at least 0.01 support: 0; clusters: 277211
polytomy of size 3; rounds with additions with at least 0.01 support: 0; clusters: 277211
polytomy of size 4; rounds with additions with at least 0.01 support: 0; clusters: 277211
polytomy of size 3; rounds with additions with at least 0.01 support: 0; clusters: 277211
polytomy of size 5; rounds with additions with at least 0.01 support: 0; clusters: 277211
polytomy of size 3; rounds with additions with at least 0.01 support: 0; clusters: 277211
polytomy of size 5; rounds with additions with at least 0.01 support: 0; clusters: 277211
polytomy of size 5; rounds with additions with at least 0.01 support: 0; clusters: 277211
polytomy of size 4; rounds with additions with at least 0.01 support: 0; clusters: 277211
polytomy of size 3; rounds with additions with at least 0.01 support: 0; clusters: 277211
polytomy of size 5; rounds with additions with at least 0.01 support: 0; clusters: 277211
polytomy of size 3; rounds with additions with at least 0.01 support: 0; clusters: 277211
polytomy of size 3; rounds with additions with at least 0.01 support: 0; clusters: 277211
polytomy of size 3; rounds with additions with at least 0.01 support: 0; clusters: 277211
polytomy of size 4; rounds with additions with at least 0.01 support: 0; clusters: 277211
polytomy of size 6; rounds with additions with at least 0.01 support: 0; clusters: 277211
polytomy of size 5; rounds with additions with at least 0.01 support: 0; clusters: 277211
polytomy of size 3; rounds with additions with at least 0.01 support: 0; clusters: 277211
polytomy of size 66; rounds with additions with at least 0.01 support: 0; clusters: 277269
polytomy of size 3; rounds with additions with at least 0.01 support: 0; clusters: 277269
Threshold 0.3333333333333333:
polytomy of size 3; rounds with additions with at least 0.01 support: 0; clusters: 277269
polytomy of size 3; rounds with additions with at least 0.01 support: 0; clusters: 277269
polytomy of size 3; rounds with additions with at least 0.01 support: 0; clusters: 277269
polytomy of size 3; rounds with additions with at least 0.01 support: 0; clusters: 277269
polytomy of size 6; rounds with additions with at least 0.01 support: 0; clusters: 277269
polytomy of size 3; rounds with additions with at least 0.01 support: 0; clusters: 277269
polytomy of size 3; rounds with additions with at least 0.01 support: 0; clusters: 277269
polytomy of size 3; rounds with additions with at least 0.01 support: 0; clusters: 277269
polytomy of size 3; rounds with additions with at least 0.01 support: 0; clusters: 277269
polytomy of size 5; rounds with additions with at least 0.01 support: 0; clusters: 277269
polytomy of size 3; rounds with additions with at least 0.01 support: 0; clusters: 277269
polytomy of size 3; rounds with additions with at least 0.01 support: 0; clusters: 277269
polytomy of size 3; rounds with additions with at least 0.01 support: 0; clusters: 277269
polytomy of size 3; rounds with additions with at least 0.01 support: 0; clusters: 277269
polytomy of size 3; rounds with additions with at least 0.01 support: 0; clusters: 277269
polytomy of size 3; rounds with additions with at least 0.01 support: 0; clusters: 277269
polytomy of size 6; rounds with additions with at least 0.01 support: 0; clusters: 277269
polytomy of size 3; rounds with additions with at least 0.01 support: 0; clusters: 277269
polytomy of size 7; rounds with additions with at least 0.01 support: 0; clusters: 277273
polytomy of size 3; rounds with additions with at least 0.01 support: 0; clusters: 277273
polytomy of size 3; rounds with additions with at least 0.01 support: 0; clusters: 277273
polytomy of size 4; rounds with additions with at least 0.01 support: 0; clusters: 277273
polytomy of size 4; rounds with additions with at least 0.01 support: 0; clusters: 277273
polytomy of size 3; rounds with additions with at least 0.01 support: 0; clusters: 277273
polytomy of size 3; rounds with additions with at least 0.01 support: 0; clusters: 277273
polytomy of size 3; rounds with additions with at least 0.01 support: 0; clusters: 277273
polytomy of size 4; rounds with additions with at least 0.01 support: 0; clusters: 277273
polytomy of size 8; rounds with additions with at least 0.01 support: 0; clusters: 277289
polytomy of size 3; rounds with additions with at least 0.01 support: 0; clusters: 277289
polytomy of size 4; rounds with additions with at least 0.01 support: 0; clusters: 277289
polytomy of size 3; rounds with additions with at least 0.01 support: 0; clusters: 277289
polytomy of size 3; rounds with additions with at least 0.01 support: 0; clusters: 277289
polytomy of size 4; rounds with additions with at least 0.01 support: 0; clusters: 277289
polytomy of size 4; rounds with additions with at least 0.01 support: 0; clusters: 277289
polytomy of size 4; rounds with additions with at least 0.01 support: 0; clusters: 277289
polytomy of size 6; rounds with additions with at least 0.01 support: 0; clusters: 277289
polytomy of size 3; rounds with additions with at least 0.01 support: 0; clusters: 277289
polytomy of size 4; rounds with additions with at least 0.01 support: 0; clusters: 277289
polytomy of size 3; rounds with additions with at least 0.01 support: 0; clusters: 277289
polytomy of size 4; rounds with additions with at least 0.01 support: 0; clusters: 277289
polytomy of size 4; rounds with additions with at least 0.01 support: 0; clusters: 277289
polytomy of size 4; rounds with additions with at least 0.01 support: 0; clusters: 277289
polytomy of size 5; rounds with additions with at least 0.01 support: 0; clusters: 277289
polytomy of size 6; rounds with additions with at least 0.01 support: 0; clusters: 277289
polytomy of size 3; rounds with additions with at least 0.01 support: 0; clusters: 277289
polytomy of size 3; rounds with additions with at least 0.01 support: 0; clusters: 277289
polytomy of size 3; rounds with additions with at least 0.01 support: 0; clusters: 277289
polytomy of size 3; rounds with additions with at least 0.01 support: 0; clusters: 277289
polytomy of size 5; rounds with additions with at least 0.01 support: 0; clusters: 277289
polytomy of size 8; rounds with additions with at least 0.01 support: 0; clusters: 277289
polytomy of size 3; rounds with additions with at least 0.01 support: 0; clusters: 277289
polytomy of size 3; rounds with additions with at least 0.01 support: 0; clusters: 277289
polytomy of size 3; rounds with additions with at least 0.01 support: 0; clusters: 277289
polytomy of size 3; rounds with additions with at least 0.01 support: 0; clusters: 277289
polytomy of size 3; rounds with additions with at least 0.01 support: 0; clusters: 277289
polytomy of size 5; rounds with additions with at least 0.01 support: 0; clusters: 277289
polytomy of size 4; rounds with additions with at least 0.01 support: 0; clusters: 277289
polytomy of size 4; rounds with additions with at least 0.01 support: 0; clusters: 277289
polytomy of size 3; rounds with additions with at least 0.01 support: 0; clusters: 277289
polytomy of size 4; rounds with additions with at least 0.01 support: 0; clusters: 277289
polytomy of size 5; rounds with additions with at least 0.01 support: 0; clusters: 277289
polytomy of size 4; rounds with additions with at least 0.01 support: 0; clusters: 277289
polytomy of size 3; rounds with additions with at least 0.01 support: 0; clusters: 277289
polytomy of size 4; rounds with additions with at least 0.01 support: 0; clusters: 277289
polytomy of size 3; rounds with additions with at least 0.01 support: 0; clusters: 277289
polytomy of size 5; rounds with additions with at least 0.01 support: 0; clusters: 277289
polytomy of size 3; rounds with additions with at least 0.01 support: 0; clusters: 277289
polytomy of size 3; rounds with additions with at least 0.01 support: 0; clusters: 277289
polytomy of size 3; rounds with additions with at least 0.01 support: 0; clusters: 277289
polytomy of size 96; rounds with additions with at least 0.01 support: 0; clusters: 364921
polytomy of size 8; rounds with additions with at least 0.01 support: 0; clusters: 364935
Number of Clusters after addition by greedy: 364935
partitions formed in 755.14 secs
Dynamic Programming starting after 755.141 secs
Size of largest cluster: 1001
Size of largest cluster: 1001
Calculated 100000 weights; time (seconds): 896
Calculated 200000 weights; time (seconds): 141
Calculated 300000 weights; time (seconds): 150
Calculated 400000 weights; time (seconds): 153
Calculated 500000 weights; time (seconds): 181
Calculated 600000 weights; time (seconds): 221
Total Number of elements weighted: 938195
Normalized score (portion of input quartet trees satisfied): NaN
Final optimization score: 0
Calculated 700000 weights; time (seconds): 219
Calculated 800000 weights; time (seconds): 364
Calculated 900000 weights; time (seconds): 344
Total Number of elements weighted: 938195
Normalized score (portion of input quartet trees satisfied): 0.5298713586894764
Final optimization score: 21855168477245
Optimal tree inferred in 2812.337 secs.
(329,(890,(825,(952,(134,(((326,(958,743)),(949,(538,(133,524)))),((((448,878),(146,(881,(73,(944,517))))),(902,((124,(107,833)),((960,401),(327,119))))),(((((422,20),(59,((9,447),(96,(642,57))))),(475,(527,((715,246),(84,((336,887),(391,(973,907)))))))),((518,747),(((232,713),(143,(623,(141,(214,80))))),(((873,(170,159)),(688,(70,610))),((826,(541,726)),((115,45),(466,307))))))),((463,438),(((((514,(449,780)),(85,(176,244))),(((169,512),((725,800),(664,(12,182)))),((857,((668,727),((501,775),(961,(21,(525,(196,773))))))),((752,(42,(305,197))),((191,(946,(645,140))),((924,350),(910,(55,479)))))))),((723,((598,482),((152,451),((218,930),(194,630))))),((941,((556,274),(23,(486,((14,(269,636)),((523,(536,399)),((573,411),(872,(142,535))))))))),((788,(988,543)),((591,(507,(46,128))),(721,((974,(446,(351,838))),(226,(682,(681,(301,781))))))))))),((((839,((852,247),(147,(75,64)))),(88,((344,(227,997)),(592,(371,(785,566)))))),(((504,722),(257,(38,612))),(((511,(918,47)),(979,((43,848),(148,(685,(582,503)))))),(((712,999),(677,(375,(808,(696,(499,(100,892))))))),(((862,889),(237,(966,909))),((157,758),((497,452),(279,(675,863))))))))),(0,((((880,888),(121,(450,25))),(((866,(13,(885,((261,667),(640,(886,846)))))),(766,((583,(220,(967,458))),(468,(481,(287,996)))))),(((959,(281,((986,914),(871,((657,425),(216,(222,684))))))),(((753,((771,484),(37,(646,772)))),(895,(242,((397,(376,168)),((689,509),((629,926),(((72,580),(291,(869,292))),(208,((670,574),(7,(52,618))))))))))),((((578,648),(368,(794,(126,(271,(423,113)))))),(((341,189),(313,(173,260))),(266,((360,854),(377,(970,421)))))),(((293,363),(((299,912),(111,5)),((392,641),((53,819),(256,6))))),((972,(225,(975,859))),(995,((415,(797,139)),((354,874),(76,(625,787)))))))))),(((337,(693,165)),((294,467),((235,264),(417,((546,533),((680,842),(700,(186,255)))))))),(4,(((270,91),(((160,239),(((627,483),(739,659)),((112,(367,67)),((234,489),(868,(442,(980,175))))))),((3,(935,251)),((818,((268,445),(288,((192,(717,(865,136))),((978,(569,510)),(738,(83,(720,(340,236))))))))),(((821,731),((200,989),(938,(300,(334,(898,(93,939))))))),(856,((954,710),((508,850),((33,(822,(346,932))),((658,777),(406,207))))))))))),((240,((962,((732,(178,678)),(317,(655,843)))),(((611,908),((824,884),(39,(530,953)))),((263,606),((36,728),(409,(453,(86,792)))))))),((879,(601,(259,814))),(((316,16),(695,(575,(701,828)))),(((24,(188,(426,933))),(883,((853,184),(706,896)))),(385,(741,((588,(841,(386,(441,(135,491))))),((632,284),((877,(94,(356,116))),(((730,101),(694,(108,125))),(745,((937,782),(199,(443,(633,844))))))))))))))))))))),((((331,(809,(15,740))),((407,(308,711)),(404,((405,320),(558,(793,(963,762))))))),(((((666,617),(374,((916,875),(30,390)))),((132,(437,(803,(763,122)))),((209,714),((983,473),(254,600))))),((((393,770),(151,26)),((319,(163,(604,(314,432)))),((628,528),((267,339),(109,(349,322)))))),((17,((252,(760,79)),(897,(353,(506,((183,455),(734,977))))))),((940,((602,921),(635,(981,(372,71))))),((459,801),(820,((599,(757,532)),(515,(224,(765,(931,837))))))))))),((((249,(315,(253,806))),((719,945),(161,((860,(815,22)),((621,(61,332)),((29,549),(624,272))))))),((105,(805,(460,984))),((167,(594,(563,709))),(((922,519),(203,(861,348))),(((342,280),(864,290)),((104,802),(750,(567,653)))))))),((((2,(190,(44,(440,609)))),((669,993),(92,(211,(35,(434,639)))))),((990,(830,(31,(911,807)))),((692,97),(494,(50,((540,934),(905,477))))))),(((302,(703,(185,994))),((925,644),((661,831),(571,(749,(265,480)))))),(((444,488),(595,(948,212))),(((548,776),(716,976)),((942,(424,562)),((8,(744,502)),((534,177),(505,(277,238)))))))))))),((((164,(155,893)),((241,((928,593),(365,(589,849)))),((471,(95,187)),(851,((835,(470,(823,166))),(779,(118,(311,663)))))))),(((11,971),(638,(((559,431),(420,131)),(343,(891,((619,(672,845)),(383,(206,(906,323))))))))),(((27,(487,832)),((40,671),((616,927),(250,(181,(784,608)))))),((683,(613,(751,((702,403),(550,637))))),((145,(394,544)),((827,((275,492),(929,120))),((153,817),(171,((724,258),(478,(402,652))))))))))),((((229,(529,(570,769))),(901,((396,((676,204),(99,380))),(968,(649,(564,(586,(643,361)))))))),(((1000,((572,198),((62,956),(537,500)))),((304,(87,388)),((904,(651,162)),((867,((289,144),(587,248))),(597,(245,(622,((798,414),(359,(276,(545,553))))))))))),((457,((297,791),(454,(395,433)))),(((673,379),(870,767)),((51,(49,((223,950),(318,389)))),((((516,(282,54)),(789,(358,485))),((496,(303,262)),(542,(82,(547,(285,957)))))),(((513,531),((987,577),((705,68),(34,768)))),((992,(430,(355,243))),(((400,174),((48,81),(894,900))),((754,603),(158,(495,(456,(398,28)))))))))))))),(((((427,221),(829,(77,991))),(278,(560,((615,(472,493)),(947,(687,(193,65))))))),((296,419),(((74,(78,89)),((584,328),(273,(704,(369,847))))),((10,(202,551)),((799,755),(899,((69,(795,686)),(674,(63,(325,936)))))))))),((((219,(855,156)),((309,(796,699)),((650,370),(764,522)))),(((858,(579,418)),(((698,660),((923,(811,352)),(306,((295,347),(338,778))))),(330,((590,(117,982)),(335,((412,(205,(656,985))),(123,(324,(474,129))))))))),((813,(707,(321,(774,(98,951))))),(((920,(557,913)),((230,(387,(283,(812,761)))),((816,(66,(476,614))),(469,((435,179),(32,(138,552))))))),((210,(840,416)),((137,((130,439),(581,(465,(127,(382,490)))))),(((691,56),(464,(201,(718,654)))),((312,(213,742)),(410,(955,233)))))))))),(((381,(759,103)),((362,(110,(60,662))),(((756,(498,(19,(41,561)))),(834,((634,554),(876,(521,436))))),((733,((679,568),(58,(790,(965,(1,364)))))),((919,(665,(106,228))),((596,607),(373,(90,690)))))))),(((783,(150,(620,(345,102)))),((748,(384,(626,(310,969)))),((964,917),(((605,804),(18,903)),((462,786),((366,915),((565,697),(180,(333,429))))))))),(((114,(520,943)),((836,408),((357,555),(298,(708,(737,(810,428))))))),((539,882),(((585,(576,(998,378))),(461,(729,(215,(286,526))))),((746,(736,(172,149))),((217,(231,154)),(413,(631,(647,(195,735)))))))))))))))))))))))))))));
Quartet score is: 21855168477245
Normalized quartet score is: 0.5298713586894764
ASTRAL finished in 3231.704 secs
