
================== ASTRAL ===================== 

This is ASTRAL version 4.10.8
Gene trees are treated as unrooted
1000 trees read from model.200.500000.0.000001/04/estimatedgenetre.halfresolved
All outputted trees will be *arbitrarily* rooted at 186

======== Running the main analysis
Number of taxa: 201 (201 species)
Taxa: [186, 118, 28, 63, 105, 95, 81, 114, 165, 100, 181, 18, 21, 93, 59, 40, 128, 140, 137, 13, 194, 111, 154, 86, 174, 2, 27, 90, 48, 158, 62, 129, 6, 74, 51, 14, 15, 68, 24, 71, 146, 149, 195, 122, 126, 33, 56, 78, 30, 73, 58, 55, 178, 159, 193, 170, 188, 7, 67, 80, 116, 87, 199, 83, 8, 134, 26, 22, 145, 25, 139, 163, 143, 34, 64, 124, 57, 10, 1, 110, 29, 77, 141, 177, 72, 184, 182, 144, 31, 187, 23, 66, 175, 171, 189, 160, 185, 82, 167, 69, 115, 4, 120, 147, 96, 94, 183, 20, 197, 113, 53, 49, 91, 109, 61, 52, 44, 196, 11, 70, 84, 103, 191, 17, 172, 112, 179, 121, 190, 152, 155, 32, 162, 92, 46, 101, 127, 108, 16, 173, 150, 75, 76, 131, 88, 176, 79, 130, 117, 37, 161, 156, 107, 89, 125, 153, 106, 135, 65, 99, 50, 98, 47, 5, 104, 151, 42, 54, 102, 119, 9, 138, 85, 3, 45, 142, 60, 39, 164, 41, 168, 136, 166, 43, 12, 192, 157, 0, 169, 198, 35, 180, 148, 36, 200, 97, 123, 132, 19, 133, 38]
Taxon occupancy: {35=1000, 36=1000, 159=1000, 33=1000, 34=1000, 158=1000, 39=1000, 157=1000, 156=1000, 155=1000, 37=1000, 38=1000, 154=1000, 152=1000, 153=1000, 150=1000, 151=1000, 43=1000, 42=1000, 41=1000, 40=1000, 200=1000, 22=1000, 23=1000, 169=1000, 24=1000, 25=1000, 26=1000, 166=1000, 165=1000, 27=1000, 28=1000, 168=1000, 29=1000, 167=1000, 161=1000, 3=1000, 2=1000, 162=1000, 1=1000, 163=1000, 164=1000, 0=1000, 7=1000, 30=1000, 6=1000, 32=1000, 5=1000, 160=1000, 31=1000, 4=1000, 9=1000, 8=1000, 19=1000, 17=1000, 179=1000, 178=1000, 18=1000, 177=1000, 15=1000, 16=1000, 176=1000, 13=1000, 14=1000, 11=1000, 12=1000, 170=1000, 21=1000, 171=1000, 20=1000, 174=1000, 175=1000, 172=1000, 173=1000, 188=1000, 187=1000, 189=1000, 180=1000, 10=1000, 181=1000, 182=1000, 183=1000, 184=1000, 185=1000, 186=1000, 116=1000, 79=1000, 117=1000, 114=1000, 78=1000, 77=1000, 115=1000, 112=1000, 113=1000, 110=1000, 111=1000, 118=1000, 119=1000, 82=1000, 83=1000, 80=1000, 81=1000, 86=1000, 87=1000, 84=1000, 85=1000, 67=1000, 125=1000, 66=1000, 126=1000, 69=1000, 127=1000, 128=1000, 68=1000, 121=1000, 122=1000, 123=1000, 124=1000, 129=1000, 70=1000, 71=1000, 120=1000, 72=1000, 73=1000, 74=1000, 75=1000, 76=1000, 134=1000, 135=1000, 132=1000, 133=1000, 59=1000, 58=1000, 138=1000, 57=1000, 139=1000, 56=1000, 136=1000, 55=1000, 137=1000, 64=1000, 65=1000, 62=1000, 63=1000, 131=1000, 60=1000, 61=1000, 130=1000, 143=1000, 49=1000, 144=1000, 48=1000, 145=1000, 146=1000, 147=1000, 45=1000, 148=1000, 44=1000, 149=1000, 47=1000, 46=1000, 51=1000, 52=1000, 53=1000, 54=1000, 140=1000, 142=1000, 141=1000, 50=1000, 109=1000, 108=1000, 107=1000, 106=1000, 105=1000, 104=1000, 103=1000, 99=1000, 102=1000, 101=1000, 100=1000, 98=1000, 97=1000, 96=1000, 95=1000, 94=1000, 93=1000, 92=1000, 91=1000, 90=1000, 88=1000, 89=1000, 195=1000, 194=1000, 197=1000, 196=1000, 191=1000, 190=1000, 193=1000, 192=1000, 198=1000, 199=1000}
Number of gene trees: 1000
0 trees have missing taxa
Calculating quartet distance matrix (for completion of X)
Species tree distances calculated ...
Building set of clusters (X) from gene trees 
Using tree-based weight calculation.
Number of Default Clusters: 179843
Number of quartet trees in the gene trees: 65995347264
calculating extra bipartitions to be added at level 1 ...
Number of Clusters after addition by distance: 179873
Adding to X using resolutions of greedy consensus ...
Threshold 0.0:
polytomy of size 3; rounds with additions with at least 0.01 support: 0; clusters: 179877
polytomy of size 12; rounds with additions with at least 0.01 support: 9; clusters: 180527
Threshold 0.01:
polytomy of size 3; rounds with additions with at least 0.01 support: 0; clusters: 180527
polytomy of size 30; rounds with additions with at least 0.01 support: 4; clusters: 188445
Threshold 0.02:
polytomy of size 5; rounds with additions with at least 0.01 support: 0; clusters: 188449
polytomy of size 42; rounds with additions with at least 0.01 support: 1; clusters: 205337
Threshold 0.05:
polytomy of size 59; rounds with additions with at least 0.01 support: 0; clusters: 205449
Threshold 0.1:
polytomy of size 70; rounds with additions with at least 0.01 support: 0; clusters: 205501
Threshold 0.2:
polytomy of size 3; rounds with additions with at least 0.01 support: 0; clusters: 205501
polytomy of size 3; rounds with additions with at least 0.01 support: 0; clusters: 205501
Threshold 0.3333333333333333:
polytomy of size 4; rounds with additions with at least 0.01 support: 0; clusters: 205501
polytomy of size 3; rounds with additions with at least 0.01 support: 0; clusters: 205501
polytomy of size 3; rounds with additions with at least 0.01 support: 0; clusters: 205501
polytomy of size 3; rounds with additions with at least 0.01 support: 0; clusters: 205501
Number of Clusters after addition by greedy: 205501
partitions formed in 102.985 secs
Dynamic Programming starting after 102.986 secs
Size of largest cluster: 201
Size of largest cluster: 201
Calculated 100000 weights; time (seconds): 127
Calculated 200000 weights; time (seconds): 22
Calculated 300000 weights; time (seconds): 28
Calculated 400000 weights; time (seconds): 65
Total Number of elements weighted: 456885
Normalized score (portion of input quartet trees satisfied): NaN
Final optimization score: 0
Total Number of elements weighted: 456885
Normalized score (portion of input quartet trees satisfied): 0.47845970235881385
Final optimization score: 31576114209
Optimal tree inferred in 281.346 secs.
(186,(((180,38),(133,(132,19))),(((93,59),((170,153),(143,(106,(79,130))))),(114,((((81,(95,(105,100))),((68,24),((71,146),(165,149)))),((148,(3,36)),((139,(200,97)),((188,7),(123,(21,35)))))),((163,(73,(58,55))),((((63,(118,28)),((168,136),(152,(190,(179,121))))),(((104,151),(6,(74,51))),((((54,102),(145,25)),((89,(107,125)),(156,(37,(117,161))))),((116,(119,(85,(9,138)))),((178,42),((67,80),((134,26),(83,((8,22),(87,199)))))))))),(((((84,(141,70)),((57,10),(196,11))),((44,(61,(197,52))),((103,(17,172)),(113,((184,191),(69,53)))))),((176,((29,77),(1,110))),(((108,16),(128,88)),(99,((75,(173,150)),((131,(127,76)),(47,(5,(50,98))))))))),(((0,(14,15)),(((112,(159,193)),((34,157),(166,(43,(12,192))))),(155,(((82,167),(49,(91,109))),((32,(162,(92,46))),((115,(64,(183,(94,20)))),(124,((4,120),(147,96))))))))),((40,174),((86,(195,(169,198))),((((137,13),((140,111),(194,154))),((122,56),(65,(((164,41),(135,60)),((126,33),(142,(45,39))))))),(((78,30),(144,(171,(182,(189,(160,185)))))),(((181,18),((31,187),(66,(23,175)))),((177,72),((2,(27,(90,48))),((62,129),(158,101))))))))))))))))));
Quartet score is: 31576114209
Normalized quartet score is: 0.47845970235881385
ASTRAL finished in 291.354 secs
