
================== ASTRAL ===================== 

This is ASTRAL version 4.10.10
Gene trees are treated as unrooted
1000 trees read from ASTRALDATA/model.200.500000.0.000001/29/estimatedgenetre.halfresolved
All output trees will be *arbitrarily* rooted at 133

======== Running the main analysis
Number of taxa: 201 (201 species)
Taxa: [133, 172, 54, 66, 181, 11, 86, 50, 119, 113, 173, 75, 149, 184, 137, 43, 74, 35, 105, 193, 48, 61, 71, 49, 55, 159, 6, 126, 122, 80, 18, 111, 76, 44, 24, 9, 94, 128, 97, 165, 15, 200, 22, 89, 142, 139, 108, 3, 41, 196, 190, 179, 82, 123, 20, 31, 32, 77, 16, 189, 125, 67, 147, 29, 28, 185, 155, 178, 57, 169, 194, 5, 120, 183, 98, 168, 102, 135, 153, 63, 161, 152, 124, 192, 23, 140, 92, 182, 199, 103, 144, 188, 186, 176, 143, 38, 118, 60, 195, 132, 62, 177, 99, 56, 157, 64, 164, 197, 78, 191, 167, 131, 154, 59, 27, 138, 146, 69, 158, 85, 42, 109, 100, 117, 104, 79, 87, 150, 121, 110, 91, 166, 112, 47, 134, 174, 148, 175, 81, 156, 72, 129, 46, 162, 115, 19, 88, 40, 141, 136, 25, 21, 95, 116, 26, 65, 58, 106, 12, 36, 2, 68, 13, 84, 145, 39, 170, 17, 70, 83, 101, 45, 171, 0, 73, 34, 51, 180, 163, 96, 187, 127, 30, 7, 107, 4, 90, 33, 151, 14, 130, 1, 10, 198, 93, 53, 52, 114, 8, 160, 37]
Taxon occupancy: {35=1000, 36=1000, 159=1000, 33=1000, 158=1000, 34=1000, 157=1000, 39=1000, 156=1000, 37=1000, 155=1000, 38=1000, 154=1000, 152=1000, 153=1000, 150=1000, 151=1000, 43=1000, 42=1000, 41=1000, 40=1000, 200=1000, 22=1000, 23=1000, 169=1000, 24=1000, 25=1000, 166=1000, 26=1000, 165=1000, 27=1000, 168=1000, 28=1000, 29=1000, 167=1000, 161=1000, 3=1000, 162=1000, 2=1000, 163=1000, 1=1000, 164=1000, 0=1000, 30=1000, 7=1000, 6=1000, 5=1000, 32=1000, 160=1000, 31=1000, 4=1000, 9=1000, 8=1000, 19=1000, 179=1000, 17=1000, 178=1000, 18=1000, 15=1000, 177=1000, 176=1000, 16=1000, 13=1000, 14=1000, 11=1000, 12=1000, 21=1000, 170=1000, 20=1000, 171=1000, 174=1000, 175=1000, 172=1000, 173=1000, 188=1000, 187=1000, 189=1000, 180=1000, 10=1000, 181=1000, 182=1000, 183=1000, 184=1000, 185=1000, 186=1000, 116=1000, 117=1000, 79=1000, 114=1000, 78=1000, 77=1000, 115=1000, 112=1000, 113=1000, 110=1000, 111=1000, 118=1000, 119=1000, 82=1000, 83=1000, 80=1000, 81=1000, 86=1000, 87=1000, 84=1000, 85=1000, 67=1000, 125=1000, 66=1000, 126=1000, 69=1000, 127=1000, 128=1000, 68=1000, 121=1000, 122=1000, 123=1000, 124=1000, 129=1000, 70=1000, 120=1000, 71=1000, 72=1000, 73=1000, 74=1000, 75=1000, 76=1000, 134=1000, 135=1000, 132=1000, 133=1000, 59=1000, 138=1000, 58=1000, 57=1000, 139=1000, 56=1000, 136=1000, 137=1000, 55=1000, 64=1000, 65=1000, 62=1000, 63=1000, 60=1000, 131=1000, 61=1000, 130=1000, 143=1000, 49=1000, 144=1000, 48=1000, 145=1000, 146=1000, 147=1000, 45=1000, 44=1000, 148=1000, 149=1000, 47=1000, 46=1000, 51=1000, 52=1000, 53=1000, 54=1000, 140=1000, 142=1000, 50=1000, 141=1000, 109=1000, 108=1000, 107=1000, 106=1000, 105=1000, 104=1000, 103=1000, 102=1000, 99=1000, 101=1000, 100=1000, 98=1000, 97=1000, 96=1000, 95=1000, 94=1000, 93=1000, 92=1000, 91=1000, 90=1000, 88=1000, 89=1000, 195=1000, 194=1000, 197=1000, 196=1000, 191=1000, 190=1000, 193=1000, 192=1000, 198=1000, 199=1000}
Number of gene trees: 1000
0 trees have missing taxa
Calculating quartet distance matrix (for completion of X)
Species tree distances calculated ...
Building set of clusters (X) from gene trees 
Using tree-based weight calculation.
Number of Default Clusters: 154563
Number of quartet trees in the gene trees: 65998350000
calculating extra bipartitions to be added at level 1 ...
Number of Clusters after addition by distance: 154593
Adding to X using resolutions of greedy consensus ...
Threshold 0.0:
polytomy of size 14; rounds with additions with at least 0.01 support: 7; clusters: 155829
Threshold 0.01:
polytomy of size 3; rounds with additions with at least 0.01 support: 0; clusters: 155829
polytomy of size 27; rounds with additions with at least 0.01 support: 3; clusters: 161629
Threshold 0.02:
polytomy of size 37; rounds with additions with at least 0.01 support: 2; clusters: 173127
Threshold 0.05:
polytomy of size 3; rounds with additions with at least 0.01 support: 0; clusters: 173127
polytomy of size 3; rounds with additions with at least 0.01 support: 0; clusters: 173127
polytomy of size 4; rounds with additions with at least 0.01 support: 0; clusters: 173127
polytomy of size 49; rounds with additions with at least 0.01 support: 0; clusters: 173373
Threshold 0.1:
polytomy of size 3; rounds with additions with at least 0.01 support: 0; clusters: 173373
polytomy of size 3; rounds with additions with at least 0.01 support: 0; clusters: 173373
polytomy of size 3; rounds with additions with at least 0.01 support: 0; clusters: 173373
polytomy of size 3; rounds with additions with at least 0.01 support: 0; clusters: 173373
polytomy of size 5; rounds with additions with at least 0.01 support: 0; clusters: 173373
polytomy of size 4; rounds with additions with at least 0.01 support: 0; clusters: 173373
polytomy of size 5; rounds with additions with at least 0.01 support: 0; clusters: 173373
polytomy of size 55; rounds with additions with at least 0.01 support: 0; clusters: 173557
Threshold 0.2:
polytomy of size 3; rounds with additions with at least 0.01 support: 0; clusters: 173557
polytomy of size 6; rounds with additions with at least 0.01 support: 0; clusters: 173557
polytomy of size 3; rounds with additions with at least 0.01 support: 0; clusters: 173557
polytomy of size 4; rounds with additions with at least 0.01 support: 0; clusters: 173557
polytomy of size 7; rounds with additions with at least 0.01 support: 0; clusters: 173557
polytomy of size 3; rounds with additions with at least 0.01 support: 0; clusters: 173557
polytomy of size 3; rounds with additions with at least 0.01 support: 0; clusters: 173557
polytomy of size 4; rounds with additions with at least 0.01 support: 0; clusters: 173557
polytomy of size 3; rounds with additions with at least 0.01 support: 0; clusters: 173557
polytomy of size 85; rounds with additions with at least 0.01 support: 0; clusters: 173689
Threshold 0.3333333333333333:
polytomy of size 3; rounds with additions with at least 0.01 support: 0; clusters: 173689
polytomy of size 6; rounds with additions with at least 0.01 support: 0; clusters: 173689
polytomy of size 7; rounds with additions with at least 0.01 support: 0; clusters: 173689
polytomy of size 4; rounds with additions with at least 0.01 support: 0; clusters: 173689
polytomy of size 3; rounds with additions with at least 0.01 support: 0; clusters: 173689
polytomy of size 3; rounds with additions with at least 0.01 support: 0; clusters: 173689
polytomy of size 3; rounds with additions with at least 0.01 support: 0; clusters: 173689
polytomy of size 8; rounds with additions with at least 0.01 support: 0; clusters: 173689
Number of Clusters after addition by greedy: 173689
partitions formed in 103.678 secs
Dynamic Programming starting after 103.678 secs
Size of largest cluster: 201
Calculated 100000 weights; time (seconds): 742
Calculated 200000 weights; time (seconds): 648
Calculated 300000 weights; time (seconds): 649
Calculated 400000 weights; time (seconds): 690
Total Number of elements weighted: 436498
Normalized score (portion of input quartet trees satisfied): 0.47959097074396556
Final optimization score: 31652212744
Optimal tree inferred in 2988.946 secs.
(143,(38,(((161,199),((124,(81,(152,175))),((23,(192,(186,176))),((46,(72,(156,129))),(162,(103,(144,(188,115)))))))),((92,(140,182)),((118,(190,179)),((24,(63,((3,(132,62)),(60,(177,(195,(142,139))))))),((89,(108,((64,164),((8,160),((94,114),(9,37)))))),(0,((97,((171,(197,7)),((15,200),(128,(165,(180,163)))))),((22,((19,(1,((10,198),(130,((33,(151,14)),(4,(107,90))))))),(25,((88,(((102,40),(135,153)),(50,(((113,136),(119,141)),(54,((11,86),(181,(172,66)))))))),(((194,21),((116,26),(95,(5,120)))),((13,(84,145)),(65,((2,68),((106,12),(58,36)))))))))),(((173,73),(((75,51),((101,(71,49)),((170,83),((70,45),(17,(48,61)))))),((193,39),((44,(149,(184,137))),(34,((159,(126,(6,122))),((80,76),(55,(18,111))))))))),((((82,123),(169,((178,57),(168,(155,98))))),((147,29),((183,78),((28,185),((154,(131,59)),(67,(167,((138,(191,27)),(158,(146,69)))))))))),((((41,125),((196,20),(31,32))),((187,(96,(127,30))),(133,((99,(56,157)),(85,(42,109)))))),(((43,(74,35)),(53,(52,(105,93)))),(((77,(174,148)),(47,(16,(189,134)))),((100,117),(150,((104,121),(166,(87,(112,(110,(79,91)))))))))))))))))))))));
Quartet score is: 31652212744
Normalized quartet score is: 0.47959097074396556
ASTRAL finished in 2997.23 secs
