
================== ASTRAL ===================== 

This is ASTRAL version 4.10.10
Gene trees are treated as unrooted
997 trees read from ASTRALDATA/model.50.2000000.0.000001/31/estimatedgenetre.halfresolved
All output trees will be *arbitrarily* rooted at 49

======== Running the main analysis
Number of taxa: 51 (51 species)
Taxa: [49, 26, 23, 9, 34, 3, 14, 10, 21, 11, 41, 24, 50, 2, 32, 45, 8, 12, 44, 16, 35, 39, 15, 47, 33, 25, 31, 43, 19, 37, 22, 46, 4, 27, 40, 7, 20, 36, 38, 29, 48, 30, 5, 0, 6, 28, 1, 42, 18, 13, 17]
Taxon occupancy: {35=997, 36=997, 33=997, 34=997, 39=997, 37=997, 38=997, 43=997, 42=997, 41=997, 40=997, 22=997, 23=997, 24=997, 25=997, 26=997, 27=997, 28=997, 29=997, 3=997, 2=997, 1=997, 0=997, 7=997, 30=997, 6=997, 32=997, 5=997, 31=997, 4=997, 9=997, 8=997, 19=997, 17=997, 18=997, 15=997, 16=997, 13=997, 14=997, 11=997, 12=997, 21=997, 20=997, 49=997, 48=997, 45=997, 44=997, 47=997, 46=997, 10=997, 50=997}
Number of gene trees: 997
0 trees have missing taxa
Calculating quartet distance matrix (for completion of X)
Species tree distances calculated ...
Building set of clusters (X) from gene trees 
Using tree-based weight calculation.
Number of Default Clusters: 6727
Number of quartet trees in the gene trees: 249012855
calculating extra bipartitions to be added at level 1 ...
Number of Clusters after addition by distance: 6727
Adding to X using resolutions of greedy consensus ...
Threshold 0.0:
Threshold 0.01:
Threshold 0.02:
Threshold 0.05:
Threshold 0.1:
Threshold 0.2:
polytomy of size 3; rounds with additions with at least 0.01 support: 0; clusters: 6727
polytomy of size 4; rounds with additions with at least 0.01 support: 0; clusters: 6727
Threshold 0.3333333333333333:
polytomy of size 3; rounds with additions with at least 0.01 support: 0; clusters: 6727
polytomy of size 3; rounds with additions with at least 0.01 support: 0; clusters: 6727
polytomy of size 3; rounds with additions with at least 0.01 support: 0; clusters: 6727
polytomy of size 6; rounds with additions with at least 0.01 support: 0; clusters: 6727
polytomy of size 3; rounds with additions with at least 0.01 support: 0; clusters: 6727
polytomy of size 4; rounds with additions with at least 0.01 support: 0; clusters: 6727
polytomy of size 3; rounds with additions with at least 0.01 support: 0; clusters: 6727
Number of Clusters after addition by greedy: 6727
partitions formed in 3.252 secs
Dynamic Programming starting after 3.252 secs
Size of largest cluster: 51
Total Number of elements weighted: 27301
Normalized score (portion of input quartet trees satisfied): 0.8205395580882762
Final optimization score: 204324898
Optimal tree inferred in 47.543 secs.
(21,(23,((14,10),(26,((9,(34,3)),((37,(19,22)),((((31,43),(47,(33,25))),((45,(32,8)),((11,(50,(41,(24,2)))),((12,15),((16,35),(44,39)))))),(((4,18),((6,28),((1,42),(30,5)))),(0,(((36,48),(20,(38,29))),((27,(40,7)),(17,(46,(49,13))))))))))))));
Quartet score is: 204324898
Normalized quartet score is: 0.8205395580882762
ASTRAL finished in 48.611 secs
