
================== ASTRAL ===================== 

This is ASTRAL version 4.10.8
Gene trees are treated as unrooted
1000 trees read from model.50.2000000.0.000001/22/estimatedgenetre.halfresolved
All outputted trees will be *arbitrarily* rooted at 45

======== Running the main analysis
Number of taxa: 51 (51 species)
Taxa: [45, 40, 1, 20, 50, 15, 44, 7, 35, 9, 5, 16, 12, 28, 11, 27, 33, 49, 3, 25, 32, 19, 8, 4, 18, 21, 10, 34, 22, 47, 36, 30, 48, 13, 46, 24, 38, 2, 0, 43, 17, 6, 42, 39, 29, 23, 26, 31, 37, 41, 14]
Taxon occupancy: {35=1000, 36=1000, 33=1000, 34=1000, 39=1000, 37=1000, 38=1000, 43=1000, 42=1000, 41=1000, 40=1000, 22=1000, 23=1000, 24=1000, 25=1000, 26=1000, 27=1000, 28=1000, 29=1000, 3=1000, 2=1000, 1=1000, 0=1000, 7=1000, 30=1000, 6=1000, 32=1000, 5=1000, 4=1000, 31=1000, 9=1000, 8=1000, 19=1000, 17=1000, 18=1000, 15=1000, 16=1000, 13=1000, 14=1000, 11=1000, 12=1000, 21=1000, 20=1000, 49=1000, 48=1000, 45=1000, 44=1000, 47=1000, 46=1000, 10=1000, 50=1000}
Number of gene trees: 1000
0 trees have missing taxa
Calculating quartet distance matrix (for completion of X)
Species tree distances calculated ...
Building set of clusters (X) from gene trees 
Using tree-based weight calculation.
Number of Default Clusters: 2659
Number of quartet trees in the gene trees: 249898044
calculating extra bipartitions to be added at level 1 ...
Number of Clusters after addition by distance: 2659
Adding to X using resolutions of greedy consensus ...
Threshold 0.0:
Threshold 0.01:
Threshold 0.02:
Threshold 0.05:
Threshold 0.1:
Threshold 0.2:
polytomy of size 3; rounds with additions with at least 0.01 support: 0; clusters: 2659
polytomy of size 3; rounds with additions with at least 0.01 support: 0; clusters: 2659
Threshold 0.3333333333333333:
polytomy of size 3; rounds with additions with at least 0.01 support: 0; clusters: 2659
polytomy of size 4; rounds with additions with at least 0.01 support: 0; clusters: 2659
polytomy of size 3; rounds with additions with at least 0.01 support: 0; clusters: 2659
polytomy of size 4; rounds with additions with at least 0.01 support: 0; clusters: 2659
Number of Clusters after addition by greedy: 2659
partitions formed in 2.579 secs
Dynamic Programming starting after 2.579 secs
Size of largest cluster: 51
Size of largest cluster: 51
Total Number of elements weighted: 10075
Normalized score (portion of input quartet trees satisfied): NaN
Final optimization score: 0
Total Number of elements weighted: 10075
Normalized score (portion of input quartet trees satisfied): 0.8516302912719077
Final optimization score: 212820744
Optimal tree inferred in 3.691 secs.
(45,((9,(5,16)),((((20,50),(40,1)),((15,7),(44,35))),(((3,25),((27,33),(49,(28,(12,11))))),((48,((36,30),((46,24),(13,(38,2))))),((34,((22,47),((18,(21,10)),((8,4),(32,19))))),(0,((39,(29,(23,26))),((31,37),((41,14),((43,17),(6,42))))))))))));
Quartet score is: 212820744
Normalized quartet score is: 0.8516302912719077
ASTRAL finished in 5.238 secs
