
================== ASTRAL ===================== 

This is ASTRAL version 4.10.7
Gene trees are treated as unrooted
384 trees read from ASTRALDATA/model.100.2000000.0.000001/08/estimatedgenetre.halfresolved
All output trees will be *arbitrarily* rooted at 89

======== Running the main analysis
Number of taxa: 101 (101 species)
Taxa: [89, 42, 67, 65, 38, 37, 81, 59, 0, 86, 88, 49, 25, 77, 98, 46, 87, 20, 62, 84, 45, 16, 17, 2, 23, 68, 97, 32, 79, 74, 63, 14, 47, 73, 12, 40, 58, 90, 71, 91, 61, 76, 53, 52, 7, 44, 30, 19, 28, 80, 48, 22, 83, 95, 66, 72, 29, 56, 39, 1, 82, 64, 35, 24, 6, 5, 26, 99, 93, 92, 55, 75, 94, 31, 13, 21, 15, 51, 50, 70, 10, 18, 41, 36, 57, 27, 69, 11, 78, 54, 43, 100, 34, 96, 8, 33, 4, 3, 9, 85, 60]
Number of gene trees: 384
0 trees have missing taxa
Calculating quartet distance matrix (for completion of X)
Species tree distances calculated ...
Building set of clusters (X) from gene trees 
Using tree-based weight calculation.
Number of Default Clusters: 25589
Number of quartet trees in the gene trees: 1547148884
calculating extra bipartitions to be added at level 1 ...
Number of Clusters after addition by distance: 25589
Adding to X using resolutions of greedy consensus ...
Threshold 0.0:
Threshold 0.01:
Threshold 0.02:
polytomy of size 3; rounds with additions with at least 0.01 support: 0; clusters: 25589
Threshold 0.05:
polytomy of size 3; rounds with additions with at least 0.01 support: 0; clusters: 25589
polytomy of size 6; rounds with additions with at least 0.01 support: 0; clusters: 25589
polytomy of size 4; rounds with additions with at least 0.01 support: 0; clusters: 25589
Threshold 0.1:
polytomy of size 4; rounds with additions with at least 0.01 support: 0; clusters: 25589
polytomy of size 3; rounds with additions with at least 0.01 support: 0; clusters: 25589
polytomy of size 3; rounds with additions with at least 0.01 support: 0; clusters: 25589
polytomy of size 3; rounds with additions with at least 0.01 support: 0; clusters: 25589
polytomy of size 4; rounds with additions with at least 0.01 support: 0; clusters: 25589
polytomy of size 4; rounds with additions with at least 0.01 support: 0; clusters: 25589
polytomy of size 4; rounds with additions with at least 0.01 support: 0; clusters: 25589
polytomy of size 8; rounds with additions with at least 0.01 support: 0; clusters: 25591
polytomy of size 4; rounds with additions with at least 0.01 support: 0; clusters: 25591
polytomy of size 3; rounds with additions with at least 0.01 support: 0; clusters: 25591
polytomy of size 5; rounds with additions with at least 0.01 support: 0; clusters: 25591
Threshold 0.2:
polytomy of size 5; rounds with additions with at least 0.01 support: 0; clusters: 25591
polytomy of size 3; rounds with additions with at least 0.01 support: 0; clusters: 25591
polytomy of size 3; rounds with additions with at least 0.01 support: 0; clusters: 25591
polytomy of size 3; rounds with additions with at least 0.01 support: 0; clusters: 25591
polytomy of size 7; rounds with additions with at least 0.01 support: 0; clusters: 25591
polytomy of size 7; rounds with additions with at least 0.01 support: 0; clusters: 25591
polytomy of size 3; rounds with additions with at least 0.01 support: 0; clusters: 25591
polytomy of size 4; rounds with additions with at least 0.01 support: 0; clusters: 25591
polytomy of size 6; rounds with additions with at least 0.01 support: 0; clusters: 25591
polytomy of size 5; rounds with additions with at least 0.01 support: 0; clusters: 25591
polytomy of size 26; rounds with additions with at least 0.01 support: 0; clusters: 25591
Threshold 0.3333333333333333:
polytomy of size 3; rounds with additions with at least 0.01 support: 0; clusters: 25591
polytomy of size 8; rounds with additions with at least 0.01 support: 0; clusters: 25607
polytomy of size 4; rounds with additions with at least 0.01 support: 0; clusters: 25607
polytomy of size 3; rounds with additions with at least 0.01 support: 0; clusters: 25607
polytomy of size 6; rounds with additions with at least 0.01 support: 0; clusters: 25607
polytomy of size 54; rounds with additions with at least 0.01 support: 0; clusters: 37233
Number of Clusters after addition by greedy: 37233
partitions formed in 10.032 secs
Dynamic Programming starting after 10.032 secs
Size of largest cluster: 101
Calculated 100000 weights; time (seconds): 279
Total Number of elements weighted: 101741
Normalized score (portion of input quartet trees satisfied): 0.6413317078022078
Final optimization score: 992235636
Optimal tree inferred in 284.458 secs.
(8,(((56,34),(6,(24,(64,35)))),((96,(4,(99,33))),(((43,((90,(5,26)),((48,(66,29)),(58,(71,(91,61)))))),((53,22),((76,((80,83),(28,72))),(95,((44,30),(52,(7,19))))))),(((47,73),(100,(12,40))),((78,54),((((74,63),(3,(89,42))),((62,(46,(87,20))),((14,(21,((93,92),((75,94),(13,(55,31)))))),((1,82),((9,85),((81,15),(59,((67,37),(65,38))))))))),((0,((39,60),((27,(69,11)),((50,(10,(51,70))),(18,(41,(36,57))))))),(((16,17),((2,23),((68,79),(97,32)))),(98,(25,((84,(86,77)),(88,(49,45))))))))))))));
Quartet score is: 992235636
Normalized quartet score is: 0.6413317078022078
ASTRAL finished in 287.07 secs
