
================== ASTRAL ===================== 

This is ASTRAL version 4.10.8
Gene trees are treated as unrooted
989 trees read from model.100.2000000.0.000001/20/estimatedgenetre.halfresolved
All outputted trees will be *arbitrarily* rooted at 59

======== Running the main analysis
Number of taxa: 101 (101 species)
Taxa: [59, 63, 56, 48, 6, 100, 47, 87, 94, 91, 83, 52, 76, 45, 43, 8, 55, 73, 93, 62, 4, 85, 98, 30, 88, 92, 31, 44, 65, 54, 68, 0, 28, 79, 40, 66, 1, 16, 36, 17, 78, 72, 7, 67, 20, 50, 12, 96, 27, 33, 97, 26, 99, 82, 10, 23, 5, 18, 75, 77, 57, 81, 42, 69, 39, 89, 22, 74, 80, 9, 64, 35, 60, 15, 14, 21, 86, 61, 95, 37, 71, 13, 29, 19, 32, 41, 25, 3, 58, 53, 46, 51, 38, 11, 2, 84, 34, 90, 70, 49, 24]
Taxon occupancy: {35=989, 36=989, 33=989, 34=989, 39=989, 37=989, 38=989, 43=989, 42=989, 41=989, 40=989, 22=989, 23=989, 24=989, 25=989, 26=989, 27=989, 28=989, 29=989, 3=989, 2=989, 1=989, 0=989, 7=989, 30=989, 6=989, 5=989, 32=989, 31=989, 4=989, 9=989, 8=989, 19=989, 17=989, 18=989, 15=989, 16=989, 13=989, 14=989, 11=989, 12=989, 21=989, 20=989, 99=989, 100=989, 98=989, 97=989, 96=989, 95=989, 94=989, 93=989, 92=989, 91=989, 90=989, 10=989, 88=989, 89=989, 79=989, 78=989, 77=989, 82=989, 83=989, 80=989, 81=989, 86=989, 87=989, 84=989, 85=989, 67=989, 66=989, 69=989, 68=989, 70=989, 71=989, 72=989, 73=989, 74=989, 75=989, 76=989, 59=989, 58=989, 57=989, 56=989, 55=989, 64=989, 65=989, 62=989, 63=989, 60=989, 61=989, 49=989, 48=989, 45=989, 44=989, 47=989, 46=989, 51=989, 52=989, 53=989, 54=989, 50=989}
Number of gene trees: 989
0 trees have missing taxa
Calculating quartet distance matrix (for completion of X)
Species tree distances calculated ...
Building set of clusters (X) from gene trees 
Using tree-based weight calculation.
Number of Default Clusters: 24531
Number of quartet trees in the gene trees: 4036053866
calculating extra bipartitions to be added at level 1 ...
Number of Clusters after addition by distance: 24531
Adding to X using resolutions of greedy consensus ...
Threshold 0.0:
Threshold 0.01:
Threshold 0.02:
Threshold 0.05:
polytomy of size 3; rounds with additions with at least 0.01 support: 0; clusters: 24531
Threshold 0.1:
polytomy of size 4; rounds with additions with at least 0.01 support: 0; clusters: 24531
polytomy of size 5; rounds with additions with at least 0.01 support: 0; clusters: 24531
Threshold 0.2:
polytomy of size 3; rounds with additions with at least 0.01 support: 0; clusters: 24531
polytomy of size 3; rounds with additions with at least 0.01 support: 0; clusters: 24531
polytomy of size 3; rounds with additions with at least 0.01 support: 0; clusters: 24531
polytomy of size 10; rounds with additions with at least 0.01 support: 0; clusters: 24531
Threshold 0.3333333333333333:
polytomy of size 5; rounds with additions with at least 0.01 support: 0; clusters: 24531
polytomy of size 3; rounds with additions with at least 0.01 support: 0; clusters: 24531
polytomy of size 4; rounds with additions with at least 0.01 support: 0; clusters: 24531
polytomy of size 5; rounds with additions with at least 0.01 support: 0; clusters: 24531
polytomy of size 3; rounds with additions with at least 0.01 support: 0; clusters: 24531
polytomy of size 5; rounds with additions with at least 0.01 support: 0; clusters: 24531
polytomy of size 14; rounds with additions with at least 0.01 support: 0; clusters: 24581
polytomy of size 3; rounds with additions with at least 0.01 support: 0; clusters: 24581
polytomy of size 4; rounds with additions with at least 0.01 support: 0; clusters: 24581
Number of Clusters after addition by greedy: 24581
partitions formed in 8.022 secs
Dynamic Programming starting after 8.022 secs
Size of largest cluster: 101
Size of largest cluster: 101
Total Number of elements weighted: 104427
Normalized score (portion of input quartet trees satisfied): NaN
Final optimization score: 0
Calculated 100000 weights; time (seconds): 18
Total Number of elements weighted: 104427
Normalized score (portion of input quartet trees satisfied): 0.7897009036102889
Final optimization score: 3187275385
Optimal tree inferred in 21.078 secs.
(59,(((63,56),((48,6),(100,(91,(47,(87,(94,83))))))),(98,(((52,76),(62,((73,(43,93)),(45,(8,55))))),(((30,88),((97,26),((33,(36,((40,66),(1,16)))),((28,(17,(78,(72,7)))),((79,27),((12,96),(67,(20,50)))))))),(((92,31),(4,85)),((44,(65,(54,68))),(0,(((46,11),(51,(53,38))),((84,((2,(34,90)),((15,(35,(60,14))),((19,(41,25)),(32,(3,58)))))),((70,(49,24)),((61,(21,86)),(((13,29),(71,(95,37))),((99,82),((77,(57,(69,(81,42)))),((9,(22,74)),(((80,64),(39,89)),((10,23),(75,(5,18))))))))))))))))))));
Quartet score is: 3187275385
Normalized quartet score is: 0.7897009036102889
ASTRAL finished in 24.121 secs
