
================== ASTRAL ===================== 

This is ASTRAL version 4.10.10
Gene trees are treated as unrooted
1000 trees read from ASTRALDATA/model.500.2000000.0.000001/27/estimatedgenetre.halfresolved
All output trees will be *arbitrarily* rooted at 16

======== Running the main analysis
Number of taxa: 501 (501 species)
Taxa: [16, 1, 14, 95, 273, 5, 64, 171, 221, 200, 47, 385, 0, 247, 189, 474, 404, 209, 199, 314, 323, 396, 278, 288, 473, 220, 320, 391, 464, 119, 470, 264, 395, 448, 263, 433, 196, 249, 60, 63, 402, 336, 148, 269, 302, 257, 467, 150, 362, 144, 158, 219, 19, 107, 405, 384, 91, 71, 183, 89, 105, 412, 157, 96, 291, 130, 403, 338, 252, 270, 357, 127, 205, 116, 4, 81, 206, 469, 8, 444, 21, 165, 69, 298, 61, 341, 234, 42, 255, 447, 266, 51, 364, 67, 436, 143, 383, 284, 500, 36, 355, 111, 32, 40, 18, 293, 380, 72, 317, 271, 123, 244, 260, 491, 208, 348, 493, 324, 56, 366, 29, 349, 352, 458, 387, 194, 408, 475, 401, 368, 316, 292, 193, 236, 114, 471, 483, 489, 145, 85, 135, 161, 22, 472, 164, 441, 437, 365, 23, 434, 440, 201, 392, 122, 425, 210, 372, 432, 52, 233, 375, 185, 101, 343, 3, 325, 308, 393, 92, 155, 11, 462, 389, 231, 451, 339, 321, 498, 482, 113, 449, 86, 446, 497, 83, 215, 452, 363, 203, 35, 399, 243, 261, 46, 409, 245, 223, 400, 456, 179, 197, 331, 315, 398, 484, 442, 214, 328, 337, 386, 248, 340, 296, 106, 369, 90, 490, 17, 477, 186, 153, 329, 300, 390, 232, 225, 424, 431, 70, 429, 299, 172, 439, 151, 77, 450, 282, 207, 379, 20, 419, 326, 48, 426, 259, 354, 55, 2, 306, 281, 173, 346, 350, 103, 378, 428, 373, 112, 43, 79, 344, 342, 283, 133, 445, 182, 407, 192, 480, 181, 229, 202, 478, 485, 356, 131, 98, 24, 481, 240, 26, 276, 454, 226, 174, 397, 141, 353, 382, 351, 191, 166, 169, 184, 13, 262, 367, 294, 41, 160, 213, 496, 487, 30, 9, 358, 495, 224, 204, 289, 49, 167, 476, 455, 109, 360, 65, 38, 265, 104, 87, 335, 178, 62, 275, 286, 422, 461, 359, 303, 147, 217, 311, 274, 309, 468, 53, 84, 31, 138, 256, 37, 227, 44, 421, 295, 416, 222, 494, 121, 142, 334, 212, 459, 176, 136, 377, 73, 258, 322, 465, 330, 154, 149, 78, 82, 277, 59, 268, 94, 267, 420, 57, 251, 453, 430, 310, 301, 319, 253, 99, 139, 175, 406, 152, 128, 118, 10, 239, 39, 129, 230, 492, 33, 237, 381, 188, 132, 312, 190, 332, 418, 177, 361, 246, 120, 137, 241, 457, 460, 254, 415, 417, 45, 228, 211, 34, 50, 297, 198, 156, 7, 287, 279, 108, 162, 28, 376, 12, 218, 333, 427, 280, 58, 305, 235, 413, 25, 345, 486, 74, 242, 327, 438, 374, 479, 75, 100, 117, 488, 443, 54, 125, 318, 134, 76, 466, 290, 370, 187, 66, 27, 347, 423, 394, 238, 272, 124, 159, 168, 285, 126, 115, 80, 97, 313, 463, 435, 93, 6, 250, 410, 140, 411, 195, 146, 371, 88, 170, 15, 102, 414, 499, 180, 110, 307, 163, 68, 216, 388, 304]
Taxon occupancy: {338=1000, 339=1000, 332=1000, 333=1000, 159=1000, 330=1000, 158=1000, 331=1000, 336=1000, 157=1000, 156=1000, 337=1000, 155=1000, 334=1000, 335=1000, 154=1000, 152=1000, 153=1000, 150=1000, 151=1000, 349=1000, 202=1000, 203=1000, 204=1000, 205=1000, 200=1000, 201=1000, 341=1000, 342=1000, 169=1000, 343=1000, 344=1000, 345=1000, 206=1000, 166=1000, 165=1000, 207=1000, 346=1000, 168=1000, 347=1000, 208=1000, 348=1000, 209=1000, 167=1000, 3=1000, 161=1000, 409=1000, 162=1000, 408=1000, 2=1000, 163=1000, 1=1000, 164=1000, 0=1000, 7=1000, 405=1000, 6=1000, 404=1000, 5=1000, 340=1000, 407=1000, 4=1000, 160=1000, 406=1000, 401=1000, 400=1000, 403=1000, 9=1000, 402=1000, 8=1000, 211=1000, 212=1000, 210=1000, 318=1000, 215=1000, 216=1000, 319=1000, 316=1000, 213=1000, 317=1000, 214=1000, 314=1000, 219=1000, 179=1000, 315=1000, 178=1000, 177=1000, 312=1000, 217=1000, 313=1000, 218=1000, 176=1000, 310=1000, 311=1000, 170=1000, 418=1000, 417=1000, 171=1000, 416=1000, 415=1000, 174=1000, 175=1000, 172=1000, 419=1000, 173=1000, 410=1000, 414=1000, 413=1000, 412=1000, 411=1000, 220=1000, 221=1000, 222=1000, 223=1000, 327=1000, 224=1000, 328=1000, 225=1000, 329=1000, 226=1000, 227=1000, 228=1000, 188=1000, 323=1000, 187=1000, 324=1000, 229=1000, 325=1000, 189=1000, 326=1000, 320=1000, 321=1000, 322=1000, 427=1000, 180=1000, 426=1000, 429=1000, 181=1000, 428=1000, 182=1000, 183=1000, 184=1000, 185=1000, 186=1000, 421=1000, 420=1000, 423=1000, 422=1000, 425=1000, 424=1000, 116=1000, 117=1000, 114=1000, 115=1000, 112=1000, 113=1000, 110=1000, 111=1000, 118=1000, 119=1000, 435=1000, 436=1000, 433=1000, 434=1000, 431=1000, 432=1000, 430=1000, 439=1000, 437=1000, 438=1000, 125=1000, 126=1000, 127=1000, 300=1000, 128=1000, 302=1000, 121=1000, 122=1000, 301=1000, 304=1000, 123=1000, 124=1000, 303=1000, 306=1000, 305=1000, 308=1000, 307=1000, 129=1000, 309=1000, 444=1000, 445=1000, 446=1000, 447=1000, 440=1000, 441=1000, 442=1000, 443=1000, 120=1000, 448=1000, 449=1000, 134=1000, 135=1000, 132=1000, 133=1000, 138=1000, 139=1000, 136=1000, 137=1000, 450=1000, 453=1000, 454=1000, 451=1000, 452=1000, 457=1000, 458=1000, 455=1000, 456=1000, 459=1000, 131=1000, 130=1000, 143=1000, 144=1000, 145=1000, 146=1000, 147=1000, 148=1000, 149=1000, 461=1000, 460=1000, 462=1000, 463=1000, 464=1000, 465=1000, 466=1000, 467=1000, 468=1000, 469=1000, 140=1000, 142=1000, 141=1000, 195=1000, 194=1000, 197=1000, 196=1000, 191=1000, 190=1000, 193=1000, 192=1000, 198=1000, 199=1000, 500=1000, 35=1000, 36=1000, 33=1000, 34=1000, 39=1000, 37=1000, 38=1000, 43=1000, 42=1000, 41=1000, 40=1000, 22=1000, 23=1000, 24=1000, 25=1000, 26=1000, 27=1000, 28=1000, 29=1000, 30=1000, 32=1000, 31=1000, 19=1000, 17=1000, 18=1000, 15=1000, 16=1000, 13=1000, 14=1000, 11=1000, 12=1000, 21=1000, 20=1000, 10=1000, 79=1000, 78=1000, 77=1000, 82=1000, 83=1000, 80=1000, 81=1000, 86=1000, 87=1000, 84=1000, 85=1000, 67=1000, 66=1000, 69=1000, 68=1000, 70=1000, 71=1000, 72=1000, 73=1000, 74=1000, 75=1000, 76=1000, 59=1000, 58=1000, 57=1000, 56=1000, 55=1000, 64=1000, 65=1000, 62=1000, 63=1000, 60=1000, 61=1000, 49=1000, 48=1000, 45=1000, 44=1000, 47=1000, 46=1000, 51=1000, 52=1000, 53=1000, 54=1000, 50=1000, 281=1000, 487=1000, 486=1000, 280=1000, 485=1000, 484=1000, 285=1000, 284=1000, 489=1000, 283=1000, 488=1000, 282=1000, 288=1000, 289=1000, 286=1000, 287=1000, 482=1000, 483=1000, 480=1000, 481=1000, 474=1000, 473=1000, 270=1000, 476=1000, 475=1000, 272=1000, 478=1000, 271=1000, 477=1000, 274=1000, 479=1000, 273=1000, 275=1000, 276=1000, 277=1000, 278=1000, 279=1000, 470=1000, 471=1000, 472=1000, 109=1000, 108=1000, 107=1000, 106=1000, 105=1000, 104=1000, 103=1000, 102=1000, 99=1000, 101=1000, 100=1000, 98=1000, 97=1000, 391=1000, 96=1000, 95=1000, 390=1000, 393=1000, 94=1000, 93=1000, 392=1000, 92=1000, 395=1000, 394=1000, 91=1000, 90=1000, 294=1000, 499=1000, 293=1000, 296=1000, 295=1000, 290=1000, 496=1000, 495=1000, 498=1000, 292=1000, 497=1000, 291=1000, 491=1000, 492=1000, 493=1000, 494=1000, 297=1000, 298=1000, 299=1000, 490=1000, 396=1000, 397=1000, 398=1000, 399=1000, 88=1000, 89=1000, 240=1000, 241=1000, 383=1000, 384=1000, 381=1000, 382=1000, 380=1000, 389=1000, 388=1000, 387=1000, 386=1000, 385=1000, 245=1000, 244=1000, 243=1000, 242=1000, 249=1000, 248=1000, 247=1000, 246=1000, 230=1000, 370=1000, 371=1000, 372=1000, 373=1000, 379=1000, 239=1000, 378=1000, 375=1000, 374=1000, 377=1000, 376=1000, 232=1000, 231=1000, 234=1000, 233=1000, 236=1000, 235=1000, 238=1000, 237=1000, 262=1000, 263=1000, 260=1000, 261=1000, 361=1000, 362=1000, 360=1000, 366=1000, 365=1000, 364=1000, 363=1000, 369=1000, 368=1000, 367=1000, 269=1000, 268=1000, 267=1000, 266=1000, 265=1000, 264=1000, 250=1000, 251=1000, 252=1000, 350=1000, 351=1000, 353=1000, 352=1000, 355=1000, 354=1000, 357=1000, 356=1000, 359=1000, 358=1000, 258=1000, 257=1000, 259=1000, 254=1000, 253=1000, 256=1000, 255=1000}
Number of gene trees: 1000
0 trees have missing taxa
Calculating quartet distance matrix (for completion of X)
Species tree distances calculated ...
Building set of clusters (X) from gene trees 
Using tree-based weight calculation.
Number of Default Clusters: 135095
Number of quartet trees in the gene trees: 2593739496591
calculating extra bipartitions to be added at level 1 ...
Number of Clusters after addition by distance: 135107
Adding to X using resolutions of greedy consensus ...
Threshold 0.0:
polytomy of size 5; rounds with additions with at least 0.01 support: 1; clusters: 135149
Threshold 0.01:
polytomy of size 12; rounds with additions with at least 0.01 support: 8; clusters: 135501
polytomy of size 3; rounds with additions with at least 0.01 support: 0; clusters: 135501
Threshold 0.02:
polytomy of size 14; rounds with additions with at least 0.01 support: 4; clusters: 135771
polytomy of size 5; rounds with additions with at least 0.01 support: 0; clusters: 135785
Threshold 0.05:
polytomy of size 17; rounds with additions with at least 0.01 support: 1; clusters: 135795
polytomy of size 6; rounds with additions with at least 0.01 support: 0; clusters: 135795
Threshold 0.1:
polytomy of size 29; rounds with additions with at least 0.01 support: 0; clusters: 135801
Threshold 0.2:
polytomy of size 3; rounds with additions with at least 0.01 support: 0; clusters: 135801
polytomy of size 3; rounds with additions with at least 0.01 support: 0; clusters: 135801
polytomy of size 3; rounds with additions with at least 0.01 support: 0; clusters: 135801
polytomy of size 3; rounds with additions with at least 0.01 support: 0; clusters: 135801
polytomy of size 4; rounds with additions with at least 0.01 support: 0; clusters: 135801
polytomy of size 4; rounds with additions with at least 0.01 support: 0; clusters: 135801
polytomy of size 3; rounds with additions with at least 0.01 support: 0; clusters: 135801
polytomy of size 3; rounds with additions with at least 0.01 support: 0; clusters: 135801
polytomy of size 5; rounds with additions with at least 0.01 support: 0; clusters: 135801
polytomy of size 4; rounds with additions with at least 0.01 support: 0; clusters: 135801
polytomy of size 3; rounds with additions with at least 0.01 support: 0; clusters: 135801
polytomy of size 4; rounds with additions with at least 0.01 support: 0; clusters: 135801
polytomy of size 3; rounds with additions with at least 0.01 support: 0; clusters: 135801
polytomy of size 4; rounds with additions with at least 0.01 support: 0; clusters: 135801
polytomy of size 38; rounds with additions with at least 0.01 support: 0; clusters: 135829
Threshold 0.3333333333333333:
polytomy of size 3; rounds with additions with at least 0.01 support: 0; clusters: 135829
polytomy of size 3; rounds with additions with at least 0.01 support: 0; clusters: 135829
polytomy of size 4; rounds with additions with at least 0.01 support: 0; clusters: 135829
polytomy of size 3; rounds with additions with at least 0.01 support: 0; clusters: 135829
polytomy of size 4; rounds with additions with at least 0.01 support: 0; clusters: 135829
polytomy of size 5; rounds with additions with at least 0.01 support: 0; clusters: 135829
polytomy of size 3; rounds with additions with at least 0.01 support: 0; clusters: 135829
polytomy of size 4; rounds with additions with at least 0.01 support: 0; clusters: 135829
polytomy of size 4; rounds with additions with at least 0.01 support: 0; clusters: 135829
polytomy of size 3; rounds with additions with at least 0.01 support: 0; clusters: 135829
polytomy of size 4; rounds with additions with at least 0.01 support: 0; clusters: 135829
polytomy of size 4; rounds with additions with at least 0.01 support: 0; clusters: 135829
polytomy of size 3; rounds with additions with at least 0.01 support: 0; clusters: 135829
polytomy of size 3; rounds with additions with at least 0.01 support: 0; clusters: 135829
polytomy of size 3; rounds with additions with at least 0.01 support: 0; clusters: 135829
polytomy of size 4; rounds with additions with at least 0.01 support: 0; clusters: 135829
polytomy of size 4; rounds with additions with at least 0.01 support: 0; clusters: 135829
polytomy of size 4; rounds with additions with at least 0.01 support: 0; clusters: 135829
polytomy of size 3; rounds with additions with at least 0.01 support: 0; clusters: 135829
polytomy of size 4; rounds with additions with at least 0.01 support: 0; clusters: 135829
polytomy of size 4; rounds with additions with at least 0.01 support: 0; clusters: 135829
polytomy of size 3; rounds with additions with at least 0.01 support: 0; clusters: 135829
polytomy of size 3; rounds with additions with at least 0.01 support: 0; clusters: 135829
polytomy of size 3; rounds with additions with at least 0.01 support: 0; clusters: 135829
polytomy of size 3; rounds with additions with at least 0.01 support: 0; clusters: 135829
polytomy of size 4; rounds with additions with at least 0.01 support: 0; clusters: 135829
polytomy of size 3; rounds with additions with at least 0.01 support: 0; clusters: 135829
polytomy of size 3; rounds with additions with at least 0.01 support: 0; clusters: 135829
polytomy of size 5; rounds with additions with at least 0.01 support: 0; clusters: 135829
polytomy of size 5; rounds with additions with at least 0.01 support: 0; clusters: 135829
polytomy of size 3; rounds with additions with at least 0.01 support: 0; clusters: 135829
polytomy of size 3; rounds with additions with at least 0.01 support: 0; clusters: 135829
polytomy of size 4; rounds with additions with at least 0.01 support: 0; clusters: 135829
polytomy of size 6; rounds with additions with at least 0.01 support: 0; clusters: 135829
polytomy of size 5; rounds with additions with at least 0.01 support: 0; clusters: 135829
polytomy of size 6; rounds with additions with at least 0.01 support: 0; clusters: 135829
polytomy of size 52; rounds with additions with at least 0.01 support: 0; clusters: 147021
polytomy of size 3; rounds with additions with at least 0.01 support: 0; clusters: 147021
Number of Clusters after addition by greedy: 147021
partitions formed in 184.236 secs
Dynamic Programming starting after 184.236 secs
Size of largest cluster: 501
Calculated 100000 weights; time (seconds): 1651
Calculated 200000 weights; time (seconds): 1477
Calculated 300000 weights; time (seconds): 1487
Calculated 400000 weights; time (seconds): 1527
Total Number of elements weighted: 410867
Normalized score (portion of input quartet trees satisfied): 0.5666393069225624
Final optimization score: 1469714750686
Optimal tree inferred in 6315.625 secs.
(353,(397,(((141,382),(174,(226,(276,454)))),((240,26),((((30,(496,487)),(9,(358,495))),((131,(24,(98,481))),(224,(204,(289,49))))),((((((367,294),(41,(160,213))),((351,191),(166,(13,(169,(184,262)))))),(((265,104),(87,335)),(178,(((286,217),((461,359),(422,(303,147)))),((62,275),(256,(((311,31),(53,84)),(138,(468,(274,309)))))))))),((((227,(37,44)),((421,222),(295,(416,(142,(494,121)))))),((122,425),((418,177),((210,372),((167,476),((65,38),(455,(109,360)))))))),(((118,10),((128,(152,239)),(39,(129,230)))),(((175,406),((99,139),(310,301))),((319,253),((57,(251,(453,430))),((59,268),(277,(267,(94,420)))))))))),((((290,370),(76,466)),(((103,378),(428,373)),(((300,(424,(390,(232,225)))),((431,(70,429)),(329,(172,(299,(439,151)))))),(((43,(112,79)),((379,20),((282,(450,207)),(419,(77,326))))),((350,(173,346)),((456,(48,426)),((354,(259,55)),(2,(306,281))))))))),((((235,413),((486,(74,242)),((305,(327,438)),((25,345),((100,117),(374,(479,75))))))),((126,((80,(97,(115,313))),(463,((93,6),(435,250))))),((318,134),((472,((146,371),(88,(170,15)))),((411,(410,140)),((102,(414,499)),(195,(187,(66,27))))))))),((((168,285),(488,(159,(443,(54,125))))),((361,(246,120)),(((297,(156,7)),(198,(50,(34,(228,211))))),(((279,218),((28,(287,108)),(12,(162,376)))),((137,(241,457)),(460,(254,(415,(417,45))))))))),(((272,124),((394,238),(347,423))),(((356,((482,113),(339,(321,498)))),((381,((492,(33,237)),((188,132),(312,(190,332))))),(485,((182,(407,(445,192))),((133,(480,181)),(229,(202,478))))))),((0,(392,(((180,110),(307,(163,((216,304),(68,388))))),((437,(441,(365,23))),((((215,(452,363)),(449,(86,(497,(446,83))))),((95,(221,(171,200))),((273,(5,64)),((47,385),(16,(1,14)))))),((((11,462),(393,(92,155))),((3,325),((343,(164,308)),(389,(231,451))))),(((35,(203,399)),((233,((375,101),(52,(432,185)))),(243,((245,(223,400)),(261,(46,409)))))),((440,((153,(477,186)),((315,398),((214,328),(484,442))))),((179,(197,331)),((296,(248,(340,106))),((337,386),((369,90),(490,17))))))))))))),(((434,201),(((56,(324,366)),((29,(349,352)),((380,72),(458,(317,((208,(348,493)),(244,((271,491),(123,260))))))))),(((387,(194,408)),((401,(475,368)),((316,292),(22,(193,((236,(114,471)),((135,161),((145,85),(483,489))))))))),((364,((67,436),((284,500),((36,(355,111)),((18,293),(32,40)))))),(((266,143),(51,(255,(447,383)))),(341,((42,(165,69)),(61,(298,234))))))))),((((127,(205,116)),(333,(427,(280,58)))),(((81,(444,21)),(206,(469,8))),((136,(377,((459,176),(334,212)))),((322,465),((73,258),(330,((149,78),(154,82)))))))),((4,(((252,270),(357,(403,338))),(((362,144),(269,(148,((257,467),(302,150))))),(((105,(412,157)),(96,(291,130))),((158,219),((19,(107,405)),((384,91),(89,(71,183))))))))),((344,(342,283)),(247,(((189,(474,404)),((209,323),(199,314))),(((63,(402,336)),(196,(249,60))),((396,(278,288)),((448,(263,433)),(470,((264,395),((473,220),(320,(391,(464,119)))))))))))))))))))))))))));
Quartet score is: 1469714750686
Normalized quartet score is: 0.5666393069225624
ASTRAL finished in 6360.601 secs
