
================== ASTRAL ===================== 

This is ASTRAL version 4.10.8
Gene trees are treated as unrooted
1000 trees read from model.200.500000.0.000001/05/estimatedgenetre.halfresolved
All outputted trees will be *arbitrarily* rooted at 173

======== Running the main analysis
Number of taxa: 201 (201 species)
Taxa: [173, 88, 40, 155, 195, 177, 149, 31, 53, 174, 19, 140, 3, 143, 146, 37, 182, 170, 64, 50, 32, 110, 151, 93, 164, 111, 191, 122, 69, 126, 38, 55, 16, 153, 11, 171, 24, 185, 82, 56, 123, 2, 119, 200, 58, 4, 117, 188, 154, 51, 7, 129, 102, 66, 33, 30, 96, 67, 125, 150, 158, 81, 35, 43, 163, 161, 72, 118, 132, 68, 152, 136, 22, 97, 8, 114, 107, 73, 160, 186, 139, 106, 101, 0, 62, 138, 198, 21, 39, 85, 36, 98, 41, 100, 124, 34, 183, 77, 116, 199, 17, 79, 23, 76, 90, 94, 59, 86, 145, 144, 74, 120, 9, 46, 184, 103, 115, 83, 112, 18, 105, 6, 197, 71, 92, 27, 168, 196, 42, 14, 166, 176, 187, 45, 137, 141, 128, 156, 108, 44, 175, 80, 180, 147, 78, 113, 95, 57, 162, 169, 29, 10, 5, 63, 134, 189, 193, 47, 109, 60, 70, 167, 133, 61, 48, 65, 181, 148, 13, 178, 87, 49, 127, 121, 75, 84, 99, 157, 172, 179, 142, 135, 104, 91, 1, 26, 130, 12, 52, 192, 20, 28, 54, 25, 131, 165, 194, 190, 159, 15, 89]
Taxon occupancy: {35=1000, 36=1000, 159=1000, 33=1000, 34=1000, 158=1000, 39=1000, 157=1000, 156=1000, 37=1000, 155=1000, 154=1000, 38=1000, 152=1000, 153=1000, 150=1000, 151=1000, 43=1000, 42=1000, 41=1000, 40=1000, 200=1000, 22=1000, 23=1000, 169=1000, 24=1000, 25=1000, 166=1000, 26=1000, 165=1000, 27=1000, 168=1000, 28=1000, 29=1000, 167=1000, 161=1000, 3=1000, 2=1000, 162=1000, 163=1000, 1=1000, 0=1000, 164=1000, 30=1000, 7=1000, 6=1000, 32=1000, 5=1000, 160=1000, 31=1000, 4=1000, 9=1000, 8=1000, 19=1000, 17=1000, 179=1000, 18=1000, 178=1000, 15=1000, 177=1000, 16=1000, 176=1000, 13=1000, 14=1000, 11=1000, 12=1000, 21=1000, 170=1000, 171=1000, 20=1000, 174=1000, 175=1000, 172=1000, 173=1000, 188=1000, 187=1000, 189=1000, 180=1000, 10=1000, 181=1000, 182=1000, 183=1000, 184=1000, 185=1000, 186=1000, 116=1000, 117=1000, 79=1000, 114=1000, 78=1000, 77=1000, 115=1000, 112=1000, 113=1000, 110=1000, 111=1000, 118=1000, 119=1000, 82=1000, 83=1000, 80=1000, 81=1000, 86=1000, 87=1000, 84=1000, 85=1000, 125=1000, 67=1000, 66=1000, 126=1000, 69=1000, 127=1000, 68=1000, 128=1000, 121=1000, 122=1000, 123=1000, 124=1000, 129=1000, 70=1000, 120=1000, 71=1000, 72=1000, 73=1000, 74=1000, 75=1000, 76=1000, 134=1000, 135=1000, 132=1000, 59=1000, 133=1000, 138=1000, 58=1000, 139=1000, 57=1000, 136=1000, 56=1000, 55=1000, 137=1000, 64=1000, 65=1000, 62=1000, 63=1000, 131=1000, 60=1000, 61=1000, 130=1000, 143=1000, 49=1000, 144=1000, 48=1000, 145=1000, 146=1000, 45=1000, 147=1000, 44=1000, 148=1000, 149=1000, 47=1000, 46=1000, 51=1000, 52=1000, 53=1000, 54=1000, 140=1000, 142=1000, 50=1000, 141=1000, 109=1000, 108=1000, 107=1000, 106=1000, 105=1000, 104=1000, 103=1000, 102=1000, 99=1000, 101=1000, 100=1000, 98=1000, 97=1000, 96=1000, 95=1000, 94=1000, 93=1000, 92=1000, 91=1000, 90=1000, 88=1000, 89=1000, 195=1000, 194=1000, 197=1000, 196=1000, 191=1000, 190=1000, 193=1000, 192=1000, 198=1000, 199=1000}
Number of gene trees: 1000
0 trees have missing taxa
Calculating quartet distance matrix (for completion of X)
Species tree distances calculated ...
Building set of clusters (X) from gene trees 
Using tree-based weight calculation.
Number of Default Clusters: 146399
Number of quartet trees in the gene trees: 65998314135
calculating extra bipartitions to be added at level 1 ...
Number of Clusters after addition by distance: 146429
Adding to X using resolutions of greedy consensus ...
Threshold 0.0:
polytomy of size 15; rounds with additions with at least 0.01 support: 13; clusters: 147931
Threshold 0.01:
polytomy of size 22; rounds with additions with at least 0.01 support: 8; clusters: 151419
Threshold 0.02:
polytomy of size 3; rounds with additions with at least 0.01 support: 0; clusters: 151419
polytomy of size 3; rounds with additions with at least 0.01 support: 0; clusters: 151419
polytomy of size 30; rounds with additions with at least 0.01 support: 3; clusters: 157809
Threshold 0.05:
polytomy of size 3; rounds with additions with at least 0.01 support: 0; clusters: 157809
polytomy of size 42; rounds with additions with at least 0.01 support: 0; clusters: 158041
Threshold 0.1:
polytomy of size 6; rounds with additions with at least 0.01 support: 0; clusters: 158041
polytomy of size 3; rounds with additions with at least 0.01 support: 0; clusters: 158041
polytomy of size 5; rounds with additions with at least 0.01 support: 0; clusters: 158041
polytomy of size 56; rounds with additions with at least 0.01 support: 0; clusters: 158281
Threshold 0.2:
polytomy of size 3; rounds with additions with at least 0.01 support: 0; clusters: 158281
polytomy of size 8; rounds with additions with at least 0.01 support: 0; clusters: 158281
polytomy of size 4; rounds with additions with at least 0.01 support: 0; clusters: 158281
polytomy of size 3; rounds with additions with at least 0.01 support: 0; clusters: 158281
polytomy of size 3; rounds with additions with at least 0.01 support: 0; clusters: 158281
polytomy of size 75; rounds with additions with at least 0.01 support: 0; clusters: 158533
Threshold 0.3333333333333333:
polytomy of size 5; rounds with additions with at least 0.01 support: 0; clusters: 158533
polytomy of size 3; rounds with additions with at least 0.01 support: 0; clusters: 158533
polytomy of size 3; rounds with additions with at least 0.01 support: 0; clusters: 158533
polytomy of size 3; rounds with additions with at least 0.01 support: 0; clusters: 158533
polytomy of size 9; rounds with additions with at least 0.01 support: 0; clusters: 158535
Number of Clusters after addition by greedy: 158535
partitions formed in 92.796 secs
Dynamic Programming starting after 92.796 secs
Size of largest cluster: 201
Size of largest cluster: 201
Calculated 100000 weights; time (seconds): 116
Calculated 200000 weights; time (seconds): 21
Calculated 300000 weights; time (seconds): 25
Total Number of elements weighted: 393439
Normalized score (portion of input quartet trees satisfied): NaN
Final optimization score: 0
Total Number of elements weighted: 393439
Normalized score (portion of input quartet trees satisfied): 0.4709809260190734
Final optimization score: 31083947107
Optimal tree inferred in 229.083 secs.
(173,((186,139),((75,(121,142)),((127,(49,(106,(178,87)))),(((118,(132,68)),(187,((76,((79,23),(17,(116,199)))),((144,74),(145,((59,86),(90,94))))))),(((120,9),((135,104),(77,((100,124),(34,183))))),((165,(131,(101,(194,190)))),(((41,((98,(167,133)),((40,159),(88,(36,179))))),((70,(189,(175,(80,180)))),((((84,99),(172,(168,(27,157)))),((166,176),((107,196),((73,160),(42,14))))),((12,52),((26,(46,(1,(91,130)))),(192,((71,(28,(20,(54,25)))),(92,(112,((83,105),(115,(18,(184,(6,(103,197))))))))))))))),((((51,(138,(62,198))),((15,89),((170,85),((58,4),(117,188))))),((47,(109,60)),((61,(8,114)),((48,(181,(65,148))),(136,((152,13),(22,97))))))),((((43,(55,35)),((161,72),(163,39))),(50,((93,(32,110)),((64,151),(67,((125,150),(158,81))))))),((0,(134,((147,(113,(78,95))),(57,((10,(162,169)),(5,(29,63))))))),(193,((154,((3,21),(182,((31,(143,(149,53))),(37,(146,(174,(19,140)))))))),(((102,66),((96,(33,30)),((16,185),(171,(11,(153,24)))))),(((164,(7,129)),(141,(45,137))),((56,(123,(119,(2,200)))),((82,(177,(155,195))),(128,((126,38),((111,156),((108,44),(69,(191,122)))))))))))))))))))))));
Quartet score is: 31083947107
Normalized quartet score is: 0.4709809260190734
ASTRAL finished in 237.818 secs
