
================== ASTRAL ===================== 

This is ASTRAL version 4.10.8
Gene trees are treated as unrooted
1000 trees read from model.50.2000000.0.000001/13/estimatedgenetre.halfresolved
All outputted trees will be *arbitrarily* rooted at 19

======== Running the main analysis
Number of taxa: 51 (51 species)
Taxa: [19, 26, 47, 20, 30, 41, 28, 8, 32, 38, 27, 24, 43, 44, 18, 1, 7, 17, 29, 23, 10, 6, 2, 39, 33, 50, 22, 25, 40, 9, 45, 48, 3, 21, 31, 12, 13, 14, 11, 46, 37, 35, 15, 5, 0, 34, 49, 4, 16, 36, 42]
Taxon occupancy: {35=1000, 36=1000, 33=1000, 34=1000, 39=1000, 37=1000, 38=1000, 43=1000, 42=1000, 41=1000, 40=1000, 22=1000, 23=1000, 24=1000, 25=1000, 26=1000, 27=1000, 28=1000, 29=1000, 3=1000, 2=1000, 1=1000, 0=1000, 7=1000, 30=1000, 6=1000, 32=1000, 5=1000, 31=1000, 4=1000, 9=1000, 8=1000, 19=1000, 17=1000, 18=1000, 15=1000, 16=1000, 13=1000, 14=1000, 11=1000, 12=1000, 21=1000, 20=1000, 49=1000, 48=1000, 45=1000, 44=1000, 47=1000, 46=1000, 10=1000, 50=1000}
Number of gene trees: 1000
0 trees have missing taxa
Calculating quartet distance matrix (for completion of X)
Species tree distances calculated ...
Building set of clusters (X) from gene trees 
Using tree-based weight calculation.
Number of Default Clusters: 5733
Number of quartet trees in the gene trees: 249900000
calculating extra bipartitions to be added at level 1 ...
Number of Clusters after addition by distance: 5733
Adding to X using resolutions of greedy consensus ...
Threshold 0.0:
Threshold 0.01:
Threshold 0.02:
Threshold 0.05:
Threshold 0.1:
Threshold 0.2:
polytomy of size 4; rounds with additions with at least 0.01 support: 0; clusters: 5733
Threshold 0.3333333333333333:
polytomy of size 3; rounds with additions with at least 0.01 support: 0; clusters: 5733
polytomy of size 3; rounds with additions with at least 0.01 support: 0; clusters: 5733
polytomy of size 4; rounds with additions with at least 0.01 support: 0; clusters: 5733
polytomy of size 4; rounds with additions with at least 0.01 support: 0; clusters: 5733
Number of Clusters after addition by greedy: 5733
partitions formed in 2.636 secs
Dynamic Programming starting after 2.636 secs
Size of largest cluster: 51
Size of largest cluster: 51
Total Number of elements weighted: 25141
Normalized score (portion of input quartet trees satisfied): NaN
Final optimization score: 0
Total Number of elements weighted: 25141
Normalized score (portion of input quartet trees satisfied): 0.8233180152060824
Final optimization score: 205747172
Optimal tree inferred in 4.157 secs.
(19,(((30,41),(20,(26,47))),((5,(28,(8,32))),((34,(49,(4,(42,(16,36))))),(0,((((27,24),(38,(29,23))),((43,10),(44,(18,(1,(7,17)))))),(((6,2),((39,33),(40,(22,((9,45),(50,25)))))),((37,(35,15)),(46,((3,(48,(21,31))),(12,(11,(13,14)))))))))))));
Quartet score is: 205747172
Normalized quartet score is: 0.8233180152060824
ASTRAL finished in 5.572 secs
