
================== ASTRAL ===================== 

This is ASTRAL version 4.10.8
Gene trees are treated as unrooted
1000 trees read from ASTRALDATA/model.1000.2000000.0.000001/30/estimatedgenetre.halfresolved
All outputted trees will be *arbitrarily* rooted at 108

======== Running the main analysis
Number of taxa: 1001 (1001 species)
Taxa: [108, 859, 64, 944, 342, 213, 840, 740, 754, 356, 459, 208, 655, 432, 220, 679, 934, 668, 713, 381, 378, 421, 406, 38, 863, 943, 663, 29, 176, 168, 253, 92, 408, 887, 843, 243, 938, 797, 571, 524, 369, 638, 365, 922, 230, 774, 312, 117, 914, 235, 965, 98, 185, 645, 138, 14, 868, 291, 637, 310, 968, 543, 904, 683, 684, 901, 814, 800, 161, 821, 207, 861, 234, 4, 112, 120, 584, 175, 267, 48, 735, 750, 647, 900, 105, 865, 13, 385, 244, 531, 288, 870, 642, 398, 201, 825, 778, 420, 200, 405, 180, 988, 897, 80, 17, 687, 471, 937, 355, 760, 188, 851, 347, 264, 523, 927, 708, 351, 179, 858, 564, 336, 127, 55, 587, 249, 955, 42, 992, 164, 961, 150, 752, 844, 911, 841, 444, 628, 549, 976, 78, 633, 197, 986, 190, 811, 461, 466, 486, 705, 223, 768, 527, 59, 437, 447, 340, 376, 627, 24, 35, 284, 450, 309, 494, 793, 764, 542, 84, 656, 157, 529, 46, 70, 240, 75, 808, 820, 882, 469, 595, 751, 925, 981, 260, 480, 662, 72, 468, 250, 672, 1000, 718, 715, 133, 532, 139, 317, 611, 763, 362, 707, 830, 44, 885, 722, 813, 73, 141, 113, 215, 510, 399, 881, 25, 320, 131, 435, 126, 149, 772, 62, 661, 805, 806, 878, 199, 236, 847, 528, 426, 57, 739, 485, 283, 307, 51, 876, 850, 756, 54, 795, 436, 951, 658, 832, 361, 946, 991, 942, 734, 404, 255, 339, 341, 798, 579, 386, 372, 400, 700, 248, 246, 899, 999, 321, 892, 915, 632, 103, 607, 923, 948, 290, 924, 874, 629, 16, 257, 956, 635, 508, 755, 936, 747, 681, 314, 593, 815, 476, 682, 231, 933, 994, 456, 216, 326, 575, 873, 482, 872, 880, 58, 589, 455, 65, 285, 615, 478, 389, 18, 37, 177, 993, 53, 318, 807, 358, 972, 115, 673, 952, 860, 969, 727, 418, 732, 331, 47, 788, 323, 697, 534, 306, 427, 380, 650, 147, 465, 930, 945, 714, 438, 118, 599, 500, 867, 785, 729, 419, 87, 416, 212, 971, 953, 513, 940, 382, 217, 894, 368, 353, 21, 324, 370, 822, 273, 828, 879, 802, 81, 912, 61, 594, 609, 493, 653, 34, 919, 520, 292, 604, 643, 74, 741, 100, 704, 499, 598, 338, 670, 183, 890, 433, 726, 869, 252, 85, 22, 921, 124, 766, 566, 431, 733, 254, 605, 170, 507, 596, 917, 434, 71, 963, 130, 191, 492, 364, 891, 545, 268, 390, 572, 172, 266, 836, 761, 33, 452, 613, 624, 377, 577, 125, 829, 439, 771, 674, 864, 895, 287, 691, 337, 15, 6, 41, 475, 827, 724, 467, 448, 569, 929, 989, 122, 423, 82, 193, 693, 154, 743, 443, 875, 932, 505, 776, 659, 998, 846, 680, 556, 966, 458, 167, 498, 76, 701, 521, 384, 824, 497, 959, 173, 565, 536, 721, 746, 634, 276, 835, 610, 982, 102, 962, 790, 939, 315, 731, 50, 515, 677, 214, 464, 137, 983, 770, 128, 205, 617, 88, 602, 501, 49, 600, 415, 121, 592, 259, 567, 19, 397, 561, 803, 45, 996, 159, 332, 958, 619, 957, 765, 396, 535, 135, 0, 182, 472, 621, 838, 269, 533, 116, 169, 99, 837, 313, 601, 504, 343, 833, 780, 990, 905, 156, 689, 479, 614, 202, 119, 985, 136, 330, 695, 997, 67, 442, 625, 855, 463, 20, 898, 5, 690, 174, 237, 908, 348, 184, 187, 586, 631, 570, 883, 367, 769, 888, 354, 393, 263, 782, 744, 913, 296, 379, 233, 603, 688, 660, 481, 89, 623, 272, 373, 238, 826, 129, 277, 261, 36, 27, 553, 555, 195, 394, 496, 83, 759, 462, 906, 910, 512, 941, 30, 460, 612, 192, 804, 489, 155, 301, 538, 392, 457, 430, 649, 9, 1, 522, 784, 854, 247, 333, 928, 40, 544, 319, 222, 218, 877, 973, 221, 101, 60, 286, 692, 975, 198, 270, 568, 786, 773, 573, 39, 90, 709, 441, 748, 445, 675, 401, 256, 387, 550, 665, 411, 251, 671, 210, 676, 903, 563, 163, 145, 454, 352, 429, 484, 258, 289, 375, 608, 166, 866, 644, 960, 134, 819, 530, 152, 388, 425, 640, 646, 106, 204, 148, 265, 781, 316, 304, 52, 334, 582, 583, 974, 79, 926, 698, 23, 151, 374, 979, 209, 654, 856, 409, 511, 114, 477, 935, 28, 839, 278, 622, 902, 178, 228, 758, 8, 716, 413, 32, 648, 403, 345, 26, 558, 470, 816, 123, 10, 517, 144, 711, 871, 7, 77, 636, 245, 211, 857, 518, 970, 794, 801, 43, 775, 706, 298, 783, 525, 539, 219, 548, 322, 967, 86, 360, 357, 407, 262, 717, 107, 446, 831, 703, 294, 232, 11, 194, 787, 977, 186, 749, 809, 792, 502, 391, 153, 984, 995, 295, 588, 918, 817, 557, 417, 606, 224, 453, 810, 597, 834, 581, 639, 275, 978, 110, 371, 474, 132, 146, 630, 503, 346, 907, 909, 56, 916, 12, 884, 487, 488, 495, 449, 300, 3, 305, 196, 241, 424, 893, 299, 328, 95, 111, 853, 490, 651, 823, 987, 516, 526, 576, 753, 920, 282, 158, 91, 335, 736, 242, 652, 949, 506, 546, 226, 31, 950, 954, 664, 274, 626, 325, 473, 666, 547, 514, 791, 271, 685, 560, 694, 585, 762, 363, 590, 742, 165, 189, 818, 350, 777, 574, 63, 509, 2, 383, 181, 712, 710, 344, 308, 719, 554, 451, 239, 730, 329, 327, 203, 171, 551, 96, 964, 541, 229, 559, 414, 737, 641, 109, 723, 852, 849, 225, 720, 280, 779, 143, 699, 402, 980, 686, 491, 578, 580, 931, 537, 395, 618, 140, 69, 519, 669, 591, 799, 297, 562, 886, 302, 667, 349, 422, 796, 728, 745, 616, 366, 68, 947, 104, 162, 293, 281, 359, 206, 757, 311, 428, 620, 227, 738, 97, 862, 142, 410, 93, 303, 412, 440, 845, 696, 812, 789, 657, 848, 552, 889, 160, 725, 896, 702, 279, 483, 94, 540, 842, 66, 678, 767]
Taxon occupancy: {338=1000, 339=1000, 941=1000, 942=1000, 940=1000, 945=1000, 332=1000, 946=1000, 333=1000, 943=1000, 330=1000, 331=1000, 944=1000, 949=1000, 336=1000, 337=1000, 947=1000, 334=1000, 335=1000, 948=1000, 531=1000, 748=1000, 747=1000, 530=1000, 746=1000, 745=1000, 535=1000, 534=1000, 533=1000, 749=1000, 532=1000, 539=1000, 740=1000, 538=1000, 537=1000, 536=1000, 744=1000, 743=1000, 742=1000, 741=1000, 349=1000, 930=1000, 931=1000, 341=1000, 932=1000, 933=1000, 342=1000, 934=1000, 343=1000, 344=1000, 935=1000, 936=1000, 345=1000, 346=1000, 937=1000, 938=1000, 347=1000, 939=1000, 348=1000, 540=1000, 3=1000, 735=1000, 2=1000, 734=1000, 929=1000, 737=1000, 542=1000, 1=1000, 541=1000, 736=1000, 0=1000, 739=1000, 544=1000, 7=1000, 738=1000, 543=1000, 6=1000, 546=1000, 340=1000, 5=1000, 4=1000, 545=1000, 548=1000, 547=1000, 9=1000, 549=1000, 8=1000, 731=1000, 730=1000, 733=1000, 732=1000, 920=1000, 318=1000, 319=1000, 316=1000, 317=1000, 314=1000, 927=1000, 315=1000, 928=1000, 312=1000, 925=1000, 313=1000, 926=1000, 923=1000, 310=1000, 311=1000, 924=1000, 921=1000, 922=1000, 513=1000, 729=1000, 512=1000, 728=1000, 511=1000, 727=1000, 510=1000, 726=1000, 725=1000, 919=1000, 724=1000, 723=1000, 918=1000, 722=1000, 721=1000, 519=1000, 720=1000, 518=1000, 517=1000, 516=1000, 515=1000, 514=1000, 327=1000, 328=1000, 329=1000, 323=1000, 914=1000, 324=1000, 915=1000, 325=1000, 916=1000, 326=1000, 917=1000, 910=1000, 709=1000, 320=1000, 911=1000, 912=1000, 321=1000, 322=1000, 913=1000, 717=1000, 522=1000, 521=1000, 716=1000, 719=1000, 524=1000, 718=1000, 523=1000, 713=1000, 908=1000, 712=1000, 907=1000, 520=1000, 715=1000, 909=1000, 714=1000, 529=1000, 711=1000, 710=1000, 526=1000, 525=1000, 528=1000, 527=1000, 989=1000, 988=1000, 987=1000, 571=1000, 570=1000, 982=1000, 981=1000, 980=1000, 986=1000, 985=1000, 984=1000, 983=1000, 700=1000, 574=1000, 703=1000, 575=1000, 704=1000, 572=1000, 701=1000, 702=1000, 573=1000, 578=1000, 707=1000, 579=1000, 708=1000, 576=1000, 705=1000, 577=1000, 706=1000, 977=1000, 976=1000, 300=1000, 979=1000, 978=1000, 302=1000, 580=1000, 301=1000, 304=1000, 582=1000, 303=1000, 581=1000, 306=1000, 305=1000, 308=1000, 971=1000, 307=1000, 970=1000, 973=1000, 972=1000, 309=1000, 975=1000, 974=1000, 583=1000, 584=1000, 585=1000, 586=1000, 587=1000, 588=1000, 589=1000, 969=1000, 968=1000, 967=1000, 966=1000, 965=1000, 964=1000, 963=1000, 962=1000, 961=1000, 960=1000, 558=1000, 559=1000, 556=1000, 557=1000, 554=1000, 555=1000, 552=1000, 553=1000, 550=1000, 551=1000, 959=1000, 958=1000, 560=1000, 955=1000, 954=1000, 957=1000, 956=1000, 951=1000, 950=1000, 953=1000, 952=1000, 569=1000, 565=1000, 566=1000, 567=1000, 568=1000, 561=1000, 562=1000, 563=1000, 564=1000, 799=1000, 798=1000, 797=1000, 796=1000, 795=1000, 794=1000, 793=1000, 792=1000, 790=1000, 996=1000, 791=1000, 997=1000, 994=1000, 995=1000, 992=1000, 993=1000, 990=1000, 991=1000, 998=1000, 999=1000, 781=1000, 782=1000, 783=1000, 784=1000, 785=1000, 786=1000, 787=1000, 788=1000, 789=1000, 780=1000, 772=1000, 505=1000, 506=1000, 773=1000, 503=1000, 770=1000, 771=1000, 504=1000, 509=1000, 776=1000, 777=1000, 774=1000, 507=1000, 508=1000, 775=1000, 778=1000, 779=1000, 501=1000, 502=1000, 500=1000, 763=1000, 764=1000, 765=1000, 766=1000, 760=1000, 761=1000, 762=1000, 767=1000, 768=1000, 769=1000, 754=1000, 755=1000, 752=1000, 753=1000, 750=1000, 751=1000, 758=1000, 759=1000, 756=1000, 757=1000, 595=1000, 594=1000, 597=1000, 391=1000, 596=1000, 390=1000, 599=1000, 393=1000, 598=1000, 392=1000, 395=1000, 394=1000, 396=1000, 397=1000, 398=1000, 399=1000, 590=1000, 591=1000, 592=1000, 593=1000, 383=1000, 384=1000, 381=1000, 382=1000, 380=1000, 389=1000, 388=1000, 387=1000, 386=1000, 385=1000, 370=1000, 371=1000, 372=1000, 373=1000, 379=1000, 378=1000, 375=1000, 374=1000, 377=1000, 376=1000, 361=1000, 362=1000, 360=1000, 366=1000, 365=1000, 364=1000, 363=1000, 369=1000, 368=1000, 367=1000, 350=1000, 351=1000, 353=1000, 352=1000, 355=1000, 354=1000, 357=1000, 356=1000, 359=1000, 358=1000, 806=1000, 807=1000, 804=1000, 805=1000, 802=1000, 803=1000, 800=1000, 801=1000, 159=1000, 158=1000, 157=1000, 156=1000, 155=1000, 154=1000, 601=1000, 152=1000, 153=1000, 600=1000, 150=1000, 151=1000, 609=1000, 608=1000, 607=1000, 606=1000, 605=1000, 604=1000, 603=1000, 602=1000, 202=1000, 203=1000, 204=1000, 205=1000, 200=1000, 201=1000, 169=1000, 206=1000, 166=1000, 165=1000, 207=1000, 208=1000, 168=1000, 167=1000, 209=1000, 161=1000, 409=1000, 162=1000, 408=1000, 163=1000, 164=1000, 405=1000, 404=1000, 407=1000, 160=1000, 406=1000, 401=1000, 400=1000, 403=1000, 402=1000, 824=1000, 211=1000, 212=1000, 825=1000, 822=1000, 823=1000, 210=1000, 828=1000, 215=1000, 216=1000, 829=1000, 213=1000, 826=1000, 827=1000, 214=1000, 219=1000, 179=1000, 178=1000, 217=1000, 177=1000, 176=1000, 218=1000, 820=1000, 821=1000, 418=1000, 170=1000, 171=1000, 417=1000, 416=1000, 415=1000, 174=1000, 623=1000, 175=1000, 622=1000, 172=1000, 621=1000, 620=1000, 419=1000, 173=1000, 410=1000, 627=1000, 626=1000, 625=1000, 624=1000, 819=1000, 414=1000, 413=1000, 412=1000, 629=1000, 628=1000, 411=1000, 220=1000, 811=1000, 812=1000, 221=1000, 813=1000, 222=1000, 814=1000, 223=1000, 224=1000, 815=1000, 225=1000, 816=1000, 226=1000, 817=1000, 227=1000, 818=1000, 188=1000, 228=1000, 229=1000, 187=1000, 189=1000, 810=1000, 427=1000, 426=1000, 180=1000, 181=1000, 429=1000, 428=1000, 182=1000, 183=1000, 610=1000, 184=1000, 185=1000, 612=1000, 186=1000, 611=1000, 809=1000, 614=1000, 808=1000, 613=1000, 616=1000, 421=1000, 615=1000, 420=1000, 618=1000, 423=1000, 422=1000, 617=1000, 425=1000, 424=1000, 619=1000, 843=1000, 116=1000, 842=1000, 117=1000, 841=1000, 114=1000, 115=1000, 840=1000, 112=1000, 113=1000, 110=1000, 111=1000, 849=1000, 848=1000, 847=1000, 846=1000, 845=1000, 118=1000, 844=1000, 119=1000, 435=1000, 436=1000, 433=1000, 434=1000, 431=1000, 432=1000, 430=1000, 439=1000, 437=1000, 438=1000, 830=1000, 125=1000, 126=1000, 832=1000, 127=1000, 831=1000, 128=1000, 121=1000, 122=1000, 123=1000, 124=1000, 838=1000, 837=1000, 839=1000, 834=1000, 129=1000, 833=1000, 836=1000, 835=1000, 444=1000, 445=1000, 446=1000, 447=1000, 440=1000, 441=1000, 442=1000, 443=1000, 120=1000, 448=1000, 449=1000, 861=1000, 134=1000, 860=1000, 135=1000, 132=1000, 133=1000, 865=1000, 138=1000, 139=1000, 864=1000, 863=1000, 136=1000, 862=1000, 137=1000, 869=1000, 868=1000, 867=1000, 866=1000, 450=1000, 453=1000, 454=1000, 451=1000, 452=1000, 457=1000, 458=1000, 455=1000, 456=1000, 459=1000, 131=1000, 130=1000, 143=1000, 144=1000, 850=1000, 145=1000, 146=1000, 852=1000, 147=1000, 851=1000, 148=1000, 149=1000, 854=1000, 853=1000, 856=1000, 855=1000, 858=1000, 857=1000, 859=1000, 461=1000, 460=1000, 462=1000, 463=1000, 464=1000, 465=1000, 466=1000, 467=1000, 468=1000, 469=1000, 140=1000, 142=1000, 141=1000, 687=1000, 686=1000, 689=1000, 688=1000, 683=1000, 682=1000, 685=1000, 684=1000, 888=1000, 889=1000, 884=1000, 885=1000, 886=1000, 680=1000, 681=1000, 887=1000, 880=1000, 881=1000, 882=1000, 883=1000, 678=1000, 677=1000, 676=1000, 675=1000, 674=1000, 673=1000, 672=1000, 671=1000, 679=1000, 879=1000, 877=1000, 878=1000, 875=1000, 876=1000, 670=1000, 873=1000, 874=1000, 871=1000, 872=1000, 870=1000, 696=1000, 695=1000, 694=1000, 693=1000, 890=1000, 699=1000, 698=1000, 697=1000, 899=1000, 893=1000, 894=1000, 891=1000, 892=1000, 897=1000, 691=1000, 898=1000, 692=1000, 895=1000, 896=1000, 690=1000, 646=1000, 647=1000, 648=1000, 649=1000, 642=1000, 195=1000, 194=1000, 643=1000, 197=1000, 644=1000, 196=1000, 645=1000, 191=1000, 190=1000, 193=1000, 640=1000, 641=1000, 192=1000, 198=1000, 199=1000, 639=1000, 637=1000, 638=1000, 635=1000, 636=1000, 633=1000, 634=1000, 631=1000, 632=1000, 630=1000, 668=1000, 669=1000, 660=1000, 661=1000, 662=1000, 663=1000, 664=1000, 665=1000, 666=1000, 667=1000, 659=1000, 657=1000, 658=1000, 651=1000, 652=1000, 650=1000, 655=1000, 656=1000, 653=1000, 654=1000, 35=1000, 36=1000, 33=1000, 34=1000, 39=1000, 37=1000, 38=1000, 43=1000, 42=1000, 41=1000, 40=1000, 22=1000, 23=1000, 24=1000, 25=1000, 26=1000, 27=1000, 28=1000, 29=1000, 30=1000, 32=1000, 31=1000, 19=1000, 17=1000, 18=1000, 15=1000, 16=1000, 13=1000, 14=1000, 11=1000, 12=1000, 21=1000, 20=1000, 10=1000, 79=1000, 78=1000, 77=1000, 82=1000, 83=1000, 80=1000, 81=1000, 86=1000, 87=1000, 84=1000, 85=1000, 67=1000, 66=1000, 69=1000, 68=1000, 70=1000, 71=1000, 72=1000, 73=1000, 74=1000, 75=1000, 76=1000, 59=1000, 58=1000, 57=1000, 56=1000, 55=1000, 64=1000, 65=1000, 62=1000, 63=1000, 60=1000, 61=1000, 49=1000, 48=1000, 45=1000, 44=1000, 47=1000, 46=1000, 51=1000, 52=1000, 53=1000, 54=1000, 50=1000, 281=1000, 487=1000, 280=1000, 486=1000, 485=1000, 484=1000, 285=1000, 284=1000, 283=1000, 489=1000, 282=1000, 488=1000, 288=1000, 289=1000, 286=1000, 287=1000, 482=1000, 483=1000, 480=1000, 481=1000, 474=1000, 473=1000, 476=1000, 270=1000, 475=1000, 478=1000, 272=1000, 271=1000, 477=1000, 274=1000, 273=1000, 479=1000, 275=1000, 276=1000, 277=1000, 278=1000, 279=1000, 470=1000, 471=1000, 472=1000, 1000=1000, 109=1000, 108=1000, 107=1000, 106=1000, 105=1000, 104=1000, 103=1000, 102=1000, 99=1000, 101=1000, 100=1000, 98=1000, 97=1000, 96=1000, 95=1000, 94=1000, 93=1000, 92=1000, 91=1000, 294=1000, 90=1000, 293=1000, 499=1000, 296=1000, 295=1000, 290=1000, 496=1000, 495=1000, 292=1000, 498=1000, 291=1000, 497=1000, 491=1000, 492=1000, 493=1000, 494=1000, 297=1000, 298=1000, 299=1000, 490=1000, 88=1000, 89=1000, 240=1000, 241=1000, 245=1000, 244=1000, 243=1000, 242=1000, 249=1000, 248=1000, 247=1000, 246=1000, 230=1000, 239=1000, 232=1000, 231=1000, 234=1000, 233=1000, 236=1000, 235=1000, 238=1000, 237=1000, 262=1000, 263=1000, 260=1000, 261=1000, 269=1000, 268=1000, 267=1000, 266=1000, 265=1000, 264=1000, 250=1000, 251=1000, 252=1000, 904=1000, 258=1000, 257=1000, 903=1000, 906=1000, 259=1000, 905=1000, 900=1000, 254=1000, 253=1000, 256=1000, 902=1000, 255=1000, 901=1000}
Number of gene trees: 1000
0 trees have missing taxa
Calculating quartet distance matrix (for completion of X)
Species tree distances calculated ...
Building set of clusters (X) from gene trees 
Using tree-based weight calculation.
Number of Default Clusters: 404791
Number of quartet trees in the gene trees: 41583291353857
calculating extra bipartitions to be added at level 1 ...
Number of Clusters after addition by distance: 404871
Adding to X using resolutions of greedy consensus ...
Threshold 0.0:
polytomy of size 3; rounds with additions with at least 0.01 support: 1; clusters: 404877
polytomy of size 20; rounds with additions with at least 0.01 support: 17; clusters: 409011
Threshold 0.01:
polytomy of size 49; rounds with additions with at least 0.01 support: 51; clusters: 443267
Threshold 0.02:
polytomy of size 4; rounds with additions with at least 0.01 support: 0; clusters: 443267
polytomy of size 58; rounds with additions with at least 0.01 support: 21; clusters: 490149
Threshold 0.05:
polytomy of size 3; rounds with additions with at least 0.01 support: 0; clusters: 490149
polytomy of size 3; rounds with additions with at least 0.01 support: 0; clusters: 490149
polytomy of size 4; rounds with additions with at least 0.01 support: 0; clusters: 490149
polytomy of size 5; rounds with additions with at least 0.01 support: 0; clusters: 490149
polytomy of size 3; rounds with additions with at least 0.01 support: 0; clusters: 490149
polytomy of size 3; rounds with additions with at least 0.01 support: 0; clusters: 490149
polytomy of size 77; rounds with additions with at least 0.01 support: 2; clusters: 490859
polytomy of size 3; rounds with additions with at least 0.01 support: 0; clusters: 490859
Threshold 0.1:
polytomy of size 7; rounds with additions with at least 0.01 support: 0; clusters: 490859
polytomy of size 5; rounds with additions with at least 0.01 support: 0; clusters: 490859
polytomy of size 4; rounds with additions with at least 0.01 support: 0; clusters: 490859
polytomy of size 5; rounds with additions with at least 0.01 support: 0; clusters: 490859
polytomy of size 3; rounds with additions with at least 0.01 support: 0; clusters: 490859
polytomy of size 5; rounds with additions with at least 0.01 support: 0; clusters: 490859
polytomy of size 107; rounds with additions with at least 0.01 support: 2; clusters: 491733
polytomy of size 4; rounds with additions with at least 0.01 support: 0; clusters: 491733
Threshold 0.2:
polytomy of size 3; rounds with additions with at least 0.01 support: 0; clusters: 491733
polytomy of size 3; rounds with additions with at least 0.01 support: 0; clusters: 491733
polytomy of size 4; rounds with additions with at least 0.01 support: 0; clusters: 491733
polytomy of size 5; rounds with additions with at least 0.01 support: 0; clusters: 491733
polytomy of size 3; rounds with additions with at least 0.01 support: 0; clusters: 491733
polytomy of size 3; rounds with additions with at least 0.01 support: 0; clusters: 491733
polytomy of size 8; rounds with additions with at least 0.01 support: 0; clusters: 491733
polytomy of size 3; rounds with additions with at least 0.01 support: 0; clusters: 491733
polytomy of size 3; rounds with additions with at least 0.01 support: 0; clusters: 491733
polytomy of size 3; rounds with additions with at least 0.01 support: 0; clusters: 491733
polytomy of size 3; rounds with additions with at least 0.01 support: 0; clusters: 491733
polytomy of size 3; rounds with additions with at least 0.01 support: 0; clusters: 491733
polytomy of size 5; rounds with additions with at least 0.01 support: 0; clusters: 491733
polytomy of size 4; rounds with additions with at least 0.01 support: 0; clusters: 491733
polytomy of size 3; rounds with additions with at least 0.01 support: 0; clusters: 491733
polytomy of size 3; rounds with additions with at least 0.01 support: 0; clusters: 491733
polytomy of size 3; rounds with additions with at least 0.01 support: 0; clusters: 491733
polytomy of size 4; rounds with additions with at least 0.01 support: 0; clusters: 491733
polytomy of size 3; rounds with additions with at least 0.01 support: 0; clusters: 491733
polytomy of size 3; rounds with additions with at least 0.01 support: 0; clusters: 491733
polytomy of size 3; rounds with additions with at least 0.01 support: 0; clusters: 491733
polytomy of size 3; rounds with additions with at least 0.01 support: 0; clusters: 491733
polytomy of size 3; rounds with additions with at least 0.01 support: 0; clusters: 491733
polytomy of size 3; rounds with additions with at least 0.01 support: 0; clusters: 491733
polytomy of size 5; rounds with additions with at least 0.01 support: 0; clusters: 491737
polytomy of size 3; rounds with additions with at least 0.01 support: 0; clusters: 491737
polytomy of size 4; rounds with additions with at least 0.01 support: 0; clusters: 491737
polytomy of size 8; rounds with additions with at least 0.01 support: 0; clusters: 491737
Threshold 0.3333333333333333:
polytomy of size 3; rounds with additions with at least 0.01 support: 0; clusters: 491737
polytomy of size 3; rounds with additions with at least 0.01 support: 0; clusters: 491737
polytomy of size 4; rounds with additions with at least 0.01 support: 0; clusters: 491737
polytomy of size 3; rounds with additions with at least 0.01 support: 0; clusters: 491737
polytomy of size 3; rounds with additions with at least 0.01 support: 0; clusters: 491737
polytomy of size 3; rounds with additions with at least 0.01 support: 0; clusters: 491737
polytomy of size 3; rounds with additions with at least 0.01 support: 0; clusters: 491737
polytomy of size 4; rounds with additions with at least 0.01 support: 0; clusters: 491737
polytomy of size 6; rounds with additions with at least 0.01 support: 0; clusters: 491737
polytomy of size 3; rounds with additions with at least 0.01 support: 0; clusters: 491737
polytomy of size 6; rounds with additions with at least 0.01 support: 0; clusters: 491737
polytomy of size 5; rounds with additions with at least 0.01 support: 0; clusters: 491737
polytomy of size 3; rounds with additions with at least 0.01 support: 0; clusters: 491737
polytomy of size 5; rounds with additions with at least 0.01 support: 0; clusters: 491737
polytomy of size 3; rounds with additions with at least 0.01 support: 0; clusters: 491737
polytomy of size 3; rounds with additions with at least 0.01 support: 0; clusters: 491737
polytomy of size 3; rounds with additions with at least 0.01 support: 0; clusters: 491737
polytomy of size 5; rounds with additions with at least 0.01 support: 0; clusters: 491737
polytomy of size 3; rounds with additions with at least 0.01 support: 0; clusters: 491737
polytomy of size 3; rounds with additions with at least 0.01 support: 0; clusters: 491737
polytomy of size 4; rounds with additions with at least 0.01 support: 0; clusters: 491737
polytomy of size 3; rounds with additions with at least 0.01 support: 0; clusters: 491737
polytomy of size 3; rounds with additions with at least 0.01 support: 0; clusters: 491737
polytomy of size 6; rounds with additions with at least 0.01 support: 0; clusters: 491737
polytomy of size 3; rounds with additions with at least 0.01 support: 0; clusters: 491737
polytomy of size 3; rounds with additions with at least 0.01 support: 0; clusters: 491737
polytomy of size 3; rounds with additions with at least 0.01 support: 0; clusters: 491737
polytomy of size 4; rounds with additions with at least 0.01 support: 0; clusters: 491737
polytomy of size 8; rounds with additions with at least 0.01 support: 0; clusters: 491741
polytomy of size 4; rounds with additions with at least 0.01 support: 0; clusters: 491741
polytomy of size 4; rounds with additions with at least 0.01 support: 0; clusters: 491741
polytomy of size 3; rounds with additions with at least 0.01 support: 0; clusters: 491741
polytomy of size 3; rounds with additions with at least 0.01 support: 0; clusters: 491741
polytomy of size 4; rounds with additions with at least 0.01 support: 0; clusters: 491741
polytomy of size 3; rounds with additions with at least 0.01 support: 0; clusters: 491741
polytomy of size 3; rounds with additions with at least 0.01 support: 0; clusters: 491741
polytomy of size 4; rounds with additions with at least 0.01 support: 0; clusters: 491741
polytomy of size 8; rounds with additions with at least 0.01 support: 0; clusters: 491761
polytomy of size 3; rounds with additions with at least 0.01 support: 0; clusters: 491761
polytomy of size 4; rounds with additions with at least 0.01 support: 0; clusters: 491761
polytomy of size 3; rounds with additions with at least 0.01 support: 0; clusters: 491761
polytomy of size 3; rounds with additions with at least 0.01 support: 0; clusters: 491761
polytomy of size 3; rounds with additions with at least 0.01 support: 0; clusters: 491761
polytomy of size 3; rounds with additions with at least 0.01 support: 0; clusters: 491761
polytomy of size 6; rounds with additions with at least 0.01 support: 0; clusters: 491761
polytomy of size 4; rounds with additions with at least 0.01 support: 0; clusters: 491761
polytomy of size 6; rounds with additions with at least 0.01 support: 0; clusters: 491761
polytomy of size 3; rounds with additions with at least 0.01 support: 0; clusters: 491761
polytomy of size 3; rounds with additions with at least 0.01 support: 0; clusters: 491761
polytomy of size 5; rounds with additions with at least 0.01 support: 0; clusters: 491761
Number of Clusters after addition by greedy: 491761
partitions formed in 1193.324 secs
Dynamic Programming starting after 1193.324 secs
Size of largest cluster: 1001
Size of largest cluster: 1001
Calculated 100000 weights; time (seconds): 1329
Calculated 200000 weights; time (seconds): 124
Calculated 300000 weights; time (seconds): 135
Calculated 400000 weights; time (seconds): 124
Calculated 500000 weights; time (seconds): 130
Calculated 600000 weights; time (seconds): 123
Calculated 700000 weights; time (seconds): 124
Calculated 800000 weights; time (seconds): 129
Calculated 900000 weights; time (seconds): 184
Calculated 1000000 weights; time (seconds): 449
Total Number of elements weighted: 1192010
Normalized score (portion of input quartet trees satisfied): NaN
Final optimization score: 0
Calculated 1100000 weights; time (seconds): 453
Total Number of elements weighted: 1192010
Normalized score (portion of input quartet trees satisfied): 0.5053467262293532
Final optimization score: 21013980151513
Optimal tree inferred in 3754.97 secs.
(108,(((32,(648,(403,345))),(932,(170,((431,733),((124,766),(566,(254,605))))))),((((622,(902,178)),((228,716),(413,(758,8)))),(((555,195),((688,660),((481,89),(553,(36,(27,(129,((277,261),(623,((238,826),(272,373))))))))))),(603,(((910,(192,(462,906))),((460,612),(941,(512,(759,30))))),((394,(496,83)),((489,155),(457,((804,301),(538,392))))))))),((678,767),((((136,702),(625,(67,442))),(((293,(594,(609,493))),(440,(710,(533,(281,359))))),(206,(((((757,311),(428,620)),(616,((366,68),(745,(947,(104,162)))))),((591,(799,297)),((233,(552,(889,160))),((845,696),(789,(848,(725,(812,657)))))))),(896,(((263,422),(562,((796,728),((667,349),(886,302))))),(769,(((842,66),(116,(94,(279,(483,540))))),(188,((367,(142,(862,410))),((93,(303,412)),(97,((227,738),(((351,179),(523,(927,708))),((937,355),((858,564),(760,(347,(851,264))))))))))))))))))),(((586,(631,(570,883))),(((722,813),(73,141)),(((621,838),(824,(497,959))),(0,((119,985),((619,957),(313,(601,504)))))))),((((((210,(676,903)),((699,402),(143,(535,135)))),((737,(641,(414,109))),(225,((280,779),(720,(723,(852,849))))))),(((881,25),(278,((777,(574,63)),(189,(818,350))))),(671,((((519,669),((580,931),(537,395))),(898,((463,20),(855,(5,(690,174)))))),(430,(((885,784),(686,(491,578))),(980,((140,(618,69)),(134,((854,344),(819,(388,(530,152))))))))))))),(((((707,830),(763,362)),((164,(841,(911,444))),((752,(961,844)),(150,(479,(614,202)))))),(((520,(34,919)),(((127,55),(587,249)),(292,(604,(74,(643,741)))))),((561,((121,592),((803,45),((19,397),(259,567))))),((((486,((986,466),(811,(190,461)))),(197,((78,633),(628,(549,976))))),((260,480),((42,992),((139,317),(250,(((662,72),(532,(715,133))),((468,611),(672,(1000,718))))))))),(44,(((469,(925,981)),((595,751),(882,(808,820)))),(450,(((447,(340,(376,627))),(705,(437,((768,59),(223,527))))),((542,(84,656)),((157,(75,((70,240),(529,46)))),((24,35),((793,764),(284,(309,494)))))))))))))),(((955,(380,((418,788),(47,(732,331))))),(((880,58),(455,(872,589))),((((147,945),(650,(465,930))),(993,((177,(285,615)),(478,(18,(389,37)))))),(65,((53,318),(((673,727),(952,(860,969))),((958,(438,118)),(807,(115,(358,972)))))))))),((61,(996,159)),(((106,((926,(204,((23,151),(698,374)))),((79,(583,974)),(304,((52,(334,582)),(148,(781,(265,316)))))))),((((979,209),(649,9)),((654,(856,409)),(511,((28,839),(935,(114,477)))))),((482,714),((425,(640,646)),(((217,894),(867,(940,382))),(21,(((81,912),(370,(802,(273,(822,828))))),(353,((713,785),((513,324),((729,(419,87)),((381,599),(368,(500,((416,212),(971,953)))))))))))))))),(653,(((283,((57,(528,426)),(485,(739,(236,847))))),((878,199),(((436,(951,658)),((946,991),(832,361))),(756,((307,(54,795)),(51,(876,850))))))),((579,(386,372)),(471,(((948,290),((321,(999,892)),(915,(899,(632,(923,(103,607))))))),((248,(400,(700,246))),((942,(798,((734,404),(339,(255,341))))),((((534,306),(427,(323,697))),(661,((805,806),((772,62),(149,(435,126)))))),(924,((216,(326,(575,873))),(((874,747),((16,(257,956)),(629,(635,(508,(755,936)))))),((994,456),(((593,815),(476,682)),((231,933),(681,314)))))))))))))))))))),((((859,64),(320,131)),(((905,156),(169,(99,837))),((484,((145,(163,454)),((352,429),((258,(289,960)),(644,((375,608),(166,866))))))),(((776,659),(879,((467,(448,(6,(921,((41,724),(475,827)))))),((130,(891,(191,(492,364)))),(336,(71,(434,(917,963)))))))),(((377,577),(((613,624),(452,(761,33))),((268,390),(545,((572,172),(266,836)))))),((1,(125,((287,(15,(691,337))),(864,(895,(439,(829,(771,674)))))))),(423,((569,(122,(929,989))),(82,((443,875),((693,154),(193,743)))))))))))),(((((559,(252,(85,22))),((890,(183,(598,(338,670)))),(100,((704,499),(433,(726,869)))))),((689,(215,(510,399))),(((754,(213,840)),(342,(740,356))),(((432,220),(679,(208,655))),(944,(113,(459,(934,668)))))))),((343,((((982,102),((565,(421,173)),(378,(406,38)))),(((541,229),(96,(551,964))),(505,((276,(835,610)),(536,(721,(746,634))))))),((332,(251,((939,(962,790)),(315,(515,(677,(731,50))))))),(((600,415),(49,(88,(602,501)))),((137,983),((214,128),(770,(205,(464,617))))))))),((712,(181,(383,(509,2)))),(((863,(943,(176,(663,29)))),((774,((914,(312,117)),((365,(922,230)),(797,((369,638),(571,524)))))),(((904,(683,684)),(901,(235,965))),(((92,(168,253)),(938,((843,243),(408,887)))),(800,(((98,645),(185,(138,14))),(814,((310,(968,543)),(868,(291,637)))))))))),(900,(((507,596),(((420,200),(201,(825,778))),((405,180),((80,17),(687,(988,897)))))),(((175,267),((120,584),((161,821),((207,861),(234,(4,112)))))),(((647,(998,(735,750))),((782,744),(379,(913,296)))),((48,((865,(846,680)),(385,((244,398),(105,13))))),((642,(870,(531,288))),((167,498),((76,(556,966)),(458,(701,(521,384))))))))))))))),((411,563),(((765,396),((773,573),(((198,(975,(60,(692,(101,286))))),(247,(333,(928,(222,(544,(40,319))))))),(((877,973),(218,221)),((270,(568,786)),((387,(550,665)),((39,256),((445,675),((90,748),(441,(709,401))))))))))),(((780,(833,990)),(695,(817,(330,918)))),((888,522),((((245,171),(329,(327,203))),((451,(239,730)),(393,(308,(719,554))))),((269,((182,472),(275,(978,110)))),((((783,(884,3)),((305,(893,299)),((354,424),(196,241)))),((123,10),(((144,711),((328,651),((95,111),(194,(853,490))))),((158,91),((753,920),((((997,506),(949,546)),((242,652),(282,(335,736)))),((516,((526,576),(823,987))),((626,(950,(226,31))),((325,473),(954,(664,274))))))))))),((((211,(26,(558,(470,816)))),(517,((77,636),(871,7)))),(((606,(224,453)),((295,588),(219,(548,322)))),(((787,977),(186,749)),(((232,11),((984,995),(391,153))),((417,(502,(809,792))),(557,((967,86),(360,(357,((446,(831,703)),(294,(262,(407,(717,107)))))))))))))),((237,(184,(908,(348,187)))),(((706,298),((487,(488,(495,(449,300)))),((503,((146,630),(371,(474,132)))),(346,(907,(56,(916,(909,12)))))))),(((810,((834,581),(597,639))),((525,539),(857,(518,970)))),((794,(801,43)),((775,(742,165)),((363,(762,590)),((694,585),(560,(685,(666,(514,(791,(547,271))))))))))))))))))))))))))))));
Quartet score is: 21013980151513
Normalized quartet score is: 0.5053467262293532
ASTRAL finished in 3948.335 secs
