
================== ASTRAL ===================== 

This is ASTRAL version 4.10.8
Gene trees are treated as unrooted
979 trees read from model.50.2000000.0.000001/35/estimatedgenetre.halfresolved
All outputted trees will be *arbitrarily* rooted at 30

======== Running the main analysis
Number of taxa: 51 (51 species)
Taxa: [30, 28, 26, 41, 48, 24, 3, 5, 7, 22, 6, 14, 13, 37, 19, 47, 15, 2, 42, 50, 8, 39, 11, 43, 25, 27, 31, 0, 4, 44, 20, 34, 36, 46, 18, 29, 33, 49, 10, 16, 9, 21, 38, 45, 23, 12, 17, 32, 35, 1, 40]
Taxon occupancy: {35=979, 36=979, 33=979, 34=979, 39=979, 37=979, 38=979, 43=979, 42=979, 41=979, 40=979, 22=979, 23=979, 24=979, 25=979, 26=979, 27=979, 28=979, 29=979, 3=979, 2=979, 1=979, 0=979, 30=979, 7=979, 6=979, 5=979, 32=979, 31=979, 4=979, 9=979, 8=979, 19=979, 17=979, 18=979, 15=979, 16=979, 13=979, 14=979, 11=979, 12=979, 21=979, 20=979, 49=979, 48=979, 45=979, 44=979, 47=979, 46=979, 10=979, 50=979}
Number of gene trees: 979
0 trees have missing taxa
Calculating quartet distance matrix (for completion of X)
Species tree distances calculated ...
Building set of clusters (X) from gene trees 
Using tree-based weight calculation.
Number of Default Clusters: 16825
Number of quartet trees in the gene trees: 243719559
calculating extra bipartitions to be added at level 1 ...
Number of Clusters after addition by distance: 16825
Adding to X using resolutions of greedy consensus ...
Threshold 0.0:
Threshold 0.01:
Threshold 0.02:
Threshold 0.05:
Threshold 0.1:
polytomy of size 7; rounds with additions with at least 0.01 support: 0; clusters: 16825
Threshold 0.2:
polytomy of size 3; rounds with additions with at least 0.01 support: 0; clusters: 16825
polytomy of size 7; rounds with additions with at least 0.01 support: 0; clusters: 16825
polytomy of size 3; rounds with additions with at least 0.01 support: 0; clusters: 16825
polytomy of size 3; rounds with additions with at least 0.01 support: 0; clusters: 16825
Threshold 0.3333333333333333:
polytomy of size 3; rounds with additions with at least 0.01 support: 0; clusters: 16825
polytomy of size 3; rounds with additions with at least 0.01 support: 0; clusters: 16825
polytomy of size 4; rounds with additions with at least 0.01 support: 0; clusters: 16825
polytomy of size 14; rounds with additions with at least 0.01 support: 0; clusters: 16889
polytomy of size 3; rounds with additions with at least 0.01 support: 0; clusters: 16889
polytomy of size 3; rounds with additions with at least 0.01 support: 0; clusters: 16889
polytomy of size 6; rounds with additions with at least 0.01 support: 0; clusters: 16889
Number of Clusters after addition by greedy: 16889
partitions formed in 4.308 secs
Dynamic Programming starting after 4.308 secs
Size of largest cluster: 51
Size of largest cluster: 51
Total Number of elements weighted: 86267
Normalized score (portion of input quartet trees satisfied): NaN
Final optimization score: 0
Total Number of elements weighted: 86267
Normalized score (portion of input quartet trees satisfied): 0.6674759164487082
Final optimization score: 162676936
Optimal tree inferred in 9.284 secs.
(30,(7,((3,(5,22)),(((48,24),(41,(28,26))),(((1,(13,9)),((37,19),(35,(17,32)))),(((6,14),((50,((39,11),(47,8))),((42,(2,43)),(31,(15,(25,27)))))),((12,(23,40)),(((21,(38,45)),(46,(34,36))),((4,(44,20)),(0,((33,(10,16)),(18,(29,49)))))))))))));
Quartet score is: 162676936
Normalized quartet score is: 0.6674759164487082
ASTRAL finished in 10.718 secs
