
================== ASTRAL ===================== 

This is ASTRAL version 4.10.8
Gene trees are treated as unrooted
1000 trees read from model.200.10000000.0.000001/47/estimatedgenetre.halfresolved
All outputted trees will be *arbitrarily* rooted at 37

======== Running the main analysis
Number of taxa: 201 (201 species)
Taxa: [37, 15, 96, 160, 109, 86, 33, 189, 105, 57, 155, 50, 85, 151, 10, 178, 193, 46, 89, 112, 184, 187, 111, 162, 142, 133, 118, 83, 200, 100, 65, 138, 32, 124, 167, 103, 161, 185, 43, 122, 168, 67, 195, 110, 45, 82, 199, 129, 179, 181, 157, 23, 56, 60, 13, 36, 132, 121, 172, 73, 75, 166, 134, 108, 22, 191, 34, 55, 144, 159, 95, 120, 70, 47, 88, 4, 38, 165, 128, 0, 139, 49, 150, 196, 146, 14, 145, 101, 12, 63, 77, 72, 115, 92, 84, 126, 69, 125, 169, 54, 40, 192, 7, 174, 48, 97, 80, 5, 18, 177, 137, 149, 141, 16, 117, 153, 107, 64, 9, 30, 186, 116, 175, 61, 154, 25, 8, 19, 31, 163, 197, 99, 11, 2, 119, 94, 158, 20, 1, 41, 17, 74, 136, 76, 52, 90, 71, 78, 68, 140, 104, 87, 21, 190, 135, 183, 62, 106, 113, 182, 173, 44, 131, 130, 143, 79, 27, 123, 6, 42, 194, 156, 3, 81, 188, 114, 147, 51, 152, 29, 91, 102, 53, 176, 28, 171, 58, 93, 26, 39, 127, 148, 59, 180, 66, 98, 24, 164, 170, 198, 35]
Taxon occupancy: {35=1000, 36=1000, 159=1000, 33=1000, 34=1000, 158=1000, 157=1000, 39=1000, 156=1000, 37=1000, 155=1000, 38=1000, 154=1000, 152=1000, 153=1000, 150=1000, 151=1000, 43=1000, 42=1000, 41=1000, 40=1000, 200=1000, 22=1000, 23=1000, 169=1000, 24=1000, 25=1000, 166=1000, 26=1000, 165=1000, 27=1000, 168=1000, 28=1000, 167=1000, 29=1000, 161=1000, 3=1000, 162=1000, 2=1000, 163=1000, 1=1000, 164=1000, 0=1000, 7=1000, 30=1000, 6=1000, 32=1000, 5=1000, 4=1000, 160=1000, 31=1000, 9=1000, 8=1000, 19=1000, 179=1000, 17=1000, 178=1000, 18=1000, 15=1000, 177=1000, 16=1000, 176=1000, 13=1000, 14=1000, 11=1000, 12=1000, 170=1000, 21=1000, 20=1000, 171=1000, 174=1000, 175=1000, 172=1000, 173=1000, 188=1000, 187=1000, 189=1000, 180=1000, 181=1000, 10=1000, 182=1000, 183=1000, 184=1000, 185=1000, 186=1000, 116=1000, 117=1000, 79=1000, 78=1000, 114=1000, 115=1000, 77=1000, 112=1000, 113=1000, 110=1000, 111=1000, 118=1000, 119=1000, 82=1000, 83=1000, 80=1000, 81=1000, 86=1000, 87=1000, 84=1000, 85=1000, 67=1000, 125=1000, 66=1000, 126=1000, 69=1000, 127=1000, 128=1000, 68=1000, 121=1000, 122=1000, 123=1000, 124=1000, 129=1000, 70=1000, 120=1000, 71=1000, 72=1000, 73=1000, 74=1000, 75=1000, 76=1000, 134=1000, 135=1000, 132=1000, 59=1000, 133=1000, 138=1000, 58=1000, 139=1000, 57=1000, 56=1000, 136=1000, 55=1000, 137=1000, 64=1000, 65=1000, 62=1000, 63=1000, 60=1000, 131=1000, 61=1000, 130=1000, 49=1000, 143=1000, 144=1000, 48=1000, 145=1000, 146=1000, 45=1000, 147=1000, 44=1000, 148=1000, 47=1000, 149=1000, 46=1000, 51=1000, 52=1000, 53=1000, 54=1000, 140=1000, 142=1000, 50=1000, 141=1000, 109=1000, 108=1000, 107=1000, 106=1000, 105=1000, 104=1000, 103=1000, 99=1000, 102=1000, 101=1000, 100=1000, 98=1000, 97=1000, 96=1000, 95=1000, 94=1000, 93=1000, 92=1000, 91=1000, 90=1000, 88=1000, 89=1000, 195=1000, 194=1000, 197=1000, 196=1000, 191=1000, 190=1000, 193=1000, 192=1000, 198=1000, 199=1000}
Number of gene trees: 1000
0 trees have missing taxa
Calculating quartet distance matrix (for completion of X)
Species tree distances calculated ...
Building set of clusters (X) from gene trees 
Using tree-based weight calculation.
Number of Default Clusters: 8149
Number of quartet trees in the gene trees: 65998349802
calculating extra bipartitions to be added at level 1 ...
Number of Clusters after addition by distance: 8149
Adding to X using resolutions of greedy consensus ...
Threshold 0.0:
Threshold 0.01:
Threshold 0.02:
Threshold 0.05:
Threshold 0.1:
Threshold 0.2:
polytomy of size 3; rounds with additions with at least 0.01 support: 0; clusters: 8149
polytomy of size 3; rounds with additions with at least 0.01 support: 0; clusters: 8149
polytomy of size 3; rounds with additions with at least 0.01 support: 0; clusters: 8149
polytomy of size 3; rounds with additions with at least 0.01 support: 0; clusters: 8149
Threshold 0.3333333333333333:
polytomy of size 5; rounds with additions with at least 0.01 support: 0; clusters: 8149
polytomy of size 7; rounds with additions with at least 0.01 support: 0; clusters: 8149
polytomy of size 3; rounds with additions with at least 0.01 support: 0; clusters: 8149
polytomy of size 3; rounds with additions with at least 0.01 support: 0; clusters: 8149
polytomy of size 4; rounds with additions with at least 0.01 support: 0; clusters: 8149
polytomy of size 3; rounds with additions with at least 0.01 support: 0; clusters: 8149
polytomy of size 5; rounds with additions with at least 0.01 support: 0; clusters: 8149
polytomy of size 3; rounds with additions with at least 0.01 support: 0; clusters: 8149
polytomy of size 3; rounds with additions with at least 0.01 support: 0; clusters: 8149
polytomy of size 3; rounds with additions with at least 0.01 support: 0; clusters: 8149
polytomy of size 3; rounds with additions with at least 0.01 support: 0; clusters: 8149
Number of Clusters after addition by greedy: 8149
partitions formed in 10.22 secs
Dynamic Programming starting after 10.22 secs
Size of largest cluster: 201
Size of largest cluster: 201
Total Number of elements weighted: 30003
Normalized score (portion of input quartet trees satisfied): NaN
Final optimization score: 0
Total Number of elements weighted: 30003
Normalized score (portion of input quartet trees satisfied): 0.9563798653960776
Final optimization score: 63119492900
Optimal tree inferred in 17.64 secs.
(37,(((24,((164,170),(198,35))),((15,96),(((148,59),(180,(66,98))),((189,(105,57)),(33,(160,(109,86))))))),((155,(50,85)),((151,(10,(178,193))),(((161,(46,(89,(112,(184,(111,(187,162))))))),((142,103),((118,83),(133,(167,((200,100),(65,(138,(32,124))))))))),((26,(39,127)),((195,(((13,(36,132)),((60,121),(172,(73,75)))),((110,45),((67,(185,43)),((122,168),((157,(23,56)),(82,(199,(179,(129,181)))))))))),((((71,78),(68,(140,(104,87)))),((166,134),(((191,34),(108,22)),((144,(55,(159,95))),(120,(128,(165,(70,((88,4),(47,38)))))))))),((131,(((21,190),((183,62),(135,(106,(113,(182,(173,44))))))),((130,(143,(79,27))),((93,(58,((81,188),(123,((156,3),(6,(42,194))))))),((114,((152,29),(147,51))),((91,102),(53,(176,(28,171))))))))),(0,(((17,((74,136),(76,(52,90)))),(((186,(116,175)),(61,(154,25))),(8,((197,(163,(19,31))),((99,41),(1,((158,20),(94,(119,(11,2)))))))))),(((146,(14,145)),(139,(49,(150,196)))),((101,(12,63)),((((7,174),(9,(64,30))),(48,(107,(169,(54,(40,192)))))),(((84,(126,(69,125))),((115,92),(77,72))),((97,80),(((117,153),(141,16)),(5,((18,177),(137,149))))))))))))))))))));
Quartet score is: 63119492900
Normalized quartet score is: 0.9563798653960776
ASTRAL finished in 27.203 secs
