
================== ASTRAL ===================== 

This is ASTRAL version 4.10.8
Gene trees are treated as unrooted
1000 trees read from model.500.2000000.0.000001/22/estimatedgenetre.halfresolved
All outputted trees will be *arbitrarily* rooted at 329

======== Running the main analysis
Number of taxa: 501 (501 species)
Taxa: [329, 359, 446, 194, 421, 306, 371, 130, 58, 30, 47, 182, 327, 279, 498, 317, 213, 476, 25, 196, 450, 10, 104, 415, 403, 400, 288, 315, 8, 257, 242, 79, 171, 398, 95, 295, 119, 165, 331, 78, 201, 43, 374, 316, 442, 40, 307, 401, 326, 484, 491, 49, 284, 90, 376, 64, 237, 459, 66, 75, 488, 246, 135, 253, 424, 143, 63, 17, 382, 136, 260, 346, 390, 293, 364, 22, 87, 206, 35, 298, 255, 191, 72, 195, 332, 19, 388, 179, 15, 439, 273, 121, 115, 245, 339, 235, 53, 41, 330, 343, 133, 268, 5, 334, 111, 324, 1, 23, 292, 262, 11, 180, 217, 452, 259, 209, 29, 97, 355, 80, 367, 300, 96, 420, 24, 472, 124, 189, 444, 277, 454, 301, 276, 342, 399, 101, 393, 103, 362, 428, 48, 31, 199, 28, 409, 131, 417, 458, 142, 204, 252, 184, 123, 98, 226, 100, 285, 147, 302, 74, 432, 357, 263, 211, 368, 222, 440, 495, 482, 433, 54, 234, 333, 267, 278, 297, 269, 202, 389, 466, 340, 254, 167, 120, 32, 244, 146, 290, 42, 200, 408, 492, 405, 85, 500, 397, 126, 93, 27, 65, 462, 294, 378, 434, 272, 86, 468, 494, 67, 460, 305, 463, 175, 46, 18, 231, 181, 241, 483, 62, 312, 271, 162, 173, 39, 159, 50, 347, 239, 236, 248, 283, 490, 430, 489, 457, 314, 221, 322, 465, 313, 70, 299, 172, 0, 59, 358, 52, 158, 341, 348, 148, 412, 113, 402, 215, 77, 443, 116, 157, 160, 351, 220, 166, 151, 88, 474, 311, 349, 335, 477, 345, 128, 318, 57, 247, 223, 141, 61, 45, 132, 228, 310, 149, 84, 373, 291, 33, 289, 422, 487, 16, 232, 216, 26, 82, 352, 185, 114, 375, 391, 112, 427, 467, 94, 164, 435, 426, 437, 122, 471, 323, 163, 38, 381, 183, 265, 137, 447, 282, 336, 411, 177, 134, 154, 140, 274, 414, 372, 385, 51, 150, 138, 161, 44, 7, 55, 448, 227, 34, 266, 238, 325, 129, 99, 127, 73, 441, 89, 394, 338, 109, 188, 156, 240, 168, 83, 369, 102, 366, 258, 404, 418, 152, 410, 493, 416, 438, 384, 218, 81, 429, 249, 431, 91, 496, 337, 264, 353, 176, 37, 445, 486, 275, 139, 14, 470, 106, 425, 13, 497, 286, 187, 155, 6, 361, 250, 144, 56, 419, 304, 386, 203, 107, 169, 125, 270, 12, 451, 192, 478, 212, 308, 193, 178, 92, 261, 453, 387, 208, 350, 243, 365, 60, 363, 170, 303, 21, 436, 197, 108, 379, 370, 229, 76, 153, 383, 461, 205, 117, 280, 145, 395, 480, 464, 256, 406, 2, 296, 328, 20, 9, 321, 356, 230, 499, 449, 423, 118, 207, 479, 174, 225, 210, 380, 3, 354, 214, 68, 473, 319, 71, 224, 320, 469, 281, 219, 407, 233, 251, 4, 110, 344, 190, 396, 36, 392, 186, 413, 198, 456, 309, 455, 287, 360, 485, 69, 377, 475, 105, 481]
Taxon occupancy: {338=1000, 339=1000, 332=1000, 333=1000, 330=1000, 159=1000, 331=1000, 158=1000, 157=1000, 336=1000, 156=1000, 337=1000, 155=1000, 334=1000, 335=1000, 154=1000, 152=1000, 153=1000, 150=1000, 151=1000, 202=1000, 349=1000, 203=1000, 204=1000, 205=1000, 200=1000, 201=1000, 341=1000, 169=1000, 342=1000, 343=1000, 344=1000, 206=1000, 166=1000, 345=1000, 207=1000, 165=1000, 346=1000, 208=1000, 347=1000, 168=1000, 167=1000, 209=1000, 348=1000, 3=1000, 409=1000, 161=1000, 2=1000, 408=1000, 162=1000, 1=1000, 163=1000, 0=1000, 164=1000, 405=1000, 7=1000, 6=1000, 404=1000, 407=1000, 340=1000, 5=1000, 4=1000, 406=1000, 160=1000, 401=1000, 400=1000, 9=1000, 403=1000, 8=1000, 402=1000, 211=1000, 212=1000, 210=1000, 215=1000, 318=1000, 319=1000, 216=1000, 316=1000, 213=1000, 214=1000, 317=1000, 219=1000, 179=1000, 314=1000, 178=1000, 315=1000, 217=1000, 312=1000, 177=1000, 313=1000, 218=1000, 176=1000, 310=1000, 311=1000, 170=1000, 418=1000, 417=1000, 171=1000, 416=1000, 415=1000, 174=1000, 175=1000, 172=1000, 419=1000, 173=1000, 410=1000, 414=1000, 413=1000, 412=1000, 411=1000, 220=1000, 221=1000, 222=1000, 223=1000, 224=1000, 327=1000, 225=1000, 328=1000, 226=1000, 329=1000, 227=1000, 228=1000, 323=1000, 188=1000, 229=1000, 187=1000, 324=1000, 325=1000, 189=1000, 326=1000, 320=1000, 321=1000, 322=1000, 427=1000, 180=1000, 426=1000, 181=1000, 429=1000, 428=1000, 182=1000, 183=1000, 184=1000, 185=1000, 186=1000, 421=1000, 420=1000, 423=1000, 422=1000, 425=1000, 424=1000, 116=1000, 117=1000, 114=1000, 115=1000, 112=1000, 113=1000, 110=1000, 111=1000, 118=1000, 119=1000, 435=1000, 436=1000, 433=1000, 434=1000, 431=1000, 432=1000, 430=1000, 439=1000, 437=1000, 438=1000, 125=1000, 126=1000, 300=1000, 127=1000, 128=1000, 302=1000, 121=1000, 301=1000, 122=1000, 304=1000, 123=1000, 303=1000, 124=1000, 306=1000, 305=1000, 308=1000, 307=1000, 129=1000, 309=1000, 444=1000, 445=1000, 446=1000, 447=1000, 440=1000, 441=1000, 442=1000, 443=1000, 120=1000, 448=1000, 449=1000, 134=1000, 135=1000, 132=1000, 133=1000, 138=1000, 139=1000, 136=1000, 137=1000, 450=1000, 453=1000, 454=1000, 451=1000, 452=1000, 457=1000, 458=1000, 455=1000, 456=1000, 459=1000, 131=1000, 130=1000, 143=1000, 144=1000, 145=1000, 146=1000, 147=1000, 148=1000, 149=1000, 461=1000, 460=1000, 462=1000, 463=1000, 464=1000, 465=1000, 466=1000, 467=1000, 468=1000, 469=1000, 140=1000, 142=1000, 141=1000, 195=1000, 194=1000, 197=1000, 196=1000, 191=1000, 190=1000, 193=1000, 192=1000, 198=1000, 199=1000, 500=1000, 35=1000, 36=1000, 33=1000, 34=1000, 39=1000, 37=1000, 38=1000, 43=1000, 42=1000, 41=1000, 40=1000, 22=1000, 23=1000, 24=1000, 25=1000, 26=1000, 27=1000, 28=1000, 29=1000, 30=1000, 32=1000, 31=1000, 19=1000, 17=1000, 18=1000, 15=1000, 16=1000, 13=1000, 14=1000, 11=1000, 12=1000, 21=1000, 20=1000, 10=1000, 79=1000, 78=1000, 77=1000, 82=1000, 83=1000, 80=1000, 81=1000, 86=1000, 87=1000, 84=1000, 85=1000, 67=1000, 66=1000, 69=1000, 68=1000, 70=1000, 71=1000, 72=1000, 73=1000, 74=1000, 75=1000, 76=1000, 59=1000, 58=1000, 57=1000, 56=1000, 55=1000, 64=1000, 65=1000, 62=1000, 63=1000, 60=1000, 61=1000, 49=1000, 48=1000, 45=1000, 44=1000, 47=1000, 46=1000, 51=1000, 52=1000, 53=1000, 54=1000, 50=1000, 281=1000, 487=1000, 280=1000, 486=1000, 485=1000, 484=1000, 285=1000, 284=1000, 283=1000, 489=1000, 488=1000, 282=1000, 288=1000, 289=1000, 286=1000, 287=1000, 482=1000, 483=1000, 480=1000, 481=1000, 474=1000, 473=1000, 270=1000, 476=1000, 475=1000, 478=1000, 272=1000, 271=1000, 477=1000, 274=1000, 479=1000, 273=1000, 275=1000, 276=1000, 277=1000, 278=1000, 279=1000, 470=1000, 471=1000, 472=1000, 109=1000, 108=1000, 107=1000, 106=1000, 105=1000, 104=1000, 103=1000, 99=1000, 102=1000, 101=1000, 100=1000, 98=1000, 97=1000, 96=1000, 391=1000, 95=1000, 390=1000, 393=1000, 94=1000, 392=1000, 93=1000, 395=1000, 92=1000, 394=1000, 91=1000, 90=1000, 294=1000, 499=1000, 293=1000, 296=1000, 295=1000, 290=1000, 496=1000, 495=1000, 292=1000, 498=1000, 497=1000, 291=1000, 491=1000, 492=1000, 493=1000, 494=1000, 297=1000, 298=1000, 299=1000, 490=1000, 396=1000, 397=1000, 398=1000, 399=1000, 88=1000, 89=1000, 240=1000, 241=1000, 383=1000, 384=1000, 381=1000, 382=1000, 380=1000, 389=1000, 388=1000, 387=1000, 386=1000, 385=1000, 245=1000, 244=1000, 243=1000, 242=1000, 249=1000, 248=1000, 247=1000, 246=1000, 230=1000, 370=1000, 371=1000, 372=1000, 373=1000, 379=1000, 378=1000, 239=1000, 375=1000, 374=1000, 377=1000, 376=1000, 232=1000, 231=1000, 234=1000, 233=1000, 236=1000, 235=1000, 238=1000, 237=1000, 262=1000, 263=1000, 260=1000, 261=1000, 361=1000, 362=1000, 360=1000, 366=1000, 365=1000, 364=1000, 363=1000, 369=1000, 368=1000, 367=1000, 269=1000, 268=1000, 267=1000, 266=1000, 265=1000, 264=1000, 250=1000, 251=1000, 252=1000, 350=1000, 351=1000, 353=1000, 352=1000, 355=1000, 354=1000, 357=1000, 356=1000, 359=1000, 358=1000, 258=1000, 257=1000, 259=1000, 254=1000, 253=1000, 256=1000, 255=1000}
Number of gene trees: 1000
0 trees have missing taxa
Calculating quartet distance matrix (for completion of X)
Species tree distances calculated ...
Building set of clusters (X) from gene trees 
Using tree-based weight calculation.
Number of Default Clusters: 116731
Number of quartet trees in the gene trees: 2593739106036
calculating extra bipartitions to be added at level 1 ...
Number of Clusters after addition by distance: 116731
Adding to X using resolutions of greedy consensus ...
Threshold 0.0:
Threshold 0.01:
polytomy of size 4; rounds with additions with at least 0.01 support: 0; clusters: 116733
polytomy of size 5; rounds with additions with at least 0.01 support: 0; clusters: 116755
Threshold 0.02:
polytomy of size 4; rounds with additions with at least 0.01 support: 0; clusters: 116755
polytomy of size 3; rounds with additions with at least 0.01 support: 0; clusters: 116755
polytomy of size 10; rounds with additions with at least 0.01 support: 0; clusters: 116843
Threshold 0.05:
polytomy of size 8; rounds with additions with at least 0.01 support: 0; clusters: 116845
polytomy of size 3; rounds with additions with at least 0.01 support: 0; clusters: 116845
polytomy of size 13; rounds with additions with at least 0.01 support: 0; clusters: 116851
Threshold 0.1:
polytomy of size 4; rounds with additions with at least 0.01 support: 0; clusters: 116851
polytomy of size 3; rounds with additions with at least 0.01 support: 0; clusters: 116851
polytomy of size 3; rounds with additions with at least 0.01 support: 0; clusters: 116851
polytomy of size 4; rounds with additions with at least 0.01 support: 0; clusters: 116851
polytomy of size 30; rounds with additions with at least 0.01 support: 0; clusters: 116853
Threshold 0.2:
polytomy of size 3; rounds with additions with at least 0.01 support: 0; clusters: 116853
polytomy of size 6; rounds with additions with at least 0.01 support: 0; clusters: 116853
polytomy of size 3; rounds with additions with at least 0.01 support: 0; clusters: 116853
polytomy of size 3; rounds with additions with at least 0.01 support: 0; clusters: 116853
polytomy of size 3; rounds with additions with at least 0.01 support: 0; clusters: 116853
polytomy of size 5; rounds with additions with at least 0.01 support: 0; clusters: 116853
polytomy of size 3; rounds with additions with at least 0.01 support: 0; clusters: 116853
polytomy of size 3; rounds with additions with at least 0.01 support: 0; clusters: 116853
polytomy of size 3; rounds with additions with at least 0.01 support: 0; clusters: 116853
polytomy of size 4; rounds with additions with at least 0.01 support: 0; clusters: 116853
polytomy of size 41; rounds with additions with at least 0.01 support: 0; clusters: 116853
Threshold 0.3333333333333333:
polytomy of size 3; rounds with additions with at least 0.01 support: 0; clusters: 116853
polytomy of size 6; rounds with additions with at least 0.01 support: 0; clusters: 116853
polytomy of size 4; rounds with additions with at least 0.01 support: 0; clusters: 116853
polytomy of size 3; rounds with additions with at least 0.01 support: 0; clusters: 116853
polytomy of size 3; rounds with additions with at least 0.01 support: 0; clusters: 116853
polytomy of size 3; rounds with additions with at least 0.01 support: 0; clusters: 116853
polytomy of size 3; rounds with additions with at least 0.01 support: 0; clusters: 116853
polytomy of size 3; rounds with additions with at least 0.01 support: 0; clusters: 116853
polytomy of size 5; rounds with additions with at least 0.01 support: 0; clusters: 116853
polytomy of size 6; rounds with additions with at least 0.01 support: 0; clusters: 116853
polytomy of size 3; rounds with additions with at least 0.01 support: 0; clusters: 116853
polytomy of size 3; rounds with additions with at least 0.01 support: 0; clusters: 116853
polytomy of size 3; rounds with additions with at least 0.01 support: 0; clusters: 116853
polytomy of size 3; rounds with additions with at least 0.01 support: 0; clusters: 116853
polytomy of size 4; rounds with additions with at least 0.01 support: 0; clusters: 116853
polytomy of size 3; rounds with additions with at least 0.01 support: 0; clusters: 116853
polytomy of size 3; rounds with additions with at least 0.01 support: 0; clusters: 116853
polytomy of size 3; rounds with additions with at least 0.01 support: 0; clusters: 116853
polytomy of size 3; rounds with additions with at least 0.01 support: 0; clusters: 116853
polytomy of size 3; rounds with additions with at least 0.01 support: 0; clusters: 116853
polytomy of size 3; rounds with additions with at least 0.01 support: 0; clusters: 116853
polytomy of size 3; rounds with additions with at least 0.01 support: 0; clusters: 116853
polytomy of size 3; rounds with additions with at least 0.01 support: 0; clusters: 116853
polytomy of size 3; rounds with additions with at least 0.01 support: 0; clusters: 116853
polytomy of size 3; rounds with additions with at least 0.01 support: 0; clusters: 116853
polytomy of size 4; rounds with additions with at least 0.01 support: 0; clusters: 116853
polytomy of size 3; rounds with additions with at least 0.01 support: 0; clusters: 116853
polytomy of size 3; rounds with additions with at least 0.01 support: 0; clusters: 116853
polytomy of size 3; rounds with additions with at least 0.01 support: 0; clusters: 116853
polytomy of size 3; rounds with additions with at least 0.01 support: 0; clusters: 116853
polytomy of size 3; rounds with additions with at least 0.01 support: 0; clusters: 116853
polytomy of size 3; rounds with additions with at least 0.01 support: 0; clusters: 116853
polytomy of size 3; rounds with additions with at least 0.01 support: 0; clusters: 116853
polytomy of size 3; rounds with additions with at least 0.01 support: 0; clusters: 116853
polytomy of size 3; rounds with additions with at least 0.01 support: 0; clusters: 116853
polytomy of size 3; rounds with additions with at least 0.01 support: 0; clusters: 116853
polytomy of size 3; rounds with additions with at least 0.01 support: 0; clusters: 116853
polytomy of size 3; rounds with additions with at least 0.01 support: 0; clusters: 116853
polytomy of size 3; rounds with additions with at least 0.01 support: 0; clusters: 116853
polytomy of size 3; rounds with additions with at least 0.01 support: 0; clusters: 116853
polytomy of size 3; rounds with additions with at least 0.01 support: 0; clusters: 116853
polytomy of size 3; rounds with additions with at least 0.01 support: 0; clusters: 116853
polytomy of size 3; rounds with additions with at least 0.01 support: 0; clusters: 116853
polytomy of size 3; rounds with additions with at least 0.01 support: 0; clusters: 116853
polytomy of size 60; rounds with additions with at least 0.01 support: 0; clusters: 123615
Number of Clusters after addition by greedy: 123615
partitions formed in 169.213 secs
Dynamic Programming starting after 169.213 secs
Size of largest cluster: 501
Size of largest cluster: 501
Calculated 100000 weights; time (seconds): 234
Total Number of elements weighted: 378590
Normalized score (portion of input quartet trees satisfied): NaN
Final optimization score: 0
Calculated 200000 weights; time (seconds): 62
Calculated 300000 weights; time (seconds): 64
Total Number of elements weighted: 378590
Normalized score (portion of input quartet trees satisfied): 0.7035762001217525
Final optimization score: 1824893104332
Optimal tree inferred in 425.968 secs.
(329,(359,((50,(446,194)),(((458,(142,(204,252))),((48,((409,(131,417)),(28,(31,199)))),(((301,(399,(276,342))),((393,103),(101,(362,428)))),(29,((454,(80,((300,24),(367,(96,420))))),((97,355),((124,189),(472,(444,277))))))))),((((291,(373,33)),(((82,352),((232,216),((16,26),(487,(289,422))))),((141,61),((223,(247,45)),((149,84),(132,(228,310))))))),((211,368),((274,(414,(372,(385,51)))),((111,((259,209),(((217,452),(11,180)),((292,262),(324,(1,23)))))),(((94,(164,(435,426))),(((38,381),((323,163),(437,(122,471)))),((183,140),(((282,177),(336,411)),((137,447),(134,(265,154))))))),(((278,297),(((495,482),(222,440)),((433,267),(333,(54,234))))),(244,((146,(32,290)),((120,(254,167)),(269,(340,(466,(202,389))))))))))))),(((172,((171,398),(242,79))),((70,299),(98,(226,(184,(100,285)))))),((57,(((334,((119,165),(95,295))),(162,((39,(173,159)),(312,(271,(62,(483,(181,(231,241))))))))),(((206,35),((332,19),((87,255),((298,195),(191,72))))),((133,(268,5)),(388,(((179,53),(41,(330,343))),((15,(273,121)),(439,(115,(245,(339,235))))))))))),((((390,293),(305,463)),((63,((260,346),(136,(17,382)))),((((405,85),(500,397)),((200,408),(42,492))),((22,126),((364,((27,462),(93,65))),((378,434),((86,(468,494)),((272,67),(294,460))))))))),(0,(((18,(175,46)),((147,302),(74,(357,(432,263))))),((((331,(78,(201,(43,(374,316))))),(75,(376,((64,66),(459,(90,237)))))),((488,(246,(135,(253,(424,143))))),((40,307),(442,((391,(112,(427,467))),(284,(484,((491,49),(401,326))))))))),(((((257,(315,8)),(450,(104,(10,415)))),((490,430),((288,(403,400)),((221,(322,(313,(314,465)))),((489,457),(347,(239,(283,(236,248))))))))),(123,((((59,358),(52,158)),((213,(317,476)),((421,306),(498,((371,130),((58,(30,47)),(279,(182,327)))))))),((113,(402,((215,(443,(77,116))),((341,348),(148,412))))),((25,196),((128,318),(((477,345),(157,160)),((351,220),(151,(166,(335,((88,474),(311,349))))))))))))),((138,161),(((((188,156),((117,(280,(145,395))),((256,406),(480,464)))),(((152,438),(410,(493,416))),(218,((384,(240,168)),(369,((102,366),(258,(83,(404,418))))))))),(((338,109),((266,238),(325,(227,(34,129))))),(((99,394),(127,(441,(73,89)))),((214,(68,473)),((71,(224,320)),(319,((3,354),((174,225),(210,380))))))))),((7,(44,55)),(((81,(429,(249,(431,91)))),(150,((448,(2,296)),(((486,275),(37,445)),((((12,(451,192)),((125,270),(107,169))),(193,((496,(337,264)),((353,176),(212,(478,308)))))),((14,((106,425),(139,470))),((250,(386,(203,((144,56),(419,304))))),(13,(155,(187,(286,(6,(497,361))))))))))))),(((170,((21,(303,(108,(436,197)))),(370,(229,(379,(114,(185,375))))))),((76,(153,(383,(461,205)))),(((453,387),(178,(92,261))),((350,243),(208,(60,(365,363))))))),((9,(((423,118),((328,20),(499,(449,(230,(321,356)))))),((479,(207,(110,344))),(190,(396,(36,(392,186))))))),((198,(413,456)),(((469,281),((233,251),(4,(219,407)))),((360,(485,69)),((377,481),(475,((309,105),(455,287)))))))))))))))))))))))));
Quartet score is: 1824893104332
Normalized quartet score is: 0.7035762001217525
ASTRAL finished in 473.507 secs
