
================== ASTRAL ===================== 

This is ASTRAL version 4.10.10
Gene trees are treated as unrooted
999 trees read from ASTRALDATA/model.100.2000000.0.000001/43/estimatedgenetre.halfresolved
All output trees will be *arbitrarily* rooted at 67

======== Running the main analysis
Number of taxa: 101 (101 species)
Taxa: [67, 38, 82, 8, 30, 66, 54, 69, 72, 41, 94, 36, 47, 57, 70, 80, 28, 49, 37, 13, 75, 45, 34, 63, 23, 12, 60, 9, 90, 39, 62, 85, 58, 68, 21, 7, 78, 14, 1, 64, 17, 88, 91, 46, 16, 76, 22, 6, 10, 27, 20, 65, 35, 0, 48, 79, 56, 84, 77, 74, 97, 93, 51, 26, 96, 83, 61, 5, 99, 73, 42, 81, 19, 18, 59, 55, 11, 89, 71, 33, 25, 15, 52, 29, 53, 100, 43, 50, 40, 24, 4, 95, 2, 32, 44, 92, 3, 31, 98, 86, 87]
Taxon occupancy: {35=999, 36=999, 33=999, 34=999, 39=999, 37=999, 38=999, 43=999, 42=999, 41=999, 40=999, 22=999, 23=999, 24=999, 25=999, 26=999, 27=999, 28=999, 29=999, 3=999, 2=999, 1=999, 0=999, 7=999, 30=999, 6=999, 5=999, 32=999, 31=999, 4=999, 9=999, 8=999, 19=999, 17=999, 18=999, 15=999, 16=999, 13=999, 14=999, 11=999, 12=999, 21=999, 20=999, 99=999, 100=999, 98=999, 97=999, 96=999, 95=999, 94=999, 93=999, 92=999, 91=999, 90=999, 10=999, 88=999, 89=999, 79=999, 78=999, 77=999, 82=999, 83=999, 80=999, 81=999, 86=999, 87=999, 84=999, 85=999, 67=999, 66=999, 69=999, 68=999, 70=999, 71=999, 72=999, 73=999, 74=999, 75=999, 76=999, 59=999, 58=999, 57=999, 56=999, 55=999, 64=999, 65=999, 62=999, 63=999, 60=999, 61=999, 49=999, 48=999, 45=999, 44=999, 47=999, 46=999, 51=999, 52=999, 53=999, 54=999, 50=999}
Number of gene trees: 999
0 trees have missing taxa
Calculating quartet distance matrix (for completion of X)
Species tree distances calculated ...
Building set of clusters (X) from gene trees 
Using tree-based weight calculation.
Number of Default Clusters: 18909
Number of quartet trees in the gene trees: 4078836517
calculating extra bipartitions to be added at level 1 ...
Number of Clusters after addition by distance: 18909
Adding to X using resolutions of greedy consensus ...
Threshold 0.0:
Threshold 0.01:
Threshold 0.02:
Threshold 0.05:
Threshold 0.1:
polytomy of size 3; rounds with additions with at least 0.01 support: 0; clusters: 18909
Threshold 0.2:
polytomy of size 3; rounds with additions with at least 0.01 support: 0; clusters: 18909
polytomy of size 3; rounds with additions with at least 0.01 support: 0; clusters: 18909
polytomy of size 4; rounds with additions with at least 0.01 support: 0; clusters: 18909
polytomy of size 3; rounds with additions with at least 0.01 support: 0; clusters: 18909
polytomy of size 5; rounds with additions with at least 0.01 support: 0; clusters: 18909
polytomy of size 3; rounds with additions with at least 0.01 support: 0; clusters: 18909
polytomy of size 4; rounds with additions with at least 0.01 support: 0; clusters: 18909
polytomy of size 3; rounds with additions with at least 0.01 support: 0; clusters: 18909
Threshold 0.3333333333333333:
polytomy of size 6; rounds with additions with at least 0.01 support: 0; clusters: 18909
polytomy of size 3; rounds with additions with at least 0.01 support: 0; clusters: 18909
polytomy of size 7; rounds with additions with at least 0.01 support: 0; clusters: 18909
polytomy of size 4; rounds with additions with at least 0.01 support: 0; clusters: 18909
polytomy of size 3; rounds with additions with at least 0.01 support: 0; clusters: 18909
polytomy of size 3; rounds with additions with at least 0.01 support: 0; clusters: 18909
polytomy of size 6; rounds with additions with at least 0.01 support: 0; clusters: 18909
polytomy of size 4; rounds with additions with at least 0.01 support: 0; clusters: 18909
polytomy of size 7; rounds with additions with at least 0.01 support: 0; clusters: 18909
Number of Clusters after addition by greedy: 18909
partitions formed in 7.159 secs
Dynamic Programming starting after 7.159 secs
Size of largest cluster: 101
Total Number of elements weighted: 91350
Normalized score (portion of input quartet trees satisfied): 0.8324820908726801
Final optimization score: 3395558352
Optimal tree inferred in 298.049 secs.
(44,((24,((4,95),((31,98),((2,32),(92,3))))),((67,(38,82)),(35,(((40,((29,50),(53,(100,43)))),((11,(15,52)),((33,25),(89,71)))),(((((10,27),(22,(6,20))),(64,((76,(46,16)),(65,(17,(88,91)))))),((55,((14,1),(7,78))),((90,(19,(58,(68,21)))),((60,9),(85,(39,62)))))),(0,((26,(((18,59),(48,(96,(83,61)))),((93,((42,81),(73,(5,99)))),((84,(97,51)),((79,56),(77,74)))))),((8,(86,87)),(((54,36),(47,(94,(30,66)))),((69,(72,41)),((37,13),((70,(57,(49,(80,28)))),((63,23),(12,(75,(45,34)))))))))))))))));
Quartet score is: 3395558352
Normalized quartet score is: 0.8324820908726801
ASTRAL finished in 300.527 secs
