
================== ASTRAL ===================== 

This is ASTRAL version 4.10.10
Gene trees are treated as unrooted
982 trees read from ASTRALDATA/model.50.2000000.0.000001/07/estimatedgenetre.halfresolved
All output trees will be *arbitrarily* rooted at 31

======== Running the main analysis
Number of taxa: 51 (51 species)
Taxa: [31, 29, 19, 42, 3, 11, 8, 14, 13, 36, 22, 15, 44, 25, 35, 16, 20, 37, 23, 34, 43, 46, 21, 1, 41, 45, 12, 47, 24, 39, 5, 28, 26, 9, 7, 17, 27, 4, 18, 30, 48, 49, 33, 40, 32, 50, 2, 10, 38, 6, 0]
Taxon occupancy: {35=982, 36=982, 33=982, 34=982, 39=982, 37=982, 38=982, 43=982, 42=982, 41=982, 40=982, 22=982, 23=982, 24=982, 25=982, 26=982, 27=982, 28=982, 29=982, 3=982, 2=982, 1=982, 0=982, 7=982, 30=982, 6=982, 5=982, 32=982, 31=982, 4=982, 9=982, 8=982, 19=982, 17=982, 18=982, 15=982, 16=982, 13=982, 14=982, 11=982, 12=982, 21=982, 20=982, 49=982, 48=982, 45=982, 44=982, 47=982, 46=982, 10=982, 50=982}
Number of gene trees: 982
0 trees have missing taxa
Calculating quartet distance matrix (for completion of X)
Species tree distances calculated ...
Building set of clusters (X) from gene trees 
Using tree-based weight calculation.
Number of Default Clusters: 13499
Number of quartet trees in the gene trees: 245031240
calculating extra bipartitions to be added at level 1 ...
Number of Clusters after addition by distance: 13499
Adding to X using resolutions of greedy consensus ...
Threshold 0.0:
Threshold 0.01:
Threshold 0.02:
Threshold 0.05:
Threshold 0.1:
polytomy of size 3; rounds with additions with at least 0.01 support: 0; clusters: 13499
Threshold 0.2:
polytomy of size 5; rounds with additions with at least 0.01 support: 0; clusters: 13499
polytomy of size 4; rounds with additions with at least 0.01 support: 0; clusters: 13499
Threshold 0.3333333333333333:
polytomy of size 3; rounds with additions with at least 0.01 support: 0; clusters: 13499
polytomy of size 14; rounds with additions with at least 0.01 support: 0; clusters: 13541
Number of Clusters after addition by greedy: 13541
partitions formed in 3.61 secs
Dynamic Programming starting after 3.61 secs
Size of largest cluster: 51
Total Number of elements weighted: 65331
Normalized score (portion of input quartet trees satisfied): 0.7508175773831941
Final optimization score: 183973762
Optimal tree inferred in 104.389 secs.
(13,(14,(8,((36,22),((42,(3,11)),((31,(29,19)),(50,((((17,27),(39,(26,(5,28)))),(33,((48,49),(4,(18,30))))),((32,(2,(10,38))),(((9,7),(44,(15,(25,(35,16))))),((40,6),(0,(((43,46),(34,(23,(20,37)))),((12,(21,1)),((47,24),(41,45))))))))))))))));
Quartet score is: 183973762
Normalized quartet score is: 0.7508175773831941
ASTRAL finished in 105.435 secs
