
================== ASTRAL ===================== 

This is ASTRAL version 4.10.10
Gene trees are treated as unrooted
1000 trees read from ASTRALDATA/model.200.10000000.0.0000001/08/estimatedgenetre.halfresolved
All output trees will be *arbitrarily* rooted at 0

======== Running the main analysis
Number of taxa: 201 (201 species)
Taxa: [0, 47, 146, 197, 188, 52, 66, 173, 33, 130, 155, 101, 143, 168, 20, 11, 36, 154, 37, 95, 138, 115, 44, 158, 106, 161, 185, 13, 31, 193, 82, 187, 171, 70, 175, 89, 74, 102, 120, 22, 48, 186, 200, 2, 179, 135, 118, 57, 124, 28, 68, 81, 60, 109, 113, 100, 90, 177, 104, 8, 23, 132, 123, 184, 41, 85, 133, 170, 91, 134, 51, 1, 93, 141, 14, 181, 86, 163, 65, 160, 164, 165, 67, 27, 15, 38, 117, 189, 195, 77, 88, 78, 166, 153, 58, 73, 39, 129, 103, 25, 59, 191, 142, 192, 17, 6, 182, 149, 121, 5, 53, 131, 40, 35, 159, 150, 12, 114, 119, 3, 99, 156, 152, 55, 62, 49, 157, 24, 167, 139, 107, 16, 128, 137, 105, 18, 34, 32, 190, 196, 30, 64, 83, 50, 45, 9, 147, 162, 178, 4, 108, 126, 61, 174, 54, 180, 80, 63, 26, 110, 29, 122, 140, 111, 19, 79, 72, 151, 145, 94, 144, 136, 42, 98, 43, 84, 56, 46, 199, 112, 69, 172, 198, 194, 183, 148, 116, 125, 75, 92, 127, 7, 96, 176, 10, 71, 169, 76, 21, 87, 97]
Taxon occupancy: {35=1000, 36=1000, 33=1000, 159=1000, 158=1000, 34=1000, 39=1000, 157=1000, 156=1000, 37=1000, 155=1000, 38=1000, 154=1000, 152=1000, 153=1000, 150=1000, 151=1000, 43=1000, 42=1000, 41=1000, 40=1000, 200=1000, 22=1000, 169=1000, 23=1000, 24=1000, 25=1000, 166=1000, 26=1000, 27=1000, 165=1000, 28=1000, 168=1000, 167=1000, 29=1000, 161=1000, 3=1000, 2=1000, 162=1000, 163=1000, 1=1000, 164=1000, 0=1000, 30=1000, 7=1000, 6=1000, 5=1000, 32=1000, 160=1000, 31=1000, 4=1000, 9=1000, 8=1000, 19=1000, 179=1000, 17=1000, 18=1000, 178=1000, 15=1000, 177=1000, 176=1000, 16=1000, 13=1000, 14=1000, 11=1000, 12=1000, 21=1000, 170=1000, 20=1000, 171=1000, 174=1000, 175=1000, 172=1000, 173=1000, 188=1000, 187=1000, 189=1000, 180=1000, 10=1000, 181=1000, 182=1000, 183=1000, 184=1000, 185=1000, 186=1000, 116=1000, 117=1000, 79=1000, 78=1000, 114=1000, 77=1000, 115=1000, 112=1000, 113=1000, 110=1000, 111=1000, 118=1000, 119=1000, 82=1000, 83=1000, 80=1000, 81=1000, 86=1000, 87=1000, 84=1000, 85=1000, 67=1000, 125=1000, 66=1000, 126=1000, 69=1000, 127=1000, 68=1000, 128=1000, 121=1000, 122=1000, 123=1000, 124=1000, 129=1000, 70=1000, 71=1000, 120=1000, 72=1000, 73=1000, 74=1000, 75=1000, 76=1000, 134=1000, 135=1000, 132=1000, 133=1000, 59=1000, 58=1000, 138=1000, 57=1000, 139=1000, 136=1000, 56=1000, 55=1000, 137=1000, 64=1000, 65=1000, 62=1000, 63=1000, 60=1000, 131=1000, 130=1000, 61=1000, 143=1000, 49=1000, 48=1000, 144=1000, 145=1000, 146=1000, 45=1000, 147=1000, 44=1000, 148=1000, 47=1000, 149=1000, 46=1000, 51=1000, 52=1000, 53=1000, 54=1000, 140=1000, 142=1000, 141=1000, 50=1000, 109=1000, 108=1000, 107=1000, 106=1000, 105=1000, 104=1000, 103=1000, 102=1000, 99=1000, 101=1000, 100=1000, 98=1000, 97=1000, 96=1000, 95=1000, 94=1000, 93=1000, 92=1000, 91=1000, 90=1000, 88=1000, 89=1000, 195=1000, 194=1000, 197=1000, 196=1000, 191=1000, 190=1000, 193=1000, 192=1000, 198=1000, 199=1000}
Number of gene trees: 1000
0 trees have missing taxa
Calculating quartet distance matrix (for completion of X)
Species tree distances calculated ...
Building set of clusters (X) from gene trees 
Using tree-based weight calculation.
Number of Default Clusters: 15437
Number of quartet trees in the gene trees: 65998349604
calculating extra bipartitions to be added at level 1 ...
Number of Clusters after addition by distance: 15437
Adding to X using resolutions of greedy consensus ...
Threshold 0.0:
Threshold 0.01:
Threshold 0.02:
Threshold 0.05:
Threshold 0.1:
polytomy of size 3; rounds with additions with at least 0.01 support: 0; clusters: 15437
Threshold 0.2:
polytomy of size 3; rounds with additions with at least 0.01 support: 0; clusters: 15437
polytomy of size 3; rounds with additions with at least 0.01 support: 0; clusters: 15437
polytomy of size 3; rounds with additions with at least 0.01 support: 0; clusters: 15437
polytomy of size 3; rounds with additions with at least 0.01 support: 0; clusters: 15437
polytomy of size 4; rounds with additions with at least 0.01 support: 0; clusters: 15437
Threshold 0.3333333333333333:
polytomy of size 3; rounds with additions with at least 0.01 support: 0; clusters: 15437
polytomy of size 5; rounds with additions with at least 0.01 support: 0; clusters: 15437
polytomy of size 3; rounds with additions with at least 0.01 support: 0; clusters: 15437
polytomy of size 3; rounds with additions with at least 0.01 support: 0; clusters: 15437
polytomy of size 6; rounds with additions with at least 0.01 support: 0; clusters: 15437
polytomy of size 10; rounds with additions with at least 0.01 support: 0; clusters: 15461
Number of Clusters after addition by greedy: 15461
partitions formed in 11.47 secs
Dynamic Programming starting after 11.47 secs
Size of largest cluster: 201
Total Number of elements weighted: 52656
Normalized score (portion of input quartet trees satisfied): 0.847220762405415
Final optimization score: 55915172069
Optimal tree inferred in 315.549 secs.
(58,(153,((73,39),((129,(103,25)),((86,(163,(27,(65,(160,(165,(164,67))))))),(((77,(88,(78,166))),((189,195),(15,(38,117)))),((((122,140),(79,(111,19))),((162,178),((4,(108,(126,61))),((174,(54,(180,80))),((63,26),(110,29)))))),(((((196,30),(32,190)),(64,(50,(83,(45,(9,147)))))),(59,(((131,(40,(35,159))),(((5,53),(182,(149,121))),((191,142),(192,(17,6))))),(((3,99),(150,(12,(114,119)))),(((156,152),(55,(62,49))),((128,(18,(137,105))),(157,(16,(24,(167,(139,107))))))))))),(((184,41),((85,133),(170,(91,134)))),((((34,((172,198),(199,(112,69)))),((98,((43,84),(56,46))),((72,151),(94,(145,(144,(136,42))))))),((194,(183,(148,(116,125)))),((7,(96,(176,(10,71)))),((127,(75,92)),(169,(76,(87,(21,97)))))))),(0,((((51,1),(93,(181,(141,14)))),(((102,(120,22)),(48,(186,(200,(2,179))))),(((113,(100,90)),(177,((23,132),(123,(104,8))))),(135,((68,(81,(60,109))),(118,(57,(124,28)))))))),(47,((146,(197,188)),(((155,(101,143)),(52,((66,173),(33,130)))),((31,((187,171),(193,82))),((70,(175,(89,74))),((168,((20,11),(36,154))),((185,13),(37,(95,(44,((138,115),(158,(106,161)))))))))))))))))))))))));
Quartet score is: 55915172069
Normalized quartet score is: 0.847220762405415
ASTRAL finished in 323.66 secs
