
================== ASTRAL ===================== 

This is ASTRAL version 4.10.10
Gene trees are treated as unrooted
1000 trees read from ASTRALDATA/model.200.10000000.0.0000001/46/estimatedgenetre.halfresolved
All output trees will be *arbitrarily* rooted at 110

======== Running the main analysis
Number of taxa: 201 (201 species)
Taxa: [110, 130, 70, 144, 154, 107, 4, 1, 46, 126, 25, 178, 169, 2, 155, 71, 51, 127, 88, 50, 82, 42, 15, 89, 47, 17, 198, 173, 117, 185, 135, 49, 13, 12, 80, 63, 164, 122, 115, 57, 44, 45, 92, 145, 143, 22, 175, 191, 168, 23, 196, 146, 76, 81, 111, 36, 156, 134, 6, 95, 158, 129, 39, 3, 182, 172, 73, 163, 179, 34, 32, 97, 186, 14, 85, 91, 102, 65, 48, 138, 190, 187, 136, 177, 189, 200, 29, 193, 121, 174, 140, 62, 118, 183, 96, 114, 180, 8, 40, 21, 0, 68, 64, 141, 157, 31, 28, 105, 66, 75, 108, 30, 7, 132, 184, 109, 197, 10, 166, 120, 79, 149, 56, 20, 93, 151, 67, 53, 192, 61, 87, 59, 152, 181, 11, 170, 103, 106, 128, 124, 90, 116, 99, 137, 94, 38, 18, 83, 150, 72, 113, 41, 199, 162, 167, 104, 84, 24, 160, 5, 9, 19, 161, 171, 101, 33, 77, 35, 43, 100, 159, 139, 176, 16, 195, 123, 69, 194, 86, 27, 74, 60, 37, 133, 131, 142, 125, 148, 54, 26, 119, 58, 153, 165, 78, 52, 112, 55, 98, 147, 188]
Taxon occupancy: {35=1000, 36=1000, 33=1000, 159=1000, 34=1000, 158=1000, 39=1000, 157=1000, 156=1000, 155=1000, 37=1000, 154=1000, 38=1000, 152=1000, 153=1000, 150=1000, 151=1000, 43=1000, 42=1000, 41=1000, 40=1000, 200=1000, 22=1000, 23=1000, 169=1000, 24=1000, 25=1000, 166=1000, 26=1000, 165=1000, 27=1000, 168=1000, 28=1000, 29=1000, 167=1000, 3=1000, 161=1000, 2=1000, 162=1000, 163=1000, 1=1000, 164=1000, 0=1000, 30=1000, 7=1000, 6=1000, 32=1000, 5=1000, 4=1000, 31=1000, 160=1000, 9=1000, 8=1000, 19=1000, 179=1000, 17=1000, 178=1000, 18=1000, 177=1000, 15=1000, 176=1000, 16=1000, 13=1000, 14=1000, 11=1000, 12=1000, 21=1000, 170=1000, 20=1000, 171=1000, 174=1000, 175=1000, 172=1000, 173=1000, 188=1000, 187=1000, 189=1000, 180=1000, 10=1000, 181=1000, 182=1000, 183=1000, 184=1000, 185=1000, 186=1000, 116=1000, 117=1000, 79=1000, 78=1000, 114=1000, 115=1000, 77=1000, 112=1000, 113=1000, 110=1000, 111=1000, 118=1000, 119=1000, 82=1000, 83=1000, 80=1000, 81=1000, 86=1000, 87=1000, 84=1000, 85=1000, 67=1000, 125=1000, 126=1000, 66=1000, 127=1000, 69=1000, 68=1000, 128=1000, 121=1000, 122=1000, 123=1000, 124=1000, 129=1000, 70=1000, 71=1000, 120=1000, 72=1000, 73=1000, 74=1000, 75=1000, 76=1000, 134=1000, 135=1000, 132=1000, 59=1000, 133=1000, 138=1000, 58=1000, 57=1000, 139=1000, 136=1000, 56=1000, 55=1000, 137=1000, 64=1000, 65=1000, 62=1000, 63=1000, 60=1000, 131=1000, 130=1000, 61=1000, 49=1000, 143=1000, 48=1000, 144=1000, 145=1000, 146=1000, 147=1000, 45=1000, 44=1000, 148=1000, 47=1000, 149=1000, 46=1000, 51=1000, 52=1000, 53=1000, 54=1000, 140=1000, 142=1000, 50=1000, 141=1000, 109=1000, 108=1000, 107=1000, 106=1000, 105=1000, 104=1000, 103=1000, 102=1000, 99=1000, 101=1000, 100=1000, 98=1000, 97=1000, 96=1000, 95=1000, 94=1000, 93=1000, 92=1000, 91=1000, 90=1000, 88=1000, 89=1000, 195=1000, 194=1000, 197=1000, 196=1000, 191=1000, 190=1000, 193=1000, 192=1000, 198=1000, 199=1000}
Number of gene trees: 1000
0 trees have missing taxa
Calculating quartet distance matrix (for completion of X)
Species tree distances calculated ...
Building set of clusters (X) from gene trees 
Using tree-based weight calculation.
Number of Default Clusters: 117779
Number of quartet trees in the gene trees: 65998274436
calculating extra bipartitions to be added at level 1 ...
Number of Clusters after addition by distance: 117779
Adding to X using resolutions of greedy consensus ...
Threshold 0.0:
Threshold 0.01:
polytomy of size 4; rounds with additions with at least 0.01 support: 0; clusters: 117785
polytomy of size 4; rounds with additions with at least 0.01 support: 1; clusters: 117793
Threshold 0.02:
polytomy of size 3; rounds with additions with at least 0.01 support: 0; clusters: 117793
polytomy of size 3; rounds with additions with at least 0.01 support: 0; clusters: 117793
polytomy of size 3; rounds with additions with at least 0.01 support: 0; clusters: 117793
polytomy of size 11; rounds with additions with at least 0.01 support: 0; clusters: 117949
Threshold 0.05:
polytomy of size 4; rounds with additions with at least 0.01 support: 0; clusters: 117949
polytomy of size 4; rounds with additions with at least 0.01 support: 0; clusters: 117949
polytomy of size 20; rounds with additions with at least 0.01 support: 0; clusters: 117955
Threshold 0.1:
polytomy of size 6; rounds with additions with at least 0.01 support: 0; clusters: 117955
polytomy of size 3; rounds with additions with at least 0.01 support: 0; clusters: 117955
polytomy of size 29; rounds with additions with at least 0.01 support: 0; clusters: 117955
Threshold 0.2:
polytomy of size 3; rounds with additions with at least 0.01 support: 0; clusters: 117955
polytomy of size 47; rounds with additions with at least 0.01 support: 0; clusters: 117955
Threshold 0.3333333333333333:
polytomy of size 3; rounds with additions with at least 0.01 support: 0; clusters: 117955
polytomy of size 3; rounds with additions with at least 0.01 support: 0; clusters: 117955
polytomy of size 3; rounds with additions with at least 0.01 support: 0; clusters: 117955
polytomy of size 3; rounds with additions with at least 0.01 support: 0; clusters: 117955
polytomy of size 3; rounds with additions with at least 0.01 support: 0; clusters: 117955
polytomy of size 71; rounds with additions with at least 0.01 support: 0; clusters: 136093
Number of Clusters after addition by greedy: 136093
partitions formed in 63.169 secs
Dynamic Programming starting after 63.169 secs
Size of largest cluster: 201
Calculated 100000 weights; time (seconds): 682
Calculated 200000 weights; time (seconds): 632
Calculated 300000 weights; time (seconds): 665
Total Number of elements weighted: 364147
Normalized score (portion of input quartet trees satisfied): 0.6529812292409372
Final optimization score: 43095634369
Optimal tree inferred in 2423.422 secs.
(96,((183,114),((180,(8,(14,85))),(118,((140,(187,((136,177),(189,200)))),((62,((3,182),(39,((172,73),(163,179))))),((32,(29,(193,(121,174)))),(((48,(138,190)),(91,(102,65))),(40,((((31,75),((143,(22,(175,191))),((158,(95,129)),((156,(134,6)),((168,23),((111,36),((196,146),(76,81)))))))),((21,(155,(2,71))),((((68,64),(110,130)),(154,((107,97),((70,141),(4,28))))),((157,93),((169,(186,((1,178),(46,(25,12))))),((126,145),(((80,63),(164,(57,(44,(122,115))))),((13,(45,92)),((49,(135,(117,185))),((105,66),(((51,127),(88,50)),((15,(82,42)),(89,(47,(17,(198,173)))))))))))))))),((((41,162),(113,(199,167))),((104,(84,24)),((161,171),(160,(5,(9,19)))))),((188,((67,(53,(59,(192,(61,87))))),((83,(150,72)),(((116,99),((137,18),(38,(90,94)))),(124,((152,181),(128,(11,(170,(103,106)))))))))),(0,((((109,197),((56,20),(34,(79,149)))),((10,(166,120)),(184,((108,30),(7,132))))),(((74,(60,37)),((27,(101,33)),(133,(86,131)))),(((123,(69,194)),((153,(165,78)),(58,(148,(144,(54,(26,119))))))),(((52,112),(147,(55,98))),((151,125),((43,(16,142)),((77,35),(195,(100,(159,(139,176))))))))))))))))))))))));
Quartet score is: 43095634369
Normalized quartet score is: 0.6529812292409372
ASTRAL finished in 2431.671 secs
