
================== ASTRAL ===================== 

This is ASTRAL version 4.10.8
Gene trees are treated as unrooted
901 trees read from ASTRALDATA/model.1000.2000000.0.000001/33/estimatedgenetre.halfresolved
All outputted trees will be *arbitrarily* rooted at 703

======== Running the main analysis
Number of taxa: 1001 (1001 species)
Taxa: [703, 529, 150, 674, 932, 553, 679, 659, 95, 77, 237, 224, 261, 841, 721, 916, 530, 560, 753, 946, 682, 30, 899, 736, 344, 859, 550, 571, 873, 140, 469, 559, 434, 212, 47, 19, 673, 6, 216, 790, 11, 931, 965, 257, 894, 285, 793, 561, 441, 1000, 633, 769, 29, 251, 206, 619, 911, 929, 377, 2, 152, 629, 32, 590, 129, 534, 66, 274, 808, 756, 648, 671, 383, 96, 355, 322, 767, 228, 764, 912, 117, 482, 447, 636, 386, 353, 935, 961, 676, 710, 869, 483, 174, 959, 100, 381, 269, 549, 814, 982, 119, 347, 813, 457, 513, 375, 632, 972, 743, 476, 886, 369, 652, 42, 949, 708, 135, 616, 570, 452, 535, 800, 365, 366, 20, 311, 792, 337, 126, 848, 268, 85, 893, 658, 293, 202, 644, 502, 672, 897, 58, 328, 89, 760, 798, 667, 651, 908, 423, 569, 227, 411, 133, 468, 233, 748, 562, 161, 853, 245, 611, 370, 732, 551, 272, 620, 600, 737, 329, 486, 136, 158, 795, 143, 850, 196, 182, 694, 801, 843, 28, 303, 599, 967, 552, 509, 31, 977, 864, 279, 183, 288, 699, 576, 238, 952, 193, 219, 290, 510, 284, 316, 292, 273, 155, 862, 277, 165, 963, 24, 687, 834, 69, 745, 199, 453, 340, 415, 879, 544, 788, 70, 235, 138, 209, 81, 286, 898, 396, 641, 308, 400, 426, 146, 376, 812, 48, 782, 86, 857, 757, 318, 938, 44, 213, 283, 445, 575, 298, 863, 953, 214, 804, 175, 533, 761, 403, 162, 13, 846, 991, 203, 93, 622, 805, 362, 527, 392, 73, 845, 538, 540, 693, 820, 847, 554, 71, 974, 436, 23, 579, 80, 309, 287, 262, 926, 296, 655, 384, 110, 306, 700, 154, 696, 779, 356, 221, 741, 232, 665, 442, 521, 585, 90, 797, 438, 435, 56, 596, 130, 72, 106, 226, 506, 444, 905, 807, 588, 922, 635, 501, 250, 854, 176, 537, 449, 724, 141, 783, 598, 398, 360, 584, 868, 320, 668, 62, 294, 545, 830, 765, 275, 299, 594, 160, 229, 722, 289, 253, 258, 230, 43, 17, 280, 302, 606, 123, 218, 421, 234, 49, 494, 101, 334, 40, 643, 566, 399, 762, 691, 964, 698, 254, 192, 367, 593, 351, 118, 410, 943, 297, 350, 827, 826, 704, 240, 271, 638, 291, 380, 76, 82, 307, 907, 718, 997, 714, 98, 67, 419, 323, 270, 669, 713, 626, 420, 539, 885, 992, 147, 844, 601, 479, 397, 650, 612, 489, 36, 738, 159, 589, 373, 878, 966, 872, 917, 851, 604, 775, 166, 920, 265, 677, 389, 97, 754, 215, 331, 342, 647, 208, 921, 497, 450, 618, 427, 338, 637, 944, 962, 987, 882, 424, 484, 547, 900, 542, 532, 105, 623, 867, 918, 4, 471, 919, 564, 880, 91, 861, 184, 186, 115, 925, 871, 621, 751, 968, 875, 615, 624, 417, 657, 695, 640, 430, 975, 892, 832, 828, 821, 346, 680, 107, 901, 5, 989, 172, 260, 64, 22, 557, 425, 583, 301, 52, 256, 776, 179, 663, 984, 305, 385, 860, 132, 281, 252, 639, 628, 378, 464, 402, 755, 38, 25, 945, 54, 811, 191, 243, 422, 137, 408, 409, 784, 849, 742, 178, 363, 913, 481, 50, 382, 556, 766, 503, 794, 413, 614, 785, 330, 8, 595, 27, 990, 649, 515, 701, 51, 37, 242, 654, 418, 1, 884, 475, 491, 180, 34, 94, 690, 61, 927, 954, 508, 631, 675, 15, 122, 818, 774, 125, 558, 310, 332, 939, 734, 325, 315, 92, 324, 372, 948, 773, 317, 343, 197, 625, 835, 78, 706, 210, 12, 345, 314, 246, 312, 170, 971, 335, 429, 536, 719, 404, 670, 684, 173, 976, 26, 520, 896, 727, 528, 685, 157, 577, 460, 603, 205, 341, 522, 555, 525, 187, 702, 401, 979, 517, 113, 266, 84, 75, 181, 777, 55, 609, 934, 102, 781, 833, 462, 942, 731, 796, 692, 572, 267, 114, 906, 443, 582, 151, 3, 960, 241, 514, 909, 448, 923, 368, 986, 264, 660, 770, 856, 480, 678, 858, 711, 327, 573, 707, 466, 516, 124, 895, 634, 809, 374, 247, 642, 304, 433, 127, 498, 740, 431, 888, 164, 815, 518, 74, 881, 496, 9, 803, 79, 608, 387, 999, 239, 319, 772, 474, 787, 463, 819, 511, 53, 103, 282, 65, 865, 771, 512, 416, 716, 451, 617, 904, 580, 167, 750, 664, 829, 730, 656, 139, 996, 610, 57, 361, 825, 686, 493, 391, 973, 630, 465, 188, 405, 168, 981, 104, 198, 866, 467, 259, 488, 145, 661, 487, 99, 470, 504, 88, 870, 116, 988, 725, 786, 211, 148, 472, 837, 10, 852, 681, 83, 822, 524, 276, 41, 348, 978, 300, 548, 574, 87, 806, 131, 887, 994, 519, 831, 14, 592, 326, 0, 35, 607, 112, 477, 236, 836, 697, 838, 824, 45, 752, 646, 109, 823, 541, 780, 950, 758, 485, 791, 969, 891, 207, 473, 439, 526, 295, 190, 492, 461, 121, 195, 747, 941, 746, 855, 490, 985, 59, 983, 546, 789, 278, 876, 759, 723, 364, 222, 890, 39, 877, 581, 428, 936, 412, 955, 395, 478, 455, 18, 200, 33, 142, 689, 354, 63, 597, 928, 414, 729, 810, 163, 799, 883, 735, 720, 446, 914, 358, 523, 255, 120, 993, 565, 683, 980, 128, 352, 499, 956, 586, 321, 359, 149, 204, 60, 456, 802, 249, 357, 407, 263, 225, 712, 201, 817, 947, 169, 153, 749, 458, 194, 406, 223, 16, 688, 662, 217, 568, 336, 244, 915, 924, 645, 591, 108, 189, 744, 134, 388, 333, 842, 171, 957, 177, 739, 459, 998, 440, 578, 394, 21, 507, 715, 933, 602, 339, 768, 349, 930, 613, 763, 874, 733, 940, 437, 390, 627, 717, 653, 313, 840, 111, 495, 156, 371, 543, 666, 705, 500, 951, 563, 379, 393, 889, 902, 231, 958, 605, 970, 709, 505, 68, 587, 531, 778, 220, 567, 185, 7, 903, 937, 995, 726, 248, 839, 432, 454, 728, 144, 816, 910, 46]
Taxon occupancy: {338=901, 339=901, 941=901, 942=901, 940=901, 945=901, 332=901, 333=901, 946=901, 943=901, 330=901, 331=901, 944=901, 336=901, 949=901, 337=901, 947=901, 334=901, 948=901, 335=901, 531=901, 748=901, 747=901, 530=901, 746=901, 745=901, 535=901, 534=901, 533=901, 749=901, 532=901, 539=901, 740=901, 538=901, 537=901, 536=901, 744=901, 743=901, 742=901, 741=901, 349=901, 930=901, 931=901, 932=901, 341=901, 933=901, 342=901, 343=901, 934=901, 935=901, 344=901, 936=901, 345=901, 937=901, 346=901, 938=901, 347=901, 348=901, 939=901, 735=901, 540=901, 3=901, 2=901, 929=901, 734=901, 737=901, 542=901, 1=901, 541=901, 0=901, 736=901, 7=901, 739=901, 544=901, 543=901, 6=901, 738=901, 546=901, 340=901, 5=901, 545=901, 4=901, 548=901, 547=901, 9=901, 549=901, 8=901, 731=901, 730=901, 733=901, 732=901, 920=901, 318=901, 319=901, 316=901, 317=901, 927=901, 314=901, 928=901, 315=901, 925=901, 312=901, 313=901, 926=901, 310=901, 923=901, 924=901, 311=901, 921=901, 922=901, 513=901, 729=901, 512=901, 728=901, 511=901, 510=901, 727=901, 726=901, 725=901, 724=901, 919=901, 723=901, 918=901, 722=901, 721=901, 720=901, 519=901, 518=901, 517=901, 516=901, 515=901, 514=901, 327=901, 328=901, 329=901, 914=901, 323=901, 915=901, 324=901, 916=901, 325=901, 326=901, 917=901, 910=901, 709=901, 320=901, 911=901, 321=901, 912=901, 322=901, 913=901, 717=901, 522=901, 521=901, 716=901, 524=901, 719=901, 523=901, 718=901, 908=901, 713=901, 712=901, 907=901, 715=901, 520=901, 714=901, 909=901, 529=901, 711=901, 710=901, 526=901, 525=901, 528=901, 527=901, 989=901, 988=901, 987=901, 571=901, 570=901, 982=901, 981=901, 980=901, 986=901, 985=901, 984=901, 983=901, 700=901, 574=901, 703=901, 575=901, 704=901, 701=901, 572=901, 702=901, 573=901, 578=901, 707=901, 579=901, 708=901, 705=901, 576=901, 706=901, 577=901, 977=901, 976=901, 300=901, 979=901, 978=901, 302=901, 580=901, 301=901, 582=901, 304=901, 581=901, 303=901, 306=901, 305=901, 308=901, 971=901, 970=901, 307=901, 973=901, 309=901, 972=901, 975=901, 974=901, 583=901, 584=901, 585=901, 586=901, 587=901, 588=901, 589=901, 969=901, 968=901, 967=901, 966=901, 965=901, 964=901, 963=901, 962=901, 961=901, 960=901, 558=901, 559=901, 556=901, 557=901, 554=901, 555=901, 552=901, 553=901, 550=901, 551=901, 959=901, 958=901, 560=901, 955=901, 954=901, 957=901, 956=901, 951=901, 950=901, 953=901, 952=901, 569=901, 565=901, 566=901, 567=901, 568=901, 561=901, 562=901, 563=901, 564=901, 799=901, 798=901, 797=901, 796=901, 795=901, 794=901, 793=901, 792=901, 790=901, 996=901, 791=901, 997=901, 994=901, 995=901, 992=901, 993=901, 990=901, 991=901, 998=901, 999=901, 781=901, 782=901, 783=901, 784=901, 785=901, 786=901, 787=901, 788=901, 789=901, 780=901, 505=901, 772=901, 506=901, 773=901, 503=901, 770=901, 771=901, 504=901, 509=901, 776=901, 777=901, 507=901, 774=901, 775=901, 508=901, 778=901, 779=901, 501=901, 502=901, 500=901, 763=901, 764=901, 765=901, 766=901, 760=901, 761=901, 762=901, 767=901, 768=901, 769=901, 754=901, 755=901, 752=901, 753=901, 750=901, 751=901, 758=901, 759=901, 756=901, 757=901, 595=901, 594=901, 597=901, 391=901, 390=901, 596=901, 393=901, 599=901, 598=901, 392=901, 395=901, 394=901, 396=901, 397=901, 398=901, 399=901, 590=901, 591=901, 592=901, 593=901, 383=901, 384=901, 381=901, 382=901, 380=901, 389=901, 388=901, 387=901, 386=901, 385=901, 370=901, 371=901, 372=901, 373=901, 379=901, 378=901, 375=901, 374=901, 377=901, 376=901, 361=901, 362=901, 360=901, 366=901, 365=901, 364=901, 363=901, 369=901, 368=901, 367=901, 350=901, 351=901, 353=901, 352=901, 355=901, 354=901, 357=901, 356=901, 359=901, 358=901, 806=901, 807=901, 804=901, 805=901, 802=901, 803=901, 800=901, 801=901, 159=901, 158=901, 157=901, 156=901, 155=901, 154=901, 152=901, 601=901, 153=901, 600=901, 150=901, 151=901, 609=901, 608=901, 607=901, 606=901, 605=901, 604=901, 603=901, 602=901, 202=901, 203=901, 204=901, 205=901, 200=901, 201=901, 169=901, 206=901, 166=901, 207=901, 165=901, 208=901, 168=901, 209=901, 167=901, 161=901, 409=901, 162=901, 408=901, 163=901, 164=901, 405=901, 404=901, 407=901, 406=901, 160=901, 401=901, 400=901, 403=901, 402=901, 824=901, 211=901, 212=901, 825=901, 822=901, 823=901, 210=901, 215=901, 828=901, 216=901, 829=901, 826=901, 213=901, 827=901, 214=901, 219=901, 179=901, 178=901, 177=901, 217=901, 218=901, 176=901, 820=901, 821=901, 418=901, 170=901, 171=901, 417=901, 416=901, 415=901, 174=901, 623=901, 622=901, 175=901, 621=901, 172=901, 620=901, 419=901, 173=901, 627=901, 410=901, 626=901, 625=901, 624=901, 819=901, 414=901, 413=901, 412=901, 629=901, 411=901, 628=901, 220=901, 811=901, 221=901, 812=901, 222=901, 813=901, 223=901, 814=901, 224=901, 815=901, 816=901, 225=901, 817=901, 226=901, 227=901, 818=901, 228=901, 188=901, 229=901, 187=901, 189=901, 810=901, 427=901, 426=901, 180=901, 429=901, 181=901, 428=901, 182=901, 183=901, 610=901, 184=901, 185=901, 612=901, 611=901, 186=901, 614=901, 809=901, 613=901, 808=901, 421=901, 616=901, 420=901, 615=901, 423=901, 618=901, 422=901, 617=901, 425=901, 619=901, 424=901, 843=901, 116=901, 842=901, 117=901, 841=901, 114=901, 840=901, 115=901, 112=901, 113=901, 110=901, 111=901, 849=901, 848=901, 847=901, 846=901, 118=901, 845=901, 119=901, 844=901, 435=901, 436=901, 433=901, 434=901, 431=901, 432=901, 430=901, 439=901, 437=901, 438=901, 830=901, 125=901, 126=901, 832=901, 127=901, 128=901, 831=901, 121=901, 122=901, 123=901, 124=901, 838=901, 837=901, 839=901, 834=901, 129=901, 833=901, 836=901, 835=901, 444=901, 445=901, 446=901, 447=901, 440=901, 441=901, 442=901, 443=901, 120=901, 448=901, 449=901, 134=901, 861=901, 135=901, 860=901, 132=901, 133=901, 138=901, 865=901, 864=901, 139=901, 863=901, 136=901, 862=901, 137=901, 869=901, 868=901, 867=901, 866=901, 450=901, 453=901, 454=901, 451=901, 452=901, 457=901, 458=901, 455=901, 456=901, 459=901, 131=901, 130=901, 143=901, 144=901, 850=901, 145=901, 146=901, 852=901, 147=901, 148=901, 851=901, 149=901, 854=901, 853=901, 856=901, 855=901, 858=901, 857=901, 859=901, 461=901, 460=901, 462=901, 463=901, 464=901, 465=901, 466=901, 467=901, 468=901, 469=901, 140=901, 142=901, 141=901, 687=901, 686=901, 689=901, 688=901, 683=901, 682=901, 685=901, 684=901, 888=901, 889=901, 884=901, 885=901, 886=901, 680=901, 887=901, 681=901, 880=901, 881=901, 882=901, 883=901, 678=901, 677=901, 676=901, 675=901, 674=901, 673=901, 672=901, 671=901, 679=901, 879=901, 877=901, 878=901, 875=901, 876=901, 670=901, 873=901, 874=901, 871=901, 872=901, 870=901, 696=901, 695=901, 694=901, 693=901, 890=901, 699=901, 698=901, 697=901, 899=901, 893=901, 894=901, 891=901, 892=901, 691=901, 897=901, 898=901, 692=901, 895=901, 690=901, 896=901, 646=901, 647=901, 648=901, 649=901, 195=901, 642=901, 194=901, 643=901, 644=901, 197=901, 645=901, 196=901, 191=901, 190=901, 193=901, 640=901, 192=901, 641=901, 198=901, 199=901, 639=901, 637=901, 638=901, 635=901, 636=901, 633=901, 634=901, 631=901, 632=901, 630=901, 668=901, 669=901, 660=901, 661=901, 662=901, 663=901, 664=901, 665=901, 666=901, 667=901, 659=901, 657=901, 658=901, 651=901, 652=901, 650=901, 655=901, 656=901, 653=901, 654=901, 35=901, 36=901, 33=901, 34=901, 39=901, 37=901, 38=901, 43=901, 42=901, 41=901, 40=901, 22=901, 23=901, 24=901, 25=901, 26=901, 27=901, 28=901, 29=901, 30=901, 32=901, 31=901, 19=901, 17=901, 18=901, 15=901, 16=901, 13=901, 14=901, 11=901, 12=901, 21=901, 20=901, 10=901, 79=901, 78=901, 77=901, 82=901, 83=901, 80=901, 81=901, 86=901, 87=901, 84=901, 85=901, 67=901, 66=901, 69=901, 68=901, 70=901, 71=901, 72=901, 73=901, 74=901, 75=901, 76=901, 59=901, 58=901, 57=901, 56=901, 55=901, 64=901, 65=901, 62=901, 63=901, 60=901, 61=901, 49=901, 48=901, 45=901, 44=901, 47=901, 46=901, 51=901, 52=901, 53=901, 54=901, 50=901, 281=901, 487=901, 280=901, 486=901, 485=901, 484=901, 285=901, 284=901, 283=901, 489=901, 282=901, 488=901, 288=901, 289=901, 286=901, 287=901, 482=901, 483=901, 480=901, 481=901, 474=901, 473=901, 476=901, 270=901, 475=901, 478=901, 272=901, 477=901, 271=901, 274=901, 273=901, 479=901, 275=901, 276=901, 277=901, 278=901, 279=901, 470=901, 471=901, 472=901, 1000=901, 109=901, 108=901, 107=901, 106=901, 105=901, 104=901, 103=901, 102=901, 99=901, 101=901, 100=901, 98=901, 97=901, 96=901, 95=901, 94=901, 93=901, 92=901, 91=901, 294=901, 90=901, 499=901, 293=901, 296=901, 295=901, 290=901, 496=901, 495=901, 292=901, 498=901, 291=901, 497=901, 491=901, 492=901, 493=901, 494=901, 297=901, 298=901, 299=901, 490=901, 88=901, 89=901, 240=901, 241=901, 245=901, 244=901, 243=901, 242=901, 249=901, 248=901, 247=901, 246=901, 230=901, 239=901, 232=901, 231=901, 234=901, 233=901, 236=901, 235=901, 238=901, 237=901, 262=901, 263=901, 260=901, 261=901, 269=901, 268=901, 267=901, 266=901, 265=901, 264=901, 250=901, 251=901, 252=901, 258=901, 904=901, 903=901, 257=901, 906=901, 905=901, 259=901, 254=901, 900=901, 253=901, 902=901, 256=901, 255=901, 901=901}
Number of gene trees: 901
0 trees have missing taxa
Calculating quartet distance matrix (for completion of X)
Species tree distances calculated ...
Building set of clusters (X) from gene trees 
Using tree-based weight calculation.
Number of Default Clusters: 229327
Number of quartet trees in the gene trees: 37457812482585
calculating extra bipartitions to be added at level 1 ...
Number of Clusters after addition by distance: 229333
Adding to X using resolutions of greedy consensus ...
Threshold 0.0:
polytomy of size 5; rounds with additions with at least 0.01 support: 3; clusters: 229377
Threshold 0.01:
polytomy of size 17; rounds with additions with at least 0.01 support: 1; clusters: 229943
Threshold 0.02:
polytomy of size 4; rounds with additions with at least 0.01 support: 0; clusters: 229943
polytomy of size 20; rounds with additions with at least 0.01 support: 0; clusters: 230473
Threshold 0.05:
polytomy of size 4; rounds with additions with at least 0.01 support: 0; clusters: 230473
polytomy of size 5; rounds with additions with at least 0.01 support: 0; clusters: 230473
polytomy of size 24; rounds with additions with at least 0.01 support: 0; clusters: 230483
Threshold 0.1:
polytomy of size 6; rounds with additions with at least 0.01 support: 0; clusters: 230483
polytomy of size 3; rounds with additions with at least 0.01 support: 0; clusters: 230483
polytomy of size 3; rounds with additions with at least 0.01 support: 0; clusters: 230483
polytomy of size 3; rounds with additions with at least 0.01 support: 0; clusters: 230483
polytomy of size 37; rounds with additions with at least 0.01 support: 0; clusters: 230495
Threshold 0.2:
polytomy of size 3; rounds with additions with at least 0.01 support: 0; clusters: 230495
polytomy of size 4; rounds with additions with at least 0.01 support: 0; clusters: 230495
polytomy of size 3; rounds with additions with at least 0.01 support: 0; clusters: 230495
polytomy of size 3; rounds with additions with at least 0.01 support: 0; clusters: 230495
polytomy of size 3; rounds with additions with at least 0.01 support: 0; clusters: 230495
polytomy of size 3; rounds with additions with at least 0.01 support: 0; clusters: 230495
polytomy of size 3; rounds with additions with at least 0.01 support: 0; clusters: 230495
polytomy of size 3; rounds with additions with at least 0.01 support: 0; clusters: 230495
polytomy of size 3; rounds with additions with at least 0.01 support: 0; clusters: 230495
polytomy of size 8; rounds with additions with at least 0.01 support: 0; clusters: 230495
polytomy of size 3; rounds with additions with at least 0.01 support: 0; clusters: 230495
polytomy of size 3; rounds with additions with at least 0.01 support: 0; clusters: 230495
polytomy of size 8; rounds with additions with at least 0.01 support: 0; clusters: 230495
polytomy of size 4; rounds with additions with at least 0.01 support: 0; clusters: 230495
polytomy of size 3; rounds with additions with at least 0.01 support: 0; clusters: 230495
polytomy of size 5; rounds with additions with at least 0.01 support: 0; clusters: 230495
polytomy of size 3; rounds with additions with at least 0.01 support: 0; clusters: 230495
polytomy of size 3; rounds with additions with at least 0.01 support: 0; clusters: 230495
polytomy of size 3; rounds with additions with at least 0.01 support: 0; clusters: 230495
polytomy of size 3; rounds with additions with at least 0.01 support: 0; clusters: 230495
polytomy of size 3; rounds with additions with at least 0.01 support: 0; clusters: 230495
polytomy of size 4; rounds with additions with at least 0.01 support: 0; clusters: 230495
polytomy of size 3; rounds with additions with at least 0.01 support: 0; clusters: 230495
polytomy of size 5; rounds with additions with at least 0.01 support: 0; clusters: 230495
polytomy of size 3; rounds with additions with at least 0.01 support: 0; clusters: 230495
polytomy of size 53; rounds with additions with at least 0.01 support: 0; clusters: 230501
Threshold 0.3333333333333333:
polytomy of size 3; rounds with additions with at least 0.01 support: 0; clusters: 230501
polytomy of size 3; rounds with additions with at least 0.01 support: 0; clusters: 230501
polytomy of size 3; rounds with additions with at least 0.01 support: 0; clusters: 230501
polytomy of size 3; rounds with additions with at least 0.01 support: 0; clusters: 230501
polytomy of size 3; rounds with additions with at least 0.01 support: 0; clusters: 230501
polytomy of size 3; rounds with additions with at least 0.01 support: 0; clusters: 230501
polytomy of size 3; rounds with additions with at least 0.01 support: 0; clusters: 230501
polytomy of size 6; rounds with additions with at least 0.01 support: 0; clusters: 230501
polytomy of size 3; rounds with additions with at least 0.01 support: 0; clusters: 230501
polytomy of size 3; rounds with additions with at least 0.01 support: 0; clusters: 230501
polytomy of size 3; rounds with additions with at least 0.01 support: 0; clusters: 230501
polytomy of size 3; rounds with additions with at least 0.01 support: 0; clusters: 230501
polytomy of size 3; rounds with additions with at least 0.01 support: 0; clusters: 230501
polytomy of size 5; rounds with additions with at least 0.01 support: 0; clusters: 230501
polytomy of size 3; rounds with additions with at least 0.01 support: 0; clusters: 230501
polytomy of size 4; rounds with additions with at least 0.01 support: 0; clusters: 230501
polytomy of size 5; rounds with additions with at least 0.01 support: 0; clusters: 230501
polytomy of size 9; rounds with additions with at least 0.01 support: 0; clusters: 230555
polytomy of size 6; rounds with additions with at least 0.01 support: 0; clusters: 230555
polytomy of size 5; rounds with additions with at least 0.01 support: 0; clusters: 230555
polytomy of size 5; rounds with additions with at least 0.01 support: 0; clusters: 230555
polytomy of size 3; rounds with additions with at least 0.01 support: 0; clusters: 230555
polytomy of size 3; rounds with additions with at least 0.01 support: 0; clusters: 230555
polytomy of size 4; rounds with additions with at least 0.01 support: 0; clusters: 230555
polytomy of size 3; rounds with additions with at least 0.01 support: 0; clusters: 230555
polytomy of size 3; rounds with additions with at least 0.01 support: 0; clusters: 230555
polytomy of size 3; rounds with additions with at least 0.01 support: 0; clusters: 230555
polytomy of size 5; rounds with additions with at least 0.01 support: 0; clusters: 230555
polytomy of size 3; rounds with additions with at least 0.01 support: 0; clusters: 230555
polytomy of size 4; rounds with additions with at least 0.01 support: 0; clusters: 230555
polytomy of size 3; rounds with additions with at least 0.01 support: 0; clusters: 230555
polytomy of size 3; rounds with additions with at least 0.01 support: 0; clusters: 230555
polytomy of size 3; rounds with additions with at least 0.01 support: 0; clusters: 230555
polytomy of size 3; rounds with additions with at least 0.01 support: 0; clusters: 230555
polytomy of size 3; rounds with additions with at least 0.01 support: 0; clusters: 230555
polytomy of size 5; rounds with additions with at least 0.01 support: 0; clusters: 230555
polytomy of size 3; rounds with additions with at least 0.01 support: 0; clusters: 230555
polytomy of size 3; rounds with additions with at least 0.01 support: 0; clusters: 230555
polytomy of size 3; rounds with additions with at least 0.01 support: 0; clusters: 230555
polytomy of size 4; rounds with additions with at least 0.01 support: 0; clusters: 230555
polytomy of size 3; rounds with additions with at least 0.01 support: 0; clusters: 230555
polytomy of size 10; rounds with additions with at least 0.01 support: 0; clusters: 230615
polytomy of size 4; rounds with additions with at least 0.01 support: 0; clusters: 230615
polytomy of size 4; rounds with additions with at least 0.01 support: 0; clusters: 230615
polytomy of size 5; rounds with additions with at least 0.01 support: 0; clusters: 230615
polytomy of size 3; rounds with additions with at least 0.01 support: 0; clusters: 230615
polytomy of size 3; rounds with additions with at least 0.01 support: 0; clusters: 230615
polytomy of size 3; rounds with additions with at least 0.01 support: 0; clusters: 230615
polytomy of size 3; rounds with additions with at least 0.01 support: 0; clusters: 230615
polytomy of size 4; rounds with additions with at least 0.01 support: 0; clusters: 230615
polytomy of size 3; rounds with additions with at least 0.01 support: 0; clusters: 230615
polytomy of size 4; rounds with additions with at least 0.01 support: 0; clusters: 230615
polytomy of size 4; rounds with additions with at least 0.01 support: 0; clusters: 230615
polytomy of size 3; rounds with additions with at least 0.01 support: 0; clusters: 230615
polytomy of size 9; rounds with additions with at least 0.01 support: 0; clusters: 230723
polytomy of size 3; rounds with additions with at least 0.01 support: 0; clusters: 230723
polytomy of size 3; rounds with additions with at least 0.01 support: 0; clusters: 230723
polytomy of size 5; rounds with additions with at least 0.01 support: 0; clusters: 230723
polytomy of size 3; rounds with additions with at least 0.01 support: 0; clusters: 230723
polytomy of size 4; rounds with additions with at least 0.01 support: 0; clusters: 230723
polytomy of size 4; rounds with additions with at least 0.01 support: 0; clusters: 230723
polytomy of size 4; rounds with additions with at least 0.01 support: 0; clusters: 230723
polytomy of size 3; rounds with additions with at least 0.01 support: 0; clusters: 230723
polytomy of size 3; rounds with additions with at least 0.01 support: 0; clusters: 230723
polytomy of size 4; rounds with additions with at least 0.01 support: 0; clusters: 230723
polytomy of size 4; rounds with additions with at least 0.01 support: 0; clusters: 230723
polytomy of size 7; rounds with additions with at least 0.01 support: 0; clusters: 230725
polytomy of size 3; rounds with additions with at least 0.01 support: 0; clusters: 230725
polytomy of size 3; rounds with additions with at least 0.01 support: 0; clusters: 230725
polytomy of size 4; rounds with additions with at least 0.01 support: 0; clusters: 230725
polytomy of size 5; rounds with additions with at least 0.01 support: 0; clusters: 230725
polytomy of size 3; rounds with additions with at least 0.01 support: 0; clusters: 230725
polytomy of size 5; rounds with additions with at least 0.01 support: 0; clusters: 230725
polytomy of size 3; rounds with additions with at least 0.01 support: 0; clusters: 230725
polytomy of size 5; rounds with additions with at least 0.01 support: 0; clusters: 230725
polytomy of size 3; rounds with additions with at least 0.01 support: 0; clusters: 230725
polytomy of size 76; rounds with additions with at least 0.01 support: 0; clusters: 263061
Number of Clusters after addition by greedy: 263061
partitions formed in 593.775 secs
Dynamic Programming starting after 593.775 secs
Size of largest cluster: 1001
Size of largest cluster: 1001
Calculated 100000 weights; time (seconds): 765
Calculated 200000 weights; time (seconds): 147
Total Number of elements weighted: 802148
Normalized score (portion of input quartet trees satisfied): NaN
Final optimization score: 0
Calculated 300000 weights; time (seconds): 142
Calculated 400000 weights; time (seconds): 142
Calculated 500000 weights; time (seconds): 129
Calculated 600000 weights; time (seconds): 171
Calculated 700000 weights; time (seconds): 277
Calculated 800000 weights; time (seconds): 365
Total Number of elements weighted: 802148
Normalized score (portion of input quartet trees satisfied): 0.5811080430773419
Final optimization score: 21767036109713
Optimal tree inferred in 2148.228 secs.
(703,(((565,683),((225,(712,201)),(253,((357,(249,(407,263))),(792,((149,60),(204,(456,802)))))))),((((682,(198,(981,104))),((223,(16,688)),((947,(169,153)),(817,((194,406),(749,458)))))),((213,(177,(739,(998,(440,(459,578)))))),(((842,(171,957)),(((333,(126,(134,388))),((568,((336,244),(915,924))),(744,((662,217),(591,(645,(108,189))))))),(((912,117),((383,(96,355)),(764,(322,(767,228))))),(((482,447),(636,(353,(386,935)))),((269,((381,549),(959,100))),((676,710),((483,174),(961,869)))))))),((671,((602,339),((768,(349,930)),((715,933),(507,(394,21)))))),((30,(899,736)),(311,((11,((344,859),(571,(550,873)))),(((212,(434,47)),((19,673),(6,(216,790)))),(((32,(590,(129,534))),(66,((274,808),(756,648)))),((140,((469,559),(931,(206,619)))),(251,((911,(793,((1000,(561,441)),(633,(769,29))))),((965,929),((894,285),(257,((377,2),(152,629))))))))))))))))),((((940,(437,390)),(((613,763),(874,733)),((111,(495,(156,371))),((543,(840,666)),(313,(653,(627,717))))))),((531,(778,(505,(68,587)))),((705,(500,951)),((563,379),((393,(889,902)),(231,(709,(958,(605,970))))))))),((((405,168),(982,((248,(839,(432,454))),(46,(910,(816,(728,144))))))),(((337,(980,(128,352))),((956,586),(321,(499,359)))),((687,(834,(69,745))),((292,(284,316)),((963,24),((277,165),(273,(155,862)))))))),(((255,(120,993)),(((77,(659,95)),(261,(237,224))),((946,(560,753)),((916,530),(841,721))))),((((220,((7,(567,185)),(726,(903,(937,995))))),((219,290),(510,((288,699),(576,(193,(238,952))))))),(((119,(20,(800,(365,366)))),((708,(949,135)),(452,(535,(616,570))))),((886,(369,652)),(42,((347,(513,(375,632))),((457,972),(743,(813,476)))))))),((((804,(175,(533,761))),((214,((298,(863,953)),(575,(283,445)))),(((695,640),(417,657)),(((265,(775,(166,920))),((430,975),(814,((821,346),(892,(832,828)))))),(((115,(184,186)),((621,751),(968,(875,((615,624),(925,871)))))),(((564,(91,(880,861))),((105,(532,(471,919))),(623,(918,(867,4))))),(((677,389),(97,754)),(((208,637),((427,944),(215,(647,(331,342))))),((542,(547,900)),(((962,987),(618,(497,450))),((338,484),(882,(921,424))))))))))))),((((52,(256,((305,385),(984,(776,(179,663)))))),(755,((860,(132,(281,252))),(639,((628,378),(464,402)))))),(((425,(583,301)),(172,((989,557),(64,(260,22))))),((680,(107,(901,5))),((38,25),((945,54),(811,191)))))),(((302,(606,123)),(((544,788),((453,879),(340,415))),(199,(566,((101,(334,(40,643))),((421,234),(218,(49,494)))))))),(((857,44),(757,(318,938))),((812,(48,(782,86))),((138,(70,235)),(((286,898),(209,81)),(308,(146,(426,(376,(396,(641,400))))))))))))),((0,((((881,((496,((9,803),(79,(608,387)))),((474,(999,(239,(319,772)))),(787,((53,103),(463,(819,511))))))),(((416,(716,(904,(451,617)))),((448,923),(241,(514,909)))),(((282,65),(865,(771,512))),((131,887),((14,592),(994,(519,831))))))),(((580,((167,(750,(664,829))),((610,57),((730,656),(139,996))))),((361,(692,572)),((731,796),((3,(151,960)),(443,((267,582),(114,906))))))),(((368,(660,770)),((858,(711,327)),(986,((264,856),(480,678))))),(((431,888),(74,(164,(815,518)))),((573,707),(((895,(516,124)),(433,(127,(498,740)))),(466,((634,809),((374,247),(642,304)))))))))),((((332,939),(734,((325,315),(92,(948,(324,372)))))),((971,((170,335),(429,(246,312)))),((345,314),((773,(12,(706,210))),((317,343),(625,(197,(835,78)))))))),(((942,(670,(684,173))),(((536,(719,404)),((686,(493,391)),((973,630),(465,188)))),(((609,(934,102)),((777,55),(781,(833,462)))),(825,((205,(157,((341,522),(577,(460,603))))),((181,(555,((113,(979,517)),((525,187),(702,401))))),((685,(896,(727,528))),((26,520),(976,(75,(266,84))))))))))),(((913,(481,(50,382))),((413,(330,(8,595))),((990,(27,649)),(794,(503,((556,766),(614,785))))))),(((884,475),(784,((849,(408,409)),(178,(742,363))))),((515,(701,((418,1),(51,(37,(242,654)))))),(((631,675),(243,(422,137))),(((818,774),(125,(558,310))),((491,180),((508,(15,122)),((690,61),((34,94),(927,954)))))))))))))),((((501,(85,(848,268))),((160,((299,594),(765,275))),((((398,360),(584,(868,320))),(250,(668,(545,(830,(62,294)))))),((883,735),((720,(914,(446,(358,523)))),(598,(783,((854,176),(537,(449,(724,141))))))))))),(((229,(722,289)),((893,806),(658,(293,202)))),(((864,(279,183)),(977,(((694,801),(196,182)),((509,(552,31)),(967,(843,(28,(303,599)))))))),(((667,651),(908,(423,569))),((((644,502),(672,897)),(58,((328,89),(760,798)))),((850,(143,(486,(136,(158,795))))),((227,411),((245,(611,(370,732))),((551,((748,562),(853,(233,161)))),(133,((737,329),(272,(600,(468,620)))))))))))))),((((83,326),(822,((548,(574,87)),(300,(524,((348,978),(276,41))))))),((((504,88),((870,116),(988,(725,786)))),(211,((487,(99,470)),((852,681),((837,10),(148,472)))))),((((147,844),(601,(479,397))),((650,(36,(612,489))),((604,(917,(872,851))),((373,878),(966,(738,(159,589))))))),(((674,(529,150)),(932,(553,679))),((866,(467,((488,145),(259,661)))),(270,((885,992),(539,((626,420),(669,713)))))))))),((((597,(414,(928,(729,810)))),((163,799),((403,(162,73)),(392,((846,(13,(991,203))),(93,((622,527),(805,362)))))))),((130,72),(((779,232),(((80,309),(356,(221,741))),(384,((287,262),(110,((700,(154,696)),(306,(926,(296,655))))))))),((106,((444,(905,807)),((506,922),(226,588)))),(((847,(554,(71,974))),(845,((693,820),(538,540)))),((579,(436,23)),((90,797),((521,(665,442)),(585,((438,596),(435,56))))))))))),((635,(((455,18),(200,33)),(142,(689,(354,63))))),(((((35,(607,112)),(192,(367,593))),((698,254),((943,(410,297)),(271,((350,827),(240,(826,704))))))),((964,(399,(762,691))),((82,(307,907)),((351,76),((118,(638,(291,380))),((718,997),(714,((98,67),(419,323))))))))),(((985,59),((364,(39,(222,890))),((877,581),((789,278),((759,723),(876,(983,546))))))),(((428,(936,412)),(477,((752,(646,109)),(236,((836,697),(838,(824,45))))))),(((955,(395,478)),((258,230),(43,(17,280)))),((823,(758,(541,(780,950)))),((485,(891,(791,969))),((747,(473,(490,(207,(941,(746,855)))))),(492,((439,(121,195)),((526,461),(295,190))))))))))))))))))))))));
Quartet score is: 21767036109713
Normalized quartet score is: 0.5811080430773419
ASTRAL finished in 2752.103 secs
