
================== ASTRAL ===================== 

This is ASTRAL version 4.10.8
Gene trees are treated as unrooted
1000 trees read from model.200.10000000.0.0000001/31/estimatedgenetre.halfresolved
All outputted trees will be *arbitrarily* rooted at 27

======== Running the main analysis
Number of taxa: 201 (201 species)
Taxa: [27, 76, 122, 172, 63, 146, 167, 185, 40, 151, 55, 195, 93, 86, 188, 99, 78, 69, 16, 26, 30, 194, 13, 176, 73, 140, 90, 7, 128, 126, 106, 190, 66, 160, 15, 145, 88, 45, 199, 21, 183, 143, 164, 148, 175, 34, 135, 4, 64, 83, 169, 189, 163, 71, 129, 57, 54, 108, 31, 41, 178, 119, 133, 36, 53, 193, 84, 154, 105, 187, 149, 153, 161, 50, 59, 60, 112, 19, 107, 24, 125, 14, 18, 35, 118, 130, 43, 37, 96, 113, 197, 42, 94, 68, 121, 29, 165, 51, 120, 191, 142, 156, 97, 100, 33, 1, 196, 23, 58, 182, 124, 17, 6, 72, 25, 47, 38, 180, 111, 159, 137, 141, 10, 75, 65, 91, 173, 2, 12, 127, 80, 44, 139, 61, 98, 184, 110, 70, 136, 52, 192, 46, 5, 158, 123, 0, 200, 82, 102, 49, 74, 132, 62, 3, 95, 56, 103, 162, 134, 157, 117, 77, 171, 101, 181, 131, 138, 22, 179, 48, 92, 67, 150, 116, 20, 104, 152, 109, 8, 28, 186, 144, 147, 166, 89, 11, 155, 9, 115, 81, 39, 32, 198, 170, 79, 87, 85, 114, 168, 177, 174]
Taxon occupancy: {35=1000, 36=1000, 33=1000, 159=1000, 34=1000, 158=1000, 157=1000, 39=1000, 156=1000, 37=1000, 155=1000, 154=1000, 38=1000, 152=1000, 153=1000, 150=1000, 151=1000, 43=1000, 42=1000, 41=1000, 40=1000, 200=1000, 22=1000, 169=1000, 23=1000, 24=1000, 25=1000, 26=1000, 166=1000, 27=1000, 165=1000, 168=1000, 28=1000, 29=1000, 167=1000, 161=1000, 3=1000, 2=1000, 162=1000, 163=1000, 1=1000, 164=1000, 0=1000, 30=1000, 7=1000, 6=1000, 5=1000, 32=1000, 31=1000, 160=1000, 4=1000, 9=1000, 8=1000, 19=1000, 17=1000, 179=1000, 18=1000, 178=1000, 177=1000, 15=1000, 176=1000, 16=1000, 13=1000, 14=1000, 11=1000, 12=1000, 170=1000, 21=1000, 171=1000, 20=1000, 174=1000, 175=1000, 172=1000, 173=1000, 188=1000, 187=1000, 189=1000, 180=1000, 10=1000, 181=1000, 182=1000, 183=1000, 184=1000, 185=1000, 186=1000, 116=1000, 79=1000, 117=1000, 114=1000, 78=1000, 77=1000, 115=1000, 112=1000, 113=1000, 110=1000, 111=1000, 118=1000, 119=1000, 82=1000, 83=1000, 80=1000, 81=1000, 86=1000, 87=1000, 84=1000, 85=1000, 125=1000, 67=1000, 126=1000, 66=1000, 69=1000, 127=1000, 68=1000, 128=1000, 121=1000, 122=1000, 123=1000, 124=1000, 129=1000, 70=1000, 71=1000, 120=1000, 72=1000, 73=1000, 74=1000, 75=1000, 76=1000, 134=1000, 135=1000, 132=1000, 59=1000, 133=1000, 58=1000, 138=1000, 57=1000, 139=1000, 136=1000, 56=1000, 55=1000, 137=1000, 64=1000, 65=1000, 62=1000, 63=1000, 60=1000, 131=1000, 130=1000, 61=1000, 143=1000, 49=1000, 48=1000, 144=1000, 145=1000, 146=1000, 45=1000, 147=1000, 148=1000, 44=1000, 149=1000, 47=1000, 46=1000, 51=1000, 52=1000, 53=1000, 54=1000, 140=1000, 142=1000, 50=1000, 141=1000, 109=1000, 108=1000, 107=1000, 106=1000, 105=1000, 104=1000, 103=1000, 99=1000, 102=1000, 101=1000, 100=1000, 98=1000, 97=1000, 96=1000, 95=1000, 94=1000, 93=1000, 92=1000, 91=1000, 90=1000, 88=1000, 89=1000, 195=1000, 194=1000, 197=1000, 196=1000, 191=1000, 190=1000, 193=1000, 192=1000, 198=1000, 199=1000}
Number of gene trees: 1000
0 trees have missing taxa
Calculating quartet distance matrix (for completion of X)
Species tree distances calculated ...
Building set of clusters (X) from gene trees 
Using tree-based weight calculation.
Number of Default Clusters: 24895
Number of quartet trees in the gene trees: 65991827442
calculating extra bipartitions to be added at level 1 ...
Number of Clusters after addition by distance: 24895
Adding to X using resolutions of greedy consensus ...
Threshold 0.0:
Threshold 0.01:
Threshold 0.02:
Threshold 0.05:
Threshold 0.1:
polytomy of size 4; rounds with additions with at least 0.01 support: 0; clusters: 24895
polytomy of size 3; rounds with additions with at least 0.01 support: 0; clusters: 24895
Threshold 0.2:
polytomy of size 3; rounds with additions with at least 0.01 support: 0; clusters: 24895
polytomy of size 7; rounds with additions with at least 0.01 support: 0; clusters: 24895
polytomy of size 4; rounds with additions with at least 0.01 support: 0; clusters: 24895
Threshold 0.3333333333333333:
polytomy of size 3; rounds with additions with at least 0.01 support: 0; clusters: 24895
polytomy of size 3; rounds with additions with at least 0.01 support: 0; clusters: 24895
polytomy of size 3; rounds with additions with at least 0.01 support: 0; clusters: 24895
polytomy of size 5; rounds with additions with at least 0.01 support: 0; clusters: 24895
polytomy of size 3; rounds with additions with at least 0.01 support: 0; clusters: 24895
polytomy of size 3; rounds with additions with at least 0.01 support: 0; clusters: 24895
polytomy of size 9; rounds with additions with at least 0.01 support: 0; clusters: 24915
polytomy of size 6; rounds with additions with at least 0.01 support: 0; clusters: 24917
polytomy of size 3; rounds with additions with at least 0.01 support: 0; clusters: 24917
polytomy of size 3; rounds with additions with at least 0.01 support: 0; clusters: 24917
Number of Clusters after addition by greedy: 24917
partitions formed in 16.281 secs
Dynamic Programming starting after 16.281 secs
Size of largest cluster: 201
Size of largest cluster: 201
Total Number of elements weighted: 86558
Normalized score (portion of input quartet trees satisfied): NaN
Final optimization score: 0
Total Number of elements weighted: 86558
Normalized score (portion of input quartet trees satisfied): 0.8084422547760123
Final optimization score: 53350581774
Optimal tree inferred in 37.501 secs.
(27,(76,((126,106),((128,(190,((66,(160,15)),(79,(87,85))))),((((200,(82,(102,(49,74)))),(((155,9),((115,81),(39,32))),((92,(67,150)),((116,20),((62,3),(((134,(103,162)),(56,(95,(157,117)))),((77,(171,101)),((179,48),((181,131),(138,22)))))))))),(((198,170),((114,(168,177)),(174,((109,8),(104,152))))),(((122,(172,((185,40),(63,(146,167))))),((144,(28,186)),((147,166),(89,11)))),(((55,195),((90,7),(73,140))),(((99,78),(93,(86,188))),((151,(26,30)),((69,16),(132,(194,(13,176)))))))))),(0,((((111,159),(137,(141,(10,75)))),(((5,(158,123)),((52,(192,46)),(110,(70,136)))),(((98,184),(80,44)),((139,61),(65,((91,173),(2,(12,127)))))))),(((196,23),(((58,182),(124,(17,6))),((38,180),(72,(25,47))))),((((145,(183,143)),((21,(164,148)),((175,34),(88,(45,199))))),(37,(1,((156,((42,(113,197)),(96,(121,(94,68))))),((97,(100,33)),(29,(165,(51,(120,(191,142)))))))))),((((153,161),(50,(59,(60,112)))),((41,(178,119)),((53,193),(133,36)))),((((135,4),(64,(83,169))),((189,(163,71)),((129,57),(54,(108,31))))),((84,(154,(105,(187,149)))),(((19,107),(24,(125,14))),((18,35),(118,(130,43))))))))))))))));
Quartet score is: 53350581774
Normalized quartet score is: 0.8084422547760123
ASTRAL finished in 49.14 secs
