
================== ASTRAL ===================== 

This is ASTRAL version 4.10.8
Gene trees are treated as unrooted
1000 trees read from model.500.2000000.0.000001/33/estimatedgenetre.halfresolved
All outputted trees will be *arbitrarily* rooted at 161

======== Running the main analysis
Number of taxa: 501 (501 species)
Taxa: [161, 326, 344, 395, 187, 301, 440, 495, 264, 34, 222, 282, 174, 138, 272, 256, 290, 422, 419, 354, 307, 249, 44, 330, 139, 303, 56, 335, 53, 306, 241, 112, 240, 78, 293, 346, 30, 102, 438, 159, 180, 185, 406, 369, 367, 396, 120, 144, 17, 158, 210, 275, 478, 295, 110, 145, 66, 297, 432, 332, 391, 412, 408, 184, 339, 378, 313, 498, 219, 348, 320, 179, 364, 399, 35, 328, 356, 18, 340, 103, 353, 352, 198, 366, 465, 45, 459, 91, 480, 457, 203, 131, 199, 300, 496, 394, 285, 213, 77, 341, 423, 81, 19, 242, 98, 136, 398, 487, 376, 208, 33, 13, 450, 392, 1, 362, 55, 196, 382, 452, 153, 115, 88, 331, 224, 429, 47, 8, 51, 259, 403, 333, 327, 162, 181, 351, 101, 38, 149, 60, 225, 119, 177, 215, 322, 93, 170, 469, 10, 397, 316, 105, 265, 126, 347, 468, 482, 52, 186, 273, 141, 104, 28, 448, 118, 114, 29, 477, 202, 133, 447, 67, 489, 380, 260, 499, 107, 84, 309, 130, 464, 54, 324, 491, 166, 83, 70, 127, 178, 37, 167, 258, 435, 485, 122, 350, 232, 113, 375, 111, 456, 262, 271, 92, 451, 343, 22, 314, 405, 323, 109, 342, 14, 497, 87, 357, 140, 384, 479, 261, 473, 173, 176, 68, 12, 445, 488, 125, 292, 214, 205, 220, 90, 172, 284, 449, 163, 246, 377, 417, 386, 0, 379, 164, 453, 416, 49, 169, 276, 72, 467, 427, 132, 345, 171, 318, 188, 206, 11, 360, 228, 286, 270, 106, 458, 358, 428, 359, 43, 424, 82, 157, 142, 409, 137, 50, 16, 216, 200, 227, 211, 302, 76, 463, 100, 80, 420, 299, 231, 483, 121, 254, 337, 250, 484, 63, 86, 207, 372, 269, 454, 268, 462, 278, 69, 244, 75, 389, 426, 494, 27, 308, 466, 371, 175, 2, 411, 25, 288, 146, 221, 248, 315, 150, 368, 387, 253, 218, 193, 472, 61, 39, 245, 183, 321, 334, 217, 234, 226, 31, 195, 277, 470, 296, 135, 455, 168, 191, 97, 431, 99, 317, 74, 361, 46, 42, 151, 437, 281, 204, 7, 23, 329, 201, 385, 414, 474, 439, 85, 190, 124, 443, 279, 325, 236, 123, 421, 267, 304, 233, 402, 57, 349, 237, 373, 238, 26, 441, 336, 59, 36, 41, 486, 32, 62, 418, 154, 71, 310, 475, 6, 129, 280, 490, 251, 274, 4, 434, 257, 291, 415, 460, 20, 189, 255, 500, 365, 263, 390, 15, 89, 319, 410, 401, 143, 155, 471, 65, 165, 95, 383, 312, 96, 148, 289, 128, 407, 247, 229, 252, 212, 433, 430, 58, 476, 239, 134, 444, 493, 182, 400, 223, 160, 40, 266, 192, 194, 355, 393, 370, 197, 117, 311, 230, 209, 152, 73, 294, 24, 363, 243, 79, 108, 374, 94, 442, 298, 21, 287, 425, 305, 338, 64, 156, 5, 3, 413, 461, 388, 147, 481, 381, 283, 235, 48, 116, 404, 436, 446, 492, 9]
Taxon occupancy: {338=1000, 339=1000, 332=1000, 333=1000, 159=1000, 330=1000, 331=1000, 158=1000, 336=1000, 157=1000, 156=1000, 337=1000, 155=1000, 334=1000, 154=1000, 335=1000, 152=1000, 153=1000, 150=1000, 151=1000, 202=1000, 349=1000, 203=1000, 204=1000, 205=1000, 200=1000, 201=1000, 341=1000, 342=1000, 169=1000, 343=1000, 344=1000, 166=1000, 345=1000, 206=1000, 165=1000, 346=1000, 207=1000, 347=1000, 208=1000, 168=1000, 209=1000, 167=1000, 348=1000, 3=1000, 161=1000, 409=1000, 162=1000, 408=1000, 2=1000, 1=1000, 163=1000, 0=1000, 164=1000, 405=1000, 7=1000, 404=1000, 6=1000, 5=1000, 407=1000, 340=1000, 160=1000, 4=1000, 406=1000, 401=1000, 400=1000, 9=1000, 403=1000, 8=1000, 402=1000, 211=1000, 212=1000, 210=1000, 215=1000, 318=1000, 319=1000, 216=1000, 316=1000, 213=1000, 214=1000, 317=1000, 219=1000, 179=1000, 314=1000, 178=1000, 315=1000, 312=1000, 177=1000, 217=1000, 313=1000, 176=1000, 218=1000, 310=1000, 311=1000, 418=1000, 170=1000, 417=1000, 171=1000, 416=1000, 415=1000, 174=1000, 175=1000, 172=1000, 419=1000, 173=1000, 410=1000, 414=1000, 413=1000, 412=1000, 411=1000, 220=1000, 221=1000, 222=1000, 223=1000, 327=1000, 224=1000, 225=1000, 328=1000, 226=1000, 329=1000, 227=1000, 323=1000, 188=1000, 228=1000, 229=1000, 324=1000, 187=1000, 325=1000, 189=1000, 326=1000, 320=1000, 321=1000, 322=1000, 427=1000, 180=1000, 426=1000, 181=1000, 429=1000, 182=1000, 428=1000, 183=1000, 184=1000, 185=1000, 186=1000, 421=1000, 420=1000, 423=1000, 422=1000, 425=1000, 424=1000, 116=1000, 117=1000, 114=1000, 115=1000, 112=1000, 113=1000, 110=1000, 111=1000, 118=1000, 119=1000, 435=1000, 436=1000, 433=1000, 434=1000, 431=1000, 432=1000, 430=1000, 439=1000, 437=1000, 438=1000, 125=1000, 126=1000, 127=1000, 300=1000, 128=1000, 302=1000, 121=1000, 301=1000, 122=1000, 123=1000, 304=1000, 303=1000, 124=1000, 306=1000, 305=1000, 308=1000, 307=1000, 129=1000, 309=1000, 444=1000, 445=1000, 446=1000, 447=1000, 440=1000, 441=1000, 442=1000, 443=1000, 120=1000, 448=1000, 449=1000, 134=1000, 135=1000, 132=1000, 133=1000, 138=1000, 139=1000, 136=1000, 137=1000, 450=1000, 453=1000, 454=1000, 451=1000, 452=1000, 457=1000, 458=1000, 455=1000, 456=1000, 459=1000, 131=1000, 130=1000, 143=1000, 144=1000, 145=1000, 146=1000, 147=1000, 148=1000, 149=1000, 461=1000, 460=1000, 462=1000, 463=1000, 464=1000, 465=1000, 466=1000, 467=1000, 468=1000, 469=1000, 140=1000, 142=1000, 141=1000, 195=1000, 194=1000, 197=1000, 196=1000, 191=1000, 190=1000, 193=1000, 192=1000, 198=1000, 199=1000, 500=1000, 35=1000, 36=1000, 33=1000, 34=1000, 39=1000, 37=1000, 38=1000, 43=1000, 42=1000, 41=1000, 40=1000, 22=1000, 23=1000, 24=1000, 25=1000, 26=1000, 27=1000, 28=1000, 29=1000, 30=1000, 32=1000, 31=1000, 19=1000, 17=1000, 18=1000, 15=1000, 16=1000, 13=1000, 14=1000, 11=1000, 12=1000, 21=1000, 20=1000, 10=1000, 79=1000, 78=1000, 77=1000, 82=1000, 83=1000, 80=1000, 81=1000, 86=1000, 87=1000, 84=1000, 85=1000, 67=1000, 66=1000, 69=1000, 68=1000, 70=1000, 71=1000, 72=1000, 73=1000, 74=1000, 75=1000, 76=1000, 59=1000, 58=1000, 57=1000, 56=1000, 55=1000, 64=1000, 65=1000, 62=1000, 63=1000, 60=1000, 61=1000, 49=1000, 48=1000, 45=1000, 44=1000, 47=1000, 46=1000, 51=1000, 52=1000, 53=1000, 54=1000, 50=1000, 487=1000, 281=1000, 280=1000, 486=1000, 485=1000, 484=1000, 285=1000, 284=1000, 283=1000, 489=1000, 282=1000, 488=1000, 288=1000, 289=1000, 286=1000, 287=1000, 482=1000, 483=1000, 480=1000, 481=1000, 474=1000, 473=1000, 476=1000, 270=1000, 475=1000, 272=1000, 478=1000, 477=1000, 271=1000, 274=1000, 273=1000, 479=1000, 275=1000, 276=1000, 277=1000, 278=1000, 279=1000, 470=1000, 471=1000, 472=1000, 109=1000, 108=1000, 107=1000, 106=1000, 105=1000, 104=1000, 103=1000, 102=1000, 99=1000, 101=1000, 100=1000, 98=1000, 97=1000, 96=1000, 391=1000, 95=1000, 390=1000, 94=1000, 393=1000, 93=1000, 392=1000, 395=1000, 92=1000, 91=1000, 394=1000, 294=1000, 90=1000, 499=1000, 293=1000, 296=1000, 295=1000, 290=1000, 496=1000, 495=1000, 498=1000, 292=1000, 291=1000, 497=1000, 491=1000, 492=1000, 493=1000, 494=1000, 297=1000, 298=1000, 299=1000, 490=1000, 396=1000, 397=1000, 398=1000, 399=1000, 88=1000, 89=1000, 240=1000, 241=1000, 383=1000, 384=1000, 381=1000, 382=1000, 380=1000, 389=1000, 388=1000, 387=1000, 386=1000, 385=1000, 245=1000, 244=1000, 243=1000, 242=1000, 249=1000, 248=1000, 247=1000, 246=1000, 230=1000, 370=1000, 371=1000, 372=1000, 373=1000, 379=1000, 239=1000, 378=1000, 375=1000, 374=1000, 377=1000, 376=1000, 232=1000, 231=1000, 234=1000, 233=1000, 236=1000, 235=1000, 238=1000, 237=1000, 262=1000, 263=1000, 260=1000, 261=1000, 361=1000, 362=1000, 360=1000, 366=1000, 365=1000, 364=1000, 363=1000, 369=1000, 368=1000, 367=1000, 269=1000, 268=1000, 267=1000, 266=1000, 265=1000, 264=1000, 250=1000, 251=1000, 252=1000, 350=1000, 351=1000, 353=1000, 352=1000, 355=1000, 354=1000, 357=1000, 356=1000, 359=1000, 358=1000, 258=1000, 257=1000, 259=1000, 254=1000, 253=1000, 256=1000, 255=1000}
Number of gene trees: 1000
0 trees have missing taxa
Calculating quartet distance matrix (for completion of X)
Species tree distances calculated ...
Building set of clusters (X) from gene trees 
Using tree-based weight calculation.
Number of Default Clusters: 187621
Number of quartet trees in the gene trees: 2593737790935
calculating extra bipartitions to be added at level 1 ...
Number of Clusters after addition by distance: 187631
Adding to X using resolutions of greedy consensus ...
Threshold 0.0:
polytomy of size 5; rounds with additions with at least 0.01 support: 1; clusters: 187675
Threshold 0.01:
polytomy of size 13; rounds with additions with at least 0.01 support: 0; clusters: 188287
Threshold 0.02:
polytomy of size 15; rounds with additions with at least 0.01 support: 3; clusters: 188947
polytomy of size 3; rounds with additions with at least 0.01 support: 0; clusters: 188947
Threshold 0.05:
polytomy of size 3; rounds with additions with at least 0.01 support: 0; clusters: 188947
polytomy of size 25; rounds with additions with at least 0.01 support: 0; clusters: 188975
Threshold 0.1:
polytomy of size 4; rounds with additions with at least 0.01 support: 0; clusters: 188975
polytomy of size 3; rounds with additions with at least 0.01 support: 0; clusters: 188975
polytomy of size 4; rounds with additions with at least 0.01 support: 0; clusters: 188975
polytomy of size 3; rounds with additions with at least 0.01 support: 0; clusters: 188975
polytomy of size 4; rounds with additions with at least 0.01 support: 0; clusters: 188975
polytomy of size 3; rounds with additions with at least 0.01 support: 0; clusters: 188975
polytomy of size 4; rounds with additions with at least 0.01 support: 0; clusters: 188975
polytomy of size 29; rounds with additions with at least 0.01 support: 0; clusters: 188983
Threshold 0.2:
polytomy of size 5; rounds with additions with at least 0.01 support: 0; clusters: 188983
polytomy of size 5; rounds with additions with at least 0.01 support: 0; clusters: 188983
polytomy of size 3; rounds with additions with at least 0.01 support: 0; clusters: 188983
polytomy of size 3; rounds with additions with at least 0.01 support: 0; clusters: 188983
polytomy of size 7; rounds with additions with at least 0.01 support: 0; clusters: 188983
polytomy of size 3; rounds with additions with at least 0.01 support: 0; clusters: 188983
polytomy of size 3; rounds with additions with at least 0.01 support: 0; clusters: 188983
polytomy of size 4; rounds with additions with at least 0.01 support: 0; clusters: 188983
polytomy of size 3; rounds with additions with at least 0.01 support: 0; clusters: 188983
polytomy of size 6; rounds with additions with at least 0.01 support: 0; clusters: 188983
polytomy of size 5; rounds with additions with at least 0.01 support: 0; clusters: 188983
polytomy of size 4; rounds with additions with at least 0.01 support: 0; clusters: 188983
polytomy of size 3; rounds with additions with at least 0.01 support: 0; clusters: 188983
polytomy of size 3; rounds with additions with at least 0.01 support: 0; clusters: 188983
polytomy of size 6; rounds with additions with at least 0.01 support: 0; clusters: 188983
polytomy of size 7; rounds with additions with at least 0.01 support: 0; clusters: 188983
polytomy of size 48; rounds with additions with at least 0.01 support: 0; clusters: 188989
Threshold 0.3333333333333333:
polytomy of size 6; rounds with additions with at least 0.01 support: 0; clusters: 188989
polytomy of size 3; rounds with additions with at least 0.01 support: 0; clusters: 188989
polytomy of size 4; rounds with additions with at least 0.01 support: 0; clusters: 188989
polytomy of size 3; rounds with additions with at least 0.01 support: 0; clusters: 188989
polytomy of size 5; rounds with additions with at least 0.01 support: 0; clusters: 188989
polytomy of size 3; rounds with additions with at least 0.01 support: 0; clusters: 188989
polytomy of size 7; rounds with additions with at least 0.01 support: 0; clusters: 188989
polytomy of size 4; rounds with additions with at least 0.01 support: 0; clusters: 188989
polytomy of size 3; rounds with additions with at least 0.01 support: 0; clusters: 188989
polytomy of size 3; rounds with additions with at least 0.01 support: 0; clusters: 188989
polytomy of size 6; rounds with additions with at least 0.01 support: 0; clusters: 188989
polytomy of size 4; rounds with additions with at least 0.01 support: 0; clusters: 188989
polytomy of size 3; rounds with additions with at least 0.01 support: 0; clusters: 188989
polytomy of size 4; rounds with additions with at least 0.01 support: 0; clusters: 188989
polytomy of size 3; rounds with additions with at least 0.01 support: 0; clusters: 188989
polytomy of size 4; rounds with additions with at least 0.01 support: 0; clusters: 188989
polytomy of size 3; rounds with additions with at least 0.01 support: 0; clusters: 188989
polytomy of size 4; rounds with additions with at least 0.01 support: 0; clusters: 188989
polytomy of size 3; rounds with additions with at least 0.01 support: 0; clusters: 188989
polytomy of size 3; rounds with additions with at least 0.01 support: 0; clusters: 188989
polytomy of size 3; rounds with additions with at least 0.01 support: 0; clusters: 188989
polytomy of size 3; rounds with additions with at least 0.01 support: 0; clusters: 188989
polytomy of size 3; rounds with additions with at least 0.01 support: 0; clusters: 188989
polytomy of size 8; rounds with additions with at least 0.01 support: 0; clusters: 188995
polytomy of size 3; rounds with additions with at least 0.01 support: 0; clusters: 188995
polytomy of size 3; rounds with additions with at least 0.01 support: 0; clusters: 188995
polytomy of size 3; rounds with additions with at least 0.01 support: 0; clusters: 188995
polytomy of size 3; rounds with additions with at least 0.01 support: 0; clusters: 188995
polytomy of size 5; rounds with additions with at least 0.01 support: 0; clusters: 188995
polytomy of size 8; rounds with additions with at least 0.01 support: 0; clusters: 189007
polytomy of size 3; rounds with additions with at least 0.01 support: 0; clusters: 189007
polytomy of size 3; rounds with additions with at least 0.01 support: 0; clusters: 189007
polytomy of size 3; rounds with additions with at least 0.01 support: 0; clusters: 189007
polytomy of size 5; rounds with additions with at least 0.01 support: 0; clusters: 189007
polytomy of size 3; rounds with additions with at least 0.01 support: 0; clusters: 189007
polytomy of size 3; rounds with additions with at least 0.01 support: 0; clusters: 189007
polytomy of size 4; rounds with additions with at least 0.01 support: 0; clusters: 189007
polytomy of size 3; rounds with additions with at least 0.01 support: 0; clusters: 189007
polytomy of size 3; rounds with additions with at least 0.01 support: 0; clusters: 189007
polytomy of size 3; rounds with additions with at least 0.01 support: 0; clusters: 189007
polytomy of size 4; rounds with additions with at least 0.01 support: 0; clusters: 189007
polytomy of size 7; rounds with additions with at least 0.01 support: 0; clusters: 189007
polytomy of size 71; rounds with additions with at least 0.01 support: 0; clusters: 229785
Number of Clusters after addition by greedy: 229785
partitions formed in 232.042 secs
Dynamic Programming starting after 232.042 secs
Size of largest cluster: 501
Size of largest cluster: 501
Calculated 100000 weights; time (seconds): 297
Calculated 200000 weights; time (seconds): 61
Calculated 300000 weights; time (seconds): 64
Calculated 400000 weights; time (seconds): 65
Total Number of elements weighted: 641983
Normalized score (portion of input quartet trees satisfied): NaN
Final optimization score: 0
Calculated 500000 weights; time (seconds): 70
Calculated 600000 weights; time (seconds): 122
Total Number of elements weighted: 641983
Normalized score (portion of input quartet trees satisfied): 0.5617855278916727
Final optimization score: 1457124354093
Optimal tree inferred in 760.576 secs.
(161,(159,(((312,148),((95,96),(383,(252,212)))),(((247,229),(128,(289,407))),((((194,(355,(393,370))),((222,(326,344)),((264,(301,34)),((395,187),(440,495))))),((282,(174,138)),(((272,256),(303,(330,139))),(290,((419,354),(307,(44,(422,249)))))))),(((182,(400,(444,493))),(((30,(369,((102,438),((185,406),(346,180))))),((73,294),((363,(24,243)),(79,(108,(374,94)))))),(((56,335),((78,293),(53,(240,(112,(306,241)))))),((418,154),((238,(476,(58,(239,134)))),(((433,430),(209,152)),(((311,230),(197,117)),(379,(223,(266,(192,(160,40)))))))))))),(((129,(280,490)),((8,51),((350,232),(435,(485,122))))),(((((165,(284,(172,(449,163)))),(246,((220,90),(214,205)))),((367,(169,(276,72))),((9,(423,81)),((498,(219,348)),((500,(189,255)),(390,(20,((471,65),(143,((155,(365,263)),((410,401),(319,(15,89))))))))))))),(((67,(380,(260,(499,107)))),((133,(186,(141,(273,104)))),((489,((28,448),(447,(477,202)))),((464,(54,(324,491))),((29,(118,114)),(130,(84,309))))))),((162,469),((265,(10,(397,(316,105)))),((52,((468,482),(126,347))),((101,225),((60,(181,351)),((403,(333,327)),((170,(38,149)),(215,(119,(322,(177,93))))))))))))),(((((123,(325,236)),((421,267),((304,233),(349,(402,57))))),((279,((124,(190,443)),((439,85),(414,474)))),(((74,361),(46,(42,151))),((237,373),((281,(201,(99,317))),(437,(23,(385,(204,(7,329)))))))))),((((207,372),(168,(97,(191,431)))),((164,(483,(121,(231,(254,337))))),((484,(250,63)),(453,(416,49))))),((86,((218,193),((371,(175,(2,411))),(25,((387,253),((150,368),((288,146),(221,(248,315))))))))),(((39,((245,183),(472,61))),((195,(296,(277,470))),((31,(234,226)),(217,(321,334))))),((269,(268,((462,278),(135,(454,455))))),(244,(69,(308,(466,((426,494),(75,(389,27)))))))))))),((((436,(446,492)),((48,(116,404)),(461,((235,(381,283)),(388,(147,481)))))),(((386,((258,(166,83)),(37,((70,127),(178,167))))),((467,(427,132)),(((318,188),((345,171),(377,417))),(434,(460,((274,4),(257,(291,415)))))))),(((109,(342,(14,497))),((92,(251,(343,(451,22)))),(314,((405,(323,71)),(6,(310,475)))))),(((59,(336,(26,441))),((36,62),(32,(41,486)))),((287,(298,(442,21))),((425,(305,338)),((3,413),(5,(64,156))))))))),(0,((((375,(113,111)),(456,(262,271))),((224,(429,(331,47))),(259,(115,(88,(382,(452,153))))))),((((66,(16,216)),((110,145),(275,(478,295)))),((360,((106,458),(228,(286,270)))),((206,11),((157,142),((358,(428,359)),((409,137),(43,(424,82)))))))),(((340,(366,(103,(353,(352,198))))),((420,299),(50,(((463,80),(76,100)),(302,(200,(227,211))))))),((480,(91,(459,(465,45)))),((((378,(320,(179,364))),(((173,176),(261,473)),(87,(357,(384,(140,479)))))),(((196,(362,55)),(33,(13,(450,(392,1))))),((487,376),(208,(398,(136,(19,(242,98)))))))),(313,((((356,18),(328,(399,35))),((68,12),((184,339),((125,292),(445,488))))),((144,((396,120),(210,(17,158)))),((297,(432,(332,391))),((341,(457,203)),((412,408),(131,((199,300),(496,(77,(285,(394,213))))))))))))))))))))))))))));
Quartet score is: 1457124354093
Normalized quartet score is: 0.5617855278916727
ASTRAL finished in 809.679 secs
