
================== ASTRAL ===================== 

This is ASTRAL version 4.10.8
Gene trees are treated as unrooted
1000 trees read from ASTRALDATA/model.1000.2000000.0.000001/14/estimatedgenetre.halfresolved
All outputted trees will be *arbitrarily* rooted at 829

======== Running the main analysis
Number of taxa: 1001 (1001 species)
Taxa: [829, 658, 407, 715, 46, 5, 505, 338, 916, 729, 359, 453, 976, 638, 960, 601, 379, 964, 466, 910, 210, 95, 664, 61, 6, 430, 469, 71, 951, 128, 157, 54, 857, 431, 837, 871, 75, 387, 366, 660, 32, 474, 404, 52, 50, 980, 194, 839, 441, 513, 531, 161, 83, 533, 843, 757, 713, 215, 913, 285, 525, 502, 510, 356, 482, 807, 242, 292, 656, 239, 941, 269, 214, 878, 218, 155, 64, 938, 534, 29, 718, 840, 184, 653, 619, 412, 418, 753, 677, 556, 654, 425, 578, 782, 480, 178, 277, 67, 451, 923, 92, 625, 633, 286, 780, 978, 81, 335, 957, 91, 833, 42, 598, 535, 519, 532, 822, 743, 876, 16, 901, 523, 429, 270, 300, 267, 613, 537, 265, 826, 301, 219, 501, 402, 641, 926, 144, 79, 675, 341, 798, 464, 262, 41, 703, 594, 536, 84, 855, 560, 339, 213, 845, 522, 256, 796, 865, 156, 7, 158, 726, 542, 776, 967, 260, 788, 159, 238, 62, 811, 603, 357, 937, 602, 995, 854, 133, 424, 30, 317, 203, 815, 812, 417, 212, 465, 471, 31, 755, 939, 548, 319, 827, 330, 915, 710, 707, 403, 494, 752, 859, 279, 632, 949, 223, 281, 426, 346, 600, 126, 495, 60, 111, 561, 507, 538, 290, 714, 4, 196, 461, 435, 228, 378, 676, 87, 872, 370, 216, 889, 768, 336, 509, 388, 565, 229, 26, 742, 452, 642, 473, 986, 160, 296, 731, 820, 463, 382, 921, 775, 547, 737, 105, 698, 958, 45, 125, 760, 553, 931, 783, 803, 169, 774, 182, 253, 895, 322, 288, 821, 772, 673, 271, 443, 307, 114, 28, 298, 975, 716, 881, 122, 922, 63, 599, 892, 217, 72, 806, 384, 442, 280, 448, 724, 245, 70, 230, 702, 671, 880, 372, 605, 423, 869, 432, 800, 852, 337, 93, 566, 496, 254, 873, 287, 275, 74, 455, 896, 398, 73, 56, 51, 961, 180, 629, 166, 284, 21, 705, 136, 145, 181, 948, 690, 345, 94, 544, 102, 996, 331, 699, 979, 479, 953, 8, 925, 185, 736, 904, 858, 231, 289, 475, 305, 955, 934, 999, 20, 226, 683, 868, 877, 539, 437, 836, 252, 406, 903, 59, 738, 43, 492, 909, 353, 225, 276, 234, 112, 962, 167, 813, 14, 695, 3, 952, 655, 434, 867, 717, 606, 786, 476, 171, 348, 604, 971, 146, 791, 188, 420, 481, 631, 870, 764, 614, 883, 864, 830, 118, 224, 130, 954, 769, 66, 801, 741, 411, 173, 894, 593, 847, 163, 709, 100, 585, 414, 192, 696, 385, 200, 208, 974, 860, 817, 517, 436, 527, 380, 747, 334, 85, 814, 326, 704, 672, 99, 851, 590, 972, 914, 386, 259, 911, 579, 189, 779, 204, 498, 767, 891, 244, 143, 529, 947, 762, 804, 966, 278, 678, 987, 127, 761, 546, 623, 992, 1000, 351, 640, 38, 526, 745, 344, 890, 689, 587, 24, 165, 697, 396, 902, 472, 722, 433, 470, 732, 898, 580, 350, 462, 458, 805, 103, 327, 18, 129, 959, 706, 450, 191, 765, 607, 332, 727, 784, 946, 257, 617, 211, 521, 935, 844, 567, 90, 251, 944, 577, 236, 177, 266, 408, 754, 179, 666, 48, 415, 22, 905, 997, 427, 819, 549, 369, 291, 321, 797, 648, 490, 499, 621, 831, 151, 308, 149, 630, 541, 405, 343, 401, 559, 900, 11, 294, 825, 634, 652, 897, 649, 306, 86, 13, 688, 735, 113, 518, 723, 982, 644, 446, 550, 108, 543, 646, 390, 58, 618, 164, 309, 250, 885, 927, 447, 794, 773, 933, 682, 990, 842, 459, 314, 142, 610, 381, 220, 770, 49, 929, 101, 818, 342, 421, 55, 303, 340, 888, 908, 828, 963, 759, 512, 107, 132, 748, 928, 140, 983, 364, 249, 478, 248, 488, 299, 40, 47, 657, 899, 174, 721, 162, 2, 394, 202, 400, 973, 187, 863, 785, 168, 989, 622, 691, 445, 206, 82, 685, 258, 874, 887, 991, 816, 832, 27, 693, 684, 361, 318, 33, 810, 645, 866, 739, 647, 460, 487, 879, 376, 9, 771, 528, 589, 919, 310, 609, 799, 849, 574, 383, 841, 428, 80, 283, 273, 862, 686, 993, 393, 912, 616, 965, 282, 263, 524, 150, 584, 131, 360, 650, 241, 563, 65, 824, 514, 264, 243, 628, 766, 924, 36, 592, 397, 626, 333, 893, 19, 793, 516, 152, 313, 679, 763, 395, 172, 141, 681, 583, 324, 199, 315, 809, 500, 389, 781, 207, 377, 835, 838, 596, 662, 468, 725, 582, 861, 483, 667, 575, 124, 620, 352, 444, 846, 493, 76, 808, 692, 562, 970, 409, 708, 410, 104, 391, 96, 374, 39, 504, 787, 611, 555, 247, 422, 749, 170, 751, 627, 325, 134, 272, 564, 694, 89, 586, 316, 139, 116, 295, 34, 506, 591, 221, 572, 201, 329, 778, 977, 147, 363, 375, 119, 193, 624, 823, 467, 756, 328, 68, 643, 153, 484, 497, 918, 665, 186, 0, 554, 354, 77, 373, 439, 777, 23, 416, 491, 570, 175, 540, 489, 853, 746, 985, 97, 700, 304, 557, 297, 511, 37, 728, 10, 930, 454, 834, 57, 110, 255, 712, 148, 154, 551, 875, 886, 12, 994, 758, 936, 917, 486, 477, 78, 367, 515, 235, 734, 790, 120, 795, 449, 670, 209, 588, 69, 940, 485, 884, 198, 138, 503, 674, 419, 137, 651, 323, 792, 981, 530, 456, 392, 320, 950, 663, 349, 312, 802, 945, 568, 246, 117, 1, 595, 358, 969, 636, 998, 701, 680, 730, 121, 744, 98, 195, 240, 848, 123, 920, 558, 856, 438, 190, 457, 711, 733, 25, 232, 368, 183, 268, 615, 687, 637, 608, 371, 576, 302, 988, 508, 720, 274, 399, 789, 362, 311, 597, 35, 135, 545, 850, 227, 115, 612, 719, 365, 88, 740, 176, 347, 750, 668, 968, 984, 581, 293, 520, 17, 53, 440, 233, 571, 639, 413, 942, 669, 635, 661, 573, 882, 569, 237, 932, 222, 956, 205, 15, 197, 106, 943, 44, 906, 907, 659, 109, 355, 261, 552]
Taxon occupancy: {338=1000, 339=1000, 941=1000, 942=1000, 940=1000, 945=1000, 332=1000, 946=1000, 333=1000, 943=1000, 330=1000, 331=1000, 944=1000, 336=1000, 949=1000, 337=1000, 334=1000, 947=1000, 948=1000, 335=1000, 531=1000, 748=1000, 530=1000, 747=1000, 746=1000, 745=1000, 535=1000, 534=1000, 533=1000, 749=1000, 532=1000, 740=1000, 539=1000, 538=1000, 537=1000, 536=1000, 744=1000, 743=1000, 742=1000, 741=1000, 349=1000, 930=1000, 931=1000, 932=1000, 341=1000, 933=1000, 342=1000, 934=1000, 343=1000, 344=1000, 935=1000, 936=1000, 345=1000, 346=1000, 937=1000, 347=1000, 938=1000, 939=1000, 348=1000, 540=1000, 3=1000, 735=1000, 734=1000, 929=1000, 2=1000, 1=1000, 737=1000, 542=1000, 0=1000, 736=1000, 541=1000, 544=1000, 7=1000, 739=1000, 738=1000, 6=1000, 543=1000, 5=1000, 546=1000, 340=1000, 545=1000, 4=1000, 548=1000, 547=1000, 9=1000, 8=1000, 549=1000, 731=1000, 730=1000, 733=1000, 732=1000, 920=1000, 318=1000, 319=1000, 316=1000, 317=1000, 927=1000, 314=1000, 928=1000, 315=1000, 312=1000, 925=1000, 926=1000, 313=1000, 923=1000, 310=1000, 311=1000, 924=1000, 921=1000, 922=1000, 513=1000, 729=1000, 512=1000, 728=1000, 511=1000, 510=1000, 727=1000, 726=1000, 725=1000, 724=1000, 919=1000, 918=1000, 723=1000, 722=1000, 721=1000, 720=1000, 519=1000, 518=1000, 517=1000, 516=1000, 515=1000, 514=1000, 327=1000, 328=1000, 329=1000, 323=1000, 914=1000, 915=1000, 324=1000, 325=1000, 916=1000, 917=1000, 326=1000, 910=1000, 709=1000, 320=1000, 911=1000, 321=1000, 912=1000, 322=1000, 913=1000, 522=1000, 717=1000, 716=1000, 521=1000, 719=1000, 524=1000, 718=1000, 523=1000, 713=1000, 908=1000, 907=1000, 712=1000, 520=1000, 715=1000, 909=1000, 714=1000, 529=1000, 711=1000, 710=1000, 526=1000, 525=1000, 528=1000, 527=1000, 989=1000, 988=1000, 987=1000, 571=1000, 570=1000, 982=1000, 981=1000, 980=1000, 986=1000, 985=1000, 984=1000, 983=1000, 700=1000, 703=1000, 574=1000, 704=1000, 575=1000, 701=1000, 572=1000, 573=1000, 702=1000, 707=1000, 578=1000, 579=1000, 708=1000, 576=1000, 705=1000, 706=1000, 577=1000, 977=1000, 976=1000, 979=1000, 300=1000, 978=1000, 302=1000, 580=1000, 301=1000, 304=1000, 582=1000, 581=1000, 303=1000, 306=1000, 305=1000, 971=1000, 308=1000, 307=1000, 970=1000, 973=1000, 972=1000, 309=1000, 975=1000, 974=1000, 583=1000, 584=1000, 585=1000, 586=1000, 587=1000, 588=1000, 589=1000, 969=1000, 968=1000, 967=1000, 966=1000, 965=1000, 964=1000, 963=1000, 962=1000, 961=1000, 960=1000, 558=1000, 559=1000, 556=1000, 557=1000, 554=1000, 555=1000, 552=1000, 553=1000, 550=1000, 551=1000, 959=1000, 958=1000, 560=1000, 955=1000, 954=1000, 957=1000, 956=1000, 951=1000, 950=1000, 953=1000, 952=1000, 569=1000, 565=1000, 566=1000, 567=1000, 568=1000, 561=1000, 562=1000, 563=1000, 564=1000, 799=1000, 798=1000, 797=1000, 796=1000, 795=1000, 794=1000, 793=1000, 792=1000, 790=1000, 996=1000, 791=1000, 997=1000, 994=1000, 995=1000, 992=1000, 993=1000, 990=1000, 991=1000, 998=1000, 999=1000, 781=1000, 782=1000, 783=1000, 784=1000, 785=1000, 786=1000, 787=1000, 788=1000, 789=1000, 780=1000, 772=1000, 505=1000, 506=1000, 773=1000, 503=1000, 770=1000, 504=1000, 771=1000, 509=1000, 776=1000, 777=1000, 774=1000, 507=1000, 508=1000, 775=1000, 778=1000, 779=1000, 501=1000, 502=1000, 500=1000, 763=1000, 764=1000, 765=1000, 766=1000, 760=1000, 761=1000, 762=1000, 767=1000, 768=1000, 769=1000, 754=1000, 755=1000, 752=1000, 753=1000, 750=1000, 751=1000, 758=1000, 759=1000, 756=1000, 757=1000, 595=1000, 594=1000, 597=1000, 391=1000, 390=1000, 596=1000, 599=1000, 393=1000, 392=1000, 598=1000, 395=1000, 394=1000, 396=1000, 397=1000, 398=1000, 399=1000, 590=1000, 591=1000, 592=1000, 593=1000, 383=1000, 384=1000, 381=1000, 382=1000, 380=1000, 389=1000, 388=1000, 387=1000, 386=1000, 385=1000, 370=1000, 371=1000, 372=1000, 373=1000, 379=1000, 378=1000, 375=1000, 374=1000, 377=1000, 376=1000, 361=1000, 362=1000, 360=1000, 366=1000, 365=1000, 364=1000, 363=1000, 369=1000, 368=1000, 367=1000, 350=1000, 351=1000, 353=1000, 352=1000, 355=1000, 354=1000, 357=1000, 356=1000, 359=1000, 358=1000, 806=1000, 807=1000, 804=1000, 805=1000, 802=1000, 803=1000, 800=1000, 801=1000, 159=1000, 158=1000, 157=1000, 156=1000, 155=1000, 154=1000, 601=1000, 152=1000, 153=1000, 600=1000, 150=1000, 151=1000, 609=1000, 608=1000, 607=1000, 606=1000, 605=1000, 604=1000, 603=1000, 602=1000, 202=1000, 203=1000, 204=1000, 205=1000, 200=1000, 201=1000, 169=1000, 166=1000, 206=1000, 165=1000, 207=1000, 208=1000, 168=1000, 209=1000, 167=1000, 161=1000, 409=1000, 408=1000, 162=1000, 163=1000, 164=1000, 405=1000, 404=1000, 407=1000, 406=1000, 160=1000, 401=1000, 400=1000, 403=1000, 402=1000, 211=1000, 824=1000, 212=1000, 825=1000, 822=1000, 823=1000, 210=1000, 215=1000, 828=1000, 216=1000, 829=1000, 826=1000, 213=1000, 827=1000, 214=1000, 219=1000, 179=1000, 178=1000, 217=1000, 177=1000, 176=1000, 218=1000, 820=1000, 821=1000, 170=1000, 418=1000, 417=1000, 171=1000, 416=1000, 415=1000, 623=1000, 174=1000, 175=1000, 622=1000, 621=1000, 172=1000, 419=1000, 173=1000, 620=1000, 627=1000, 410=1000, 626=1000, 625=1000, 624=1000, 819=1000, 414=1000, 413=1000, 629=1000, 412=1000, 411=1000, 628=1000, 811=1000, 220=1000, 221=1000, 812=1000, 222=1000, 813=1000, 223=1000, 814=1000, 815=1000, 224=1000, 225=1000, 816=1000, 226=1000, 817=1000, 227=1000, 818=1000, 228=1000, 188=1000, 229=1000, 187=1000, 189=1000, 810=1000, 427=1000, 180=1000, 426=1000, 181=1000, 429=1000, 182=1000, 428=1000, 183=1000, 610=1000, 184=1000, 612=1000, 185=1000, 186=1000, 611=1000, 614=1000, 809=1000, 613=1000, 808=1000, 421=1000, 616=1000, 615=1000, 420=1000, 423=1000, 618=1000, 422=1000, 617=1000, 425=1000, 619=1000, 424=1000, 116=1000, 843=1000, 117=1000, 842=1000, 114=1000, 841=1000, 115=1000, 840=1000, 112=1000, 113=1000, 110=1000, 111=1000, 849=1000, 848=1000, 847=1000, 846=1000, 845=1000, 118=1000, 119=1000, 844=1000, 435=1000, 436=1000, 433=1000, 434=1000, 431=1000, 432=1000, 430=1000, 439=1000, 437=1000, 438=1000, 125=1000, 830=1000, 126=1000, 127=1000, 832=1000, 128=1000, 831=1000, 121=1000, 122=1000, 123=1000, 124=1000, 838=1000, 837=1000, 839=1000, 834=1000, 129=1000, 833=1000, 836=1000, 835=1000, 444=1000, 445=1000, 446=1000, 447=1000, 440=1000, 441=1000, 442=1000, 443=1000, 120=1000, 448=1000, 449=1000, 134=1000, 861=1000, 135=1000, 860=1000, 132=1000, 133=1000, 138=1000, 865=1000, 139=1000, 864=1000, 136=1000, 863=1000, 137=1000, 862=1000, 869=1000, 868=1000, 867=1000, 866=1000, 450=1000, 453=1000, 454=1000, 451=1000, 452=1000, 457=1000, 458=1000, 455=1000, 456=1000, 459=1000, 131=1000, 130=1000, 143=1000, 144=1000, 850=1000, 145=1000, 146=1000, 147=1000, 852=1000, 148=1000, 851=1000, 854=1000, 149=1000, 853=1000, 856=1000, 855=1000, 858=1000, 857=1000, 859=1000, 461=1000, 460=1000, 462=1000, 463=1000, 464=1000, 465=1000, 466=1000, 467=1000, 468=1000, 469=1000, 140=1000, 142=1000, 141=1000, 687=1000, 686=1000, 689=1000, 688=1000, 683=1000, 682=1000, 685=1000, 684=1000, 888=1000, 889=1000, 884=1000, 885=1000, 680=1000, 886=1000, 887=1000, 681=1000, 880=1000, 881=1000, 882=1000, 883=1000, 678=1000, 677=1000, 676=1000, 675=1000, 674=1000, 673=1000, 672=1000, 671=1000, 679=1000, 879=1000, 877=1000, 878=1000, 875=1000, 670=1000, 876=1000, 873=1000, 874=1000, 871=1000, 872=1000, 870=1000, 696=1000, 695=1000, 694=1000, 693=1000, 890=1000, 699=1000, 698=1000, 697=1000, 899=1000, 893=1000, 894=1000, 891=1000, 892=1000, 897=1000, 691=1000, 898=1000, 692=1000, 895=1000, 690=1000, 896=1000, 646=1000, 647=1000, 648=1000, 649=1000, 195=1000, 642=1000, 643=1000, 194=1000, 197=1000, 644=1000, 196=1000, 645=1000, 191=1000, 190=1000, 193=1000, 640=1000, 641=1000, 192=1000, 198=1000, 199=1000, 639=1000, 637=1000, 638=1000, 635=1000, 636=1000, 633=1000, 634=1000, 631=1000, 632=1000, 630=1000, 668=1000, 669=1000, 660=1000, 661=1000, 662=1000, 663=1000, 664=1000, 665=1000, 666=1000, 667=1000, 659=1000, 657=1000, 658=1000, 651=1000, 652=1000, 650=1000, 655=1000, 656=1000, 653=1000, 654=1000, 35=1000, 36=1000, 33=1000, 34=1000, 39=1000, 37=1000, 38=1000, 43=1000, 42=1000, 41=1000, 40=1000, 22=1000, 23=1000, 24=1000, 25=1000, 26=1000, 27=1000, 28=1000, 29=1000, 30=1000, 32=1000, 31=1000, 19=1000, 17=1000, 18=1000, 15=1000, 16=1000, 13=1000, 14=1000, 11=1000, 12=1000, 21=1000, 20=1000, 10=1000, 79=1000, 78=1000, 77=1000, 82=1000, 83=1000, 80=1000, 81=1000, 86=1000, 87=1000, 84=1000, 85=1000, 67=1000, 66=1000, 69=1000, 68=1000, 70=1000, 71=1000, 72=1000, 73=1000, 74=1000, 75=1000, 76=1000, 59=1000, 58=1000, 57=1000, 56=1000, 55=1000, 64=1000, 65=1000, 62=1000, 63=1000, 60=1000, 61=1000, 49=1000, 48=1000, 45=1000, 44=1000, 47=1000, 46=1000, 51=1000, 52=1000, 53=1000, 54=1000, 50=1000, 281=1000, 487=1000, 486=1000, 280=1000, 485=1000, 484=1000, 285=1000, 284=1000, 489=1000, 283=1000, 488=1000, 282=1000, 288=1000, 289=1000, 286=1000, 287=1000, 482=1000, 483=1000, 480=1000, 481=1000, 474=1000, 473=1000, 270=1000, 476=1000, 475=1000, 272=1000, 478=1000, 477=1000, 271=1000, 274=1000, 479=1000, 273=1000, 275=1000, 276=1000, 277=1000, 278=1000, 279=1000, 470=1000, 471=1000, 472=1000, 1000=1000, 109=1000, 108=1000, 107=1000, 106=1000, 105=1000, 104=1000, 103=1000, 102=1000, 99=1000, 101=1000, 100=1000, 98=1000, 97=1000, 96=1000, 95=1000, 94=1000, 93=1000, 92=1000, 91=1000, 90=1000, 294=1000, 293=1000, 499=1000, 296=1000, 295=1000, 496=1000, 290=1000, 495=1000, 292=1000, 498=1000, 497=1000, 291=1000, 491=1000, 492=1000, 493=1000, 494=1000, 297=1000, 298=1000, 299=1000, 490=1000, 88=1000, 89=1000, 240=1000, 241=1000, 245=1000, 244=1000, 243=1000, 242=1000, 249=1000, 248=1000, 247=1000, 246=1000, 230=1000, 239=1000, 232=1000, 231=1000, 234=1000, 233=1000, 236=1000, 235=1000, 238=1000, 237=1000, 262=1000, 263=1000, 260=1000, 261=1000, 269=1000, 268=1000, 267=1000, 266=1000, 265=1000, 264=1000, 250=1000, 251=1000, 252=1000, 904=1000, 258=1000, 903=1000, 257=1000, 906=1000, 259=1000, 905=1000, 254=1000, 900=1000, 253=1000, 256=1000, 902=1000, 255=1000, 901=1000}
Number of gene trees: 1000
0 trees have missing taxa
Calculating quartet distance matrix (for completion of X)
Species tree distances calculated ...
Building set of clusters (X) from gene trees 
Using tree-based weight calculation.
Number of Default Clusters: 263013
Number of quartet trees in the gene trees: 41583289520658
calculating extra bipartitions to be added at level 1 ...
Number of Clusters after addition by distance: 263023
Adding to X using resolutions of greedy consensus ...
Threshold 0.0:
polytomy of size 4; rounds with additions with at least 0.01 support: 2; clusters: 263041
polytomy of size 3; rounds with additions with at least 0.01 support: 0; clusters: 263045
polytomy of size 3; rounds with additions with at least 0.01 support: 1; clusters: 263051
Threshold 0.01:
polytomy of size 3; rounds with additions with at least 0.01 support: 0; clusters: 263051
polytomy of size 20; rounds with additions with at least 0.01 support: 5; clusters: 263847
Threshold 0.02:
polytomy of size 3; rounds with additions with at least 0.01 support: 0; clusters: 263847
polytomy of size 24; rounds with additions with at least 0.01 support: 1; clusters: 264807
Threshold 0.05:
polytomy of size 3; rounds with additions with at least 0.01 support: 0; clusters: 264807
polytomy of size 3; rounds with additions with at least 0.01 support: 0; clusters: 264807
polytomy of size 41; rounds with additions with at least 0.01 support: 0; clusters: 264815
Threshold 0.1:
polytomy of size 3; rounds with additions with at least 0.01 support: 0; clusters: 264815
polytomy of size 3; rounds with additions with at least 0.01 support: 0; clusters: 264815
polytomy of size 3; rounds with additions with at least 0.01 support: 0; clusters: 264815
polytomy of size 3; rounds with additions with at least 0.01 support: 0; clusters: 264815
polytomy of size 3; rounds with additions with at least 0.01 support: 0; clusters: 264815
polytomy of size 3; rounds with additions with at least 0.01 support: 0; clusters: 264815
polytomy of size 4; rounds with additions with at least 0.01 support: 0; clusters: 264815
polytomy of size 4; rounds with additions with at least 0.01 support: 0; clusters: 264815
polytomy of size 4; rounds with additions with at least 0.01 support: 0; clusters: 264815
polytomy of size 3; rounds with additions with at least 0.01 support: 0; clusters: 264815
polytomy of size 49; rounds with additions with at least 0.01 support: 0; clusters: 264821
Threshold 0.2:
polytomy of size 4; rounds with additions with at least 0.01 support: 0; clusters: 264821
polytomy of size 3; rounds with additions with at least 0.01 support: 0; clusters: 264821
polytomy of size 3; rounds with additions with at least 0.01 support: 0; clusters: 264821
polytomy of size 3; rounds with additions with at least 0.01 support: 0; clusters: 264821
polytomy of size 4; rounds with additions with at least 0.01 support: 0; clusters: 264821
polytomy of size 4; rounds with additions with at least 0.01 support: 0; clusters: 264821
polytomy of size 6; rounds with additions with at least 0.01 support: 0; clusters: 264821
polytomy of size 6; rounds with additions with at least 0.01 support: 0; clusters: 264821
polytomy of size 3; rounds with additions with at least 0.01 support: 0; clusters: 264821
polytomy of size 3; rounds with additions with at least 0.01 support: 0; clusters: 264821
polytomy of size 4; rounds with additions with at least 0.01 support: 0; clusters: 264821
polytomy of size 7; rounds with additions with at least 0.01 support: 0; clusters: 264821
polytomy of size 3; rounds with additions with at least 0.01 support: 0; clusters: 264821
polytomy of size 3; rounds with additions with at least 0.01 support: 0; clusters: 264821
polytomy of size 3; rounds with additions with at least 0.01 support: 0; clusters: 264821
polytomy of size 3; rounds with additions with at least 0.01 support: 0; clusters: 264821
polytomy of size 3; rounds with additions with at least 0.01 support: 0; clusters: 264821
polytomy of size 3; rounds with additions with at least 0.01 support: 0; clusters: 264821
polytomy of size 3; rounds with additions with at least 0.01 support: 0; clusters: 264821
polytomy of size 3; rounds with additions with at least 0.01 support: 0; clusters: 264821
polytomy of size 3; rounds with additions with at least 0.01 support: 0; clusters: 264821
polytomy of size 3; rounds with additions with at least 0.01 support: 0; clusters: 264821
polytomy of size 5; rounds with additions with at least 0.01 support: 0; clusters: 264821
polytomy of size 5; rounds with additions with at least 0.01 support: 0; clusters: 264821
polytomy of size 3; rounds with additions with at least 0.01 support: 0; clusters: 264821
polytomy of size 7; rounds with additions with at least 0.01 support: 0; clusters: 264821
polytomy of size 73; rounds with additions with at least 0.01 support: 0; clusters: 264839
polytomy of size 6; rounds with additions with at least 0.01 support: 0; clusters: 264839
Threshold 0.3333333333333333:
polytomy of size 3; rounds with additions with at least 0.01 support: 0; clusters: 264839
polytomy of size 3; rounds with additions with at least 0.01 support: 0; clusters: 264839
polytomy of size 4; rounds with additions with at least 0.01 support: 0; clusters: 264839
polytomy of size 6; rounds with additions with at least 0.01 support: 0; clusters: 264839
polytomy of size 8; rounds with additions with at least 0.01 support: 0; clusters: 264857
polytomy of size 4; rounds with additions with at least 0.01 support: 0; clusters: 264857
polytomy of size 3; rounds with additions with at least 0.01 support: 0; clusters: 264857
polytomy of size 3; rounds with additions with at least 0.01 support: 0; clusters: 264857
polytomy of size 3; rounds with additions with at least 0.01 support: 0; clusters: 264857
polytomy of size 4; rounds with additions with at least 0.01 support: 0; clusters: 264857
polytomy of size 5; rounds with additions with at least 0.01 support: 0; clusters: 264857
polytomy of size 4; rounds with additions with at least 0.01 support: 0; clusters: 264857
polytomy of size 5; rounds with additions with at least 0.01 support: 0; clusters: 264857
polytomy of size 3; rounds with additions with at least 0.01 support: 0; clusters: 264857
polytomy of size 4; rounds with additions with at least 0.01 support: 0; clusters: 264857
polytomy of size 4; rounds with additions with at least 0.01 support: 0; clusters: 264857
polytomy of size 3; rounds with additions with at least 0.01 support: 0; clusters: 264857
polytomy of size 4; rounds with additions with at least 0.01 support: 0; clusters: 264857
polytomy of size 6; rounds with additions with at least 0.01 support: 0; clusters: 264857
polytomy of size 6; rounds with additions with at least 0.01 support: 0; clusters: 264857
polytomy of size 4; rounds with additions with at least 0.01 support: 0; clusters: 264857
polytomy of size 3; rounds with additions with at least 0.01 support: 0; clusters: 264857
polytomy of size 3; rounds with additions with at least 0.01 support: 0; clusters: 264857
polytomy of size 3; rounds with additions with at least 0.01 support: 0; clusters: 264857
polytomy of size 3; rounds with additions with at least 0.01 support: 0; clusters: 264857
polytomy of size 3; rounds with additions with at least 0.01 support: 0; clusters: 264857
polytomy of size 5; rounds with additions with at least 0.01 support: 0; clusters: 264857
polytomy of size 3; rounds with additions with at least 0.01 support: 0; clusters: 264857
polytomy of size 5; rounds with additions with at least 0.01 support: 0; clusters: 264857
polytomy of size 3; rounds with additions with at least 0.01 support: 0; clusters: 264857
polytomy of size 3; rounds with additions with at least 0.01 support: 0; clusters: 264857
polytomy of size 4; rounds with additions with at least 0.01 support: 0; clusters: 264857
polytomy of size 4; rounds with additions with at least 0.01 support: 0; clusters: 264857
polytomy of size 3; rounds with additions with at least 0.01 support: 0; clusters: 264857
polytomy of size 4; rounds with additions with at least 0.01 support: 0; clusters: 264857
polytomy of size 3; rounds with additions with at least 0.01 support: 0; clusters: 264857
polytomy of size 4; rounds with additions with at least 0.01 support: 0; clusters: 264857
polytomy of size 8; rounds with additions with at least 0.01 support: 0; clusters: 264857
polytomy of size 3; rounds with additions with at least 0.01 support: 0; clusters: 264857
polytomy of size 3; rounds with additions with at least 0.01 support: 0; clusters: 264857
polytomy of size 8; rounds with additions with at least 0.01 support: 0; clusters: 264859
polytomy of size 3; rounds with additions with at least 0.01 support: 0; clusters: 264859
polytomy of size 4; rounds with additions with at least 0.01 support: 0; clusters: 264859
polytomy of size 3; rounds with additions with at least 0.01 support: 0; clusters: 264859
polytomy of size 3; rounds with additions with at least 0.01 support: 0; clusters: 264859
polytomy of size 3; rounds with additions with at least 0.01 support: 0; clusters: 264859
polytomy of size 4; rounds with additions with at least 0.01 support: 0; clusters: 264859
polytomy of size 9; rounds with additions with at least 0.01 support: 0; clusters: 264877
polytomy of size 3; rounds with additions with at least 0.01 support: 0; clusters: 264877
polytomy of size 3; rounds with additions with at least 0.01 support: 0; clusters: 264877
polytomy of size 3; rounds with additions with at least 0.01 support: 0; clusters: 264877
polytomy of size 5; rounds with additions with at least 0.01 support: 0; clusters: 264877
polytomy of size 3; rounds with additions with at least 0.01 support: 0; clusters: 264877
polytomy of size 6; rounds with additions with at least 0.01 support: 0; clusters: 264877
polytomy of size 4; rounds with additions with at least 0.01 support: 0; clusters: 264877
polytomy of size 3; rounds with additions with at least 0.01 support: 0; clusters: 264877
polytomy of size 3; rounds with additions with at least 0.01 support: 0; clusters: 264877
polytomy of size 3; rounds with additions with at least 0.01 support: 0; clusters: 264877
polytomy of size 6; rounds with additions with at least 0.01 support: 0; clusters: 264877
polytomy of size 5; rounds with additions with at least 0.01 support: 0; clusters: 264877
polytomy of size 4; rounds with additions with at least 0.01 support: 0; clusters: 264877
polytomy of size 3; rounds with additions with at least 0.01 support: 0; clusters: 264877
polytomy of size 3; rounds with additions with at least 0.01 support: 0; clusters: 264877
polytomy of size 4; rounds with additions with at least 0.01 support: 0; clusters: 264877
polytomy of size 4; rounds with additions with at least 0.01 support: 0; clusters: 264877
polytomy of size 5; rounds with additions with at least 0.01 support: 0; clusters: 264877
polytomy of size 3; rounds with additions with at least 0.01 support: 0; clusters: 264877
polytomy of size 3; rounds with additions with at least 0.01 support: 0; clusters: 264877
polytomy of size 3; rounds with additions with at least 0.01 support: 0; clusters: 264877
polytomy of size 3; rounds with additions with at least 0.01 support: 0; clusters: 264877
polytomy of size 4; rounds with additions with at least 0.01 support: 0; clusters: 264877
polytomy of size 117; rounds with additions with at least 0.01 support: 0; clusters: 337783
Number of Clusters after addition by greedy: 337783
partitions formed in 785.274 secs
Dynamic Programming starting after 785.274 secs
Size of largest cluster: 1001
Size of largest cluster: 1001
Calculated 100000 weights; time (seconds): 925
Calculated 200000 weights; time (seconds): 125
Calculated 300000 weights; time (seconds): 131
Calculated 400000 weights; time (seconds): 126
Calculated 500000 weights; time (seconds): 130
Calculated 600000 weights; time (seconds): 125
Calculated 700000 weights; time (seconds): 148
Calculated 800000 weights; time (seconds): 125
Total Number of elements weighted: 1061728
Normalized score (portion of input quartet trees satisfied): NaN
Final optimization score: 0
Calculated 900000 weights; time (seconds): 106
Calculated 1000000 weights; time (seconds): 373
Total Number of elements weighted: 1061728
Normalized score (portion of input quartet trees satisfied): 0.6161471337057554
Final optimization score: 25621424648210
Optimal tree inferred in 2567.396 secs.
(829,((916,((359,(729,453)),((960,601),(976,638)))),(((379,(964,466)),(715,((658,407),((46,5),(505,338))))),((910,((664,61),(210,95))),(((261,552),(659,(109,355))),(((510,(242,(807,(356,482)))),(((525,502),(285,(215,913))),((83,533),(757,(843,713))))),((616,((965,282),(263,(524,(150,(584,131)))))),(((((197,106),(233,(571,(413,(639,942))))),((669,(635,661)),(882,((573,(15,(956,(205,(932,222))))),((569,237),(943,(44,(906,907)))))))),(((52,(50,((980,194),((839,441),(531,(513,161)))))),((((283,(686,(273,862))),(383,(841,(428,80)))),(((227,(545,850)),(115,(719,(612,365)))),((88,(293,520)),(((968,984),(581,17)),(740,(176,((53,440),(347,(750,668))))))))),(((693,(27,684)),((887,991),(361,(816,832)))),((912,(993,393)),((318,(33,(810,645))),((739,(866,(647,(460,(376,(487,879)))))),((589,(528,(9,771))),((799,(310,609)),(574,(919,849)))))))))),((((782,(578,480)),((822,743),(178,277))),((67,451),(((780,(978,81)),(286,(42,(598,(535,519))))),((923,(92,(625,633))),((335,532),(91,(957,833))))))),((876,(16,(901,((613,(523,267)),(429,(270,300)))))),(((431,(837,871)),(71,((6,(430,469)),((951,128),(157,(54,857)))))),(((474,404),(75,387)),(((660,((366,32),(362,(311,(597,(35,135)))))),((733,(25,232)),(457,((711,(195,240)),((190,(856,438)),((848,123),(920,558))))))),((576,(302,988)),((368,(183,((608,371),(268,(615,(687,637)))))),((720,(508,(274,(399,789)))),((292,((941,269),(656,239))),(((653,619),((412,418),((654,425),(753,(677,556))))),((840,184),(214,((718,(534,29)),((878,938),(218,(155,64)))))))))))))))))),((((712,(148,154)),(537,(265,(501,(301,(826,219)))))),((((500,(389,781)),((352,(444,(124,620))),((493,(76,808)),((846,(483,(667,575))),(207,((596,468),(377,(662,(835,(725,(861,(838,582)))))))))))),(((583,(681,(324,(199,(315,809))))),(516,((141,(395,172)),((679,763),(152,313))))),((360,(650,241)),(((628,766),((264,243),(824,514))),((36,(592,(924,793))),((563,65),(333,(19,(397,(626,893)))))))))),(((272,(564,694)),(((730,121),(744,98)),((34,(591,(506,221))),(89,((586,316),(116,(139,295))))))),((((701,680),(969,(358,(636,998)))),(((456,392),(981,530)),((651,(419,137)),((674,(323,792)),(((312,802),(349,(503,(198,138)))),((320,(950,663)),(568,(945,(246,(117,(1,595))))))))))),(((69,940),(588,(209,(485,884)))),(((486,((367,515),(477,78))),(374,(39,(504,(787,611))))),((692,((325,134),((170,(751,627)),(555,(422,(247,749)))))),(235,((734,(790,(120,(449,(795,670))))),(562,(410,((104,391),(96,(708,(970,409))))))))))))))),(((554,(57,(110,255))),(((777,(23,((489,853),((77,(373,439)),((175,540),(416,(491,570))))))),(354,(((572,(201,329)),(147,(778,977))),((756,(823,467)),(624,(363,(193,(375,119)))))))),((((700,728),(10,930)),((746,(985,97)),(304,((511,37),(557,297))))),((454,834),(((623,992),((344,890),((762,804),((127,(761,546)),(((966,278),(678,987)),((1000,(351,640)),(38,(526,745)))))))),((18,(129,(959,706))),((103,327),((350,(462,458)),((689,(24,(587,165))),((805,(697,396)),((902,472),(722,(732,(470,(433,(898,580)))))))))))))))),(0,(((((798,(262,(341,464))),(967,((542,776),((811,(603,(357,937))),(238,(62,(788,(260,159)))))))),(94,((522,(256,796)),((865,((158,726),(156,7))),((41,703),((84,(594,536)),((855,560),(213,(339,845))))))))),(((752,((707,(859,279)),((632,(949,223)),(494,(710,403))))),(870,(417,((465,(212,(471,31))),((755,939),(330,(915,(319,(548,827))))))))),((((883,864),((815,812),(((602,133),(995,854)),(424,(203,(30,317)))))),((698,(783,(958,((253,895),((803,169),(774,182)))))),(((553,931),(760,(45,125))),((296,(731,(820,382))),(105,(737,((463,921),(775,547)))))))),(((473,(452,(642,986))),((228,378),((336,509),(676,((889,768),((872,216),(87,370))))))),(((281,160),((426,346),((388,565),(229,(26,742))))),((561,(60,(126,495))),((538,(290,714)),(435,(111,(507,(600,(4,(196,461))))))))))))),((((641,(402,(144,(926,(79,675))))),(((498,767),(891,(947,(244,(143,529))))),((779,204),((68,(328,643)),((153,484),((497,918),(665,186))))))),(((206,(82,(258,(685,874)))),((691,445),(450,(191,765)))),((((((459,314),(142,(610,381))),((990,842),((543,164),(646,(58,(390,618)))))),((933,(773,682)),(309,(((885,927),(250,(447,794))),(((342,421),(101,818)),((49,929),(220,770))))))),((55,(303,(340,888))),(((151,(308,149)),((897,(649,(306,86))),((634,652),(294,(11,825))))),(((405,343),((630,541),(401,(559,900)))),(831,(13,((688,(644,(446,550))),((735,108),((113,518),(723,982)))))))))),((797,(648,(499,(490,621)))),((((946,(819,549)),(427,(369,(291,321)))),(((754,179),((905,997),(666,(48,(415,22))))),((236,(607,((727,(332,784)),(177,(266,408))))),(567,((90,(251,(944,577))),((257,(935,844)),(521,(617,211)))))))),((((364,249),((908,928),(140,983))),(512,((748,(107,132)),(828,(963,759))))),(((400,(973,187)),((863,785),(622,(168,989)))),((764,(899,(174,721))),((162,(2,(394,202))),(478,((47,657),(488,(40,(248,299)))))))))))))),(((830,118),((224,130),(769,(954,66)))),((70,(230,(702,(671,880)))),((551,875),(((20,226),(322,(288,(821,772)))),(((((585,(100,(696,(414,192)))),((200,208),(974,(385,(860,(817,517)))))),((443,307),(271,((173,894),((847,(163,709)),(593,(801,(741,411)))))))),(((673,(886,12)),(758,(994,(936,917)))),((436,((85,814),(527,(747,(380,334))))),((911,(579,189)),((259,(326,386)),(704,((672,99),((851,590),(972,914))))))))),(((((114,(245,(442,724))),(448,(280,(881,(122,(922,63)))))),((28,(716,(298,975))),(384,(892,(599,(806,(217,72))))))),((372,605),(((432,(423,869)),(800,(852,(337,93)))),((948,(690,(181,345))),(629,(((398,(56,(51,961))),((136,145),(73,(896,180)))),(((21,705),(166,284)),((74,455),(566,((254,873),(287,(496,275)))))))))))),(((683,(868,(877,539))),((437,836),((252,(406,903)),((492,909),(59,(738,43)))))),((614,(8,(((934,999),(955,(475,305))),((231,289),((925,185),(858,(736,904))))))),((544,((331,(102,996)),((479,953),(699,979)))),(((481,631),(276,(225,((112,(234,962)),(167,(813,14)))))),((353,971),((146,(188,420)),(791,(((348,604),(171,(786,476))),(695,((434,867),(606,(3,(717,(952,655)))))))))))))))))))))))))))))))));
Quartet score is: 25621424648210
Normalized quartet score is: 0.6161471337057554
ASTRAL finished in 2758.482 secs
