
================== ASTRAL ===================== 

This is ASTRAL version 4.10.7
Gene trees are treated as unrooted
1000 trees read from ASTRALDATA/model.200.2000000.0.000001/05/estimatedgenetre.halfresolved
All output trees will be *arbitrarily* rooted at 170

======== Running the main analysis
Number of taxa: 201 (201 species)
Taxa: [170, 125, 103, 139, 93, 124, 166, 114, 160, 200, 163, 165, 54, 46, 147, 119, 97, 199, 168, 63, 176, 7, 113, 26, 175, 94, 157, 89, 31, 167, 36, 136, 51, 131, 140, 84, 11, 110, 10, 135, 162, 78, 73, 33, 19, 102, 3, 134, 64, 76, 145, 181, 2, 184, 1, 58, 69, 130, 28, 142, 81, 53, 40, 71, 182, 193, 17, 62, 60, 30, 133, 111, 37, 116, 185, 194, 39, 105, 85, 48, 4, 90, 57, 158, 164, 138, 141, 75, 77, 115, 144, 186, 61, 178, 132, 8, 169, 12, 149, 180, 189, 82, 56, 195, 196, 143, 29, 183, 65, 150, 100, 172, 25, 44, 72, 122, 67, 47, 112, 96, 107, 108, 104, 9, 137, 95, 190, 129, 123, 18, 42, 87, 21, 106, 92, 16, 88, 66, 74, 109, 6, 49, 50, 127, 55, 15, 117, 13, 171, 155, 79, 34, 5, 14, 35, 22, 161, 156, 152, 120, 45, 91, 148, 121, 0, 154, 151, 59, 83, 118, 99, 159, 191, 41, 68, 153, 177, 86, 179, 52, 174, 70, 32, 192, 24, 38, 43, 146, 128, 27, 198, 188, 20, 197, 23, 173, 101, 98, 126, 80, 187]
Number of gene trees: 1000
0 trees have missing taxa
Calculating quartet distance matrix (for completion of X)
Species tree distances calculated ...
Building set of clusters (X) from gene trees 
Using tree-based weight calculation.
Number of Default Clusters: 42797
Number of quartet trees in the gene trees: 65998338519
calculating extra bipartitions to be added at level 1 ...
Number of Clusters after addition by distance: 42797
Adding to X using resolutions of greedy consensus ...
Threshold 0.0:
Threshold 0.01:
polytomy of size 3; rounds with additions with at least 0.01 support: 0; clusters: 42797
polytomy of size 3; rounds with additions with at least 0.01 support: 0; clusters: 42797
Threshold 0.02:
polytomy of size 6; rounds with additions with at least 0.01 support: 1; clusters: 42813
Threshold 0.05:
polytomy of size 8; rounds with additions with at least 0.01 support: 0; clusters: 42815
Threshold 0.1:
polytomy of size 5; rounds with additions with at least 0.01 support: 0; clusters: 42815
polytomy of size 11; rounds with additions with at least 0.01 support: 0; clusters: 42815
Threshold 0.2:
polytomy of size 3; rounds with additions with at least 0.01 support: 0; clusters: 42815
polytomy of size 4; rounds with additions with at least 0.01 support: 0; clusters: 42815
polytomy of size 5; rounds with additions with at least 0.01 support: 0; clusters: 42815
polytomy of size 15; rounds with additions with at least 0.01 support: 0; clusters: 42815
Threshold 0.3333333333333333:
polytomy of size 5; rounds with additions with at least 0.01 support: 0; clusters: 42815
polytomy of size 3; rounds with additions with at least 0.01 support: 0; clusters: 42815
polytomy of size 3; rounds with additions with at least 0.01 support: 0; clusters: 42815
polytomy of size 3; rounds with additions with at least 0.01 support: 0; clusters: 42815
polytomy of size 3; rounds with additions with at least 0.01 support: 0; clusters: 42815
polytomy of size 3; rounds with additions with at least 0.01 support: 0; clusters: 42815
polytomy of size 4; rounds with additions with at least 0.01 support: 0; clusters: 42815
polytomy of size 3; rounds with additions with at least 0.01 support: 0; clusters: 42815
polytomy of size 3; rounds with additions with at least 0.01 support: 0; clusters: 42815
polytomy of size 24; rounds with additions with at least 0.01 support: 0; clusters: 43333
polytomy of size 4; rounds with additions with at least 0.01 support: 0; clusters: 43333
Number of Clusters after addition by greedy: 43333
partitions formed in 23.313 secs
Dynamic Programming starting after 23.313 secs
Size of largest cluster: 201
Calculated 100000 weights; time (seconds): 768
Total Number of elements weighted: 143282
Normalized score (portion of input quartet trees satisfied): 0.6706681859613376
Final optimization score: 44262985971
Optimal tree inferred in 1094.037 secs.
(132,((8,169),(186,(((75,77),(141,(115,144))),((61,178),((90,57),((138,(158,164)),((196,((143,(29,183)),((((27,198),(23,((173,101),(188,(20,197))))),((12,(80,187)),((65,150),(44,(100,(172,25)))))),(((82,(56,195)),(180,(149,189))),((86,(179,(52,174))),(70,((24,(192,38)),(32,(146,(43,128)))))))))),(((167,(26,(157,((89,31),(175,94))))),(((170,(124,(166,114))),((160,200),(125,(103,(139,93))))),((163,(165,((147,119),(54,46)))),((51,(36,136)),((63,176),((199,168),(97,(7,113)))))))),((((17,(193,62)),(48,(4,(60,30)))),((185,194),(116,((39,85),((133,37),(111,105)))))),(0,(((9,(104,(137,95))),(108,((112,(67,47)),((72,122),(96,107))))),(((28,(130,142)),((81,(53,(40,(71,182)))),(98,(((162,78),(135,(110,10))),(((64,76),(73,(134,(102,3)))),((126,(33,19)),(181,(145,((2,184),(1,(58,69))))))))))),((((6,(127,(49,50))),((66,(74,109)),(84,(131,(140,11))))),((190,((129,123),(18,42))),((87,21),(106,(16,(92,88)))))),(((55,15),(151,(13,(117,(171,155))))),(154,(((159,191),(68,(59,(83,((118,99),(41,(153,177))))))),(((79,34),(35,(5,14))),((156,(161,(22,152))),(121,(120,(45,(91,148)))))))))))))))))))))));
Quartet score is: 44262985971
Normalized quartet score is: 0.6706681859613376
ASTRAL finished in 1102.169 secs
