
================== ASTRAL ===================== 

This is ASTRAL version 4.10.8
Gene trees are treated as unrooted
968 trees read from model.200.500000.0.000001/21/estimatedgenetre.halfresolved
All outputted trees will be *arbitrarily* rooted at 26

======== Running the main analysis
Number of taxa: 201 (201 species)
Taxa: [26, 2, 123, 165, 18, 81, 117, 181, 31, 185, 105, 189, 5, 0, 102, 25, 12, 161, 11, 140, 30, 120, 191, 195, 135, 64, 17, 109, 86, 65, 4, 87, 34, 173, 186, 112, 132, 130, 78, 136, 168, 9, 63, 175, 91, 84, 51, 83, 29, 62, 44, 67, 162, 58, 157, 42, 111, 160, 167, 97, 197, 147, 193, 79, 122, 3, 61, 179, 141, 74, 8, 75, 154, 125, 174, 187, 169, 50, 143, 73, 139, 116, 146, 114, 106, 128, 113, 131, 47, 82, 56, 126, 155, 55, 94, 99, 149, 70, 15, 48, 80, 148, 28, 39, 170, 172, 178, 59, 127, 115, 119, 46, 133, 90, 180, 137, 118, 76, 176, 129, 1, 41, 188, 57, 171, 183, 158, 20, 110, 190, 40, 14, 32, 43, 166, 89, 145, 144, 27, 71, 151, 85, 37, 22, 159, 66, 108, 200, 194, 104, 24, 53, 88, 77, 68, 36, 10, 107, 163, 121, 182, 124, 52, 150, 199, 198, 134, 92, 93, 96, 60, 138, 164, 142, 184, 192, 69, 35, 103, 13, 156, 7, 38, 100, 153, 21, 49, 16, 98, 54, 95, 152, 45, 19, 23, 177, 6, 101, 33, 72, 196]
Taxon occupancy: {35=968, 36=968, 33=968, 159=968, 34=968, 158=968, 157=968, 39=968, 156=968, 155=968, 37=968, 154=968, 38=968, 152=968, 153=968, 150=968, 151=968, 43=968, 42=968, 41=968, 40=968, 200=968, 22=968, 23=968, 169=968, 24=968, 25=968, 26=968, 166=968, 165=968, 27=968, 168=968, 28=968, 167=968, 29=968, 3=968, 161=968, 162=968, 2=968, 1=968, 163=968, 0=968, 164=968, 30=968, 7=968, 6=968, 5=968, 32=968, 160=968, 31=968, 4=968, 9=968, 8=968, 19=968, 179=968, 17=968, 18=968, 178=968, 177=968, 15=968, 176=968, 16=968, 13=968, 14=968, 11=968, 12=968, 170=968, 21=968, 171=968, 20=968, 174=968, 175=968, 172=968, 173=968, 188=968, 187=968, 189=968, 180=968, 181=968, 10=968, 182=968, 183=968, 184=968, 185=968, 186=968, 116=968, 79=968, 117=968, 114=968, 78=968, 115=968, 77=968, 112=968, 113=968, 110=968, 111=968, 118=968, 119=968, 82=968, 83=968, 80=968, 81=968, 86=968, 87=968, 84=968, 85=968, 125=968, 67=968, 126=968, 66=968, 127=968, 69=968, 128=968, 68=968, 121=968, 122=968, 123=968, 124=968, 129=968, 70=968, 120=968, 71=968, 72=968, 73=968, 74=968, 75=968, 76=968, 134=968, 135=968, 132=968, 59=968, 133=968, 58=968, 138=968, 139=968, 57=968, 56=968, 136=968, 55=968, 137=968, 64=968, 65=968, 62=968, 63=968, 131=968, 60=968, 61=968, 130=968, 143=968, 49=968, 48=968, 144=968, 145=968, 146=968, 45=968, 147=968, 44=968, 148=968, 47=968, 149=968, 46=968, 51=968, 52=968, 53=968, 54=968, 140=968, 142=968, 50=968, 141=968, 109=968, 108=968, 107=968, 106=968, 105=968, 104=968, 103=968, 99=968, 102=968, 101=968, 100=968, 98=968, 97=968, 96=968, 95=968, 94=968, 93=968, 92=968, 91=968, 90=968, 88=968, 89=968, 195=968, 194=968, 197=968, 196=968, 191=968, 190=968, 193=968, 192=968, 198=968, 199=968}
Number of gene trees: 968
0 trees have missing taxa
Calculating quartet distance matrix (for completion of X)
Species tree distances calculated ...
Building set of clusters (X) from gene trees 
Using tree-based weight calculation.
Number of Default Clusters: 172837
Number of quartet trees in the gene trees: 63719728218
calculating extra bipartitions to be added at level 1 ...
Number of Clusters after addition by distance: 172857
Adding to X using resolutions of greedy consensus ...
Threshold 0.0:
polytomy of size 12; rounds with additions with at least 0.01 support: 6; clusters: 173791
Threshold 0.01:
polytomy of size 4; rounds with additions with at least 0.01 support: 0; clusters: 173791
polytomy of size 27; rounds with additions with at least 0.01 support: 5; clusters: 180753
Threshold 0.02:
polytomy of size 5; rounds with additions with at least 0.01 support: 0; clusters: 180759
polytomy of size 3; rounds with additions with at least 0.01 support: 0; clusters: 180759
polytomy of size 30; rounds with additions with at least 0.01 support: 1; clusters: 188121
Threshold 0.05:
polytomy of size 3; rounds with additions with at least 0.01 support: 0; clusters: 188121
polytomy of size 6; rounds with additions with at least 0.01 support: 0; clusters: 188121
polytomy of size 45; rounds with additions with at least 0.01 support: 0; clusters: 188177
polytomy of size 3; rounds with additions with at least 0.01 support: 0; clusters: 188177
Threshold 0.1:
polytomy of size 4; rounds with additions with at least 0.01 support: 0; clusters: 188177
polytomy of size 4; rounds with additions with at least 0.01 support: 0; clusters: 188177
polytomy of size 8; rounds with additions with at least 0.01 support: 0; clusters: 188177
polytomy of size 61; rounds with additions with at least 0.01 support: 0; clusters: 188229
Threshold 0.2:
polytomy of size 4; rounds with additions with at least 0.01 support: 0; clusters: 188229
polytomy of size 3; rounds with additions with at least 0.01 support: 0; clusters: 188229
polytomy of size 3; rounds with additions with at least 0.01 support: 0; clusters: 188229
polytomy of size 3; rounds with additions with at least 0.01 support: 0; clusters: 188229
Threshold 0.3333333333333333:
polytomy of size 3; rounds with additions with at least 0.01 support: 0; clusters: 188229
Number of Clusters after addition by greedy: 188229
partitions formed in 80.711 secs
Dynamic Programming starting after 80.711 secs
Size of largest cluster: 201
Size of largest cluster: 201
Calculated 100000 weights; time (seconds): 110
Calculated 200000 weights; time (seconds): 30
Calculated 300000 weights; time (seconds): 43
Total Number of elements weighted: 428737
Normalized score (portion of input quartet trees satisfied): NaN
Final optimization score: 0
Calculated 400000 weights; time (seconds): 74
Total Number of elements weighted: 428737
Normalized score (portion of input quartet trees satisfied): 0.4698994038166944
Final optimization score: 29941862301
Optimal tree inferred in 281.416 secs.
(26,(18,(2,(40,((123,165),(144,((31,(185,(105,(81,(117,181))))),(((32,(166,(43,(89,145)))),((114,14),(106,((152,45),(19,(95,23)))))),((((3,61),(148,(131,(184,(72,196))))),(((179,59),(141,74)),((21,(116,146)),((54,(16,98)),(49,(128,113)))))),((87,(186,((112,132),(130,78)))),(((102,25),((((28,39),(170,(67,(172,178)))),(120,((161,11),(12,(140,30))))),(((193,122),(42,(167,(160,190)))),(79,(147,((197,(58,97)),(157,(162,111)))))))),((((99,((48,80),(15,(149,70)))),((139,(135,(86,(65,4)))),(191,((195,84),(109,(64,17)))))),((73,(143,(126,(56,(155,55))))),(100,(94,((8,(34,173)),((47,82),(44,(29,(51,(83,62)))))))))),(((6,(33,(177,(91,101)))),(153,((125,(75,154)),((174,187),(169,50))))),((0,((((9,36),(68,(77,(63,175)))),((88,(136,168)),(10,(53,(121,(107,163)))))),(((27,71),(115,151)),(((7,38),(138,(13,156))),((142,103),((60,35),(69,(164,192)))))))),(((110,(129,(1,41))),(((76,176),((119,137),(104,(180,24)))),(133,((46,90),((200,(118,194)),(108,(159,66))))))),(((124,(198,(52,150))),(189,(5,(182,(199,134))))),(127,(37,((57,((93,96),(158,20))),((85,22),(188,(183,(171,92)))))))))))))))))))))));
Quartet score is: 29941862301
Normalized quartet score is: 0.4698994038166944
ASTRAL finished in 300.935 secs
