
================== ASTRAL ===================== 

This is ASTRAL version 4.10.10
Gene trees are treated as unrooted
1000 trees read from ASTRALDATA/model.200.2000000.0.000001/21/estimatedgenetre.halfresolved
All output trees will be *arbitrarily* rooted at 181

======== Running the main analysis
Number of taxa: 201 (201 species)
Taxa: [181, 144, 94, 117, 12, 62, 194, 174, 143, 70, 148, 133, 178, 26, 34, 51, 56, 152, 156, 120, 44, 21, 61, 177, 74, 0, 31, 191, 126, 59, 8, 99, 171, 114, 182, 136, 88, 93, 165, 141, 145, 96, 170, 10, 155, 69, 149, 189, 188, 17, 90, 50, 30, 78, 102, 65, 199, 42, 105, 110, 162, 58, 119, 35, 122, 22, 121, 27, 15, 134, 5, 116, 84, 43, 75, 83, 187, 115, 129, 159, 197, 86, 1, 200, 92, 54, 167, 46, 130, 38, 77, 25, 151, 168, 153, 103, 72, 123, 79, 128, 190, 160, 9, 108, 125, 87, 183, 53, 147, 180, 106, 196, 111, 39, 81, 6, 193, 98, 175, 57, 142, 23, 176, 85, 127, 4, 97, 49, 11, 113, 80, 161, 166, 95, 109, 19, 3, 16, 154, 60, 64, 179, 163, 137, 132, 173, 20, 18, 32, 138, 139, 2, 40, 91, 13, 101, 36, 135, 41, 29, 33, 195, 67, 55, 76, 186, 124, 157, 89, 52, 172, 112, 107, 71, 63, 146, 37, 24, 185, 14, 45, 7, 192, 28, 66, 131, 68, 198, 48, 82, 104, 164, 140, 73, 150, 158, 118, 169, 184, 47, 100]
Taxon occupancy: {35=1000, 36=1000, 159=1000, 33=1000, 158=1000, 34=1000, 39=1000, 157=1000, 156=1000, 155=1000, 37=1000, 38=1000, 154=1000, 152=1000, 153=1000, 150=1000, 151=1000, 43=1000, 42=1000, 41=1000, 40=1000, 200=1000, 22=1000, 169=1000, 23=1000, 24=1000, 25=1000, 26=1000, 166=1000, 27=1000, 165=1000, 168=1000, 28=1000, 167=1000, 29=1000, 161=1000, 3=1000, 162=1000, 2=1000, 1=1000, 163=1000, 0=1000, 164=1000, 30=1000, 7=1000, 6=1000, 5=1000, 32=1000, 31=1000, 160=1000, 4=1000, 9=1000, 8=1000, 19=1000, 17=1000, 179=1000, 178=1000, 18=1000, 15=1000, 177=1000, 176=1000, 16=1000, 13=1000, 14=1000, 11=1000, 12=1000, 21=1000, 170=1000, 171=1000, 20=1000, 174=1000, 175=1000, 172=1000, 173=1000, 188=1000, 187=1000, 189=1000, 180=1000, 181=1000, 10=1000, 182=1000, 183=1000, 184=1000, 185=1000, 186=1000, 116=1000, 117=1000, 79=1000, 78=1000, 114=1000, 77=1000, 115=1000, 112=1000, 113=1000, 110=1000, 111=1000, 118=1000, 119=1000, 82=1000, 83=1000, 80=1000, 81=1000, 86=1000, 87=1000, 84=1000, 85=1000, 125=1000, 67=1000, 126=1000, 66=1000, 69=1000, 127=1000, 128=1000, 68=1000, 121=1000, 122=1000, 123=1000, 124=1000, 129=1000, 70=1000, 120=1000, 71=1000, 72=1000, 73=1000, 74=1000, 75=1000, 76=1000, 134=1000, 135=1000, 132=1000, 133=1000, 59=1000, 58=1000, 138=1000, 57=1000, 139=1000, 56=1000, 136=1000, 137=1000, 55=1000, 64=1000, 65=1000, 62=1000, 63=1000, 60=1000, 131=1000, 130=1000, 61=1000, 143=1000, 49=1000, 144=1000, 48=1000, 145=1000, 146=1000, 147=1000, 45=1000, 44=1000, 148=1000, 47=1000, 149=1000, 46=1000, 51=1000, 52=1000, 53=1000, 54=1000, 140=1000, 142=1000, 50=1000, 141=1000, 109=1000, 108=1000, 107=1000, 106=1000, 105=1000, 104=1000, 103=1000, 102=1000, 99=1000, 101=1000, 100=1000, 98=1000, 97=1000, 96=1000, 95=1000, 94=1000, 93=1000, 92=1000, 91=1000, 90=1000, 88=1000, 89=1000, 195=1000, 194=1000, 197=1000, 196=1000, 191=1000, 190=1000, 193=1000, 192=1000, 198=1000, 199=1000}
Number of gene trees: 1000
0 trees have missing taxa
Calculating quartet distance matrix (for completion of X)
Species tree distances calculated ...
Building set of clusters (X) from gene trees 
Using tree-based weight calculation.
Number of Default Clusters: 47873
Number of quartet trees in the gene trees: 65998096683
calculating extra bipartitions to be added at level 1 ...
Number of Clusters after addition by distance: 47873
Adding to X using resolutions of greedy consensus ...
Threshold 0.0:
Threshold 0.01:
Threshold 0.02:
Threshold 0.05:
polytomy of size 3; rounds with additions with at least 0.01 support: 0; clusters: 47873
polytomy of size 5; rounds with additions with at least 0.01 support: 0; clusters: 47873
Threshold 0.1:
polytomy of size 3; rounds with additions with at least 0.01 support: 0; clusters: 47873
polytomy of size 7; rounds with additions with at least 0.01 support: 0; clusters: 47873
Threshold 0.2:
polytomy of size 5; rounds with additions with at least 0.01 support: 0; clusters: 47873
polytomy of size 3; rounds with additions with at least 0.01 support: 0; clusters: 47873
polytomy of size 3; rounds with additions with at least 0.01 support: 0; clusters: 47873
polytomy of size 3; rounds with additions with at least 0.01 support: 0; clusters: 47873
polytomy of size 3; rounds with additions with at least 0.01 support: 0; clusters: 47873
polytomy of size 4; rounds with additions with at least 0.01 support: 0; clusters: 47873
polytomy of size 3; rounds with additions with at least 0.01 support: 0; clusters: 47873
polytomy of size 3; rounds with additions with at least 0.01 support: 0; clusters: 47873
polytomy of size 3; rounds with additions with at least 0.01 support: 0; clusters: 47873
polytomy of size 11; rounds with additions with at least 0.01 support: 0; clusters: 47873
Threshold 0.3333333333333333:
polytomy of size 4; rounds with additions with at least 0.01 support: 0; clusters: 47873
polytomy of size 3; rounds with additions with at least 0.01 support: 0; clusters: 47873
polytomy of size 3; rounds with additions with at least 0.01 support: 0; clusters: 47873
polytomy of size 3; rounds with additions with at least 0.01 support: 0; clusters: 47873
polytomy of size 5; rounds with additions with at least 0.01 support: 0; clusters: 47873
polytomy of size 5; rounds with additions with at least 0.01 support: 0; clusters: 47873
polytomy of size 3; rounds with additions with at least 0.01 support: 0; clusters: 47873
polytomy of size 4; rounds with additions with at least 0.01 support: 0; clusters: 47873
polytomy of size 9; rounds with additions with at least 0.01 support: 0; clusters: 47897
polytomy of size 4; rounds with additions with at least 0.01 support: 0; clusters: 47897
polytomy of size 4; rounds with additions with at least 0.01 support: 0; clusters: 47897
polytomy of size 3; rounds with additions with at least 0.01 support: 0; clusters: 47897
polytomy of size 3; rounds with additions with at least 0.01 support: 0; clusters: 47897
polytomy of size 6; rounds with additions with at least 0.01 support: 0; clusters: 47897
polytomy of size 3; rounds with additions with at least 0.01 support: 0; clusters: 47897
polytomy of size 3; rounds with additions with at least 0.01 support: 0; clusters: 47897
polytomy of size 4; rounds with additions with at least 0.01 support: 0; clusters: 47897
polytomy of size 4; rounds with additions with at least 0.01 support: 0; clusters: 47897
polytomy of size 4; rounds with additions with at least 0.01 support: 0; clusters: 47897
polytomy of size 21; rounds with additions with at least 0.01 support: 0; clusters: 48157
Number of Clusters after addition by greedy: 48157
partitions formed in 26.43 secs
Dynamic Programming starting after 26.43 secs
Size of largest cluster: 201
Calculated 100000 weights; time (seconds): 633
Calculated 200000 weights; time (seconds): 605
Total Number of elements weighted: 209235
Normalized score (portion of input quartet trees satisfied): 0.7184469779901032
Final optimization score: 47416133115
Optimal tree inferred in 1298.338 secs.
(153,((103,72),((((151,168),(38,(77,25))),((128,190),((79,(123,160)),(87,(9,(108,125)))))),((116,((84,(43,75)),(187,((83,(115,197)),(86,(129,159)))))),(((((46,130),((144,183),(181,(94,117)))),(53,(((177,(74,(21,(44,61)))),((12,62),(194,(174,143)))),((133,(156,120)),((178,(26,(70,148))),((34,51),(56,152))))))),(((54,167),(1,(200,92))),(0,((((110,(162,58)),(102,(42,(65,199)))),(105,((119,35),((15,(134,5)),((122,22),(121,27)))))),(((165,((170,10),(145,(141,96)))),(99,(171,(88,(114,(182,(136,93))))))),(((31,191),(126,(59,8))),((69,(155,149)),(90,((50,(30,78)),(17,(189,188))))))))))),((((164,(48,(82,104))),((140,73),(47,(150,(100,(118,(158,(169,184)))))))),((196,(147,(180,106))),((193,98),((6,(81,(111,39))),(((11,113),(80,(161,166))),((97,49),((57,(175,142)),((23,176),(85,(127,4)))))))))),(((109,(19,3)),(154,(16,((95,60),(64,(179,163)))))),((137,(((14,(45,7)),((24,185),(146,37))),(((192,28),(131,(68,198))),(66,((157,(89,52)),((71,63),(107,(172,112)))))))),(132,((76,(195,((33,186),(124,(67,55))))),(((40,(91,13)),(135,(101,(2,36)))),((41,29),(18,(139,(32,(20,(173,138)))))))))))))))));
Quartet score is: 47416133115
Normalized quartet score is: 0.7184469779901032
ASTRAL finished in 1306.436 secs
