
================== ASTRAL ===================== 

This is ASTRAL version 4.10.7
Gene trees are treated as unrooted
1000 trees read from ASTRALDATA/model.1000.2000000.0.000001/05/estimatedgenetre.halfresolved
All output trees will be *arbitrarily* rooted at 210

======== Running the main analysis
Number of taxa: 1001 (1001 species)
Taxa: [210, 893, 282, 367, 861, 29, 116, 220, 427, 352, 301, 75, 807, 167, 680, 869, 80, 627, 101, 393, 818, 315, 647, 741, 416, 915, 349, 809, 552, 395, 102, 769, 406, 561, 348, 120, 985, 577, 284, 904, 308, 448, 546, 39, 183, 683, 989, 480, 650, 289, 330, 511, 298, 270, 386, 897, 888, 609, 529, 502, 291, 660, 957, 202, 862, 439, 605, 784, 445, 180, 257, 613, 18, 216, 433, 293, 670, 331, 356, 800, 136, 374, 283, 450, 498, 927, 831, 474, 366, 190, 558, 515, 740, 750, 99, 541, 341, 580, 436, 545, 310, 937, 783, 184, 868, 974, 798, 296, 57, 204, 649, 594, 287, 369, 355, 151, 304, 788, 624, 581, 844, 64, 218, 148, 46, 346, 952, 947, 408, 313, 16, 421, 585, 243, 81, 86, 19, 482, 615, 401, 200, 115, 666, 917, 774, 155, 181, 943, 811, 69, 521, 496, 850, 143, 297, 520, 900, 470, 206, 730, 626, 926, 336, 913, 147, 761, 731, 31, 322, 165, 961, 685, 382, 637, 776, 720, 954, 255, 353, 551, 778, 484, 203, 299, 342, 781, 964, 977, 61, 797, 425, 948, 628, 134, 92, 854, 443, 407, 573, 500, 946, 87, 588, 688, 38, 292, 621, 664, 940, 760, 880, 328, 863, 258, 718, 6, 510, 958, 256, 912, 681, 317, 616, 307, 978, 848, 56, 274, 804, 538, 335, 117, 956, 876, 526, 171, 820, 131, 411, 814, 481, 329, 55, 385, 877, 455, 579, 855, 687, 593, 42, 499, 772, 333, 205, 780, 14, 672, 201, 440, 998, 59, 547, 423, 676, 312, 789, 795, 843, 704, 645, 192, 428, 597, 306, 935, 272, 663, 955, 656, 490, 74, 751, 824, 234, 883, 88, 970, 816, 111, 447, 911, 138, 362, 539, 905, 758, 343, 7, 33, 493, 271, 130, 992, 668, 468, 364, 379, 518, 146, 701, 821, 168, 456, 503, 555, 870, 768, 582, 90, 199, 302, 489, 618, 263, 612, 725, 135, 894, 678, 213, 244, 159, 884, 504, 754, 596, 389, 942, 208, 154, 991, 118, 525, 219, 294, 140, 419, 825, 44, 878, 478, 553, 273, 23, 173, 936, 458, 604, 707, 533, 639, 632, 430, 188, 334, 278, 438, 903, 487, 361, 217, 390, 32, 517, 78, 700, 93, 185, 238, 486, 679, 465, 542, 158, 268, 968, 771, 381, 384, 836, 264, 756, 110, 697, 373, 51, 747, 908, 981, 417, 160, 463, 575, 512, 608, 544, 9, 108, 8, 327, 790, 607, 516, 572, 691, 501, 11, 779, 25, 404, 972, 801, 835, 938, 930, 986, 622, 464, 983, 583, 988, 359, 592, 543, 175, 791, 485, 314, 671, 1, 527, 323, 318, 753, 661, 237, 483, 742, 191, 402, 859, 866, 695, 714, 300, 13, 933, 901, 619, 246, 916, 113, 285, 437, 879, 976, 35, 689, 711, 142, 528, 129, 606, 141, 449, 94, 923, 277, 610, 638, 567, 629, 514, 907, 215, 178, 472, 432, 73, 717, 631, 889, 466, 422, 971, 350, 212, 100, 24, 250, 920, 669, 398, 441, 568, 259, 640, 982, 770, 737, 97, 340, 540, 867, 76, 698, 557, 899, 625, 560, 149, 802, 523, 719, 817, 225, 22, 881, 106, 728, 252, 337, 371, 492, 556, 469, 674, 932, 58, 887, 279, 570, 749, 759, 72, 172, 85, 0, 563, 794, 673, 562, 799, 409, 729, 713, 121, 636, 479, 21, 127, 48, 654, 70, 925, 453, 182, 595, 227, 895, 885, 152, 549, 858, 653, 28, 860, 655, 132, 967, 344, 739, 5, 351, 941, 460, 744, 193, 782, 476, 537, 644, 15, 851, 721, 414, 966, 457, 524, 383, 785, 66, 267, 705, 144, 953, 10, 412, 773, 230, 614, 239, 648, 254, 815, 849, 686, 207, 984, 950, 214, 91, 251, 40, 34, 603, 133, 170, 536, 890, 675, 303, 828, 709, 598, 805, 507, 922, 832, 508, 658, 975, 2, 360, 838, 830, 886, 787, 497, 280, 368, 677, 240, 95, 103, 990, 471, 63, 319, 43, 186, 910, 295, 564, 413, 657, 123, 589, 316, 973, 248, 712, 745, 559, 67, 765, 767, 377, 488, 3, 987, 949, 391, 924, 162, 426, 505, 746, 659, 914, 233, 726, 777, 380, 803, 667, 724, 266, 662, 755, 262, 602, 375, 733, 83, 339, 710, 174, 531, 600, 261, 846, 793, 763, 792, 766, 324, 125, 311, 738, 137, 620, 68, 153, 82, 532, 365, 12, 736, 145, 41, 692, 980, 682, 882, 635, 309, 960, 509, 224, 157, 410, 164, 112, 565, 929, 415, 715, 796, 962, 47, 891, 716, 399, 775, 748, 98, 45, 642, 569, 822, 122, 446, 53, 611, 812, 829, 84, 226, 20, 665, 808, 865, 321, 345, 354, 235, 491, 806, 534, 241, 473, 288, 530, 52, 290, 833, 477, 864, 245, 150, 420, 187, 584, 357, 762, 764, 856, 931, 96, 253, 107, 71, 4, 332, 434, 722, 286, 696, 435, 690, 461, 197, 222, 652, 752, 378, 513, 305, 275, 892, 126, 810, 634, 643, 194, 223, 708, 36, 535, 813, 60, 633, 62, 161, 996, 247, 979, 826, 392, 921, 934, 462, 706, 587, 451, 852, 590, 623, 265, 1000, 703, 939, 189, 699, 281, 896, 554, 566, 519, 405, 387, 995, 229, 969, 388, 617, 276, 221, 89, 872, 156, 743, 139, 757, 906, 641, 232, 475, 965, 77, 236, 376, 228, 50, 963, 732, 997, 727, 442, 418, 841, 176, 49, 574, 105, 928, 630, 571, 578, 231, 684, 249, 786, 326, 548, 370, 735, 260, 209, 363, 242, 54, 17, 601, 834, 372, 163, 459, 104, 586, 944, 195, 338, 177, 842, 839, 269, 522, 857, 452, 847, 124, 394, 959, 169, 431, 871, 454, 994, 902, 827, 396, 694, 495, 424, 320, 591, 819, 467, 723, 918, 823, 734, 873, 429, 37, 397, 919, 403, 114, 196, 550, 65, 198, 27, 119, 444, 494, 179, 646, 909, 853, 576, 400, 874, 845, 651, 358, 79, 30, 999, 211, 945, 951, 693, 347, 325, 840, 993, 109, 702, 128, 166, 898, 506, 837, 875, 26, 599]
Number of gene trees: 1000
0 trees have missing taxa
Calculating quartet distance matrix (for completion of X)
Species tree distances calculated ...
Building set of clusters (X) from gene trees 
Using tree-based weight calculation.
Number of Default Clusters: 235823
Number of quartet trees in the gene trees: 41583291698116
calculating extra bipartitions to be added at level 1 ...
Number of Clusters after addition by distance: 235837
Adding to X using resolutions of greedy consensus ...
Threshold 0.0:
polytomy of size 7; rounds with additions with at least 0.01 support: 3; clusters: 235971
Threshold 0.01:
polytomy of size 3; rounds with additions with at least 0.01 support: 0; clusters: 235971
polytomy of size 22; rounds with additions with at least 0.01 support: 3; clusters: 238237
Threshold 0.02:
polytomy of size 27; rounds with additions with at least 0.01 support: 3; clusters: 240605
Threshold 0.05:
polytomy of size 3; rounds with additions with at least 0.01 support: 0; clusters: 240605
polytomy of size 4; rounds with additions with at least 0.01 support: 0; clusters: 240605
polytomy of size 34; rounds with additions with at least 0.01 support: 0; clusters: 240643
Threshold 0.1:
polytomy of size 3; rounds with additions with at least 0.01 support: 0; clusters: 240643
polytomy of size 5; rounds with additions with at least 0.01 support: 0; clusters: 240643
polytomy of size 3; rounds with additions with at least 0.01 support: 0; clusters: 240643
polytomy of size 3; rounds with additions with at least 0.01 support: 0; clusters: 240643
polytomy of size 47; rounds with additions with at least 0.01 support: 0; clusters: 240695
Threshold 0.2:
polytomy of size 3; rounds with additions with at least 0.01 support: 0; clusters: 240695
polytomy of size 3; rounds with additions with at least 0.01 support: 0; clusters: 240695
polytomy of size 4; rounds with additions with at least 0.01 support: 0; clusters: 240695
polytomy of size 4; rounds with additions with at least 0.01 support: 0; clusters: 240695
polytomy of size 5; rounds with additions with at least 0.01 support: 0; clusters: 240695
polytomy of size 3; rounds with additions with at least 0.01 support: 0; clusters: 240695
polytomy of size 3; rounds with additions with at least 0.01 support: 0; clusters: 240695
polytomy of size 3; rounds with additions with at least 0.01 support: 0; clusters: 240695
polytomy of size 4; rounds with additions with at least 0.01 support: 0; clusters: 240695
polytomy of size 3; rounds with additions with at least 0.01 support: 0; clusters: 240695
polytomy of size 3; rounds with additions with at least 0.01 support: 0; clusters: 240695
polytomy of size 4; rounds with additions with at least 0.01 support: 0; clusters: 240695
polytomy of size 4; rounds with additions with at least 0.01 support: 0; clusters: 240695
polytomy of size 4; rounds with additions with at least 0.01 support: 0; clusters: 240695
polytomy of size 3; rounds with additions with at least 0.01 support: 0; clusters: 240695
polytomy of size 3; rounds with additions with at least 0.01 support: 0; clusters: 240695
polytomy of size 3; rounds with additions with at least 0.01 support: 0; clusters: 240695
polytomy of size 3; rounds with additions with at least 0.01 support: 0; clusters: 240695
polytomy of size 79; rounds with additions with at least 0.01 support: 0; clusters: 240747
Threshold 0.3333333333333333:
polytomy of size 3; rounds with additions with at least 0.01 support: 0; clusters: 240747
polytomy of size 4; rounds with additions with at least 0.01 support: 0; clusters: 240747
polytomy of size 4; rounds with additions with at least 0.01 support: 0; clusters: 240747
polytomy of size 4; rounds with additions with at least 0.01 support: 0; clusters: 240747
polytomy of size 4; rounds with additions with at least 0.01 support: 0; clusters: 240747
polytomy of size 3; rounds with additions with at least 0.01 support: 0; clusters: 240747
polytomy of size 5; rounds with additions with at least 0.01 support: 0; clusters: 240747
polytomy of size 3; rounds with additions with at least 0.01 support: 0; clusters: 240747
polytomy of size 3; rounds with additions with at least 0.01 support: 0; clusters: 240747
polytomy of size 3; rounds with additions with at least 0.01 support: 0; clusters: 240747
polytomy of size 3; rounds with additions with at least 0.01 support: 0; clusters: 240747
polytomy of size 4; rounds with additions with at least 0.01 support: 0; clusters: 240747
polytomy of size 4; rounds with additions with at least 0.01 support: 0; clusters: 240747
polytomy of size 4; rounds with additions with at least 0.01 support: 0; clusters: 240747
polytomy of size 3; rounds with additions with at least 0.01 support: 0; clusters: 240747
polytomy of size 3; rounds with additions with at least 0.01 support: 0; clusters: 240747
polytomy of size 3; rounds with additions with at least 0.01 support: 0; clusters: 240747
polytomy of size 3; rounds with additions with at least 0.01 support: 0; clusters: 240747
polytomy of size 3; rounds with additions with at least 0.01 support: 0; clusters: 240747
polytomy of size 3; rounds with additions with at least 0.01 support: 0; clusters: 240747
polytomy of size 3; rounds with additions with at least 0.01 support: 0; clusters: 240747
polytomy of size 3; rounds with additions with at least 0.01 support: 0; clusters: 240747
polytomy of size 3; rounds with additions with at least 0.01 support: 0; clusters: 240747
polytomy of size 3; rounds with additions with at least 0.01 support: 0; clusters: 240747
polytomy of size 4; rounds with additions with at least 0.01 support: 0; clusters: 240747
polytomy of size 3; rounds with additions with at least 0.01 support: 0; clusters: 240747
polytomy of size 3; rounds with additions with at least 0.01 support: 0; clusters: 240747
polytomy of size 3; rounds with additions with at least 0.01 support: 0; clusters: 240747
polytomy of size 3; rounds with additions with at least 0.01 support: 0; clusters: 240747
polytomy of size 3; rounds with additions with at least 0.01 support: 0; clusters: 240747
polytomy of size 3; rounds with additions with at least 0.01 support: 0; clusters: 240747
polytomy of size 3; rounds with additions with at least 0.01 support: 0; clusters: 240747
polytomy of size 5; rounds with additions with at least 0.01 support: 0; clusters: 240747
polytomy of size 3; rounds with additions with at least 0.01 support: 0; clusters: 240747
polytomy of size 3; rounds with additions with at least 0.01 support: 0; clusters: 240747
polytomy of size 3; rounds with additions with at least 0.01 support: 0; clusters: 240747
polytomy of size 4; rounds with additions with at least 0.01 support: 0; clusters: 240747
polytomy of size 3; rounds with additions with at least 0.01 support: 0; clusters: 240747
polytomy of size 3; rounds with additions with at least 0.01 support: 0; clusters: 240747
polytomy of size 3; rounds with additions with at least 0.01 support: 0; clusters: 240747
polytomy of size 3; rounds with additions with at least 0.01 support: 0; clusters: 240747
polytomy of size 3; rounds with additions with at least 0.01 support: 0; clusters: 240747
polytomy of size 6; rounds with additions with at least 0.01 support: 0; clusters: 240747
polytomy of size 3; rounds with additions with at least 0.01 support: 0; clusters: 240747
polytomy of size 3; rounds with additions with at least 0.01 support: 0; clusters: 240747
polytomy of size 3; rounds with additions with at least 0.01 support: 0; clusters: 240747
polytomy of size 3; rounds with additions with at least 0.01 support: 0; clusters: 240747
polytomy of size 4; rounds with additions with at least 0.01 support: 0; clusters: 240747
polytomy of size 3; rounds with additions with at least 0.01 support: 0; clusters: 240747
polytomy of size 3; rounds with additions with at least 0.01 support: 0; clusters: 240747
polytomy of size 10; rounds with additions with at least 0.01 support: 0; clusters: 240867
polytomy of size 5; rounds with additions with at least 0.01 support: 0; clusters: 240867
polytomy of size 3; rounds with additions with at least 0.01 support: 0; clusters: 240867
polytomy of size 4; rounds with additions with at least 0.01 support: 0; clusters: 240867
polytomy of size 3; rounds with additions with at least 0.01 support: 0; clusters: 240867
polytomy of size 3; rounds with additions with at least 0.01 support: 0; clusters: 240867
polytomy of size 3; rounds with additions with at least 0.01 support: 0; clusters: 240867
polytomy of size 4; rounds with additions with at least 0.01 support: 0; clusters: 240867
polytomy of size 3; rounds with additions with at least 0.01 support: 0; clusters: 240867
polytomy of size 3; rounds with additions with at least 0.01 support: 0; clusters: 240867
polytomy of size 5; rounds with additions with at least 0.01 support: 0; clusters: 240867
polytomy of size 3; rounds with additions with at least 0.01 support: 0; clusters: 240867
polytomy of size 4; rounds with additions with at least 0.01 support: 0; clusters: 240867
polytomy of size 6; rounds with additions with at least 0.01 support: 0; clusters: 240867
polytomy of size 3; rounds with additions with at least 0.01 support: 0; clusters: 240867
polytomy of size 117; rounds with additions with at least 0.01 support: 0; clusters: 360229
Number of Clusters after addition by greedy: 360229
partitions formed in 690.512 secs
Dynamic Programming starting after 690.512 secs
Size of largest cluster: 1001
Calculated 100000 weights; time (seconds): 4431
Calculated 200000 weights; time (seconds): 3751
Calculated 300000 weights; time (seconds): 3771
Calculated 400000 weights; time (seconds): 3800
Calculated 500000 weights; time (seconds): 3854
Calculated 600000 weights; time (seconds): 3908
Calculated 700000 weights; time (seconds): 3903
Calculated 800000 weights; time (seconds): 3940
Calculated 900000 weights; time (seconds): 4121
Total Number of elements weighted: 974747
Normalized score (portion of input quartet trees satisfied): 0.5688430331906288
Final optimization score: 23654365779607
Optimal tree inferred in 38607.284 secs.
(179,((646,(550,65)),(((444,494),(198,(27,119))),((909,((845,651),(79,((853,576),(874,(400,358)))))),(((37,(397,919)),(196,(403,114))),((((759,(245,150)),((420,187),((253,(584,357)),(762,(764,(856,(931,96))))))),(((226,20),(665,(808,865))),((716,(98,(748,(399,775)))),(((321,(345,354)),((477,(864,(491,(235,806)))),(((833,(446,(53,611))),(290,(812,(829,84)))),((288,((530,52),(534,(241,473)))),(590,(960,(45,((642,822),(569,122))))))))),((((72,(172,85)),((415,715),((47,891),(796,962)))),(309,((424,(431,495)),((694,(827,396)),(902,(454,(871,994))))))),(((452,(857,(169,((394,959),(847,124))))),((509,224),(887,(157,((565,929),(112,(410,164))))))),((839,(842,(269,522))),(((104,(834,(372,(163,459)))),((586,944),(195,(338,177)))),(((370,601),(17,(242,54))),((684,(249,786)),((209,363),((326,548),(735,260))))))))))))),((635,((626,926),(826,((392,(921,(934,462))),((451,852),(706,587)))))),(((723,(918,(823,734))),((429,(320,873)),(591,(819,467)))),(((286,((435,690),(696,(461,197)))),(((275,(892,126)),(652,(222,752))),((378,(513,305)),((813,60),((535,633),(634,(810,(643,((708,36),(194,223)))))))))),((((247,979),(62,(161,996))),(((106,(22,881)),((469,(674,932)),((728,(252,337)),(371,(492,556))))),(((540,((669,398),(920,(24,250)))),((441,(259,(568,640))),(97,((982,340),(770,737))))),(899,(((528,(129,(606,141))),((698,557),((867,76),(802,(625,((560,149),(523,(719,(817,225))))))))),((434,722),(((212,100),(717,(73,((907,215),(178,(472,432)))))),((422,(631,(889,466))),((971,350),((567,(638,(629,514))),((923,610),(277,(449,94))))))))))))),((((210,((279,(570,749)),((29,(116,220)),(893,(861,(282,367)))))),(((577,((284,904),(348,(120,985)))),((680,(869,80)),((352,301),(75,(427,807))))),((647,((741,416),(315,(627,(101,(393,818)))))),((561,(167,(769,406))),((395,102),(915,(552,(349,809)))))))),(((448,(39,(546,183))),(308,(480,(683,989)))),((800,(356,(136,374))),(((450,(283,498)),((474,366),(927,831))),((((650,289),(330,511)),((298,270),((897,(386,888)),(609,(529,502))))),((784,445),(((862,(439,605)),((957,202),(291,660))),((257,(180,331)),((613,18),(433,(216,(293,670)))))))))))),(0,(((506,((898,875),(837,(26,599)))),(((693,347),(951,(128,166))),(702,(109,(325,(840,993)))))),((((725,(263,(618,612))),((208,(154,991)),((389,942),((135,894),((118,525),(219,(419,(294,140)))))))),(((((903,487),(278,(438,361))),((517,((78,700),(93,185))),((390,(238,486)),(32,(217,(679,465)))))),(((901,619),(714,(13,(300,933)))),((553,((878,478),(44,(23,(825,273))))),((458,(936,(173,(604,707)))),((188,334),(430,(533,(639,632)))))))),((622,((678,(213,244)),(464,(983,(583,988))))),(((((771,381),(384,836)),(264,(801,(835,938)))),((968,(268,(542,158))),(25,((930,986),(501,(11,(779,(404,972)))))))),((108,(8,327)),((110,(697,373)),(((756,790),((572,691),(607,516))),(((51,747),(908,(981,417))),((160,463),(512,(575,(608,(544,9))))))))))))),(((((30,999),(211,945)),((107,(71,(4,332))),((859,((866,695),((359,592),(543,((175,791),(485,314)))))),(671,(1,(((323,191),(742,402)),((527,318),(753,(237,(661,483)))))))))),((((563,(265,(1000,703))),(519,((554,566),(939,(189,(699,(281,896))))))),(((965,77),((139,(757,906)),((641,(232,475)),((50,(376,228)),(236,(963,(732,997))))))),((((617,743),(872,156)),(276,(89,(388,(969,221))))),((231,((928,630),(995,(405,387)))),((727,442),(229,(418,((841,(176,49)),((574,105),(571,578)))))))))),(((((676,312),(547,(59,423))),(((579,(877,455)),(855,(385,(329,55)))),((672,(201,(440,998))),((780,14),((333,205),(772,((42,499),(687,593)))))))),(((((171,820),(131,411)),(481,(814,(876,526)))),((510,(718,(258,6))),((681,317),(912,(958,256))))),(((789,795),(863,(843,(704,(645,192))))),((616,((848,56),(307,978))),(274,((804,538),(335,(117,956)))))))),(((946,((87,664),((292,621),(688,(588,38))))),((443,(407,(573,500))),(940,(760,(880,328))))),((((781,(964,977)),(134,((92,854),(628,(61,(425,(797,948))))))),((428,((31,(322,165)),((336,913),(147,(761,731))))),((637,((961,(685,382)),(776,(720,954)))),((353,(255,(551,778))),(484,(203,(299,342))))))),((((159,884),(596,(504,754))),((821,(168,(456,503))),((489,(555,870)),(768,((582,90),(199,302)))))),((955,((272,663),(597,(306,935)))),((539,((992,668),((271,130),(905,((343,7),(33,(758,493))))))),(((656,490),(74,(751,(824,234)))),(((146,701),(364,(468,(379,518)))),((911,(883,88)),(138,((111,447),(362,(970,816))))))))))))))),(((692,980),(682,882)),(((794,673),((145,41),(((181,(850,143)),(((943,811),(69,(521,496))),((155,(615,401)),(200,(774,(115,(482,(666,917)))))))),(((297,(520,900)),(730,(470,206))),((46,(218,148)),((243,(64,(81,(86,19)))),((408,313),((346,(952,947)),(421,(16,585)))))))))),((623,(246,(916,113))),((((562,(799,409)),(295,(910,(186,564)))),(287,((649,594),((151,304),(369,355))))),(((((413,657),(123,589)),(((248,712),(316,973)),((559,67),(745,(765,(767,(377,488))))))),((((922,832),(508,658)),((507,(83,339)),(710,((3,987),((659,(914,233)),((949,(505,746)),(924,(162,(391,426))))))))),((((667,724),(380,803)),(58,((266,662),((726,777),((755,262),(733,(602,375))))))),((344,(739,(5,351))),((858,(941,(193,(460,744)))),(28,(860,(132,(655,(653,967)))))))))),(((174,(531,600)),((437,(285,((879,976),((711,142),(35,689))))),(((261,846),((792,766),(793,(763,(324,125))))),((137,(311,738)),(736,((620,12),((532,365),(153,(68,82))))))))),((788,(624,(581,844))),(((975,2),((((497,280),(360,(838,(830,(886,787))))),(((990,471),(63,319)),(43,((95,103),(368,(677,240)))))),(((654,70),((21,127),(479,48))),(((729,713),(121,636)),((925,(227,895)),((182,595),((453,549),(885,152)))))))),((545,(436,((558,(190,515)),(750,(740,(99,(541,(341,580)))))))),(((974,(798,(296,(57,204)))),(782,((414,(524,(966,457))),((851,721),(476,(15,(537,644))))))),((383,(267,((705,144),((785,66),(953,10))))),(((614,(239,648)),(412,(773,230))),(((310,937),(783,(184,868))),(((828,(709,(598,(303,805)))),(675,((536,890),(603,(133,170))))),(((214,91),(34,(251,40))),((849,(984,950)),(207,(686,(254,815))))))))))))))))))))))))))))))))));
Quartet score is: 23654365779607
Normalized quartet score is: 0.5688430331906288
ASTRAL finished in 38794.333 secs
