
================== ASTRAL ===================== 

This is ASTRAL version 4.10.8
Gene trees are treated as unrooted
1000 trees read from ASTRALDATA/model.1000.2000000.0.000001/16/estimatedgenetre.halfresolved
All outputted trees will be *arbitrarily* rooted at 252

======== Running the main analysis
Number of taxa: 1001 (1001 species)
Taxa: [252, 953, 487, 930, 670, 925, 361, 683, 510, 509, 637, 553, 182, 995, 78, 539, 24, 723, 150, 29, 721, 349, 46, 978, 724, 963, 55, 732, 43, 640, 651, 862, 783, 806, 794, 348, 977, 711, 167, 612, 782, 42, 229, 582, 717, 543, 692, 583, 622, 424, 889, 128, 840, 114, 35, 616, 113, 191, 413, 492, 249, 497, 614, 514, 282, 766, 857, 818, 83, 101, 881, 841, 971, 696, 416, 997, 398, 450, 225, 421, 531, 896, 958, 908, 190, 427, 364, 805, 741, 394, 251, 50, 185, 686, 906, 318, 916, 920, 181, 788, 941, 812, 151, 275, 347, 99, 466, 157, 774, 202, 265, 999, 845, 878, 570, 223, 566, 30, 284, 155, 839, 811, 558, 81, 491, 449, 321, 153, 404, 758, 88, 47, 853, 674, 273, 158, 939, 807, 949, 550, 665, 234, 338, 129, 632, 408, 351, 429, 213, 493, 73, 649, 937, 144, 10, 60, 720, 534, 548, 887, 778, 166, 301, 800, 397, 146, 97, 96, 333, 613, 884, 299, 334, 263, 385, 322, 386, 200, 914, 808, 926, 400, 340, 956, 380, 300, 396, 420, 437, 108, 74, 713, 127, 701, 375, 718, 868, 370, 736, 21, 607, 931, 286, 490, 447, 644, 676, 661, 192, 403, 271, 828, 45, 270, 608, 716, 132, 875, 781, 604, 332, 256, 267, 330, 1, 848, 779, 990, 993, 938, 211, 872, 918, 765, 890, 399, 226, 624, 761, 238, 372, 462, 750, 149, 489, 630, 620, 603, 162, 247, 552, 823, 143, 442, 435, 986, 905, 276, 407, 589, 866, 563, 31, 53, 707, 141, 722, 876, 266, 714, 689, 325, 880, 882, 441, 390, 580, 368, 360, 4, 667, 790, 69, 178, 309, 175, 586, 214, 669, 892, 974, 174, 672, 480, 148, 140, 106, 193, 203, 452, 172, 992, 92, 198, 991, 87, 791, 432, 67, 700, 117, 446, 379, 406, 165, 224, 602, 960, 785, 287, 62, 102, 679, 199, 6, 126, 681, 985, 625, 579, 337, 137, 356, 444, 814, 655, 796, 131, 770, 943, 849, 538, 728, 232, 405, 772, 516, 523, 837, 216, 84, 123, 280, 27, 975, 886, 719, 17, 474, 476, 378, 25, 850, 795, 469, 63, 136, 858, 927, 680, 58, 739, 9, 617, 104, 911, 431, 912, 445, 652, 257, 39, 874, 885, 820, 451, 621, 847, 454, 919, 575, 836, 675, 740, 645, 307, 116, 324, 71, 77, 269, 18, 268, 867, 942, 37, 125, 559, 797, 532, 12, 89, 587, 290, 654, 346, 304, 921, 897, 742, 976, 967, 66, 932, 734, 585, 831, 365, 208, 825, 530, 513, 596, 68, 964, 746, 477, 900, 588, 277, 768, 433, 118, 464, 834, 915, 22, 54, 335, 751, 228, 562, 258, 499, 994, 19, 998, 205, 173, 342, 366, 556, 597, 93, 410, 184, 901, 170, 453, 577, 336, 894, 799, 483, 664, 341, 923, 505, 557, 816, 865, 350, 854, 2, 611, 698, 478, 109, 819, 75, 134, 488, 759, 809, 687, 917, 888, 194, 196, 528, 634, 642, 28, 481, 463, 496, 578, 297, 15, 957, 657, 343, 344, 928, 950, 705, 218, 79, 623, 495, 306, 980, 737, 648, 708, 206, 242, 512, 601, 186, 593, 389, 610, 898, 662, 851, 16, 367, 982, 237, 0, 76, 391, 855, 955, 518, 468, 507, 253, 393, 154, 387, 111, 749, 904, 36, 362, 599, 829, 533, 239, 946, 907, 221, 329, 235, 363, 658, 311, 891, 230, 112, 33, 859, 124, 704, 8, 525, 422, 412, 780, 810, 688, 627, 374, 744, 160, 969, 883, 626, 929, 133, 541, 650, 240, 733, 475, 755, 358, 414, 988, 57, 428, 909, 815, 864, 197, 526, 966, 207, 710, 177, 222, 467, 731, 592, 312, 537, 119, 261, 606, 767, 952, 803, 262, 458, 547, 970, 115, 470, 706, 145, 49, 94, 959, 987, 804, 377, 787, 600, 52, 472, 204, 659, 443, 220, 618, 210, 279, 479, 402, 694, 832, 417, 684, 319, 107, 981, 821, 161, 747, 685, 554, 735, 195, 802, 545, 100, 187, 822, 231, 757, 527, 317, 44, 272, 359, 152, 838, 188, 638, 419, 381, 786, 23, 40, 948, 7, 455, 38, 615, 564, 511, 494, 72, 691, 430, 519, 668, 835, 571, 846, 169, 292, 298, 423, 924, 633, 313, 666, 568, 979, 376, 879, 289, 339, 569, 730, 813, 944, 371, 189, 870, 354, 798, 233, 327, 61, 156, 984, 328, 663, 498, 584, 383, 465, 201, 520, 91, 164, 690, 842, 310, 682, 576, 561, 877, 817, 159, 792, 555, 168, 260, 762, 869, 729, 515, 382, 439, 82, 352, 639, 945, 517, 217, 484, 105, 581, 283, 236, 902, 775, 784, 549, 536, 678, 551, 647, 860, 934, 1000, 712, 671, 456, 565, 973, 961, 826, 844, 415, 660, 595, 756, 833, 922, 903, 448, 725, 715, 567, 183, 947, 989, 653, 331, 560, 628, 693, 546, 542, 357, 86, 288, 913, 801, 142, 521, 291, 743, 176, 954, 752, 243, 316, 996, 409, 486, 26, 522, 503, 572, 769, 789, 59, 278, 727, 302, 179, 656, 873, 502, 255, 147, 738, 972, 702, 629, 426, 935, 98, 544, 863, 355, 65, 436, 320, 326, 138, 709, 323, 80, 296, 259, 438, 573, 3, 388, 110, 776, 460, 697, 121, 139, 103, 605, 703, 852, 673, 425, 473, 763, 11, 395, 965, 209, 871, 641, 591, 250, 34, 951, 895, 983, 457, 962, 753, 590, 574, 254, 303, 135, 215, 535, 482, 754, 180, 636, 163, 695, 893, 646, 212, 619, 246, 56, 793, 748, 64, 122, 418, 773, 968, 401, 241, 933, 20, 274, 861, 41, 529, 508, 373, 345, 824, 940, 936, 130, 485, 248, 899, 411, 392, 440, 70, 305, 171, 48, 314, 219, 308, 51, 830, 764, 315, 726, 264, 461, 434, 501, 760, 227, 609, 506, 777, 643, 500, 471, 459, 14, 90, 32, 631, 598, 85, 281, 120, 504, 285, 95, 353, 594, 13, 677, 745, 5, 910, 245, 843, 295, 293, 294, 699, 771, 635, 244, 524, 856, 540, 827, 369, 384]
Taxon occupancy: {338=1000, 339=1000, 941=1000, 942=1000, 940=1000, 332=1000, 945=1000, 333=1000, 946=1000, 943=1000, 330=1000, 331=1000, 944=1000, 949=1000, 336=1000, 337=1000, 947=1000, 334=1000, 335=1000, 948=1000, 748=1000, 531=1000, 530=1000, 747=1000, 746=1000, 745=1000, 535=1000, 534=1000, 533=1000, 532=1000, 749=1000, 539=1000, 740=1000, 538=1000, 537=1000, 536=1000, 744=1000, 743=1000, 742=1000, 741=1000, 349=1000, 930=1000, 931=1000, 932=1000, 341=1000, 933=1000, 342=1000, 934=1000, 343=1000, 935=1000, 344=1000, 936=1000, 345=1000, 937=1000, 346=1000, 938=1000, 347=1000, 348=1000, 939=1000, 540=1000, 3=1000, 735=1000, 734=1000, 2=1000, 929=1000, 542=1000, 1=1000, 737=1000, 736=1000, 0=1000, 541=1000, 544=1000, 739=1000, 7=1000, 738=1000, 6=1000, 543=1000, 5=1000, 546=1000, 340=1000, 4=1000, 545=1000, 548=1000, 547=1000, 9=1000, 549=1000, 8=1000, 731=1000, 730=1000, 733=1000, 732=1000, 920=1000, 318=1000, 319=1000, 316=1000, 317=1000, 314=1000, 927=1000, 315=1000, 928=1000, 925=1000, 312=1000, 926=1000, 313=1000, 923=1000, 310=1000, 311=1000, 924=1000, 921=1000, 922=1000, 513=1000, 512=1000, 729=1000, 728=1000, 511=1000, 727=1000, 510=1000, 726=1000, 725=1000, 724=1000, 919=1000, 918=1000, 723=1000, 722=1000, 721=1000, 720=1000, 519=1000, 518=1000, 517=1000, 516=1000, 515=1000, 514=1000, 327=1000, 328=1000, 329=1000, 323=1000, 914=1000, 324=1000, 915=1000, 325=1000, 916=1000, 326=1000, 917=1000, 910=1000, 709=1000, 320=1000, 911=1000, 912=1000, 321=1000, 913=1000, 322=1000, 522=1000, 717=1000, 521=1000, 716=1000, 524=1000, 719=1000, 523=1000, 718=1000, 908=1000, 713=1000, 712=1000, 907=1000, 715=1000, 520=1000, 714=1000, 909=1000, 529=1000, 711=1000, 710=1000, 526=1000, 525=1000, 528=1000, 527=1000, 989=1000, 988=1000, 987=1000, 571=1000, 570=1000, 982=1000, 981=1000, 980=1000, 986=1000, 985=1000, 984=1000, 983=1000, 700=1000, 574=1000, 703=1000, 575=1000, 704=1000, 572=1000, 701=1000, 573=1000, 702=1000, 707=1000, 578=1000, 579=1000, 708=1000, 705=1000, 576=1000, 577=1000, 706=1000, 977=1000, 976=1000, 300=1000, 979=1000, 978=1000, 302=1000, 580=1000, 301=1000, 582=1000, 304=1000, 303=1000, 581=1000, 306=1000, 305=1000, 308=1000, 971=1000, 307=1000, 970=1000, 973=1000, 972=1000, 309=1000, 975=1000, 974=1000, 583=1000, 584=1000, 585=1000, 586=1000, 587=1000, 588=1000, 589=1000, 969=1000, 968=1000, 967=1000, 966=1000, 965=1000, 964=1000, 963=1000, 962=1000, 961=1000, 960=1000, 558=1000, 559=1000, 556=1000, 557=1000, 554=1000, 555=1000, 552=1000, 553=1000, 550=1000, 551=1000, 959=1000, 958=1000, 560=1000, 955=1000, 954=1000, 957=1000, 956=1000, 951=1000, 950=1000, 953=1000, 952=1000, 569=1000, 565=1000, 566=1000, 567=1000, 568=1000, 561=1000, 562=1000, 563=1000, 564=1000, 799=1000, 798=1000, 797=1000, 796=1000, 795=1000, 794=1000, 793=1000, 792=1000, 996=1000, 790=1000, 791=1000, 997=1000, 994=1000, 995=1000, 992=1000, 993=1000, 990=1000, 991=1000, 998=1000, 999=1000, 781=1000, 782=1000, 783=1000, 784=1000, 785=1000, 786=1000, 787=1000, 788=1000, 789=1000, 780=1000, 772=1000, 505=1000, 506=1000, 773=1000, 503=1000, 770=1000, 771=1000, 504=1000, 776=1000, 509=1000, 777=1000, 774=1000, 507=1000, 508=1000, 775=1000, 778=1000, 779=1000, 501=1000, 502=1000, 500=1000, 763=1000, 764=1000, 765=1000, 766=1000, 760=1000, 761=1000, 762=1000, 767=1000, 768=1000, 769=1000, 754=1000, 755=1000, 752=1000, 753=1000, 750=1000, 751=1000, 758=1000, 759=1000, 756=1000, 757=1000, 595=1000, 594=1000, 597=1000, 391=1000, 390=1000, 596=1000, 393=1000, 599=1000, 598=1000, 392=1000, 395=1000, 394=1000, 396=1000, 397=1000, 398=1000, 399=1000, 590=1000, 591=1000, 592=1000, 593=1000, 383=1000, 384=1000, 381=1000, 382=1000, 380=1000, 389=1000, 388=1000, 387=1000, 386=1000, 385=1000, 370=1000, 371=1000, 372=1000, 373=1000, 379=1000, 378=1000, 375=1000, 374=1000, 377=1000, 376=1000, 361=1000, 362=1000, 360=1000, 366=1000, 365=1000, 364=1000, 363=1000, 369=1000, 368=1000, 367=1000, 350=1000, 351=1000, 353=1000, 352=1000, 355=1000, 354=1000, 357=1000, 356=1000, 359=1000, 358=1000, 806=1000, 807=1000, 804=1000, 805=1000, 802=1000, 803=1000, 800=1000, 801=1000, 159=1000, 158=1000, 157=1000, 156=1000, 155=1000, 154=1000, 601=1000, 152=1000, 153=1000, 600=1000, 150=1000, 151=1000, 609=1000, 608=1000, 607=1000, 606=1000, 605=1000, 604=1000, 603=1000, 602=1000, 202=1000, 203=1000, 204=1000, 205=1000, 200=1000, 201=1000, 169=1000, 166=1000, 206=1000, 165=1000, 207=1000, 208=1000, 168=1000, 209=1000, 167=1000, 409=1000, 161=1000, 162=1000, 408=1000, 163=1000, 164=1000, 405=1000, 404=1000, 407=1000, 406=1000, 160=1000, 401=1000, 400=1000, 403=1000, 402=1000, 824=1000, 211=1000, 212=1000, 825=1000, 822=1000, 823=1000, 210=1000, 215=1000, 828=1000, 216=1000, 829=1000, 826=1000, 213=1000, 827=1000, 214=1000, 219=1000, 179=1000, 178=1000, 177=1000, 217=1000, 176=1000, 218=1000, 820=1000, 821=1000, 418=1000, 170=1000, 171=1000, 417=1000, 416=1000, 415=1000, 174=1000, 623=1000, 175=1000, 622=1000, 172=1000, 621=1000, 620=1000, 173=1000, 419=1000, 410=1000, 627=1000, 626=1000, 625=1000, 624=1000, 819=1000, 414=1000, 413=1000, 629=1000, 412=1000, 411=1000, 628=1000, 811=1000, 220=1000, 812=1000, 221=1000, 222=1000, 813=1000, 814=1000, 223=1000, 224=1000, 815=1000, 225=1000, 816=1000, 226=1000, 817=1000, 227=1000, 818=1000, 228=1000, 188=1000, 229=1000, 187=1000, 189=1000, 810=1000, 427=1000, 180=1000, 426=1000, 181=1000, 429=1000, 182=1000, 428=1000, 183=1000, 610=1000, 184=1000, 185=1000, 612=1000, 611=1000, 186=1000, 614=1000, 809=1000, 613=1000, 808=1000, 421=1000, 616=1000, 420=1000, 615=1000, 618=1000, 423=1000, 617=1000, 422=1000, 425=1000, 619=1000, 424=1000, 843=1000, 116=1000, 117=1000, 842=1000, 841=1000, 114=1000, 840=1000, 115=1000, 112=1000, 113=1000, 110=1000, 111=1000, 849=1000, 848=1000, 847=1000, 846=1000, 845=1000, 118=1000, 844=1000, 119=1000, 435=1000, 436=1000, 433=1000, 434=1000, 431=1000, 432=1000, 430=1000, 439=1000, 437=1000, 438=1000, 830=1000, 125=1000, 126=1000, 127=1000, 832=1000, 128=1000, 831=1000, 121=1000, 122=1000, 123=1000, 124=1000, 838=1000, 837=1000, 839=1000, 129=1000, 834=1000, 833=1000, 836=1000, 835=1000, 444=1000, 445=1000, 446=1000, 447=1000, 440=1000, 441=1000, 442=1000, 443=1000, 120=1000, 448=1000, 449=1000, 861=1000, 134=1000, 135=1000, 860=1000, 132=1000, 133=1000, 138=1000, 865=1000, 139=1000, 864=1000, 863=1000, 136=1000, 137=1000, 862=1000, 869=1000, 868=1000, 867=1000, 866=1000, 450=1000, 453=1000, 454=1000, 451=1000, 452=1000, 457=1000, 458=1000, 455=1000, 456=1000, 459=1000, 131=1000, 130=1000, 143=1000, 144=1000, 850=1000, 145=1000, 146=1000, 852=1000, 147=1000, 148=1000, 851=1000, 149=1000, 854=1000, 853=1000, 856=1000, 855=1000, 858=1000, 857=1000, 859=1000, 461=1000, 460=1000, 462=1000, 463=1000, 464=1000, 465=1000, 466=1000, 467=1000, 468=1000, 469=1000, 140=1000, 142=1000, 141=1000, 687=1000, 686=1000, 689=1000, 688=1000, 683=1000, 682=1000, 685=1000, 684=1000, 888=1000, 889=1000, 884=1000, 885=1000, 680=1000, 886=1000, 681=1000, 887=1000, 880=1000, 881=1000, 882=1000, 883=1000, 678=1000, 677=1000, 676=1000, 675=1000, 674=1000, 673=1000, 672=1000, 671=1000, 679=1000, 879=1000, 877=1000, 878=1000, 875=1000, 876=1000, 670=1000, 873=1000, 874=1000, 871=1000, 872=1000, 870=1000, 696=1000, 695=1000, 694=1000, 693=1000, 890=1000, 699=1000, 698=1000, 697=1000, 899=1000, 893=1000, 894=1000, 891=1000, 892=1000, 897=1000, 691=1000, 692=1000, 898=1000, 895=1000, 896=1000, 690=1000, 646=1000, 647=1000, 648=1000, 649=1000, 642=1000, 195=1000, 643=1000, 194=1000, 644=1000, 197=1000, 645=1000, 196=1000, 191=1000, 190=1000, 193=1000, 640=1000, 641=1000, 192=1000, 198=1000, 199=1000, 639=1000, 637=1000, 638=1000, 635=1000, 636=1000, 633=1000, 634=1000, 631=1000, 632=1000, 630=1000, 668=1000, 669=1000, 660=1000, 661=1000, 662=1000, 663=1000, 664=1000, 665=1000, 666=1000, 667=1000, 659=1000, 657=1000, 658=1000, 651=1000, 652=1000, 650=1000, 655=1000, 656=1000, 653=1000, 654=1000, 35=1000, 36=1000, 33=1000, 34=1000, 39=1000, 37=1000, 38=1000, 43=1000, 42=1000, 41=1000, 40=1000, 22=1000, 23=1000, 24=1000, 25=1000, 26=1000, 27=1000, 28=1000, 29=1000, 30=1000, 32=1000, 31=1000, 19=1000, 17=1000, 18=1000, 15=1000, 16=1000, 13=1000, 14=1000, 11=1000, 12=1000, 21=1000, 20=1000, 10=1000, 79=1000, 78=1000, 77=1000, 82=1000, 83=1000, 80=1000, 81=1000, 86=1000, 87=1000, 84=1000, 85=1000, 67=1000, 66=1000, 69=1000, 68=1000, 70=1000, 71=1000, 72=1000, 73=1000, 74=1000, 75=1000, 76=1000, 59=1000, 58=1000, 57=1000, 56=1000, 55=1000, 64=1000, 65=1000, 62=1000, 63=1000, 60=1000, 61=1000, 49=1000, 48=1000, 45=1000, 44=1000, 47=1000, 46=1000, 51=1000, 52=1000, 53=1000, 54=1000, 50=1000, 281=1000, 487=1000, 486=1000, 280=1000, 485=1000, 484=1000, 285=1000, 284=1000, 283=1000, 489=1000, 282=1000, 488=1000, 288=1000, 289=1000, 286=1000, 287=1000, 482=1000, 483=1000, 480=1000, 481=1000, 474=1000, 473=1000, 476=1000, 270=1000, 475=1000, 478=1000, 272=1000, 271=1000, 477=1000, 274=1000, 273=1000, 479=1000, 275=1000, 276=1000, 277=1000, 278=1000, 279=1000, 470=1000, 471=1000, 472=1000, 1000=1000, 109=1000, 108=1000, 107=1000, 106=1000, 105=1000, 104=1000, 103=1000, 102=1000, 99=1000, 101=1000, 100=1000, 98=1000, 97=1000, 96=1000, 95=1000, 94=1000, 93=1000, 92=1000, 91=1000, 294=1000, 90=1000, 293=1000, 499=1000, 296=1000, 295=1000, 290=1000, 496=1000, 495=1000, 292=1000, 498=1000, 291=1000, 497=1000, 491=1000, 492=1000, 493=1000, 494=1000, 297=1000, 298=1000, 299=1000, 490=1000, 88=1000, 89=1000, 240=1000, 241=1000, 245=1000, 244=1000, 243=1000, 242=1000, 249=1000, 248=1000, 247=1000, 246=1000, 230=1000, 239=1000, 232=1000, 231=1000, 234=1000, 233=1000, 236=1000, 235=1000, 238=1000, 237=1000, 262=1000, 263=1000, 260=1000, 261=1000, 269=1000, 268=1000, 267=1000, 266=1000, 265=1000, 264=1000, 250=1000, 251=1000, 252=1000, 258=1000, 904=1000, 903=1000, 257=1000, 906=1000, 259=1000, 905=1000, 254=1000, 900=1000, 253=1000, 902=1000, 256=1000, 255=1000, 901=1000}
Number of gene trees: 1000
0 trees have missing taxa
Calculating quartet distance matrix (for completion of X)
Species tree distances calculated ...
Building set of clusters (X) from gene trees 
Using tree-based weight calculation.
Number of Default Clusters: 496005
Number of quartet trees in the gene trees: 41582095789891
calculating extra bipartitions to be added at level 1 ...
Number of Clusters after addition by distance: 496013
Adding to X using resolutions of greedy consensus ...
Threshold 0.0:
polytomy of size 5; rounds with additions with at least 0.01 support: 1; clusters: 496059
Threshold 0.01:
polytomy of size 4; rounds with additions with at least 0.01 support: 0; clusters: 496061
polytomy of size 18; rounds with additions with at least 0.01 support: 5; clusters: 497855
polytomy of size 3; rounds with additions with at least 0.01 support: 0; clusters: 497855
Threshold 0.02:
polytomy of size 4; rounds with additions with at least 0.01 support: 0; clusters: 497857
polytomy of size 3; rounds with additions with at least 0.01 support: 0; clusters: 497857
polytomy of size 29; rounds with additions with at least 0.01 support: 5; clusters: 503323
Threshold 0.05:
polytomy of size 6; rounds with additions with at least 0.01 support: 0; clusters: 503323
polytomy of size 5; rounds with additions with at least 0.01 support: 0; clusters: 503323
polytomy of size 3; rounds with additions with at least 0.01 support: 0; clusters: 503323
polytomy of size 3; rounds with additions with at least 0.01 support: 0; clusters: 503323
polytomy of size 3; rounds with additions with at least 0.01 support: 0; clusters: 503323
polytomy of size 4; rounds with additions with at least 0.01 support: 0; clusters: 503323
polytomy of size 3; rounds with additions with at least 0.01 support: 0; clusters: 503323
polytomy of size 52; rounds with additions with at least 0.01 support: 1; clusters: 503373
Threshold 0.1:
polytomy of size 3; rounds with additions with at least 0.01 support: 0; clusters: 503373
polytomy of size 4; rounds with additions with at least 0.01 support: 0; clusters: 503373
polytomy of size 4; rounds with additions with at least 0.01 support: 0; clusters: 503373
polytomy of size 3; rounds with additions with at least 0.01 support: 0; clusters: 503373
polytomy of size 5; rounds with additions with at least 0.01 support: 0; clusters: 503373
polytomy of size 5; rounds with additions with at least 0.01 support: 0; clusters: 503373
polytomy of size 8; rounds with additions with at least 0.01 support: 0; clusters: 503373
polytomy of size 3; rounds with additions with at least 0.01 support: 0; clusters: 503373
polytomy of size 6; rounds with additions with at least 0.01 support: 0; clusters: 503373
polytomy of size 3; rounds with additions with at least 0.01 support: 0; clusters: 503373
polytomy of size 3; rounds with additions with at least 0.01 support: 0; clusters: 503373
polytomy of size 5; rounds with additions with at least 0.01 support: 0; clusters: 503373
polytomy of size 3; rounds with additions with at least 0.01 support: 0; clusters: 503373
polytomy of size 4; rounds with additions with at least 0.01 support: 0; clusters: 503373
polytomy of size 4; rounds with additions with at least 0.01 support: 0; clusters: 503373
polytomy of size 4; rounds with additions with at least 0.01 support: 0; clusters: 503373
polytomy of size 4; rounds with additions with at least 0.01 support: 0; clusters: 503373
polytomy of size 4; rounds with additions with at least 0.01 support: 0; clusters: 503373
polytomy of size 4; rounds with additions with at least 0.01 support: 0; clusters: 503373
polytomy of size 82; rounds with additions with at least 0.01 support: 0; clusters: 503399
polytomy of size 3; rounds with additions with at least 0.01 support: 0; clusters: 503399
Threshold 0.2:
polytomy of size 4; rounds with additions with at least 0.01 support: 0; clusters: 503399
polytomy of size 3; rounds with additions with at least 0.01 support: 0; clusters: 503399
polytomy of size 6; rounds with additions with at least 0.01 support: 0; clusters: 503399
polytomy of size 4; rounds with additions with at least 0.01 support: 0; clusters: 503399
polytomy of size 5; rounds with additions with at least 0.01 support: 0; clusters: 503399
polytomy of size 4; rounds with additions with at least 0.01 support: 0; clusters: 503399
polytomy of size 3; rounds with additions with at least 0.01 support: 0; clusters: 503399
polytomy of size 7; rounds with additions with at least 0.01 support: 0; clusters: 503399
polytomy of size 3; rounds with additions with at least 0.01 support: 0; clusters: 503399
polytomy of size 4; rounds with additions with at least 0.01 support: 0; clusters: 503399
polytomy of size 4; rounds with additions with at least 0.01 support: 0; clusters: 503399
polytomy of size 4; rounds with additions with at least 0.01 support: 0; clusters: 503399
polytomy of size 6; rounds with additions with at least 0.01 support: 0; clusters: 503399
polytomy of size 8; rounds with additions with at least 0.01 support: 0; clusters: 503399
polytomy of size 3; rounds with additions with at least 0.01 support: 0; clusters: 503399
polytomy of size 3; rounds with additions with at least 0.01 support: 0; clusters: 503399
polytomy of size 5; rounds with additions with at least 0.01 support: 0; clusters: 503399
polytomy of size 5; rounds with additions with at least 0.01 support: 0; clusters: 503399
polytomy of size 5; rounds with additions with at least 0.01 support: 0; clusters: 503399
polytomy of size 3; rounds with additions with at least 0.01 support: 0; clusters: 503399
polytomy of size 3; rounds with additions with at least 0.01 support: 0; clusters: 503399
polytomy of size 7; rounds with additions with at least 0.01 support: 0; clusters: 503399
polytomy of size 3; rounds with additions with at least 0.01 support: 0; clusters: 503399
polytomy of size 5; rounds with additions with at least 0.01 support: 0; clusters: 503399
polytomy of size 4; rounds with additions with at least 0.01 support: 0; clusters: 503399
polytomy of size 5; rounds with additions with at least 0.01 support: 0; clusters: 503399
polytomy of size 5; rounds with additions with at least 0.01 support: 0; clusters: 503399
polytomy of size 5; rounds with additions with at least 0.01 support: 0; clusters: 503399
polytomy of size 4; rounds with additions with at least 0.01 support: 0; clusters: 503399
polytomy of size 3; rounds with additions with at least 0.01 support: 0; clusters: 503399
polytomy of size 3; rounds with additions with at least 0.01 support: 0; clusters: 503399
polytomy of size 9; rounds with additions with at least 0.01 support: 0; clusters: 503399
polytomy of size 3; rounds with additions with at least 0.01 support: 0; clusters: 503399
polytomy of size 3; rounds with additions with at least 0.01 support: 0; clusters: 503399
polytomy of size 4; rounds with additions with at least 0.01 support: 0; clusters: 503399
polytomy of size 5; rounds with additions with at least 0.01 support: 0; clusters: 503399
polytomy of size 4; rounds with additions with at least 0.01 support: 0; clusters: 503399
polytomy of size 3; rounds with additions with at least 0.01 support: 0; clusters: 503399
polytomy of size 5; rounds with additions with at least 0.01 support: 0; clusters: 503399
polytomy of size 3; rounds with additions with at least 0.01 support: 0; clusters: 503399
polytomy of size 4; rounds with additions with at least 0.01 support: 0; clusters: 503399
polytomy of size 12; rounds with additions with at least 0.01 support: 0; clusters: 503399
polytomy of size 3; rounds with additions with at least 0.01 support: 0; clusters: 503399
polytomy of size 4; rounds with additions with at least 0.01 support: 0; clusters: 503399
polytomy of size 3; rounds with additions with at least 0.01 support: 0; clusters: 503399
polytomy of size 3; rounds with additions with at least 0.01 support: 0; clusters: 503399
polytomy of size 137; rounds with additions with at least 0.01 support: 0; clusters: 503403
polytomy of size 3; rounds with additions with at least 0.01 support: 0; clusters: 503403
Threshold 0.3333333333333333:
polytomy of size 4; rounds with additions with at least 0.01 support: 0; clusters: 503403
polytomy of size 3; rounds with additions with at least 0.01 support: 0; clusters: 503403
polytomy of size 4; rounds with additions with at least 0.01 support: 0; clusters: 503403
polytomy of size 3; rounds with additions with at least 0.01 support: 0; clusters: 503403
polytomy of size 3; rounds with additions with at least 0.01 support: 0; clusters: 503403
polytomy of size 4; rounds with additions with at least 0.01 support: 0; clusters: 503403
polytomy of size 4; rounds with additions with at least 0.01 support: 0; clusters: 503403
polytomy of size 4; rounds with additions with at least 0.01 support: 0; clusters: 503403
polytomy of size 3; rounds with additions with at least 0.01 support: 0; clusters: 503403
polytomy of size 3; rounds with additions with at least 0.01 support: 0; clusters: 503403
polytomy of size 3; rounds with additions with at least 0.01 support: 0; clusters: 503403
polytomy of size 5; rounds with additions with at least 0.01 support: 0; clusters: 503403
polytomy of size 5; rounds with additions with at least 0.01 support: 0; clusters: 503403
polytomy of size 3; rounds with additions with at least 0.01 support: 0; clusters: 503403
polytomy of size 5; rounds with additions with at least 0.01 support: 0; clusters: 503403
polytomy of size 3; rounds with additions with at least 0.01 support: 0; clusters: 503403
polytomy of size 4; rounds with additions with at least 0.01 support: 0; clusters: 503403
polytomy of size 5; rounds with additions with at least 0.01 support: 0; clusters: 503403
polytomy of size 3; rounds with additions with at least 0.01 support: 0; clusters: 503403
polytomy of size 6; rounds with additions with at least 0.01 support: 0; clusters: 503403
polytomy of size 6; rounds with additions with at least 0.01 support: 0; clusters: 503403
polytomy of size 3; rounds with additions with at least 0.01 support: 0; clusters: 503403
polytomy of size 9; rounds with additions with at least 0.01 support: 0; clusters: 503445
polytomy of size 4; rounds with additions with at least 0.01 support: 0; clusters: 503445
polytomy of size 3; rounds with additions with at least 0.01 support: 0; clusters: 503445
polytomy of size 3; rounds with additions with at least 0.01 support: 0; clusters: 503445
polytomy of size 12; rounds with additions with at least 0.01 support: 0; clusters: 503631
polytomy of size 4; rounds with additions with at least 0.01 support: 0; clusters: 503631
polytomy of size 4; rounds with additions with at least 0.01 support: 0; clusters: 503631
polytomy of size 3; rounds with additions with at least 0.01 support: 0; clusters: 503631
polytomy of size 4; rounds with additions with at least 0.01 support: 0; clusters: 503631
polytomy of size 3; rounds with additions with at least 0.01 support: 0; clusters: 503631
polytomy of size 3; rounds with additions with at least 0.01 support: 0; clusters: 503631
polytomy of size 3; rounds with additions with at least 0.01 support: 0; clusters: 503631
polytomy of size 3; rounds with additions with at least 0.01 support: 0; clusters: 503631
polytomy of size 4; rounds with additions with at least 0.01 support: 0; clusters: 503631
polytomy of size 6; rounds with additions with at least 0.01 support: 0; clusters: 503631
polytomy of size 5; rounds with additions with at least 0.01 support: 0; clusters: 503631
polytomy of size 3; rounds with additions with at least 0.01 support: 0; clusters: 503631
polytomy of size 4; rounds with additions with at least 0.01 support: 0; clusters: 503631
polytomy of size 3; rounds with additions with at least 0.01 support: 0; clusters: 503631
polytomy of size 3; rounds with additions with at least 0.01 support: 0; clusters: 503631
polytomy of size 3; rounds with additions with at least 0.01 support: 0; clusters: 503631
polytomy of size 3; rounds with additions with at least 0.01 support: 0; clusters: 503631
polytomy of size 4; rounds with additions with at least 0.01 support: 0; clusters: 503631
polytomy of size 6; rounds with additions with at least 0.01 support: 0; clusters: 503631
polytomy of size 5; rounds with additions with at least 0.01 support: 0; clusters: 503631
polytomy of size 3; rounds with additions with at least 0.01 support: 0; clusters: 503631
polytomy of size 3; rounds with additions with at least 0.01 support: 0; clusters: 503631
polytomy of size 6; rounds with additions with at least 0.01 support: 0; clusters: 503631
polytomy of size 3; rounds with additions with at least 0.01 support: 0; clusters: 503631
polytomy of size 5; rounds with additions with at least 0.01 support: 0; clusters: 503631
polytomy of size 12; rounds with additions with at least 0.01 support: 0; clusters: 503753
polytomy of size 4; rounds with additions with at least 0.01 support: 0; clusters: 503753
polytomy of size 4; rounds with additions with at least 0.01 support: 0; clusters: 503753
polytomy of size 3; rounds with additions with at least 0.01 support: 0; clusters: 503753
polytomy of size 3; rounds with additions with at least 0.01 support: 0; clusters: 503753
polytomy of size 3; rounds with additions with at least 0.01 support: 0; clusters: 503753
polytomy of size 5; rounds with additions with at least 0.01 support: 0; clusters: 503753
polytomy of size 3; rounds with additions with at least 0.01 support: 0; clusters: 503753
polytomy of size 6; rounds with additions with at least 0.01 support: 0; clusters: 503753
polytomy of size 3; rounds with additions with at least 0.01 support: 0; clusters: 503753
polytomy of size 5; rounds with additions with at least 0.01 support: 0; clusters: 503753
polytomy of size 3; rounds with additions with at least 0.01 support: 0; clusters: 503753
polytomy of size 4; rounds with additions with at least 0.01 support: 0; clusters: 503753
polytomy of size 7; rounds with additions with at least 0.01 support: 0; clusters: 503753
polytomy of size 12; rounds with additions with at least 0.01 support: 0; clusters: 503879
polytomy of size 4; rounds with additions with at least 0.01 support: 0; clusters: 503879
polytomy of size 3; rounds with additions with at least 0.01 support: 0; clusters: 503879
polytomy of size 6; rounds with additions with at least 0.01 support: 0; clusters: 503879
polytomy of size 3; rounds with additions with at least 0.01 support: 0; clusters: 503879
polytomy of size 3; rounds with additions with at least 0.01 support: 0; clusters: 503879
polytomy of size 4; rounds with additions with at least 0.01 support: 0; clusters: 503879
polytomy of size 6; rounds with additions with at least 0.01 support: 0; clusters: 503879
polytomy of size 3; rounds with additions with at least 0.01 support: 0; clusters: 503879
polytomy of size 3; rounds with additions with at least 0.01 support: 0; clusters: 503879
polytomy of size 4; rounds with additions with at least 0.01 support: 0; clusters: 503879
polytomy of size 5; rounds with additions with at least 0.01 support: 0; clusters: 503879
polytomy of size 5; rounds with additions with at least 0.01 support: 0; clusters: 503879
polytomy of size 3; rounds with additions with at least 0.01 support: 0; clusters: 503879
polytomy of size 3; rounds with additions with at least 0.01 support: 0; clusters: 503879
polytomy of size 5; rounds with additions with at least 0.01 support: 0; clusters: 503879
polytomy of size 12; rounds with additions with at least 0.01 support: 0; clusters: 504067
polytomy of size 3; rounds with additions with at least 0.01 support: 0; clusters: 504067
polytomy of size 4; rounds with additions with at least 0.01 support: 0; clusters: 504067
polytomy of size 3; rounds with additions with at least 0.01 support: 0; clusters: 504067
polytomy of size 3; rounds with additions with at least 0.01 support: 0; clusters: 504067
polytomy of size 5; rounds with additions with at least 0.01 support: 0; clusters: 504067
polytomy of size 3; rounds with additions with at least 0.01 support: 0; clusters: 504067
polytomy of size 3; rounds with additions with at least 0.01 support: 0; clusters: 504067
polytomy of size 7; rounds with additions with at least 0.01 support: 0; clusters: 504067
polytomy of size 3; rounds with additions with at least 0.01 support: 0; clusters: 504067
polytomy of size 3; rounds with additions with at least 0.01 support: 0; clusters: 504067
polytomy of size 8; rounds with additions with at least 0.01 support: 0; clusters: 504069
polytomy of size 8; rounds with additions with at least 0.01 support: 0; clusters: 504083
polytomy of size 5; rounds with additions with at least 0.01 support: 0; clusters: 504083
polytomy of size 5; rounds with additions with at least 0.01 support: 0; clusters: 504083
polytomy of size 5; rounds with additions with at least 0.01 support: 0; clusters: 504083
polytomy of size 6; rounds with additions with at least 0.01 support: 0; clusters: 504083
polytomy of size 3; rounds with additions with at least 0.01 support: 0; clusters: 504083
polytomy of size 3; rounds with additions with at least 0.01 support: 0; clusters: 504083
polytomy of size 4; rounds with additions with at least 0.01 support: 0; clusters: 504083
Number of Clusters after addition by greedy: 504083
partitions formed in 1174.195 secs
Dynamic Programming starting after 1174.195 secs
Size of largest cluster: 1001
Size of largest cluster: 1001
Calculated 100000 weights; time (seconds): 1320
Calculated 200000 weights; time (seconds): 141
Calculated 300000 weights; time (seconds): 138
Calculated 400000 weights; time (seconds): 133
Calculated 500000 weights; time (seconds): 138
Calculated 600000 weights; time (seconds): 135
Calculated 700000 weights; time (seconds): 133
Calculated 800000 weights; time (seconds): 138
Calculated 900000 weights; time (seconds): 134
Calculated 1000000 weights; time (seconds): 141
Total Number of elements weighted: 1314074
Normalized score (portion of input quartet trees satisfied): NaN
Final optimization score: 0
Calculated 1100000 weights; time (seconds): 153
Calculated 1200000 weights; time (seconds): 466
Calculated 1300000 weights; time (seconds): 645
Total Number of elements weighted: 1314074
Normalized score (portion of input quartet trees satisfied): 0.5337016354486199
Final optimization score: 22192432528446
Optimal tree inferred in 3897.686 secs.
(252,((862,(651,167)),(((782,582),(150,(881,190))),((692,(717,543)),(((509,553),(510,637)),((841,(398,(450,(225,421)))),((29,(721,908)),(((487,(670,(191,185))),(971,((282,766),(696,(416,997))))),((((579,(349,((896,958),(741,(683,805))))),((114,(128,840)),((46,(42,229)),(978,(413,(612,(724,394))))))),((181,(99,((275,347),((788,941),(812,151))))),((251,50),((583,622),((35,616),((427,364),((963,537),(55,732)))))))),(((492,(906,318)),(((783,(43,640)),((889,(614,514)),(78,((794,348),(711,(806,977)))))),(((113,(930,285)),(539,(24,723))),((249,497),(916,(((925,361),(101,(857,(818,83)))),(953,((182,531),(424,(920,(995,686))))))))))),((((89,(587,290)),(12,(532,(559,797)))),((71,(324,(37,125))),((269,18),(942,(77,(268,867)))))),(((638,(((164,(763,11)),(561,((310,576),(682,(690,842))))),(((168,260),((792,555),(159,(877,817)))),((639,(762,869)),(490,((729,382),(352,(82,(515,439))))))))),((370,((748,(64,(793,(56,122)))),(((872,(211,226)),(765,(399,(918,890)))),(174,(((292,298),(423,924)),(60,(10,((81,430),(830,(144,384)))))))))),(((720,534),(369,(45,(548,146)))),(((466,157),(((345,824),(619,((905,276),(435,986)))),(965,(395,(731,((937,592),(649,467))))))),((((372,(761,238)),((149,489),(462,750))),(442,((603,823),((552,143),((162,247),(866,(407,589))))))),((887,447),((838,188),((796,((770,943),(655,131))),((523,837),((955,518),(393,(468,(507,253))))))))))))),((((828,(387,(520,91))),((506,((459,(777,643)),((500,(609,471)),((501,(760,227)),(434,(264,461)))))),((85,(315,(281,(598,(726,((14,631),(90,32))))))),((695,(893,20)),((21,(931,(607,286))),(((476,(849,474)),(538,(728,232))),(752,((996,(243,316)),(26,(409,486)))))))))),(((322,((884,263),(299,334))),(((307,116),(375,(718,868))),(((755,(240,733)),(414,(475,358))),(((353,594),(13,(677,745))),(736,((295,293),(245,(843,(5,910))))))))),(((213,(454,(209,(740,645)))),(969,(391,((133,(142,(913,801))),((493,73),(987,(626,929))))))),(((933,508),((120,504),((436,(355,65)),(241,((274,861),(41,529)))))),(((429,549),((919,575),((491,405),(425,(408,351))))),(108,((396,(420,(437,(701,(386,200))))),((914,956),((808,380),((400,340),(926,300))))))))))),(((((968,(273,401)),(158,(661,(271,(644,676))))),(((179,(738,(656,873))),((789,59),((502,(255,147)),(278,(727,302))))),(((15,(79,623)),((705,218),((657,(343,344)),(950,(957,928))))),((528,(306,(495,980))),((28,(634,642)),(496,(463,(481,578)))))))),(((410,184),((746,433),((477,768),(900,(588,277))))),(((360,(790,(4,667))),((669,(892,974)),((366,556),((998,205),((173,342),(597,93)))))),(((((936,(940,764)),(118,(464,(917,(888,194))))),(346,(((505,(901,923)),(865,(557,816))),(654,((170,(483,(664,341))),(453,(577,(336,(894,799))))))))),((((596,(68,964)),(513,(825,530))),((479,(856,540)),(((100,564),(72,(511,494))),(519,((691,668),((948,7),((23,40),(786,(615,(455,38)))))))))),(((145,(473,(706,(470,959)))),((952,803),(547,(262,458)))),(((970,115),(49,94)),(((208,687),(734,(585,(831,365)))),((304,921),((897,742),(932,(66,(976,967)))))))))),(((730,(419,289)),(337,(137,(317,44)))),((((568,(685,381)),(979,(376,879))),(417,((757,527),((371,189),(813,(354,(944,870))))))),((339,569),((((834,915),(187,((822,231),(554,798)))),((313,(633,666)),((368,(846,169)),((312,(129,632)),((178,444),(814,196)))))),((571,((694,(402,832)),((499,(994,19)),(22,(335,((54,258),(751,(228,562)))))))),(((460,((388,110),(3,776))),((80,296),((573,(259,438)),(320,(326,(138,(709,323))))))),((((272,835),(802,(545,(735,195)))),((328,498),((156,984),(663,(327,(233,61)))))),((684,(319,(107,(981,(821,(161,747)))))),(584,((775,(236,902)),((217,283),((945,517),(581,(484,105)))))))))))))))))),(0,((((646,212),(827,(((533,230),(221,329)),((907,((599,946),((154,36),(904,362)))),(((749,744),(235,(363,658))),(855,((829,291),((297,239),(525,422))))))))),(((311,891),((112,33),((859,124),(704,8)))),(778,(((321,(449,123)),(163,(988,((546,542),(288,(357,86)))))),(426,((153,767),(((261,606),(270,((373,(359,152)),(404,(625,541))))),(((522,636),(758,88)),((160,(47,(784,697))),(201,(847,(383,465)))))))))))),((((48,314),(308,(219,51))),((392,(305,171)),(411,((899,70),(248,(130,(485,440))))))),(((((69,(563,441)),((390,580),((719,17),(216,84)))),(95,(((833,922),((903,715),(448,725))),((567,(653,(989,(183,947)))),(((333,613),(772,(938,(853,674)))),((848,(604,(332,(256,267)))),((716,132),(781,(330,(875,1)))))))))),(((139,103),(703,(852,(121,605)))),((((699,(771,635)),(524,(294,244))),((880,882),(876,((689,325),((707,141),(31,((53,266),(722,714)))))))),(((385,(74,(713,127))),((301,800),((418,773),((558,(839,(811,(30,284)))),(((223,566),(570,155)),(774,(202,((999,845),(265,878))))))))),(((397,(214,(175,(309,586)))),((331,(628,693)),(560,((516,883),(743,(176,954)))))),(((280,621),(659,(600,(804,(787,((52,472),(204,(377,443)))))))),((885,820),((451,(257,(652,(39,874)))),((378,(25,850)),(((469,858),(912,(104,911))),((63,136),(9,(431,((795,617),(739,((680,58),(927,445))))))))))))))))),((111,((166,(618,210)),((815,(864,197)),((177,222),(526,(710,((57,428),(909,(966,207))))))))),(((192,403),((374,(650,(810,(688,627)))),(((836,675),((536,(678,551)),((934,(1000,(647,860))),(712,((660,(671,456)),((595,(844,415)),(826,(961,(565,973))))))))),((756,(220,(993,(779,990)))),((367,982),(237,((648,(16,(662,851))),((737,708),(898,(242,((206,(512,601)),(389,(610,(186,593)))))))))))))),(((863,(935,(98,544))),(((521,(665,(673,(234,338)))),(949,(550,((27,886),(356,975))))),(((871,641),(482,(254,(754,(180,((135,215),(303,535))))))),((250,(951,(591,(34,895)))),(962,((457,574),(983,(753,590)))))))),((((780,(629,(412,702))),((503,572),(939,(97,96)))),(76,((608,(624,119)),((630,620),(246,(279,(807,972))))))),((((681,985),(6,126)),((75,((134,(478,109)),(488,(819,759)))),(769,(2,((611,698),(809,(350,854))))))),(((406,165),(700,(224,(785,(602,960))))),(((117,(446,379)),((102,679),(199,(287,62)))),((203,((106,193),(148,140))),((67,(672,480)),((198,(92,791)),(172,((452,432),(991,(992,87))))))))))))))))))))))))))))))));
Quartet score is: 22192432528446
Normalized quartet score is: 0.5337016354486199
ASTRAL finished in 4160.695 secs
