
================== ASTRAL ===================== 

This is ASTRAL version 4.10.8
Gene trees are treated as unrooted
1000 trees read from model.100.2000000.0.000001/17/estimatedgenetre.halfresolved
All outputted trees will be *arbitrarily* rooted at 35

======== Running the main analysis
Number of taxa: 101 (101 species)
Taxa: [35, 58, 92, 9, 63, 98, 13, 96, 84, 100, 15, 71, 89, 87, 1, 38, 45, 44, 73, 74, 64, 86, 8, 62, 14, 5, 53, 25, 68, 99, 90, 83, 17, 78, 67, 32, 43, 28, 94, 18, 4, 76, 54, 21, 52, 66, 40, 20, 88, 26, 6, 79, 69, 57, 91, 50, 49, 41, 37, 33, 47, 72, 29, 48, 75, 70, 60, 65, 16, 42, 24, 80, 82, 81, 39, 12, 95, 3, 36, 59, 19, 23, 31, 61, 30, 55, 10, 7, 97, 46, 93, 2, 27, 34, 51, 22, 56, 11, 77, 85, 0]
Taxon occupancy: {35=1000, 36=1000, 33=1000, 34=1000, 39=1000, 37=1000, 38=1000, 43=1000, 42=1000, 41=1000, 40=1000, 22=1000, 23=1000, 24=1000, 25=1000, 26=1000, 27=1000, 28=1000, 29=1000, 3=1000, 2=1000, 1=1000, 0=1000, 30=1000, 7=1000, 6=1000, 32=1000, 5=1000, 4=1000, 31=1000, 9=1000, 8=1000, 19=1000, 17=1000, 18=1000, 15=1000, 16=1000, 13=1000, 14=1000, 11=1000, 12=1000, 21=1000, 20=1000, 99=1000, 100=1000, 98=1000, 97=1000, 96=1000, 95=1000, 94=1000, 93=1000, 92=1000, 91=1000, 90=1000, 10=1000, 88=1000, 89=1000, 79=1000, 78=1000, 77=1000, 82=1000, 83=1000, 80=1000, 81=1000, 86=1000, 87=1000, 84=1000, 85=1000, 67=1000, 66=1000, 69=1000, 68=1000, 70=1000, 71=1000, 72=1000, 73=1000, 74=1000, 75=1000, 76=1000, 59=1000, 58=1000, 57=1000, 56=1000, 55=1000, 64=1000, 65=1000, 62=1000, 63=1000, 60=1000, 61=1000, 49=1000, 48=1000, 45=1000, 44=1000, 47=1000, 46=1000, 51=1000, 52=1000, 53=1000, 54=1000, 50=1000}
Number of gene trees: 1000
0 trees have missing taxa
Calculating quartet distance matrix (for completion of X)
Species tree distances calculated ...
Building set of clusters (X) from gene trees 
Using tree-based weight calculation.
Number of Default Clusters: 14025
Number of quartet trees in the gene trees: 4082924706
calculating extra bipartitions to be added at level 1 ...
Number of Clusters after addition by distance: 14025
Adding to X using resolutions of greedy consensus ...
Threshold 0.0:
Threshold 0.01:
Threshold 0.02:
Threshold 0.05:
Threshold 0.1:
polytomy of size 5; rounds with additions with at least 0.01 support: 0; clusters: 14025
Threshold 0.2:
polytomy of size 3; rounds with additions with at least 0.01 support: 0; clusters: 14025
polytomy of size 7; rounds with additions with at least 0.01 support: 0; clusters: 14025
Threshold 0.3333333333333333:
polytomy of size 3; rounds with additions with at least 0.01 support: 0; clusters: 14025
polytomy of size 3; rounds with additions with at least 0.01 support: 0; clusters: 14025
polytomy of size 3; rounds with additions with at least 0.01 support: 0; clusters: 14025
polytomy of size 4; rounds with additions with at least 0.01 support: 0; clusters: 14025
polytomy of size 4; rounds with additions with at least 0.01 support: 0; clusters: 14025
polytomy of size 3; rounds with additions with at least 0.01 support: 0; clusters: 14025
polytomy of size 12; rounds with additions with at least 0.01 support: 0; clusters: 14047
polytomy of size 3; rounds with additions with at least 0.01 support: 0; clusters: 14047
Number of Clusters after addition by greedy: 14047
partitions formed in 6.053 secs
Dynamic Programming starting after 6.053 secs
Size of largest cluster: 101
Size of largest cluster: 101
Total Number of elements weighted: 72840
Normalized score (portion of input quartet trees satisfied): NaN
Final optimization score: 0
Total Number of elements weighted: 72840
Normalized score (portion of input quartet trees satisfied): 0.7391164918043434
Final optimization score: 3017756985
Optimal tree inferred in 13.525 secs.
(35,(((84,(96,(100,15))),((71,89),(87,(1,38)))),((58,(9,(92,(63,(98,13))))),(((61,(53,25)),(5,((45,(44,73)),((62,14),(64,(86,(74,8))))))),((0,(((23,31),(85,(11,(77,(22,56))))),((4,76),(((94,(68,99)),((32,43),(28,18))),(((59,19),(67,(17,78))),(95,((39,12),((3,36),(80,(82,81)))))))))),((((33,47),((41,37),(29,(72,48)))),(((90,83),((75,70),(60,65))),((54,66),((21,52),(40,20))))),((16,(42,24)),(((30,55),(88,(26,(6,79)))),((57,((69,49),(91,50))),(51,((97,(10,7)),(46,((93,2),(27,34))))))))))))));
Quartet score is: 3017756985
Normalized quartet score is: 0.7391164918043434
ASTRAL finished in 16.619 secs
