
================== ASTRAL ===================== 

This is ASTRAL version 4.10.8
Gene trees are treated as unrooted
1000 trees read from model.200.2000000.0.000001/02/estimatedgenetre.halfresolved
All outputted trees will be *arbitrarily* rooted at 73

======== Running the main analysis
Number of taxa: 201 (201 species)
Taxa: [73, 96, 176, 21, 163, 165, 19, 94, 200, 24, 35, 70, 154, 169, 198, 71, 59, 10, 124, 181, 67, 60, 86, 149, 83, 116, 199, 23, 1, 109, 123, 132, 119, 126, 164, 17, 146, 101, 89, 47, 152, 2, 48, 38, 80, 72, 85, 22, 130, 97, 65, 196, 140, 114, 45, 167, 52, 170, 61, 20, 129, 192, 178, 5, 189, 133, 56, 69, 117, 148, 187, 7, 99, 31, 151, 8, 9, 42, 120, 127, 93, 183, 40, 158, 39, 18, 161, 171, 112, 98, 15, 50, 177, 87, 191, 29, 135, 44, 105, 160, 108, 37, 168, 172, 66, 32, 95, 62, 34, 92, 82, 118, 14, 142, 174, 16, 12, 156, 147, 110, 90, 6, 173, 138, 103, 76, 43, 153, 78, 157, 46, 27, 143, 4, 58, 3, 193, 188, 122, 49, 175, 150, 121, 179, 136, 194, 186, 106, 63, 25, 75, 57, 155, 33, 51, 91, 36, 185, 28, 55, 159, 115, 128, 144, 53, 195, 13, 54, 81, 113, 88, 134, 131, 64, 180, 11, 77, 190, 139, 102, 100, 0, 125, 84, 166, 197, 107, 141, 137, 162, 79, 111, 41, 74, 182, 30, 145, 26, 184, 68, 104]
Taxon occupancy: {35=1000, 36=1000, 33=1000, 159=1000, 158=1000, 34=1000, 39=1000, 157=1000, 156=1000, 37=1000, 155=1000, 154=1000, 38=1000, 152=1000, 153=1000, 150=1000, 151=1000, 43=1000, 42=1000, 41=1000, 40=1000, 200=1000, 22=1000, 169=1000, 23=1000, 24=1000, 25=1000, 26=1000, 166=1000, 165=1000, 27=1000, 168=1000, 28=1000, 29=1000, 167=1000, 161=1000, 3=1000, 2=1000, 162=1000, 163=1000, 1=1000, 164=1000, 0=1000, 30=1000, 7=1000, 6=1000, 5=1000, 32=1000, 31=1000, 160=1000, 4=1000, 9=1000, 8=1000, 19=1000, 17=1000, 179=1000, 18=1000, 178=1000, 177=1000, 15=1000, 176=1000, 16=1000, 13=1000, 14=1000, 11=1000, 12=1000, 170=1000, 21=1000, 171=1000, 20=1000, 174=1000, 175=1000, 172=1000, 173=1000, 188=1000, 187=1000, 189=1000, 180=1000, 181=1000, 10=1000, 182=1000, 183=1000, 184=1000, 185=1000, 186=1000, 116=1000, 117=1000, 79=1000, 114=1000, 78=1000, 115=1000, 77=1000, 112=1000, 113=1000, 110=1000, 111=1000, 118=1000, 119=1000, 82=1000, 83=1000, 80=1000, 81=1000, 86=1000, 87=1000, 84=1000, 85=1000, 67=1000, 125=1000, 126=1000, 66=1000, 127=1000, 69=1000, 68=1000, 128=1000, 121=1000, 122=1000, 123=1000, 124=1000, 129=1000, 70=1000, 120=1000, 71=1000, 72=1000, 73=1000, 74=1000, 75=1000, 76=1000, 134=1000, 135=1000, 132=1000, 133=1000, 59=1000, 138=1000, 58=1000, 57=1000, 139=1000, 56=1000, 136=1000, 55=1000, 137=1000, 64=1000, 65=1000, 62=1000, 63=1000, 60=1000, 131=1000, 61=1000, 130=1000, 143=1000, 49=1000, 48=1000, 144=1000, 145=1000, 146=1000, 45=1000, 147=1000, 148=1000, 44=1000, 149=1000, 47=1000, 46=1000, 51=1000, 52=1000, 53=1000, 54=1000, 140=1000, 142=1000, 50=1000, 141=1000, 109=1000, 108=1000, 107=1000, 106=1000, 105=1000, 104=1000, 103=1000, 99=1000, 102=1000, 101=1000, 100=1000, 98=1000, 97=1000, 96=1000, 95=1000, 94=1000, 93=1000, 92=1000, 91=1000, 90=1000, 88=1000, 89=1000, 195=1000, 194=1000, 197=1000, 196=1000, 191=1000, 190=1000, 193=1000, 192=1000, 198=1000, 199=1000}
Number of gene trees: 1000
0 trees have missing taxa
Calculating quartet distance matrix (for completion of X)
Species tree distances calculated ...
Building set of clusters (X) from gene trees 
Using tree-based weight calculation.
Number of Default Clusters: 40671
Number of quartet trees in the gene trees: 65998342872
calculating extra bipartitions to be added at level 1 ...
Number of Clusters after addition by distance: 40673
Adding to X using resolutions of greedy consensus ...
Threshold 0.0:
Threshold 0.01:
Threshold 0.02:
polytomy of size 3; rounds with additions with at least 0.01 support: 0; clusters: 40673
Threshold 0.05:
polytomy of size 5; rounds with additions with at least 0.01 support: 0; clusters: 40673
Threshold 0.1:
polytomy of size 3; rounds with additions with at least 0.01 support: 0; clusters: 40673
polytomy of size 3; rounds with additions with at least 0.01 support: 0; clusters: 40673
polytomy of size 3; rounds with additions with at least 0.01 support: 0; clusters: 40673
polytomy of size 10; rounds with additions with at least 0.01 support: 0; clusters: 40673
Threshold 0.2:
polytomy of size 7; rounds with additions with at least 0.01 support: 0; clusters: 40673
polytomy of size 4; rounds with additions with at least 0.01 support: 0; clusters: 40673
polytomy of size 16; rounds with additions with at least 0.01 support: 0; clusters: 40673
Threshold 0.3333333333333333:
polytomy of size 3; rounds with additions with at least 0.01 support: 0; clusters: 40673
polytomy of size 3; rounds with additions with at least 0.01 support: 0; clusters: 40673
polytomy of size 3; rounds with additions with at least 0.01 support: 0; clusters: 40673
polytomy of size 3; rounds with additions with at least 0.01 support: 0; clusters: 40673
polytomy of size 3; rounds with additions with at least 0.01 support: 0; clusters: 40673
polytomy of size 3; rounds with additions with at least 0.01 support: 0; clusters: 40673
polytomy of size 3; rounds with additions with at least 0.01 support: 0; clusters: 40673
polytomy of size 5; rounds with additions with at least 0.01 support: 0; clusters: 40673
polytomy of size 3; rounds with additions with at least 0.01 support: 0; clusters: 40673
polytomy of size 7; rounds with additions with at least 0.01 support: 0; clusters: 40673
polytomy of size 18; rounds with additions with at least 0.01 support: 0; clusters: 40825
polytomy of size 4; rounds with additions with at least 0.01 support: 0; clusters: 40825
Number of Clusters after addition by greedy: 40825
partitions formed in 24.362 secs
Dynamic Programming starting after 24.362 secs
Size of largest cluster: 201
Size of largest cluster: 201
Total Number of elements weighted: 194472
Normalized score (portion of input quartet trees satisfied): NaN
Final optimization score: 0
Calculated 100000 weights; time (seconds): 47
Total Number of elements weighted: 194472
Normalized score (portion of input quartet trees satisfied): 0.726357326046409
Final optimization score: 47938379852
Optimal tree inferred in 70.246 secs.
(73,((121,((186,(106,63)),(179,(136,194)))),(((96,(21,(163,(176,165)))),((3,193),(175,(150,(188,(122,49)))))),((((200,24),(19,94)),((71,(59,10)),(35,(70,(154,(169,198)))))),((((14,142),(160,(92,(34,(82,118))))),((108,(37,168)),((95,62),(172,(66,32))))),((((76,(103,(27,143))),((43,153),(157,(78,46)))),(174,((90,(6,(173,138))),((16,12),(110,(156,147)))))),((4,58),((0,((77,((102,100),(190,139))),(((162,(74,(79,(111,41)))),(125,((84,166),(197,(141,(107,137)))))),(((180,11),(113,(131,(64,(88,134))))),((57,155),((25,75),((28,(55,(128,144))),(((54,81),(53,195)),(((159,115),(36,185)),(13,(51,(33,91)))))))))))),(105,((((68,104),(182,(184,(30,(145,26))))),(((17,146),((177,87),(44,(135,(191,29))))),(((83,(116,199)),((67,(124,181)),(60,(86,149)))),((101,((48,(38,80)),(89,(47,152)))),(2,((22,(72,85)),((130,97),(65,(140,(196,114)))))))))),(((23,1),(109,(123,(164,(126,(132,119)))))),(((161,171),((45,(167,52)),((170,61),(192,(129,(178,(5,(20,189)))))))),(((112,98),(18,(15,50))),((183,(40,(158,39))),(((93,(133,56)),((117,148),(69,187))),((127,(8,(9,42))),(120,(7,(99,(31,151))))))))))))))))))));
Quartet score is: 47938379852
Normalized quartet score is: 0.726357326046409
ASTRAL finished in 80.854 secs
