
================== ASTRAL ===================== 

This is ASTRAL version 4.10.7
Gene trees are treated as unrooted
1000 trees read from ASTRALDATA/model.200.2000000.0.0000001/03/estimatedgenetre.halfresolved
All output trees will be *arbitrarily* rooted at 184

======== Running the main analysis
Number of taxa: 201 (201 species)
Taxa: [184, 153, 4, 164, 56, 122, 117, 198, 142, 79, 52, 44, 33, 162, 54, 15, 6, 1, 168, 175, 134, 39, 55, 27, 91, 124, 13, 32, 20, 35, 186, 24, 7, 113, 127, 87, 173, 133, 64, 58, 61, 161, 101, 163, 18, 128, 74, 108, 71, 70, 76, 102, 59, 48, 192, 169, 154, 29, 129, 123, 183, 174, 165, 160, 179, 189, 43, 151, 9, 149, 106, 8, 77, 157, 50, 82, 2, 177, 92, 109, 176, 11, 84, 25, 171, 145, 178, 75, 148, 185, 22, 141, 199, 68, 111, 126, 90, 99, 5, 69, 86, 95, 47, 83, 10, 172, 191, 16, 188, 146, 105, 21, 49, 26, 190, 45, 144, 136, 85, 62, 89, 80, 116, 119, 19, 125, 187, 14, 28, 17, 120, 140, 88, 180, 34, 155, 31, 94, 36, 130, 0, 73, 159, 78, 104, 138, 156, 166, 96, 115, 132, 158, 107, 30, 42, 181, 40, 167, 152, 97, 143, 53, 137, 193, 46, 38, 200, 72, 63, 60, 3, 195, 41, 93, 23, 65, 57, 51, 67, 182, 110, 197, 131, 12, 112, 147, 66, 194, 139, 170, 121, 114, 135, 196, 100, 98, 37, 103, 118, 81, 150]
Number of gene trees: 1000
0 trees have missing taxa
Calculating quartet distance matrix (for completion of X)
Species tree distances calculated ...
Building set of clusters (X) from gene trees 
Using tree-based weight calculation.
Number of Default Clusters: 80491
Number of quartet trees in the gene trees: 65998349208
calculating extra bipartitions to be added at level 1 ...
Number of Clusters after addition by distance: 80497
Adding to X using resolutions of greedy consensus ...
Threshold 0.0:
polytomy of size 3; rounds with additions with at least 0.01 support: 1; clusters: 80503
Threshold 0.01:
polytomy of size 11; rounds with additions with at least 0.01 support: 0; clusters: 80729
Threshold 0.02:
polytomy of size 12; rounds with additions with at least 0.01 support: 1; clusters: 80925
Threshold 0.05:
polytomy of size 20; rounds with additions with at least 0.01 support: 0; clusters: 80925
Threshold 0.1:
polytomy of size 26; rounds with additions with at least 0.01 support: 0; clusters: 80925
Threshold 0.2:
polytomy of size 3; rounds with additions with at least 0.01 support: 0; clusters: 80925
polytomy of size 4; rounds with additions with at least 0.01 support: 0; clusters: 80925
polytomy of size 32; rounds with additions with at least 0.01 support: 0; clusters: 80925
polytomy of size 3; rounds with additions with at least 0.01 support: 0; clusters: 80925
Threshold 0.3333333333333333:
polytomy of size 3; rounds with additions with at least 0.01 support: 0; clusters: 80925
polytomy of size 3; rounds with additions with at least 0.01 support: 0; clusters: 80925
polytomy of size 3; rounds with additions with at least 0.01 support: 0; clusters: 80925
polytomy of size 5; rounds with additions with at least 0.01 support: 0; clusters: 80925
polytomy of size 4; rounds with additions with at least 0.01 support: 0; clusters: 80925
polytomy of size 3; rounds with additions with at least 0.01 support: 0; clusters: 80925
polytomy of size 3; rounds with additions with at least 0.01 support: 0; clusters: 80925
polytomy of size 3; rounds with additions with at least 0.01 support: 0; clusters: 80925
polytomy of size 44; rounds with additions with at least 0.01 support: 0; clusters: 87237
Number of Clusters after addition by greedy: 87237
partitions formed in 42.869 secs
Dynamic Programming starting after 42.869 secs
Size of largest cluster: 201
Calculated 100000 weights; time (seconds): 794
Total Number of elements weighted: 199146
Normalized score (portion of input quartet trees satisfied): 0.5811498346439066
Final optimization score: 38354929729
Optimal tree inferred in 1569.127 secs.
(111,(68,(126,(90,(((185,22),(141,199)),(3,(((75,148),(99,(5,80))),(((115,132),((70,76),((189,43),(106,8)))),(((188,((186,24),(10,((156,(69,86)),(166,(47,(95,83))))))),((127,87),((101,((128,74),(163,18))),(((108,71),(7,113)),((58,(61,161)),(64,(173,133))))))),(138,(0,(((49,(((183,174),(165,(160,179))),(73,((19,125),(172,(191,30)))))),(((144,136),((85,(62,89)),((146,21),(26,(190,45))))),(((91,(15,6)),(39,(55,27))),((114,(135,196)),((37,(162,54)),(134,((168,175),(1,151)))))))),(((((170,121),(194,(66,139))),((46,38),(67,((57,51),(65,((182,(131,12)),((110,197),(112,147)))))))),(((124,13),(97,143)),(((169,(192,29)),(154,(48,(102,59)))),((52,44),(20,((33,123),(32,35))))))),(((42,(181,40)),((118,(119,(167,152))),((122,142),(198,(117,79))))),((9,(158,107)),((16,((53,((41,(93,23)),((60,195),(200,(72,63))))),(94,((155,31),(17,(88,((120,180),(140,34)))))))),(((137,193),((105,(77,157)),(103,((50,(82,(2,177))),(149,((109,176),((92,(11,84)),(25,(171,(145,178)))))))))),((184,(56,(4,(153,164)))),(((96,(36,130)),(81,(150,(78,104)))),((100,98),(159,(116,(129,(187,(14,28)))))))))))))))))))))))));
Quartet score is: 38354929729
Normalized quartet score is: 0.5811498346439066
ASTRAL finished in 1577.32 secs
