
================== ASTRAL ===================== 

This is ASTRAL version 4.10.10
Gene trees are treated as unrooted
994 trees read from ASTRALDATA/model.200.2000000.0.000001/26/estimatedgenetre.halfresolved
All output trees will be *arbitrarily* rooted at 158

======== Running the main analysis
Number of taxa: 201 (201 species)
Taxa: [158, 24, 44, 79, 28, 150, 171, 119, 128, 195, 93, 107, 177, 190, 65, 52, 58, 94, 74, 5, 167, 59, 174, 180, 14, 97, 88, 157, 64, 19, 91, 189, 13, 9, 61, 117, 143, 184, 146, 92, 53, 148, 17, 89, 198, 181, 121, 99, 23, 37, 154, 36, 126, 51, 170, 200, 6, 165, 3, 47, 27, 100, 120, 175, 30, 112, 173, 8, 11, 96, 38, 187, 60, 16, 132, 72, 139, 166, 66, 78, 133, 81, 102, 54, 31, 123, 110, 70, 197, 109, 35, 144, 116, 76, 194, 21, 86, 95, 82, 136, 85, 25, 45, 101, 151, 138, 98, 161, 113, 199, 42, 155, 193, 34, 182, 172, 40, 29, 145, 131, 50, 33, 55, 18, 156, 26, 56, 83, 127, 22, 176, 137, 108, 67, 0, 164, 106, 185, 140, 168, 80, 32, 7, 104, 162, 118, 87, 196, 160, 169, 152, 124, 179, 12, 191, 149, 43, 129, 84, 75, 159, 41, 103, 178, 134, 49, 1, 114, 186, 135, 192, 111, 188, 105, 15, 90, 153, 71, 125, 142, 20, 39, 73, 4, 183, 147, 115, 163, 62, 68, 122, 141, 63, 130, 57, 2, 46, 77, 69, 48, 10]
Taxon occupancy: {35=994, 36=994, 33=994, 159=994, 158=994, 34=994, 157=994, 39=994, 156=994, 37=994, 155=994, 38=994, 154=994, 152=994, 153=994, 150=994, 151=994, 43=994, 42=994, 41=994, 40=994, 200=994, 22=994, 23=994, 169=994, 24=994, 25=994, 166=994, 26=994, 27=994, 165=994, 28=994, 168=994, 167=994, 29=994, 3=994, 161=994, 2=994, 162=994, 1=994, 163=994, 0=994, 164=994, 30=994, 7=994, 6=994, 5=994, 32=994, 31=994, 160=994, 4=994, 9=994, 8=994, 19=994, 17=994, 179=994, 18=994, 178=994, 177=994, 15=994, 16=994, 176=994, 13=994, 14=994, 11=994, 12=994, 21=994, 170=994, 171=994, 20=994, 174=994, 175=994, 172=994, 173=994, 188=994, 187=994, 189=994, 180=994, 10=994, 181=994, 182=994, 183=994, 184=994, 185=994, 186=994, 116=994, 79=994, 117=994, 78=994, 114=994, 77=994, 115=994, 112=994, 113=994, 110=994, 111=994, 118=994, 119=994, 82=994, 83=994, 80=994, 81=994, 86=994, 87=994, 84=994, 85=994, 67=994, 125=994, 66=994, 126=994, 69=994, 127=994, 128=994, 68=994, 121=994, 122=994, 123=994, 124=994, 129=994, 70=994, 120=994, 71=994, 72=994, 73=994, 74=994, 75=994, 76=994, 134=994, 135=994, 132=994, 133=994, 59=994, 58=994, 138=994, 57=994, 139=994, 136=994, 56=994, 55=994, 137=994, 64=994, 65=994, 62=994, 63=994, 60=994, 131=994, 130=994, 61=994, 143=994, 49=994, 48=994, 144=994, 145=994, 146=994, 45=994, 147=994, 44=994, 148=994, 47=994, 149=994, 46=994, 51=994, 52=994, 53=994, 54=994, 140=994, 142=994, 50=994, 141=994, 109=994, 108=994, 107=994, 106=994, 105=994, 104=994, 103=994, 102=994, 99=994, 101=994, 100=994, 98=994, 97=994, 96=994, 95=994, 94=994, 93=994, 92=994, 91=994, 90=994, 88=994, 89=994, 195=994, 194=994, 197=994, 196=994, 191=994, 190=994, 193=994, 192=994, 198=994, 199=994}
Number of gene trees: 994
0 trees have missing taxa
Calculating quartet distance matrix (for completion of X)
Species tree distances calculated ...
Building set of clusters (X) from gene trees 
Using tree-based weight calculation.
Number of Default Clusters: 134717
Number of quartet trees in the gene trees: 65268177102
calculating extra bipartitions to be added at level 1 ...
Number of Clusters after addition by distance: 134719
Adding to X using resolutions of greedy consensus ...
Threshold 0.0:
Threshold 0.01:
polytomy of size 4; rounds with additions with at least 0.01 support: 0; clusters: 134719
polytomy of size 6; rounds with additions with at least 0.01 support: 1; clusters: 134777
Threshold 0.02:
polytomy of size 4; rounds with additions with at least 0.01 support: 0; clusters: 134777
polytomy of size 7; rounds with additions with at least 0.01 support: 0; clusters: 134841
Threshold 0.05:
polytomy of size 4; rounds with additions with at least 0.01 support: 0; clusters: 134841
polytomy of size 3; rounds with additions with at least 0.01 support: 0; clusters: 134841
polytomy of size 3; rounds with additions with at least 0.01 support: 0; clusters: 134841
polytomy of size 3; rounds with additions with at least 0.01 support: 0; clusters: 134841
polytomy of size 5; rounds with additions with at least 0.01 support: 0; clusters: 134841
polytomy of size 3; rounds with additions with at least 0.01 support: 0; clusters: 134841
polytomy of size 18; rounds with additions with at least 0.01 support: 1; clusters: 134865
Threshold 0.1:
polytomy of size 3; rounds with additions with at least 0.01 support: 0; clusters: 134865
polytomy of size 7; rounds with additions with at least 0.01 support: 0; clusters: 134865
polytomy of size 3; rounds with additions with at least 0.01 support: 0; clusters: 134865
polytomy of size 4; rounds with additions with at least 0.01 support: 0; clusters: 134865
polytomy of size 3; rounds with additions with at least 0.01 support: 0; clusters: 134865
polytomy of size 4; rounds with additions with at least 0.01 support: 0; clusters: 134865
polytomy of size 5; rounds with additions with at least 0.01 support: 0; clusters: 134865
polytomy of size 4; rounds with additions with at least 0.01 support: 0; clusters: 134865
polytomy of size 7; rounds with additions with at least 0.01 support: 0; clusters: 134865
polytomy of size 29; rounds with additions with at least 0.01 support: 0; clusters: 134867
Threshold 0.2:
polytomy of size 5; rounds with additions with at least 0.01 support: 0; clusters: 134867
polytomy of size 3; rounds with additions with at least 0.01 support: 0; clusters: 134867
polytomy of size 11; rounds with additions with at least 0.01 support: 0; clusters: 134867
polytomy of size 5; rounds with additions with at least 0.01 support: 0; clusters: 134867
polytomy of size 4; rounds with additions with at least 0.01 support: 0; clusters: 134867
polytomy of size 5; rounds with additions with at least 0.01 support: 0; clusters: 134867
polytomy of size 4; rounds with additions with at least 0.01 support: 0; clusters: 134867
polytomy of size 4; rounds with additions with at least 0.01 support: 0; clusters: 134867
polytomy of size 3; rounds with additions with at least 0.01 support: 0; clusters: 134867
polytomy of size 3; rounds with additions with at least 0.01 support: 0; clusters: 134867
polytomy of size 4; rounds with additions with at least 0.01 support: 0; clusters: 134867
polytomy of size 3; rounds with additions with at least 0.01 support: 0; clusters: 134867
polytomy of size 3; rounds with additions with at least 0.01 support: 0; clusters: 134867
polytomy of size 3; rounds with additions with at least 0.01 support: 0; clusters: 134867
polytomy of size 5; rounds with additions with at least 0.01 support: 0; clusters: 134867
polytomy of size 3; rounds with additions with at least 0.01 support: 0; clusters: 134867
polytomy of size 3; rounds with additions with at least 0.01 support: 0; clusters: 134867
polytomy of size 5; rounds with additions with at least 0.01 support: 0; clusters: 134867
polytomy of size 3; rounds with additions with at least 0.01 support: 0; clusters: 134867
polytomy of size 4; rounds with additions with at least 0.01 support: 0; clusters: 134867
polytomy of size 49; rounds with additions with at least 0.01 support: 0; clusters: 134869
Threshold 0.3333333333333333:
polytomy of size 3; rounds with additions with at least 0.01 support: 0; clusters: 134869
polytomy of size 6; rounds with additions with at least 0.01 support: 0; clusters: 134869
polytomy of size 3; rounds with additions with at least 0.01 support: 0; clusters: 134869
polytomy of size 4; rounds with additions with at least 0.01 support: 0; clusters: 134869
polytomy of size 14; rounds with additions with at least 0.01 support: 0; clusters: 135029
polytomy of size 8; rounds with additions with at least 0.01 support: 0; clusters: 135029
polytomy of size 4; rounds with additions with at least 0.01 support: 0; clusters: 135029
polytomy of size 7; rounds with additions with at least 0.01 support: 0; clusters: 135029
polytomy of size 3; rounds with additions with at least 0.01 support: 0; clusters: 135029
polytomy of size 5; rounds with additions with at least 0.01 support: 0; clusters: 135029
polytomy of size 4; rounds with additions with at least 0.01 support: 0; clusters: 135029
polytomy of size 3; rounds with additions with at least 0.01 support: 0; clusters: 135029
polytomy of size 3; rounds with additions with at least 0.01 support: 0; clusters: 135029
polytomy of size 3; rounds with additions with at least 0.01 support: 0; clusters: 135029
polytomy of size 7; rounds with additions with at least 0.01 support: 0; clusters: 135029
polytomy of size 3; rounds with additions with at least 0.01 support: 0; clusters: 135029
polytomy of size 89; rounds with additions with at least 0.01 support: 0; clusters: 207455
polytomy of size 4; rounds with additions with at least 0.01 support: 0; clusters: 207455
Number of Clusters after addition by greedy: 207455
partitions formed in 83.41 secs
Dynamic Programming starting after 83.41 secs
Size of largest cluster: 201
Calculated 100000 weights; time (seconds): 713
Calculated 200000 weights; time (seconds): 675
Calculated 300000 weights; time (seconds): 704
Calculated 400000 weights; time (seconds): 746
Total Number of elements weighted: 485443
Normalized score (portion of input quartet trees satisfied): 0.5435214551888099
Final optimization score: 35474654596
Optimal tree inferred in 3495.921 secs.
(194,((76,86),(21,(25,(((95,(110,(70,197))),((98,(151,138)),(109,(144,116)))),((16,132),((136,85),((((3,(165,(200,6))),((94,74),((35,101),(60,45)))),(72,(48,((24,(73,10)),(82,((166,(78,(123,(133,31)))),(139,(66,(81,(102,54)))))))))),(((107,190),(51,((106,185),(((67,(22,176)),(195,((128,(141,63)),(11,(187,(96,38)))))),(4,((58,(119,((52,115),(183,147)))),(47,(143,((68,122),(163,62)))))))))),((0,((44,79),((20,(39,(125,(142,(153,71))))),((140,(196,(160,169))),((53,(184,148)),(117,(146,92))))))),(((182,(172,(40,(29,145)))),(56,((156,26),(50,(18,(131,(33,55))))))),(((113,((193,34),(155,(199,42)))),(177,(((129,(84,(43,75))),((179,159),(192,111))),(((80,(7,(32,104))),(118,(162,(168,87)))),((178,(12,(191,(103,(90,(41,135)))))),((149,188),((105,15),((152,124),((114,186),(1,(134,49))))))))))),(((69,(65,(5,(77,(164,46))))),((167,(158,(57,(171,2)))),((28,(17,130)),((88,157),(97,((180,14),(59,174))))))),((137,(127,(83,108))),(((150,(93,161)),((23,170),((36,126),((198,(181,121)),(89,(99,(37,154))))))),((64,(19,(13,9))),((91,61),(27,(189,(30,((173,8),(112,(100,(120,175))))))))))))))))))))))));
Quartet score is: 35474654596
Normalized quartet score is: 0.5435214551888099
ASTRAL finished in 3522.888 secs
