
================== ASTRAL ===================== 

This is ASTRAL version 4.10.10
Gene trees are treated as unrooted
1000 trees read from ASTRALDATA/model.500.2000000.0.000001/48/estimatedgenetre.halfresolved
All output trees will be *arbitrarily* rooted at 63

======== Running the main analysis
Number of taxa: 501 (501 species)
Taxa: [63, 173, 281, 52, 289, 294, 147, 103, 308, 144, 89, 93, 79, 251, 293, 285, 65, 228, 71, 40, 180, 479, 442, 339, 391, 406, 482, 187, 153, 174, 110, 357, 488, 366, 278, 3, 350, 358, 381, 57, 29, 449, 280, 325, 221, 436, 363, 413, 178, 332, 223, 55, 435, 15, 309, 402, 345, 439, 102, 463, 206, 86, 69, 230, 53, 127, 425, 248, 445, 464, 326, 8, 340, 306, 262, 183, 346, 377, 275, 92, 119, 409, 156, 212, 312, 73, 422, 343, 475, 271, 31, 105, 356, 142, 239, 424, 317, 354, 283, 108, 500, 145, 268, 19, 149, 372, 36, 459, 341, 263, 131, 467, 23, 408, 392, 276, 476, 157, 405, 470, 114, 161, 33, 388, 6, 465, 432, 32, 259, 370, 267, 133, 284, 324, 18, 7, 141, 338, 256, 218, 337, 60, 390, 441, 125, 495, 193, 460, 404, 104, 353, 220, 246, 21, 400, 481, 28, 232, 407, 244, 382, 168, 437, 25, 348, 455, 376, 111, 209, 163, 26, 471, 461, 331, 240, 20, 126, 360, 364, 486, 81, 247, 158, 2, 75, 454, 148, 444, 50, 420, 115, 299, 318, 313, 91, 85, 452, 480, 365, 216, 453, 155, 361, 198, 42, 9, 237, 227, 49, 451, 150, 397, 112, 196, 335, 5, 378, 242, 483, 121, 282, 129, 385, 273, 96, 68, 469, 291, 175, 315, 51, 447, 484, 489, 199, 323, 169, 329, 415, 290, 101, 270, 274, 171, 54, 38, 66, 0, 477, 473, 374, 214, 90, 491, 67, 253, 443, 431, 250, 194, 269, 261, 1, 352, 120, 95, 255, 210, 88, 30, 333, 367, 34, 446, 472, 46, 383, 373, 416, 303, 179, 384, 301, 181, 252, 99, 43, 87, 128, 314, 410, 342, 100, 35, 398, 389, 16, 379, 200, 305, 468, 170, 494, 191, 297, 433, 430, 496, 213, 287, 143, 462, 123, 427, 231, 172, 132, 359, 136, 83, 166, 13, 419, 417, 245, 97, 113, 45, 61, 322, 351, 188, 59, 234, 490, 347, 204, 334, 396, 236, 80, 22, 487, 497, 217, 336, 349, 207, 44, 265, 64, 493, 167, 288, 215, 296, 76, 134, 310, 235, 12, 77, 137, 159, 229, 116, 395, 48, 316, 182, 418, 450, 421, 151, 426, 117, 201, 41, 474, 368, 401, 152, 344, 107, 176, 109, 249, 139, 233, 160, 72, 320, 485, 498, 70, 393, 197, 211, 124, 260, 122, 189, 138, 319, 355, 4, 146, 78, 27, 238, 440, 499, 17, 225, 82, 37, 399, 277, 386, 478, 130, 208, 321, 302, 266, 423, 202, 466, 328, 311, 330, 375, 438, 177, 185, 429, 106, 456, 457, 411, 62, 226, 219, 224, 165, 164, 458, 192, 203, 295, 56, 39, 272, 304, 254, 371, 190, 205, 428, 11, 279, 47, 94, 369, 403, 10, 362, 394, 98, 58, 300, 24, 258, 195, 286, 492, 74, 434, 162, 412, 140, 241, 264, 118, 327, 387, 154, 186, 292, 184, 448, 298, 84, 257, 222, 380, 414, 135, 307, 14, 243]
Taxon occupancy: {338=1000, 339=1000, 332=1000, 333=1000, 330=1000, 159=1000, 158=1000, 331=1000, 157=1000, 336=1000, 337=1000, 156=1000, 155=1000, 334=1000, 154=1000, 335=1000, 152=1000, 153=1000, 150=1000, 151=1000, 202=1000, 349=1000, 203=1000, 204=1000, 205=1000, 200=1000, 201=1000, 341=1000, 169=1000, 342=1000, 343=1000, 344=1000, 345=1000, 206=1000, 166=1000, 165=1000, 346=1000, 207=1000, 208=1000, 168=1000, 347=1000, 209=1000, 348=1000, 167=1000, 161=1000, 3=1000, 409=1000, 162=1000, 2=1000, 408=1000, 163=1000, 1=1000, 164=1000, 0=1000, 7=1000, 405=1000, 404=1000, 6=1000, 407=1000, 340=1000, 5=1000, 4=1000, 160=1000, 406=1000, 401=1000, 400=1000, 403=1000, 9=1000, 402=1000, 8=1000, 211=1000, 212=1000, 210=1000, 318=1000, 215=1000, 319=1000, 216=1000, 213=1000, 316=1000, 317=1000, 214=1000, 219=1000, 179=1000, 314=1000, 178=1000, 315=1000, 177=1000, 312=1000, 217=1000, 176=1000, 218=1000, 313=1000, 310=1000, 311=1000, 170=1000, 418=1000, 171=1000, 417=1000, 416=1000, 415=1000, 174=1000, 175=1000, 172=1000, 173=1000, 419=1000, 410=1000, 414=1000, 413=1000, 412=1000, 411=1000, 220=1000, 221=1000, 222=1000, 223=1000, 327=1000, 224=1000, 328=1000, 225=1000, 226=1000, 329=1000, 227=1000, 228=1000, 323=1000, 188=1000, 324=1000, 187=1000, 229=1000, 325=1000, 189=1000, 326=1000, 320=1000, 321=1000, 322=1000, 427=1000, 180=1000, 426=1000, 429=1000, 181=1000, 428=1000, 182=1000, 183=1000, 184=1000, 185=1000, 186=1000, 421=1000, 420=1000, 423=1000, 422=1000, 425=1000, 424=1000, 116=1000, 117=1000, 114=1000, 115=1000, 112=1000, 113=1000, 110=1000, 111=1000, 118=1000, 119=1000, 435=1000, 436=1000, 433=1000, 434=1000, 431=1000, 432=1000, 430=1000, 439=1000, 437=1000, 438=1000, 125=1000, 126=1000, 300=1000, 127=1000, 128=1000, 302=1000, 121=1000, 122=1000, 301=1000, 304=1000, 123=1000, 124=1000, 303=1000, 306=1000, 305=1000, 308=1000, 307=1000, 129=1000, 309=1000, 444=1000, 445=1000, 446=1000, 447=1000, 440=1000, 441=1000, 442=1000, 443=1000, 120=1000, 448=1000, 449=1000, 134=1000, 135=1000, 132=1000, 133=1000, 138=1000, 139=1000, 136=1000, 137=1000, 450=1000, 453=1000, 454=1000, 451=1000, 452=1000, 457=1000, 458=1000, 455=1000, 456=1000, 459=1000, 131=1000, 130=1000, 143=1000, 144=1000, 145=1000, 146=1000, 147=1000, 148=1000, 149=1000, 461=1000, 460=1000, 462=1000, 463=1000, 464=1000, 465=1000, 466=1000, 467=1000, 468=1000, 469=1000, 140=1000, 142=1000, 141=1000, 195=1000, 194=1000, 197=1000, 196=1000, 191=1000, 190=1000, 193=1000, 192=1000, 198=1000, 199=1000, 500=1000, 35=1000, 36=1000, 33=1000, 34=1000, 39=1000, 37=1000, 38=1000, 43=1000, 42=1000, 41=1000, 40=1000, 22=1000, 23=1000, 24=1000, 25=1000, 26=1000, 27=1000, 28=1000, 29=1000, 30=1000, 32=1000, 31=1000, 19=1000, 17=1000, 18=1000, 15=1000, 16=1000, 13=1000, 14=1000, 11=1000, 12=1000, 21=1000, 20=1000, 10=1000, 79=1000, 78=1000, 77=1000, 82=1000, 83=1000, 80=1000, 81=1000, 86=1000, 87=1000, 84=1000, 85=1000, 67=1000, 66=1000, 69=1000, 68=1000, 70=1000, 71=1000, 72=1000, 73=1000, 74=1000, 75=1000, 76=1000, 59=1000, 58=1000, 57=1000, 56=1000, 55=1000, 64=1000, 65=1000, 62=1000, 63=1000, 60=1000, 61=1000, 49=1000, 48=1000, 45=1000, 44=1000, 47=1000, 46=1000, 51=1000, 52=1000, 53=1000, 54=1000, 50=1000, 281=1000, 487=1000, 486=1000, 280=1000, 485=1000, 484=1000, 285=1000, 284=1000, 283=1000, 489=1000, 488=1000, 282=1000, 288=1000, 289=1000, 286=1000, 287=1000, 482=1000, 483=1000, 480=1000, 481=1000, 474=1000, 473=1000, 476=1000, 270=1000, 475=1000, 272=1000, 478=1000, 271=1000, 477=1000, 274=1000, 479=1000, 273=1000, 275=1000, 276=1000, 277=1000, 278=1000, 279=1000, 470=1000, 471=1000, 472=1000, 109=1000, 108=1000, 107=1000, 106=1000, 105=1000, 104=1000, 103=1000, 102=1000, 99=1000, 101=1000, 100=1000, 98=1000, 97=1000, 391=1000, 96=1000, 390=1000, 95=1000, 94=1000, 393=1000, 392=1000, 93=1000, 92=1000, 395=1000, 394=1000, 91=1000, 294=1000, 90=1000, 499=1000, 293=1000, 296=1000, 295=1000, 290=1000, 496=1000, 495=1000, 292=1000, 498=1000, 291=1000, 497=1000, 491=1000, 492=1000, 493=1000, 494=1000, 297=1000, 298=1000, 299=1000, 490=1000, 396=1000, 397=1000, 398=1000, 399=1000, 88=1000, 89=1000, 240=1000, 241=1000, 383=1000, 384=1000, 381=1000, 382=1000, 380=1000, 389=1000, 388=1000, 387=1000, 386=1000, 385=1000, 245=1000, 244=1000, 243=1000, 242=1000, 249=1000, 248=1000, 247=1000, 246=1000, 230=1000, 370=1000, 371=1000, 372=1000, 373=1000, 379=1000, 239=1000, 378=1000, 375=1000, 374=1000, 377=1000, 376=1000, 232=1000, 231=1000, 234=1000, 233=1000, 236=1000, 235=1000, 238=1000, 237=1000, 262=1000, 263=1000, 260=1000, 261=1000, 361=1000, 362=1000, 360=1000, 366=1000, 365=1000, 364=1000, 363=1000, 369=1000, 368=1000, 367=1000, 269=1000, 268=1000, 267=1000, 266=1000, 265=1000, 264=1000, 250=1000, 251=1000, 252=1000, 350=1000, 351=1000, 353=1000, 352=1000, 355=1000, 354=1000, 357=1000, 356=1000, 359=1000, 358=1000, 258=1000, 257=1000, 259=1000, 254=1000, 253=1000, 256=1000, 255=1000}
Number of gene trees: 1000
0 trees have missing taxa
Calculating quartet distance matrix (for completion of X)
Species tree distances calculated ...
Building set of clusters (X) from gene trees 
Using tree-based weight calculation.
Number of Default Clusters: 105613
Number of quartet trees in the gene trees: 2593739618526
calculating extra bipartitions to be added at level 1 ...
Number of Clusters after addition by distance: 105619
Adding to X using resolutions of greedy consensus ...
Threshold 0.0:
polytomy of size 3; rounds with additions with at least 0.01 support: 0; clusters: 105625
polytomy of size 3; rounds with additions with at least 0.01 support: 0; clusters: 105631
Threshold 0.01:
polytomy of size 13; rounds with additions with at least 0.01 support: 3; clusters: 106109
Threshold 0.02:
polytomy of size 3; rounds with additions with at least 0.01 support: 0; clusters: 106109
polytomy of size 14; rounds with additions with at least 0.01 support: 0; clusters: 106333
Threshold 0.05:
polytomy of size 4; rounds with additions with at least 0.01 support: 0; clusters: 106333
polytomy of size 20; rounds with additions with at least 0.01 support: 0; clusters: 106365
Threshold 0.1:
polytomy of size 3; rounds with additions with at least 0.01 support: 0; clusters: 106365
polytomy of size 7; rounds with additions with at least 0.01 support: 0; clusters: 106365
polytomy of size 25; rounds with additions with at least 0.01 support: 0; clusters: 106377
Threshold 0.2:
polytomy of size 3; rounds with additions with at least 0.01 support: 0; clusters: 106377
polytomy of size 5; rounds with additions with at least 0.01 support: 0; clusters: 106377
polytomy of size 4; rounds with additions with at least 0.01 support: 0; clusters: 106377
polytomy of size 3; rounds with additions with at least 0.01 support: 0; clusters: 106377
polytomy of size 3; rounds with additions with at least 0.01 support: 0; clusters: 106377
polytomy of size 3; rounds with additions with at least 0.01 support: 0; clusters: 106377
polytomy of size 4; rounds with additions with at least 0.01 support: 0; clusters: 106377
polytomy of size 9; rounds with additions with at least 0.01 support: 0; clusters: 106377
polytomy of size 5; rounds with additions with at least 0.01 support: 0; clusters: 106377
polytomy of size 3; rounds with additions with at least 0.01 support: 0; clusters: 106377
polytomy of size 3; rounds with additions with at least 0.01 support: 0; clusters: 106377
polytomy of size 3; rounds with additions with at least 0.01 support: 0; clusters: 106377
polytomy of size 3; rounds with additions with at least 0.01 support: 0; clusters: 106377
polytomy of size 31; rounds with additions with at least 0.01 support: 0; clusters: 106395
Threshold 0.3333333333333333:
polytomy of size 4; rounds with additions with at least 0.01 support: 0; clusters: 106395
polytomy of size 3; rounds with additions with at least 0.01 support: 0; clusters: 106395
polytomy of size 4; rounds with additions with at least 0.01 support: 0; clusters: 106395
polytomy of size 4; rounds with additions with at least 0.01 support: 0; clusters: 106395
polytomy of size 5; rounds with additions with at least 0.01 support: 0; clusters: 106395
polytomy of size 5; rounds with additions with at least 0.01 support: 0; clusters: 106395
polytomy of size 3; rounds with additions with at least 0.01 support: 0; clusters: 106395
polytomy of size 10; rounds with additions with at least 0.01 support: 0; clusters: 106411
polytomy of size 3; rounds with additions with at least 0.01 support: 0; clusters: 106411
polytomy of size 3; rounds with additions with at least 0.01 support: 0; clusters: 106411
polytomy of size 3; rounds with additions with at least 0.01 support: 0; clusters: 106411
polytomy of size 5; rounds with additions with at least 0.01 support: 0; clusters: 106411
polytomy of size 4; rounds with additions with at least 0.01 support: 0; clusters: 106411
polytomy of size 5; rounds with additions with at least 0.01 support: 0; clusters: 106411
polytomy of size 4; rounds with additions with at least 0.01 support: 0; clusters: 106411
polytomy of size 4; rounds with additions with at least 0.01 support: 0; clusters: 106411
polytomy of size 3; rounds with additions with at least 0.01 support: 0; clusters: 106411
polytomy of size 7; rounds with additions with at least 0.01 support: 0; clusters: 106411
polytomy of size 5; rounds with additions with at least 0.01 support: 0; clusters: 106411
polytomy of size 3; rounds with additions with at least 0.01 support: 0; clusters: 106411
polytomy of size 3; rounds with additions with at least 0.01 support: 0; clusters: 106411
polytomy of size 4; rounds with additions with at least 0.01 support: 0; clusters: 106411
polytomy of size 4; rounds with additions with at least 0.01 support: 0; clusters: 106411
polytomy of size 3; rounds with additions with at least 0.01 support: 0; clusters: 106411
polytomy of size 3; rounds with additions with at least 0.01 support: 0; clusters: 106411
polytomy of size 3; rounds with additions with at least 0.01 support: 0; clusters: 106411
polytomy of size 3; rounds with additions with at least 0.01 support: 0; clusters: 106411
polytomy of size 5; rounds with additions with at least 0.01 support: 0; clusters: 106411
polytomy of size 5; rounds with additions with at least 0.01 support: 0; clusters: 106411
polytomy of size 5; rounds with additions with at least 0.01 support: 0; clusters: 106411
polytomy of size 3; rounds with additions with at least 0.01 support: 0; clusters: 106411
polytomy of size 5; rounds with additions with at least 0.01 support: 0; clusters: 106411
polytomy of size 42; rounds with additions with at least 0.01 support: 0; clusters: 112007
Number of Clusters after addition by greedy: 112007
partitions formed in 152.835 secs
Dynamic Programming starting after 152.835 secs
Size of largest cluster: 501
Calculated 100000 weights; time (seconds): 1648
Calculated 200000 weights; time (seconds): 1496
Calculated 300000 weights; time (seconds): 1495
Total Number of elements weighted: 364496
Normalized score (portion of input quartet trees satisfied): 0.6202992119306567
Final optimization score: 1608894641325
Optimal tree inferred in 5634.75 secs.
(87,(181,((314,(128,410)),((252,(43,(301,99))),(((342,100),((379,200),(389,(16,(35,398))))),(384,(((179,((373,416),(46,383))),(303,((446,472),((297,433),((305,468),(170,(494,191))))))),(34,(((177,185),(219,224)),(((334,(204,(44,(265,64)))),((396,236),((349,207),(80,(336,(22,(217,(487,497)))))))),(((((182,418),((55,435),(178,(332,223)))),(430,(166,((496,213),((462,(287,143)),((231,172),(123,427))))))),((((89,251),(93,(79,(293,285)))),(((65,228),(174,((71,(40,(180,479))),(339,(442,((187,153),(391,(406,482)))))))),((230,(69,53)),((463,((206,86),(439,(345,102)))),(127,(326,(425,(464,(248,445))))))))),(((245,(97,(113,45))),(417,(61,(322,(351,188))))),(((15,(309,402)),(103,(308,144))),((110,357),(((57,(29,(449,280))),(325,(436,(221,363)))),(413,(3,((488,51),((447,484),((366,278),(381,(350,358))))))))))))),(((63,173),(226,(62,(457,411)))),((264,(412,(140,241))),(0,((((132,359),(136,83)),((((32,(259,(370,267))),((141,(338,256)),(18,((133,7),(284,324))))),((156,((432,(6,465)),(114,(161,(33,388))))),((((119,409),(212,(275,92))),((283,108),(500,((239,145),(424,(317,354)))))),((306,(262,(183,(346,377)))),((271,(31,(105,(356,142)))),((312,73),(422,(343,475)))))))),((((19,263),((131,467),((149,372),(36,(459,341))))),((276,((476,405),(157,470))),((8,340),(23,(408,392))))),(((296,76),((167,(288,215)),((310,(235,12)),((77,(137,(159,229))),(134,((48,316),(116,395))))))),((211,124),((277,386),(((260,122),((189,138),(319,355))),(((27,238),(4,(146,78))),((440,(499,17)),(225,(37,(82,399)))))))))))),(((59,234),((((415,(101,(290,(270,274)))),((323,329),(169,(489,199)))),((171,(54,38)),((491,(67,253)),(477,((66,473),(374,(214,90))))))),(((493,((165,164),(458,192))),((393,197),(88,(490,347)))),(((249,(139,233)),((160,70),(498,(72,(320,485))))),(((333,367),((311,(330,375)),((478,130),((302,(208,321)),((466,328),(423,(266,202))))))),((106,456),(((362,394),(203,((295,272),(56,39)))),((286,((74,(162,(492,434))),(300,(24,(258,195))))),(((98,58),(304,(254,(371,190)))),((11,(279,(47,94))),(369,(205,(10,(428,403)))))))))))))),((438,((13,419),(107,((176,109),(387,(((243,(298,84)),(257,((154,186),(184,(292,448))))),((118,327),((222,(380,(414,(135,(307,14))))),((450,(421,(151,426))),((368,401),((41,474),((152,344),(117,201))))))))))))),((((441,125),(337,(218,(60,390)))),(((220,246),(21,(400,481))),((353,(28,(495,(193,(404,(460,104)))))),((232,(407,244)),(255,(268,(382,168))))))),((((453,(42,9)),((155,(361,198)),((237,227),(451,(150,(49,(397,112))))))),(((294,147),(281,(52,289))),((385,273),(175,((291,315),(96,(68,469))))))),(30,((242,((378,(483,121)),((282,129),(196,(335,5))))),((210,429),(((250,95),((443,(352,(431,194))),(269,(120,(261,1))))),(((471,(437,461)),(348,(25,((455,111),((209,163),(376,26)))))),(((486,81),(364,(331,(20,(240,(126,360)))))),((452,((365,216),(480,(91,85)))),((247,(158,(2,75))),((148,(444,50)),(454,(420,(313,(318,(115,299)))))))))))))))))))))))))))))))));
Quartet score is: 1608894641325
Normalized quartet score is: 0.6202992119306567
ASTRAL finished in 5680.513 secs
