
================== ASTRAL ===================== 

This is ASTRAL version 4.10.7
Gene trees are treated as unrooted
715 trees read from ASTRALDATA/model.1000.2000000.0.000001/06/estimatedgenetre.halfresolved
All output trees will be *arbitrarily* rooted at 508

======== Running the main analysis
Number of taxa: 1001 (1001 species)
Taxa: [508, 184, 638, 813, 942, 989, 42, 970, 823, 691, 381, 510, 351, 777, 657, 892, 621, 67, 547, 833, 480, 562, 623, 2, 316, 417, 708, 122, 604, 819, 158, 59, 773, 745, 969, 124, 944, 280, 661, 781, 196, 914, 356, 854, 949, 142, 118, 319, 154, 593, 651, 706, 162, 20, 289, 727, 426, 525, 282, 555, 677, 213, 230, 664, 654, 125, 784, 827, 298, 991, 557, 643, 204, 870, 907, 848, 145, 373, 54, 422, 545, 499, 294, 534, 375, 419, 274, 609, 864, 832, 953, 214, 675, 53, 1000, 228, 360, 682, 516, 998, 526, 229, 315, 973, 307, 890, 32, 327, 234, 715, 713, 851, 408, 52, 227, 140, 699, 152, 143, 254, 687, 164, 413, 964, 397, 30, 49, 453, 821, 639, 794, 663, 566, 385, 872, 370, 243, 150, 753, 458, 390, 98, 712, 107, 323, 771, 787, 85, 99, 789, 893, 121, 311, 68, 930, 723, 63, 277, 625, 622, 506, 216, 465, 696, 108, 730, 151, 883, 357, 39, 530, 751, 345, 611, 434, 25, 656, 523, 410, 513, 975, 69, 317, 596, 495, 885, 700, 310, 728, 55, 552, 801, 341, 238, 705, 929, 74, 469, 106, 262, 524, 990, 236, 758, 624, 584, 431, 828, 641, 689, 606, 383, 533, 630, 871, 512, 931, 725, 258, 826, 3, 178, 520, 927, 740, 363, 803, 741, 587, 203, 816, 788, 429, 937, 97, 354, 208, 17, 814, 84, 602, 834, 359, 565, 78, 967, 810, 812, 774, 799, 350, 486, 211, 6, 488, 676, 586, 16, 92, 769, 599, 430, 707, 780, 940, 404, 347, 749, 748, 573, 470, 35, 147, 899, 840, 514, 343, 459, 697, 860, 21, 447, 578, 824, 288, 837, 209, 501, 322, 433, 575, 285, 369, 894, 302, 614, 724, 252, 752, 811, 659, 541, 531, 284, 558, 540, 920, 471, 256, 766, 690, 831, 206, 239, 263, 884, 634, 131, 539, 129, 126, 391, 344, 974, 352, 613, 221, 972, 223, 399, 710, 22, 764, 435, 23, 818, 984, 681, 336, 116, 692, 12, 389, 308, 194, 957, 635, 695, 924, 878, 648, 755, 538, 418, 772, 436, 149, 958, 14, 111, 515, 798, 802, 468, 475, 226, 41, 997, 563, 709, 483, 377, 328, 179, 186, 168, 219, 303, 646, 138, 934, 472, 922, 441, 449, 304, 770, 585, 36, 497, 694, 318, 313, 231, 115, 454, 652, 671, 504, 600, 825, 332, 792, 919, 626, 237, 601, 744, 591, 491, 424, 633, 891, 366, 496, 207, 329, 5, 210, 776, 123, 94, 60, 61, 943, 134, 822, 44, 493, 610, 908, 542, 400, 169, 117, 217, 747, 414, 985, 835, 10, 617, 847, 37, 398, 926, 170, 581, 72, 200, 201, 797, 446, 674, 887, 861, 326, 912, 806, 159, 365, 412, 401, 901, 473, 175, 842, 309, 240, 64, 264, 583, 845, 271, 76, 679, 785, 267, 405, 598, 618, 305, 564, 698, 979, 245, 19, 628, 128, 567, 166, 0, 183, 921, 153, 571, 925, 718, 371, 255, 139, 976, 163, 947, 349, 191, 767, 198, 396, 993, 981, 791, 91, 101, 378, 137, 873, 342, 112, 338, 439, 251, 146, 688, 673, 982, 757, 165, 113, 754, 790, 548, 225, 423, 923, 46, 47, 577, 536, 380, 197, 553, 529, 485, 463, 649, 270, 212, 276, 362, 594, 612, 296, 148, 494, 961, 81, 763, 403, 933, 90, 199, 550, 339, 395, 556, 450, 570, 910, 292, 616, 737, 938, 415, 248, 815, 735, 71, 778, 257, 9, 960, 87, 368, 167, 56, 714, 278, 171, 193, 665, 82, 62, 951, 188, 120, 775, 464, 1, 829, 862, 849, 176, 954, 253, 467, 983, 886, 678, 70, 48, 726, 888, 660, 173, 693, 590, 281, 79, 572, 856, 936, 192, 838, 58, 384, 683, 518, 579, 502, 182, 421, 109, 177, 394, 904, 409, 80, 720, 325, 376, 104, 965, 461, 561, 666, 736, 866, 732, 796, 38, 608, 476, 358, 653, 959, 662, 685, 592, 314, 917, 321, 768, 286, 546, 24, 266, 31, 588, 451, 647, 364, 379, 66, 549, 843, 29, 734, 928, 595, 742, 222, 918, 857, 172, 93, 667, 15, 703, 425, 244, 155, 859, 456, 479, 28, 224, 490, 941, 320, 950, 215, 680, 26, 839, 73, 980, 858, 631, 903, 783, 867, 782, 382, 312, 597, 853, 528, 905, 293, 386, 324, 582, 242, 265, 202, 185, 875, 40, 637, 249, 762, 190, 333, 335, 133, 246, 440, 620, 102, 241, 437, 444, 306, 945, 442, 902, 174, 195, 392, 881, 132, 7, 650, 642, 711, 804, 704, 34, 906, 955, 895, 387, 805, 809, 367, 416, 898, 844, 820, 702, 507, 130, 232, 759, 297, 290, 141, 259, 218, 632, 877, 978, 729, 963, 655, 992, 438, 915, 466, 161, 543, 779, 11, 279, 669, 348, 852, 353, 96, 739, 658, 994, 962, 786, 900, 756, 95, 110, 986, 560, 574, 89, 273, 18, 537, 946, 889, 952, 27, 760, 855, 233, 750, 576, 478, 987, 607, 913, 701, 968, 719, 615, 75, 247, 33, 489, 684, 517, 966, 86, 260, 448, 482, 932, 330, 580, 181, 261, 738, 874, 627, 909, 250, 103, 527, 492, 761, 830, 743, 841, 77, 187, 427, 722, 388, 445, 509, 817, 43, 83, 487, 156, 846, 879, 340, 532, 603, 346, 868, 645, 105, 4, 746, 272, 189, 911, 589, 205, 498, 505, 220, 407, 13, 793, 127, 916, 731, 295, 800, 374, 88, 551, 897, 519, 355, 474, 100, 948, 733, 503, 299, 8, 361, 420, 268, 452, 443, 477, 51, 119, 428, 160, 765, 411, 795, 808, 50, 180, 863, 880, 337, 457, 269, 629, 455, 283, 406, 717, 301, 865, 568, 135, 977, 484, 876, 45, 65, 807, 636, 544, 275, 522, 57, 287, 640, 481, 554, 331, 235, 291, 999, 686, 988, 896, 716, 393, 511, 136, 939, 334, 672, 300, 995, 114, 432, 668, 535, 569, 462, 460, 670, 836, 971, 500, 402, 372, 869, 619, 144, 521, 882, 956, 935, 559, 996, 644, 721, 157, 850, 605]
Number of gene trees: 715
0 trees have missing taxa
Calculating quartet distance matrix (for completion of X)
Species tree distances calculated ...
Building set of clusters (X) from gene trees 
Using tree-based weight calculation.
Number of Default Clusters: 592711
Number of quartet trees in the gene trees: 29607434114221
calculating extra bipartitions to be added at level 1 ...
Number of Clusters after addition by distance: 592745
Adding to X using resolutions of greedy consensus ...
Threshold 0.0:
polytomy of size 17; rounds with additions with at least 0.01 support: 14; clusters: 597677
Threshold 0.01:
polytomy of size 3; rounds with additions with at least 0.01 support: 0; clusters: 597677
polytomy of size 37; rounds with additions with at least 0.01 support: 24; clusters: 623423
Threshold 0.02:
polytomy of size 3; rounds with additions with at least 0.01 support: 0; clusters: 623423
polytomy of size 3; rounds with additions with at least 0.01 support: 0; clusters: 623423
polytomy of size 3; rounds with additions with at least 0.01 support: 0; clusters: 623423
polytomy of size 3; rounds with additions with at least 0.01 support: 0; clusters: 623423
polytomy of size 4; rounds with additions with at least 0.01 support: 0; clusters: 623423
polytomy of size 3; rounds with additions with at least 0.01 support: 0; clusters: 623423
polytomy of size 3; rounds with additions with at least 0.01 support: 0; clusters: 623423
polytomy of size 50; rounds with additions with at least 0.01 support: 5; clusters: 667379
Threshold 0.05:
polytomy of size 3; rounds with additions with at least 0.01 support: 0; clusters: 667379
polytomy of size 3; rounds with additions with at least 0.01 support: 0; clusters: 667379
polytomy of size 3; rounds with additions with at least 0.01 support: 0; clusters: 667379
polytomy of size 5; rounds with additions with at least 0.01 support: 0; clusters: 667379
polytomy of size 8; rounds with additions with at least 0.01 support: 0; clusters: 667379
polytomy of size 3; rounds with additions with at least 0.01 support: 0; clusters: 667379
polytomy of size 4; rounds with additions with at least 0.01 support: 0; clusters: 667379
polytomy of size 3; rounds with additions with at least 0.01 support: 0; clusters: 667379
polytomy of size 3; rounds with additions with at least 0.01 support: 0; clusters: 667379
polytomy of size 4; rounds with additions with at least 0.01 support: 0; clusters: 667379
polytomy of size 3; rounds with additions with at least 0.01 support: 0; clusters: 667379
polytomy of size 3; rounds with additions with at least 0.01 support: 0; clusters: 667379
polytomy of size 6; rounds with additions with at least 0.01 support: 0; clusters: 667379
polytomy of size 4; rounds with additions with at least 0.01 support: 0; clusters: 667379
polytomy of size 3; rounds with additions with at least 0.01 support: 0; clusters: 667379
polytomy of size 6; rounds with additions with at least 0.01 support: 0; clusters: 667379
polytomy of size 3; rounds with additions with at least 0.01 support: 0; clusters: 667379
polytomy of size 3; rounds with additions with at least 0.01 support: 0; clusters: 667379
polytomy of size 82; rounds with additions with at least 0.01 support: 1; clusters: 667759
polytomy of size 3; rounds with additions with at least 0.01 support: 0; clusters: 667759
polytomy of size 3; rounds with additions with at least 0.01 support: 0; clusters: 667759
Threshold 0.1:
polytomy of size 3; rounds with additions with at least 0.01 support: 0; clusters: 667759
polytomy of size 3; rounds with additions with at least 0.01 support: 0; clusters: 667759
polytomy of size 4; rounds with additions with at least 0.01 support: 0; clusters: 667759
polytomy of size 5; rounds with additions with at least 0.01 support: 0; clusters: 667759
polytomy of size 4; rounds with additions with at least 0.01 support: 0; clusters: 667759
polytomy of size 3; rounds with additions with at least 0.01 support: 0; clusters: 667759
polytomy of size 3; rounds with additions with at least 0.01 support: 0; clusters: 667759
polytomy of size 5; rounds with additions with at least 0.01 support: 0; clusters: 667759
polytomy of size 3; rounds with additions with at least 0.01 support: 0; clusters: 667759
polytomy of size 3; rounds with additions with at least 0.01 support: 0; clusters: 667759
polytomy of size 3; rounds with additions with at least 0.01 support: 0; clusters: 667759
polytomy of size 3; rounds with additions with at least 0.01 support: 0; clusters: 667759
polytomy of size 4; rounds with additions with at least 0.01 support: 0; clusters: 667759
polytomy of size 4; rounds with additions with at least 0.01 support: 0; clusters: 667759
polytomy of size 3; rounds with additions with at least 0.01 support: 0; clusters: 667759
polytomy of size 5; rounds with additions with at least 0.01 support: 0; clusters: 667759
polytomy of size 5; rounds with additions with at least 0.01 support: 0; clusters: 667759
polytomy of size 3; rounds with additions with at least 0.01 support: 0; clusters: 667759
polytomy of size 3; rounds with additions with at least 0.01 support: 0; clusters: 667759
polytomy of size 3; rounds with additions with at least 0.01 support: 0; clusters: 667759
polytomy of size 3; rounds with additions with at least 0.01 support: 0; clusters: 667759
polytomy of size 8; rounds with additions with at least 0.01 support: 0; clusters: 667759
polytomy of size 3; rounds with additions with at least 0.01 support: 0; clusters: 667759
polytomy of size 5; rounds with additions with at least 0.01 support: 0; clusters: 667759
polytomy of size 3; rounds with additions with at least 0.01 support: 0; clusters: 667759
polytomy of size 3; rounds with additions with at least 0.01 support: 0; clusters: 667759
polytomy of size 3; rounds with additions with at least 0.01 support: 0; clusters: 667759
polytomy of size 3; rounds with additions with at least 0.01 support: 0; clusters: 667759
polytomy of size 5; rounds with additions with at least 0.01 support: 0; clusters: 667759
polytomy of size 3; rounds with additions with at least 0.01 support: 0; clusters: 667759
polytomy of size 4; rounds with additions with at least 0.01 support: 0; clusters: 667759
polytomy of size 3; rounds with additions with at least 0.01 support: 0; clusters: 667759
polytomy of size 8; rounds with additions with at least 0.01 support: 0; clusters: 667759
polytomy of size 5; rounds with additions with at least 0.01 support: 0; clusters: 667759
polytomy of size 3; rounds with additions with at least 0.01 support: 0; clusters: 667759
polytomy of size 5; rounds with additions with at least 0.01 support: 0; clusters: 667759
polytomy of size 3; rounds with additions with at least 0.01 support: 0; clusters: 667759
polytomy of size 138; rounds with additions with at least 0.01 support: 0; clusters: 667885
polytomy of size 3; rounds with additions with at least 0.01 support: 0; clusters: 667885
polytomy of size 5; rounds with additions with at least 0.01 support: 0; clusters: 667885
polytomy of size 5; rounds with additions with at least 0.01 support: 0; clusters: 667885
polytomy of size 3; rounds with additions with at least 0.01 support: 0; clusters: 667885
Threshold 0.2:
polytomy of size 5; rounds with additions with at least 0.01 support: 0; clusters: 667885
polytomy of size 5; rounds with additions with at least 0.01 support: 0; clusters: 667885
polytomy of size 3; rounds with additions with at least 0.01 support: 0; clusters: 667885
polytomy of size 5; rounds with additions with at least 0.01 support: 0; clusters: 667885
polytomy of size 4; rounds with additions with at least 0.01 support: 0; clusters: 667885
polytomy of size 3; rounds with additions with at least 0.01 support: 0; clusters: 667885
polytomy of size 3; rounds with additions with at least 0.01 support: 0; clusters: 667885
polytomy of size 4; rounds with additions with at least 0.01 support: 0; clusters: 667885
polytomy of size 6; rounds with additions with at least 0.01 support: 0; clusters: 667885
polytomy of size 3; rounds with additions with at least 0.01 support: 0; clusters: 667885
polytomy of size 4; rounds with additions with at least 0.01 support: 0; clusters: 667885
polytomy of size 3; rounds with additions with at least 0.01 support: 0; clusters: 667885
polytomy of size 7; rounds with additions with at least 0.01 support: 0; clusters: 667885
polytomy of size 3; rounds with additions with at least 0.01 support: 0; clusters: 667885
polytomy of size 3; rounds with additions with at least 0.01 support: 0; clusters: 667885
polytomy of size 4; rounds with additions with at least 0.01 support: 0; clusters: 667885
polytomy of size 8; rounds with additions with at least 0.01 support: 0; clusters: 667885
polytomy of size 5; rounds with additions with at least 0.01 support: 0; clusters: 667885
polytomy of size 3; rounds with additions with at least 0.01 support: 0; clusters: 667885
polytomy of size 3; rounds with additions with at least 0.01 support: 0; clusters: 667885
polytomy of size 9; rounds with additions with at least 0.01 support: 0; clusters: 667885
polytomy of size 3; rounds with additions with at least 0.01 support: 0; clusters: 667885
polytomy of size 5; rounds with additions with at least 0.01 support: 0; clusters: 667885
polytomy of size 3; rounds with additions with at least 0.01 support: 0; clusters: 667885
polytomy of size 3; rounds with additions with at least 0.01 support: 0; clusters: 667885
polytomy of size 3; rounds with additions with at least 0.01 support: 0; clusters: 667885
polytomy of size 4; rounds with additions with at least 0.01 support: 0; clusters: 667885
polytomy of size 3; rounds with additions with at least 0.01 support: 0; clusters: 667885
polytomy of size 5; rounds with additions with at least 0.01 support: 0; clusters: 667885
polytomy of size 4; rounds with additions with at least 0.01 support: 0; clusters: 667885
polytomy of size 3; rounds with additions with at least 0.01 support: 0; clusters: 667885
polytomy of size 3; rounds with additions with at least 0.01 support: 0; clusters: 667885
polytomy of size 3; rounds with additions with at least 0.01 support: 0; clusters: 667885
polytomy of size 3; rounds with additions with at least 0.01 support: 0; clusters: 667885
polytomy of size 4; rounds with additions with at least 0.01 support: 0; clusters: 667885
polytomy of size 3; rounds with additions with at least 0.01 support: 0; clusters: 667885
polytomy of size 3; rounds with additions with at least 0.01 support: 0; clusters: 667885
polytomy of size 4; rounds with additions with at least 0.01 support: 0; clusters: 667885
polytomy of size 7; rounds with additions with at least 0.01 support: 0; clusters: 667885
polytomy of size 3; rounds with additions with at least 0.01 support: 0; clusters: 667885
polytomy of size 3; rounds with additions with at least 0.01 support: 0; clusters: 667885
polytomy of size 3; rounds with additions with at least 0.01 support: 0; clusters: 667885
polytomy of size 4; rounds with additions with at least 0.01 support: 0; clusters: 667885
polytomy of size 3; rounds with additions with at least 0.01 support: 0; clusters: 667885
polytomy of size 5; rounds with additions with at least 0.01 support: 0; clusters: 667885
polytomy of size 3; rounds with additions with at least 0.01 support: 0; clusters: 667885
polytomy of size 3; rounds with additions with at least 0.01 support: 0; clusters: 667885
polytomy of size 3; rounds with additions with at least 0.01 support: 0; clusters: 667885
polytomy of size 3; rounds with additions with at least 0.01 support: 0; clusters: 667885
polytomy of size 4; rounds with additions with at least 0.01 support: 0; clusters: 667885
polytomy of size 7; rounds with additions with at least 0.01 support: 0; clusters: 667885
polytomy of size 4; rounds with additions with at least 0.01 support: 0; clusters: 667885
polytomy of size 4; rounds with additions with at least 0.01 support: 0; clusters: 667885
polytomy of size 3; rounds with additions with at least 0.01 support: 0; clusters: 667885
polytomy of size 3; rounds with additions with at least 0.01 support: 0; clusters: 667885
polytomy of size 9; rounds with additions with at least 0.01 support: 0; clusters: 667885
polytomy of size 3; rounds with additions with at least 0.01 support: 0; clusters: 667885
polytomy of size 3; rounds with additions with at least 0.01 support: 0; clusters: 667885
polytomy of size 4; rounds with additions with at least 0.01 support: 0; clusters: 667885
polytomy of size 3; rounds with additions with at least 0.01 support: 0; clusters: 667885
polytomy of size 3; rounds with additions with at least 0.01 support: 0; clusters: 667885
polytomy of size 3; rounds with additions with at least 0.01 support: 0; clusters: 667885
polytomy of size 3; rounds with additions with at least 0.01 support: 0; clusters: 667885
polytomy of size 3; rounds with additions with at least 0.01 support: 0; clusters: 667885
polytomy of size 4; rounds with additions with at least 0.01 support: 0; clusters: 667885
polytomy of size 10; rounds with additions with at least 0.01 support: 0; clusters: 667885
polytomy of size 4; rounds with additions with at least 0.01 support: 0; clusters: 667885
polytomy of size 3; rounds with additions with at least 0.01 support: 0; clusters: 667885
polytomy of size 3; rounds with additions with at least 0.01 support: 0; clusters: 667885
polytomy of size 3; rounds with additions with at least 0.01 support: 0; clusters: 667885
polytomy of size 4; rounds with additions with at least 0.01 support: 0; clusters: 667885
polytomy of size 3; rounds with additions with at least 0.01 support: 0; clusters: 667885
polytomy of size 3; rounds with additions with at least 0.01 support: 0; clusters: 667885
polytomy of size 3; rounds with additions with at least 0.01 support: 0; clusters: 667885
polytomy of size 4; rounds with additions with at least 0.01 support: 0; clusters: 667885
polytomy of size 3; rounds with additions with at least 0.01 support: 0; clusters: 667885
polytomy of size 5; rounds with additions with at least 0.01 support: 0; clusters: 667885
polytomy of size 5; rounds with additions with at least 0.01 support: 0; clusters: 667885
polytomy of size 7; rounds with additions with at least 0.01 support: 0; clusters: 667885
polytomy of size 3; rounds with additions with at least 0.01 support: 0; clusters: 667885
polytomy of size 3; rounds with additions with at least 0.01 support: 0; clusters: 667885
polytomy of size 3; rounds with additions with at least 0.01 support: 0; clusters: 667885
polytomy of size 5; rounds with additions with at least 0.01 support: 0; clusters: 667885
polytomy of size 3; rounds with additions with at least 0.01 support: 0; clusters: 667885
polytomy of size 8; rounds with additions with at least 0.01 support: 0; clusters: 667885
polytomy of size 3; rounds with additions with at least 0.01 support: 0; clusters: 667885
polytomy of size 3; rounds with additions with at least 0.01 support: 0; clusters: 667885
Threshold 0.3333333333333333:
polytomy of size 3; rounds with additions with at least 0.01 support: 0; clusters: 667885
polytomy of size 3; rounds with additions with at least 0.01 support: 0; clusters: 667885
polytomy of size 3; rounds with additions with at least 0.01 support: 0; clusters: 667885
polytomy of size 3; rounds with additions with at least 0.01 support: 0; clusters: 667885
polytomy of size 6; rounds with additions with at least 0.01 support: 0; clusters: 667885
polytomy of size 3; rounds with additions with at least 0.01 support: 0; clusters: 667885
polytomy of size 3; rounds with additions with at least 0.01 support: 0; clusters: 667885
polytomy of size 5; rounds with additions with at least 0.01 support: 0; clusters: 667885
polytomy of size 3; rounds with additions with at least 0.01 support: 0; clusters: 667885
polytomy of size 3; rounds with additions with at least 0.01 support: 0; clusters: 667885
polytomy of size 4; rounds with additions with at least 0.01 support: 0; clusters: 667885
polytomy of size 3; rounds with additions with at least 0.01 support: 0; clusters: 667885
polytomy of size 9; rounds with additions with at least 0.01 support: 0; clusters: 667905
polytomy of size 5; rounds with additions with at least 0.01 support: 0; clusters: 667905
polytomy of size 4; rounds with additions with at least 0.01 support: 0; clusters: 667905
polytomy of size 3; rounds with additions with at least 0.01 support: 0; clusters: 667905
polytomy of size 3; rounds with additions with at least 0.01 support: 0; clusters: 667905
polytomy of size 3; rounds with additions with at least 0.01 support: 0; clusters: 667905
polytomy of size 3; rounds with additions with at least 0.01 support: 0; clusters: 667905
polytomy of size 3; rounds with additions with at least 0.01 support: 0; clusters: 667905
polytomy of size 5; rounds with additions with at least 0.01 support: 0; clusters: 667905
polytomy of size 4; rounds with additions with at least 0.01 support: 0; clusters: 667905
polytomy of size 3; rounds with additions with at least 0.01 support: 0; clusters: 667905
polytomy of size 4; rounds with additions with at least 0.01 support: 0; clusters: 667905
polytomy of size 3; rounds with additions with at least 0.01 support: 0; clusters: 667905
polytomy of size 3; rounds with additions with at least 0.01 support: 0; clusters: 667905
polytomy of size 4; rounds with additions with at least 0.01 support: 0; clusters: 667905
polytomy of size 3; rounds with additions with at least 0.01 support: 0; clusters: 667905
polytomy of size 8; rounds with additions with at least 0.01 support: 0; clusters: 667909
polytomy of size 4; rounds with additions with at least 0.01 support: 0; clusters: 667909
polytomy of size 3; rounds with additions with at least 0.01 support: 0; clusters: 667909
polytomy of size 5; rounds with additions with at least 0.01 support: 0; clusters: 667909
polytomy of size 4; rounds with additions with at least 0.01 support: 0; clusters: 667909
polytomy of size 3; rounds with additions with at least 0.01 support: 0; clusters: 667909
polytomy of size 10; rounds with additions with at least 0.01 support: 0; clusters: 667981
polytomy of size 3; rounds with additions with at least 0.01 support: 0; clusters: 667981
polytomy of size 3; rounds with additions with at least 0.01 support: 0; clusters: 667981
polytomy of size 3; rounds with additions with at least 0.01 support: 0; clusters: 667981
polytomy of size 3; rounds with additions with at least 0.01 support: 0; clusters: 667981
polytomy of size 4; rounds with additions with at least 0.01 support: 0; clusters: 667981
polytomy of size 3; rounds with additions with at least 0.01 support: 0; clusters: 667981
polytomy of size 4; rounds with additions with at least 0.01 support: 0; clusters: 667981
polytomy of size 8; rounds with additions with at least 0.01 support: 0; clusters: 667985
polytomy of size 4; rounds with additions with at least 0.01 support: 0; clusters: 667985
polytomy of size 4; rounds with additions with at least 0.01 support: 0; clusters: 667985
polytomy of size 3; rounds with additions with at least 0.01 support: 0; clusters: 667985
polytomy of size 10; rounds with additions with at least 0.01 support: 0; clusters: 668019
polytomy of size 3; rounds with additions with at least 0.01 support: 0; clusters: 668019
polytomy of size 3; rounds with additions with at least 0.01 support: 0; clusters: 668019
polytomy of size 5; rounds with additions with at least 0.01 support: 0; clusters: 668019
polytomy of size 3; rounds with additions with at least 0.01 support: 0; clusters: 668019
polytomy of size 3; rounds with additions with at least 0.01 support: 0; clusters: 668019
polytomy of size 5; rounds with additions with at least 0.01 support: 0; clusters: 668019
polytomy of size 3; rounds with additions with at least 0.01 support: 0; clusters: 668019
polytomy of size 4; rounds with additions with at least 0.01 support: 0; clusters: 668019
polytomy of size 4; rounds with additions with at least 0.01 support: 0; clusters: 668019
polytomy of size 10; rounds with additions with at least 0.01 support: 0; clusters: 668057
polytomy of size 4; rounds with additions with at least 0.01 support: 0; clusters: 668057
polytomy of size 3; rounds with additions with at least 0.01 support: 0; clusters: 668057
polytomy of size 6; rounds with additions with at least 0.01 support: 0; clusters: 668057
polytomy of size 4; rounds with additions with at least 0.01 support: 0; clusters: 668057
polytomy of size 3; rounds with additions with at least 0.01 support: 0; clusters: 668057
polytomy of size 3; rounds with additions with at least 0.01 support: 0; clusters: 668057
polytomy of size 4; rounds with additions with at least 0.01 support: 0; clusters: 668057
polytomy of size 3; rounds with additions with at least 0.01 support: 0; clusters: 668057
polytomy of size 4; rounds with additions with at least 0.01 support: 0; clusters: 668057
polytomy of size 3; rounds with additions with at least 0.01 support: 0; clusters: 668057
polytomy of size 5; rounds with additions with at least 0.01 support: 0; clusters: 668057
polytomy of size 6; rounds with additions with at least 0.01 support: 0; clusters: 668057
polytomy of size 4; rounds with additions with at least 0.01 support: 0; clusters: 668057
polytomy of size 3; rounds with additions with at least 0.01 support: 0; clusters: 668057
polytomy of size 3; rounds with additions with at least 0.01 support: 0; clusters: 668057
polytomy of size 6; rounds with additions with at least 0.01 support: 0; clusters: 668057
polytomy of size 5; rounds with additions with at least 0.01 support: 0; clusters: 668057
polytomy of size 3; rounds with additions with at least 0.01 support: 0; clusters: 668057
polytomy of size 3; rounds with additions with at least 0.01 support: 0; clusters: 668057
polytomy of size 8; rounds with additions with at least 0.01 support: 0; clusters: 668085
polytomy of size 4; rounds with additions with at least 0.01 support: 0; clusters: 668085
polytomy of size 5; rounds with additions with at least 0.01 support: 0; clusters: 668085
polytomy of size 3; rounds with additions with at least 0.01 support: 0; clusters: 668085
polytomy of size 4; rounds with additions with at least 0.01 support: 0; clusters: 668085
polytomy of size 7; rounds with additions with at least 0.01 support: 0; clusters: 668101
polytomy of size 3; rounds with additions with at least 0.01 support: 0; clusters: 668101
polytomy of size 4; rounds with additions with at least 0.01 support: 0; clusters: 668101
polytomy of size 3; rounds with additions with at least 0.01 support: 0; clusters: 668101
polytomy of size 4; rounds with additions with at least 0.01 support: 0; clusters: 668101
Number of Clusters after addition by greedy: 668101
partitions formed in 1148.872 secs
Dynamic Programming starting after 1148.873 secs
Size of largest cluster: 1001
Calculated 100000 weights; time (seconds): 7622
Calculated 200000 weights; time (seconds): 6734
Calculated 300000 weights; time (seconds): 6401
Calculated 400000 weights; time (seconds): 6658
Calculated 500000 weights; time (seconds): 6659
Calculated 600000 weights; time (seconds): 6828
Calculated 700000 weights; time (seconds): 7775
Calculated 800000 weights; time (seconds): 31430
Calculated 900000 weights; time (seconds): 20863
Calculated 1000000 weights; time (seconds): 10359
Calculated 1100000 weights; time (seconds): 10476
Total Number of elements weighted: 1110740
Normalized score (portion of input quartet trees satisfied): 0.4186849654097476
Final optimization score: 12396187527984
Optimal tree inferred in 123037.19 secs.
(334,(((912,(326,367)),((802,(468,475)),((309,240),((486,(117,217)),((747,414),((988,896),(999,686))))))),((400,(169,961)),((((822,(44,(147,493))),((733,717),(668,(535,569)))),(((955,(711,804)),(34,(704,906))),((522,(498,(542,806))),((610,908),(572,(281,79)))))),(((835,((847,(199,114)),((10,617),((442,174),(902,(195,392)))))),(((680,((306,632),((26,839),(858,(73,980))))),(((123,321),(697,494)),((447,578),(505,(210,776))))),((((943,(61,134)),(812,(967,810))),(35,(939,((60,982),(288,(767,198)))))),((((957,635),(12,(308,(389,194)))),((300,995),(11,(466,(779,(161,543)))))),((842,(772,94)),((520,363),((178,(826,3)),((725,258),(927,(740,803)))))))))),(((((((695,714),(924,878)),((401,977),(605,(631,903)))),(((956,935),(446,674)),((716,393),(645,(511,136))))),(((396,(993,981)),((887,(676,539)),(387,(541,(376,104))))),((490,(224,(667,15))),(((244,479),(859,(155,456))),(93,(425,(28,(703,941)))))))),((5,((220,(407,13)),(642,((731,897),((295,(800,374)),(88,(551,(519,355)))))))),(366,((((283,135),(329,(450,(292,(570,910))))),((412,(159,365)),(559,((182,421),(619,(144,521)))))),(((496,207),((156,846),((487,879),((817,43),((722,509),(388,445)))))),(232,((942,(42,(989,970))),((507,290),((130,(141,(259,218))),((759,297),((416,702),(898,(844,820))))))))))))),(((390,98),(((422,((534,(375,419)),(789,(85,99)))),(((289,(282,555)),(525,(727,426))),((54,(145,(55,(373,728)))),((523,(596,495)),(656,(513,((410,317),(975,69)))))))),(((677,213),(((230,251),(439,146)),((784,((654,125),(661,664))),((274,(864,832)),(609,(675,(953,214))))))),((643,((108,730),((723,(465,696)),(216,(622,506))))),((357,(991,(298,557))),((294,(545,499)),(319,(724,(651,827))))))))),((((154,((944,(280,625)),(751,(25,(611,(345,434)))))),((((316,(417,708)),(895,(911,589))),((342,(873,112)),((378,137),(338,(91,101))))),(((833,480),((593,(907,848)),(883,(20,(39,530))))),((627,((268,452),((899,514),(840,343)))),(((857,172),((362,(649,270)),(264,(594,(212,276))))),((351,(823,(691,(381,510)))),((301,865),(477,(443,(51,(119,(160,(428,765))))))))))))),(((985,(660,(173,693))),((877,(978,(438,915))),(((963,655),(729,992)),(670,((775,464),(997,(226,41))))))),(((587,(203,816)),(((325,(720,(409,80))),(518,(502,(683,579)))),((((657,892),(215,(320,950))),(736,((770,272),(47,577)))),(((304,((97,78),(565,(208,359)))),((354,(17,814)),((774,799),(788,(602,834))))),(((449,((1,205),(170,(829,862)))),(((876,45),(484,65)),(183,((926,882),(37,398))))),((884,(831,206)),((690,(263,(284,239))),((634,(256,766)),(558,(471,(920,(531,540)))))))))))),(((100,(474,948)),((781,854),((196,(914,356)),(949,(142,118))))),((798,(395,(((167,(87,368)),(148,(612,296))),(((36,(585,460)),(673,(688,(165,113)))),((318,650),((710,(497,694)),(791,(7,(881,132))))))))),(((672,(581,(72,200))),(606,(((383,871),(533,(689,630))),((102,945),(931,(620,444)))))),((797,(201,(6,(595,(211,488))))),((757,463),((930,(63,277)),(84,(180,(880,(863,(337,457)))))))))))))),(((14,((441,(90,420)),(922,((934,472),(138,440))))),(((561,666),(824,(860,21))),((391,(223,((974,(126,344)),((129,399),(352,(972,(613,221))))))),((909,(568,((492,(761,830)),((77,(103,527)),(250,(743,841)))))),((659,(437,(241,((745,969),(158,(819,(59,773))))))),((601,(48,726)),((313,231),((512,((508,184),(111,515))),((124,((825,332),(638,(504,600)))),((792,(459,237)),((919,(626,462)),(671,(874,(115,((246,738),(454,(652,56))))))))))))))))),((((888,(361,(299,8))),((983,886),((678,70),(849,(954,(176,253)))))),((((771,787),(323,(712,107))),((68,(121,(893,311))),((870,53),(204,1000)))),(((753,458),(928,((836,971),((500,869),(402,372))))),(((614,(648,((157,850),(644,721)))),(209,(433,(837,((369,894),(322,(501,(575,285)))))))),(151,(((813,(424,(633,891))),(467,((951,(188,(193,120))),(665,(171,(278,(82,62))))))),((556,(746,((429,937),(734,(843,29))))),(((698,(305,564)),((933,550),(763,(81,403)))),((618,(405,598)),((979,19),(567,((628,128),(245,166))))))))))))),(0,(((((302,105),((890,872),(663,(566,385)))),(((32,327),(((973,307),(234,715)),((713,227),(140,(851,(408,52)))))),((315,((687,164),(143,254))),(((998,526),(360,682)),((228,516),(964,(453,((794,(370,(413,(699,(229,152))))),(30,((821,(397,639)),(49,(243,150)))))))))))),(((805,(768,(286,546))),(604,(46,(67,(621,547))))),(((744,(591,491)),(741,((((131,984),(116,(692,(681,336)))),((679,(785,267)),(764,(271,(76,(583,845)))))),(22,((435,23),(((778,9),(960,(71,257))),(818,((938,415),(815,(248,735)))))))))),((760,(279,348)),(((737,(339,616)),((968,(75,(719,247))),((580,(181,261)),((448,932),(330,(260,482)))))),(((750,615),((855,233),((576,478),(86,((684,517),(489,(33,966))))))),(((701,(913,(189,(987,607)))),(994,((739,658),(96,(852,353))))),((962,(756,(986,(95,110)))),((560,(900,(273,(89,(574,18))))),((786,(537,889)),(946,(952,27)))))))))))),((((394,904),((965,461),(((31,451),(24,(266,588))),((379,66),(364,(647,549)))))),(((536,427),(485,((423,(548,225)),(380,(553,(197,529)))))),((432,(((755,(538,418)),(133,(175,(901,473)))),(((563,83),(64,(754,790))),((554,(640,481)),(331,(235,291)))))),(((106,262),(236,((74,469),(524,990)))),((885,(700,310)),(((624,584),(641,(431,(758,828)))),((552,(801,341)),(238,(705,929))))))))),(((109,(177,((269,406),(629,455)))),(((996,(958,(777,646))),(303,((918,(742,222)),(2,(122,(562,623)))))),((350,861),((436,149),((187,(809,((662,685),((476,959),(314,917))))),(866,((608,653),(732,((796,38),(358,592)))))))))),((((252,752),((573,470),((856,936),(((16,769),(599,749)),(430,((586,347),((92,404),(940,(707,(780,748)))))))))),(((57,(807,636)),(219,((544,275),(811,(590,287))))),((868,((340,346),(603,(532,4)))),(((186,168),(923,669)),(709,((483,503),(377,(328,179)))))))),(((916,(706,(162,(793,127)))),(255,(411,((808,50),(((921,153),(571,925)),((718,371),((795,(139,976)),(163,(947,(349,191)))))))))),(((185,(875,(40,637))),(((853,242),(265,202)),((528,190),(905,(293,386))))),((333,335),(((783,582),(867,782)),(((249,762),(382,324)),(312,((58,384),(597,(192,838))))))))))))))))))))))));
Quartet score is: 12396187527984
Normalized quartet score is: 0.4186849654097476
ASTRAL finished in 129412.093 secs
