
================== ASTRAL ===================== 

This is ASTRAL version 4.10.10
Gene trees are treated as unrooted
1000 trees read from ASTRALDATA/model.500.2000000.0.000001/25/estimatedgenetre.halfresolved
All output trees will be *arbitrarily* rooted at 64

======== Running the main analysis
Number of taxa: 501 (501 species)
Taxa: [64, 148, 285, 281, 263, 469, 301, 42, 105, 484, 119, 8, 92, 146, 126, 311, 483, 248, 396, 391, 305, 468, 269, 280, 298, 34, 220, 296, 385, 50, 419, 128, 380, 36, 48, 150, 97, 328, 201, 117, 251, 0, 316, 457, 409, 346, 103, 375, 325, 131, 210, 460, 407, 441, 59, 181, 54, 378, 60, 382, 88, 435, 467, 373, 199, 115, 196, 161, 123, 392, 350, 258, 348, 470, 11, 318, 290, 100, 323, 351, 125, 440, 145, 255, 75, 455, 7, 172, 84, 186, 358, 395, 253, 364, 95, 445, 174, 90, 158, 137, 206, 267, 388, 310, 55, 157, 408, 334, 482, 363, 492, 139, 449, 355, 166, 30, 231, 410, 288, 102, 144, 156, 170, 443, 178, 374, 79, 376, 254, 27, 31, 71, 193, 149, 204, 175, 234, 38, 25, 212, 278, 370, 81, 341, 70, 307, 383, 143, 176, 183, 207, 320, 324, 494, 415, 463, 477, 436, 114, 37, 361, 233, 295, 98, 63, 223, 444, 167, 300, 271, 349, 224, 359, 327, 369, 136, 442, 272, 200, 191, 19, 238, 147, 124, 336, 241, 474, 49, 431, 317, 456, 273, 111, 367, 4, 433, 140, 450, 277, 332, 173, 211, 276, 46, 225, 43, 66, 424, 476, 236, 338, 189, 155, 20, 118, 56, 282, 18, 177, 101, 1, 219, 86, 99, 159, 261, 394, 418, 243, 107, 218, 303, 486, 275, 312, 339, 403, 32, 368, 283, 197, 195, 335, 427, 475, 291, 451, 473, 91, 439, 386, 6, 120, 289, 41, 362, 309, 347, 342, 274, 389, 485, 401, 23, 293, 366, 429, 453, 82, 205, 141, 110, 343, 127, 28, 478, 326, 247, 217, 104, 393, 313, 330, 292, 44, 222, 426, 67, 381, 22, 423, 337, 29, 40, 113, 232, 240, 405, 404, 425, 390, 299, 230, 500, 13, 77, 76, 58, 228, 192, 322, 250, 333, 130, 246, 422, 69, 51, 331, 94, 160, 203, 430, 481, 387, 185, 354, 297, 15, 421, 162, 24, 244, 96, 80, 52, 304, 188, 266, 452, 239, 411, 287, 129, 87, 213, 314, 360, 488, 262, 134, 209, 93, 61, 151, 17, 165, 163, 237, 194, 35, 68, 12, 108, 221, 122, 497, 142, 2, 428, 372, 245, 169, 249, 329, 229, 85, 216, 286, 365, 112, 447, 268, 437, 153, 135, 198, 377, 458, 284, 180, 138, 491, 465, 384, 489, 257, 417, 26, 472, 315, 72, 345, 215, 152, 356, 171, 308, 256, 399, 480, 448, 16, 73, 270, 9, 416, 499, 344, 89, 406, 471, 379, 306, 496, 495, 57, 214, 109, 400, 252, 179, 74, 461, 319, 65, 182, 498, 466, 414, 14, 352, 438, 264, 279, 464, 202, 45, 434, 432, 47, 116, 208, 62, 413, 294, 265, 78, 446, 132, 260, 106, 164, 397, 371, 493, 412, 39, 454, 83, 459, 21, 154, 302, 235, 184, 121, 340, 242, 33, 226, 479, 53, 398, 462, 168, 227, 321, 133, 259, 3, 420, 487, 187, 490, 10, 357, 353, 402, 190, 5]
Taxon occupancy: {338=1000, 339=1000, 332=1000, 333=1000, 159=1000, 330=1000, 158=1000, 331=1000, 336=1000, 157=1000, 156=1000, 337=1000, 334=1000, 155=1000, 154=1000, 335=1000, 152=1000, 153=1000, 150=1000, 151=1000, 202=1000, 349=1000, 203=1000, 204=1000, 205=1000, 200=1000, 201=1000, 341=1000, 342=1000, 169=1000, 343=1000, 344=1000, 345=1000, 166=1000, 206=1000, 207=1000, 346=1000, 165=1000, 168=1000, 208=1000, 347=1000, 167=1000, 348=1000, 209=1000, 3=1000, 409=1000, 161=1000, 408=1000, 162=1000, 2=1000, 1=1000, 163=1000, 164=1000, 0=1000, 7=1000, 405=1000, 6=1000, 404=1000, 5=1000, 340=1000, 407=1000, 406=1000, 4=1000, 160=1000, 401=1000, 400=1000, 9=1000, 403=1000, 402=1000, 8=1000, 211=1000, 212=1000, 210=1000, 215=1000, 318=1000, 319=1000, 216=1000, 316=1000, 213=1000, 214=1000, 317=1000, 179=1000, 219=1000, 314=1000, 315=1000, 178=1000, 177=1000, 312=1000, 217=1000, 176=1000, 218=1000, 313=1000, 310=1000, 311=1000, 170=1000, 418=1000, 171=1000, 417=1000, 416=1000, 415=1000, 174=1000, 175=1000, 172=1000, 419=1000, 173=1000, 410=1000, 414=1000, 413=1000, 412=1000, 411=1000, 220=1000, 221=1000, 222=1000, 223=1000, 327=1000, 224=1000, 328=1000, 225=1000, 226=1000, 329=1000, 227=1000, 323=1000, 228=1000, 188=1000, 187=1000, 324=1000, 229=1000, 325=1000, 189=1000, 326=1000, 320=1000, 321=1000, 322=1000, 427=1000, 180=1000, 426=1000, 181=1000, 429=1000, 182=1000, 428=1000, 183=1000, 184=1000, 185=1000, 186=1000, 421=1000, 420=1000, 423=1000, 422=1000, 425=1000, 424=1000, 116=1000, 117=1000, 114=1000, 115=1000, 112=1000, 113=1000, 110=1000, 111=1000, 118=1000, 119=1000, 435=1000, 436=1000, 433=1000, 434=1000, 431=1000, 432=1000, 430=1000, 439=1000, 437=1000, 438=1000, 125=1000, 126=1000, 300=1000, 127=1000, 128=1000, 121=1000, 302=1000, 301=1000, 122=1000, 123=1000, 304=1000, 124=1000, 303=1000, 306=1000, 305=1000, 308=1000, 307=1000, 129=1000, 309=1000, 444=1000, 445=1000, 446=1000, 447=1000, 440=1000, 441=1000, 442=1000, 443=1000, 120=1000, 448=1000, 449=1000, 134=1000, 135=1000, 132=1000, 133=1000, 138=1000, 139=1000, 136=1000, 137=1000, 450=1000, 453=1000, 454=1000, 451=1000, 452=1000, 457=1000, 458=1000, 455=1000, 456=1000, 459=1000, 131=1000, 130=1000, 143=1000, 144=1000, 145=1000, 146=1000, 147=1000, 148=1000, 149=1000, 461=1000, 460=1000, 462=1000, 463=1000, 464=1000, 465=1000, 466=1000, 467=1000, 468=1000, 469=1000, 140=1000, 142=1000, 141=1000, 195=1000, 194=1000, 197=1000, 196=1000, 191=1000, 190=1000, 193=1000, 192=1000, 198=1000, 199=1000, 500=1000, 35=1000, 36=1000, 33=1000, 34=1000, 39=1000, 37=1000, 38=1000, 43=1000, 42=1000, 41=1000, 40=1000, 22=1000, 23=1000, 24=1000, 25=1000, 26=1000, 27=1000, 28=1000, 29=1000, 30=1000, 32=1000, 31=1000, 19=1000, 17=1000, 18=1000, 15=1000, 16=1000, 13=1000, 14=1000, 11=1000, 12=1000, 21=1000, 20=1000, 10=1000, 79=1000, 78=1000, 77=1000, 82=1000, 83=1000, 80=1000, 81=1000, 86=1000, 87=1000, 84=1000, 85=1000, 67=1000, 66=1000, 69=1000, 68=1000, 70=1000, 71=1000, 72=1000, 73=1000, 74=1000, 75=1000, 76=1000, 59=1000, 58=1000, 57=1000, 56=1000, 55=1000, 64=1000, 65=1000, 62=1000, 63=1000, 60=1000, 61=1000, 49=1000, 48=1000, 45=1000, 44=1000, 47=1000, 46=1000, 51=1000, 52=1000, 53=1000, 54=1000, 50=1000, 487=1000, 281=1000, 280=1000, 486=1000, 485=1000, 484=1000, 285=1000, 284=1000, 489=1000, 283=1000, 282=1000, 488=1000, 288=1000, 289=1000, 286=1000, 287=1000, 482=1000, 483=1000, 480=1000, 481=1000, 474=1000, 473=1000, 270=1000, 476=1000, 475=1000, 272=1000, 478=1000, 271=1000, 477=1000, 274=1000, 479=1000, 273=1000, 275=1000, 276=1000, 277=1000, 278=1000, 279=1000, 470=1000, 471=1000, 472=1000, 109=1000, 108=1000, 107=1000, 106=1000, 105=1000, 104=1000, 103=1000, 102=1000, 99=1000, 101=1000, 100=1000, 98=1000, 97=1000, 391=1000, 96=1000, 95=1000, 390=1000, 393=1000, 94=1000, 392=1000, 93=1000, 92=1000, 395=1000, 394=1000, 91=1000, 294=1000, 90=1000, 499=1000, 293=1000, 296=1000, 295=1000, 496=1000, 290=1000, 495=1000, 498=1000, 292=1000, 291=1000, 497=1000, 491=1000, 492=1000, 493=1000, 494=1000, 297=1000, 298=1000, 299=1000, 490=1000, 396=1000, 397=1000, 398=1000, 399=1000, 88=1000, 89=1000, 240=1000, 241=1000, 383=1000, 384=1000, 381=1000, 382=1000, 380=1000, 389=1000, 388=1000, 387=1000, 386=1000, 385=1000, 245=1000, 244=1000, 243=1000, 242=1000, 249=1000, 248=1000, 247=1000, 246=1000, 230=1000, 370=1000, 371=1000, 372=1000, 373=1000, 379=1000, 378=1000, 239=1000, 375=1000, 374=1000, 377=1000, 376=1000, 232=1000, 231=1000, 234=1000, 233=1000, 236=1000, 235=1000, 238=1000, 237=1000, 262=1000, 263=1000, 260=1000, 261=1000, 361=1000, 362=1000, 360=1000, 366=1000, 365=1000, 364=1000, 363=1000, 369=1000, 368=1000, 367=1000, 269=1000, 268=1000, 267=1000, 266=1000, 265=1000, 264=1000, 250=1000, 251=1000, 252=1000, 350=1000, 351=1000, 353=1000, 352=1000, 355=1000, 354=1000, 357=1000, 356=1000, 359=1000, 358=1000, 258=1000, 257=1000, 259=1000, 254=1000, 253=1000, 256=1000, 255=1000}
Number of gene trees: 1000
0 trees have missing taxa
Calculating quartet distance matrix (for completion of X)
Species tree distances calculated ...
Building set of clusters (X) from gene trees 
Using tree-based weight calculation.
Number of Default Clusters: 110053
Number of quartet trees in the gene trees: 2593739621514
calculating extra bipartitions to be added at level 1 ...
Number of Clusters after addition by distance: 110055
Adding to X using resolutions of greedy consensus ...
Threshold 0.0:
Threshold 0.01:
polytomy of size 8; rounds with additions with at least 0.01 support: 2; clusters: 110097
Threshold 0.02:
polytomy of size 9; rounds with additions with at least 0.01 support: 0; clusters: 110131
Threshold 0.05:
polytomy of size 3; rounds with additions with at least 0.01 support: 0; clusters: 110131
polytomy of size 15; rounds with additions with at least 0.01 support: 0; clusters: 110131
Threshold 0.1:
polytomy of size 3; rounds with additions with at least 0.01 support: 0; clusters: 110131
polytomy of size 4; rounds with additions with at least 0.01 support: 0; clusters: 110131
polytomy of size 4; rounds with additions with at least 0.01 support: 0; clusters: 110131
polytomy of size 6; rounds with additions with at least 0.01 support: 0; clusters: 110131
polytomy of size 17; rounds with additions with at least 0.01 support: 0; clusters: 110131
Threshold 0.2:
polytomy of size 3; rounds with additions with at least 0.01 support: 0; clusters: 110131
polytomy of size 3; rounds with additions with at least 0.01 support: 0; clusters: 110131
polytomy of size 4; rounds with additions with at least 0.01 support: 0; clusters: 110131
polytomy of size 3; rounds with additions with at least 0.01 support: 0; clusters: 110131
polytomy of size 3; rounds with additions with at least 0.01 support: 0; clusters: 110131
polytomy of size 6; rounds with additions with at least 0.01 support: 0; clusters: 110131
polytomy of size 3; rounds with additions with at least 0.01 support: 0; clusters: 110131
polytomy of size 3; rounds with additions with at least 0.01 support: 0; clusters: 110131
polytomy of size 3; rounds with additions with at least 0.01 support: 0; clusters: 110131
polytomy of size 4; rounds with additions with at least 0.01 support: 0; clusters: 110131
polytomy of size 7; rounds with additions with at least 0.01 support: 0; clusters: 110131
polytomy of size 34; rounds with additions with at least 0.01 support: 0; clusters: 110131
Threshold 0.3333333333333333:
polytomy of size 3; rounds with additions with at least 0.01 support: 0; clusters: 110131
polytomy of size 4; rounds with additions with at least 0.01 support: 0; clusters: 110131
polytomy of size 3; rounds with additions with at least 0.01 support: 0; clusters: 110131
polytomy of size 4; rounds with additions with at least 0.01 support: 0; clusters: 110131
polytomy of size 3; rounds with additions with at least 0.01 support: 0; clusters: 110131
polytomy of size 3; rounds with additions with at least 0.01 support: 0; clusters: 110131
polytomy of size 3; rounds with additions with at least 0.01 support: 0; clusters: 110131
polytomy of size 3; rounds with additions with at least 0.01 support: 0; clusters: 110131
polytomy of size 4; rounds with additions with at least 0.01 support: 0; clusters: 110131
polytomy of size 4; rounds with additions with at least 0.01 support: 0; clusters: 110131
polytomy of size 4; rounds with additions with at least 0.01 support: 0; clusters: 110131
polytomy of size 7; rounds with additions with at least 0.01 support: 0; clusters: 110131
polytomy of size 3; rounds with additions with at least 0.01 support: 0; clusters: 110131
polytomy of size 4; rounds with additions with at least 0.01 support: 0; clusters: 110131
polytomy of size 4; rounds with additions with at least 0.01 support: 0; clusters: 110131
polytomy of size 3; rounds with additions with at least 0.01 support: 0; clusters: 110131
polytomy of size 3; rounds with additions with at least 0.01 support: 0; clusters: 110131
polytomy of size 3; rounds with additions with at least 0.01 support: 0; clusters: 110131
polytomy of size 5; rounds with additions with at least 0.01 support: 0; clusters: 110131
polytomy of size 4; rounds with additions with at least 0.01 support: 0; clusters: 110131
polytomy of size 3; rounds with additions with at least 0.01 support: 0; clusters: 110131
polytomy of size 3; rounds with additions with at least 0.01 support: 0; clusters: 110131
polytomy of size 4; rounds with additions with at least 0.01 support: 0; clusters: 110131
polytomy of size 3; rounds with additions with at least 0.01 support: 0; clusters: 110131
polytomy of size 4; rounds with additions with at least 0.01 support: 0; clusters: 110131
polytomy of size 3; rounds with additions with at least 0.01 support: 0; clusters: 110131
polytomy of size 3; rounds with additions with at least 0.01 support: 0; clusters: 110131
polytomy of size 3; rounds with additions with at least 0.01 support: 0; clusters: 110131
polytomy of size 3; rounds with additions with at least 0.01 support: 0; clusters: 110131
polytomy of size 4; rounds with additions with at least 0.01 support: 0; clusters: 110131
polytomy of size 61; rounds with additions with at least 0.01 support: 0; clusters: 119213
Number of Clusters after addition by greedy: 119213
partitions formed in 157.524 secs
Dynamic Programming starting after 157.524 secs
Size of largest cluster: 501
Calculated 100000 weights; time (seconds): 1644
Calculated 200000 weights; time (seconds): 1495
Calculated 300000 weights; time (seconds): 1496
Total Number of elements weighted: 376219
Normalized score (portion of input quartet trees satisfied): 0.6619013034970262
Final optimization score: 1716799636412
Optimal tree inferred in 5806.09 secs.
(67,((22,(381,423)),((28,(292,(44,(222,426)))),(((326,247),((217,104),(313,(393,330)))),(478,(((110,343),((453,(205,(82,141))),(((309,347),(342,(274,389))),((23,293),(401,(485,(366,429))))))),(127,((((444,167),(63,223)),((405,404),((232,240),(337,(29,(40,113)))))),(((36,48),((64,(((385,(50,419)),(42,(105,484))),(427,(((119,8),((335,(197,195)),(32,(368,283)))),(((291,(451,(473,(91,439)))),((386,(6,120)),((475,362),(289,41)))),((128,380),(((146,(92,126)),(248,((396,391),(311,483)))),((298,(296,(34,220))),(305,(468,(269,280))))))))))),((37,(361,(233,(295,98)))),((211,((332,173),(450,277))),((((418,(261,394)),((46,(476,236)),((424,(43,66)),(338,(225,189))))),((155,(20,118)),((56,(282,18)),((177,101),(1,(219,(86,(99,159)))))))),((303,((218,486),(276,(243,107)))),((275,(403,(312,339))),((300,((349,224),(359,(271,327)))),((433,((140,(49,431)),(367,(4,(317,(273,(456,111))))))),((442,(136,272)),((19,(200,191)),(238,(147,((241,474),(124,(369,336)))))))))))))))),(0,(((199,348),((115,258),(161,(350,(196,(123,392)))))),(((216,286),((365,((69,(51,(422,(331,(94,160))))),((203,(430,(481,387))),((185,354),((162,24),(297,(15,421))))))),(((143,176),((320,(183,207)),((324,494),(415,((436,114),(463,477)))))),(((441,59),((54,(60,(181,378))),((382,88),(373,(435,467))))),((460,407),((325,(131,210)),((409,346),((103,375),(316,457))))))))),(((148,(285,((263,301),(281,469)))),(428,(372,(85,(229,(329,(249,(245,169)))))))),((((244,(266,452)),(96,(188,(52,(80,304))))),((((307,(70,383)),((251,(201,117)),(150,(97,328)))),(((370,81),(204,(149,175))),(341,(((212,278),(25,(234,38))),((193,(31,71)),(376,(254,27))))))),(314,(((497,(142,2)),((239,(87,213)),(129,(411,287)))),(((163,(237,194)),(68,(35,(122,(221,(12,108)))))),((165,(17,(61,151))),(360,(488,((209,93),(262,134)))))))))),(((170,443),(((294,(62,(413,(265,(446,(78,132)))))),(((493,412),(260,((106,164),(397,371)))),((154,(302,235)),(39,(459,(21,(454,83))))))),(((184,121),((227,321),((168,(398,462)),(3,(133,259))))),((340,((242,33),(479,(226,53)))),((353,(402,(190,5))),((10,357),((187,490),(420,487)))))))),(((156,((374,(178,79)),(172,(84,(186,358))))),((((364,95),(445,174)),(90,((206,(158,137)),((310,55),(267,388))))),((144,(395,253)),(((231,(410,(288,102))),((157,408),((166,30),(492,(139,(449,355)))))),((334,(482,363)),((470,(11,318)),((75,(455,7)),(290,((351,125),((100,323),(145,(440,255)))))))))))),((((425,390),(447,(268,((135,198),(437,153))))),(((466,414),(14,(352,438))),((112,264),(((279,208),((464,202),((434,432),(45,(47,116))))),((230,(500,(299,13))),((322,(250,333)),((246,(77,76)),(130,(58,(228,192)))))))))),((((182,498),(270,(9,416))),(73,((499,344),(384,(465,((377,458),((284,138),(180,491)))))))),(((315,(72,345)),((256,399),(308,(480,(448,16))))),((((26,472),(257,417)),(489,((215,152),(356,171)))),(((495,57),(89,((306,496),(379,(406,471))))),((319,65),((214,(109,400)),(461,(179,(252,74))))))))))))))))))))))))));
Quartet score is: 1716799636412
Normalized quartet score is: 0.6619013034970262
ASTRAL finished in 5851.884 secs
