
================== ASTRAL ===================== 

This is ASTRAL version 4.10.7
Gene trees are treated as unrooted
1000 trees read from ASTRALDATA/model.200.10000000.0.000001/04/estimatedgenetre.halfresolved
All output trees will be *arbitrarily* rooted at 39

======== Running the main analysis
Number of taxa: 201 (201 species)
Taxa: [39, 145, 54, 155, 141, 186, 119, 106, 159, 50, 146, 129, 14, 136, 16, 151, 127, 111, 73, 28, 97, 132, 99, 169, 184, 192, 1, 85, 140, 189, 158, 124, 143, 79, 83, 108, 9, 62, 70, 109, 148, 56, 52, 134, 144, 19, 157, 59, 69, 26, 102, 33, 200, 68, 10, 160, 82, 167, 107, 114, 41, 88, 48, 94, 58, 25, 86, 53, 121, 43, 21, 116, 181, 17, 161, 2, 3, 71, 191, 77, 115, 162, 35, 170, 8, 187, 91, 65, 131, 84, 195, 37, 49, 5, 198, 120, 95, 36, 15, 89, 13, 38, 122, 176, 63, 125, 105, 137, 199, 81, 27, 45, 55, 166, 139, 72, 66, 133, 0, 75, 194, 60, 47, 61, 163, 153, 74, 179, 190, 87, 156, 177, 165, 118, 4, 100, 183, 185, 113, 173, 51, 175, 57, 150, 152, 64, 188, 142, 11, 18, 180, 171, 135, 168, 31, 154, 92, 130, 110, 23, 178, 128, 78, 172, 6, 182, 44, 193, 103, 123, 101, 80, 164, 98, 93, 30, 174, 46, 90, 96, 67, 117, 104, 7, 76, 138, 34, 42, 112, 12, 149, 20, 29, 126, 147, 32, 197, 196, 40, 22, 24]
Number of gene trees: 1000
0 trees have missing taxa
Calculating quartet distance matrix (for completion of X)
Species tree distances calculated ...
Building set of clusters (X) from gene trees 
Using tree-based weight calculation.
Number of Default Clusters: 21479
Number of quartet trees in the gene trees: 65998337733
calculating extra bipartitions to be added at level 1 ...
Number of Clusters after addition by distance: 21479
Adding to X using resolutions of greedy consensus ...
Threshold 0.0:
Threshold 0.01:
Threshold 0.02:
Threshold 0.05:
Threshold 0.1:
Threshold 0.2:
polytomy of size 5; rounds with additions with at least 0.01 support: 0; clusters: 21479
polytomy of size 4; rounds with additions with at least 0.01 support: 0; clusters: 21479
Threshold 0.3333333333333333:
polytomy of size 3; rounds with additions with at least 0.01 support: 0; clusters: 21479
polytomy of size 3; rounds with additions with at least 0.01 support: 0; clusters: 21479
polytomy of size 5; rounds with additions with at least 0.01 support: 0; clusters: 21479
polytomy of size 3; rounds with additions with at least 0.01 support: 0; clusters: 21479
polytomy of size 3; rounds with additions with at least 0.01 support: 0; clusters: 21479
polytomy of size 3; rounds with additions with at least 0.01 support: 0; clusters: 21479
polytomy of size 4; rounds with additions with at least 0.01 support: 0; clusters: 21479
polytomy of size 3; rounds with additions with at least 0.01 support: 0; clusters: 21479
polytomy of size 7; rounds with additions with at least 0.01 support: 0; clusters: 21479
polytomy of size 3; rounds with additions with at least 0.01 support: 0; clusters: 21479
Number of Clusters after addition by greedy: 21479
partitions formed in 13.238 secs
Dynamic Programming starting after 13.238 secs
Size of largest cluster: 201
Total Number of elements weighted: 86808
Normalized score (portion of input quartet trees satisfied): 0.8663121368648001
Final optimization score: 57175160991
Optimal tree inferred in 664.541 secs.
(198,((95,36),(120,((49,5),(15,(((195,37),(65,(131,84))),((187,91),((((3,8),(71,191)),(77,((35,170),(115,162)))),((((89,(13,38)),(122,(176,63))),((161,2),(43,((181,17),(21,116))))),(((125,105),(199,(137,(81,(27,(45,55)))))),(((66,133),(166,(139,72))),((47,(0,(194,(75,60)))),((((62,70),((109,148),((134,144),(56,52)))),(((94,58),(25,(86,53))),((19,157),((59,88),(((26,48),(69,(102,33))),(41,(114,((200,68),(10,(107,(160,(82,167)))))))))))),((106,(((54,(39,145)),((186,119),(155,141))),(((159,(50,146)),((184,(189,158)),((192,1),(85,140)))),(((108,9),(83,(124,(143,79)))),((97,(99,(132,169))),((127,(73,28)),(129,(111,((16,151),(14,136)))))))))),((((61,163),((153,(74,(179,190))),((87,(118,(165,(156,177)))),(51,((4,100),(183,(173,(185,113)))))))),(((142,(188,11)),((175,57),(150,(152,64)))),((23,(18,(180,171))),(135,((168,31),(110,(154,(92,130)))))))),((149,((121,(112,12)),(20,(29,(126,147))))),(((32,197),((196,40),(22,24))),(((34,42),(7,(76,138))),((96,(67,117)),(((78,172),(178,128)),((164,(30,(98,93))),(((101,104),(46,(80,(174,90)))),(6,(182,((44,193),(103,123))))))))))))))))))))))))));
Quartet score is: 57175160991
Normalized quartet score is: 0.8663121368648001
ASTRAL finished in 672.736 secs
