
================== ASTRAL ===================== 

This is ASTRAL version 4.10.8
Gene trees are treated as unrooted
1000 trees read from model.200.500000.0.000001/31/estimatedgenetre.halfresolved
All outputted trees will be *arbitrarily* rooted at 118

======== Running the main analysis
Number of taxa: 201 (201 species)
Taxa: [118, 45, 47, 122, 15, 3, 93, 175, 96, 112, 25, 87, 199, 65, 75, 197, 195, 153, 59, 36, 127, 64, 125, 85, 71, 74, 12, 184, 0, 178, 66, 171, 19, 18, 108, 70, 134, 76, 187, 183, 72, 140, 17, 181, 52, 34, 159, 4, 115, 48, 117, 135, 124, 105, 35, 189, 37, 166, 95, 167, 106, 143, 81, 98, 126, 190, 51, 133, 196, 154, 60, 179, 121, 107, 182, 22, 194, 83, 144, 148, 99, 173, 8, 136, 79, 177, 58, 101, 119, 169, 174, 114, 31, 186, 78, 120, 55, 56, 172, 138, 91, 54, 90, 23, 102, 160, 53, 26, 86, 20, 49, 146, 141, 5, 6, 137, 61, 111, 40, 113, 158, 27, 41, 21, 62, 150, 188, 193, 28, 7, 97, 92, 128, 192, 129, 157, 156, 10, 89, 198, 32, 170, 38, 123, 104, 163, 161, 130, 176, 155, 9, 13, 132, 24, 131, 82, 67, 185, 39, 42, 68, 33, 200, 14, 77, 16, 30, 151, 1, 162, 152, 46, 180, 11, 63, 103, 94, 168, 109, 57, 149, 29, 88, 50, 142, 110, 73, 145, 43, 44, 80, 147, 191, 165, 69, 164, 100, 2, 139, 84, 116]
Taxon occupancy: {35=1000, 36=1000, 159=1000, 33=1000, 34=1000, 158=1000, 157=1000, 39=1000, 156=1000, 37=1000, 155=1000, 154=1000, 38=1000, 152=1000, 153=1000, 150=1000, 151=1000, 43=1000, 42=1000, 41=1000, 40=1000, 200=1000, 22=1000, 169=1000, 23=1000, 24=1000, 25=1000, 166=1000, 26=1000, 165=1000, 27=1000, 28=1000, 168=1000, 167=1000, 29=1000, 3=1000, 161=1000, 2=1000, 162=1000, 163=1000, 1=1000, 164=1000, 0=1000, 7=1000, 30=1000, 6=1000, 5=1000, 32=1000, 31=1000, 4=1000, 160=1000, 9=1000, 8=1000, 19=1000, 179=1000, 17=1000, 178=1000, 18=1000, 177=1000, 15=1000, 176=1000, 16=1000, 13=1000, 14=1000, 11=1000, 12=1000, 21=1000, 170=1000, 171=1000, 20=1000, 174=1000, 175=1000, 172=1000, 173=1000, 188=1000, 187=1000, 189=1000, 180=1000, 181=1000, 10=1000, 182=1000, 183=1000, 184=1000, 185=1000, 186=1000, 116=1000, 79=1000, 117=1000, 78=1000, 114=1000, 115=1000, 77=1000, 112=1000, 113=1000, 110=1000, 111=1000, 118=1000, 119=1000, 82=1000, 83=1000, 80=1000, 81=1000, 86=1000, 87=1000, 84=1000, 85=1000, 125=1000, 67=1000, 126=1000, 66=1000, 69=1000, 127=1000, 128=1000, 68=1000, 121=1000, 122=1000, 123=1000, 124=1000, 129=1000, 70=1000, 120=1000, 71=1000, 72=1000, 73=1000, 74=1000, 75=1000, 76=1000, 134=1000, 135=1000, 132=1000, 133=1000, 59=1000, 58=1000, 138=1000, 139=1000, 57=1000, 136=1000, 56=1000, 55=1000, 137=1000, 64=1000, 65=1000, 62=1000, 63=1000, 60=1000, 131=1000, 61=1000, 130=1000, 143=1000, 49=1000, 144=1000, 48=1000, 145=1000, 146=1000, 45=1000, 147=1000, 148=1000, 44=1000, 47=1000, 149=1000, 46=1000, 51=1000, 52=1000, 53=1000, 54=1000, 140=1000, 142=1000, 141=1000, 50=1000, 109=1000, 108=1000, 107=1000, 106=1000, 105=1000, 104=1000, 103=1000, 99=1000, 102=1000, 101=1000, 100=1000, 98=1000, 97=1000, 96=1000, 95=1000, 94=1000, 93=1000, 92=1000, 91=1000, 90=1000, 88=1000, 89=1000, 195=1000, 194=1000, 197=1000, 196=1000, 191=1000, 190=1000, 193=1000, 192=1000, 198=1000, 199=1000}
Number of gene trees: 1000
0 trees have missing taxa
Calculating quartet distance matrix (for completion of X)
Species tree distances calculated ...
Building set of clusters (X) from gene trees 
Using tree-based weight calculation.
Number of Default Clusters: 135593
Number of quartet trees in the gene trees: 65998344870
calculating extra bipartitions to be added at level 1 ...
Number of Clusters after addition by distance: 135619
Adding to X using resolutions of greedy consensus ...
Threshold 0.0:
polytomy of size 13; rounds with additions with at least 0.01 support: 12; clusters: 137039
Threshold 0.01:
polytomy of size 26; rounds with additions with at least 0.01 support: 4; clusters: 143955
Threshold 0.02:
polytomy of size 29; rounds with additions with at least 0.01 support: 0; clusters: 150763
Threshold 0.05:
polytomy of size 37; rounds with additions with at least 0.01 support: 2; clusters: 151029
polytomy of size 4; rounds with additions with at least 0.01 support: 0; clusters: 151029
Threshold 0.1:
polytomy of size 45; rounds with additions with at least 0.01 support: 1; clusters: 151263
polytomy of size 5; rounds with additions with at least 0.01 support: 0; clusters: 151263
Threshold 0.2:
polytomy of size 3; rounds with additions with at least 0.01 support: 0; clusters: 151263
polytomy of size 4; rounds with additions with at least 0.01 support: 0; clusters: 151263
polytomy of size 4; rounds with additions with at least 0.01 support: 0; clusters: 151263
polytomy of size 3; rounds with additions with at least 0.01 support: 0; clusters: 151263
polytomy of size 65; rounds with additions with at least 0.01 support: 1; clusters: 151457
Threshold 0.3333333333333333:
polytomy of size 3; rounds with additions with at least 0.01 support: 0; clusters: 151457
polytomy of size 3; rounds with additions with at least 0.01 support: 0; clusters: 151457
polytomy of size 3; rounds with additions with at least 0.01 support: 0; clusters: 151457
polytomy of size 5; rounds with additions with at least 0.01 support: 0; clusters: 151457
polytomy of size 4; rounds with additions with at least 0.01 support: 0; clusters: 151457
polytomy of size 3; rounds with additions with at least 0.01 support: 0; clusters: 151457
polytomy of size 3; rounds with additions with at least 0.01 support: 0; clusters: 151457
polytomy of size 3; rounds with additions with at least 0.01 support: 0; clusters: 151457
Number of Clusters after addition by greedy: 151457
partitions formed in 88.515 secs
Dynamic Programming starting after 88.515 secs
Size of largest cluster: 201
Size of largest cluster: 201
Calculated 100000 weights; time (seconds): 112
Calculated 200000 weights; time (seconds): 22
Total Number of elements weighted: 347260
Normalized score (portion of input quartet trees satisfied): NaN
Final optimization score: 0
Calculated 300000 weights; time (seconds): 57
Total Number of elements weighted: 347260
Normalized score (portion of input quartet trees satisfied): 0.45739659201244454
Final optimization score: 30187418022
Optimal tree inferred in 217.9 secs.
(118,(139,(2,((127,(84,116)),((165,(164,(69,100))),(((122,15),(45,47)),(36,(((92,((7,(97,128)),(28,((150,(21,62)),(41,(188,193)))))),(((18,108),(190,(126,51))),((98,133),((72,80),(191,(140,147)))))),((((22,194),((125,71),(85,(3,64)))),(((37,120),(55,(113,(78,40)))),((34,(138,91)),(158,(27,(56,172)))))),((((48,117),((129,157),(192,161))),((((93,175),(33,(68,(42,200)))),((66,185),((112,39),(19,(96,171))))),(((170,38),(156,((10,89),(198,32)))),((123,(104,163)),((24,(176,155)),(131,((9,(82,67)),(13,(130,132))))))))),((((4,115),(((54,90),(151,(1,162))),((12,184),(152,(74,46))))),((83,((180,(154,(63,(196,103)))),(94,(109,((11,168),(57,149)))))),(((119,(101,169)),(143,(106,144))),((79,((141,5),(146,(20,49)))),((6,((174,61),(31,(111,(114,137))))),((177,58),((148,99),(8,(173,136))))))))),((0,(186,(95,167))),((((153,(195,(75,197))),(65,(199,(25,87)))),(((134,76),(70,135)),(30,((105,35),(77,(124,(189,16))))))),(((187,(53,(183,26))),(166,(14,(23,(102,160))))),((((86,29),(88,50)),(182,(178,((121,107),(60,179))))),((52,159),((81,(59,(17,181))),((145,43),(44,(110,(142,73)))))))))))))))))))));
Quartet score is: 30187418022
Normalized quartet score is: 0.45739659201244454
ASTRAL finished in 229.262 secs
