
================== ASTRAL ===================== 

This is ASTRAL version 4.10.8
Gene trees are treated as unrooted
1000 trees read from model.200.500000.0.000001/43/estimatedgenetre.halfresolved
All outputted trees will be *arbitrarily* rooted at 155

======== Running the main analysis
Number of taxa: 201 (201 species)
Taxa: [155, 168, 83, 178, 170, 90, 29, 133, 87, 156, 175, 104, 132, 63, 112, 46, 116, 52, 154, 103, 97, 108, 146, 192, 157, 31, 187, 129, 99, 131, 125, 27, 191, 151, 143, 85, 39, 193, 89, 37, 128, 44, 100, 136, 92, 166, 32, 19, 182, 184, 70, 33, 23, 17, 123, 113, 165, 141, 139, 162, 91, 96, 171, 45, 179, 130, 197, 94, 48, 198, 159, 62, 75, 42, 12, 118, 106, 93, 81, 114, 119, 53, 183, 120, 82, 150, 145, 28, 102, 20, 142, 14, 101, 78, 3, 126, 79, 54, 176, 185, 47, 8, 40, 190, 124, 59, 186, 153, 73, 127, 111, 51, 11, 152, 4, 167, 66, 180, 61, 72, 149, 65, 144, 188, 194, 109, 174, 177, 199, 105, 6, 115, 172, 16, 21, 2, 56, 189, 84, 41, 57, 98, 13, 137, 110, 49, 200, 69, 10, 164, 0, 36, 67, 121, 22, 158, 107, 68, 43, 160, 135, 50, 122, 71, 138, 26, 173, 195, 76, 134, 77, 148, 64, 161, 9, 169, 25, 18, 35, 86, 34, 80, 15, 163, 7, 60, 55, 88, 30, 117, 147, 95, 5, 74, 140, 58, 196, 24, 38, 181, 1]
Taxon occupancy: {35=1000, 36=1000, 159=1000, 33=1000, 158=1000, 34=1000, 157=1000, 39=1000, 156=1000, 155=1000, 37=1000, 38=1000, 154=1000, 152=1000, 153=1000, 150=1000, 151=1000, 43=1000, 42=1000, 41=1000, 40=1000, 200=1000, 22=1000, 23=1000, 169=1000, 24=1000, 25=1000, 166=1000, 26=1000, 165=1000, 27=1000, 28=1000, 168=1000, 29=1000, 167=1000, 3=1000, 161=1000, 162=1000, 2=1000, 1=1000, 163=1000, 164=1000, 0=1000, 7=1000, 30=1000, 6=1000, 5=1000, 32=1000, 31=1000, 4=1000, 160=1000, 9=1000, 8=1000, 19=1000, 179=1000, 17=1000, 178=1000, 18=1000, 177=1000, 15=1000, 176=1000, 16=1000, 13=1000, 14=1000, 11=1000, 12=1000, 170=1000, 21=1000, 20=1000, 171=1000, 174=1000, 175=1000, 172=1000, 173=1000, 188=1000, 187=1000, 189=1000, 180=1000, 181=1000, 10=1000, 182=1000, 183=1000, 184=1000, 185=1000, 186=1000, 116=1000, 79=1000, 117=1000, 78=1000, 114=1000, 115=1000, 77=1000, 112=1000, 113=1000, 110=1000, 111=1000, 118=1000, 119=1000, 82=1000, 83=1000, 80=1000, 81=1000, 86=1000, 87=1000, 84=1000, 85=1000, 125=1000, 67=1000, 126=1000, 66=1000, 127=1000, 69=1000, 128=1000, 68=1000, 121=1000, 122=1000, 123=1000, 124=1000, 129=1000, 70=1000, 120=1000, 71=1000, 72=1000, 73=1000, 74=1000, 75=1000, 76=1000, 134=1000, 135=1000, 132=1000, 133=1000, 59=1000, 58=1000, 138=1000, 139=1000, 57=1000, 136=1000, 56=1000, 137=1000, 55=1000, 64=1000, 65=1000, 62=1000, 63=1000, 131=1000, 60=1000, 130=1000, 61=1000, 143=1000, 49=1000, 48=1000, 144=1000, 145=1000, 146=1000, 45=1000, 147=1000, 44=1000, 148=1000, 47=1000, 149=1000, 46=1000, 51=1000, 52=1000, 53=1000, 54=1000, 140=1000, 142=1000, 141=1000, 50=1000, 109=1000, 108=1000, 107=1000, 106=1000, 105=1000, 104=1000, 103=1000, 102=1000, 99=1000, 101=1000, 100=1000, 98=1000, 97=1000, 96=1000, 95=1000, 94=1000, 93=1000, 92=1000, 91=1000, 90=1000, 88=1000, 89=1000, 195=1000, 194=1000, 197=1000, 196=1000, 191=1000, 190=1000, 193=1000, 192=1000, 198=1000, 199=1000}
Number of gene trees: 1000
0 trees have missing taxa
Calculating quartet distance matrix (for completion of X)
Species tree distances calculated ...
Building set of clusters (X) from gene trees 
Using tree-based weight calculation.
Number of Default Clusters: 172129
Number of quartet trees in the gene trees: 65995542144
calculating extra bipartitions to be added at level 1 ...
Number of Clusters after addition by distance: 172159
Adding to X using resolutions of greedy consensus ...
Threshold 0.0:
polytomy of size 18; rounds with additions with at least 0.01 support: 19; clusters: 174359
Threshold 0.01:
polytomy of size 3; rounds with additions with at least 0.01 support: 0; clusters: 174359
polytomy of size 4; rounds with additions with at least 0.01 support: 0; clusters: 174365
polytomy of size 27; rounds with additions with at least 0.01 support: 2; clusters: 179691
Threshold 0.02:
polytomy of size 5; rounds with additions with at least 0.01 support: 0; clusters: 179695
polytomy of size 3; rounds with additions with at least 0.01 support: 0; clusters: 179695
polytomy of size 33; rounds with additions with at least 0.01 support: 2; clusters: 186857
polytomy of size 3; rounds with additions with at least 0.01 support: 0; clusters: 186857
Threshold 0.05:
polytomy of size 5; rounds with additions with at least 0.01 support: 0; clusters: 186857
polytomy of size 52; rounds with additions with at least 0.01 support: 3; clusters: 187181
Threshold 0.1:
polytomy of size 8; rounds with additions with at least 0.01 support: 0; clusters: 187181
polytomy of size 68; rounds with additions with at least 0.01 support: 2; clusters: 187445
Threshold 0.2:
polytomy of size 3; rounds with additions with at least 0.01 support: 0; clusters: 187445
polytomy of size 3; rounds with additions with at least 0.01 support: 0; clusters: 187445
polytomy of size 9; rounds with additions with at least 0.01 support: 0; clusters: 187445
polytomy of size 3; rounds with additions with at least 0.01 support: 0; clusters: 187445
polytomy of size 4; rounds with additions with at least 0.01 support: 0; clusters: 187445
polytomy of size 84; rounds with additions with at least 0.01 support: 0; clusters: 187577
Threshold 0.3333333333333333:
polytomy of size 4; rounds with additions with at least 0.01 support: 0; clusters: 187577
polytomy of size 3; rounds with additions with at least 0.01 support: 0; clusters: 187577
polytomy of size 3; rounds with additions with at least 0.01 support: 0; clusters: 187577
polytomy of size 4; rounds with additions with at least 0.01 support: 0; clusters: 187577
polytomy of size 3; rounds with additions with at least 0.01 support: 0; clusters: 187577
polytomy of size 3; rounds with additions with at least 0.01 support: 0; clusters: 187577
polytomy of size 4; rounds with additions with at least 0.01 support: 0; clusters: 187577
polytomy of size 3; rounds with additions with at least 0.01 support: 0; clusters: 187577
polytomy of size 3; rounds with additions with at least 0.01 support: 0; clusters: 187577
polytomy of size 4; rounds with additions with at least 0.01 support: 0; clusters: 187577
Number of Clusters after addition by greedy: 187577
partitions formed in 133.462 secs
Dynamic Programming starting after 133.462 secs
Size of largest cluster: 201
Size of largest cluster: 201
Calculated 100000 weights; time (seconds): 157
Calculated 200000 weights; time (seconds): 21
Calculated 300000 weights; time (seconds): 23
Calculated 400000 weights; time (seconds): 50
Total Number of elements weighted: 466821
Normalized score (portion of input quartet trees satisfied): NaN
Final optimization score: 0
Total Number of elements weighted: 466821
Normalized score (portion of input quartet trees satisfied): 0.47273986171559074
Final optimization score: 31198723467
Optimal tree inferred in 302.601 secs.
(155,(57,(((98,13),(41,((2,(116,52)),(84,(56,189))))),(46,((94,(118,(7,(60,(88,(30,117)))))),((((154,103),(25,(35,(169,18)))),(((14,(66,115)),(180,(61,72))),((38,181),((24,(49,((62,58),(75,(1,((198,(197,42)),(48,(179,(130,12))))))))),(((82,150),((51,11),(111,(34,(80,(15,163)))))),(((73,127),(124,(186,(59,153)))),(((8,190),(47,(126,40))),((185,(78,176)),(79,(101,(3,54))))))))))),((((95,5),(147,(74,140))),((142,(102,20)),(29,((133,145),(90,28))))),((((152,105),(6,(128,120))),((192,(157,151)),(((171,45),(168,(96,(170,(83,91))))),(134,(55,(37,(((136,92),(44,100)),((87,156),((139,(162,(165,141))),(113,((182,(32,33)),((112,(63,17)),((175,(104,132)),(123,((19,23),(166,(184,70))))))))))))))))),(((200,(16,(21,(69,10)))),(31,((129,(149,(187,143))),((99,131),(125,(27,(191,89))))))),(0,(((97,((4,167),(93,(67,121)))),((164,22),((85,193),((108,159),(146,39))))),((172,(135,(160,(138,(71,(50,122)))))),(((158,86),(77,((106,64),(148,(161,9))))),(178,((((65,173),(195,(26,76))),((109,174),((177,199),(107,(68,43))))),((137,110),((196,(194,(144,188))),((53,36),((81,183),(114,119))))))))))))))))))));
Quartet score is: 31198723467
Normalized quartet score is: 0.47273986171559074
ASTRAL finished in 312.273 secs
