
================== ASTRAL ===================== 

This is ASTRAL version 4.10.10
Gene trees are treated as unrooted
1000 trees read from ASTRALDATA/model.200.500000.0.000001/22/estimatedgenetre.halfresolved
All output trees will be *arbitrarily* rooted at 144

======== Running the main analysis
Number of taxa: 201 (201 species)
Taxa: [144, 196, 83, 4, 179, 70, 162, 176, 165, 157, 61, 184, 37, 134, 172, 58, 155, 29, 115, 91, 55, 49, 8, 146, 106, 153, 16, 154, 81, 36, 73, 56, 27, 43, 18, 169, 84, 98, 66, 76, 124, 7, 100, 87, 102, 72, 96, 20, 0, 131, 63, 168, 147, 145, 181, 105, 54, 132, 52, 111, 191, 141, 75, 35, 135, 95, 82, 185, 40, 32, 67, 1, 140, 166, 198, 30, 65, 148, 46, 177, 57, 188, 17, 116, 170, 51, 69, 25, 59, 3, 112, 34, 193, 108, 47, 15, 173, 156, 5, 163, 194, 130, 200, 97, 122, 38, 180, 128, 45, 10, 187, 42, 119, 6, 53, 183, 114, 189, 149, 150, 171, 13, 24, 12, 88, 123, 195, 107, 19, 109, 161, 79, 64, 151, 103, 160, 68, 120, 133, 86, 126, 192, 164, 117, 137, 158, 48, 21, 41, 77, 33, 14, 136, 89, 127, 139, 99, 186, 31, 143, 101, 9, 175, 85, 74, 39, 60, 78, 94, 125, 110, 92, 190, 129, 93, 22, 11, 121, 138, 142, 167, 44, 50, 199, 174, 80, 159, 152, 71, 26, 2, 182, 113, 178, 118, 90, 28, 23, 197, 104, 62]
Taxon occupancy: {35=1000, 36=1000, 33=1000, 159=1000, 34=1000, 158=1000, 157=1000, 39=1000, 156=1000, 155=1000, 37=1000, 154=1000, 38=1000, 152=1000, 153=1000, 150=1000, 151=1000, 43=1000, 42=1000, 41=1000, 40=1000, 200=1000, 22=1000, 23=1000, 169=1000, 24=1000, 25=1000, 166=1000, 26=1000, 165=1000, 27=1000, 28=1000, 168=1000, 29=1000, 167=1000, 3=1000, 161=1000, 162=1000, 2=1000, 1=1000, 163=1000, 0=1000, 164=1000, 30=1000, 7=1000, 6=1000, 32=1000, 5=1000, 4=1000, 160=1000, 31=1000, 9=1000, 8=1000, 19=1000, 17=1000, 179=1000, 178=1000, 18=1000, 15=1000, 177=1000, 176=1000, 16=1000, 13=1000, 14=1000, 11=1000, 12=1000, 170=1000, 21=1000, 20=1000, 171=1000, 174=1000, 175=1000, 172=1000, 173=1000, 188=1000, 187=1000, 189=1000, 180=1000, 181=1000, 10=1000, 182=1000, 183=1000, 184=1000, 185=1000, 186=1000, 116=1000, 79=1000, 117=1000, 114=1000, 78=1000, 115=1000, 77=1000, 112=1000, 113=1000, 110=1000, 111=1000, 118=1000, 119=1000, 82=1000, 83=1000, 80=1000, 81=1000, 86=1000, 87=1000, 84=1000, 85=1000, 67=1000, 125=1000, 66=1000, 126=1000, 69=1000, 127=1000, 128=1000, 68=1000, 121=1000, 122=1000, 123=1000, 124=1000, 129=1000, 70=1000, 120=1000, 71=1000, 72=1000, 73=1000, 74=1000, 75=1000, 76=1000, 134=1000, 135=1000, 132=1000, 59=1000, 133=1000, 58=1000, 138=1000, 57=1000, 139=1000, 56=1000, 136=1000, 55=1000, 137=1000, 64=1000, 65=1000, 62=1000, 63=1000, 131=1000, 60=1000, 61=1000, 130=1000, 49=1000, 143=1000, 144=1000, 48=1000, 145=1000, 146=1000, 147=1000, 45=1000, 148=1000, 44=1000, 47=1000, 149=1000, 46=1000, 51=1000, 52=1000, 53=1000, 54=1000, 140=1000, 142=1000, 141=1000, 50=1000, 109=1000, 108=1000, 107=1000, 106=1000, 105=1000, 104=1000, 103=1000, 102=1000, 99=1000, 101=1000, 100=1000, 98=1000, 97=1000, 96=1000, 95=1000, 94=1000, 93=1000, 92=1000, 91=1000, 90=1000, 88=1000, 89=1000, 195=1000, 194=1000, 197=1000, 196=1000, 191=1000, 190=1000, 193=1000, 192=1000, 198=1000, 199=1000}
Number of gene trees: 1000
0 trees have missing taxa
Calculating quartet distance matrix (for completion of X)
Species tree distances calculated ...
Building set of clusters (X) from gene trees 
Using tree-based weight calculation.
Number of Default Clusters: 142405
Number of quartet trees in the gene trees: 65998349406
calculating extra bipartitions to be added at level 1 ...
Number of Clusters after addition by distance: 142429
Adding to X using resolutions of greedy consensus ...
Threshold 0.0:
polytomy of size 10; rounds with additions with at least 0.01 support: 13; clusters: 142975
Threshold 0.01:
polytomy of size 25; rounds with additions with at least 0.01 support: 4; clusters: 148605
Threshold 0.02:
polytomy of size 3; rounds with additions with at least 0.01 support: 0; clusters: 148605
polytomy of size 29; rounds with additions with at least 0.01 support: 3; clusters: 155201
Threshold 0.05:
polytomy of size 4; rounds with additions with at least 0.01 support: 0; clusters: 155201
polytomy of size 42; rounds with additions with at least 0.01 support: 0; clusters: 155287
Threshold 0.1:
polytomy of size 3; rounds with additions with at least 0.01 support: 0; clusters: 155287
polytomy of size 53; rounds with additions with at least 0.01 support: 0; clusters: 155455
Threshold 0.2:
polytomy of size 3; rounds with additions with at least 0.01 support: 0; clusters: 155455
polytomy of size 3; rounds with additions with at least 0.01 support: 0; clusters: 155455
polytomy of size 4; rounds with additions with at least 0.01 support: 0; clusters: 155455
polytomy of size 77; rounds with additions with at least 0.01 support: 0; clusters: 155541
Threshold 0.3333333333333333:
polytomy of size 3; rounds with additions with at least 0.01 support: 0; clusters: 155541
polytomy of size 4; rounds with additions with at least 0.01 support: 0; clusters: 155541
polytomy of size 5; rounds with additions with at least 0.01 support: 0; clusters: 155541
polytomy of size 3; rounds with additions with at least 0.01 support: 0; clusters: 155541
polytomy of size 5; rounds with additions with at least 0.01 support: 0; clusters: 155541
polytomy of size 4; rounds with additions with at least 0.01 support: 0; clusters: 155541
polytomy of size 3; rounds with additions with at least 0.01 support: 0; clusters: 155541
Number of Clusters after addition by greedy: 155541
partitions formed in 88.493 secs
Dynamic Programming starting after 88.493 secs
Size of largest cluster: 201
Calculated 100000 weights; time (seconds): 725
Calculated 200000 weights; time (seconds): 625
Calculated 300000 weights; time (seconds): 641
Total Number of elements weighted: 361140
Normalized score (portion of input quartet trees satisfied): 0.4705642097645644
Final optimization score: 31056461134
Optimal tree inferred in 2402.967 secs.
(47,(193,(108,((112,34),(((59,(25,3)),((111,(191,150)),((171,(13,24)),(52,(149,12))))),((164,(170,(51,69))),((((54,132),((66,65),(96,20))),(((72,(129,(165,(157,61)))),(76,(182,((57,188),(17,(144,116)))))),((124,((7,100),(162,176))),(((119,6),(87,102)),(196,((83,4),(179,70))))))),((0,(((187,192),((148,126),(46,177))),(((36,156),(5,(113,(178,118)))),((155,(58,((184,37),(134,172)))),((153,((146,106),((55,8),((29,91),(115,49))))),((67,(198,((166,30),(1,140)))),((82,185),((40,32),((135,95),((75,35),(16,(141,(154,81))))))))))))),(((((183,99),(53,(186,31))),((103,(79,((68,120),(133,86)))),((28,(160,90)),(161,(64,151))))),(((138,(136,(127,(89,142)))),((48,21),(((137,158),(117,14)),(41,(139,(77,33)))))),(((73,(56,27)),((15,173),(167,44))),((199,(50,(93,22))),((11,121),((174,80),(159,152))))))),(((9,175),((62,(104,(23,197))),((85,(71,(74,39))),((101,78),(26,(43,143)))))),((2,((88,60),(98,((84,(18,169)),(125,(94,(110,(92,190)))))))),(((63,45),((145,(181,105)),((168,10),((114,189),(42,(131,147)))))),((123,195),(((163,122),(38,(180,128))),(194,((19,(107,109)),(97,(130,200))))))))))))))))));
Quartet score is: 31056461134
Normalized quartet score is: 0.4705642097645644
ASTRAL finished in 2411.108 secs
