
================== ASTRAL ===================== 

This is ASTRAL version 4.10.10
Gene trees are treated as unrooted
999 trees read from ASTRALDATA/model.200.2000000.0.0000001/30/estimatedgenetre.halfresolved
All output trees will be *arbitrarily* rooted at 123

======== Running the main analysis
Number of taxa: 201 (201 species)
Taxa: [123, 72, 83, 64, 100, 178, 135, 85, 13, 157, 38, 60, 116, 146, 54, 117, 162, 36, 49, 198, 127, 187, 8, 140, 53, 73, 4, 12, 31, 86, 164, 199, 57, 153, 40, 109, 128, 151, 196, 185, 102, 32, 91, 21, 150, 18, 103, 78, 52, 46, 137, 183, 30, 69, 190, 152, 27, 66, 110, 22, 101, 113, 180, 139, 9, 62, 11, 136, 34, 42, 95, 90, 92, 37, 68, 145, 35, 1, 107, 25, 93, 193, 106, 45, 55, 131, 197, 121, 155, 159, 168, 160, 63, 104, 158, 173, 176, 0, 154, 3, 29, 184, 76, 59, 58, 179, 96, 126, 148, 81, 165, 114, 144, 133, 48, 56, 108, 99, 84, 129, 2, 169, 50, 7, 77, 189, 44, 47, 14, 89, 98, 194, 156, 120, 111, 80, 26, 41, 142, 15, 28, 105, 115, 79, 10, 5, 188, 200, 6, 191, 24, 192, 74, 88, 61, 130, 19, 166, 175, 163, 143, 51, 33, 124, 75, 122, 94, 172, 43, 186, 181, 65, 138, 20, 149, 167, 67, 23, 17, 174, 87, 118, 39, 119, 125, 134, 170, 171, 71, 82, 195, 70, 112, 177, 132, 182, 147, 161, 97, 16, 141]
Taxon occupancy: {35=999, 36=999, 159=999, 33=999, 158=999, 34=999, 157=999, 39=999, 156=999, 155=999, 37=999, 38=999, 154=999, 152=999, 153=999, 150=999, 151=999, 43=999, 42=999, 41=999, 40=999, 200=999, 22=999, 169=999, 23=999, 24=999, 25=999, 26=999, 166=999, 27=999, 165=999, 168=999, 28=999, 29=999, 167=999, 161=999, 3=999, 162=999, 2=999, 1=999, 163=999, 164=999, 0=999, 30=999, 7=999, 6=999, 32=999, 5=999, 160=999, 4=999, 31=999, 9=999, 8=999, 19=999, 179=999, 17=999, 178=999, 18=999, 177=999, 15=999, 16=999, 176=999, 13=999, 14=999, 11=999, 12=999, 21=999, 170=999, 20=999, 171=999, 174=999, 175=999, 172=999, 173=999, 188=999, 187=999, 189=999, 180=999, 10=999, 181=999, 182=999, 183=999, 184=999, 185=999, 186=999, 116=999, 117=999, 79=999, 78=999, 114=999, 77=999, 115=999, 112=999, 113=999, 110=999, 111=999, 118=999, 119=999, 82=999, 83=999, 80=999, 81=999, 86=999, 87=999, 84=999, 85=999, 67=999, 125=999, 66=999, 126=999, 69=999, 127=999, 68=999, 128=999, 121=999, 122=999, 123=999, 124=999, 129=999, 70=999, 120=999, 71=999, 72=999, 73=999, 74=999, 75=999, 76=999, 134=999, 135=999, 132=999, 59=999, 133=999, 58=999, 138=999, 139=999, 57=999, 136=999, 56=999, 55=999, 137=999, 64=999, 65=999, 62=999, 63=999, 131=999, 60=999, 61=999, 130=999, 49=999, 143=999, 144=999, 48=999, 145=999, 146=999, 147=999, 45=999, 148=999, 44=999, 47=999, 149=999, 46=999, 51=999, 52=999, 53=999, 54=999, 140=999, 142=999, 141=999, 50=999, 109=999, 108=999, 107=999, 106=999, 105=999, 104=999, 103=999, 102=999, 99=999, 101=999, 100=999, 98=999, 97=999, 96=999, 95=999, 94=999, 93=999, 92=999, 91=999, 90=999, 88=999, 89=999, 195=999, 194=999, 197=999, 196=999, 191=999, 190=999, 193=999, 192=999, 198=999, 199=999}
Number of gene trees: 999
0 trees have missing taxa
Calculating quartet distance matrix (for completion of X)
Species tree distances calculated ...
Building set of clusters (X) from gene trees 
Using tree-based weight calculation.
Number of Default Clusters: 106727
Number of quartet trees in the gene trees: 65932020228
calculating extra bipartitions to be added at level 1 ...
Number of Clusters after addition by distance: 106743
Adding to X using resolutions of greedy consensus ...
Threshold 0.0:
polytomy of size 5; rounds with additions with at least 0.01 support: 1; clusters: 106775
Threshold 0.01:
polytomy of size 16; rounds with additions with at least 0.01 support: 5; clusters: 107547
Threshold 0.02:
polytomy of size 19; rounds with additions with at least 0.01 support: 3; clusters: 108423
Threshold 0.05:
polytomy of size 25; rounds with additions with at least 0.01 support: 3; clusters: 108461
Threshold 0.1:
polytomy of size 4; rounds with additions with at least 0.01 support: 0; clusters: 108461
polytomy of size 3; rounds with additions with at least 0.01 support: 0; clusters: 108461
polytomy of size 33; rounds with additions with at least 0.01 support: 0; clusters: 108477
Threshold 0.2:
polytomy of size 3; rounds with additions with at least 0.01 support: 0; clusters: 108477
polytomy of size 4; rounds with additions with at least 0.01 support: 0; clusters: 108477
polytomy of size 6; rounds with additions with at least 0.01 support: 0; clusters: 108477
polytomy of size 4; rounds with additions with at least 0.01 support: 0; clusters: 108477
polytomy of size 48; rounds with additions with at least 0.01 support: 0; clusters: 108503
Threshold 0.3333333333333333:
polytomy of size 3; rounds with additions with at least 0.01 support: 0; clusters: 108503
polytomy of size 3; rounds with additions with at least 0.01 support: 0; clusters: 108503
polytomy of size 3; rounds with additions with at least 0.01 support: 0; clusters: 108503
polytomy of size 3; rounds with additions with at least 0.01 support: 0; clusters: 108503
polytomy of size 3; rounds with additions with at least 0.01 support: 0; clusters: 108503
polytomy of size 3; rounds with additions with at least 0.01 support: 0; clusters: 108503
polytomy of size 6; rounds with additions with at least 0.01 support: 0; clusters: 108503
polytomy of size 6; rounds with additions with at least 0.01 support: 0; clusters: 108503
polytomy of size 3; rounds with additions with at least 0.01 support: 0; clusters: 108503
polytomy of size 70; rounds with additions with at least 0.01 support: 0; clusters: 127585
Number of Clusters after addition by greedy: 127585
partitions formed in 69.881 secs
Dynamic Programming starting after 69.881 secs
Size of largest cluster: 201
Calculated 100000 weights; time (seconds): 684
Calculated 200000 weights; time (seconds): 625
Calculated 300000 weights; time (seconds): 642
Total Number of elements weighted: 339907
Normalized score (portion of input quartet trees satisfied): 0.6248877824845286
Final optimization score: 41200113915
Optimal tree inferred in 2220.475 secs.
(158,((((49,(36,198)),(54,(117,162))),(((21,(150,18)),((153,196),(46,((103,(78,52)),(((32,91),((185,102),(109,(40,(128,151))))),(137,(101,((183,152),(30,(22,((69,190),(110,(27,66))))))))))))),((34,(136,42)),(141,(((9,(11,(62,16))),((178,(135,85)),(182,(147,161)))),((64,(83,(100,(123,72)))),(((97,(35,1)),(131,((193,(25,93)),(55,(107,(106,45)))))),((57,37),(112,((31,(95,(86,(164,199)))),((4,12),((140,(53,73)),(68,(145,82)))))))))))))),((127,((90,92),(104,(197,(63,(160,(121,(155,(159,168))))))))),(((177,(195,((187,8),((113,132),(180,139))))),((84,(48,2)),((129,(114,(144,133))),(118,(165,(56,(108,99))))))),(0,(70,(((173,176),((186,(149,167)),(181,(65,(138,20))))),(((13,((157,38),(60,(116,146)))),(((67,23),(87,(17,174))),((170,(171,71)),(134,(125,(39,119)))))),((3,(154,29)),((169,50),(((188,200),((74,(24,192)),((61,(124,(75,122))),((175,163),(88,((6,191),((143,(51,33)),(166,(130,19))))))))),(((((14,89),(98,194)),(47,(156,(120,111)))),(184,((76,59),(148,(81,(58,(96,(179,126)))))))),(((10,(79,5)),(189,(7,(77,44)))),((94,(172,43)),((80,(26,41)),((142,15),(28,(105,115))))))))))))))))));
Quartet score is: 41200113915
Normalized quartet score is: 0.6248877824845286
ASTRAL finished in 2228.658 secs
