
================== ASTRAL ===================== 

This is ASTRAL version 4.10.8
Gene trees are treated as unrooted
1000 trees read from model.200.2000000.0.000001/15/estimatedgenetre.halfresolved
All outputted trees will be *arbitrarily* rooted at 155

======== Running the main analysis
Number of taxa: 201 (201 species)
Taxa: [155, 32, 16, 78, 86, 6, 156, 103, 58, 76, 19, 66, 47, 97, 87, 163, 22, 9, 122, 185, 199, 145, 166, 164, 114, 111, 147, 182, 11, 28, 88, 0, 188, 38, 117, 183, 33, 112, 170, 167, 31, 53, 189, 42, 123, 29, 89, 178, 67, 15, 98, 102, 107, 77, 60, 162, 99, 141, 21, 2, 46, 48, 1, 83, 192, 92, 161, 110, 37, 127, 50, 41, 51, 160, 135, 184, 81, 3, 172, 128, 153, 149, 20, 55, 72, 44, 14, 193, 43, 56, 165, 35, 125, 134, 85, 168, 195, 25, 196, 61, 54, 70, 132, 49, 144, 129, 82, 154, 64, 136, 24, 174, 158, 118, 186, 175, 200, 30, 80, 62, 63, 108, 7, 181, 130, 148, 93, 152, 45, 187, 191, 120, 194, 157, 139, 5, 90, 146, 4, 106, 159, 137, 173, 26, 179, 10, 109, 65, 138, 121, 101, 27, 198, 142, 105, 100, 115, 12, 91, 13, 113, 151, 95, 74, 36, 150, 116, 171, 197, 8, 79, 71, 96, 59, 69, 57, 119, 180, 23, 39, 84, 190, 143, 169, 68, 124, 94, 133, 140, 75, 18, 40, 176, 73, 52, 177, 131, 104, 17, 34, 126]
Taxon occupancy: {35=1000, 36=1000, 33=1000, 159=1000, 34=1000, 158=1000, 157=1000, 39=1000, 156=1000, 37=1000, 155=1000, 38=1000, 154=1000, 152=1000, 153=1000, 150=1000, 151=1000, 43=1000, 42=1000, 41=1000, 40=1000, 200=1000, 22=1000, 23=1000, 169=1000, 24=1000, 25=1000, 166=1000, 26=1000, 165=1000, 27=1000, 168=1000, 28=1000, 167=1000, 29=1000, 3=1000, 161=1000, 2=1000, 162=1000, 1=1000, 163=1000, 164=1000, 0=1000, 30=1000, 7=1000, 6=1000, 32=1000, 5=1000, 160=1000, 31=1000, 4=1000, 9=1000, 8=1000, 19=1000, 17=1000, 179=1000, 178=1000, 18=1000, 177=1000, 15=1000, 176=1000, 16=1000, 13=1000, 14=1000, 11=1000, 12=1000, 21=1000, 170=1000, 20=1000, 171=1000, 174=1000, 175=1000, 172=1000, 173=1000, 188=1000, 187=1000, 189=1000, 180=1000, 181=1000, 10=1000, 182=1000, 183=1000, 184=1000, 185=1000, 186=1000, 116=1000, 117=1000, 79=1000, 78=1000, 114=1000, 77=1000, 115=1000, 112=1000, 113=1000, 110=1000, 111=1000, 118=1000, 119=1000, 82=1000, 83=1000, 80=1000, 81=1000, 86=1000, 87=1000, 84=1000, 85=1000, 125=1000, 67=1000, 126=1000, 66=1000, 127=1000, 69=1000, 128=1000, 68=1000, 121=1000, 122=1000, 123=1000, 124=1000, 129=1000, 70=1000, 120=1000, 71=1000, 72=1000, 73=1000, 74=1000, 75=1000, 76=1000, 134=1000, 135=1000, 132=1000, 59=1000, 133=1000, 58=1000, 138=1000, 139=1000, 57=1000, 56=1000, 136=1000, 55=1000, 137=1000, 64=1000, 65=1000, 62=1000, 63=1000, 131=1000, 60=1000, 61=1000, 130=1000, 49=1000, 143=1000, 48=1000, 144=1000, 145=1000, 146=1000, 147=1000, 45=1000, 44=1000, 148=1000, 149=1000, 47=1000, 46=1000, 51=1000, 52=1000, 53=1000, 54=1000, 140=1000, 142=1000, 50=1000, 141=1000, 109=1000, 108=1000, 107=1000, 106=1000, 105=1000, 104=1000, 103=1000, 99=1000, 102=1000, 101=1000, 100=1000, 98=1000, 97=1000, 96=1000, 95=1000, 94=1000, 93=1000, 92=1000, 91=1000, 90=1000, 88=1000, 89=1000, 195=1000, 194=1000, 197=1000, 196=1000, 191=1000, 190=1000, 193=1000, 192=1000, 198=1000, 199=1000}
Number of gene trees: 1000
0 trees have missing taxa
Calculating quartet distance matrix (for completion of X)
Species tree distances calculated ...
Building set of clusters (X) from gene trees 
Using tree-based weight calculation.
Number of Default Clusters: 60859
Number of quartet trees in the gene trees: 65996346708
calculating extra bipartitions to be added at level 1 ...
Number of Clusters after addition by distance: 60859
Adding to X using resolutions of greedy consensus ...
Threshold 0.0:
Threshold 0.01:
polytomy of size 4; rounds with additions with at least 0.01 support: 0; clusters: 60863
Threshold 0.02:
polytomy of size 5; rounds with additions with at least 0.01 support: 0; clusters: 60869
Threshold 0.05:
polytomy of size 8; rounds with additions with at least 0.01 support: 0; clusters: 60869
Threshold 0.1:
polytomy of size 3; rounds with additions with at least 0.01 support: 0; clusters: 60869
polytomy of size 4; rounds with additions with at least 0.01 support: 0; clusters: 60869
polytomy of size 10; rounds with additions with at least 0.01 support: 0; clusters: 60869
Threshold 0.2:
polytomy of size 4; rounds with additions with at least 0.01 support: 0; clusters: 60869
polytomy of size 5; rounds with additions with at least 0.01 support: 0; clusters: 60869
polytomy of size 3; rounds with additions with at least 0.01 support: 0; clusters: 60869
polytomy of size 5; rounds with additions with at least 0.01 support: 0; clusters: 60869
polytomy of size 3; rounds with additions with at least 0.01 support: 0; clusters: 60869
polytomy of size 6; rounds with additions with at least 0.01 support: 0; clusters: 60869
polytomy of size 3; rounds with additions with at least 0.01 support: 0; clusters: 60869
polytomy of size 3; rounds with additions with at least 0.01 support: 0; clusters: 60869
polytomy of size 5; rounds with additions with at least 0.01 support: 0; clusters: 60869
polytomy of size 5; rounds with additions with at least 0.01 support: 0; clusters: 60869
polytomy of size 3; rounds with additions with at least 0.01 support: 0; clusters: 60869
polytomy of size 13; rounds with additions with at least 0.01 support: 0; clusters: 60869
Threshold 0.3333333333333333:
polytomy of size 3; rounds with additions with at least 0.01 support: 0; clusters: 60869
polytomy of size 5; rounds with additions with at least 0.01 support: 0; clusters: 60869
polytomy of size 7; rounds with additions with at least 0.01 support: 0; clusters: 60869
polytomy of size 4; rounds with additions with at least 0.01 support: 0; clusters: 60869
polytomy of size 3; rounds with additions with at least 0.01 support: 0; clusters: 60869
polytomy of size 5; rounds with additions with at least 0.01 support: 0; clusters: 60869
polytomy of size 4; rounds with additions with at least 0.01 support: 0; clusters: 60869
polytomy of size 3; rounds with additions with at least 0.01 support: 0; clusters: 60869
polytomy of size 3; rounds with additions with at least 0.01 support: 0; clusters: 60869
polytomy of size 3; rounds with additions with at least 0.01 support: 0; clusters: 60869
polytomy of size 5; rounds with additions with at least 0.01 support: 0; clusters: 60869
polytomy of size 3; rounds with additions with at least 0.01 support: 0; clusters: 60869
polytomy of size 5; rounds with additions with at least 0.01 support: 0; clusters: 60869
polytomy of size 3; rounds with additions with at least 0.01 support: 0; clusters: 60869
polytomy of size 35; rounds with additions with at least 0.01 support: 0; clusters: 62849
Number of Clusters after addition by greedy: 62849
partitions formed in 32.721 secs
Dynamic Programming starting after 32.721 secs
Size of largest cluster: 201
Size of largest cluster: 201
Total Number of elements weighted: 255809
Normalized score (portion of input quartet trees satisfied): NaN
Final optimization score: 0
Calculated 100000 weights; time (seconds): 55
Calculated 200000 weights; time (seconds): 21
Total Number of elements weighted: 255809
Normalized score (portion of input quartet trees satisfied): 0.6730171959293598
Final optimization score: 44416676203
Optimal tree inferred in 95.352 secs.
(155,((103,(58,76)),((156,(6,(78,86))),((32,16),(((((148,93),(25,196)),((130,152),(45,(7,181)))),(61,(195,(((82,154),(129,((54,70),(132,(49,144))))),(((63,108),(30,(175,200))),((136,(64,(24,174))),((80,62),(158,(118,186))))))))),((141,((((107,77),(98,102)),(15,((188,(38,117)),(((31,42),((29,89),(178,(123,67)))),((53,189),(167,(170,(33,(183,112))))))))),((125,(134,(85,168))),(((14,(135,184)),((193,35),(165,(43,56)))),(81,((60,(72,44)),((162,99),((128,(153,149)),((3,172),(20,55)))))))))),((0,(((46,(21,2)),((157,139),(194,((5,90),(120,(187,191)))))),((50,(41,51)),((48,1),(127,(37,(110,((92,161),(83,192))))))))),(160,((((22,(163,(9,122))),((23,(119,180)),(((159,137),(146,(4,106))),((173,10),(26,(179,109)))))),((19,(34,126)),(88,((87,(66,(47,97))),((199,145),((11,28),(166,(185,((164,114),(147,(111,182))))))))))),((((169,68),(57,((39,84),(190,143)))),((94,133),((124,(177,(131,(104,17)))),(140,(75,((73,52),(18,(40,176)))))))),(((116,(74,(36,150))),(96,((69,(79,71)),(171,(197,(8,59)))))),((101,((27,198),(65,(138,121)))),(142,(105,((13,(12,91)),(115,(113,(100,(151,95)))))))))))))))))));
Quartet score is: 44416676203
Normalized quartet score is: 0.6730171959293598
ASTRAL finished in 105.489 secs
