
================== ASTRAL ===================== 

This is ASTRAL version 4.10.8
Gene trees are treated as unrooted
1000 trees read from model.200.10000000.0.000001/11/estimatedgenetre.halfresolved
All outputted trees will be *arbitrarily* rooted at 108

======== Running the main analysis
Number of taxa: 201 (201 species)
Taxa: [108, 39, 111, 164, 172, 44, 118, 84, 134, 5, 57, 127, 61, 152, 123, 161, 183, 160, 136, 6, 178, 28, 43, 78, 46, 198, 186, 199, 38, 58, 180, 112, 17, 35, 21, 91, 105, 59, 188, 176, 117, 177, 119, 166, 75, 157, 83, 159, 142, 60, 120, 52, 29, 66, 1, 167, 48, 47, 101, 129, 30, 10, 40, 109, 126, 36, 107, 99, 145, 81, 63, 74, 158, 14, 49, 125, 133, 7, 31, 156, 12, 137, 169, 155, 79, 114, 138, 132, 170, 24, 0, 122, 19, 192, 154, 89, 135, 18, 100, 175, 151, 72, 149, 42, 103, 174, 124, 62, 15, 34, 8, 92, 9, 121, 11, 153, 65, 53, 140, 87, 33, 26, 197, 184, 27, 20, 148, 130, 94, 200, 32, 146, 85, 73, 102, 25, 68, 113, 51, 95, 173, 69, 16, 45, 2, 37, 54, 165, 189, 190, 67, 141, 77, 147, 55, 162, 86, 143, 179, 128, 116, 22, 195, 70, 150, 193, 191, 41, 93, 76, 182, 88, 187, 71, 50, 106, 139, 98, 115, 194, 196, 168, 131, 3, 144, 96, 181, 163, 82, 4, 56, 110, 185, 97, 13, 80, 104, 90, 64, 171, 23]
Taxon occupancy: {35=1000, 36=1000, 159=1000, 33=1000, 158=1000, 34=1000, 39=1000, 157=1000, 156=1000, 155=1000, 37=1000, 154=1000, 38=1000, 152=1000, 153=1000, 150=1000, 151=1000, 43=1000, 42=1000, 41=1000, 40=1000, 200=1000, 22=1000, 23=1000, 169=1000, 24=1000, 25=1000, 166=1000, 26=1000, 27=1000, 165=1000, 28=1000, 168=1000, 167=1000, 29=1000, 161=1000, 3=1000, 2=1000, 162=1000, 1=1000, 163=1000, 0=1000, 164=1000, 7=1000, 30=1000, 6=1000, 5=1000, 32=1000, 31=1000, 160=1000, 4=1000, 9=1000, 8=1000, 19=1000, 17=1000, 179=1000, 178=1000, 18=1000, 177=1000, 15=1000, 176=1000, 16=1000, 13=1000, 14=1000, 11=1000, 12=1000, 170=1000, 21=1000, 171=1000, 20=1000, 174=1000, 175=1000, 172=1000, 173=1000, 188=1000, 187=1000, 189=1000, 180=1000, 10=1000, 181=1000, 182=1000, 183=1000, 184=1000, 185=1000, 186=1000, 116=1000, 79=1000, 117=1000, 114=1000, 78=1000, 77=1000, 115=1000, 112=1000, 113=1000, 110=1000, 111=1000, 118=1000, 119=1000, 82=1000, 83=1000, 80=1000, 81=1000, 86=1000, 87=1000, 84=1000, 85=1000, 125=1000, 67=1000, 126=1000, 66=1000, 127=1000, 69=1000, 68=1000, 128=1000, 121=1000, 122=1000, 123=1000, 124=1000, 129=1000, 70=1000, 120=1000, 71=1000, 72=1000, 73=1000, 74=1000, 75=1000, 76=1000, 134=1000, 135=1000, 132=1000, 133=1000, 59=1000, 138=1000, 58=1000, 57=1000, 139=1000, 136=1000, 56=1000, 137=1000, 55=1000, 64=1000, 65=1000, 62=1000, 63=1000, 60=1000, 131=1000, 61=1000, 130=1000, 49=1000, 143=1000, 48=1000, 144=1000, 145=1000, 146=1000, 45=1000, 147=1000, 44=1000, 148=1000, 47=1000, 149=1000, 46=1000, 51=1000, 52=1000, 53=1000, 54=1000, 140=1000, 142=1000, 141=1000, 50=1000, 109=1000, 108=1000, 107=1000, 106=1000, 105=1000, 104=1000, 103=1000, 99=1000, 102=1000, 101=1000, 100=1000, 98=1000, 97=1000, 96=1000, 95=1000, 94=1000, 93=1000, 92=1000, 91=1000, 90=1000, 88=1000, 89=1000, 195=1000, 194=1000, 197=1000, 196=1000, 191=1000, 190=1000, 193=1000, 192=1000, 198=1000, 199=1000}
Number of gene trees: 1000
0 trees have missing taxa
Calculating quartet distance matrix (for completion of X)
Species tree distances calculated ...
Building set of clusters (X) from gene trees 
Using tree-based weight calculation.
Number of Default Clusters: 7317
Number of quartet trees in the gene trees: 65998262577
calculating extra bipartitions to be added at level 1 ...
Number of Clusters after addition by distance: 7319
Adding to X using resolutions of greedy consensus ...
Threshold 0.0:
Threshold 0.01:
Threshold 0.02:
Threshold 0.05:
Threshold 0.1:
Threshold 0.2:
Threshold 0.3333333333333333:
polytomy of size 3; rounds with additions with at least 0.01 support: 0; clusters: 7319
polytomy of size 4; rounds with additions with at least 0.01 support: 0; clusters: 7319
polytomy of size 4; rounds with additions with at least 0.01 support: 0; clusters: 7319
polytomy of size 3; rounds with additions with at least 0.01 support: 0; clusters: 7319
polytomy of size 3; rounds with additions with at least 0.01 support: 0; clusters: 7319
polytomy of size 3; rounds with additions with at least 0.01 support: 0; clusters: 7319
polytomy of size 3; rounds with additions with at least 0.01 support: 0; clusters: 7319
polytomy of size 3; rounds with additions with at least 0.01 support: 0; clusters: 7319
polytomy of size 3; rounds with additions with at least 0.01 support: 0; clusters: 7319
polytomy of size 3; rounds with additions with at least 0.01 support: 0; clusters: 7319
Number of Clusters after addition by greedy: 7319
partitions formed in 8.949 secs
Dynamic Programming starting after 8.95 secs
Size of largest cluster: 201
Size of largest cluster: 201
Total Number of elements weighted: 20804
Normalized score (portion of input quartet trees satisfied): NaN
Final optimization score: 0
Total Number of elements weighted: 20804
Normalized score (portion of input quartet trees satisfied): 0.9554496828371865
Final optimization score: 63058019047
Optimal tree inferred in 15.385 secs.
(108,(39,((111,((171,23),(90,64))),(164,((44,(172,118)),((97,(13,(80,104))),(((3,(131,144)),(96,(82,((181,163),(4,(56,110)))))),((((187,(106,(71,50))),((139,98),((196,168),(115,194)))),(((105,59),((21,(91,188)),(117,(176,(177,119))))),(((((134,5),(57,(84,127))),(((61,152),(123,161)),((183,160),(136,6)))),((38,(58,(17,(180,112)))),((199,(43,(178,28))),(35,(78,(186,(46,198))))))),(((166,75),((30,10),((47,(48,(101,129))),(52,(29,(66,(1,167))))))),((157,(83,(142,(60,(159,120))))),(((145,81),((158,14),(63,74))),(40,(36,((109,126),(107,99)))))))))),(185,((((114,138),(24,(132,170))),((79,(155,(12,(137,169)))),(49,((125,133),(7,(31,156)))))),(0,((((179,128),((41,((93,76),(182,88))),((193,(116,22)),(195,(150,(70,191)))))),(((173,(37,54)),(69,(45,(16,2)))),(((86,143),(147,(55,162))),(165,(189,(77,(141,(190,67)))))))),((((154,(89,135)),(192,(122,19))),((100,(18,(175,151))),(72,(15,(149,((42,103),(174,(124,62)))))))),(((153,((65,53),(140,87))),((92,9),((34,11),(8,121)))),((26,(33,197)),((184,27),((20,148),((130,((32,146),(94,200))),(95,((73,(113,51)),(68,(85,(102,25)))))))))))))))))))))));
Quartet score is: 63058019047
Normalized quartet score is: 0.9554496828371865
ASTRAL finished in 25.533 secs
