
================== ASTRAL ===================== 

This is ASTRAL version 4.10.8
Gene trees are treated as unrooted
1000 trees read from ASTRALDATA/model.1000.2000000.0.000001/15/estimatedgenetre.halfresolved
All outputted trees will be *arbitrarily* rooted at 699

======== Running the main analysis
Number of taxa: 1001 (1001 species)
Taxa: [699, 423, 208, 467, 662, 590, 500, 173, 499, 726, 828, 24, 585, 313, 368, 960, 867, 961, 959, 103, 821, 274, 476, 877, 490, 317, 682, 913, 873, 549, 993, 909, 617, 59, 348, 353, 918, 299, 231, 845, 827, 164, 568, 334, 328, 139, 516, 914, 332, 848, 885, 785, 754, 23, 117, 510, 938, 432, 727, 513, 13, 903, 254, 175, 702, 722, 133, 820, 920, 242, 720, 979, 675, 263, 104, 421, 541, 60, 216, 75, 378, 275, 180, 606, 119, 725, 972, 447, 915, 445, 899, 826, 251, 43, 38, 151, 823, 716, 921, 283, 1, 128, 859, 962, 227, 55, 470, 26, 695, 546, 811, 147, 355, 385, 532, 374, 494, 265, 403, 314, 536, 402, 539, 567, 62, 777, 743, 648, 652, 775, 833, 49, 371, 600, 740, 947, 958, 718, 690, 110, 839, 515, 198, 411, 912, 82, 793, 489, 120, 126, 505, 901, 599, 303, 749, 910, 443, 945, 10, 239, 166, 609, 719, 926, 533, 734, 624, 904, 786, 417, 3, 604, 50, 758, 975, 356, 217, 563, 193, 416, 172, 582, 184, 47, 753, 941, 792, 557, 309, 270, 41, 19, 787, 345, 626, 2, 370, 620, 444, 460, 245, 296, 742, 162, 988, 461, 430, 380, 232, 693, 987, 7, 759, 818, 365, 558, 342, 704, 588, 860, 906, 485, 762, 799, 598, 31, 800, 153, 360, 562, 468, 504, 528, 526, 995, 672, 14, 977, 185, 952, 670, 502, 429, 622, 377, 163, 399, 530, 935, 404, 473, 627, 658, 697, 868, 291, 674, 771, 596, 155, 956, 0, 645, 191, 714, 335, 738, 414, 324, 77, 186, 559, 730, 352, 989, 968, 420, 389, 788, 250, 994, 108, 654, 637, 6, 955, 435, 450, 310, 278, 195, 553, 109, 711, 51, 678, 266, 92, 479, 853, 778, 621, 891, 980, 196, 869, 578, 91, 933, 8, 422, 45, 766, 817, 269, 194, 619, 864, 298, 459, 522, 957, 844, 326, 37, 765, 794, 12, 160, 472, 717, 132, 579, 572, 273, 428, 829, 81, 634, 406, 831, 525, 865, 760, 729, 305, 247, 819, 222, 34, 331, 888, 125, 388, 878, 381, 889, 931, 349, 134, 990, 751, 795, 387, 83, 684, 736, 543, 394, 289, 552, 881, 174, 791, 413, 159, 744, 255, 815, 908, 259, 814, 841, 145, 710, 401, 138, 376, 874, 29, 179, 71, 739, 315, 687, 650, 608, 655, 664, 396, 721, 44, 66, 679, 54, 101, 950, 680, 998, 338, 629, 982, 123, 676, 805, 192, 576, 925, 531, 496, 540, 438, 630, 731, 306, 538, 667, 148, 519, 928, 106, 280, 996, 140, 67, 927, 146, 260, 661, 95, 258, 880, 351, 437, 392, 875, 639, 302, 463, 32, 130, 706, 1000, 136, 587, 688, 551, 900, 383, 135, 475, 80, 879, 855, 18, 129, 246, 343, 89, 737, 481, 391, 890, 154, 547, 486, 212, 30, 978, 219, 548, 882, 407, 755, 156, 241, 102, 20, 887, 113, 240, 776, 846, 142, 218, 797, 397, 570, 202, 763, 210, 616, 790, 850, 464, 838, 892, 323, 946, 633, 288, 781, 190, 863, 230, 308, 594, 653, 35, 837, 663, 660, 709, 544, 942, 362, 290, 514, 52, 623, 183, 72, 94, 985, 834, 999, 427, 21, 843, 152, 25, 866, 895, 46, 615, 271, 412, 53, 498, 446, 752, 319, 478, 824, 124, 782, 118, 566, 898, 534, 366, 121, 854, 948, 90, 657, 916, 256, 628, 911, 337, 149, 556, 112, 876, 757, 238, 390, 400, 329, 287, 953, 178, 748, 176, 665, 48, 357, 569, 440, 197, 798, 22, 527, 647, 168, 700, 733, 369, 929, 367, 973, 936, 451, 707, 415, 28, 705, 703, 806, 613, 221, 233, 974, 858, 963, 493, 939, 359, 893, 907, 465, 774, 683, 167, 951, 836, 830, 143, 611, 442, 803, 492, 871, 491, 944, 644, 215, 497, 300, 586, 63, 434, 520, 209, 640, 482, 671, 560, 550, 294, 301, 610, 835, 954, 589, 713, 350, 131, 689, 487, 523, 813, 200, 243, 419, 249, 488, 677, 285, 862, 577, 70, 107, 708, 264, 189, 698, 211, 207, 452, 807, 474, 386, 373, 503, 997, 201, 767, 509, 161, 96, 340, 597, 666, 220, 602, 325, 157, 150, 808, 425, 770, 636, 224, 852, 122, 426, 4, 825, 692, 784, 214, 188, 976, 115, 292, 779, 316, 322, 252, 439, 78, 286, 114, 295, 364, 735, 592, 170, 304, 822, 905, 165, 872, 851, 564, 39, 277, 471, 5, 521, 745, 668, 583, 282, 158, 307, 508, 810, 79, 894, 685, 669, 244, 741, 991, 535, 965, 638, 279, 940, 320, 857, 333, 100, 17, 248, 375, 456, 234, 74, 618, 483, 116, 816, 495, 61, 635, 203, 512, 484, 842, 105, 969, 276, 518, 87, 228, 436, 433, 454, 971, 171, 410, 457, 321, 177, 318, 379, 441, 424, 93, 641, 16, 724, 11, 64, 182, 723, 84, 561, 405, 625, 76, 205, 809, 206, 747, 783, 431, 802, 804, 934, 694, 612, 861, 542, 789, 595, 686, 917, 537, 607, 311, 840, 330, 144, 930, 772, 601, 458, 545, 554, 480, 902, 922, 673, 832, 981, 897, 591, 253, 746, 769, 632, 409, 643, 984, 937, 924, 986, 65, 40, 849, 584, 555, 261, 883, 580, 382, 764, 42, 86, 603, 812, 262, 336, 896, 932, 886, 384, 919, 267, 181, 992, 593, 235, 36, 358, 651, 506, 529, 462, 796, 923, 73, 85, 780, 398, 57, 701, 293, 761, 691, 226, 97, 656, 33, 27, 56, 681, 511, 565, 964, 88, 507, 361, 943, 268, 127, 455, 856, 870, 169, 773, 642, 768, 967, 257, 949, 229, 524, 137, 339, 99, 284, 344, 756, 213, 98, 477, 199, 449, 68, 223, 605, 466, 631, 970, 728, 712, 297, 237, 884, 327, 363, 9, 141, 312, 501, 750, 649, 236, 469, 581, 614, 571, 204, 395, 346, 715, 187, 69, 418, 575, 393, 225, 372, 354, 448, 453, 408, 111, 801, 574, 659, 517, 15, 983, 58, 347, 341, 696, 573, 281, 272, 732, 847, 966, 646]
Taxon occupancy: {338=1000, 339=1000, 941=1000, 942=1000, 940=1000, 332=1000, 945=1000, 946=1000, 333=1000, 943=1000, 330=1000, 331=1000, 944=1000, 949=1000, 336=1000, 337=1000, 334=1000, 947=1000, 335=1000, 948=1000, 531=1000, 748=1000, 747=1000, 530=1000, 746=1000, 745=1000, 535=1000, 534=1000, 533=1000, 532=1000, 749=1000, 539=1000, 740=1000, 538=1000, 537=1000, 536=1000, 744=1000, 743=1000, 742=1000, 741=1000, 349=1000, 930=1000, 931=1000, 341=1000, 932=1000, 933=1000, 342=1000, 934=1000, 343=1000, 344=1000, 935=1000, 345=1000, 936=1000, 346=1000, 937=1000, 347=1000, 938=1000, 348=1000, 939=1000, 3=1000, 540=1000, 735=1000, 2=1000, 734=1000, 929=1000, 542=1000, 1=1000, 737=1000, 736=1000, 0=1000, 541=1000, 7=1000, 739=1000, 544=1000, 543=1000, 6=1000, 738=1000, 546=1000, 340=1000, 5=1000, 545=1000, 4=1000, 548=1000, 547=1000, 9=1000, 8=1000, 549=1000, 731=1000, 730=1000, 733=1000, 732=1000, 920=1000, 318=1000, 319=1000, 316=1000, 317=1000, 314=1000, 927=1000, 315=1000, 928=1000, 312=1000, 925=1000, 313=1000, 926=1000, 923=1000, 310=1000, 924=1000, 311=1000, 921=1000, 922=1000, 513=1000, 512=1000, 729=1000, 728=1000, 511=1000, 727=1000, 510=1000, 726=1000, 725=1000, 919=1000, 724=1000, 723=1000, 918=1000, 722=1000, 721=1000, 720=1000, 519=1000, 518=1000, 517=1000, 516=1000, 515=1000, 514=1000, 327=1000, 328=1000, 329=1000, 914=1000, 323=1000, 324=1000, 915=1000, 916=1000, 325=1000, 917=1000, 326=1000, 910=1000, 709=1000, 911=1000, 320=1000, 321=1000, 912=1000, 913=1000, 322=1000, 717=1000, 522=1000, 716=1000, 521=1000, 524=1000, 719=1000, 718=1000, 523=1000, 908=1000, 713=1000, 712=1000, 907=1000, 715=1000, 520=1000, 714=1000, 909=1000, 529=1000, 711=1000, 710=1000, 526=1000, 525=1000, 528=1000, 527=1000, 989=1000, 988=1000, 987=1000, 571=1000, 570=1000, 982=1000, 981=1000, 980=1000, 986=1000, 985=1000, 984=1000, 983=1000, 700=1000, 574=1000, 703=1000, 575=1000, 704=1000, 701=1000, 572=1000, 573=1000, 702=1000, 578=1000, 707=1000, 579=1000, 708=1000, 576=1000, 705=1000, 706=1000, 577=1000, 977=1000, 976=1000, 979=1000, 300=1000, 978=1000, 580=1000, 302=1000, 301=1000, 582=1000, 304=1000, 581=1000, 303=1000, 306=1000, 305=1000, 971=1000, 308=1000, 970=1000, 307=1000, 973=1000, 972=1000, 309=1000, 975=1000, 974=1000, 583=1000, 584=1000, 585=1000, 586=1000, 587=1000, 588=1000, 589=1000, 969=1000, 968=1000, 967=1000, 966=1000, 965=1000, 964=1000, 963=1000, 962=1000, 961=1000, 960=1000, 558=1000, 559=1000, 556=1000, 557=1000, 554=1000, 555=1000, 552=1000, 553=1000, 550=1000, 551=1000, 959=1000, 958=1000, 560=1000, 955=1000, 954=1000, 957=1000, 956=1000, 951=1000, 950=1000, 953=1000, 952=1000, 569=1000, 565=1000, 566=1000, 567=1000, 568=1000, 561=1000, 562=1000, 563=1000, 564=1000, 799=1000, 798=1000, 797=1000, 796=1000, 795=1000, 794=1000, 793=1000, 792=1000, 996=1000, 790=1000, 791=1000, 997=1000, 994=1000, 995=1000, 992=1000, 993=1000, 990=1000, 991=1000, 998=1000, 999=1000, 781=1000, 782=1000, 783=1000, 784=1000, 785=1000, 786=1000, 787=1000, 788=1000, 789=1000, 780=1000, 772=1000, 505=1000, 773=1000, 506=1000, 503=1000, 770=1000, 771=1000, 504=1000, 776=1000, 509=1000, 777=1000, 507=1000, 774=1000, 775=1000, 508=1000, 778=1000, 779=1000, 501=1000, 502=1000, 500=1000, 763=1000, 764=1000, 765=1000, 766=1000, 760=1000, 761=1000, 762=1000, 767=1000, 768=1000, 769=1000, 754=1000, 755=1000, 752=1000, 753=1000, 750=1000, 751=1000, 758=1000, 759=1000, 756=1000, 757=1000, 595=1000, 594=1000, 391=1000, 597=1000, 596=1000, 390=1000, 393=1000, 599=1000, 598=1000, 392=1000, 395=1000, 394=1000, 396=1000, 397=1000, 398=1000, 399=1000, 590=1000, 591=1000, 592=1000, 593=1000, 383=1000, 384=1000, 381=1000, 382=1000, 380=1000, 389=1000, 388=1000, 387=1000, 386=1000, 385=1000, 370=1000, 371=1000, 372=1000, 373=1000, 379=1000, 378=1000, 375=1000, 374=1000, 377=1000, 376=1000, 361=1000, 362=1000, 360=1000, 366=1000, 365=1000, 364=1000, 363=1000, 369=1000, 368=1000, 367=1000, 350=1000, 351=1000, 353=1000, 352=1000, 355=1000, 354=1000, 357=1000, 356=1000, 359=1000, 358=1000, 806=1000, 807=1000, 804=1000, 805=1000, 802=1000, 803=1000, 800=1000, 801=1000, 159=1000, 158=1000, 157=1000, 156=1000, 155=1000, 154=1000, 601=1000, 152=1000, 153=1000, 600=1000, 150=1000, 151=1000, 609=1000, 608=1000, 607=1000, 606=1000, 605=1000, 604=1000, 603=1000, 602=1000, 202=1000, 203=1000, 204=1000, 205=1000, 200=1000, 201=1000, 169=1000, 206=1000, 166=1000, 207=1000, 165=1000, 208=1000, 168=1000, 167=1000, 209=1000, 409=1000, 161=1000, 408=1000, 162=1000, 163=1000, 164=1000, 405=1000, 404=1000, 407=1000, 406=1000, 160=1000, 401=1000, 400=1000, 403=1000, 402=1000, 824=1000, 211=1000, 212=1000, 825=1000, 822=1000, 823=1000, 210=1000, 828=1000, 215=1000, 829=1000, 216=1000, 213=1000, 826=1000, 827=1000, 214=1000, 179=1000, 219=1000, 178=1000, 177=1000, 217=1000, 218=1000, 176=1000, 820=1000, 821=1000, 418=1000, 170=1000, 171=1000, 417=1000, 416=1000, 415=1000, 174=1000, 623=1000, 622=1000, 175=1000, 621=1000, 172=1000, 620=1000, 173=1000, 419=1000, 410=1000, 627=1000, 626=1000, 625=1000, 819=1000, 624=1000, 414=1000, 413=1000, 629=1000, 412=1000, 411=1000, 628=1000, 811=1000, 220=1000, 812=1000, 221=1000, 222=1000, 813=1000, 223=1000, 814=1000, 815=1000, 224=1000, 225=1000, 816=1000, 226=1000, 817=1000, 818=1000, 227=1000, 228=1000, 188=1000, 187=1000, 229=1000, 189=1000, 810=1000, 427=1000, 180=1000, 426=1000, 181=1000, 429=1000, 182=1000, 428=1000, 183=1000, 610=1000, 184=1000, 612=1000, 185=1000, 186=1000, 611=1000, 614=1000, 809=1000, 613=1000, 808=1000, 421=1000, 616=1000, 420=1000, 615=1000, 618=1000, 423=1000, 422=1000, 617=1000, 425=1000, 424=1000, 619=1000, 116=1000, 843=1000, 842=1000, 117=1000, 841=1000, 114=1000, 840=1000, 115=1000, 112=1000, 113=1000, 110=1000, 111=1000, 849=1000, 848=1000, 847=1000, 846=1000, 845=1000, 118=1000, 844=1000, 119=1000, 435=1000, 436=1000, 433=1000, 434=1000, 431=1000, 432=1000, 430=1000, 439=1000, 437=1000, 438=1000, 125=1000, 830=1000, 126=1000, 127=1000, 832=1000, 831=1000, 128=1000, 121=1000, 122=1000, 123=1000, 124=1000, 838=1000, 837=1000, 839=1000, 129=1000, 834=1000, 833=1000, 836=1000, 835=1000, 444=1000, 445=1000, 446=1000, 447=1000, 440=1000, 441=1000, 442=1000, 443=1000, 120=1000, 448=1000, 449=1000, 861=1000, 134=1000, 860=1000, 135=1000, 132=1000, 133=1000, 865=1000, 138=1000, 864=1000, 139=1000, 136=1000, 863=1000, 137=1000, 862=1000, 869=1000, 868=1000, 867=1000, 866=1000, 450=1000, 453=1000, 454=1000, 451=1000, 452=1000, 457=1000, 458=1000, 455=1000, 456=1000, 459=1000, 131=1000, 130=1000, 143=1000, 144=1000, 145=1000, 850=1000, 146=1000, 147=1000, 852=1000, 148=1000, 851=1000, 854=1000, 149=1000, 853=1000, 856=1000, 855=1000, 858=1000, 857=1000, 859=1000, 461=1000, 460=1000, 462=1000, 463=1000, 464=1000, 465=1000, 466=1000, 467=1000, 468=1000, 469=1000, 140=1000, 142=1000, 141=1000, 687=1000, 686=1000, 689=1000, 688=1000, 683=1000, 682=1000, 685=1000, 684=1000, 888=1000, 889=1000, 884=1000, 885=1000, 886=1000, 680=1000, 681=1000, 887=1000, 880=1000, 881=1000, 882=1000, 883=1000, 678=1000, 677=1000, 676=1000, 675=1000, 674=1000, 673=1000, 672=1000, 671=1000, 679=1000, 879=1000, 877=1000, 878=1000, 875=1000, 670=1000, 876=1000, 873=1000, 874=1000, 871=1000, 872=1000, 870=1000, 696=1000, 695=1000, 694=1000, 693=1000, 890=1000, 699=1000, 698=1000, 697=1000, 899=1000, 893=1000, 894=1000, 891=1000, 892=1000, 691=1000, 897=1000, 898=1000, 692=1000, 895=1000, 896=1000, 690=1000, 646=1000, 647=1000, 648=1000, 649=1000, 642=1000, 195=1000, 643=1000, 194=1000, 197=1000, 644=1000, 196=1000, 645=1000, 191=1000, 190=1000, 193=1000, 640=1000, 641=1000, 192=1000, 198=1000, 199=1000, 639=1000, 637=1000, 638=1000, 635=1000, 636=1000, 633=1000, 634=1000, 631=1000, 632=1000, 630=1000, 668=1000, 669=1000, 660=1000, 661=1000, 662=1000, 663=1000, 664=1000, 665=1000, 666=1000, 667=1000, 659=1000, 657=1000, 658=1000, 651=1000, 652=1000, 650=1000, 655=1000, 656=1000, 653=1000, 654=1000, 35=1000, 36=1000, 33=1000, 34=1000, 39=1000, 37=1000, 38=1000, 43=1000, 42=1000, 41=1000, 40=1000, 22=1000, 23=1000, 24=1000, 25=1000, 26=1000, 27=1000, 28=1000, 29=1000, 30=1000, 32=1000, 31=1000, 19=1000, 17=1000, 18=1000, 15=1000, 16=1000, 13=1000, 14=1000, 11=1000, 12=1000, 21=1000, 20=1000, 10=1000, 79=1000, 78=1000, 77=1000, 82=1000, 83=1000, 80=1000, 81=1000, 86=1000, 87=1000, 84=1000, 85=1000, 67=1000, 66=1000, 69=1000, 68=1000, 70=1000, 71=1000, 72=1000, 73=1000, 74=1000, 75=1000, 76=1000, 59=1000, 58=1000, 57=1000, 56=1000, 55=1000, 64=1000, 65=1000, 62=1000, 63=1000, 60=1000, 61=1000, 49=1000, 48=1000, 45=1000, 44=1000, 47=1000, 46=1000, 51=1000, 52=1000, 53=1000, 54=1000, 50=1000, 281=1000, 487=1000, 280=1000, 486=1000, 485=1000, 484=1000, 285=1000, 284=1000, 283=1000, 489=1000, 488=1000, 282=1000, 288=1000, 289=1000, 286=1000, 287=1000, 482=1000, 483=1000, 480=1000, 481=1000, 474=1000, 473=1000, 476=1000, 270=1000, 475=1000, 272=1000, 478=1000, 477=1000, 271=1000, 274=1000, 273=1000, 479=1000, 275=1000, 276=1000, 277=1000, 278=1000, 279=1000, 470=1000, 471=1000, 472=1000, 1000=1000, 109=1000, 108=1000, 107=1000, 106=1000, 105=1000, 104=1000, 103=1000, 99=1000, 102=1000, 101=1000, 100=1000, 98=1000, 97=1000, 96=1000, 95=1000, 94=1000, 93=1000, 92=1000, 91=1000, 90=1000, 294=1000, 293=1000, 499=1000, 296=1000, 295=1000, 496=1000, 290=1000, 495=1000, 498=1000, 292=1000, 291=1000, 497=1000, 491=1000, 492=1000, 493=1000, 494=1000, 297=1000, 298=1000, 299=1000, 490=1000, 88=1000, 89=1000, 240=1000, 241=1000, 245=1000, 244=1000, 243=1000, 242=1000, 249=1000, 248=1000, 247=1000, 246=1000, 230=1000, 239=1000, 232=1000, 231=1000, 234=1000, 233=1000, 236=1000, 235=1000, 238=1000, 237=1000, 262=1000, 263=1000, 260=1000, 261=1000, 269=1000, 268=1000, 267=1000, 266=1000, 265=1000, 264=1000, 250=1000, 251=1000, 252=1000, 904=1000, 258=1000, 257=1000, 903=1000, 906=1000, 259=1000, 905=1000, 254=1000, 900=1000, 253=1000, 902=1000, 256=1000, 255=1000, 901=1000}
Number of gene trees: 1000
0 trees have missing taxa
Calculating quartet distance matrix (for completion of X)
Species tree distances calculated ...
Building set of clusters (X) from gene trees 
Using tree-based weight calculation.
Number of Default Clusters: 291483
Number of quartet trees in the gene trees: 41583068730870
calculating extra bipartitions to be added at level 1 ...
Number of Clusters after addition by distance: 291495
Adding to X using resolutions of greedy consensus ...
Threshold 0.0:
polytomy of size 6; rounds with additions with at least 0.01 support: 4; clusters: 291565
Threshold 0.01:
polytomy of size 3; rounds with additions with at least 0.01 support: 0; clusters: 291565
polytomy of size 13; rounds with additions with at least 0.01 support: 0; clusters: 292029
Threshold 0.02:
polytomy of size 4; rounds with additions with at least 0.01 support: 0; clusters: 292031
polytomy of size 4; rounds with additions with at least 0.01 support: 0; clusters: 292031
polytomy of size 3; rounds with additions with at least 0.01 support: 0; clusters: 292031
polytomy of size 3; rounds with additions with at least 0.01 support: 0; clusters: 292031
polytomy of size 18; rounds with additions with at least 0.01 support: 0; clusters: 292533
Threshold 0.05:
polytomy of size 3; rounds with additions with at least 0.01 support: 0; clusters: 292533
polytomy of size 5; rounds with additions with at least 0.01 support: 0; clusters: 292533
polytomy of size 3; rounds with additions with at least 0.01 support: 0; clusters: 292533
polytomy of size 36; rounds with additions with at least 0.01 support: 0; clusters: 292563
polytomy of size 3; rounds with additions with at least 0.01 support: 0; clusters: 292563
Threshold 0.1:
polytomy of size 4; rounds with additions with at least 0.01 support: 0; clusters: 292563
polytomy of size 3; rounds with additions with at least 0.01 support: 0; clusters: 292563
polytomy of size 4; rounds with additions with at least 0.01 support: 0; clusters: 292563
polytomy of size 3; rounds with additions with at least 0.01 support: 0; clusters: 292563
polytomy of size 3; rounds with additions with at least 0.01 support: 0; clusters: 292563
polytomy of size 5; rounds with additions with at least 0.01 support: 0; clusters: 292563
polytomy of size 3; rounds with additions with at least 0.01 support: 0; clusters: 292563
polytomy of size 53; rounds with additions with at least 0.01 support: 0; clusters: 292627
polytomy of size 3; rounds with additions with at least 0.01 support: 0; clusters: 292627
Threshold 0.2:
polytomy of size 4; rounds with additions with at least 0.01 support: 0; clusters: 292627
polytomy of size 3; rounds with additions with at least 0.01 support: 0; clusters: 292627
polytomy of size 3; rounds with additions with at least 0.01 support: 0; clusters: 292627
polytomy of size 3; rounds with additions with at least 0.01 support: 0; clusters: 292627
polytomy of size 4; rounds with additions with at least 0.01 support: 0; clusters: 292627
polytomy of size 3; rounds with additions with at least 0.01 support: 0; clusters: 292627
polytomy of size 3; rounds with additions with at least 0.01 support: 0; clusters: 292627
polytomy of size 6; rounds with additions with at least 0.01 support: 0; clusters: 292627
polytomy of size 4; rounds with additions with at least 0.01 support: 0; clusters: 292627
polytomy of size 4; rounds with additions with at least 0.01 support: 0; clusters: 292627
polytomy of size 4; rounds with additions with at least 0.01 support: 0; clusters: 292627
polytomy of size 6; rounds with additions with at least 0.01 support: 0; clusters: 292627
polytomy of size 4; rounds with additions with at least 0.01 support: 0; clusters: 292627
polytomy of size 3; rounds with additions with at least 0.01 support: 0; clusters: 292627
polytomy of size 3; rounds with additions with at least 0.01 support: 0; clusters: 292627
polytomy of size 5; rounds with additions with at least 0.01 support: 0; clusters: 292627
polytomy of size 3; rounds with additions with at least 0.01 support: 0; clusters: 292627
polytomy of size 3; rounds with additions with at least 0.01 support: 0; clusters: 292627
polytomy of size 5; rounds with additions with at least 0.01 support: 0; clusters: 292627
polytomy of size 3; rounds with additions with at least 0.01 support: 0; clusters: 292627
polytomy of size 3; rounds with additions with at least 0.01 support: 0; clusters: 292627
polytomy of size 3; rounds with additions with at least 0.01 support: 0; clusters: 292627
polytomy of size 4; rounds with additions with at least 0.01 support: 0; clusters: 292627
polytomy of size 3; rounds with additions with at least 0.01 support: 0; clusters: 292627
polytomy of size 3; rounds with additions with at least 0.01 support: 0; clusters: 292627
polytomy of size 4; rounds with additions with at least 0.01 support: 0; clusters: 292627
polytomy of size 5; rounds with additions with at least 0.01 support: 0; clusters: 292627
polytomy of size 5; rounds with additions with at least 0.01 support: 0; clusters: 292627
polytomy of size 4; rounds with additions with at least 0.01 support: 0; clusters: 292627
polytomy of size 4; rounds with additions with at least 0.01 support: 0; clusters: 292627
polytomy of size 4; rounds with additions with at least 0.01 support: 0; clusters: 292627
polytomy of size 3; rounds with additions with at least 0.01 support: 0; clusters: 292627
polytomy of size 4; rounds with additions with at least 0.01 support: 0; clusters: 292627
polytomy of size 6; rounds with additions with at least 0.01 support: 0; clusters: 292627
polytomy of size 3; rounds with additions with at least 0.01 support: 0; clusters: 292627
polytomy of size 5; rounds with additions with at least 0.01 support: 0; clusters: 292627
polytomy of size 3; rounds with additions with at least 0.01 support: 0; clusters: 292627
polytomy of size 4; rounds with additions with at least 0.01 support: 0; clusters: 292627
polytomy of size 73; rounds with additions with at least 0.01 support: 0; clusters: 292689
Threshold 0.3333333333333333:
polytomy of size 4; rounds with additions with at least 0.01 support: 0; clusters: 292689
polytomy of size 3; rounds with additions with at least 0.01 support: 0; clusters: 292689
polytomy of size 3; rounds with additions with at least 0.01 support: 0; clusters: 292689
polytomy of size 3; rounds with additions with at least 0.01 support: 0; clusters: 292689
polytomy of size 4; rounds with additions with at least 0.01 support: 0; clusters: 292689
polytomy of size 4; rounds with additions with at least 0.01 support: 0; clusters: 292689
polytomy of size 3; rounds with additions with at least 0.01 support: 0; clusters: 292689
polytomy of size 6; rounds with additions with at least 0.01 support: 0; clusters: 292689
polytomy of size 3; rounds with additions with at least 0.01 support: 0; clusters: 292689
polytomy of size 3; rounds with additions with at least 0.01 support: 0; clusters: 292689
polytomy of size 3; rounds with additions with at least 0.01 support: 0; clusters: 292689
polytomy of size 3; rounds with additions with at least 0.01 support: 0; clusters: 292689
polytomy of size 6; rounds with additions with at least 0.01 support: 0; clusters: 292689
polytomy of size 3; rounds with additions with at least 0.01 support: 0; clusters: 292689
polytomy of size 3; rounds with additions with at least 0.01 support: 0; clusters: 292689
polytomy of size 3; rounds with additions with at least 0.01 support: 0; clusters: 292689
polytomy of size 3; rounds with additions with at least 0.01 support: 0; clusters: 292689
polytomy of size 3; rounds with additions with at least 0.01 support: 0; clusters: 292689
polytomy of size 5; rounds with additions with at least 0.01 support: 0; clusters: 292689
polytomy of size 3; rounds with additions with at least 0.01 support: 0; clusters: 292689
polytomy of size 4; rounds with additions with at least 0.01 support: 0; clusters: 292689
polytomy of size 8; rounds with additions with at least 0.01 support: 0; clusters: 292697
polytomy of size 3; rounds with additions with at least 0.01 support: 0; clusters: 292697
polytomy of size 6; rounds with additions with at least 0.01 support: 0; clusters: 292697
polytomy of size 4; rounds with additions with at least 0.01 support: 0; clusters: 292697
polytomy of size 4; rounds with additions with at least 0.01 support: 0; clusters: 292697
polytomy of size 3; rounds with additions with at least 0.01 support: 0; clusters: 292697
polytomy of size 4; rounds with additions with at least 0.01 support: 0; clusters: 292697
polytomy of size 5; rounds with additions with at least 0.01 support: 0; clusters: 292697
polytomy of size 5; rounds with additions with at least 0.01 support: 0; clusters: 292697
polytomy of size 5; rounds with additions with at least 0.01 support: 0; clusters: 292697
polytomy of size 4; rounds with additions with at least 0.01 support: 0; clusters: 292697
polytomy of size 4; rounds with additions with at least 0.01 support: 0; clusters: 292697
polytomy of size 4; rounds with additions with at least 0.01 support: 0; clusters: 292697
polytomy of size 3; rounds with additions with at least 0.01 support: 0; clusters: 292697
polytomy of size 4; rounds with additions with at least 0.01 support: 0; clusters: 292697
polytomy of size 3; rounds with additions with at least 0.01 support: 0; clusters: 292697
polytomy of size 10; rounds with additions with at least 0.01 support: 0; clusters: 292731
polytomy of size 5; rounds with additions with at least 0.01 support: 0; clusters: 292731
polytomy of size 4; rounds with additions with at least 0.01 support: 0; clusters: 292731
polytomy of size 3; rounds with additions with at least 0.01 support: 0; clusters: 292731
polytomy of size 5; rounds with additions with at least 0.01 support: 0; clusters: 292731
polytomy of size 4; rounds with additions with at least 0.01 support: 0; clusters: 292731
polytomy of size 3; rounds with additions with at least 0.01 support: 0; clusters: 292731
polytomy of size 7; rounds with additions with at least 0.01 support: 0; clusters: 292731
polytomy of size 3; rounds with additions with at least 0.01 support: 0; clusters: 292731
polytomy of size 3; rounds with additions with at least 0.01 support: 0; clusters: 292731
polytomy of size 3; rounds with additions with at least 0.01 support: 0; clusters: 292731
polytomy of size 3; rounds with additions with at least 0.01 support: 0; clusters: 292731
polytomy of size 5; rounds with additions with at least 0.01 support: 0; clusters: 292731
polytomy of size 3; rounds with additions with at least 0.01 support: 0; clusters: 292731
polytomy of size 4; rounds with additions with at least 0.01 support: 0; clusters: 292731
polytomy of size 3; rounds with additions with at least 0.01 support: 0; clusters: 292731
polytomy of size 3; rounds with additions with at least 0.01 support: 0; clusters: 292731
polytomy of size 4; rounds with additions with at least 0.01 support: 0; clusters: 292731
polytomy of size 3; rounds with additions with at least 0.01 support: 0; clusters: 292731
polytomy of size 4; rounds with additions with at least 0.01 support: 0; clusters: 292731
polytomy of size 7; rounds with additions with at least 0.01 support: 0; clusters: 292731
polytomy of size 4; rounds with additions with at least 0.01 support: 0; clusters: 292731
polytomy of size 4; rounds with additions with at least 0.01 support: 0; clusters: 292731
polytomy of size 3; rounds with additions with at least 0.01 support: 0; clusters: 292731
polytomy of size 4; rounds with additions with at least 0.01 support: 0; clusters: 292731
polytomy of size 3; rounds with additions with at least 0.01 support: 0; clusters: 292731
polytomy of size 3; rounds with additions with at least 0.01 support: 0; clusters: 292731
polytomy of size 4; rounds with additions with at least 0.01 support: 0; clusters: 292731
polytomy of size 6; rounds with additions with at least 0.01 support: 0; clusters: 292731
polytomy of size 4; rounds with additions with at least 0.01 support: 0; clusters: 292731
polytomy of size 4; rounds with additions with at least 0.01 support: 0; clusters: 292731
polytomy of size 6; rounds with additions with at least 0.01 support: 0; clusters: 292731
polytomy of size 4; rounds with additions with at least 0.01 support: 0; clusters: 292731
polytomy of size 8; rounds with additions with at least 0.01 support: 0; clusters: 292745
polytomy of size 3; rounds with additions with at least 0.01 support: 0; clusters: 292745
polytomy of size 3; rounds with additions with at least 0.01 support: 0; clusters: 292745
polytomy of size 7; rounds with additions with at least 0.01 support: 0; clusters: 292745
polytomy of size 5; rounds with additions with at least 0.01 support: 0; clusters: 292745
polytomy of size 9; rounds with additions with at least 0.01 support: 0; clusters: 292795
polytomy of size 3; rounds with additions with at least 0.01 support: 0; clusters: 292795
polytomy of size 3; rounds with additions with at least 0.01 support: 0; clusters: 292795
polytomy of size 3; rounds with additions with at least 0.01 support: 0; clusters: 292795
polytomy of size 4; rounds with additions with at least 0.01 support: 0; clusters: 292795
polytomy of size 4; rounds with additions with at least 0.01 support: 0; clusters: 292795
polytomy of size 3; rounds with additions with at least 0.01 support: 0; clusters: 292795
polytomy of size 4; rounds with additions with at least 0.01 support: 0; clusters: 292795
polytomy of size 113; rounds with additions with at least 0.01 support: 0; clusters: 387283
Number of Clusters after addition by greedy: 387283
partitions formed in 815.095 secs
Dynamic Programming starting after 815.095 secs
Size of largest cluster: 1001
Size of largest cluster: 1001
Calculated 100000 weights; time (seconds): 950
Calculated 200000 weights; time (seconds): 126
Calculated 300000 weights; time (seconds): 130
Calculated 400000 weights; time (seconds): 125
Calculated 500000 weights; time (seconds): 134
Calculated 600000 weights; time (seconds): 125
Calculated 700000 weights; time (seconds): 126
Calculated 800000 weights; time (seconds): 133
Calculated 900000 weights; time (seconds): 130
Total Number of elements weighted: 1205968
Normalized score (portion of input quartet trees satisfied): NaN
Final optimization score: 0
Calculated 1000000 weights; time (seconds): 197
Calculated 1100000 weights; time (seconds): 409
Calculated 1200000 weights; time (seconds): 462
Total Number of elements weighted: 1205968
Normalized score (portion of input quartet trees satisfied): 0.5580231704298636
Final optimization score: 23204315849403
Optimal tree inferred in 3074.577 secs.
(699,((((954,589),((294,(560,550)),(301,(610,835)))),((523,(813,200)),((689,487),(131,(713,350))))),(((((662,590),(423,(208,467))),((913,(317,682)),(500,(173,(499,726))))),((24,(828,585)),(490,(877,((961,(313,368)),(959,((960,867),((103,821),(274,476))))))))),((((300,(586,63)),(((434,520),((209,640),(482,671))),((497,(803,492)),(871,(644,(215,(491,944))))))),((243,((249,(419,488)),((830,143),(677,(285,862))))),((577,(708,(264,(70,107)))),((207,452),(189,(698,211)))))),((((622,(658,((697,674),(868,291)))),(627,((935,(404,473)),(377,(530,(163,399)))))),(((951,836),(493,((893,(907,465)),((939,359),(167,(774,683)))))),((108,(654,637)),((788,(250,994)),(((613,(974,(221,(233,858)))),(((707,415),(936,451)),((28,705),(703,806)))),((621,(891,980)),(((92,(6,955)),(711,(51,(678,266)))),((479,(853,778)),((310,278),((435,450),(109,(195,553)))))))))))),((((616,790),(((846,(776,142)),((218,797),(210,(570,(397,(202,763)))))),((190,(781,863)),(((850,288),(838,892)),((464,633),(323,946)))))),((((684,791),(((413,(744,255)),(196,(428,((881,174),((394,289),(543,552)))))),((472,(273,(717,(132,579)))),((298,((160,(765,(326,794))),(37,((844,12),(459,(522,957)))))),(736,(572,(8,(((45,766),(422,817)),(864,(269,(194,619))))))))))),(((578,(91,933)),(869,(230,(308,(594,653))))),((437,((392,(32,((463,(875,639)),(302,(130,706))))),(551,((135,(900,383)),((1000,475),(136,(587,688))))))),(159,((34,(222,(331,888))),(((305,((247,819),(760,729))),(865,(406,(525,(81,(634,(829,831))))))),((125,(388,878)),(381,(387,((349,134),((795,(889,931)),(83,(990,751))))))))))))),(((((908,814),(815,259)),(145,(841,(710,401)))),(((80,879),((975,(3,758)),((604,(563,193)),(50,(356,217))))),(((407,(882,(755,(156,241)))),((102,20),(887,(113,240)))),((548,((129,246),(855,18))),((89,(343,737)),(((486,212),(30,978)),(219,((154,547),(481,(391,890)))))))))),(((808,(425,(770,(636,224)))),((29,179),(138,(376,874)))),((807,(((325,(157,150)),((220,602),(666,(340,597)))),(474,((503,997),((386,373),(201,((767,509),(161,96)))))))),(((54,101),((680,(950,(998,338))),(629,(982,(123,(676,805)))))),((71,((541,(192,576)),(60,(216,75)))),((47,((374,((180,606),(378,275))),(417,((119,(972,(725,447))),((416,172),(582,184)))))),(((652,(775,833)),((958,(718,690)),(49,((600,740),(371,947))))),(((739,(315,687)),(655,(650,608))),((664,((880,351),(396,(721,(679,(44,66)))))),(((258,(661,95)),((140,(280,996)),(106,(538,((148,928),(667,519)))))),((925,531),((67,(927,(146,260))),(306,(496,(540,(630,(438,731))))))))))))))))))),(0,((((852,122),(4,(426,(825,692)))),((316,(322,252)),((784,292),(779,((976,115),(214,188)))))),((((533,(734,624)),((904,786),((609,(719,926)),((515,(110,839)),((126,(505,901)),(((793,(489,120)),(411,(82,(198,912)))),((599,303),((910,(749,443)),((239,166),(945,10)))))))))),(((643,984),(929,(367,973))),((449,((68,(223,605)),((99,284),((756,(344,213)),(98,(477,199)))))),((((966,646),((573,(341,847)),(696,(281,(272,732))))),(((733,369),(728,(466,(58,(700,(647,168)))))),((327,363),((312,(141,(501,750))),(649,(9,((614,571),(581,(236,469))))))))),(((346,(715,187)),((204,395),(237,884))),((15,983),(((418,((69,575),(611,442))),(408,(111,((801,574),(659,517))))),(((712,297),(347,(631,970))),(393,(225,(372,(354,(448,453))))))))))))),(((768,(((832,(922,673)),((591,253),((981,897),(746,769)))),(((777,(648,(743,(567,62)))),(963,(93,((318,379),(441,424))))),(((601,((330,930),(772,(840,144)))),((458,545),(64,((182,(723,84)),(561,(405,625)))))),(((16,(11,(641,724))),((902,(554,480)),((436,971),((433,454),((171,410),(457,(321,177))))))),((537,(861,917)),((804,(934,694)),((612,(789,(542,(595,686)))),((607,311),(205,((783,(431,802)),(76,(809,(206,747)))))))))))))),(59,((242,((494,((104,421),(675,(979,(720,263))))),((754,((23,117),(432,(510,938)))),((885,785),((820,920),((903,(727,(513,13))),(254,(133,(722,(175,702)))))))))),((962,((915,(445,899)),((355,((811,147),(385,532))),((753,(941,792)),(((716,(151,823)),(227,((695,546),(55,(470,26))))),((38,(251,(826,43))),(921,((128,859),(283,1))))))))),((((314,536),((265,403),(402,539))),(((742,162),(988,(461,430))),((270,(41,(19,787))),(460,((444,(245,296)),(2,(620,(345,(626,370))))))))),((557,309),((14,((502,429),(977,(185,(952,670))))),(((759,(818,365)),(380,((987,7),(232,693)))),(((342,(704,(588,860))),((485,762),(799,(558,906)))),((504,(598,31)),(468,(800,((360,562),((995,672),(153,(528,526)))))))))))))))),(((512,(105,(484,842))),((969,(276,(228,(518,87)))),(456,((234,74),((618,(816,(483,116))),((61,203),(495,635))))))),((((((324,77),(186,559)),(730,((352,989),(420,(968,389))))),((568,(334,(328,(139,516)))),((348,(353,918)),(827,(299,(164,(231,845))))))),((873,((549,993),(909,617))),(((439,78),((872,851),(114,(170,((286,(304,822)),((592,905),(165,(295,(364,735))))))))),(((100,(17,(248,375))),((669,(320,(857,333))),((965,638),((279,940),(244,(741,(991,535))))))),((471,685),(((5,521),((282,158),(508,(307,810)))),((39,(564,277)),((79,894),(583,(745,668)))))))))),((((229,524),(332,(914,848))),(339,(137,(967,(257,949))))),(((752,(((837,(35,663)),(757,(400,(238,390)))),((623,(183,(514,52))),((72,94),(((152,25),(21,843)),((999,427),(985,834))))))),(866,((773,642),((319,((478,824),((412,(271,53)),(118,(124,782))))),((149,(112,(556,876))),((121,(534,(898,366))),((911,(628,337)),(854,(566,(256,((948,916),(90,657)))))))))))),(((544,((942,362),(290,(615,(660,709))))),(((498,446),(527,(895,46))),(((178,(287,953)),(329,(569,440))),((798,(197,22)),((48,357),(665,(748,176))))))),((645,(((603,812),((262,336),(896,932))),(((681,(33,27)),((226,97),(656,(691,56)))),(((293,761),((57,701),(85,(780,398)))),((964,(361,(88,507))),((511,565),(943,(268,127)))))))),((771,((596,(155,956)),((738,414),(714,(191,335))))),(((((796,455),(886,384)),(181,(267,(919,992)))),((923,73),(((593,235),(36,651)),(462,(529,(358,506)))))),((409,(632,(870,(856,169)))),((937,(924,(986,65))),((382,(764,(42,86))),((584,(40,849)),(555,(580,(261,883)))))))))))))))))))))))));
Quartet score is: 23204315849403
Normalized quartet score is: 0.5580231704298636
ASTRAL finished in 3287.486 secs
