
================== ASTRAL ===================== 

This is ASTRAL version 4.10.8
Gene trees are treated as unrooted
943 trees read from model.200.10000000.0.000001/37/estimatedgenetre.halfresolved
All outputted trees will be *arbitrarily* rooted at 192

======== Running the main analysis
Number of taxa: 201 (201 species)
Taxa: [192, 85, 120, 56, 71, 122, 110, 26, 13, 27, 111, 145, 160, 65, 77, 185, 155, 176, 42, 76, 124, 151, 170, 90, 199, 74, 134, 136, 154, 171, 140, 153, 38, 191, 92, 19, 66, 149, 188, 81, 198, 142, 101, 182, 114, 113, 8, 187, 18, 20, 79, 197, 35, 36, 178, 125, 116, 152, 193, 61, 45, 9, 32, 25, 180, 82, 22, 78, 190, 132, 126, 29, 99, 119, 0, 138, 162, 200, 107, 30, 57, 181, 169, 86, 84, 10, 128, 115, 72, 158, 172, 157, 41, 62, 196, 80, 60, 108, 102, 40, 23, 43, 148, 121, 47, 118, 98, 68, 95, 89, 143, 94, 144, 87, 59, 48, 189, 93, 1, 4, 12, 146, 52, 127, 167, 83, 49, 131, 6, 53, 69, 166, 50, 75, 37, 5, 173, 11, 109, 64, 88, 44, 51, 2, 168, 34, 24, 179, 147, 39, 28, 194, 16, 161, 150, 163, 135, 96, 104, 7, 164, 15, 133, 33, 174, 130, 103, 165, 3, 91, 175, 54, 55, 141, 195, 31, 123, 159, 177, 58, 186, 67, 21, 117, 106, 129, 137, 156, 17, 46, 73, 70, 139, 63, 184, 100, 183, 14, 97, 105, 112]
Taxon occupancy: {35=943, 36=943, 33=943, 159=943, 158=943, 34=943, 157=943, 39=943, 156=943, 155=943, 37=943, 154=943, 38=943, 152=943, 153=943, 150=943, 151=943, 43=943, 42=943, 41=943, 40=943, 200=943, 22=943, 169=943, 23=943, 24=943, 25=943, 26=943, 166=943, 27=943, 165=943, 168=943, 28=943, 29=943, 167=943, 161=943, 3=943, 162=943, 2=943, 1=943, 163=943, 0=943, 164=943, 30=943, 7=943, 6=943, 32=943, 5=943, 160=943, 4=943, 31=943, 9=943, 8=943, 19=943, 179=943, 17=943, 178=943, 18=943, 15=943, 177=943, 176=943, 16=943, 13=943, 14=943, 11=943, 12=943, 170=943, 21=943, 20=943, 171=943, 174=943, 175=943, 172=943, 173=943, 188=943, 187=943, 189=943, 180=943, 10=943, 181=943, 182=943, 183=943, 184=943, 185=943, 186=943, 116=943, 79=943, 117=943, 78=943, 114=943, 115=943, 77=943, 112=943, 113=943, 110=943, 111=943, 118=943, 119=943, 82=943, 83=943, 80=943, 81=943, 86=943, 87=943, 84=943, 85=943, 125=943, 67=943, 126=943, 66=943, 127=943, 69=943, 128=943, 68=943, 121=943, 122=943, 123=943, 124=943, 129=943, 70=943, 120=943, 71=943, 72=943, 73=943, 74=943, 75=943, 76=943, 134=943, 135=943, 132=943, 59=943, 133=943, 138=943, 58=943, 139=943, 57=943, 56=943, 136=943, 55=943, 137=943, 64=943, 65=943, 62=943, 63=943, 60=943, 131=943, 61=943, 130=943, 143=943, 49=943, 144=943, 48=943, 145=943, 146=943, 45=943, 147=943, 148=943, 44=943, 149=943, 47=943, 46=943, 51=943, 52=943, 53=943, 54=943, 140=943, 142=943, 50=943, 141=943, 109=943, 108=943, 107=943, 106=943, 105=943, 104=943, 103=943, 99=943, 102=943, 101=943, 100=943, 98=943, 97=943, 96=943, 95=943, 94=943, 93=943, 92=943, 91=943, 90=943, 88=943, 89=943, 195=943, 194=943, 197=943, 196=943, 191=943, 190=943, 193=943, 192=943, 198=943, 199=943}
Number of gene trees: 943
0 trees have missing taxa
Calculating quartet distance matrix (for completion of X)
Species tree distances calculated ...
Building set of clusters (X) from gene trees 
Using tree-based weight calculation.
Number of Default Clusters: 24635
Number of quartet trees in the gene trees: 62224774416
calculating extra bipartitions to be added at level 1 ...
Number of Clusters after addition by distance: 24635
Adding to X using resolutions of greedy consensus ...
Threshold 0.0:
Threshold 0.01:
Threshold 0.02:
Threshold 0.05:
Threshold 0.1:
Threshold 0.2:
polytomy of size 3; rounds with additions with at least 0.01 support: 0; clusters: 24635
polytomy of size 4; rounds with additions with at least 0.01 support: 0; clusters: 24635
polytomy of size 3; rounds with additions with at least 0.01 support: 0; clusters: 24635
polytomy of size 4; rounds with additions with at least 0.01 support: 0; clusters: 24635
polytomy of size 3; rounds with additions with at least 0.01 support: 0; clusters: 24635
polytomy of size 3; rounds with additions with at least 0.01 support: 0; clusters: 24635
Threshold 0.3333333333333333:
polytomy of size 3; rounds with additions with at least 0.01 support: 0; clusters: 24635
polytomy of size 3; rounds with additions with at least 0.01 support: 0; clusters: 24635
polytomy of size 4; rounds with additions with at least 0.01 support: 0; clusters: 24635
polytomy of size 3; rounds with additions with at least 0.01 support: 0; clusters: 24635
polytomy of size 5; rounds with additions with at least 0.01 support: 0; clusters: 24635
polytomy of size 3; rounds with additions with at least 0.01 support: 0; clusters: 24635
polytomy of size 3; rounds with additions with at least 0.01 support: 0; clusters: 24635
polytomy of size 5; rounds with additions with at least 0.01 support: 0; clusters: 24635
polytomy of size 3; rounds with additions with at least 0.01 support: 0; clusters: 24635
polytomy of size 3; rounds with additions with at least 0.01 support: 0; clusters: 24635
polytomy of size 5; rounds with additions with at least 0.01 support: 0; clusters: 24635
polytomy of size 4; rounds with additions with at least 0.01 support: 0; clusters: 24635
polytomy of size 4; rounds with additions with at least 0.01 support: 0; clusters: 24635
polytomy of size 3; rounds with additions with at least 0.01 support: 0; clusters: 24635
polytomy of size 4; rounds with additions with at least 0.01 support: 0; clusters: 24635
polytomy of size 3; rounds with additions with at least 0.01 support: 0; clusters: 24635
polytomy of size 3; rounds with additions with at least 0.01 support: 0; clusters: 24635
polytomy of size 3; rounds with additions with at least 0.01 support: 0; clusters: 24635
polytomy of size 3; rounds with additions with at least 0.01 support: 0; clusters: 24635
polytomy of size 4; rounds with additions with at least 0.01 support: 0; clusters: 24635
polytomy of size 4; rounds with additions with at least 0.01 support: 0; clusters: 24635
Number of Clusters after addition by greedy: 24635
partitions formed in 16.541 secs
Dynamic Programming starting after 16.541 secs
Size of largest cluster: 201
Size of largest cluster: 201
Total Number of elements weighted: 98824
Normalized score (portion of input quartet trees satisfied): NaN
Final optimization score: 0
Total Number of elements weighted: 98824
Normalized score (portion of input quartet trees satisfied): 0.9590264072963128
Final optimization score: 59675201853
Optimal tree inferred in 38.891 secs.
(192,(85,(120,(((56,71),((122,110),(26,13))),((14,(97,(105,112))),(((183,(139,63)),(70,(184,100))),(((27,(111,145)),(((160,(199,74)),(90,(134,136))),((185,(65,77)),((42,(155,176)),(76,(170,(124,151))))))),(140,((154,171),((153,((198,(149,(188,81))),((38,191),(92,(19,66))))),((((91,175),(54,55)),((((186,67),(177,58)),((123,159),(141,(195,31)))),(21,(17,((129,(117,106)),(137,(156,(46,73)))))))),(((142,(101,(182,114))),((((9,32),(25,(180,82))),(190,((22,78),(132,(126,(99,(29,119))))))),(45,((152,(193,61)),((113,8),((125,116),(187,((35,(36,178)),(18,(20,(79,197))))))))))),(0,(((138,162),(((86,84),(72,(115,(10,128)))),((181,169),(200,(107,(30,57)))))),((((133,(174,(33,130))),((7,(164,15)),(103,(165,3)))),((158,172),((41,(157,62)),((196,(80,60)),((108,(102,40)),((148,121),(23,43))))))),(((163,(135,(96,104))),(((88,(109,64)),(44,((51,(24,179)),(34,(2,168))))),((173,(11,(37,5))),(150,((161,(147,39)),(194,(28,16))))))),(((131,6),((53,69),(166,(50,75)))),(49,((146,(47,(4,12))),((52,(167,(127,83))),((94,144),(((189,93),((59,48),(87,1))),((118,98),(95,(68,(89,143))))))))))))))))))))))))));
Quartet score is: 59675201853
Normalized quartet score is: 0.9590264072963128
ASTRAL finished in 49.11 secs
