
================== ASTRAL ===================== 

This is ASTRAL version 4.10.7
Gene trees are treated as unrooted
937 trees read from ASTRALDATA/model.200.10000000.0.000001/07/estimatedgenetre.halfresolved
All output trees will be *arbitrarily* rooted at 98

======== Running the main analysis
Number of taxa: 201 (201 species)
Taxa: [98, 180, 3, 159, 85, 176, 16, 179, 198, 29, 196, 187, 189, 149, 4, 121, 124, 58, 39, 63, 167, 154, 84, 22, 51, 77, 142, 87, 137, 74, 112, 11, 115, 184, 185, 129, 97, 174, 181, 81, 105, 70, 163, 148, 111, 0, 21, 195, 56, 101, 138, 36, 23, 100, 30, 60, 99, 90, 173, 8, 45, 153, 178, 152, 89, 168, 91, 194, 109, 200, 134, 96, 32, 67, 157, 139, 119, 151, 92, 192, 7, 79, 126, 34, 160, 66, 62, 26, 24, 86, 106, 118, 186, 166, 199, 68, 6, 197, 83, 136, 123, 88, 10, 61, 57, 41, 165, 47, 164, 64, 20, 169, 12, 50, 43, 170, 133, 54, 71, 132, 147, 52, 104, 46, 93, 150, 116, 177, 145, 38, 193, 82, 69, 78, 48, 172, 94, 31, 95, 18, 190, 140, 144, 25, 72, 127, 14, 146, 75, 188, 122, 35, 107, 33, 76, 28, 162, 80, 155, 171, 37, 125, 117, 102, 183, 1, 131, 9, 182, 130, 13, 141, 2, 27, 55, 108, 17, 73, 143, 15, 128, 113, 135, 110, 114, 49, 42, 120, 161, 5, 156, 44, 158, 40, 191, 59, 53, 103, 19, 175, 65]
Number of gene trees: 937
0 trees have missing taxa
Calculating quartet distance matrix (for completion of X)
Species tree distances calculated ...
Building set of clusters (X) from gene trees 
Using tree-based weight calculation.
Number of Default Clusters: 66861
Number of quartet trees in the gene trees: 61728797358
calculating extra bipartitions to be added at level 1 ...
Number of Clusters after addition by distance: 66861
Adding to X using resolutions of greedy consensus ...
Threshold 0.0:
Threshold 0.01:
Threshold 0.02:
polytomy of size 3; rounds with additions with at least 0.01 support: 0; clusters: 66861
polytomy of size 3; rounds with additions with at least 0.01 support: 0; clusters: 66861
Threshold 0.05:
polytomy of size 5; rounds with additions with at least 0.01 support: 0; clusters: 66861
polytomy of size 3; rounds with additions with at least 0.01 support: 0; clusters: 66861
polytomy of size 4; rounds with additions with at least 0.01 support: 0; clusters: 66861
Threshold 0.1:
polytomy of size 3; rounds with additions with at least 0.01 support: 0; clusters: 66861
polytomy of size 5; rounds with additions with at least 0.01 support: 0; clusters: 66861
polytomy of size 3; rounds with additions with at least 0.01 support: 0; clusters: 66861
polytomy of size 3; rounds with additions with at least 0.01 support: 0; clusters: 66861
polytomy of size 4; rounds with additions with at least 0.01 support: 0; clusters: 66861
polytomy of size 8; rounds with additions with at least 0.01 support: 0; clusters: 66861
polytomy of size 3; rounds with additions with at least 0.01 support: 0; clusters: 66861
polytomy of size 4; rounds with additions with at least 0.01 support: 0; clusters: 66861
polytomy of size 3; rounds with additions with at least 0.01 support: 0; clusters: 66861
polytomy of size 3; rounds with additions with at least 0.01 support: 0; clusters: 66861
polytomy of size 7; rounds with additions with at least 0.01 support: 1; clusters: 66863
Threshold 0.2:
polytomy of size 4; rounds with additions with at least 0.01 support: 0; clusters: 66863
polytomy of size 5; rounds with additions with at least 0.01 support: 0; clusters: 66863
polytomy of size 7; rounds with additions with at least 0.01 support: 0; clusters: 66863
polytomy of size 4; rounds with additions with at least 0.01 support: 0; clusters: 66863
polytomy of size 3; rounds with additions with at least 0.01 support: 0; clusters: 66863
polytomy of size 5; rounds with additions with at least 0.01 support: 0; clusters: 66863
polytomy of size 4; rounds with additions with at least 0.01 support: 0; clusters: 66863
polytomy of size 5; rounds with additions with at least 0.01 support: 0; clusters: 66863
polytomy of size 3; rounds with additions with at least 0.01 support: 0; clusters: 66863
polytomy of size 4; rounds with additions with at least 0.01 support: 0; clusters: 66863
polytomy of size 4; rounds with additions with at least 0.01 support: 0; clusters: 66863
polytomy of size 6; rounds with additions with at least 0.01 support: 0; clusters: 66863
polytomy of size 12; rounds with additions with at least 0.01 support: 0; clusters: 66863
polytomy of size 4; rounds with additions with at least 0.01 support: 0; clusters: 66863
polytomy of size 3; rounds with additions with at least 0.01 support: 0; clusters: 66863
polytomy of size 3; rounds with additions with at least 0.01 support: 0; clusters: 66863
polytomy of size 3; rounds with additions with at least 0.01 support: 0; clusters: 66863
polytomy of size 4; rounds with additions with at least 0.01 support: 0; clusters: 66863
polytomy of size 3; rounds with additions with at least 0.01 support: 0; clusters: 66863
polytomy of size 3; rounds with additions with at least 0.01 support: 0; clusters: 66863
polytomy of size 4; rounds with additions with at least 0.01 support: 0; clusters: 66863
polytomy of size 14; rounds with additions with at least 0.01 support: 0; clusters: 66863
Threshold 0.3333333333333333:
polytomy of size 3; rounds with additions with at least 0.01 support: 0; clusters: 66863
polytomy of size 3; rounds with additions with at least 0.01 support: 0; clusters: 66863
polytomy of size 7; rounds with additions with at least 0.01 support: 0; clusters: 66865
polytomy of size 3; rounds with additions with at least 0.01 support: 0; clusters: 66865
polytomy of size 3; rounds with additions with at least 0.01 support: 0; clusters: 66865
polytomy of size 3; rounds with additions with at least 0.01 support: 0; clusters: 66865
polytomy of size 4; rounds with additions with at least 0.01 support: 0; clusters: 66865
polytomy of size 3; rounds with additions with at least 0.01 support: 0; clusters: 66865
polytomy of size 5; rounds with additions with at least 0.01 support: 0; clusters: 66865
polytomy of size 5; rounds with additions with at least 0.01 support: 0; clusters: 66865
polytomy of size 9; rounds with additions with at least 0.01 support: 0; clusters: 66895
polytomy of size 6; rounds with additions with at least 0.01 support: 0; clusters: 66895
polytomy of size 3; rounds with additions with at least 0.01 support: 0; clusters: 66895
polytomy of size 8; rounds with additions with at least 0.01 support: 0; clusters: 66901
polytomy of size 3; rounds with additions with at least 0.01 support: 0; clusters: 66901
polytomy of size 7; rounds with additions with at least 0.01 support: 0; clusters: 66901
polytomy of size 4; rounds with additions with at least 0.01 support: 0; clusters: 66901
polytomy of size 4; rounds with additions with at least 0.01 support: 0; clusters: 66901
polytomy of size 8; rounds with additions with at least 0.01 support: 0; clusters: 66909
polytomy of size 12; rounds with additions with at least 0.01 support: 0; clusters: 67049
polytomy of size 5; rounds with additions with at least 0.01 support: 0; clusters: 67049
polytomy of size 3; rounds with additions with at least 0.01 support: 0; clusters: 67049
polytomy of size 5; rounds with additions with at least 0.01 support: 0; clusters: 67049
polytomy of size 3; rounds with additions with at least 0.01 support: 0; clusters: 67049
polytomy of size 4; rounds with additions with at least 0.01 support: 0; clusters: 67049
polytomy of size 3; rounds with additions with at least 0.01 support: 0; clusters: 67049
polytomy of size 3; rounds with additions with at least 0.01 support: 0; clusters: 67049
polytomy of size 3; rounds with additions with at least 0.01 support: 0; clusters: 67049
polytomy of size 4; rounds with additions with at least 0.01 support: 0; clusters: 67049
polytomy of size 4; rounds with additions with at least 0.01 support: 0; clusters: 67049
polytomy of size 25; rounds with additions with at least 0.01 support: 0; clusters: 68227
Number of Clusters after addition by greedy: 68227
partitions formed in 37.031 secs
Dynamic Programming starting after 37.031 secs
Size of largest cluster: 201
Calculated 100000 weights; time (seconds): 982
Calculated 200000 weights; time (seconds): 978
Total Number of elements weighted: 292587
Normalized score (portion of input quartet trees satisfied): 0.775229551200679
Final optimization score: 47853987872
Optimal tree inferred in 2913.892 secs.
(199,(186,(166,((68,6),((41,165),((79,83),(((197,57),((47,164),((12,50),(64,(20,169))))),((126,(34,160)),(((106,118),(66,(24,(86,(62,26))))),((((11,115),(0,((56,((163,(148,111)),(81,(105,70)))),((112,97),((21,195),(184,(174,(181,(185,129))))))))),(((137,(87,74)),(139,(192,7))),((119,(151,92)),(((45,(8,(173,(99,90)))),((153,178),((138,(36,23)),(100,(30,60))))),((32,67),(101,(91,(96,((168,157),((194,(152,89)),(200,(109,134)))))))))))),(((136,((88,10),(123,61))),((142,(51,77)),(22,(121,(63,((167,154),(84,(124,(58,39))))))))),(((188,122),((146,75),((14,(48,((38,193),((150,(46,93)),(116,(177,145)))))),((140,((18,190),(127,(144,(25,72))))),((78,(82,69)),(95,(172,(94,31)))))))),(((175,65),(53,(103,19))),((((29,187),(54,(133,(170,132)))),(((198,104),((13,141),(98,180))),(2,((16,149),(((147,52),(4,(182,130))),(189,(44,(159,(3,(85,176)))))))))),(((113,(135,(128,(110,114)))),(71,((108,15),((27,55),((17,(73,143)),((49,5),(161,(42,120)))))))),(179,((35,107),(((162,(28,(33,76))),((155,171),(37,(80,(125,117))))),(196,((158,(43,(1,(131,9)))),((40,(191,59)),(156,(102,183)))))))))))))))))))))));
Quartet score is: 47853987872
Normalized quartet score is: 0.775229551200679
ASTRAL finished in 2928.751 secs
