
================== ASTRAL ===================== 

This is ASTRAL version 4.10.8
Gene trees are treated as unrooted
1000 trees read from model.200.2000000.0.0000001/12/estimatedgenetre.halfresolved
All outputted trees will be *arbitrarily* rooted at 142

======== Running the main analysis
Number of taxa: 201 (201 species)
Taxa: [142, 147, 86, 50, 198, 146, 136, 102, 28, 101, 113, 134, 143, 89, 175, 159, 2, 51, 55, 0, 41, 94, 48, 36, 76, 100, 169, 193, 110, 96, 121, 163, 124, 75, 165, 156, 176, 37, 65, 61, 118, 152, 154, 183, 150, 82, 73, 87, 99, 26, 8, 120, 20, 24, 79, 23, 139, 186, 21, 59, 197, 172, 185, 1, 7, 153, 191, 30, 40, 80, 84, 155, 166, 128, 126, 145, 60, 129, 119, 130, 168, 27, 108, 9, 104, 53, 132, 116, 137, 131, 170, 43, 106, 125, 188, 42, 112, 66, 46, 31, 184, 74, 151, 38, 181, 33, 158, 67, 123, 171, 157, 122, 105, 97, 62, 3, 133, 160, 144, 25, 32, 161, 195, 19, 173, 111, 196, 18, 13, 39, 177, 200, 187, 45, 114, 127, 14, 115, 189, 64, 52, 149, 44, 69, 138, 70, 141, 29, 199, 117, 5, 148, 6, 92, 109, 49, 68, 57, 83, 71, 192, 190, 162, 103, 178, 179, 34, 12, 180, 63, 88, 90, 107, 16, 17, 4, 182, 194, 140, 164, 35, 85, 10, 11, 95, 98, 58, 56, 72, 81, 78, 15, 135, 22, 54, 93, 47, 174, 77, 167, 91]
Taxon occupancy: {35=1000, 36=1000, 159=1000, 33=1000, 158=1000, 34=1000, 157=1000, 39=1000, 156=1000, 155=1000, 37=1000, 154=1000, 38=1000, 152=1000, 153=1000, 150=1000, 151=1000, 43=1000, 42=1000, 41=1000, 40=1000, 200=1000, 22=1000, 23=1000, 169=1000, 24=1000, 25=1000, 166=1000, 26=1000, 27=1000, 165=1000, 168=1000, 28=1000, 167=1000, 29=1000, 3=1000, 161=1000, 2=1000, 162=1000, 1=1000, 163=1000, 0=1000, 164=1000, 30=1000, 7=1000, 6=1000, 32=1000, 5=1000, 31=1000, 160=1000, 4=1000, 9=1000, 8=1000, 19=1000, 179=1000, 17=1000, 18=1000, 178=1000, 177=1000, 15=1000, 176=1000, 16=1000, 13=1000, 14=1000, 11=1000, 12=1000, 170=1000, 21=1000, 20=1000, 171=1000, 174=1000, 175=1000, 172=1000, 173=1000, 188=1000, 187=1000, 189=1000, 180=1000, 181=1000, 10=1000, 182=1000, 183=1000, 184=1000, 185=1000, 186=1000, 116=1000, 79=1000, 117=1000, 114=1000, 78=1000, 77=1000, 115=1000, 112=1000, 113=1000, 110=1000, 111=1000, 118=1000, 119=1000, 82=1000, 83=1000, 80=1000, 81=1000, 86=1000, 87=1000, 84=1000, 85=1000, 125=1000, 67=1000, 126=1000, 66=1000, 127=1000, 69=1000, 128=1000, 68=1000, 121=1000, 122=1000, 123=1000, 124=1000, 129=1000, 70=1000, 120=1000, 71=1000, 72=1000, 73=1000, 74=1000, 75=1000, 76=1000, 134=1000, 135=1000, 132=1000, 59=1000, 133=1000, 138=1000, 58=1000, 139=1000, 57=1000, 136=1000, 56=1000, 137=1000, 55=1000, 64=1000, 65=1000, 62=1000, 63=1000, 131=1000, 60=1000, 130=1000, 61=1000, 143=1000, 49=1000, 48=1000, 144=1000, 145=1000, 146=1000, 147=1000, 45=1000, 44=1000, 148=1000, 47=1000, 149=1000, 46=1000, 51=1000, 52=1000, 53=1000, 54=1000, 140=1000, 142=1000, 50=1000, 141=1000, 109=1000, 108=1000, 107=1000, 106=1000, 105=1000, 104=1000, 103=1000, 99=1000, 102=1000, 101=1000, 100=1000, 98=1000, 97=1000, 96=1000, 95=1000, 94=1000, 93=1000, 92=1000, 91=1000, 90=1000, 88=1000, 89=1000, 195=1000, 194=1000, 197=1000, 196=1000, 191=1000, 190=1000, 193=1000, 192=1000, 198=1000, 199=1000}
Number of gene trees: 1000
0 trees have missing taxa
Calculating quartet distance matrix (for completion of X)
Species tree distances calculated ...
Building set of clusters (X) from gene trees 
Using tree-based weight calculation.
Number of Default Clusters: 81557
Number of quartet trees in the gene trees: 65998349604
calculating extra bipartitions to be added at level 1 ...
Number of Clusters after addition by distance: 81565
Adding to X using resolutions of greedy consensus ...
Threshold 0.0:
polytomy of size 3; rounds with additions with at least 0.01 support: 1; clusters: 81569
polytomy of size 4; rounds with additions with at least 0.01 support: 2; clusters: 81585
Threshold 0.01:
polytomy of size 12; rounds with additions with at least 0.01 support: 4; clusters: 81951
Threshold 0.02:
polytomy of size 16; rounds with additions with at least 0.01 support: 3; clusters: 82359
Threshold 0.05:
polytomy of size 20; rounds with additions with at least 0.01 support: 0; clusters: 82361
Threshold 0.1:
polytomy of size 31; rounds with additions with at least 0.01 support: 0; clusters: 82367
Threshold 0.2:
polytomy of size 5; rounds with additions with at least 0.01 support: 0; clusters: 82367
polytomy of size 3; rounds with additions with at least 0.01 support: 0; clusters: 82367
polytomy of size 3; rounds with additions with at least 0.01 support: 0; clusters: 82367
polytomy of size 38; rounds with additions with at least 0.01 support: 0; clusters: 82371
Threshold 0.3333333333333333:
polytomy of size 3; rounds with additions with at least 0.01 support: 0; clusters: 82371
polytomy of size 5; rounds with additions with at least 0.01 support: 0; clusters: 82371
polytomy of size 3; rounds with additions with at least 0.01 support: 0; clusters: 82371
polytomy of size 4; rounds with additions with at least 0.01 support: 0; clusters: 82371
polytomy of size 4; rounds with additions with at least 0.01 support: 0; clusters: 82371
polytomy of size 4; rounds with additions with at least 0.01 support: 0; clusters: 82371
polytomy of size 3; rounds with additions with at least 0.01 support: 0; clusters: 82371
polytomy of size 3; rounds with additions with at least 0.01 support: 0; clusters: 82371
polytomy of size 4; rounds with additions with at least 0.01 support: 0; clusters: 82371
polytomy of size 53; rounds with additions with at least 0.01 support: 0; clusters: 88517
Number of Clusters after addition by greedy: 88517
partitions formed in 50.638 secs
Dynamic Programming starting after 50.639 secs
Size of largest cluster: 201
Size of largest cluster: 201
Calculated 100000 weights; time (seconds): 72
Total Number of elements weighted: 204280
Normalized score (portion of input quartet trees satisfied): NaN
Final optimization score: 0
Calculated 200000 weights; time (seconds): 28
Total Number of elements weighted: 204280
Normalized score (portion of input quartet trees satisfied): 0.5870416139868417
Final optimization score: 38743777672
Optimal tree inferred in 103.065 secs.
(142,(147,((86,50),((51,(55,((28,101),((198,(146,(136,102))),(113,(134,(143,((159,2),(89,175))))))))),(((150,(93,47)),((((122,105),(171,(123,157))),((197,172),(131,((110,(96,121)),((156,((176,37),(65,(61,118)))),((154,183),(152,((163,124),(75,165))))))))),(((73,56),((7,((153,191),(185,1))),((22,54),((72,81),(78,(15,135)))))),(82,((108,9),(((30,40),((155,166),(80,84))),((60,(130,(168,27))),((129,119),((128,(126,145)),(53,(104,(137,(132,116))))))))))))),(0,((193,59),((((167,91),(174,77)),(57,((38,(181,33)),(((66,46),(184,(31,(74,151)))),(112,((170,43),(125,(106,(188,42))))))))),((((133,160),(3,(97,62))),((32,(144,25)),(14,(161,195)))),((((100,169),(41,94)),(((192,(63,88)),(71,(((34,180),(179,12)),(178,(83,(190,(162,103))))))),((48,(36,76)),((44,69),((49,(68,(92,109))),(141,((148,6),(5,(199,(29,117)))))))))),((67,(11,((85,10),(95,(98,58))))),((90,((16,17),(4,((182,194),((164,35),(107,140)))))),((99,(158,(26,8))),(((87,(120,(20,24))),(79,((23,(139,186)),(115,(21,138))))),(70,((64,(52,149)),((19,189),((173,((111,196),(18,13))),((45,(114,127)),(39,(200,(177,187))))))))))))))))))))));
Quartet score is: 38743777672
Normalized quartet score is: 0.5870416139868417
ASTRAL finished in 111.618 secs
