
================== ASTRAL ===================== 

This is ASTRAL version 4.10.10
Gene trees are treated as unrooted
1000 trees read from ASTRALDATA/model.500.2000000.0.000001/17/estimatedgenetre.halfresolved
All output trees will be *arbitrarily* rooted at 493

======== Running the main analysis
Number of taxa: 501 (501 species)
Taxa: [493, 494, 431, 245, 178, 305, 446, 301, 72, 398, 19, 231, 302, 39, 498, 170, 216, 167, 464, 378, 359, 75, 230, 450, 438, 500, 42, 12, 336, 351, 337, 94, 344, 118, 411, 423, 154, 16, 51, 210, 5, 448, 139, 266, 226, 389, 370, 22, 492, 166, 232, 258, 21, 219, 346, 489, 211, 93, 307, 203, 260, 25, 311, 215, 485, 228, 379, 135, 417, 382, 424, 399, 99, 13, 445, 352, 54, 490, 484, 441, 473, 137, 187, 392, 20, 124, 385, 257, 205, 236, 28, 33, 179, 36, 268, 239, 14, 37, 482, 361, 289, 208, 412, 472, 272, 7, 125, 396, 204, 233, 269, 340, 326, 283, 41, 496, 165, 145, 185, 369, 426, 475, 293, 92, 437, 416, 372, 444, 176, 147, 218, 282, 354, 127, 405, 304, 364, 333, 88, 495, 164, 343, 181, 297, 234, 312, 298, 44, 169, 381, 453, 140, 177, 319, 107, 338, 374, 220, 462, 217, 470, 85, 246, 3, 363, 288, 131, 155, 173, 31, 214, 106, 237, 488, 111, 478, 82, 456, 188, 373, 101, 240, 80, 49, 322, 366, 152, 413, 81, 275, 429, 419, 144, 213, 299, 108, 160, 309, 168, 325, 78, 422, 171, 150, 68, 274, 400, 221, 315, 457, 34, 451, 342, 308, 329, 321, 384, 48, 229, 393, 270, 295, 247, 10, 368, 1, 128, 358, 17, 161, 119, 57, 43, 271, 263, 460, 447, 27, 134, 202, 376, 367, 265, 200, 323, 253, 120, 98, 110, 415, 87, 481, 334, 0, 102, 115, 418, 76, 148, 18, 90, 186, 196, 129, 320, 442, 30, 287, 455, 62, 117, 206, 360, 58, 292, 362, 395, 394, 347, 116, 65, 286, 162, 4, 341, 132, 371, 77, 316, 314, 191, 180, 278, 252, 459, 248, 182, 136, 223, 133, 386, 497, 291, 113, 105, 355, 259, 388, 284, 458, 153, 324, 138, 199, 89, 53, 38, 86, 97, 483, 46, 156, 332, 209, 149, 242, 406, 414, 174, 435, 294, 55, 303, 227, 103, 461, 262, 349, 60, 184, 331, 70, 183, 59, 348, 264, 192, 26, 468, 390, 436, 56, 254, 172, 480, 313, 95, 32, 158, 109, 465, 255, 159, 122, 375, 421, 434, 281, 452, 193, 15, 9, 356, 142, 63, 66, 91, 212, 146, 189, 467, 69, 300, 23, 52, 261, 74, 114, 365, 409, 273, 201, 141, 425, 432, 427, 238, 224, 71, 6, 11, 121, 469, 387, 8, 310, 267, 79, 104, 47, 96, 50, 64, 249, 433, 306, 383, 410, 454, 130, 401, 404, 357, 276, 35, 328, 330, 449, 197, 487, 83, 318, 317, 407, 463, 491, 123, 339, 280, 345, 143, 380, 100, 290, 279, 391, 175, 420, 61, 222, 466, 428, 235, 377, 335, 45, 251, 195, 285, 157, 403, 126, 474, 408, 256, 194, 84, 397, 440, 277, 439, 244, 350, 243, 443, 250, 296, 29, 151, 486, 327, 198, 476, 225, 499, 207, 477, 112, 40, 241, 430, 353, 73, 190, 479, 24, 163, 471, 2, 67, 402]
Taxon occupancy: {338=1000, 339=1000, 332=1000, 333=1000, 330=1000, 159=1000, 331=1000, 158=1000, 157=1000, 336=1000, 337=1000, 156=1000, 155=1000, 334=1000, 335=1000, 154=1000, 152=1000, 153=1000, 150=1000, 151=1000, 202=1000, 349=1000, 203=1000, 204=1000, 205=1000, 200=1000, 201=1000, 341=1000, 169=1000, 342=1000, 343=1000, 344=1000, 345=1000, 166=1000, 206=1000, 207=1000, 165=1000, 346=1000, 208=1000, 168=1000, 347=1000, 167=1000, 209=1000, 348=1000, 409=1000, 3=1000, 161=1000, 2=1000, 408=1000, 162=1000, 163=1000, 1=1000, 164=1000, 0=1000, 405=1000, 7=1000, 404=1000, 6=1000, 407=1000, 340=1000, 5=1000, 160=1000, 4=1000, 406=1000, 401=1000, 400=1000, 403=1000, 9=1000, 402=1000, 8=1000, 211=1000, 212=1000, 210=1000, 318=1000, 215=1000, 319=1000, 216=1000, 213=1000, 316=1000, 317=1000, 214=1000, 219=1000, 179=1000, 314=1000, 178=1000, 315=1000, 217=1000, 177=1000, 312=1000, 218=1000, 176=1000, 313=1000, 310=1000, 311=1000, 170=1000, 418=1000, 417=1000, 171=1000, 416=1000, 415=1000, 174=1000, 175=1000, 172=1000, 419=1000, 173=1000, 410=1000, 414=1000, 413=1000, 412=1000, 411=1000, 220=1000, 221=1000, 222=1000, 223=1000, 327=1000, 224=1000, 225=1000, 328=1000, 226=1000, 329=1000, 227=1000, 188=1000, 228=1000, 323=1000, 187=1000, 229=1000, 324=1000, 325=1000, 326=1000, 189=1000, 320=1000, 321=1000, 322=1000, 427=1000, 426=1000, 180=1000, 429=1000, 181=1000, 428=1000, 182=1000, 183=1000, 184=1000, 185=1000, 186=1000, 421=1000, 420=1000, 423=1000, 422=1000, 425=1000, 424=1000, 116=1000, 117=1000, 114=1000, 115=1000, 112=1000, 113=1000, 110=1000, 111=1000, 118=1000, 119=1000, 435=1000, 436=1000, 433=1000, 434=1000, 431=1000, 432=1000, 430=1000, 439=1000, 437=1000, 438=1000, 125=1000, 126=1000, 127=1000, 300=1000, 128=1000, 121=1000, 302=1000, 301=1000, 122=1000, 123=1000, 304=1000, 124=1000, 303=1000, 306=1000, 305=1000, 308=1000, 307=1000, 129=1000, 309=1000, 444=1000, 445=1000, 446=1000, 447=1000, 440=1000, 441=1000, 442=1000, 443=1000, 120=1000, 448=1000, 449=1000, 134=1000, 135=1000, 132=1000, 133=1000, 138=1000, 139=1000, 136=1000, 137=1000, 450=1000, 453=1000, 454=1000, 451=1000, 452=1000, 457=1000, 458=1000, 455=1000, 456=1000, 459=1000, 131=1000, 130=1000, 143=1000, 144=1000, 145=1000, 146=1000, 147=1000, 148=1000, 149=1000, 461=1000, 460=1000, 462=1000, 463=1000, 464=1000, 465=1000, 466=1000, 467=1000, 468=1000, 469=1000, 140=1000, 142=1000, 141=1000, 195=1000, 194=1000, 197=1000, 196=1000, 191=1000, 190=1000, 193=1000, 192=1000, 198=1000, 199=1000, 500=1000, 35=1000, 36=1000, 33=1000, 34=1000, 39=1000, 37=1000, 38=1000, 43=1000, 42=1000, 41=1000, 40=1000, 22=1000, 23=1000, 24=1000, 25=1000, 26=1000, 27=1000, 28=1000, 29=1000, 30=1000, 32=1000, 31=1000, 19=1000, 17=1000, 18=1000, 15=1000, 16=1000, 13=1000, 14=1000, 11=1000, 12=1000, 21=1000, 20=1000, 10=1000, 79=1000, 78=1000, 77=1000, 82=1000, 83=1000, 80=1000, 81=1000, 86=1000, 87=1000, 84=1000, 85=1000, 67=1000, 66=1000, 69=1000, 68=1000, 70=1000, 71=1000, 72=1000, 73=1000, 74=1000, 75=1000, 76=1000, 59=1000, 58=1000, 57=1000, 56=1000, 55=1000, 64=1000, 65=1000, 62=1000, 63=1000, 60=1000, 61=1000, 49=1000, 48=1000, 45=1000, 44=1000, 47=1000, 46=1000, 51=1000, 52=1000, 53=1000, 54=1000, 50=1000, 487=1000, 281=1000, 486=1000, 280=1000, 485=1000, 484=1000, 285=1000, 284=1000, 283=1000, 489=1000, 488=1000, 282=1000, 288=1000, 289=1000, 286=1000, 287=1000, 482=1000, 483=1000, 480=1000, 481=1000, 474=1000, 473=1000, 476=1000, 270=1000, 475=1000, 478=1000, 272=1000, 477=1000, 271=1000, 274=1000, 479=1000, 273=1000, 275=1000, 276=1000, 277=1000, 278=1000, 279=1000, 470=1000, 471=1000, 472=1000, 109=1000, 108=1000, 107=1000, 106=1000, 105=1000, 104=1000, 103=1000, 99=1000, 102=1000, 101=1000, 100=1000, 98=1000, 97=1000, 391=1000, 96=1000, 390=1000, 95=1000, 94=1000, 393=1000, 93=1000, 392=1000, 92=1000, 395=1000, 394=1000, 91=1000, 90=1000, 294=1000, 499=1000, 293=1000, 296=1000, 295=1000, 290=1000, 496=1000, 495=1000, 498=1000, 292=1000, 497=1000, 291=1000, 491=1000, 492=1000, 493=1000, 494=1000, 297=1000, 298=1000, 299=1000, 490=1000, 396=1000, 397=1000, 398=1000, 399=1000, 88=1000, 89=1000, 240=1000, 241=1000, 383=1000, 384=1000, 381=1000, 382=1000, 380=1000, 389=1000, 388=1000, 387=1000, 386=1000, 385=1000, 245=1000, 244=1000, 243=1000, 242=1000, 249=1000, 248=1000, 247=1000, 246=1000, 230=1000, 370=1000, 371=1000, 372=1000, 373=1000, 379=1000, 378=1000, 239=1000, 375=1000, 374=1000, 377=1000, 376=1000, 232=1000, 231=1000, 234=1000, 233=1000, 236=1000, 235=1000, 238=1000, 237=1000, 262=1000, 263=1000, 260=1000, 261=1000, 361=1000, 362=1000, 360=1000, 366=1000, 365=1000, 364=1000, 363=1000, 369=1000, 368=1000, 367=1000, 269=1000, 268=1000, 267=1000, 266=1000, 265=1000, 264=1000, 250=1000, 251=1000, 252=1000, 350=1000, 351=1000, 353=1000, 352=1000, 355=1000, 354=1000, 357=1000, 356=1000, 359=1000, 358=1000, 258=1000, 257=1000, 259=1000, 254=1000, 253=1000, 256=1000, 255=1000}
Number of gene trees: 1000
0 trees have missing taxa
Calculating quartet distance matrix (for completion of X)
Species tree distances calculated ...
Building set of clusters (X) from gene trees 
Using tree-based weight calculation.
Number of Default Clusters: 115219
Number of quartet trees in the gene trees: 2593739625000
calculating extra bipartitions to be added at level 1 ...
Number of Clusters after addition by distance: 115219
Adding to X using resolutions of greedy consensus ...
Threshold 0.0:
polytomy of size 3; rounds with additions with at least 0.01 support: 1; clusters: 115225
Threshold 0.01:
polytomy of size 3; rounds with additions with at least 0.01 support: 0; clusters: 115225
polytomy of size 10; rounds with additions with at least 0.01 support: 1; clusters: 115373
Threshold 0.02:
polytomy of size 4; rounds with additions with at least 0.01 support: 0; clusters: 115375
polytomy of size 10; rounds with additions with at least 0.01 support: 1; clusters: 115423
Threshold 0.05:
polytomy of size 6; rounds with additions with at least 0.01 support: 0; clusters: 115423
polytomy of size 12; rounds with additions with at least 0.01 support: 2; clusters: 115435
Threshold 0.1:
polytomy of size 3; rounds with additions with at least 0.01 support: 0; clusters: 115435
polytomy of size 3; rounds with additions with at least 0.01 support: 0; clusters: 115435
polytomy of size 7; rounds with additions with at least 0.01 support: 0; clusters: 115435
polytomy of size 3; rounds with additions with at least 0.01 support: 0; clusters: 115435
polytomy of size 4; rounds with additions with at least 0.01 support: 0; clusters: 115435
polytomy of size 19; rounds with additions with at least 0.01 support: 0; clusters: 115437
Threshold 0.2:
polytomy of size 5; rounds with additions with at least 0.01 support: 0; clusters: 115437
polytomy of size 3; rounds with additions with at least 0.01 support: 0; clusters: 115437
polytomy of size 3; rounds with additions with at least 0.01 support: 0; clusters: 115437
polytomy of size 4; rounds with additions with at least 0.01 support: 0; clusters: 115437
polytomy of size 7; rounds with additions with at least 0.01 support: 0; clusters: 115437
polytomy of size 3; rounds with additions with at least 0.01 support: 0; clusters: 115437
polytomy of size 3; rounds with additions with at least 0.01 support: 0; clusters: 115437
polytomy of size 5; rounds with additions with at least 0.01 support: 0; clusters: 115437
polytomy of size 5; rounds with additions with at least 0.01 support: 0; clusters: 115437
polytomy of size 4; rounds with additions with at least 0.01 support: 0; clusters: 115437
polytomy of size 4; rounds with additions with at least 0.01 support: 0; clusters: 115437
polytomy of size 3; rounds with additions with at least 0.01 support: 0; clusters: 115437
polytomy of size 8; rounds with additions with at least 0.01 support: 0; clusters: 115437
polytomy of size 35; rounds with additions with at least 0.01 support: 0; clusters: 115441
Threshold 0.3333333333333333:
polytomy of size 3; rounds with additions with at least 0.01 support: 0; clusters: 115441
polytomy of size 3; rounds with additions with at least 0.01 support: 0; clusters: 115441
polytomy of size 3; rounds with additions with at least 0.01 support: 0; clusters: 115441
polytomy of size 6; rounds with additions with at least 0.01 support: 0; clusters: 115441
polytomy of size 3; rounds with additions with at least 0.01 support: 0; clusters: 115441
polytomy of size 3; rounds with additions with at least 0.01 support: 0; clusters: 115441
polytomy of size 5; rounds with additions with at least 0.01 support: 0; clusters: 115441
polytomy of size 3; rounds with additions with at least 0.01 support: 0; clusters: 115441
polytomy of size 3; rounds with additions with at least 0.01 support: 0; clusters: 115441
polytomy of size 3; rounds with additions with at least 0.01 support: 0; clusters: 115441
polytomy of size 4; rounds with additions with at least 0.01 support: 0; clusters: 115441
polytomy of size 4; rounds with additions with at least 0.01 support: 0; clusters: 115441
polytomy of size 4; rounds with additions with at least 0.01 support: 0; clusters: 115441
polytomy of size 7; rounds with additions with at least 0.01 support: 0; clusters: 115451
polytomy of size 3; rounds with additions with at least 0.01 support: 0; clusters: 115451
polytomy of size 4; rounds with additions with at least 0.01 support: 0; clusters: 115451
polytomy of size 3; rounds with additions with at least 0.01 support: 0; clusters: 115451
polytomy of size 3; rounds with additions with at least 0.01 support: 0; clusters: 115451
polytomy of size 4; rounds with additions with at least 0.01 support: 0; clusters: 115451
polytomy of size 3; rounds with additions with at least 0.01 support: 0; clusters: 115451
polytomy of size 9; rounds with additions with at least 0.01 support: 0; clusters: 115471
polytomy of size 4; rounds with additions with at least 0.01 support: 0; clusters: 115471
polytomy of size 3; rounds with additions with at least 0.01 support: 0; clusters: 115471
polytomy of size 3; rounds with additions with at least 0.01 support: 0; clusters: 115471
polytomy of size 3; rounds with additions with at least 0.01 support: 0; clusters: 115471
polytomy of size 3; rounds with additions with at least 0.01 support: 0; clusters: 115471
polytomy of size 3; rounds with additions with at least 0.01 support: 0; clusters: 115471
polytomy of size 3; rounds with additions with at least 0.01 support: 0; clusters: 115471
polytomy of size 60; rounds with additions with at least 0.01 support: 0; clusters: 125685
Number of Clusters after addition by greedy: 125685
partitions formed in 162.54 secs
Dynamic Programming starting after 162.54 secs
Size of largest cluster: 501
Calculated 100000 weights; time (seconds): 1662
Calculated 200000 weights; time (seconds): 1516
Calculated 300000 weights; time (seconds): 1519
Total Number of elements weighted: 397707
Normalized score (portion of input quartet trees satisfied): 0.6708629081776086
Final optimization score: 1740043707883
Optimal tree inferred in 6231.311 secs.
(77,(316,((341,371),(132,(4,((286,162),(206,((347,(362,((116,(58,65)),((395,394),(360,292))))),((314,(191,(180,(278,252)))),(((117,459),((30,287),(455,62))),(((466,428),(222,(235,377))),(((248,182),(61,(175,420))),(((45,251),((102,(115,418)),((196,129),((76,148),(18,(90,186)))))),((320,442),((((259,388),(461,(262,349))),(((494,(431,245)),((279,391),(100,290))),((103,(291,(113,(105,355)))),(60,((53,((86,(97,483)),(38,((458,(284,153)),(324,(138,(199,89))))))),(((46,(149,242)),(332,(156,209))),((303,(55,227)),((406,414),(294,(174,435)))))))))),(((((194,84),(440,(397,277))),(((244,(350,(243,443))),((250,296),(481,334))),((143,380),(((29,151),(198,((476,225),(486,327)))),(((67,402),(471,2)),(353,((190,(73,(479,(24,163)))),((241,430),(499,(207,(40,(477,112)))))))))))),((((23,(52,(261,74))),((59,348),((70,183),(184,331)))),(((264,(192,26)),((468,390),(436,56))),((69,300),((9,(467,((254,172),((356,142),((63,212),((146,189),(66,91))))))),(122,((109,(465,(255,159))),((480,158),((313,(95,32)),((281,452),(193,(15,(434,(375,421))))))))))))),((416,(36,(((136,223),(133,(386,497))),(((195,(285,157)),((408,256),(403,(126,474)))),((282,(147,218)),((444,176),(268,(239,14)))))))),(((335,(372,(437,(293,92)))),((472,272),(289,(208,412)))),(((7,(204,(125,396))),(326,(340,(233,269)))),(((369,(426,475)),((145,185),(165,(41,(283,496))))),((127,(354,(364,(333,(405,304))))),((88,(495,164)),(343,(181,(297,(234,312)))))))))))),(0,(((28,(33,179)),((236,(124,(385,(257,205)))),((441,473),(493,((392,20),(137,187)))))),((490,(352,54)),(((169,(298,44)),(((484,439),((37,(482,361)),((107,374),(319,((220,(381,453)),(177,(140,338))))))),(((358,(478,(110,((200,(323,253)),(415,(87,(120,98))))))),((265,(376,367)),(((134,202),(447,27)),(((470,85),(246,(3,363))),(462,((288,131),(217,((173,31),(155,(214,106)))))))))),(((237,488),(((275,(413,81)),((213,299),((419,(429,144)),(108,(160,309))))),(111,((322,(366,152)),((82,(456,188)),((373,101),(240,(80,49)))))))),((((393,270),(295,(247,(10,368)))),((17,(161,119)),((1,128),(57,(271,(460,(43,263))))))),((48,229),(168,((400,((274,(150,68)),(171,(422,(325,78))))),(((342,308),(329,(321,384))),((221,315),(457,(34,451)))))))))))),(((359,((500,(42,12)),(378,((75,230),(450,438))))),((21,((211,(93,307)),(260,((219,203),(346,489))))),(((215,(485,228)),(311,(25,(379,135)))),((226,(((389,370),(258,(22,(492,(166,232))))),(445,((99,13),(399,(424,(417,382))))))),((411,((336,351),(94,(337,(344,118))))),((139,266),(448,((423,(154,16)),(5,(51,210)))))))))),((280,345),(((178,(398,((301,72),(305,446)))),((19,(231,302)),((216,(167,464)),(39,(498,170))))),(401,((((71,(224,6)),((425,238),((432,427),(201,141)))),(249,((104,(47,(96,(50,64)))),((454,130),(410,(383,(433,306))))))),(((114,(365,(409,273))),((469,387),(267,(79,(8,310))))),(((11,121),(407,(463,491))),((123,339),((35,(328,330)),((276,(404,357)),((449,(197,487)),(83,(318,317)))))))))))))))))))))))))))))))));
Quartet score is: 1740043707883
Normalized quartet score is: 0.6708629081776086
ASTRAL finished in 6276.151 secs
