
================== ASTRAL ===================== 

This is ASTRAL version 4.10.10
Gene trees are treated as unrooted
995 trees read from ASTRALDATA/model.200.2000000.0.0000001/42/estimatedgenetre.halfresolved
All output trees will be *arbitrarily* rooted at 190

======== Running the main analysis
Number of taxa: 201 (201 species)
Taxa: [190, 101, 180, 100, 126, 122, 191, 150, 104, 106, 142, 129, 162, 50, 15, 196, 18, 1, 195, 163, 188, 164, 124, 80, 135, 3, 121, 181, 39, 28, 16, 156, 178, 115, 14, 64, 66, 98, 184, 32, 125, 30, 45, 23, 172, 33, 38, 89, 140, 118, 41, 92, 84, 168, 128, 46, 145, 61, 186, 177, 24, 19, 4, 161, 55, 31, 5, 82, 144, 57, 133, 76, 44, 154, 72, 138, 112, 152, 56, 170, 37, 65, 127, 132, 193, 159, 111, 73, 71, 158, 109, 79, 40, 27, 53, 136, 83, 160, 96, 149, 151, 12, 52, 2, 173, 90, 70, 6, 194, 63, 43, 105, 107, 176, 13, 87, 75, 49, 119, 166, 67, 110, 167, 192, 197, 153, 91, 21, 10, 77, 117, 68, 34, 108, 58, 183, 148, 179, 200, 36, 78, 165, 20, 146, 123, 141, 143, 99, 175, 120, 7, 130, 88, 9, 86, 114, 51, 187, 26, 59, 81, 11, 54, 42, 134, 198, 93, 155, 95, 169, 25, 17, 0, 182, 97, 147, 103, 116, 137, 199, 69, 189, 157, 35, 60, 174, 22, 185, 8, 74, 29, 62, 113, 48, 171, 94, 102, 85, 139, 131, 47]
Taxon occupancy: {35=995, 36=995, 159=995, 33=995, 158=995, 34=995, 39=995, 157=995, 156=995, 37=995, 155=995, 154=995, 38=995, 152=995, 153=995, 150=995, 151=995, 43=995, 42=995, 41=995, 40=995, 200=995, 22=995, 23=995, 169=995, 24=995, 25=995, 166=995, 26=995, 27=995, 165=995, 168=995, 28=995, 167=995, 29=995, 161=995, 3=995, 162=995, 2=995, 163=995, 1=995, 164=995, 0=995, 30=995, 7=995, 6=995, 5=995, 32=995, 31=995, 4=995, 160=995, 9=995, 8=995, 19=995, 179=995, 17=995, 18=995, 178=995, 177=995, 15=995, 16=995, 176=995, 13=995, 14=995, 11=995, 12=995, 170=995, 21=995, 171=995, 20=995, 174=995, 175=995, 172=995, 173=995, 188=995, 187=995, 189=995, 180=995, 181=995, 10=995, 182=995, 183=995, 184=995, 185=995, 186=995, 116=995, 79=995, 117=995, 78=995, 114=995, 115=995, 77=995, 112=995, 113=995, 110=995, 111=995, 118=995, 119=995, 82=995, 83=995, 80=995, 81=995, 86=995, 87=995, 84=995, 85=995, 125=995, 67=995, 126=995, 66=995, 127=995, 69=995, 128=995, 68=995, 121=995, 122=995, 123=995, 124=995, 129=995, 70=995, 71=995, 120=995, 72=995, 73=995, 74=995, 75=995, 76=995, 134=995, 135=995, 132=995, 133=995, 59=995, 138=995, 58=995, 139=995, 57=995, 136=995, 56=995, 55=995, 137=995, 64=995, 65=995, 62=995, 63=995, 131=995, 60=995, 61=995, 130=995, 49=995, 143=995, 48=995, 144=995, 145=995, 146=995, 45=995, 147=995, 44=995, 148=995, 47=995, 149=995, 46=995, 51=995, 52=995, 53=995, 54=995, 140=995, 142=995, 50=995, 141=995, 109=995, 108=995, 107=995, 106=995, 105=995, 104=995, 103=995, 102=995, 99=995, 101=995, 100=995, 98=995, 97=995, 96=995, 95=995, 94=995, 93=995, 92=995, 91=995, 90=995, 88=995, 89=995, 195=995, 194=995, 197=995, 196=995, 191=995, 190=995, 193=995, 192=995, 198=995, 199=995}
Number of gene trees: 995
0 trees have missing taxa
Calculating quartet distance matrix (for completion of X)
Species tree distances calculated ...
Building set of clusters (X) from gene trees 
Using tree-based weight calculation.
Number of Default Clusters: 78851
Number of quartet trees in the gene trees: 65635958625
calculating extra bipartitions to be added at level 1 ...
Number of Clusters after addition by distance: 78857
Adding to X using resolutions of greedy consensus ...
Threshold 0.0:
polytomy of size 4; rounds with additions with at least 0.01 support: 1; clusters: 78877
Threshold 0.01:
polytomy of size 9; rounds with additions with at least 0.01 support: 8; clusters: 79009
Threshold 0.02:
polytomy of size 12; rounds with additions with at least 0.01 support: 2; clusters: 79129
Threshold 0.05:
polytomy of size 4; rounds with additions with at least 0.01 support: 0; clusters: 79129
polytomy of size 19; rounds with additions with at least 0.01 support: 0; clusters: 79145
Threshold 0.1:
polytomy of size 5; rounds with additions with at least 0.01 support: 0; clusters: 79145
polytomy of size 26; rounds with additions with at least 0.01 support: 0; clusters: 79145
Threshold 0.2:
polytomy of size 3; rounds with additions with at least 0.01 support: 0; clusters: 79145
polytomy of size 4; rounds with additions with at least 0.01 support: 0; clusters: 79145
polytomy of size 3; rounds with additions with at least 0.01 support: 0; clusters: 79145
polytomy of size 4; rounds with additions with at least 0.01 support: 0; clusters: 79145
polytomy of size 6; rounds with additions with at least 0.01 support: 0; clusters: 79145
polytomy of size 31; rounds with additions with at least 0.01 support: 0; clusters: 79145
Threshold 0.3333333333333333:
polytomy of size 4; rounds with additions with at least 0.01 support: 0; clusters: 79145
polytomy of size 4; rounds with additions with at least 0.01 support: 0; clusters: 79145
polytomy of size 3; rounds with additions with at least 0.01 support: 0; clusters: 79145
polytomy of size 3; rounds with additions with at least 0.01 support: 0; clusters: 79145
polytomy of size 3; rounds with additions with at least 0.01 support: 0; clusters: 79145
polytomy of size 3; rounds with additions with at least 0.01 support: 0; clusters: 79145
polytomy of size 4; rounds with additions with at least 0.01 support: 0; clusters: 79145
polytomy of size 3; rounds with additions with at least 0.01 support: 0; clusters: 79145
polytomy of size 3; rounds with additions with at least 0.01 support: 0; clusters: 79145
polytomy of size 5; rounds with additions with at least 0.01 support: 0; clusters: 79145
polytomy of size 52; rounds with additions with at least 0.01 support: 0; clusters: 85973
Number of Clusters after addition by greedy: 85973
partitions formed in 44.915 secs
Dynamic Programming starting after 44.915 secs
Size of largest cluster: 201
Calculated 100000 weights; time (seconds): 668
Calculated 200000 weights; time (seconds): 637
Total Number of elements weighted: 233489
Normalized score (portion of input quartet trees satisfied): 0.5771445340111386
Final optimization score: 37881434755
Optimal tree inferred in 1527.848 secs.
(53,(27,(40,(79,((158,109),((4,(183,((58,(148,179)),((200,36),(((91,21),(197,153)),(117,((10,77),(68,(34,108))))))))),(161,(((180,(3,(28,16))),(((134,198),(120,(175,(99,(123,(141,143)))))),((54,42),((51,187),(26,(11,(59,81))))))),((((73,71),(122,(100,126))),((((196,(20,(165,146))),(78,((182,97),(147,(103,116))))),((121,(181,39)),((190,(140,(118,41))),((156,(178,(115,14))),(18,(((80,135),(1,195)),(124,(164,(163,188))))))))),(((130,(88,(86,(9,114)))),(((113,48),((189,157),(137,(199,69)))),((106,(142,129)),((150,104),(191,(162,(50,15))))))),(105,((25,17),(((95,169),((176,167),(110,(166,(119,67))))),(((93,155),(192,7)),(75,(63,(107,(43,(49,(13,87))))))))))))),((0,(((19,(177,24)),((82,(31,5)),(186,(144,(57,133))))),((151,(12,(52,(2,173)))),(101,(112,(37,((152,170),(56,65)))))))),(((35,(74,29)),(62,(22,(174,(60,(185,8)))))),(((90,70),(((30,45),(125,(184,32))),((138,194),((55,(136,(44,(76,(154,72))))),((160,(96,149)),(83,(6,(64,66)))))))),((171,((139,131),((94,47),(102,85)))),((46,(145,61)),((193,(127,132)),((159,111),((23,(172,33)),((98,(38,89)),((92,84),(168,128))))))))))))))))))));
Quartet score is: 37881434755
Normalized quartet score is: 0.5771445340111386
ASTRAL finished in 1537.765 secs
