
================== ASTRAL ===================== 

This is ASTRAL version 4.10.8
Gene trees are treated as unrooted
1000 trees read from model.200.10000000.0.0000001/03/estimatedgenetre.halfresolved
All outputted trees will be *arbitrarily* rooted at 186

======== Running the main analysis
Number of taxa: 201 (201 species)
Taxa: [186, 24, 81, 59, 82, 120, 169, 13, 44, 36, 12, 77, 33, 41, 2, 148, 47, 146, 151, 93, 124, 185, 100, 136, 10, 68, 173, 125, 86, 134, 40, 182, 141, 98, 15, 193, 29, 168, 53, 4, 70, 197, 171, 158, 73, 16, 80, 61, 198, 23, 112, 196, 79, 200, 42, 157, 126, 180, 9, 159, 58, 103, 17, 28, 34, 117, 105, 92, 27, 138, 131, 85, 192, 72, 55, 133, 63, 95, 176, 56, 187, 102, 90, 64, 3, 110, 108, 184, 154, 122, 129, 156, 45, 179, 11, 142, 8, 78, 161, 94, 137, 189, 199, 89, 0, 111, 128, 84, 76, 174, 107, 190, 5, 177, 188, 99, 62, 31, 140, 21, 160, 46, 178, 69, 88, 143, 96, 1, 35, 167, 32, 130, 18, 132, 145, 97, 149, 39, 14, 60, 166, 164, 109, 74, 83, 50, 51, 38, 104, 175, 25, 155, 30, 37, 91, 162, 191, 54, 115, 22, 116, 67, 121, 66, 183, 119, 26, 52, 153, 19, 135, 123, 65, 6, 195, 57, 150, 127, 181, 71, 48, 7, 139, 144, 106, 20, 172, 152, 114, 101, 147, 49, 113, 163, 170, 118, 194, 43, 165, 87, 75]
Taxon occupancy: {35=1000, 36=1000, 159=1000, 33=1000, 34=1000, 158=1000, 157=1000, 39=1000, 156=1000, 155=1000, 37=1000, 154=1000, 38=1000, 152=1000, 153=1000, 150=1000, 151=1000, 43=1000, 42=1000, 41=1000, 40=1000, 200=1000, 22=1000, 23=1000, 169=1000, 24=1000, 25=1000, 166=1000, 26=1000, 165=1000, 27=1000, 28=1000, 168=1000, 29=1000, 167=1000, 3=1000, 161=1000, 2=1000, 162=1000, 163=1000, 1=1000, 0=1000, 164=1000, 30=1000, 7=1000, 6=1000, 5=1000, 32=1000, 4=1000, 31=1000, 160=1000, 9=1000, 8=1000, 19=1000, 179=1000, 17=1000, 178=1000, 18=1000, 15=1000, 177=1000, 176=1000, 16=1000, 13=1000, 14=1000, 11=1000, 12=1000, 170=1000, 21=1000, 171=1000, 20=1000, 174=1000, 175=1000, 172=1000, 173=1000, 188=1000, 187=1000, 189=1000, 180=1000, 10=1000, 181=1000, 182=1000, 183=1000, 184=1000, 185=1000, 186=1000, 116=1000, 117=1000, 79=1000, 78=1000, 114=1000, 77=1000, 115=1000, 112=1000, 113=1000, 110=1000, 111=1000, 118=1000, 119=1000, 82=1000, 83=1000, 80=1000, 81=1000, 86=1000, 87=1000, 84=1000, 85=1000, 125=1000, 67=1000, 126=1000, 66=1000, 69=1000, 127=1000, 68=1000, 128=1000, 121=1000, 122=1000, 123=1000, 124=1000, 129=1000, 70=1000, 120=1000, 71=1000, 72=1000, 73=1000, 74=1000, 75=1000, 76=1000, 134=1000, 135=1000, 132=1000, 133=1000, 59=1000, 138=1000, 58=1000, 57=1000, 139=1000, 56=1000, 136=1000, 55=1000, 137=1000, 64=1000, 65=1000, 62=1000, 63=1000, 131=1000, 60=1000, 61=1000, 130=1000, 143=1000, 49=1000, 48=1000, 144=1000, 145=1000, 146=1000, 45=1000, 147=1000, 148=1000, 44=1000, 47=1000, 149=1000, 46=1000, 51=1000, 52=1000, 53=1000, 54=1000, 140=1000, 142=1000, 141=1000, 50=1000, 109=1000, 108=1000, 107=1000, 106=1000, 105=1000, 104=1000, 103=1000, 102=1000, 99=1000, 101=1000, 100=1000, 98=1000, 97=1000, 96=1000, 95=1000, 94=1000, 93=1000, 92=1000, 91=1000, 90=1000, 88=1000, 89=1000, 195=1000, 194=1000, 197=1000, 196=1000, 191=1000, 190=1000, 193=1000, 192=1000, 198=1000, 199=1000}
Number of gene trees: 1000
0 trees have missing taxa
Calculating quartet distance matrix (for completion of X)
Species tree distances calculated ...
Building set of clusters (X) from gene trees 
Using tree-based weight calculation.
Number of Default Clusters: 22879
Number of quartet trees in the gene trees: 65998350000
calculating extra bipartitions to be added at level 1 ...
Number of Clusters after addition by distance: 22879
Adding to X using resolutions of greedy consensus ...
Threshold 0.0:
Threshold 0.01:
Threshold 0.02:
Threshold 0.05:
polytomy of size 3; rounds with additions with at least 0.01 support: 0; clusters: 22879
Threshold 0.1:
polytomy of size 3; rounds with additions with at least 0.01 support: 0; clusters: 22879
polytomy of size 3; rounds with additions with at least 0.01 support: 0; clusters: 22879
polytomy of size 4; rounds with additions with at least 0.01 support: 0; clusters: 22879
Threshold 0.2:
polytomy of size 4; rounds with additions with at least 0.01 support: 0; clusters: 22879
polytomy of size 5; rounds with additions with at least 0.01 support: 0; clusters: 22879
polytomy of size 9; rounds with additions with at least 0.01 support: 0; clusters: 22879
Threshold 0.3333333333333333:
polytomy of size 3; rounds with additions with at least 0.01 support: 0; clusters: 22879
polytomy of size 5; rounds with additions with at least 0.01 support: 0; clusters: 22879
polytomy of size 3; rounds with additions with at least 0.01 support: 0; clusters: 22879
polytomy of size 6; rounds with additions with at least 0.01 support: 0; clusters: 22879
polytomy of size 3; rounds with additions with at least 0.01 support: 0; clusters: 22879
polytomy of size 3; rounds with additions with at least 0.01 support: 0; clusters: 22879
polytomy of size 12; rounds with additions with at least 0.01 support: 0; clusters: 22987
polytomy of size 3; rounds with additions with at least 0.01 support: 0; clusters: 22987
Number of Clusters after addition by greedy: 22987
partitions formed in 14.548 secs
Dynamic Programming starting after 14.548 secs
Size of largest cluster: 201
Size of largest cluster: 201
Total Number of elements weighted: 78291
Normalized score (portion of input quartet trees satisfied): NaN
Final optimization score: 0
Total Number of elements weighted: 78291
Normalized score (portion of input quartet trees satisfied): 0.8059159481562796
Final optimization score: 53189122817
Optimal tree inferred in 33.557 secs.
(186,((81,(24,((59,82),(120,169)))),((((146,151),(93,(148,47))),((2,(77,(33,41))),(13,(36,(44,12))))),((((124,(185,100)),((136,10),((134,40),((125,86),(68,173))))),(((9,(159,(58,103))),((200,42),(157,(126,180)))),(((61,(198,23)),(112,(196,79))),((193,(182,(141,(98,15)))),((80,((53,4),(29,168))),((70,197),(171,(16,(158,73))))))))),(0,(((110,(108,184)),((3,(154,(122,129))),(((133,(63,95)),((90,64),((187,102),(176,56)))),((138,((72,55),(192,(131,85)))),((34,117),((17,28),(105,(92,27)))))))),(((156,45),(179,((11,(8,(142,78))),(137,((161,94),(189,199)))))),((75,(((6,(195,57)),((91,(162,191)),((54,(121,(115,(22,(116,67))))),(66,((183,(119,26)),((123,65),((52,153),(19,135)))))))),((194,(43,165)),(((152,(114,101)),(147,(49,((170,118),(113,163))))),(87,(((139,144),(106,(20,172))),((150,127),(181,(48,(71,7)))))))))),(((164,109),((60,166),((149,((39,14),(145,97))),(((175,25),(155,(30,37))),(104,(38,(74,(83,(50,51))))))))),(132,((89,(111,128)),(((84,(130,18)),((35,(167,32)),((69,88),(143,(96,1))))),(76,(((174,107),(190,(5,177))),((188,99),((140,21),((62,31),(160,(46,178)))))))))))))))))));
Quartet score is: 53189122817
Normalized quartet score is: 0.8059159481562796
ASTRAL finished in 43.235 secs
