
================== ASTRAL ===================== 

This is ASTRAL version 4.10.10
Gene trees are treated as unrooted
971 trees read from ASTRALDATA/model.200.2000000.0.0000001/09/estimatedgenetre.halfresolved
All output trees will be *arbitrarily* rooted at 184

======== Running the main analysis
Number of taxa: 201 (201 species)
Taxa: [184, 146, 82, 25, 64, 141, 194, 52, 48, 93, 40, 106, 193, 4, 83, 42, 170, 29, 108, 116, 176, 173, 89, 9, 160, 180, 60, 14, 154, 7, 126, 161, 84, 114, 177, 58, 94, 33, 3, 182, 151, 111, 103, 162, 43, 172, 127, 110, 104, 80, 113, 32, 166, 49, 122, 21, 199, 195, 147, 15, 71, 90, 149, 17, 196, 101, 34, 28, 1, 67, 74, 69, 119, 11, 65, 30, 181, 185, 19, 178, 150, 78, 163, 72, 159, 46, 133, 109, 0, 128, 23, 70, 186, 85, 66, 153, 77, 47, 56, 37, 26, 130, 118, 174, 88, 105, 51, 31, 95, 120, 139, 135, 197, 138, 100, 6, 39, 189, 117, 143, 53, 81, 54, 5, 75, 156, 102, 41, 13, 115, 87, 142, 137, 136, 79, 132, 45, 8, 190, 16, 36, 10, 123, 50, 164, 188, 96, 63, 97, 107, 12, 91, 144, 2, 191, 124, 152, 73, 55, 38, 99, 134, 76, 155, 158, 200, 140, 192, 157, 148, 183, 125, 18, 86, 187, 167, 175, 22, 92, 171, 112, 131, 20, 57, 24, 27, 179, 169, 121, 59, 61, 35, 198, 44, 165, 168, 129, 145, 98, 62, 68]
Taxon occupancy: {35=971, 36=971, 159=971, 33=971, 34=971, 158=971, 39=971, 157=971, 156=971, 37=971, 155=971, 154=971, 38=971, 152=971, 153=971, 150=971, 151=971, 43=971, 42=971, 41=971, 40=971, 200=971, 22=971, 23=971, 169=971, 24=971, 25=971, 166=971, 26=971, 165=971, 27=971, 168=971, 28=971, 29=971, 167=971, 161=971, 3=971, 162=971, 2=971, 163=971, 1=971, 0=971, 164=971, 30=971, 7=971, 6=971, 32=971, 5=971, 4=971, 160=971, 31=971, 9=971, 8=971, 19=971, 17=971, 179=971, 178=971, 18=971, 15=971, 177=971, 176=971, 16=971, 13=971, 14=971, 11=971, 12=971, 21=971, 170=971, 171=971, 20=971, 174=971, 175=971, 172=971, 173=971, 188=971, 187=971, 189=971, 180=971, 181=971, 10=971, 182=971, 183=971, 184=971, 185=971, 186=971, 116=971, 117=971, 79=971, 78=971, 114=971, 77=971, 115=971, 112=971, 113=971, 110=971, 111=971, 118=971, 119=971, 82=971, 83=971, 80=971, 81=971, 86=971, 87=971, 84=971, 85=971, 67=971, 125=971, 66=971, 126=971, 69=971, 127=971, 68=971, 128=971, 121=971, 122=971, 123=971, 124=971, 129=971, 70=971, 71=971, 120=971, 72=971, 73=971, 74=971, 75=971, 76=971, 134=971, 135=971, 132=971, 133=971, 59=971, 58=971, 138=971, 139=971, 57=971, 56=971, 136=971, 137=971, 55=971, 64=971, 65=971, 62=971, 63=971, 60=971, 131=971, 130=971, 61=971, 49=971, 143=971, 48=971, 144=971, 145=971, 146=971, 147=971, 45=971, 44=971, 148=971, 149=971, 47=971, 46=971, 51=971, 52=971, 53=971, 54=971, 140=971, 142=971, 141=971, 50=971, 109=971, 108=971, 107=971, 106=971, 105=971, 104=971, 103=971, 102=971, 99=971, 101=971, 100=971, 98=971, 97=971, 96=971, 95=971, 94=971, 93=971, 92=971, 91=971, 90=971, 88=971, 89=971, 195=971, 194=971, 197=971, 196=971, 191=971, 190=971, 193=971, 192=971, 198=971, 199=971}
Number of gene trees: 971
0 trees have missing taxa
Calculating quartet distance matrix (for completion of X)
Species tree distances calculated ...
Building set of clusters (X) from gene trees 
Using tree-based weight calculation.
Number of Default Clusters: 94427
Number of quartet trees in the gene trees: 64030154547
calculating extra bipartitions to be added at level 1 ...
Number of Clusters after addition by distance: 94429
Adding to X using resolutions of greedy consensus ...
Threshold 0.0:
polytomy of size 4; rounds with additions with at least 0.01 support: 1; clusters: 94449
Threshold 0.01:
polytomy of size 10; rounds with additions with at least 0.01 support: 2; clusters: 94731
Threshold 0.02:
polytomy of size 11; rounds with additions with at least 0.01 support: 5; clusters: 94977
Threshold 0.05:
polytomy of size 15; rounds with additions with at least 0.01 support: 1; clusters: 95011
Threshold 0.1:
polytomy of size 3; rounds with additions with at least 0.01 support: 0; clusters: 95011
polytomy of size 4; rounds with additions with at least 0.01 support: 0; clusters: 95011
polytomy of size 20; rounds with additions with at least 0.01 support: 0; clusters: 95021
Threshold 0.2:
polytomy of size 4; rounds with additions with at least 0.01 support: 0; clusters: 95021
polytomy of size 3; rounds with additions with at least 0.01 support: 0; clusters: 95021
polytomy of size 3; rounds with additions with at least 0.01 support: 0; clusters: 95021
polytomy of size 4; rounds with additions with at least 0.01 support: 0; clusters: 95021
polytomy of size 37; rounds with additions with at least 0.01 support: 0; clusters: 95029
Threshold 0.3333333333333333:
polytomy of size 4; rounds with additions with at least 0.01 support: 0; clusters: 95029
polytomy of size 3; rounds with additions with at least 0.01 support: 0; clusters: 95029
polytomy of size 3; rounds with additions with at least 0.01 support: 0; clusters: 95029
polytomy of size 3; rounds with additions with at least 0.01 support: 0; clusters: 95029
polytomy of size 3; rounds with additions with at least 0.01 support: 0; clusters: 95029
polytomy of size 4; rounds with additions with at least 0.01 support: 0; clusters: 95029
polytomy of size 4; rounds with additions with at least 0.01 support: 0; clusters: 95029
polytomy of size 4; rounds with additions with at least 0.01 support: 0; clusters: 95029
polytomy of size 3; rounds with additions with at least 0.01 support: 0; clusters: 95029
polytomy of size 4; rounds with additions with at least 0.01 support: 0; clusters: 95029
polytomy of size 54; rounds with additions with at least 0.01 support: 0; clusters: 113167
Number of Clusters after addition by greedy: 113167
partitions formed in 49.486 secs
Dynamic Programming starting after 49.486 secs
Size of largest cluster: 201
Calculated 100000 weights; time (seconds): 649
Calculated 200000 weights; time (seconds): 631
Total Number of elements weighted: 255823
Normalized score (portion of input quartet trees satisfied): 0.5610261157285162
Final optimization score: 35922588895
Optimal tree inferred in 1646.505 secs.
(66,(((21,199),((32,166),(195,((147,15),(49,122))))),(((180,60),(14,(85,(162,(43,172))))),((70,186),((((140,(12,(91,144))),((107,(2,191)),(170,(29,(108,116))))),((190,((16,(36,(10,123))),((50,164),((63,97),(188,96))))),((76,(158,(155,200))),((124,152),(73,(55,(38,(99,134)))))))),((0,(((90,(149,17)),((88,(118,174)),(((153,77),(115,87)),(139,((41,13),(47,(56,(37,26)))))))),(((136,79),(8,(132,45))),((128,23),((104,(127,110)),((7,(154,126)),((113,(58,(111,(151,103)))),((33,(3,182)),(94,(161,(84,(114,177)))))))))))),((160,(9,(176,(173,89)))),((((46,(72,159)),(((133,109),(78,163)),(((28,1),(196,(101,34))),((181,(185,(19,(178,150)))),(67,((65,30),(11,(119,(74,69))))))))),((71,(80,169)),((130,((105,51),(31,(95,120)))),(135,((102,((6,189),(100,(197,138)))),(39,((117,(54,5)),(143,((53,81),(75,156)))))))))),(((125,18),(183,(192,(157,148)))),(((40,106),(((83,42),(193,4)),(142,((146,(82,25)),((64,(141,194)),(52,(48,93))))))),(((62,68),((61,35),((198,98),((129,145),(44,(165,168)))))),(((167,175),(86,187)),((137,(184,(121,59))),(((22,92),(171,(112,131))),(20,(57,(27,(24,179))))))))))))))))));
Quartet score is: 35922588895
Normalized quartet score is: 0.5610261157285162
ASTRAL finished in 1657.313 secs
