
================== ASTRAL ===================== 

This is ASTRAL version 4.10.8
Gene trees are treated as unrooted
1000 trees read from ASTRALDATA/model.1000.2000000.0.000001/23/estimatedgenetre.halfresolved
All outputted trees will be *arbitrarily* rooted at 36

======== Running the main analysis
Number of taxa: 1001 (1001 species)
Taxa: [36, 796, 62, 289, 279, 166, 746, 527, 128, 6, 845, 792, 295, 353, 482, 476, 249, 736, 784, 268, 219, 151, 901, 20, 511, 65, 420, 298, 364, 818, 116, 447, 152, 108, 985, 954, 136, 977, 33, 369, 210, 300, 57, 545, 654, 518, 203, 47, 636, 801, 177, 410, 831, 251, 285, 593, 96, 478, 716, 566, 681, 480, 80, 916, 720, 912, 437, 259, 839, 959, 302, 276, 207, 598, 390, 485, 489, 218, 629, 189, 976, 197, 8, 590, 951, 726, 902, 661, 724, 265, 352, 173, 256, 149, 797, 357, 895, 816, 917, 114, 582, 619, 346, 571, 354, 923, 303, 382, 78, 652, 741, 890, 737, 391, 225, 287, 524, 889, 359, 864, 597, 790, 584, 867, 202, 979, 693, 301, 194, 631, 713, 764, 561, 376, 993, 264, 131, 98, 686, 436, 171, 90, 363, 378, 106, 291, 332, 296, 858, 846, 486, 340, 689, 531, 304, 175, 728, 366, 162, 163, 595, 808, 445, 224, 414, 255, 242, 362, 512, 899, 627, 481, 603, 887, 773, 494, 778, 7, 588, 271, 484, 500, 674, 368, 330, 394, 651, 798, 92, 321, 701, 71, 320, 180, 429, 606, 192, 199, 461, 375, 185, 994, 167, 708, 653, 908, 260, 675, 849, 909, 520, 984, 589, 355, 940, 998, 11, 888, 245, 853, 577, 660, 470, 987, 817, 37, 505, 952, 521, 553, 70, 936, 757, 949, 938, 214, 110, 702, 970, 191, 725, 503, 508, 41, 50, 932, 559, 931, 662, 221, 712, 990, 621, 602, 666, 538, 679, 866, 795, 678, 574, 145, 282, 499, 685, 56, 121, 947, 273, 5, 750, 196, 183, 25, 28, 568, 460, 756, 179, 422, 667, 85, 663, 630, 405, 644, 308, 195, 324, 871, 74, 768, 496, 569, 822, 454, 963, 102, 432, 847, 523, 785, 122, 154, 628, 438, 607, 601, 855, 49, 135, 442, 243, 646, 283, 9, 857, 840, 339, 929, 1000, 620, 294, 514, 314, 967, 964, 906, 509, 730, 204, 89, 862, 881, 794, 913, 318, 972, 174, 230, 23, 664, 615, 412, 578, 572, 84, 812, 682, 347, 705, 142, 449, 288, 132, 943, 969, 356, 945, 807, 688, 336, 788, 550, 113, 996, 821, 360, 459, 966, 775, 648, 148, 576, 673, 389, 462, 4, 722, 399, 507, 409, 99, 535, 3, 748, 176, 239, 68, 900, 891, 714, 82, 772, 600, 477, 247, 632, 707, 306, 374, 625, 372, 528, 383, 123, 799, 672, 13, 328, 427, 491, 434, 266, 634, 430, 465, 198, 711, 201, 30, 1, 738, 184, 141, 605, 516, 431, 407, 865, 960, 777, 570, 305, 920, 172, 526, 248, 371, 692, 971, 87, 612, 322, 53, 490, 316, 567, 599, 274, 112, 344, 155, 146, 669, 456, 837, 532, 370, 55, 586, 140, 418, 610, 14, 130, 659, 345, 343, 269, 626, 381, 246, 435, 892, 471, 444, 338, 934, 451, 10, 703, 806, 745, 75, 164, 930, 941, 397, 515, 781, 79, 655, 257, 124, 782, 594, 446, 656, 58, 77, 126, 557, 735, 150, 433, 624, 415, 72, 21, 223, 699, 893, 380, 995, 717, 44, 12, 835, 848, 386, 974, 83, 637, 937, 616, 463, 903, 134, 258, 423, 277, 187, 317, 552, 780, 956, 910, 542, 581, 733, 609, 40, 767, 51, 367, 639, 859, 989, 495, 544, 827, 530, 546, 863, 348, 618, 882, 385, 843, 761, 186, 86, 697, 63, 926, 404, 991, 747, 753, 329, 611, 35, 992, 854, 715, 554, 388, 395, 820, 813, 537, 565, 396, 539, 573, 22, 650, 832, 763, 558, 579, 874, 825, 408, 475, 18, 238, 980, 157, 234, 443, 915, 548, 965, 105, 684, 997, 886, 69, 870, 467, 315, 622, 190, 519, 52, 159, 34, 253, 885, 694, 842, 213, 690, 563, 38, 278, 227, 458, 24, 986, 641, 483, 290, 635, 281, 671, 878, 133, 907, 791, 536, 226, 647, 968, 94, 147, 583, 804, 417, 76, 81, 479, 718, 492, 392, 897, 591, 349, 188, 117, 633, 19, 687, 425, 957, 502, 100, 440, 267, 613, 60, 439, 898, 109, 543, 421, 925, 592, 43, 819, 771, 27, 896, 765, 299, 138, 165, 200, 64, 833, 17, 802, 513, 760, 88, 468, 236, 125, 824, 241, 721, 608, 826, 754, 67, 758, 472, 642, 942, 428, 26, 914, 696, 153, 884, 811, 178, 743, 710, 275, 309, 413, 706, 844, 975, 946, 497, 327, 474, 836, 731, 228, 983, 453, 120, 373, 307, 529, 691, 695, 793, 91, 510, 575, 29, 501, 732, 104, 950, 670, 752, 547, 337, 564, 922, 293, 310, 948, 365, 32, 766, 739, 393, 45, 42, 384, 623, 416, 800, 704, 540, 169, 403, 161, 596, 31, 551, 406, 921, 358, 814, 830, 464, 233, 522, 955, 193, 676, 580, 377, 286, 677, 488, 506, 419, 254, 209, 560, 448, 749, 101, 334, 810, 118, 719, 216, 15, 244, 645, 457, 856, 235, 988, 961, 127, 880, 402, 498, 0, 770, 232, 734, 261, 860, 426, 143, 823, 815, 905, 263, 742, 852, 215, 928, 237, 617, 450, 220, 54, 841, 250, 240, 411, 958, 643, 709, 828, 326, 398, 877, 46, 555, 876, 182, 861, 93, 473, 894, 379, 205, 779, 879, 614, 585, 935, 452, 469, 325, 665, 455, 350, 723, 48, 252, 541, 284, 61, 119, 744, 323, 212, 999, 222, 401, 517, 400, 973, 924, 493, 95, 869, 297, 168, 137, 851, 313, 919, 319, 97, 944, 107, 680, 292, 805, 562, 160, 217, 904, 683, 139, 441, 208, 206, 789, 962, 333, 834, 16, 66, 759, 272, 872, 144, 181, 883, 755, 933, 103, 158, 638, 424, 231, 361, 549, 504, 729, 981, 700, 927, 640, 873, 115, 657, 129, 918, 740, 534, 953, 727, 769, 156, 39, 978, 604, 331, 262, 587, 776, 762, 850, 280, 487, 525, 111, 341, 73, 982, 270, 59, 229, 803, 335, 786, 774, 211, 868, 787, 809, 2, 342, 939, 351, 170, 668, 698, 658, 838, 533, 466, 911, 556, 783, 311, 649, 751, 312, 875, 829, 387]
Taxon occupancy: {338=1000, 339=1000, 941=1000, 942=1000, 940=1000, 945=1000, 332=1000, 333=1000, 946=1000, 943=1000, 330=1000, 331=1000, 944=1000, 336=1000, 949=1000, 337=1000, 334=1000, 947=1000, 335=1000, 948=1000, 531=1000, 748=1000, 530=1000, 747=1000, 746=1000, 745=1000, 535=1000, 534=1000, 533=1000, 749=1000, 532=1000, 740=1000, 539=1000, 538=1000, 537=1000, 536=1000, 744=1000, 743=1000, 742=1000, 741=1000, 349=1000, 930=1000, 931=1000, 341=1000, 932=1000, 342=1000, 933=1000, 343=1000, 934=1000, 935=1000, 344=1000, 936=1000, 345=1000, 346=1000, 937=1000, 347=1000, 938=1000, 939=1000, 348=1000, 540=1000, 3=1000, 735=1000, 2=1000, 734=1000, 929=1000, 737=1000, 1=1000, 542=1000, 541=1000, 0=1000, 736=1000, 7=1000, 544=1000, 739=1000, 6=1000, 738=1000, 543=1000, 5=1000, 340=1000, 546=1000, 4=1000, 545=1000, 548=1000, 547=1000, 9=1000, 549=1000, 8=1000, 731=1000, 730=1000, 733=1000, 732=1000, 920=1000, 318=1000, 319=1000, 316=1000, 317=1000, 927=1000, 314=1000, 928=1000, 315=1000, 312=1000, 925=1000, 313=1000, 926=1000, 923=1000, 310=1000, 311=1000, 924=1000, 921=1000, 922=1000, 513=1000, 729=1000, 512=1000, 511=1000, 728=1000, 727=1000, 510=1000, 726=1000, 725=1000, 919=1000, 724=1000, 918=1000, 723=1000, 722=1000, 721=1000, 720=1000, 519=1000, 518=1000, 517=1000, 516=1000, 515=1000, 514=1000, 327=1000, 328=1000, 329=1000, 323=1000, 914=1000, 324=1000, 915=1000, 325=1000, 916=1000, 326=1000, 917=1000, 709=1000, 910=1000, 911=1000, 320=1000, 912=1000, 321=1000, 913=1000, 322=1000, 522=1000, 717=1000, 521=1000, 716=1000, 719=1000, 524=1000, 523=1000, 718=1000, 908=1000, 713=1000, 712=1000, 907=1000, 520=1000, 715=1000, 909=1000, 714=1000, 529=1000, 711=1000, 710=1000, 526=1000, 525=1000, 528=1000, 527=1000, 989=1000, 988=1000, 987=1000, 571=1000, 570=1000, 982=1000, 981=1000, 980=1000, 986=1000, 985=1000, 984=1000, 983=1000, 700=1000, 574=1000, 703=1000, 704=1000, 575=1000, 572=1000, 701=1000, 702=1000, 573=1000, 578=1000, 707=1000, 708=1000, 579=1000, 576=1000, 705=1000, 577=1000, 706=1000, 977=1000, 976=1000, 300=1000, 979=1000, 978=1000, 580=1000, 302=1000, 301=1000, 582=1000, 304=1000, 303=1000, 581=1000, 306=1000, 305=1000, 308=1000, 971=1000, 970=1000, 307=1000, 973=1000, 972=1000, 309=1000, 975=1000, 974=1000, 583=1000, 584=1000, 585=1000, 586=1000, 587=1000, 588=1000, 589=1000, 969=1000, 968=1000, 967=1000, 966=1000, 965=1000, 964=1000, 963=1000, 962=1000, 961=1000, 960=1000, 558=1000, 559=1000, 556=1000, 557=1000, 554=1000, 555=1000, 552=1000, 553=1000, 550=1000, 551=1000, 959=1000, 958=1000, 560=1000, 955=1000, 954=1000, 957=1000, 956=1000, 951=1000, 950=1000, 953=1000, 952=1000, 569=1000, 565=1000, 566=1000, 567=1000, 568=1000, 561=1000, 562=1000, 563=1000, 564=1000, 799=1000, 798=1000, 797=1000, 796=1000, 795=1000, 794=1000, 793=1000, 792=1000, 996=1000, 790=1000, 997=1000, 791=1000, 994=1000, 995=1000, 992=1000, 993=1000, 990=1000, 991=1000, 998=1000, 999=1000, 781=1000, 782=1000, 783=1000, 784=1000, 785=1000, 786=1000, 787=1000, 788=1000, 789=1000, 780=1000, 505=1000, 772=1000, 506=1000, 773=1000, 770=1000, 503=1000, 504=1000, 771=1000, 776=1000, 509=1000, 777=1000, 774=1000, 507=1000, 775=1000, 508=1000, 778=1000, 779=1000, 501=1000, 502=1000, 500=1000, 763=1000, 764=1000, 765=1000, 766=1000, 760=1000, 761=1000, 762=1000, 767=1000, 768=1000, 769=1000, 754=1000, 755=1000, 752=1000, 753=1000, 750=1000, 751=1000, 758=1000, 759=1000, 756=1000, 757=1000, 595=1000, 594=1000, 391=1000, 597=1000, 596=1000, 390=1000, 599=1000, 393=1000, 598=1000, 392=1000, 395=1000, 394=1000, 396=1000, 397=1000, 398=1000, 399=1000, 590=1000, 591=1000, 592=1000, 593=1000, 383=1000, 384=1000, 381=1000, 382=1000, 380=1000, 389=1000, 388=1000, 387=1000, 386=1000, 385=1000, 370=1000, 371=1000, 372=1000, 373=1000, 379=1000, 378=1000, 375=1000, 374=1000, 377=1000, 376=1000, 361=1000, 362=1000, 360=1000, 366=1000, 365=1000, 364=1000, 363=1000, 369=1000, 368=1000, 367=1000, 350=1000, 351=1000, 353=1000, 352=1000, 355=1000, 354=1000, 357=1000, 356=1000, 359=1000, 358=1000, 806=1000, 807=1000, 804=1000, 805=1000, 802=1000, 803=1000, 800=1000, 801=1000, 159=1000, 158=1000, 157=1000, 156=1000, 155=1000, 154=1000, 601=1000, 152=1000, 600=1000, 153=1000, 150=1000, 151=1000, 609=1000, 608=1000, 607=1000, 606=1000, 605=1000, 604=1000, 603=1000, 602=1000, 202=1000, 203=1000, 204=1000, 205=1000, 200=1000, 201=1000, 169=1000, 206=1000, 166=1000, 207=1000, 165=1000, 208=1000, 168=1000, 209=1000, 167=1000, 161=1000, 409=1000, 162=1000, 408=1000, 163=1000, 164=1000, 405=1000, 404=1000, 407=1000, 160=1000, 406=1000, 401=1000, 400=1000, 403=1000, 402=1000, 211=1000, 824=1000, 212=1000, 825=1000, 822=1000, 823=1000, 210=1000, 828=1000, 215=1000, 829=1000, 216=1000, 213=1000, 826=1000, 214=1000, 827=1000, 179=1000, 219=1000, 178=1000, 217=1000, 177=1000, 218=1000, 176=1000, 820=1000, 821=1000, 170=1000, 418=1000, 171=1000, 417=1000, 416=1000, 415=1000, 623=1000, 174=1000, 175=1000, 622=1000, 621=1000, 172=1000, 419=1000, 620=1000, 173=1000, 410=1000, 627=1000, 626=1000, 625=1000, 624=1000, 819=1000, 414=1000, 413=1000, 412=1000, 629=1000, 411=1000, 628=1000, 220=1000, 811=1000, 812=1000, 221=1000, 222=1000, 813=1000, 814=1000, 223=1000, 815=1000, 224=1000, 816=1000, 225=1000, 817=1000, 226=1000, 818=1000, 227=1000, 188=1000, 228=1000, 229=1000, 187=1000, 189=1000, 810=1000, 427=1000, 426=1000, 180=1000, 181=1000, 429=1000, 182=1000, 428=1000, 183=1000, 610=1000, 184=1000, 185=1000, 612=1000, 186=1000, 611=1000, 809=1000, 614=1000, 808=1000, 613=1000, 616=1000, 421=1000, 615=1000, 420=1000, 423=1000, 618=1000, 617=1000, 422=1000, 425=1000, 424=1000, 619=1000, 116=1000, 843=1000, 842=1000, 117=1000, 841=1000, 114=1000, 115=1000, 840=1000, 112=1000, 113=1000, 110=1000, 111=1000, 849=1000, 848=1000, 847=1000, 846=1000, 118=1000, 845=1000, 119=1000, 844=1000, 435=1000, 436=1000, 433=1000, 434=1000, 431=1000, 432=1000, 430=1000, 439=1000, 437=1000, 438=1000, 830=1000, 125=1000, 126=1000, 127=1000, 832=1000, 831=1000, 128=1000, 121=1000, 122=1000, 123=1000, 124=1000, 838=1000, 837=1000, 839=1000, 129=1000, 834=1000, 833=1000, 836=1000, 835=1000, 444=1000, 445=1000, 446=1000, 447=1000, 440=1000, 441=1000, 442=1000, 443=1000, 120=1000, 448=1000, 449=1000, 861=1000, 134=1000, 860=1000, 135=1000, 132=1000, 133=1000, 865=1000, 138=1000, 139=1000, 864=1000, 136=1000, 863=1000, 137=1000, 862=1000, 869=1000, 868=1000, 867=1000, 866=1000, 450=1000, 453=1000, 454=1000, 451=1000, 452=1000, 457=1000, 458=1000, 455=1000, 456=1000, 459=1000, 131=1000, 130=1000, 143=1000, 144=1000, 850=1000, 145=1000, 146=1000, 852=1000, 147=1000, 851=1000, 148=1000, 149=1000, 854=1000, 853=1000, 856=1000, 855=1000, 858=1000, 857=1000, 859=1000, 461=1000, 460=1000, 462=1000, 463=1000, 464=1000, 465=1000, 466=1000, 467=1000, 468=1000, 469=1000, 140=1000, 142=1000, 141=1000, 687=1000, 686=1000, 689=1000, 688=1000, 683=1000, 682=1000, 685=1000, 684=1000, 888=1000, 889=1000, 884=1000, 885=1000, 680=1000, 886=1000, 681=1000, 887=1000, 880=1000, 881=1000, 882=1000, 883=1000, 678=1000, 677=1000, 676=1000, 675=1000, 674=1000, 673=1000, 672=1000, 671=1000, 679=1000, 879=1000, 877=1000, 878=1000, 875=1000, 876=1000, 670=1000, 873=1000, 874=1000, 871=1000, 872=1000, 870=1000, 696=1000, 695=1000, 694=1000, 693=1000, 890=1000, 699=1000, 698=1000, 697=1000, 899=1000, 893=1000, 894=1000, 891=1000, 892=1000, 897=1000, 691=1000, 692=1000, 898=1000, 895=1000, 690=1000, 896=1000, 646=1000, 647=1000, 648=1000, 649=1000, 195=1000, 642=1000, 643=1000, 194=1000, 644=1000, 197=1000, 645=1000, 196=1000, 191=1000, 190=1000, 640=1000, 193=1000, 192=1000, 641=1000, 198=1000, 199=1000, 639=1000, 637=1000, 638=1000, 635=1000, 636=1000, 633=1000, 634=1000, 631=1000, 632=1000, 630=1000, 668=1000, 669=1000, 660=1000, 661=1000, 662=1000, 663=1000, 664=1000, 665=1000, 666=1000, 667=1000, 659=1000, 657=1000, 658=1000, 651=1000, 652=1000, 650=1000, 655=1000, 656=1000, 653=1000, 654=1000, 35=1000, 36=1000, 33=1000, 34=1000, 39=1000, 37=1000, 38=1000, 43=1000, 42=1000, 41=1000, 40=1000, 22=1000, 23=1000, 24=1000, 25=1000, 26=1000, 27=1000, 28=1000, 29=1000, 30=1000, 32=1000, 31=1000, 19=1000, 17=1000, 18=1000, 15=1000, 16=1000, 13=1000, 14=1000, 11=1000, 12=1000, 21=1000, 20=1000, 10=1000, 79=1000, 78=1000, 77=1000, 82=1000, 83=1000, 80=1000, 81=1000, 86=1000, 87=1000, 84=1000, 85=1000, 67=1000, 66=1000, 69=1000, 68=1000, 70=1000, 71=1000, 72=1000, 73=1000, 74=1000, 75=1000, 76=1000, 59=1000, 58=1000, 57=1000, 56=1000, 55=1000, 64=1000, 65=1000, 62=1000, 63=1000, 60=1000, 61=1000, 49=1000, 48=1000, 45=1000, 44=1000, 47=1000, 46=1000, 51=1000, 52=1000, 53=1000, 54=1000, 50=1000, 487=1000, 281=1000, 280=1000, 486=1000, 485=1000, 484=1000, 285=1000, 284=1000, 283=1000, 489=1000, 488=1000, 282=1000, 288=1000, 289=1000, 286=1000, 287=1000, 482=1000, 483=1000, 480=1000, 481=1000, 474=1000, 473=1000, 270=1000, 476=1000, 475=1000, 272=1000, 478=1000, 271=1000, 477=1000, 274=1000, 273=1000, 479=1000, 275=1000, 276=1000, 277=1000, 278=1000, 279=1000, 470=1000, 471=1000, 472=1000, 1000=1000, 109=1000, 108=1000, 107=1000, 106=1000, 105=1000, 104=1000, 103=1000, 99=1000, 102=1000, 101=1000, 100=1000, 98=1000, 97=1000, 96=1000, 95=1000, 94=1000, 93=1000, 92=1000, 91=1000, 294=1000, 90=1000, 499=1000, 293=1000, 296=1000, 295=1000, 496=1000, 290=1000, 495=1000, 292=1000, 498=1000, 291=1000, 497=1000, 491=1000, 492=1000, 493=1000, 494=1000, 297=1000, 298=1000, 299=1000, 490=1000, 88=1000, 89=1000, 240=1000, 241=1000, 245=1000, 244=1000, 243=1000, 242=1000, 249=1000, 248=1000, 247=1000, 246=1000, 230=1000, 239=1000, 232=1000, 231=1000, 234=1000, 233=1000, 236=1000, 235=1000, 238=1000, 237=1000, 262=1000, 263=1000, 260=1000, 261=1000, 269=1000, 268=1000, 267=1000, 266=1000, 265=1000, 264=1000, 250=1000, 251=1000, 252=1000, 904=1000, 258=1000, 257=1000, 903=1000, 906=1000, 905=1000, 259=1000, 254=1000, 900=1000, 253=1000, 256=1000, 902=1000, 901=1000, 255=1000}
Number of gene trees: 1000
0 trees have missing taxa
Calculating quartet distance matrix (for completion of X)
Species tree distances calculated ...
Building set of clusters (X) from gene trees 
Using tree-based weight calculation.
Number of Default Clusters: 343649
Number of quartet trees in the gene trees: 41583290171875
calculating extra bipartitions to be added at level 1 ...
Number of Clusters after addition by distance: 343671
Adding to X using resolutions of greedy consensus ...
Threshold 0.0:
polytomy of size 10; rounds with additions with at least 0.01 support: 3; clusters: 343875
Threshold 0.01:
polytomy of size 3; rounds with additions with at least 0.01 support: 0; clusters: 343875
polytomy of size 25; rounds with additions with at least 0.01 support: 7; clusters: 346519
Threshold 0.02:
polytomy of size 3; rounds with additions with at least 0.01 support: 0; clusters: 346519
polytomy of size 4; rounds with additions with at least 0.01 support: 0; clusters: 346519
polytomy of size 3; rounds with additions with at least 0.01 support: 0; clusters: 346521
polytomy of size 30; rounds with additions with at least 0.01 support: 0; clusters: 349593
Threshold 0.05:
polytomy of size 3; rounds with additions with at least 0.01 support: 0; clusters: 349593
polytomy of size 4; rounds with additions with at least 0.01 support: 0; clusters: 349593
polytomy of size 4; rounds with additions with at least 0.01 support: 0; clusters: 349593
polytomy of size 3; rounds with additions with at least 0.01 support: 0; clusters: 349593
polytomy of size 4; rounds with additions with at least 0.01 support: 0; clusters: 349593
polytomy of size 48; rounds with additions with at least 0.01 support: 0; clusters: 349703
Threshold 0.1:
polytomy of size 4; rounds with additions with at least 0.01 support: 0; clusters: 349703
polytomy of size 3; rounds with additions with at least 0.01 support: 0; clusters: 349703
polytomy of size 3; rounds with additions with at least 0.01 support: 0; clusters: 349703
polytomy of size 5; rounds with additions with at least 0.01 support: 0; clusters: 349703
polytomy of size 4; rounds with additions with at least 0.01 support: 0; clusters: 349703
polytomy of size 3; rounds with additions with at least 0.01 support: 0; clusters: 349703
polytomy of size 6; rounds with additions with at least 0.01 support: 0; clusters: 349703
polytomy of size 7; rounds with additions with at least 0.01 support: 0; clusters: 349703
polytomy of size 3; rounds with additions with at least 0.01 support: 0; clusters: 349703
polytomy of size 4; rounds with additions with at least 0.01 support: 0; clusters: 349703
polytomy of size 4; rounds with additions with at least 0.01 support: 0; clusters: 349703
polytomy of size 3; rounds with additions with at least 0.01 support: 0; clusters: 349703
polytomy of size 65; rounds with additions with at least 0.01 support: 0; clusters: 349793
Threshold 0.2:
polytomy of size 6; rounds with additions with at least 0.01 support: 0; clusters: 349793
polytomy of size 4; rounds with additions with at least 0.01 support: 0; clusters: 349793
polytomy of size 3; rounds with additions with at least 0.01 support: 0; clusters: 349793
polytomy of size 8; rounds with additions with at least 0.01 support: 0; clusters: 349793
polytomy of size 4; rounds with additions with at least 0.01 support: 0; clusters: 349793
polytomy of size 7; rounds with additions with at least 0.01 support: 0; clusters: 349793
polytomy of size 3; rounds with additions with at least 0.01 support: 0; clusters: 349793
polytomy of size 5; rounds with additions with at least 0.01 support: 0; clusters: 349793
polytomy of size 4; rounds with additions with at least 0.01 support: 0; clusters: 349793
polytomy of size 8; rounds with additions with at least 0.01 support: 0; clusters: 349793
polytomy of size 3; rounds with additions with at least 0.01 support: 0; clusters: 349793
polytomy of size 3; rounds with additions with at least 0.01 support: 0; clusters: 349793
polytomy of size 5; rounds with additions with at least 0.01 support: 0; clusters: 349793
polytomy of size 4; rounds with additions with at least 0.01 support: 0; clusters: 349793
polytomy of size 3; rounds with additions with at least 0.01 support: 0; clusters: 349793
polytomy of size 6; rounds with additions with at least 0.01 support: 0; clusters: 349793
polytomy of size 5; rounds with additions with at least 0.01 support: 0; clusters: 349793
polytomy of size 3; rounds with additions with at least 0.01 support: 0; clusters: 349793
polytomy of size 5; rounds with additions with at least 0.01 support: 0; clusters: 349793
polytomy of size 3; rounds with additions with at least 0.01 support: 0; clusters: 349793
polytomy of size 7; rounds with additions with at least 0.01 support: 0; clusters: 349793
polytomy of size 3; rounds with additions with at least 0.01 support: 0; clusters: 349793
polytomy of size 98; rounds with additions with at least 0.01 support: 0; clusters: 349807
Threshold 0.3333333333333333:
polytomy of size 3; rounds with additions with at least 0.01 support: 0; clusters: 349807
polytomy of size 4; rounds with additions with at least 0.01 support: 0; clusters: 349807
polytomy of size 5; rounds with additions with at least 0.01 support: 0; clusters: 349807
polytomy of size 3; rounds with additions with at least 0.01 support: 0; clusters: 349807
polytomy of size 3; rounds with additions with at least 0.01 support: 0; clusters: 349807
polytomy of size 3; rounds with additions with at least 0.01 support: 0; clusters: 349807
polytomy of size 3; rounds with additions with at least 0.01 support: 0; clusters: 349807
polytomy of size 4; rounds with additions with at least 0.01 support: 0; clusters: 349807
polytomy of size 3; rounds with additions with at least 0.01 support: 0; clusters: 349807
polytomy of size 3; rounds with additions with at least 0.01 support: 0; clusters: 349807
polytomy of size 3; rounds with additions with at least 0.01 support: 0; clusters: 349807
polytomy of size 4; rounds with additions with at least 0.01 support: 0; clusters: 349807
polytomy of size 3; rounds with additions with at least 0.01 support: 0; clusters: 349807
polytomy of size 3; rounds with additions with at least 0.01 support: 0; clusters: 349807
polytomy of size 3; rounds with additions with at least 0.01 support: 0; clusters: 349807
polytomy of size 3; rounds with additions with at least 0.01 support: 0; clusters: 349807
polytomy of size 6; rounds with additions with at least 0.01 support: 0; clusters: 349807
polytomy of size 3; rounds with additions with at least 0.01 support: 0; clusters: 349807
polytomy of size 4; rounds with additions with at least 0.01 support: 0; clusters: 349807
polytomy of size 7; rounds with additions with at least 0.01 support: 0; clusters: 349811
polytomy of size 4; rounds with additions with at least 0.01 support: 0; clusters: 349811
polytomy of size 4; rounds with additions with at least 0.01 support: 0; clusters: 349811
polytomy of size 5; rounds with additions with at least 0.01 support: 0; clusters: 349811
polytomy of size 3; rounds with additions with at least 0.01 support: 0; clusters: 349811
polytomy of size 3; rounds with additions with at least 0.01 support: 0; clusters: 349811
polytomy of size 5; rounds with additions with at least 0.01 support: 0; clusters: 349811
polytomy of size 3; rounds with additions with at least 0.01 support: 0; clusters: 349811
polytomy of size 4; rounds with additions with at least 0.01 support: 0; clusters: 349811
polytomy of size 3; rounds with additions with at least 0.01 support: 0; clusters: 349811
polytomy of size 5; rounds with additions with at least 0.01 support: 0; clusters: 349811
polytomy of size 3; rounds with additions with at least 0.01 support: 0; clusters: 349811
polytomy of size 3; rounds with additions with at least 0.01 support: 0; clusters: 349811
polytomy of size 3; rounds with additions with at least 0.01 support: 0; clusters: 349811
polytomy of size 3; rounds with additions with at least 0.01 support: 0; clusters: 349811
polytomy of size 3; rounds with additions with at least 0.01 support: 0; clusters: 349811
polytomy of size 11; rounds with additions with at least 0.01 support: 0; clusters: 349879
polytomy of size 4; rounds with additions with at least 0.01 support: 0; clusters: 349879
polytomy of size 4; rounds with additions with at least 0.01 support: 0; clusters: 349879
polytomy of size 3; rounds with additions with at least 0.01 support: 0; clusters: 349879
polytomy of size 8; rounds with additions with at least 0.01 support: 0; clusters: 349881
polytomy of size 4; rounds with additions with at least 0.01 support: 0; clusters: 349881
polytomy of size 3; rounds with additions with at least 0.01 support: 0; clusters: 349881
polytomy of size 3; rounds with additions with at least 0.01 support: 0; clusters: 349881
polytomy of size 3; rounds with additions with at least 0.01 support: 0; clusters: 349881
polytomy of size 7; rounds with additions with at least 0.01 support: 0; clusters: 349885
polytomy of size 8; rounds with additions with at least 0.01 support: 0; clusters: 349889
polytomy of size 3; rounds with additions with at least 0.01 support: 0; clusters: 349889
polytomy of size 5; rounds with additions with at least 0.01 support: 0; clusters: 349889
polytomy of size 6; rounds with additions with at least 0.01 support: 0; clusters: 349889
polytomy of size 6; rounds with additions with at least 0.01 support: 0; clusters: 349889
polytomy of size 4; rounds with additions with at least 0.01 support: 0; clusters: 349889
polytomy of size 4; rounds with additions with at least 0.01 support: 0; clusters: 349889
polytomy of size 3; rounds with additions with at least 0.01 support: 0; clusters: 349889
polytomy of size 3; rounds with additions with at least 0.01 support: 0; clusters: 349889
polytomy of size 5; rounds with additions with at least 0.01 support: 0; clusters: 349889
polytomy of size 3; rounds with additions with at least 0.01 support: 0; clusters: 349889
polytomy of size 3; rounds with additions with at least 0.01 support: 0; clusters: 349889
polytomy of size 6; rounds with additions with at least 0.01 support: 0; clusters: 349889
polytomy of size 3; rounds with additions with at least 0.01 support: 0; clusters: 349889
polytomy of size 3; rounds with additions with at least 0.01 support: 0; clusters: 349889
polytomy of size 4; rounds with additions with at least 0.01 support: 0; clusters: 349889
polytomy of size 6; rounds with additions with at least 0.01 support: 0; clusters: 349889
polytomy of size 3; rounds with additions with at least 0.01 support: 0; clusters: 349889
polytomy of size 3; rounds with additions with at least 0.01 support: 0; clusters: 349889
Number of Clusters after addition by greedy: 349889
partitions formed in 846.474 secs
Dynamic Programming starting after 846.474 secs
Size of largest cluster: 1001
Size of largest cluster: 1001
Calculated 100000 weights; time (seconds): 983
Calculated 200000 weights; time (seconds): 127
Calculated 300000 weights; time (seconds): 132
Calculated 400000 weights; time (seconds): 126
Total Number of elements weighted: 947636
Normalized score (portion of input quartet trees satisfied): NaN
Final optimization score: 0
Calculated 500000 weights; time (seconds): 131
Calculated 600000 weights; time (seconds): 126
Calculated 700000 weights; time (seconds): 126
Calculated 800000 weights; time (seconds): 141
Calculated 900000 weights; time (seconds): 305
Total Number of elements weighted: 947636
Normalized score (portion of input quartet trees satisfied): 0.528367751340786
Final optimization score: 21971269521465
Optimal tree inferred in 2357.908 secs.
(36,(796,((62,289),((527,(128,6)),(((((60,439),(898,109)),(((200,64),((425,(19,687)),(833,(17,(760,(802,513)))))),(((421,925),((100,440),(957,502))),(((267,613),(819,(592,(543,43)))),((771,27),(138,(896,(165,(765,299))))))))),(((844,975),((704,(739,(42,(393,45)))),(766,(32,(384,(623,(416,800))))))),(((44,(838,(533,(466,(911,(698,658)))))),(398,((805,(249,736)),((119,744),(252,((541,61),((284,999),(323,212)))))))),(848,(((12,835),(976,(197,(8,590)))),(453,(983,(((793,(695,(91,510))),((120,529),(691,(373,307)))),(((661,724),(951,(726,902))),((829,387),(337,(564,922)))))))))))),(((((751,(312,875)),(783,(311,(556,649)))),((((494,(707,(632,(374,(306,(477,247)))))),((940,998),((567,599),((851,(313,919)),(97,(319,(944,107))))))),((517,400),(((402,498),(880,(54,841))),((134,(629,189)),((670,(547,(950,752))),((575,29),(501,(732,104)))))))),((((716,566),(297,(869,(493,95)))),((168,137),(478,((220,((403,(596,31)),((540,169),(551,(161,406))))),((921,358),((522,(233,955)),((814,193),(464,(830,676))))))))),((((451,10),(930,(928,237))),(((338,934),(75,164)),((745,(703,806)),(410,(251,(831,285)))))),(((945,821),(((356,788),((142,449),(705,550))),((943,(288,132)),(113,(969,(996,(336,(807,688)))))))),(381,((((611,35),(697,(86,992))),((63,926),((404,747),(991,(753,329))))),((827,(761,186)),((546,88),(((863,882),(348,(530,618))),((385,843),((959,302),((720,(437,259)),((681,839),(480,(912,(276,(80,916)))))))))))))))))),(((742,(852,215)),((689,((206,((515,(789,962)),((834,16),(414,333)))),(680,(274,((562,160),(217,((904,683),(139,(441,208))))))))),((((177,(295,(845,792))),((476,(353,482)),((116,447),(152,(364,(298,818)))))),((268,((187,317),(258,(423,277)))),((654,801),(255,(492,(((219,151),(901,((954,136),(108,985)))),((518,(203,(47,636))),(((20,511),(65,420)),((57,545),(542,(910,581))))))))))),((586,(((456,(14,(130,659))),(155,(146,(112,(344,669))))),((345,(626,(343,269))),((610,(140,418)),(370,(55,(837,532))))))),((182,((894,379),(473,(861,93)))),(876,((452,(469,48)),(((555,325),(665,(723,(455,350)))),((614,585),(205,(879,(779,935)))))))))))),(((380,(995,717)),(279,(166,746))),(((531,(973,924)),(((163,595),(808,445)),((304,175),(728,(366,162))))),(322,(((72,21),(877,46)),((((966,(360,(459,775))),((648,(462,4)),((148,576),(673,389)))),(191,(((625,372),(83,((593,96),(386,974)))),((490,(53,316)),((528,383),((13,328),(123,(799,672)))))))),(((781,(((422,(667,85)),(179,(663,(630,405)))),((512,(899,(627,481))),((207,598),(390,(485,(489,218))))))),(((637,(616,(937,463))),(677,(580,(377,286)))),(222,((816,(79,(917,(114,656)))),((735,150),(77,(557,(58,126)))))))),((((892,471),(246,435)),(((239,68),((900,891),((772,600),(714,82)))),(94,(147,((290,(635,(281,671))),((583,804),(417,(76,81)))))))),(427,((711,(491,(198,(434,(266,(634,(430,465))))))),(((1,738),(971,((201,30),(87,612)))),(((643,709),(958,(326,(828,(240,(250,411)))))),(((184,960),(407,(605,(516,(141,431))))),((865,(526,248)),(692,((371,(305,920)),(172,(777,570))))))))))))))))))),((0,(((699,893),(433,(415,(444,624)))),(931,((725,503),((508,41),(559,(50,932))))))),(((((265,352),(173,256)),(((908,260),(708,653)),(675,(849,(520,((909,984),(589,355))))))),((((((242,362),(488,645)),((457,127),((856,235),(988,961)))),(((506,419),(254,209)),((560,448),((719,(216,(810,118))),((15,244),(334,(749,101))))))),(((895,652),((741,890),((397,(582,619)),((303,(382,78)),(346,(354,(571,923))))))),(979,(((737,(391,225)),(287,((867,202),((359,(524,889)),((790,584),(864,597)))))),(((292,(149,(797,357))),((631,(713,764)),(301,(693,194)))),(((686,(131,98)),(561,(264,(376,993)))),((171,((291,(332,858)),(349,(117,(591,188))))),(((363,296),(436,90)),((378,106),(340,(846,486))))))))))),(223,((784,(((884,(731,(836,228))),(((948,365),(293,310)),((474,(327,(946,497))),((413,706),(710,(275,309)))))),(((468,(236,125)),(392,(479,897))),((617,450),((824,(241,721)),((26,(608,(914,(758,(754,67))))),((696,(826,153)),(642,((472,(942,428)),(811,(178,743))))))))))),((903,(((694,(213,(690,(842,563)))),((446,(655,257)),(124,(782,594)))),((718,(544,(956,(767,(51,367))))),((878,(536,(791,(133,907)))),((641,483),((24,986),((639,(495,(859,989))),((609,(733,40)),((38,458),(278,227)))))))))),(((552,780),(226,(647,968))),((((52,159),(34,(253,885))),((997,886),((105,684),((69,(622,519)),(190,(315,(870,467))))))),(854,((715,(874,(825,408))),(234,((579,((573,558),(650,(22,(832,763))))),(((396,539),((395,820),(813,((554,537),(388,565))))),((443,(548,(915,965))),(475,(18,(980,(238,157))))))))))))))))),((((401,(224,((977,33),(369,(210,300))))),((815,263),((905,(232,(770,734))),((261,860),(426,(143,823)))))),((2,(342,((939,351),(170,668)))),(((787,(868,809)),((872,((982,(270,59)),(229,((335,786),(803,774))))),(((776,762),(850,(280,487))),(211,(111,(341,(525,73))))))),((66,(759,272)),(700,(((873,115),(927,640)),(((769,(727,587)),((156,(978,604)),(262,(39,331)))),((144,(103,(181,(933,(883,755))))),((158,(638,424)),(((657,129),(918,(953,(740,534)))),((729,981),(549,(504,(231,361)))))))))))))),((((553,(70,936)),(521,(817,(37,(505,952))))),((949,(757,(938,(110,(214,(702,970)))))),((881,(862,(204,89))),((906,(509,730)),(913,(794,318)))))),(((941,(660,(470,987))),(662,(633,(990,(221,712))))),((((375,(167,(185,994))),((11,888),(577,(245,853)))),(((778,7),(271,((484,500),(588,674)))),(((394,651),(92,(798,321))),((330,320),((368,(701,71)),((606,192),(180,429))))))),(((((773,(603,887)),((722,399),(507,409))),(621,((602,666),((99,535),(3,(748,176)))))),(((199,461),(273,5)),(((678,(121,947)),((685,56),((282,499),(574,145)))),((538,(866,(679,795))),(750,((196,(183,25)),(28,(460,(568,756))))))))),(964,((644,(308,195)),((((628,438),(601,(607,855))),((((615,412),(578,572)),((135,442),(49,(243,646)))),((347,(84,(812,682))),((23,664),(972,(174,230)))))),(294,((283,((9,620),((929,1000),(339,(857,840))))),(((768,496),(967,(514,314))),((569,(324,(871,74))),(((122,154),(523,785)),((822,454),(102,(963,(432,847)))))))))))))))))))))))));
Quartet score is: 21971269521465
Normalized quartet score is: 0.528367751340786
ASTRAL finished in 2545.758 secs
