
================== ASTRAL ===================== 

This is ASTRAL version 4.10.8
Gene trees are treated as unrooted
794 trees read from model.200.500000.0.000001/45/estimatedgenetre.halfresolved
All outputted trees will be *arbitrarily* rooted at 152

======== Running the main analysis
Number of taxa: 201 (201 species)
Taxa: [152, 21, 81, 170, 105, 64, 6, 23, 18, 4, 179, 5, 49, 108, 191, 0, 97, 12, 168, 188, 185, 110, 148, 73, 142, 126, 63, 43, 58, 109, 151, 106, 184, 29, 180, 133, 187, 171, 17, 60, 134, 115, 192, 166, 11, 167, 42, 194, 103, 86, 51, 25, 197, 54, 147, 143, 46, 178, 14, 85, 38, 52, 146, 83, 44, 162, 196, 96, 190, 150, 87, 131, 41, 92, 59, 10, 9, 136, 173, 189, 118, 57, 182, 33, 8, 98, 120, 22, 90, 117, 156, 13, 193, 149, 176, 128, 55, 158, 76, 36, 35, 24, 78, 15, 95, 101, 77, 195, 27, 34, 53, 124, 154, 183, 107, 39, 26, 1, 69, 114, 157, 19, 99, 89, 140, 100, 139, 127, 169, 164, 104, 7, 200, 84, 144, 31, 135, 199, 94, 56, 70, 72, 2, 112, 175, 113, 159, 161, 141, 48, 16, 123, 47, 111, 68, 88, 153, 20, 71, 122, 165, 129, 119, 28, 130, 67, 32, 172, 177, 102, 66, 30, 93, 155, 132, 75, 45, 65, 50, 40, 79, 74, 198, 160, 125, 138, 145, 121, 181, 116, 186, 163, 61, 91, 137, 174, 82, 37, 62, 80, 3]
Taxon occupancy: {35=794, 36=794, 33=794, 159=794, 158=794, 34=794, 39=794, 157=794, 156=794, 37=794, 155=794, 38=794, 154=794, 152=794, 153=794, 150=794, 151=794, 43=794, 42=794, 41=794, 40=794, 200=794, 22=794, 23=794, 169=794, 24=794, 25=794, 166=794, 26=794, 27=794, 165=794, 168=794, 28=794, 29=794, 167=794, 3=794, 161=794, 162=794, 2=794, 1=794, 163=794, 0=794, 164=794, 7=794, 30=794, 6=794, 5=794, 32=794, 4=794, 31=794, 160=794, 9=794, 8=794, 19=794, 179=794, 17=794, 178=794, 18=794, 15=794, 177=794, 176=794, 16=794, 13=794, 14=794, 11=794, 12=794, 21=794, 170=794, 171=794, 20=794, 174=794, 175=794, 172=794, 173=794, 188=794, 187=794, 189=794, 180=794, 10=794, 181=794, 182=794, 183=794, 184=794, 185=794, 186=794, 116=794, 117=794, 79=794, 78=794, 114=794, 115=794, 77=794, 112=794, 113=794, 110=794, 111=794, 118=794, 119=794, 82=794, 83=794, 80=794, 81=794, 86=794, 87=794, 84=794, 85=794, 67=794, 125=794, 126=794, 66=794, 69=794, 127=794, 128=794, 68=794, 121=794, 122=794, 123=794, 124=794, 129=794, 70=794, 120=794, 71=794, 72=794, 73=794, 74=794, 75=794, 76=794, 134=794, 135=794, 132=794, 59=794, 133=794, 58=794, 138=794, 57=794, 139=794, 136=794, 56=794, 137=794, 55=794, 64=794, 65=794, 62=794, 63=794, 131=794, 60=794, 61=794, 130=794, 143=794, 49=794, 144=794, 48=794, 145=794, 146=794, 147=794, 45=794, 44=794, 148=794, 149=794, 47=794, 46=794, 51=794, 52=794, 53=794, 54=794, 140=794, 142=794, 141=794, 50=794, 109=794, 108=794, 107=794, 106=794, 105=794, 104=794, 103=794, 99=794, 102=794, 101=794, 100=794, 98=794, 97=794, 96=794, 95=794, 94=794, 93=794, 92=794, 91=794, 90=794, 88=794, 89=794, 195=794, 194=794, 197=794, 196=794, 191=794, 190=794, 193=794, 192=794, 198=794, 199=794}
Number of gene trees: 794
0 trees have missing taxa
Calculating quartet distance matrix (for completion of X)
Species tree distances calculated ...
Building set of clusters (X) from gene trees 
Using tree-based weight calculation.
Number of Default Clusters: 129933
Number of quartet trees in the gene trees: 52236158718
calculating extra bipartitions to be added at level 1 ...
Number of Clusters after addition by distance: 129965
Adding to X using resolutions of greedy consensus ...
Threshold 0.0:
polytomy of size 13; rounds with additions with at least 0.01 support: 3; clusters: 130427
polytomy of size 3; rounds with additions with at least 0.01 support: 0; clusters: 130431
Threshold 0.01:
polytomy of size 26; rounds with additions with at least 0.01 support: 5; clusters: 134479
Threshold 0.02:
polytomy of size 3; rounds with additions with at least 0.01 support: 0; clusters: 134479
polytomy of size 35; rounds with additions with at least 0.01 support: 2; clusters: 142277
Threshold 0.05:
polytomy of size 3; rounds with additions with at least 0.01 support: 0; clusters: 142277
polytomy of size 49; rounds with additions with at least 0.01 support: 1; clusters: 142409
Threshold 0.1:
polytomy of size 4; rounds with additions with at least 0.01 support: 0; clusters: 142409
polytomy of size 57; rounds with additions with at least 0.01 support: 1; clusters: 142563
Threshold 0.2:
polytomy of size 5; rounds with additions with at least 0.01 support: 0; clusters: 142563
polytomy of size 3; rounds with additions with at least 0.01 support: 0; clusters: 142563
polytomy of size 3; rounds with additions with at least 0.01 support: 0; clusters: 142563
polytomy of size 73; rounds with additions with at least 0.01 support: 0; clusters: 142659
Threshold 0.3333333333333333:
polytomy of size 3; rounds with additions with at least 0.01 support: 0; clusters: 142659
polytomy of size 3; rounds with additions with at least 0.01 support: 0; clusters: 142659
polytomy of size 3; rounds with additions with at least 0.01 support: 0; clusters: 142659
polytomy of size 3; rounds with additions with at least 0.01 support: 0; clusters: 142659
polytomy of size 3; rounds with additions with at least 0.01 support: 0; clusters: 142659
polytomy of size 6; rounds with additions with at least 0.01 support: 0; clusters: 142659
polytomy of size 3; rounds with additions with at least 0.01 support: 0; clusters: 142659
polytomy of size 3; rounds with additions with at least 0.01 support: 0; clusters: 142659
Number of Clusters after addition by greedy: 142659
partitions formed in 84.939 secs
Dynamic Programming starting after 84.939 secs
Size of largest cluster: 201
Size of largest cluster: 201
Calculated 100000 weights; time (seconds): 113
Calculated 200000 weights; time (seconds): 33
Total Number of elements weighted: 305011
Normalized score (portion of input quartet trees satisfied): NaN
Final optimization score: 0
Calculated 300000 weights; time (seconds): 54
Total Number of elements weighted: 305011
Normalized score (portion of input quartet trees satisfied): 0.49067105286912915
Final optimization score: 25630770996
Optimal tree inferred in 203.964 secs.
(152,((21,81),((18,(6,23)),(((170,185),((64,137),(105,174))),(((5,82),((37,62),(188,(80,3)))),(((179,(4,109)),((110,(148,(126,63))),((43,58),(73,142)))),(((106,184),(29,(151,180))),((((45,(146,(83,44))),(50,(65,(52,40)))),((((35,79),(24,(78,15))),(33,(((61,91),(186,163)),(181,(((162,116),(196,96)),(121,(74,((138,145),(160,(198,125)))))))))),(((108,191),((19,99),(49,(100,(140,(157,89)))))),(((8,69),(114,(27,(98,34)))),((1,(90,117)),(((39,26),((77,195),(22,107))),((53,(95,101)),(124,(156,(154,183)))))))))),((36,(158,76)),(((176,(128,55)),(((192,(167,(166,11))),(133,(13,(193,149)))),((187,171),(((150,87),(131,(41,92))),((59,(10,9)),((17,115),(60,134))))))),(0,(((48,((190,(173,(16,(136,123)))),((51,(25,197)),((103,86),(42,194))))),((72,((141,(159,161)),((112,175),(54,(2,113))))),((71,(122,(165,129))),(68,(111,(20,(47,(88,153)))))))),((((56,(85,70)),(135,(97,(28,(12,(168,119)))))),((200,(139,(127,169))),((164,(104,7)),((120,84),(144,31))))),(((66,93),(30,(189,155))),((118,((130,(132,75)),(94,(178,199)))),(((147,38),((67,32),(57,182))),((143,46),(14,(172,(177,102))))))))))))))))))));
Quartet score is: 25630770996
Normalized quartet score is: 0.49067105286912915
ASTRAL finished in 222.029 secs
