
================== ASTRAL ===================== 

This is ASTRAL version 4.10.10
Gene trees are treated as unrooted
977 trees read from ASTRALDATA/model.200.500000.0.0000001/43/estimatedgenetre.halfresolved
All output trees will be *arbitrarily* rooted at 115

======== Running the main analysis
Number of taxa: 201 (201 species)
Taxa: [115, 178, 16, 42, 138, 114, 179, 195, 193, 149, 25, 83, 9, 57, 190, 85, 22, 100, 140, 121, 8, 156, 94, 159, 154, 111, 77, 66, 177, 54, 116, 91, 7, 188, 40, 117, 20, 155, 119, 142, 23, 122, 105, 70, 136, 169, 50, 153, 162, 47, 176, 41, 38, 49, 81, 32, 133, 82, 132, 11, 171, 173, 199, 147, 61, 88, 3, 170, 12, 28, 126, 0, 106, 107, 160, 96, 139, 59, 146, 186, 87, 24, 180, 152, 187, 131, 103, 168, 137, 27, 184, 34, 165, 128, 18, 157, 197, 39, 46, 79, 200, 144, 64, 174, 196, 125, 17, 120, 163, 95, 14, 194, 130, 198, 21, 166, 53, 35, 72, 45, 74, 118, 65, 60, 151, 37, 5, 78, 26, 43, 108, 181, 192, 185, 89, 141, 99, 19, 69, 58, 175, 127, 101, 10, 68, 55, 158, 93, 67, 33, 124, 189, 4, 102, 63, 167, 44, 15, 135, 129, 73, 51, 112, 148, 62, 76, 30, 109, 86, 98, 191, 71, 1, 75, 182, 183, 97, 164, 123, 29, 143, 36, 90, 145, 56, 104, 92, 80, 31, 52, 6, 84, 2, 172, 134, 48, 13, 113, 150, 161, 110]
Taxon occupancy: {35=977, 36=977, 159=977, 33=977, 34=977, 158=977, 157=977, 39=977, 156=977, 155=977, 37=977, 38=977, 154=977, 152=977, 153=977, 150=977, 151=977, 43=977, 42=977, 41=977, 40=977, 200=977, 22=977, 23=977, 169=977, 24=977, 25=977, 166=977, 26=977, 165=977, 27=977, 168=977, 28=977, 167=977, 29=977, 161=977, 3=977, 2=977, 162=977, 163=977, 1=977, 0=977, 164=977, 7=977, 30=977, 6=977, 32=977, 5=977, 160=977, 4=977, 31=977, 9=977, 8=977, 19=977, 179=977, 17=977, 18=977, 178=977, 177=977, 15=977, 176=977, 16=977, 13=977, 14=977, 11=977, 12=977, 170=977, 21=977, 171=977, 20=977, 174=977, 175=977, 172=977, 173=977, 188=977, 187=977, 189=977, 180=977, 181=977, 10=977, 182=977, 183=977, 184=977, 185=977, 186=977, 116=977, 117=977, 79=977, 114=977, 78=977, 115=977, 77=977, 112=977, 113=977, 110=977, 111=977, 118=977, 119=977, 82=977, 83=977, 80=977, 81=977, 86=977, 87=977, 84=977, 85=977, 125=977, 67=977, 126=977, 66=977, 69=977, 127=977, 128=977, 68=977, 121=977, 122=977, 123=977, 124=977, 129=977, 70=977, 120=977, 71=977, 72=977, 73=977, 74=977, 75=977, 76=977, 134=977, 135=977, 132=977, 59=977, 133=977, 138=977, 58=977, 139=977, 57=977, 136=977, 56=977, 137=977, 55=977, 64=977, 65=977, 62=977, 63=977, 131=977, 60=977, 61=977, 130=977, 49=977, 143=977, 48=977, 144=977, 145=977, 146=977, 147=977, 45=977, 44=977, 148=977, 47=977, 149=977, 46=977, 51=977, 52=977, 53=977, 54=977, 140=977, 142=977, 50=977, 141=977, 109=977, 108=977, 107=977, 106=977, 105=977, 104=977, 103=977, 99=977, 102=977, 101=977, 100=977, 98=977, 97=977, 96=977, 95=977, 94=977, 93=977, 92=977, 91=977, 90=977, 88=977, 89=977, 195=977, 194=977, 197=977, 196=977, 191=977, 190=977, 193=977, 192=977, 198=977, 199=977}
Number of gene trees: 977
0 trees have missing taxa
Calculating quartet distance matrix (for completion of X)
Species tree distances calculated ...
Building set of clusters (X) from gene trees 
Using tree-based weight calculation.
Number of Default Clusters: 175133
Number of quartet trees in the gene trees: 64430903088
calculating extra bipartitions to be added at level 1 ...
Number of Clusters after addition by distance: 175169
Adding to X using resolutions of greedy consensus ...
Threshold 0.0:
polytomy of size 3; rounds with additions with at least 0.01 support: 0; clusters: 175173
polytomy of size 17; rounds with additions with at least 0.01 support: 7; clusters: 177111
Threshold 0.01:
polytomy of size 35; rounds with additions with at least 0.01 support: 10; clusters: 190625
Threshold 0.02:
polytomy of size 44; rounds with additions with at least 0.01 support: 1; clusters: 211965
Threshold 0.05:
polytomy of size 3; rounds with additions with at least 0.01 support: 0; clusters: 211965
polytomy of size 54; rounds with additions with at least 0.01 support: 0; clusters: 212257
Threshold 0.1:
polytomy of size 3; rounds with additions with at least 0.01 support: 0; clusters: 212257
polytomy of size 73; rounds with additions with at least 0.01 support: 0; clusters: 212543
Threshold 0.2:
polytomy of size 3; rounds with additions with at least 0.01 support: 0; clusters: 212543
polytomy of size 3; rounds with additions with at least 0.01 support: 0; clusters: 212543
polytomy of size 3; rounds with additions with at least 0.01 support: 0; clusters: 212543
polytomy of size 3; rounds with additions with at least 0.01 support: 0; clusters: 212543
polytomy of size 94; rounds with additions with at least 0.01 support: 0; clusters: 212799
Threshold 0.3333333333333333:
polytomy of size 4; rounds with additions with at least 0.01 support: 0; clusters: 212799
polytomy of size 4; rounds with additions with at least 0.01 support: 0; clusters: 212799
polytomy of size 3; rounds with additions with at least 0.01 support: 0; clusters: 212799
polytomy of size 3; rounds with additions with at least 0.01 support: 0; clusters: 212799
Number of Clusters after addition by greedy: 212799
partitions formed in 131.453 secs
Dynamic Programming starting after 131.453 secs
Size of largest cluster: 201
Calculated 100000 weights; time (seconds): 743
Calculated 200000 weights; time (seconds): 649
Calculated 300000 weights; time (seconds): 687
Calculated 400000 weights; time (seconds): 700
Total Number of elements weighted: 441846
Normalized score (portion of input quartet trees satisfied): 0.459106664089414
Final optimization score: 29580656981
Optimal tree inferred in 3077.318 secs.
(18,(67,((53,(35,72)),(((169,50),(46,(33,124))),((((21,166),(74,78)),(((139,43),(162,(153,26))),((157,198),((108,181),(14,(194,130)))))),(197,(((118,(65,(60,151))),((37,5),(163,95))),(((((188,45),(40,117)),(125,(17,(39,120)))),(25,(136,(98,((7,64),((79,200),(144,(174,196)))))))),(((149,(28,((30,(109,86)),(129,((112,(73,51)),(135,(76,(148,62)))))))),((((121,((102,63),(189,4))),((140,(57,190)),(8,(85,22)))),((191,(44,(167,(15,71)))),((158,93),(55,(10,(101,(100,68))))))),(0,(((127,(58,175)),((192,(185,89)),(141,(142,(23,(122,105)))))),(((150,(171,173)),((199,61),(147,96))),((19,110),(((13,113),(134,48)),((172,161),(99,69))))))))),(((164,(88,3)),((170,12),(66,(177,(6,((138,126),((114,195),(70,(179,156))))))))),(((1,75),(183,(9,182))),((52,((42,(115,(178,(16,31)))),(128,(116,((184,165),(91,(54,34))))))),((((119,(20,123)),((83,97),(84,2))),((176,(47,41)),((106,(107,160)),(32,(49,((133,(38,81)),(11,(82,132)))))))),(((77,(193,56)),((155,143),((36,(104,80)),(90,(145,(29,92)))))),((94,(186,(159,(154,111)))),(((59,146),((24,180),(137,27))),((187,131),((152,168),(87,103)))))))))))))))))));
Quartet score is: 29580656981
Normalized quartet score is: 0.459106664089414
ASTRAL finished in 3088.006 secs
