
================== ASTRAL ===================== 

This is ASTRAL version 4.10.8
Gene trees are treated as unrooted
1000 trees read from ASTRALDATA/model.1000.2000000.0.000001/44/estimatedgenetre.halfresolved
All outputted trees will be *arbitrarily* rooted at 143

======== Running the main analysis
Number of taxa: 1001 (1001 species)
Taxa: [143, 405, 125, 145, 776, 129, 83, 420, 927, 23, 319, 882, 203, 899, 829, 694, 900, 13, 675, 857, 971, 252, 922, 847, 881, 861, 925, 577, 288, 210, 306, 931, 535, 877, 593, 368, 630, 442, 84, 711, 297, 52, 238, 937, 657, 440, 164, 265, 778, 450, 474, 699, 647, 117, 55, 552, 614, 653, 250, 828, 687, 649, 100, 500, 774, 619, 957, 124, 600, 200, 839, 51, 587, 950, 490, 45, 866, 974, 729, 492, 802, 114, 243, 517, 566, 139, 291, 601, 646, 152, 132, 902, 638, 652, 865, 460, 92, 986, 772, 928, 91, 428, 194, 231, 105, 507, 146, 571, 0, 426, 30, 980, 312, 399, 933, 674, 898, 464, 668, 737, 74, 371, 46, 624, 383, 859, 185, 343, 677, 553, 429, 608, 724, 999, 307, 785, 171, 526, 914, 875, 154, 988, 873, 108, 220, 663, 201, 165, 163, 909, 406, 118, 936, 520, 345, 158, 775, 678, 695, 22, 268, 532, 870, 198, 518, 280, 905, 788, 97, 670, 502, 271, 864, 976, 544, 539, 970, 607, 488, 483, 327, 453, 89, 34, 225, 966, 167, 874, 32, 814, 891, 352, 588, 669, 197, 123, 782, 363, 546, 245, 27, 764, 309, 414, 169, 122, 25, 336, 917, 860, 393, 322, 80, 941, 19, 394, 845, 48, 815, 989, 236, 499, 813, 187, 137, 131, 300, 985, 596, 149, 830, 793, 506, 432, 234, 209, 64, 834, 434, 374, 273, 29, 572, 871, 5, 454, 804, 229, 308, 107, 684, 392, 680, 715, 609, 111, 400, 287, 787, 68, 634, 528, 809, 761, 527, 364, 726, 883, 79, 284, 96, 736, 98, 509, 591, 635, 136, 320, 833, 975, 18, 254, 551, 407, 798, 984, 127, 641, 654, 956, 667, 541, 148, 227, 733, 232, 679, 537, 549, 969, 242, 565, 72, 617, 39, 339, 791, 631, 994, 87, 497, 228, 355, 771, 648, 869, 794, 121, 578, 848, 86, 822, 943, 511, 196, 219, 285, 489, 372, 982, 996, 389, 681, 831, 101, 759, 226, 659, 739, 465, 863, 241, 469, 779, 780, 856, 310, 855, 738, 658, 823, 513, 691, 257, 402, 331, 519, 890, 413, 705, 576, 251, 330, 90, 700, 38, 359, 586, 349, 662, 269, 990, 116, 249, 781, 745, 58, 868, 886, 457, 632, 897, 102, 757, 704, 381, 264, 113, 482, 341, 935, 441, 421, 880, 321, 390, 783, 534, 754, 623, 644, 430, 523, 403, 493, 213, 472, 592, 69, 353, 496, 637, 627, 742, 248, 4, 816, 948, 709, 719, 851, 639, 347, 239, 473, 656, 295, 827, 998, 50, 967, 223, 233, 892, 385, 277, 202, 260, 752, 616, 438, 204, 570, 316, 65, 303, 293, 78, 480, 451, 94, 611, 826, 140, 267, 230, 564, 797, 439, 895, 66, 367, 713, 703, 531, 590, 701, 858, 878, 805, 672, 325, 11, 192, 391, 175, 244, 182, 615, 501, 660, 346, 256, 333, 126, 237, 10, 512, 404, 716, 796, 494, 894, 419, 636, 773, 461, 443, 790, 462, 550, 741, 702, 846, 106, 485, 640, 415, 270, 110, 910, 235, 412, 377, 246, 594, 35, 558, 832, 258, 529, 595, 743, 618, 568, 598, 33, 470, 314, 212, 806, 141, 732, 650, 525, 382, 758, 142, 162, 14, 727, 435, 762, 885, 930, 313, 645, 896, 311, 395, 768, 725, 261, 324, 205, 373, 28, 626, 299, 449, 334, 362, 332, 812, 427, 366, 843, 503, 214, 807, 938, 867, 521, 133, 104, 417, 934, 753, 60, 7, 987, 906, 555, 841, 818, 960, 477, 221, 901, 112, 811, 903, 673, 42, 765, 184, 475, 583, 274, 43, 686, 746, 854, 376, 36, 981, 533, 1, 947, 397, 763, 962, 144, 193, 718, 574, 991, 95, 317, 516, 777, 872, 548, 134, 710, 195, 318, 795, 109, 447, 921, 73, 342, 425, 479, 463, 40, 767, 286, 358, 693, 156, 166, 328, 61, 85, 278, 992, 338, 190, 298, 350, 556, 3, 272, 161, 365, 554, 151, 484, 176, 410, 665, 476, 486, 16, 178, 81, 508, 326, 661, 416, 884, 301, 207, 478, 179, 263, 547, 723, 676, 170, 180, 75, 912, 770, 734, 62, 411, 315, 498, 844, 837, 621, 599, 224, 973, 222, 559, 622, 120, 913, 602, 199, 979, 730, 747, 380, 584, 160, 153, 932, 849, 697, 633, 766, 972, 915, 191, 173, 188, 961, 59, 208, 888, 977, 24, 88, 375, 840, 613, 130, 491, 946, 717, 351, 340, 433, 983, 408, 604, 751, 93, 379, 505, 37, 1000, 589, 424, 953, 386, 879, 77, 964, 889, 792, 557, 997, 954, 893, 801, 71, 290, 579, 926, 240, 436, 445, 756, 329, 683, 560, 836, 907, 70, 603, 360, 951, 281, 401, 289, 643, 458, 305, 995, 504, 810, 545, 876, 821, 103, 26, 155, 323, 522, 304, 344, 378, 569, 216, 57, 515, 965, 784, 20, 755, 789, 582, 67, 714, 944, 266, 862, 920, 740, 625, 370, 337, 437, 302, 760, 49, 423, 722, 911, 259, 481, 786, 543, 918, 585, 17, 253, 99, 690, 296, 63, 15, 655, 671, 514, 689, 706, 422, 542, 455, 708, 817, 177, 189, 361, 721, 335, 731, 852, 799, 387, 942, 283, 172, 929, 963, 750, 720, 369, 452, 887, 218, 76, 466, 735, 524, 993, 446, 536, 217, 838, 54, 666, 56, 495, 620, 692, 388, 409, 949, 728, 612, 398, 835, 119, 354, 128, 186, 808, 955, 664, 952, 824, 712, 6, 538, 850, 924, 562, 606, 939, 628, 696, 968, 159, 530, 456, 707, 916, 919, 597, 53, 294, 803, 748, 444, 206, 282, 357, 605, 825, 168, 174, 47, 138, 904, 842, 396, 540, 459, 157, 908, 923, 147, 563, 356, 348, 940, 262, 651, 41, 12, 487, 150, 21, 448, 471, 418, 685, 682, 573, 247, 853, 384, 468, 135, 744, 769, 561, 610, 800, 467, 9, 749, 292, 820, 629, 958, 115, 688, 2, 978, 510, 44, 183, 181, 279, 698, 945, 31, 819, 8, 275, 276, 642, 567, 82, 215, 211, 575, 431, 580, 255, 959, 581]
Taxon occupancy: {338=1000, 339=1000, 941=1000, 942=1000, 940=1000, 945=1000, 332=1000, 333=1000, 946=1000, 330=1000, 943=1000, 944=1000, 331=1000, 949=1000, 336=1000, 337=1000, 334=1000, 947=1000, 335=1000, 948=1000, 748=1000, 531=1000, 530=1000, 747=1000, 746=1000, 745=1000, 535=1000, 534=1000, 533=1000, 749=1000, 532=1000, 740=1000, 539=1000, 538=1000, 537=1000, 536=1000, 744=1000, 743=1000, 742=1000, 741=1000, 349=1000, 930=1000, 931=1000, 341=1000, 932=1000, 933=1000, 342=1000, 343=1000, 934=1000, 344=1000, 935=1000, 936=1000, 345=1000, 937=1000, 346=1000, 347=1000, 938=1000, 348=1000, 939=1000, 540=1000, 735=1000, 3=1000, 2=1000, 929=1000, 734=1000, 542=1000, 737=1000, 1=1000, 541=1000, 736=1000, 0=1000, 739=1000, 544=1000, 7=1000, 6=1000, 543=1000, 738=1000, 5=1000, 546=1000, 340=1000, 545=1000, 4=1000, 548=1000, 547=1000, 9=1000, 8=1000, 549=1000, 731=1000, 730=1000, 733=1000, 732=1000, 920=1000, 318=1000, 319=1000, 316=1000, 317=1000, 927=1000, 314=1000, 928=1000, 315=1000, 925=1000, 312=1000, 313=1000, 926=1000, 923=1000, 310=1000, 924=1000, 311=1000, 921=1000, 922=1000, 513=1000, 729=1000, 512=1000, 728=1000, 511=1000, 510=1000, 727=1000, 726=1000, 725=1000, 919=1000, 724=1000, 918=1000, 723=1000, 722=1000, 721=1000, 720=1000, 519=1000, 518=1000, 517=1000, 516=1000, 515=1000, 514=1000, 327=1000, 328=1000, 329=1000, 323=1000, 914=1000, 324=1000, 915=1000, 916=1000, 325=1000, 917=1000, 326=1000, 709=1000, 910=1000, 911=1000, 320=1000, 321=1000, 912=1000, 322=1000, 913=1000, 522=1000, 717=1000, 716=1000, 521=1000, 524=1000, 719=1000, 523=1000, 718=1000, 908=1000, 713=1000, 712=1000, 907=1000, 715=1000, 520=1000, 714=1000, 909=1000, 529=1000, 711=1000, 710=1000, 526=1000, 525=1000, 528=1000, 527=1000, 989=1000, 988=1000, 987=1000, 571=1000, 570=1000, 982=1000, 981=1000, 980=1000, 986=1000, 985=1000, 984=1000, 983=1000, 700=1000, 703=1000, 574=1000, 575=1000, 704=1000, 572=1000, 701=1000, 573=1000, 702=1000, 707=1000, 578=1000, 708=1000, 579=1000, 576=1000, 705=1000, 706=1000, 577=1000, 977=1000, 976=1000, 300=1000, 979=1000, 978=1000, 580=1000, 302=1000, 301=1000, 582=1000, 304=1000, 581=1000, 303=1000, 306=1000, 305=1000, 308=1000, 971=1000, 307=1000, 970=1000, 973=1000, 309=1000, 972=1000, 975=1000, 974=1000, 583=1000, 584=1000, 585=1000, 586=1000, 587=1000, 588=1000, 589=1000, 969=1000, 968=1000, 967=1000, 966=1000, 965=1000, 964=1000, 963=1000, 962=1000, 961=1000, 960=1000, 558=1000, 559=1000, 556=1000, 557=1000, 554=1000, 555=1000, 552=1000, 553=1000, 550=1000, 551=1000, 959=1000, 958=1000, 560=1000, 955=1000, 954=1000, 957=1000, 956=1000, 951=1000, 950=1000, 953=1000, 952=1000, 569=1000, 565=1000, 566=1000, 567=1000, 568=1000, 561=1000, 562=1000, 563=1000, 564=1000, 799=1000, 798=1000, 797=1000, 796=1000, 795=1000, 794=1000, 793=1000, 792=1000, 996=1000, 790=1000, 791=1000, 997=1000, 994=1000, 995=1000, 992=1000, 993=1000, 990=1000, 991=1000, 998=1000, 999=1000, 781=1000, 782=1000, 783=1000, 784=1000, 785=1000, 786=1000, 787=1000, 788=1000, 789=1000, 780=1000, 772=1000, 505=1000, 506=1000, 773=1000, 503=1000, 770=1000, 504=1000, 771=1000, 509=1000, 776=1000, 777=1000, 774=1000, 507=1000, 775=1000, 508=1000, 778=1000, 779=1000, 501=1000, 502=1000, 500=1000, 763=1000, 764=1000, 765=1000, 766=1000, 760=1000, 761=1000, 762=1000, 767=1000, 768=1000, 769=1000, 754=1000, 755=1000, 752=1000, 753=1000, 750=1000, 751=1000, 758=1000, 759=1000, 756=1000, 757=1000, 595=1000, 594=1000, 597=1000, 391=1000, 596=1000, 390=1000, 393=1000, 599=1000, 392=1000, 598=1000, 395=1000, 394=1000, 396=1000, 397=1000, 398=1000, 399=1000, 590=1000, 591=1000, 592=1000, 593=1000, 383=1000, 384=1000, 381=1000, 382=1000, 380=1000, 389=1000, 388=1000, 387=1000, 386=1000, 385=1000, 370=1000, 371=1000, 372=1000, 373=1000, 379=1000, 378=1000, 375=1000, 374=1000, 377=1000, 376=1000, 361=1000, 362=1000, 360=1000, 366=1000, 365=1000, 364=1000, 363=1000, 369=1000, 368=1000, 367=1000, 350=1000, 351=1000, 353=1000, 352=1000, 355=1000, 354=1000, 357=1000, 356=1000, 359=1000, 358=1000, 806=1000, 807=1000, 804=1000, 805=1000, 802=1000, 803=1000, 800=1000, 801=1000, 159=1000, 158=1000, 157=1000, 156=1000, 155=1000, 154=1000, 152=1000, 601=1000, 600=1000, 153=1000, 150=1000, 151=1000, 609=1000, 608=1000, 607=1000, 606=1000, 605=1000, 604=1000, 603=1000, 602=1000, 202=1000, 203=1000, 204=1000, 205=1000, 200=1000, 201=1000, 169=1000, 206=1000, 166=1000, 165=1000, 207=1000, 168=1000, 208=1000, 209=1000, 167=1000, 409=1000, 161=1000, 162=1000, 408=1000, 163=1000, 164=1000, 405=1000, 404=1000, 407=1000, 406=1000, 160=1000, 401=1000, 400=1000, 403=1000, 402=1000, 211=1000, 824=1000, 825=1000, 212=1000, 822=1000, 823=1000, 210=1000, 215=1000, 828=1000, 216=1000, 829=1000, 213=1000, 826=1000, 827=1000, 214=1000, 219=1000, 179=1000, 178=1000, 217=1000, 177=1000, 218=1000, 176=1000, 820=1000, 821=1000, 418=1000, 170=1000, 171=1000, 417=1000, 416=1000, 415=1000, 174=1000, 623=1000, 175=1000, 622=1000, 172=1000, 621=1000, 620=1000, 419=1000, 173=1000, 627=1000, 410=1000, 626=1000, 625=1000, 819=1000, 624=1000, 414=1000, 413=1000, 629=1000, 412=1000, 628=1000, 411=1000, 220=1000, 811=1000, 812=1000, 221=1000, 813=1000, 222=1000, 814=1000, 223=1000, 815=1000, 224=1000, 225=1000, 816=1000, 817=1000, 226=1000, 227=1000, 818=1000, 228=1000, 188=1000, 229=1000, 187=1000, 189=1000, 810=1000, 427=1000, 426=1000, 180=1000, 181=1000, 429=1000, 428=1000, 182=1000, 183=1000, 610=1000, 184=1000, 612=1000, 185=1000, 186=1000, 611=1000, 809=1000, 614=1000, 808=1000, 613=1000, 421=1000, 616=1000, 420=1000, 615=1000, 423=1000, 618=1000, 422=1000, 617=1000, 425=1000, 619=1000, 424=1000, 116=1000, 843=1000, 842=1000, 117=1000, 114=1000, 841=1000, 115=1000, 840=1000, 112=1000, 113=1000, 110=1000, 111=1000, 849=1000, 848=1000, 847=1000, 846=1000, 845=1000, 118=1000, 119=1000, 844=1000, 435=1000, 436=1000, 433=1000, 434=1000, 431=1000, 432=1000, 430=1000, 439=1000, 437=1000, 438=1000, 830=1000, 125=1000, 126=1000, 127=1000, 832=1000, 128=1000, 831=1000, 121=1000, 122=1000, 123=1000, 124=1000, 838=1000, 837=1000, 839=1000, 834=1000, 129=1000, 833=1000, 836=1000, 835=1000, 444=1000, 445=1000, 446=1000, 447=1000, 440=1000, 441=1000, 442=1000, 443=1000, 120=1000, 448=1000, 449=1000, 861=1000, 134=1000, 135=1000, 860=1000, 132=1000, 133=1000, 138=1000, 865=1000, 139=1000, 864=1000, 863=1000, 136=1000, 862=1000, 137=1000, 869=1000, 868=1000, 867=1000, 866=1000, 450=1000, 453=1000, 454=1000, 451=1000, 452=1000, 457=1000, 458=1000, 455=1000, 456=1000, 459=1000, 131=1000, 130=1000, 143=1000, 144=1000, 850=1000, 145=1000, 146=1000, 147=1000, 852=1000, 148=1000, 851=1000, 149=1000, 854=1000, 853=1000, 856=1000, 855=1000, 858=1000, 857=1000, 859=1000, 461=1000, 460=1000, 462=1000, 463=1000, 464=1000, 465=1000, 466=1000, 467=1000, 468=1000, 469=1000, 140=1000, 142=1000, 141=1000, 687=1000, 686=1000, 689=1000, 688=1000, 683=1000, 682=1000, 685=1000, 684=1000, 888=1000, 889=1000, 884=1000, 885=1000, 886=1000, 680=1000, 887=1000, 681=1000, 880=1000, 881=1000, 882=1000, 883=1000, 678=1000, 677=1000, 676=1000, 675=1000, 674=1000, 673=1000, 672=1000, 671=1000, 679=1000, 879=1000, 877=1000, 878=1000, 875=1000, 876=1000, 670=1000, 873=1000, 874=1000, 871=1000, 872=1000, 870=1000, 696=1000, 695=1000, 694=1000, 693=1000, 890=1000, 699=1000, 698=1000, 697=1000, 899=1000, 893=1000, 894=1000, 891=1000, 892=1000, 897=1000, 691=1000, 692=1000, 898=1000, 895=1000, 690=1000, 896=1000, 646=1000, 647=1000, 648=1000, 649=1000, 642=1000, 195=1000, 643=1000, 194=1000, 197=1000, 644=1000, 196=1000, 645=1000, 191=1000, 190=1000, 640=1000, 193=1000, 641=1000, 192=1000, 198=1000, 199=1000, 639=1000, 637=1000, 638=1000, 635=1000, 636=1000, 633=1000, 634=1000, 631=1000, 632=1000, 630=1000, 668=1000, 669=1000, 660=1000, 661=1000, 662=1000, 663=1000, 664=1000, 665=1000, 666=1000, 667=1000, 659=1000, 657=1000, 658=1000, 651=1000, 652=1000, 650=1000, 655=1000, 656=1000, 653=1000, 654=1000, 35=1000, 36=1000, 33=1000, 34=1000, 39=1000, 37=1000, 38=1000, 43=1000, 42=1000, 41=1000, 40=1000, 22=1000, 23=1000, 24=1000, 25=1000, 26=1000, 27=1000, 28=1000, 29=1000, 30=1000, 32=1000, 31=1000, 19=1000, 17=1000, 18=1000, 15=1000, 16=1000, 13=1000, 14=1000, 11=1000, 12=1000, 21=1000, 20=1000, 10=1000, 79=1000, 78=1000, 77=1000, 82=1000, 83=1000, 80=1000, 81=1000, 86=1000, 87=1000, 84=1000, 85=1000, 67=1000, 66=1000, 69=1000, 68=1000, 70=1000, 71=1000, 72=1000, 73=1000, 74=1000, 75=1000, 76=1000, 59=1000, 58=1000, 57=1000, 56=1000, 55=1000, 64=1000, 65=1000, 62=1000, 63=1000, 60=1000, 61=1000, 49=1000, 48=1000, 45=1000, 44=1000, 47=1000, 46=1000, 51=1000, 52=1000, 53=1000, 54=1000, 50=1000, 487=1000, 281=1000, 280=1000, 486=1000, 485=1000, 484=1000, 285=1000, 284=1000, 283=1000, 489=1000, 282=1000, 488=1000, 288=1000, 289=1000, 286=1000, 287=1000, 482=1000, 483=1000, 480=1000, 481=1000, 474=1000, 473=1000, 270=1000, 476=1000, 475=1000, 272=1000, 478=1000, 271=1000, 477=1000, 274=1000, 273=1000, 479=1000, 275=1000, 276=1000, 277=1000, 278=1000, 279=1000, 470=1000, 471=1000, 472=1000, 1000=1000, 109=1000, 108=1000, 107=1000, 106=1000, 105=1000, 104=1000, 103=1000, 99=1000, 102=1000, 101=1000, 100=1000, 98=1000, 97=1000, 96=1000, 95=1000, 94=1000, 93=1000, 92=1000, 91=1000, 294=1000, 90=1000, 499=1000, 293=1000, 296=1000, 295=1000, 496=1000, 290=1000, 495=1000, 292=1000, 498=1000, 497=1000, 291=1000, 491=1000, 492=1000, 493=1000, 494=1000, 297=1000, 298=1000, 299=1000, 490=1000, 88=1000, 89=1000, 240=1000, 241=1000, 245=1000, 244=1000, 243=1000, 242=1000, 249=1000, 248=1000, 247=1000, 246=1000, 230=1000, 239=1000, 232=1000, 231=1000, 234=1000, 233=1000, 236=1000, 235=1000, 238=1000, 237=1000, 262=1000, 263=1000, 260=1000, 261=1000, 269=1000, 268=1000, 267=1000, 266=1000, 265=1000, 264=1000, 250=1000, 251=1000, 252=1000, 904=1000, 258=1000, 257=1000, 903=1000, 906=1000, 259=1000, 905=1000, 254=1000, 900=1000, 253=1000, 902=1000, 256=1000, 255=1000, 901=1000}
Number of gene trees: 1000
0 trees have missing taxa
Calculating quartet distance matrix (for completion of X)
Species tree distances calculated ...
Building set of clusters (X) from gene trees 
Using tree-based weight calculation.
Number of Default Clusters: 251653
Number of quartet trees in the gene trees: 41583291706094
calculating extra bipartitions to be added at level 1 ...
Number of Clusters after addition by distance: 251701
Adding to X using resolutions of greedy consensus ...
Threshold 0.0:
polytomy of size 3; rounds with additions with at least 0.01 support: 1; clusters: 251707
polytomy of size 13; rounds with additions with at least 0.01 support: 17; clusters: 253333
Threshold 0.01:
polytomy of size 35; rounds with additions with at least 0.01 support: 78; clusters: 269147
Threshold 0.02:
polytomy of size 42; rounds with additions with at least 0.01 support: 12; clusters: 287549
Threshold 0.05:
polytomy of size 3; rounds with additions with at least 0.01 support: 0; clusters: 287549
polytomy of size 53; rounds with additions with at least 0.01 support: 11; clusters: 288589
Threshold 0.1:
polytomy of size 3; rounds with additions with at least 0.01 support: 0; clusters: 288589
polytomy of size 5; rounds with additions with at least 0.01 support: 0; clusters: 288589
polytomy of size 3; rounds with additions with at least 0.01 support: 0; clusters: 288589
polytomy of size 3; rounds with additions with at least 0.01 support: 0; clusters: 288589
polytomy of size 3; rounds with additions with at least 0.01 support: 0; clusters: 288589
polytomy of size 3; rounds with additions with at least 0.01 support: 0; clusters: 288589
polytomy of size 67; rounds with additions with at least 0.01 support: 1; clusters: 289009
Threshold 0.2:
polytomy of size 4; rounds with additions with at least 0.01 support: 0; clusters: 289009
polytomy of size 5; rounds with additions with at least 0.01 support: 0; clusters: 289009
polytomy of size 3; rounds with additions with at least 0.01 support: 0; clusters: 289009
polytomy of size 3; rounds with additions with at least 0.01 support: 0; clusters: 289009
polytomy of size 5; rounds with additions with at least 0.01 support: 0; clusters: 289009
polytomy of size 3; rounds with additions with at least 0.01 support: 0; clusters: 289009
polytomy of size 3; rounds with additions with at least 0.01 support: 0; clusters: 289009
polytomy of size 6; rounds with additions with at least 0.01 support: 0; clusters: 289009
polytomy of size 5; rounds with additions with at least 0.01 support: 0; clusters: 289009
polytomy of size 3; rounds with additions with at least 0.01 support: 0; clusters: 289009
polytomy of size 3; rounds with additions with at least 0.01 support: 0; clusters: 289009
polytomy of size 5; rounds with additions with at least 0.01 support: 0; clusters: 289009
polytomy of size 3; rounds with additions with at least 0.01 support: 0; clusters: 289009
polytomy of size 3; rounds with additions with at least 0.01 support: 0; clusters: 289009
polytomy of size 4; rounds with additions with at least 0.01 support: 0; clusters: 289009
polytomy of size 4; rounds with additions with at least 0.01 support: 0; clusters: 289009
polytomy of size 3; rounds with additions with at least 0.01 support: 0; clusters: 289009
polytomy of size 3; rounds with additions with at least 0.01 support: 0; clusters: 289009
polytomy of size 4; rounds with additions with at least 0.01 support: 0; clusters: 289009
polytomy of size 3; rounds with additions with at least 0.01 support: 0; clusters: 289009
polytomy of size 3; rounds with additions with at least 0.01 support: 0; clusters: 289009
polytomy of size 3; rounds with additions with at least 0.01 support: 0; clusters: 289009
polytomy of size 3; rounds with additions with at least 0.01 support: 0; clusters: 289009
polytomy of size 4; rounds with additions with at least 0.01 support: 0; clusters: 289009
polytomy of size 3; rounds with additions with at least 0.01 support: 0; clusters: 289009
polytomy of size 3; rounds with additions with at least 0.01 support: 0; clusters: 289009
polytomy of size 5; rounds with additions with at least 0.01 support: 0; clusters: 289009
polytomy of size 3; rounds with additions with at least 0.01 support: 0; clusters: 289009
polytomy of size 87; rounds with additions with at least 0.01 support: 0; clusters: 289337
Threshold 0.3333333333333333:
polytomy of size 3; rounds with additions with at least 0.01 support: 0; clusters: 289337
polytomy of size 5; rounds with additions with at least 0.01 support: 0; clusters: 289337
polytomy of size 3; rounds with additions with at least 0.01 support: 0; clusters: 289337
polytomy of size 3; rounds with additions with at least 0.01 support: 0; clusters: 289337
polytomy of size 3; rounds with additions with at least 0.01 support: 0; clusters: 289337
polytomy of size 3; rounds with additions with at least 0.01 support: 0; clusters: 289337
polytomy of size 4; rounds with additions with at least 0.01 support: 0; clusters: 289337
polytomy of size 3; rounds with additions with at least 0.01 support: 0; clusters: 289337
polytomy of size 6; rounds with additions with at least 0.01 support: 0; clusters: 289337
polytomy of size 4; rounds with additions with at least 0.01 support: 0; clusters: 289337
polytomy of size 5; rounds with additions with at least 0.01 support: 0; clusters: 289337
polytomy of size 4; rounds with additions with at least 0.01 support: 0; clusters: 289337
polytomy of size 3; rounds with additions with at least 0.01 support: 0; clusters: 289337
polytomy of size 4; rounds with additions with at least 0.01 support: 0; clusters: 289337
polytomy of size 3; rounds with additions with at least 0.01 support: 0; clusters: 289337
polytomy of size 3; rounds with additions with at least 0.01 support: 0; clusters: 289337
polytomy of size 3; rounds with additions with at least 0.01 support: 0; clusters: 289337
polytomy of size 4; rounds with additions with at least 0.01 support: 0; clusters: 289337
polytomy of size 6; rounds with additions with at least 0.01 support: 0; clusters: 289337
polytomy of size 5; rounds with additions with at least 0.01 support: 0; clusters: 289337
polytomy of size 3; rounds with additions with at least 0.01 support: 0; clusters: 289337
polytomy of size 3; rounds with additions with at least 0.01 support: 0; clusters: 289337
polytomy of size 3; rounds with additions with at least 0.01 support: 0; clusters: 289337
polytomy of size 3; rounds with additions with at least 0.01 support: 0; clusters: 289337
polytomy of size 3; rounds with additions with at least 0.01 support: 0; clusters: 289337
polytomy of size 3; rounds with additions with at least 0.01 support: 0; clusters: 289337
polytomy of size 6; rounds with additions with at least 0.01 support: 0; clusters: 289337
polytomy of size 3; rounds with additions with at least 0.01 support: 0; clusters: 289337
polytomy of size 3; rounds with additions with at least 0.01 support: 0; clusters: 289337
polytomy of size 3; rounds with additions with at least 0.01 support: 0; clusters: 289337
polytomy of size 3; rounds with additions with at least 0.01 support: 0; clusters: 289337
polytomy of size 3; rounds with additions with at least 0.01 support: 0; clusters: 289337
polytomy of size 3; rounds with additions with at least 0.01 support: 0; clusters: 289337
polytomy of size 4; rounds with additions with at least 0.01 support: 0; clusters: 289337
polytomy of size 5; rounds with additions with at least 0.01 support: 0; clusters: 289337
polytomy of size 5; rounds with additions with at least 0.01 support: 0; clusters: 289337
polytomy of size 3; rounds with additions with at least 0.01 support: 0; clusters: 289337
polytomy of size 3; rounds with additions with at least 0.01 support: 0; clusters: 289337
polytomy of size 5; rounds with additions with at least 0.01 support: 0; clusters: 289337
polytomy of size 3; rounds with additions with at least 0.01 support: 0; clusters: 289337
polytomy of size 5; rounds with additions with at least 0.01 support: 0; clusters: 289337
polytomy of size 6; rounds with additions with at least 0.01 support: 0; clusters: 289337
polytomy of size 3; rounds with additions with at least 0.01 support: 0; clusters: 289337
polytomy of size 3; rounds with additions with at least 0.01 support: 0; clusters: 289337
polytomy of size 3; rounds with additions with at least 0.01 support: 0; clusters: 289337
polytomy of size 9; rounds with additions with at least 0.01 support: 0; clusters: 289395
polytomy of size 5; rounds with additions with at least 0.01 support: 0; clusters: 289395
polytomy of size 3; rounds with additions with at least 0.01 support: 0; clusters: 289395
polytomy of size 4; rounds with additions with at least 0.01 support: 0; clusters: 289395
polytomy of size 5; rounds with additions with at least 0.01 support: 0; clusters: 289395
polytomy of size 4; rounds with additions with at least 0.01 support: 0; clusters: 289395
polytomy of size 3; rounds with additions with at least 0.01 support: 0; clusters: 289395
polytomy of size 3; rounds with additions with at least 0.01 support: 0; clusters: 289395
polytomy of size 3; rounds with additions with at least 0.01 support: 0; clusters: 289395
polytomy of size 5; rounds with additions with at least 0.01 support: 0; clusters: 289395
polytomy of size 3; rounds with additions with at least 0.01 support: 0; clusters: 289395
polytomy of size 3; rounds with additions with at least 0.01 support: 0; clusters: 289395
polytomy of size 3; rounds with additions with at least 0.01 support: 0; clusters: 289395
polytomy of size 3; rounds with additions with at least 0.01 support: 0; clusters: 289395
polytomy of size 5; rounds with additions with at least 0.01 support: 0; clusters: 289395
polytomy of size 4; rounds with additions with at least 0.01 support: 0; clusters: 289395
polytomy of size 3; rounds with additions with at least 0.01 support: 0; clusters: 289395
polytomy of size 4; rounds with additions with at least 0.01 support: 0; clusters: 289395
polytomy of size 3; rounds with additions with at least 0.01 support: 0; clusters: 289395
polytomy of size 3; rounds with additions with at least 0.01 support: 0; clusters: 289395
polytomy of size 3; rounds with additions with at least 0.01 support: 0; clusters: 289395
polytomy of size 4; rounds with additions with at least 0.01 support: 0; clusters: 289395
polytomy of size 5; rounds with additions with at least 0.01 support: 0; clusters: 289395
polytomy of size 3; rounds with additions with at least 0.01 support: 0; clusters: 289395
polytomy of size 5; rounds with additions with at least 0.01 support: 0; clusters: 289395
polytomy of size 4; rounds with additions with at least 0.01 support: 0; clusters: 289395
polytomy of size 3; rounds with additions with at least 0.01 support: 0; clusters: 289395
polytomy of size 3; rounds with additions with at least 0.01 support: 0; clusters: 289395
polytomy of size 7; rounds with additions with at least 0.01 support: 0; clusters: 289395
polytomy of size 3; rounds with additions with at least 0.01 support: 0; clusters: 289395
polytomy of size 3; rounds with additions with at least 0.01 support: 0; clusters: 289395
polytomy of size 3; rounds with additions with at least 0.01 support: 0; clusters: 289395
polytomy of size 3; rounds with additions with at least 0.01 support: 0; clusters: 289395
polytomy of size 6; rounds with additions with at least 0.01 support: 0; clusters: 289395
polytomy of size 4; rounds with additions with at least 0.01 support: 0; clusters: 289395
polytomy of size 4; rounds with additions with at least 0.01 support: 0; clusters: 289395
polytomy of size 3; rounds with additions with at least 0.01 support: 0; clusters: 289395
polytomy of size 3; rounds with additions with at least 0.01 support: 0; clusters: 289395
polytomy of size 122; rounds with additions with at least 0.01 support: 0; clusters: 465559
Number of Clusters after addition by greedy: 465559
partitions formed in 907.616 secs
Dynamic Programming starting after 907.616 secs
Size of largest cluster: 1001
Size of largest cluster: 1001
Calculated 100000 weights; time (seconds): 1043
Calculated 200000 weights; time (seconds): 122
Calculated 300000 weights; time (seconds): 134
Calculated 400000 weights; time (seconds): 122
Calculated 500000 weights; time (seconds): 128
Calculated 600000 weights; time (seconds): 123
Calculated 700000 weights; time (seconds): 128
Calculated 800000 weights; time (seconds): 350
Calculated 900000 weights; time (seconds): 334
Total Number of elements weighted: 1094276
Normalized score (portion of input quartet trees satisfied): NaN
Final optimization score: 0
Calculated 1000000 weights; time (seconds): 409
Total Number of elements weighted: 1094276
Normalized score (portion of input quartet trees satisfied): 0.5082297818609643
Final optimization score: 21133867272849
Optimal tree inferred in 3321.005 secs.
(143,((405,125),(987,((((181,(279,698)),((8,275),(276,(642,567)))),((945,(31,819)),((570,(316,(65,303))),((94,(611,826)),((78,451),(293,480)))))),((44,(510,183)),((865,((571,(((808,(186,(955,664))),((728,(612,398)),(835,(119,(354,128))))),((((218,76),(735,(466,(524,993)))),(217,(887,((446,536),(720,(750,(369,452))))))),(((283,963),(172,929)),(((387,942),(692,(949,(388,409)))),(838,(54,(620,(56,(666,495)))))))))),(((85,((278,(350,556)),((190,298),(992,338)))),((867,(104,(417,(521,133)))),((109,((479,(767,(463,40))),(447,(921,(73,(342,425)))))),(286,((548,((134,195),(710,(318,795)))),(((777,872),(317,516)),((166,(328,61)),(358,(95,(693,156)))))))))),((((((199,979),(913,(602,730))),(120,((559,622),(747,(380,584))))),((315,(62,411)),((498,844),((224,973),(222,(837,(621,599))))))),(((952,(824,(712,6))),(((456,707),(968,159)),((939,(628,696)),(530,((850,924),(538,(562,606))))))),(((825,168),((174,47),(396,((138,(904,842)),(157,(540,459)))))),(357,(605,((748,(444,(206,282))),((294,(916,53)),(919,(597,803))))))))),(((59,208),((888,(132,902)),((173,(188,961)),((915,191),(977,((375,840),((613,130),(24,88)))))))),(((787,(68,(634,528))),((774,617),((600,(124,(200,839))),((619,957),((51,974),(587,(866,(950,(490,45))))))))),(((652,661),((180,75),((547,(723,(676,170))),((416,884),(263,((478,179),(301,207))))))),((734,(912,770)),((934,(7,(753,60))),(((491,946),(351,(717,340))),((386,(879,(77,(964,889)))),(953,((408,(751,(604,(93,379)))),((505,(37,1000)),(589,(424,(433,983))))))))))))))))),(((151,((476,(486,16)),(((410,665),((178,81),(508,326))),((3,272),((484,176),(161,(365,554))))))),((((590,(531,701)),(858,(672,(878,805)))),(439,(((564,797),(140,(267,230))),(703,((895,66),(367,713)))))),(((906,555),(((144,193),(991,(718,574))),(((477,(221,901)),(112,(811,(42,(903,673))))),(((818,960),(841,((533,1),((947,397),(763,962))))),(765,((36,(376,981)),(854,(184,(475,((686,746),(43,(583,274)))))))))))),((460,(92,(928,(986,772)))),(((82,581),((211,(575,431)),(215,(580,(255,959))))),(325,(((552,(647,(117,55))),(250,(828,(614,653)))),((11,192),((501,660),(((346,256),(333,126)),((391,175),(244,(182,615))))))))))))),(((5,(994,(39,((339,791),((228,355),(631,(87,497))))))),(((470,(((35,(594,((377,246),((235,412),(110,910))))),(558,((618,(743,568)),(832,((598,33),(258,(529,595))))))),((142,(314,(212,(806,141)))),(((162,(14,727)),((885,930),((313,645),(435,762)))),(((732,650),(525,(382,758))),(896,(261,(725,(395,(311,768)))))))))),(((780,856),(330,(91,((310,855),((513,(738,(691,(658,823)))),((705,(576,251)),(257,(402,((890,413),(331,519)))))))))),((700,38),(((295,827),(473,656)),((998,((223,892),(233,(50,967)))),((430,((523,((719,851),(639,(239,(709,347))))),(((353,(496,637)),(248,(4,(816,948)))),((627,742),(403,(493,(592,(213,(472,69))))))))),((((269,990),(662,116)),((781,745),(249,((341,935),((381,(704,421)),(757,(441,(482,(264,113))))))))),((644,(754,623)),(((390,(783,534)),(359,(586,349))),((58,(880,321)),((868,886),(457,(632,(897,102)))))))))))))),(((237,(494,((512,(10,(716,(404,796)))),(443,(((894,419),(636,(773,461))),((462,(790,550)),((741,702),((415,270),(846,(485,(106,640))))))))))),(((302,760),((978,(688,2)),(115,(629,958)))),(((99,690),((423,722),(911,(259,(543,(481,786)))))),((49,((17,253),(918,585))),(((852,799),(731,((177,189),(361,(721,335))))),((296,(542,(708,(455,817)))),((706,422),(15,((63,671),(689,(655,514))))))))))),(((771,648),((869,794),(121,((822,(943,511)),(86,(578,848)))))),((204,(972,(616,438))),(509,((((697,633),((160,153),(932,849))),((147,(908,923)),(563,((356,348),(940,262))))),((625,(337,(370,437))),((((487,150),(651,(41,12))),(344,(((545,876),(995,(504,810))),((821,103),(304,((26,155),(323,522))))))),((((292,820),(766,(789,582))),((20,755),((920,740),((714,944),(266,(67,862)))))),((800,((216,(378,569)),((965,784),(57,515)))),(471,((21,448),((467,(9,749)),(418,((853,(384,(468,(135,744)))),((685,(682,573)),(247,(561,(769,610)))))))))))))))))))),(((474,699),((426,30),(((687,100),(649,500)),((733,(148,227)),((232,(565,72)),(679,(242,(537,(549,969))))))))),((0,((507,146),(139,(291,(601,(566,646)))))),(252,((809,((572,871),(29,(434,(374,(834,(64,273))))))),((((152,(194,(231,105))),((392,(680,(715,609))),((107,684),(454,(804,(229,308)))))),((111,(400,287)),((792,(557,997)),((((284,(79,96)),((726,(364,883)),(527,(98,(761,736))))),(624,((999,((526,914),(307,(785,171)))),(((383,859),(185,343)),(429,((677,553),(608,724))))))),(((954,(290,(579,926))),((801,(893,71)),(240,(752,(260,(385,(277,202))))))),((196,219),(((285,389),(489,(372,(982,996)))),((681,(241,(469,779))),(831,(739,((465,(226,863)),(101,(759,659))))))))))))),((541,(641,(667,(654,956)))),((46,(674,((((399,933),(980,312)),((668,737),(74,371))),((898,464),((492,(729,802)),(243,(114,517))))))),(((857,(((711,238),(937,(297,52))),((657,440),(164,(265,(778,450)))))),(((975,(18,254)),((551,407),(798,(984,127)))),((((320,833),(591,(635,136))),(442,((368,630),(84,(877,593))))),((((845,48),(815,989)),(((236,813),(499,(187,137))),(((234,209),(506,432)),((131,300),((830,793),(985,(596,149))))))),(((931,535),(577,((288,(210,306)),((922,847),(881,(861,925)))))),((145,(776,971)),((129,(83,420)),((927,(23,319)),(203,(900,(899,(882,(675,(829,(694,13))))))))))))))),((90,((373,28),(324,205))),(((843,((332,812),(427,366))),((436,((643,(458,305)),((401,289),(638,(503,(214,(807,938))))))),((603,(360,(951,281))),((329,(445,756)),(683,(560,(836,(907,70)))))))),(428,(((163,(165,909)),((201,(220,663)),((875,154),(988,(873,108))))),(((((169,122),(941,(19,394))),(25,((322,80),((336,917),(860,393))))),((363,(764,((245,27),(309,(546,414))))),(((891,669),(197,(352,588))),((123,782),((32,814),(966,(167,874))))))),(((89,(406,(118,936))),((345,(158,775)),(((678,198),(520,695)),((532,870),(22,268))))),((518,280),(((626,299),(362,(449,334))),((34,225),((327,453),((970,607),((539,(488,483)),((976,544),((905,864),(788,((97,271),(670,502)))))))))))))))))))))))))))))))));
Quartet score is: 21133867272849
Normalized quartet score is: 0.5082297818609643
ASTRAL finished in 3510.997 secs
