
================== ASTRAL ===================== 

This is ASTRAL version 4.10.8
Gene trees are treated as unrooted
1000 trees read from model.500.2000000.0.000001/50/estimatedgenetre.halfresolved
All outputted trees will be *arbitrarily* rooted at 421

======== Running the main analysis
Number of taxa: 501 (501 species)
Taxa: [421, 257, 189, 241, 160, 249, 497, 0, 254, 250, 70, 83, 209, 287, 190, 424, 67, 272, 481, 133, 123, 473, 380, 390, 278, 435, 137, 204, 321, 25, 395, 411, 65, 77, 187, 373, 30, 364, 353, 447, 449, 381, 210, 309, 370, 351, 105, 423, 84, 478, 167, 422, 372, 55, 26, 398, 38, 392, 471, 271, 444, 100, 431, 267, 153, 288, 141, 129, 1, 169, 43, 417, 236, 337, 33, 175, 366, 470, 432, 453, 222, 168, 9, 92, 108, 178, 4, 441, 205, 325, 403, 60, 101, 113, 59, 107, 103, 173, 29, 246, 367, 197, 116, 313, 118, 255, 202, 57, 171, 331, 456, 31, 290, 346, 303, 166, 492, 239, 479, 420, 286, 259, 192, 233, 12, 45, 237, 383, 161, 217, 273, 130, 306, 19, 68, 386, 49, 418, 430, 393, 404, 434, 341, 244, 72, 41, 324, 219, 399, 266, 296, 487, 115, 307, 195, 172, 203, 226, 360, 429, 297, 275, 214, 238, 344, 102, 176, 389, 304, 300, 109, 319, 162, 413, 298, 485, 247, 251, 436, 13, 302, 78, 500, 357, 378, 316, 462, 461, 182, 385, 158, 111, 201, 277, 147, 263, 157, 126, 40, 212, 459, 37, 117, 428, 361, 483, 280, 376, 227, 377, 475, 293, 27, 211, 163, 352, 493, 469, 48, 5, 135, 407, 465, 347, 6, 301, 489, 312, 454, 268, 82, 440, 63, 468, 491, 229, 387, 86, 248, 326, 21, 240, 374, 315, 223, 320, 79, 365, 177, 262, 75, 355, 476, 245, 333, 148, 362, 16, 258, 208, 94, 495, 291, 3, 69, 221, 336, 206, 98, 299, 270, 243, 363, 289, 2, 256, 124, 198, 338, 61, 44, 224, 458, 388, 340, 480, 457, 134, 232, 284, 234, 80, 474, 425, 265, 345, 11, 136, 396, 181, 285, 42, 466, 467, 87, 439, 482, 369, 155, 317, 281, 66, 464, 406, 334, 154, 354, 455, 402, 50, 264, 91, 409, 184, 261, 311, 165, 188, 196, 371, 477, 122, 32, 15, 486, 191, 438, 269, 450, 460, 95, 359, 442, 73, 368, 253, 294, 164, 394, 408, 152, 310, 121, 110, 24, 391, 358, 119, 382, 405, 401, 90, 228, 17, 252, 58, 496, 52, 415, 484, 448, 51, 54, 120, 194, 276, 350, 356, 183, 384, 329, 142, 7, 207, 186, 151, 106, 216, 327, 36, 397, 400, 139, 332, 235, 322, 416, 314, 213, 335, 349, 452, 62, 144, 231, 76, 156, 125, 149, 112, 89, 463, 39, 93, 375, 99, 97, 28, 56, 443, 488, 71, 445, 64, 433, 140, 494, 292, 150, 131, 260, 330, 96, 20, 451, 14, 410, 85, 143, 230, 180, 220, 339, 53, 215, 81, 282, 18, 472, 146, 34, 174, 114, 295, 35, 185, 419, 427, 225, 218, 498, 490, 132, 127, 437, 22, 279, 414, 145, 426, 193, 318, 47, 343, 10, 274, 379, 46, 170, 328, 305, 200, 199, 8, 138, 104, 179, 412, 23, 283, 446, 308, 128, 499, 74, 242, 88, 342, 159, 323, 348]
Taxon occupancy: {338=1000, 339=1000, 332=1000, 333=1000, 159=1000, 330=1000, 158=1000, 331=1000, 157=1000, 336=1000, 156=1000, 337=1000, 155=1000, 334=1000, 335=1000, 154=1000, 152=1000, 153=1000, 150=1000, 151=1000, 349=1000, 202=1000, 203=1000, 204=1000, 205=1000, 200=1000, 201=1000, 341=1000, 342=1000, 169=1000, 343=1000, 344=1000, 166=1000, 206=1000, 345=1000, 346=1000, 165=1000, 207=1000, 168=1000, 347=1000, 208=1000, 348=1000, 209=1000, 167=1000, 161=1000, 3=1000, 409=1000, 162=1000, 2=1000, 408=1000, 1=1000, 163=1000, 0=1000, 164=1000, 405=1000, 7=1000, 404=1000, 6=1000, 5=1000, 407=1000, 340=1000, 160=1000, 4=1000, 406=1000, 401=1000, 400=1000, 9=1000, 403=1000, 8=1000, 402=1000, 211=1000, 212=1000, 210=1000, 318=1000, 215=1000, 216=1000, 319=1000, 213=1000, 316=1000, 214=1000, 317=1000, 179=1000, 314=1000, 219=1000, 178=1000, 315=1000, 217=1000, 312=1000, 177=1000, 218=1000, 176=1000, 313=1000, 310=1000, 311=1000, 170=1000, 418=1000, 171=1000, 417=1000, 416=1000, 415=1000, 174=1000, 175=1000, 172=1000, 419=1000, 173=1000, 410=1000, 414=1000, 413=1000, 412=1000, 411=1000, 220=1000, 221=1000, 222=1000, 223=1000, 327=1000, 224=1000, 328=1000, 225=1000, 226=1000, 329=1000, 227=1000, 323=1000, 188=1000, 228=1000, 324=1000, 187=1000, 229=1000, 325=1000, 189=1000, 326=1000, 320=1000, 321=1000, 322=1000, 427=1000, 426=1000, 180=1000, 429=1000, 181=1000, 182=1000, 428=1000, 183=1000, 184=1000, 185=1000, 186=1000, 421=1000, 420=1000, 423=1000, 422=1000, 425=1000, 424=1000, 116=1000, 117=1000, 114=1000, 115=1000, 112=1000, 113=1000, 110=1000, 111=1000, 118=1000, 119=1000, 435=1000, 436=1000, 433=1000, 434=1000, 431=1000, 432=1000, 430=1000, 439=1000, 437=1000, 438=1000, 125=1000, 126=1000, 127=1000, 300=1000, 128=1000, 302=1000, 121=1000, 301=1000, 122=1000, 304=1000, 123=1000, 303=1000, 124=1000, 306=1000, 305=1000, 308=1000, 307=1000, 129=1000, 309=1000, 444=1000, 445=1000, 446=1000, 447=1000, 440=1000, 441=1000, 442=1000, 443=1000, 120=1000, 448=1000, 449=1000, 134=1000, 135=1000, 132=1000, 133=1000, 138=1000, 139=1000, 136=1000, 137=1000, 450=1000, 453=1000, 454=1000, 451=1000, 452=1000, 457=1000, 458=1000, 455=1000, 456=1000, 459=1000, 131=1000, 130=1000, 143=1000, 144=1000, 145=1000, 146=1000, 147=1000, 148=1000, 149=1000, 461=1000, 460=1000, 462=1000, 463=1000, 464=1000, 465=1000, 466=1000, 467=1000, 468=1000, 469=1000, 140=1000, 142=1000, 141=1000, 195=1000, 194=1000, 197=1000, 196=1000, 191=1000, 190=1000, 193=1000, 192=1000, 198=1000, 199=1000, 500=1000, 35=1000, 36=1000, 33=1000, 34=1000, 39=1000, 37=1000, 38=1000, 43=1000, 42=1000, 41=1000, 40=1000, 22=1000, 23=1000, 24=1000, 25=1000, 26=1000, 27=1000, 28=1000, 29=1000, 30=1000, 32=1000, 31=1000, 19=1000, 17=1000, 18=1000, 15=1000, 16=1000, 13=1000, 14=1000, 11=1000, 12=1000, 21=1000, 20=1000, 10=1000, 79=1000, 78=1000, 77=1000, 82=1000, 83=1000, 80=1000, 81=1000, 86=1000, 87=1000, 84=1000, 85=1000, 67=1000, 66=1000, 69=1000, 68=1000, 70=1000, 71=1000, 72=1000, 73=1000, 74=1000, 75=1000, 76=1000, 59=1000, 58=1000, 57=1000, 56=1000, 55=1000, 64=1000, 65=1000, 62=1000, 63=1000, 60=1000, 61=1000, 49=1000, 48=1000, 45=1000, 44=1000, 47=1000, 46=1000, 51=1000, 52=1000, 53=1000, 54=1000, 50=1000, 487=1000, 281=1000, 280=1000, 486=1000, 485=1000, 484=1000, 285=1000, 284=1000, 283=1000, 489=1000, 282=1000, 488=1000, 288=1000, 289=1000, 286=1000, 287=1000, 482=1000, 483=1000, 480=1000, 481=1000, 474=1000, 473=1000, 476=1000, 270=1000, 475=1000, 272=1000, 478=1000, 271=1000, 477=1000, 274=1000, 273=1000, 479=1000, 275=1000, 276=1000, 277=1000, 278=1000, 279=1000, 470=1000, 471=1000, 472=1000, 109=1000, 108=1000, 107=1000, 106=1000, 105=1000, 104=1000, 103=1000, 99=1000, 102=1000, 101=1000, 100=1000, 98=1000, 97=1000, 96=1000, 391=1000, 390=1000, 95=1000, 393=1000, 94=1000, 93=1000, 392=1000, 395=1000, 92=1000, 91=1000, 394=1000, 294=1000, 90=1000, 499=1000, 293=1000, 296=1000, 295=1000, 290=1000, 496=1000, 495=1000, 498=1000, 292=1000, 497=1000, 291=1000, 491=1000, 492=1000, 493=1000, 494=1000, 297=1000, 298=1000, 299=1000, 490=1000, 396=1000, 397=1000, 398=1000, 399=1000, 88=1000, 89=1000, 240=1000, 241=1000, 383=1000, 384=1000, 381=1000, 382=1000, 380=1000, 389=1000, 388=1000, 387=1000, 386=1000, 385=1000, 245=1000, 244=1000, 243=1000, 242=1000, 249=1000, 248=1000, 247=1000, 246=1000, 230=1000, 370=1000, 371=1000, 372=1000, 373=1000, 379=1000, 378=1000, 239=1000, 375=1000, 374=1000, 377=1000, 376=1000, 232=1000, 231=1000, 234=1000, 233=1000, 236=1000, 235=1000, 238=1000, 237=1000, 262=1000, 263=1000, 260=1000, 261=1000, 361=1000, 362=1000, 360=1000, 366=1000, 365=1000, 364=1000, 363=1000, 369=1000, 368=1000, 367=1000, 269=1000, 268=1000, 267=1000, 266=1000, 265=1000, 264=1000, 250=1000, 251=1000, 252=1000, 350=1000, 351=1000, 353=1000, 352=1000, 355=1000, 354=1000, 357=1000, 356=1000, 359=1000, 358=1000, 258=1000, 257=1000, 259=1000, 254=1000, 253=1000, 256=1000, 255=1000}
Number of gene trees: 1000
0 trees have missing taxa
Calculating quartet distance matrix (for completion of X)
Species tree distances calculated ...
Building set of clusters (X) from gene trees 
Using tree-based weight calculation.
Number of Default Clusters: 164615
Number of quartet trees in the gene trees: 2593730080272
calculating extra bipartitions to be added at level 1 ...
Number of Clusters after addition by distance: 164629
Adding to X using resolutions of greedy consensus ...
Threshold 0.0:
polytomy of size 8; rounds with additions with at least 0.01 support: 8; clusters: 164881
Threshold 0.01:
polytomy of size 12; rounds with additions with at least 0.01 support: 4; clusters: 165533
Threshold 0.02:
polytomy of size 3; rounds with additions with at least 0.01 support: 0; clusters: 165533
polytomy of size 15; rounds with additions with at least 0.01 support: 2; clusters: 166517
polytomy of size 3; rounds with additions with at least 0.01 support: 0; clusters: 166517
Threshold 0.05:
polytomy of size 3; rounds with additions with at least 0.01 support: 0; clusters: 166517
polytomy of size 3; rounds with additions with at least 0.01 support: 0; clusters: 166517
polytomy of size 23; rounds with additions with at least 0.01 support: 1; clusters: 166535
Threshold 0.1:
polytomy of size 3; rounds with additions with at least 0.01 support: 0; clusters: 166535
polytomy of size 5; rounds with additions with at least 0.01 support: 0; clusters: 166535
polytomy of size 4; rounds with additions with at least 0.01 support: 0; clusters: 166535
polytomy of size 35; rounds with additions with at least 0.01 support: 0; clusters: 166591
Threshold 0.2:
polytomy of size 3; rounds with additions with at least 0.01 support: 0; clusters: 166591
polytomy of size 3; rounds with additions with at least 0.01 support: 0; clusters: 166591
polytomy of size 3; rounds with additions with at least 0.01 support: 0; clusters: 166591
polytomy of size 4; rounds with additions with at least 0.01 support: 0; clusters: 166591
polytomy of size 3; rounds with additions with at least 0.01 support: 0; clusters: 166591
polytomy of size 3; rounds with additions with at least 0.01 support: 0; clusters: 166591
polytomy of size 3; rounds with additions with at least 0.01 support: 0; clusters: 166591
polytomy of size 3; rounds with additions with at least 0.01 support: 0; clusters: 166591
polytomy of size 5; rounds with additions with at least 0.01 support: 0; clusters: 166591
polytomy of size 5; rounds with additions with at least 0.01 support: 0; clusters: 166591
polytomy of size 5; rounds with additions with at least 0.01 support: 0; clusters: 166591
polytomy of size 58; rounds with additions with at least 0.01 support: 0; clusters: 166617
Threshold 0.3333333333333333:
polytomy of size 3; rounds with additions with at least 0.01 support: 0; clusters: 166617
polytomy of size 3; rounds with additions with at least 0.01 support: 0; clusters: 166617
polytomy of size 5; rounds with additions with at least 0.01 support: 0; clusters: 166617
polytomy of size 3; rounds with additions with at least 0.01 support: 0; clusters: 166617
polytomy of size 3; rounds with additions with at least 0.01 support: 0; clusters: 166617
polytomy of size 3; rounds with additions with at least 0.01 support: 0; clusters: 166617
polytomy of size 5; rounds with additions with at least 0.01 support: 0; clusters: 166617
polytomy of size 3; rounds with additions with at least 0.01 support: 0; clusters: 166617
polytomy of size 3; rounds with additions with at least 0.01 support: 0; clusters: 166617
polytomy of size 3; rounds with additions with at least 0.01 support: 0; clusters: 166617
polytomy of size 3; rounds with additions with at least 0.01 support: 0; clusters: 166617
polytomy of size 3; rounds with additions with at least 0.01 support: 0; clusters: 166617
polytomy of size 4; rounds with additions with at least 0.01 support: 0; clusters: 166617
polytomy of size 5; rounds with additions with at least 0.01 support: 0; clusters: 166617
polytomy of size 4; rounds with additions with at least 0.01 support: 0; clusters: 166617
polytomy of size 3; rounds with additions with at least 0.01 support: 0; clusters: 166617
polytomy of size 3; rounds with additions with at least 0.01 support: 0; clusters: 166617
polytomy of size 3; rounds with additions with at least 0.01 support: 0; clusters: 166617
polytomy of size 3; rounds with additions with at least 0.01 support: 0; clusters: 166617
polytomy of size 3; rounds with additions with at least 0.01 support: 0; clusters: 166617
polytomy of size 3; rounds with additions with at least 0.01 support: 0; clusters: 166617
polytomy of size 4; rounds with additions with at least 0.01 support: 0; clusters: 166617
polytomy of size 4; rounds with additions with at least 0.01 support: 0; clusters: 166617
polytomy of size 5; rounds with additions with at least 0.01 support: 0; clusters: 166617
polytomy of size 6; rounds with additions with at least 0.01 support: 0; clusters: 166617
polytomy of size 4; rounds with additions with at least 0.01 support: 0; clusters: 166617
polytomy of size 3; rounds with additions with at least 0.01 support: 0; clusters: 166617
polytomy of size 4; rounds with additions with at least 0.01 support: 0; clusters: 166617
polytomy of size 3; rounds with additions with at least 0.01 support: 0; clusters: 166617
polytomy of size 3; rounds with additions with at least 0.01 support: 0; clusters: 166617
polytomy of size 4; rounds with additions with at least 0.01 support: 0; clusters: 166617
polytomy of size 3; rounds with additions with at least 0.01 support: 0; clusters: 166617
polytomy of size 4; rounds with additions with at least 0.01 support: 0; clusters: 166617
polytomy of size 3; rounds with additions with at least 0.01 support: 0; clusters: 166617
polytomy of size 5; rounds with additions with at least 0.01 support: 0; clusters: 166617
polytomy of size 83; rounds with additions with at least 0.01 support: 0; clusters: 218131
polytomy of size 4; rounds with additions with at least 0.01 support: 0; clusters: 218131
Number of Clusters after addition by greedy: 218131
partitions formed in 222.872 secs
Dynamic Programming starting after 222.872 secs
Size of largest cluster: 501
Size of largest cluster: 501
Calculated 100000 weights; time (seconds): 286
Calculated 200000 weights; time (seconds): 60
Calculated 300000 weights; time (seconds): 63
Total Number of elements weighted: 564593
Normalized score (portion of input quartet trees satisfied): NaN
Final optimization score: 0
Calculated 400000 weights; time (seconds): 61
Calculated 500000 weights; time (seconds): 80
Total Number of elements weighted: 564593
Normalized score (portion of input quartet trees satisfied): 0.5523842482266896
Final optimization score: 1432735640494
Optimal tree inferred in 636.177 secs.
(421,(241,((257,189),((132,127),((((160,(249,497)),((337,(417,(43,236))),((185,(419,427)),((498,490),(225,218))))),((437,((146,(114,((34,174),(295,35)))),(415,((279,(145,(22,414))),(318,((343,(10,274)),(426,(193,47)))))))),(((339,53),(215,(81,(282,(18,472))))),((330,(131,260)),((180,(230,220)),((96,20),((14,410),(451,(85,143))))))))),(((((122,283),(15,(486,(32,191)))),((269,(438,450)),(460,(73,(95,(359,442)))))),(((408,152),(368,(253,294))),((464,(196,(371,477))),((164,394),(406,((409,(354,455)),(334,((402,91),(50,(154,264)))))))))),((((304,(30,364)),(142,(7,((207,186),(151,(106,(216,327))))))),((((288,(141,129)),(49,(1,(169,(((290,346),(202,31)),(57,(171,(331,456)))))))),(100,((197,(116,313)),(92,((255,(178,((246,367),(118,(108,(4,441)))))),(((173,29),(205,325)),((107,103),((101,113),(59,(403,60)))))))))),((((25,395),((411,65),(77,(187,373)))),((9,23),((366,168),(222,(470,(432,453)))))),(((412,(423,(478,(84,167)))),((351,105),(370,((449,309),(381,210))))),(((353,447),(431,(267,153))),((33,175),((471,(392,271)),((55,(26,398)),(38,(444,(422,372))))))))))),(((((119,((391,358),((401,90),(382,405)))),((228,(17,252)),(310,(24,(121,110))))),((184,(261,(188,(311,165)))),((428,361),((483,((280,376),(227,377))),(117,((40,212),(126,(459,37)))))))),((0,293),(((333,148),(((201,277),(147,(263,157))),((208,(258,(362,16))),((158,111),(461,(182,385)))))),((436,(247,(485,251))),((298,(413,462)),((300,(109,(319,162))),((357,378),(316,(302,(13,(78,500))))))))))),((((58,(496,52)),(((484,54),(448,51)),(120,(350,(194,276))))),((418,((19,(68,386)),((214,238),(389,(176,(344,102)))))),(((245,((115,307),(195,(172,(203,((429,297),(226,360))))))),((291,(495,3)),((206,(336,(69,221))),((98,289),(363,(299,(270,243))))))),(((430,(72,((244,475),(341,(393,(404,434)))))),((41,324),((275,(296,487)),((399,266),(303,219))))),((306,((273,130),(161,(383,217)))),(((239,(492,479)),(166,(12,45))),((233,237),(192,(286,(420,259)))))))))),(((332,((139,(36,(397,400))),((235,322),((349,452),(416,(314,(213,335))))))),((((8,138),(379,((66,(200,199)),(305,(328,(46,170)))))),((104,179),(446,(128,(348,((308,323),(499,((242,88),(74,(342,159)))))))))),(((384,329),(356,(396,183))),(((76,(144,(62,231))),(156,(149,(125,112)))),((93,(39,((89,463),(140,(494,(292,150)))))),((99,97),(375,((28,(488,71)),(56,(445,(64,(443,433)))))))))))),(((70,((83,424),(209,(287,190)))),((67,(481,(272,(380,(473,(133,123)))))),((250,(254,(204,321))),((390,137),(278,435))))),(476,(((94,(181,285)),(281,((369,(155,317)),((439,482),(42,(87,(466,467))))))),((27,((474,((11,136),(345,(425,265)))),(((2,256),(124,198)),((234,(284,(80,(134,232)))),(44,(61,((338,(224,458)),(457,(480,(388,340)))))))))),(211,((((407,(465,347)),(6,(301,(489,(312,454))))),((86,248),(440,((268,82),((63,468),(229,(491,387))))))),((163,((493,(5,135)),(352,(469,48)))),((326,((21,240),(315,(374,223)))),((320,355),((262,75),(177,(79,365))))))))))))))))))))));
Quartet score is: 1432735640494
Normalized quartet score is: 0.5523842482266896
ASTRAL finished in 684.399 secs
