
================== ASTRAL ===================== 

This is ASTRAL version 4.10.8
Gene trees are treated as unrooted
1000 trees read from model.200.2000000.0.000001/34/estimatedgenetre.halfresolved
All outputted trees will be *arbitrarily* rooted at 148

======== Running the main analysis
Number of taxa: 201 (201 species)
Taxa: [148, 83, 38, 194, 49, 179, 108, 180, 24, 168, 164, 69, 14, 62, 171, 12, 6, 112, 103, 39, 41, 79, 64, 198, 200, 2, 35, 123, 116, 107, 184, 94, 51, 163, 153, 114, 75, 128, 34, 17, 176, 33, 22, 76, 195, 47, 119, 15, 57, 154, 126, 134, 145, 167, 56, 91, 40, 151, 21, 122, 50, 96, 147, 65, 132, 152, 172, 155, 95, 187, 71, 16, 118, 100, 158, 55, 31, 11, 105, 72, 28, 25, 183, 7, 8, 58, 66, 26, 182, 135, 46, 18, 29, 89, 106, 143, 54, 150, 117, 144, 44, 80, 9, 63, 67, 93, 30, 20, 87, 53, 19, 177, 77, 0, 185, 161, 45, 131, 181, 101, 90, 136, 61, 99, 42, 113, 190, 193, 142, 4, 109, 178, 27, 78, 141, 127, 10, 36, 115, 86, 32, 130, 188, 138, 166, 197, 102, 84, 3, 60, 186, 160, 137, 124, 74, 159, 37, 81, 149, 125, 23, 1, 189, 129, 196, 175, 140, 162, 111, 156, 173, 92, 82, 133, 98, 5, 146, 165, 139, 70, 68, 43, 104, 121, 85, 157, 110, 48, 59, 73, 120, 169, 97, 170, 174, 13, 88, 199, 192, 52, 191]
Taxon occupancy: {35=1000, 36=1000, 33=1000, 159=1000, 158=1000, 34=1000, 39=1000, 157=1000, 156=1000, 155=1000, 37=1000, 154=1000, 38=1000, 152=1000, 153=1000, 150=1000, 151=1000, 43=1000, 42=1000, 41=1000, 40=1000, 200=1000, 22=1000, 23=1000, 169=1000, 24=1000, 25=1000, 26=1000, 166=1000, 27=1000, 165=1000, 28=1000, 168=1000, 29=1000, 167=1000, 161=1000, 3=1000, 2=1000, 162=1000, 163=1000, 1=1000, 164=1000, 0=1000, 7=1000, 30=1000, 6=1000, 32=1000, 5=1000, 31=1000, 4=1000, 160=1000, 9=1000, 8=1000, 19=1000, 179=1000, 17=1000, 18=1000, 178=1000, 15=1000, 177=1000, 16=1000, 176=1000, 13=1000, 14=1000, 11=1000, 12=1000, 170=1000, 21=1000, 171=1000, 20=1000, 174=1000, 175=1000, 172=1000, 173=1000, 188=1000, 187=1000, 189=1000, 180=1000, 181=1000, 10=1000, 182=1000, 183=1000, 184=1000, 185=1000, 186=1000, 116=1000, 79=1000, 117=1000, 114=1000, 78=1000, 77=1000, 115=1000, 112=1000, 113=1000, 110=1000, 111=1000, 118=1000, 119=1000, 82=1000, 83=1000, 80=1000, 81=1000, 86=1000, 87=1000, 84=1000, 85=1000, 67=1000, 125=1000, 66=1000, 126=1000, 69=1000, 127=1000, 128=1000, 68=1000, 121=1000, 122=1000, 123=1000, 124=1000, 129=1000, 70=1000, 71=1000, 120=1000, 72=1000, 73=1000, 74=1000, 75=1000, 76=1000, 134=1000, 135=1000, 132=1000, 133=1000, 59=1000, 58=1000, 138=1000, 57=1000, 139=1000, 56=1000, 136=1000, 55=1000, 137=1000, 64=1000, 65=1000, 62=1000, 63=1000, 131=1000, 60=1000, 61=1000, 130=1000, 143=1000, 49=1000, 144=1000, 48=1000, 145=1000, 146=1000, 147=1000, 45=1000, 148=1000, 44=1000, 47=1000, 149=1000, 46=1000, 51=1000, 52=1000, 53=1000, 54=1000, 140=1000, 142=1000, 50=1000, 141=1000, 109=1000, 108=1000, 107=1000, 106=1000, 105=1000, 104=1000, 103=1000, 99=1000, 102=1000, 101=1000, 100=1000, 98=1000, 97=1000, 96=1000, 95=1000, 94=1000, 93=1000, 92=1000, 91=1000, 90=1000, 88=1000, 89=1000, 195=1000, 194=1000, 197=1000, 196=1000, 191=1000, 190=1000, 193=1000, 192=1000, 198=1000, 199=1000}
Number of gene trees: 1000
0 trees have missing taxa
Calculating quartet distance matrix (for completion of X)
Species tree distances calculated ...
Building set of clusters (X) from gene trees 
Using tree-based weight calculation.
Number of Default Clusters: 83179
Number of quartet trees in the gene trees: 65996162421
calculating extra bipartitions to be added at level 1 ...
Number of Clusters after addition by distance: 83181
Adding to X using resolutions of greedy consensus ...
Threshold 0.0:
Threshold 0.01:
polytomy of size 5; rounds with additions with at least 0.01 support: 2; clusters: 83193
Threshold 0.02:
polytomy of size 7; rounds with additions with at least 0.01 support: 1; clusters: 83207
Threshold 0.05:
polytomy of size 3; rounds with additions with at least 0.01 support: 0; clusters: 83207
polytomy of size 10; rounds with additions with at least 0.01 support: 0; clusters: 83207
Threshold 0.1:
polytomy of size 3; rounds with additions with at least 0.01 support: 0; clusters: 83207
polytomy of size 4; rounds with additions with at least 0.01 support: 0; clusters: 83207
polytomy of size 20; rounds with additions with at least 0.01 support: 0; clusters: 83207
Threshold 0.2:
polytomy of size 3; rounds with additions with at least 0.01 support: 0; clusters: 83207
polytomy of size 5; rounds with additions with at least 0.01 support: 0; clusters: 83207
polytomy of size 3; rounds with additions with at least 0.01 support: 0; clusters: 83207
polytomy of size 7; rounds with additions with at least 0.01 support: 0; clusters: 83207
polytomy of size 3; rounds with additions with at least 0.01 support: 0; clusters: 83207
polytomy of size 24; rounds with additions with at least 0.01 support: 0; clusters: 83207
Threshold 0.3333333333333333:
polytomy of size 3; rounds with additions with at least 0.01 support: 0; clusters: 83207
polytomy of size 3; rounds with additions with at least 0.01 support: 0; clusters: 83207
polytomy of size 3; rounds with additions with at least 0.01 support: 0; clusters: 83207
polytomy of size 3; rounds with additions with at least 0.01 support: 0; clusters: 83207
polytomy of size 3; rounds with additions with at least 0.01 support: 0; clusters: 83207
polytomy of size 4; rounds with additions with at least 0.01 support: 0; clusters: 83207
polytomy of size 3; rounds with additions with at least 0.01 support: 0; clusters: 83207
polytomy of size 3; rounds with additions with at least 0.01 support: 0; clusters: 83207
polytomy of size 6; rounds with additions with at least 0.01 support: 0; clusters: 83207
polytomy of size 3; rounds with additions with at least 0.01 support: 0; clusters: 83207
polytomy of size 7; rounds with additions with at least 0.01 support: 0; clusters: 83207
polytomy of size 4; rounds with additions with at least 0.01 support: 0; clusters: 83207
polytomy of size 3; rounds with additions with at least 0.01 support: 0; clusters: 83207
polytomy of size 3; rounds with additions with at least 0.01 support: 0; clusters: 83207
polytomy of size 3; rounds with additions with at least 0.01 support: 0; clusters: 83207
polytomy of size 7; rounds with additions with at least 0.01 support: 0; clusters: 83215
polytomy of size 38; rounds with additions with at least 0.01 support: 0; clusters: 86621
polytomy of size 3; rounds with additions with at least 0.01 support: 0; clusters: 86621
polytomy of size 3; rounds with additions with at least 0.01 support: 0; clusters: 86621
Number of Clusters after addition by greedy: 86621
partitions formed in 41.385 secs
Dynamic Programming starting after 41.385 secs
Size of largest cluster: 201
Size of largest cluster: 201
Calculated 100000 weights; time (seconds): 64
Total Number of elements weighted: 290560
Normalized score (portion of input quartet trees satisfied): NaN
Final optimization score: 0
Calculated 200000 weights; time (seconds): 21
Total Number of elements weighted: 290560
Normalized score (portion of input quartet trees satisfied): 0.6426737429584822
Final optimization score: 42414000724
Optimal tree inferred in 122.815 secs.
(148,(83,((65,52),(((169,174),((161,45),(101,(131,181)))),(44,((((71,28),((182,(25,183)),((8,(58,(66,26))),(89,(7,(18,(135,46))))))),((((102,84),(3,(60,186))),((160,137),((124,(74,159)),((188,(138,(166,197))),((127,10),((86,32),(130,(36,115)))))))),(((38,(120,170)),((151,50),(96,(21,122)))),(((78,141),(109,(178,27))),((37,81),((23,1),(147,(149,(125,189))))))))),((150,117),(((16,((132,29),(187,(155,95)))),((152,172),((105,72),((118,11),(100,(55,(158,31))))))),(((19,(30,((177,77),(20,(87,53))))),(97,((106,(93,(67,(80,(9,63))))),((13,(199,(88,192))),(191,((143,54),((121,(85,157)),((48,59),(104,110))))))))),((64,(198,200)),((((42,(185,4)),((193,142),(113,190))),((99,(61,(90,136))),((144,129),((194,49),(108,((168,(62,171)),((12,(179,180)),(24,(164,(69,14)))))))))),(((0,((6,73),((41,79),(39,(112,103))))),(196,(140,((139,(43,(70,68))),(156,(((5,146),(165,(133,98))),(111,((175,162),(173,(92,82)))))))))),((((35,(2,184)),(123,(116,107))),((56,(91,40)),((145,167),(154,(126,134))))),(((22,76),((176,33),(17,(34,195)))),((119,(47,(15,57))),((153,114),((51,163),(128,(94,75)))))))))))))))))));
Quartet score is: 42414000724
Normalized quartet score is: 0.6426737429584822
ASTRAL finished in 132.605 secs
