
================== ASTRAL ===================== 

This is ASTRAL version 4.10.7
Gene trees are treated as unrooted
1000 trees read from ASTRALDATA/model.100.2000000.0.000001/07/estimatedgenetre.halfresolved
All output trees will be *arbitrarily* rooted at 58

======== Running the main analysis
Number of taxa: 101 (101 species)
Taxa: [58, 13, 4, 11, 53, 5, 30, 27, 32, 41, 60, 34, 74, 17, 99, 61, 36, 49, 25, 20, 83, 84, 48, 95, 86, 94, 40, 19, 26, 10, 15, 16, 18, 42, 35, 89, 46, 77, 45, 54, 8, 55, 1, 3, 93, 68, 50, 7, 80, 12, 38, 6, 56, 63, 43, 44, 24, 65, 96, 37, 64, 97, 76, 59, 69, 9, 81, 57, 39, 98, 2, 31, 92, 71, 33, 72, 14, 62, 82, 91, 79, 70, 90, 100, 52, 0, 85, 78, 22, 67, 88, 75, 47, 21, 87, 23, 28, 51, 66, 29, 73]
Number of gene trees: 1000
0 trees have missing taxa
Calculating quartet distance matrix (for completion of X)
Species tree distances calculated ...
Building set of clusters (X) from gene trees 
Using tree-based weight calculation.
Number of Default Clusters: 14131
Number of quartet trees in the gene trees: 4082925000
calculating extra bipartitions to be added at level 1 ...
Number of Clusters after addition by distance: 14131
Adding to X using resolutions of greedy consensus ...
Threshold 0.0:
Threshold 0.01:
Threshold 0.02:
Threshold 0.05:
Threshold 0.1:
Threshold 0.2:
polytomy of size 4; rounds with additions with at least 0.01 support: 0; clusters: 14131
polytomy of size 3; rounds with additions with at least 0.01 support: 0; clusters: 14131
polytomy of size 3; rounds with additions with at least 0.01 support: 0; clusters: 14131
Threshold 0.3333333333333333:
polytomy of size 3; rounds with additions with at least 0.01 support: 0; clusters: 14131
polytomy of size 5; rounds with additions with at least 0.01 support: 0; clusters: 14131
polytomy of size 3; rounds with additions with at least 0.01 support: 0; clusters: 14131
polytomy of size 4; rounds with additions with at least 0.01 support: 0; clusters: 14131
polytomy of size 4; rounds with additions with at least 0.01 support: 0; clusters: 14131
polytomy of size 3; rounds with additions with at least 0.01 support: 0; clusters: 14131
polytomy of size 4; rounds with additions with at least 0.01 support: 0; clusters: 14131
polytomy of size 4; rounds with additions with at least 0.01 support: 0; clusters: 14131
polytomy of size 4; rounds with additions with at least 0.01 support: 0; clusters: 14131
polytomy of size 4; rounds with additions with at least 0.01 support: 0; clusters: 14131
polytomy of size 3; rounds with additions with at least 0.01 support: 0; clusters: 14131
Number of Clusters after addition by greedy: 14131
partitions formed in 6.011 secs
Dynamic Programming starting after 6.011 secs
Size of largest cluster: 101
Total Number of elements weighted: 75617
Normalized score (portion of input quartet trees satisfied): 0.8562044504858649
Final optimization score: 3495818556
Optimal tree inferred in 293.139 secs.
(87,((47,21),(((85,78),((88,75),(22,67))),(23,((((79,70),(90,(100,52))),((33,72),((82,91),(62,(71,14))))),(((97,(76,(59,69))),(64,((9,(98,2)),((31,92),(81,(57,39)))))),((0,(66,((29,73),(28,51)))),(((10,15),(((63,43),(16,56)),(18,((7,(80,(12,(38,6)))),((93,(68,50)),(((46,1),(55,3)),((89,8),((77,54),(35,(42,45)))))))))),((40,(19,26)),(((65,(96,37)),((17,99),(44,(74,24)))),((86,94),((32,(27,(41,60))),((84,(83,(48,95))),((58,(13,4)),((53,(5,30)),(34,(11,((36,20),(25,(61,49))))))))))))))))))));
Quartet score is: 3495818556
Normalized quartet score is: 0.8562044504858649
ASTRAL finished in 295.665 secs
