
================== ASTRAL ===================== 

This is ASTRAL version 4.10.7
Gene trees are treated as unrooted
977 trees read from ASTRALDATA/model.50.2000000.0.000001/05/estimatedgenetre.halfresolved
All output trees will be *arbitrarily* rooted at 25

======== Running the main analysis
Number of taxa: 51 (51 species)
Taxa: [25, 13, 26, 16, 23, 20, 9, 18, 0, 2, 4, 11, 42, 31, 35, 50, 12, 47, 5, 39, 24, 32, 17, 19, 37, 6, 40, 34, 43, 33, 27, 36, 44, 8, 22, 30, 48, 49, 7, 46, 3, 1, 28, 10, 38, 41, 15, 14, 29, 45, 21]
Number of gene trees: 977
0 trees have missing taxa
Calculating quartet distance matrix (for completion of X)
Species tree distances calculated ...
Building set of clusters (X) from gene trees 
Using tree-based weight calculation.
Number of Default Clusters: 6281
Number of quartet trees in the gene trees: 244031628
calculating extra bipartitions to be added at level 1 ...
Number of Clusters after addition by distance: 6281
Adding to X using resolutions of greedy consensus ...
Threshold 0.0:
Threshold 0.01:
Threshold 0.02:
Threshold 0.05:
Threshold 0.1:
Threshold 0.2:
polytomy of size 5; rounds with additions with at least 0.01 support: 0; clusters: 6281
polytomy of size 3; rounds with additions with at least 0.01 support: 0; clusters: 6281
Threshold 0.3333333333333333:
polytomy of size 3; rounds with additions with at least 0.01 support: 0; clusters: 6281
polytomy of size 3; rounds with additions with at least 0.01 support: 0; clusters: 6281
polytomy of size 5; rounds with additions with at least 0.01 support: 0; clusters: 6281
polytomy of size 3; rounds with additions with at least 0.01 support: 0; clusters: 6281
polytomy of size 3; rounds with additions with at least 0.01 support: 0; clusters: 6281
polytomy of size 3; rounds with additions with at least 0.01 support: 0; clusters: 6281
Number of Clusters after addition by greedy: 6281
partitions formed in 3.02 secs
Dynamic Programming starting after 3.021 secs
Size of largest cluster: 51
Total Number of elements weighted: 28339
Normalized score (portion of input quartet trees satisfied): 0.8273060818165751
Final optimization score: 201888850
Optimal tree inferred in 58.88 secs.
(0,(((6,40),(24,((19,37),(32,17)))),((((18,(20,9)),(26,(16,23))),(2,(4,(((11,42),(31,35)),((50,12),(47,(5,39))))))),((34,43),((33,(44,(27,36))),((45,(25,13)),((8,22),(21,((30,(48,(49,7))),((14,29),((15,(10,38)),((28,41),(46,(3,1))))))))))))));
Quartet score is: 201888850
Normalized quartet score is: 0.8273060818165751
ASTRAL finished in 59.919 secs
