
================== ASTRAL ===================== 

This is ASTRAL version 4.10.7
Gene trees are treated as unrooted
1000 trees read from ASTRALDATA/model.50.2000000.0.000001/01/estimatedgenetre.halfresolved
All output trees will be *arbitrarily* rooted at 41

======== Running the main analysis
Number of taxa: 51 (51 species)
Taxa: [41, 39, 50, 18, 25, 20, 15, 1, 47, 32, 7, 26, 28, 31, 13, 2, 14, 10, 34, 12, 9, 3, 30, 37, 33, 5, 49, 11, 16, 6, 43, 4, 35, 17, 48, 40, 22, 36, 38, 42, 46, 8, 0, 45, 21, 19, 29, 23, 44, 24, 27]
Number of gene trees: 1000
0 trees have missing taxa
Calculating quartet distance matrix (for completion of X)
Species tree distances calculated ...
Building set of clusters (X) from gene trees 
Using tree-based weight calculation.
Number of Default Clusters: 4899
Number of quartet trees in the gene trees: 249899952
calculating extra bipartitions to be added at level 1 ...
Number of Clusters after addition by distance: 4899
Adding to X using resolutions of greedy consensus ...
Threshold 0.0:
Threshold 0.01:
Threshold 0.02:
Threshold 0.05:
Threshold 0.1:
Threshold 0.2:
polytomy of size 4; rounds with additions with at least 0.01 support: 0; clusters: 4899
Threshold 0.3333333333333333:
polytomy of size 3; rounds with additions with at least 0.01 support: 0; clusters: 4899
polytomy of size 3; rounds with additions with at least 0.01 support: 0; clusters: 4899
polytomy of size 5; rounds with additions with at least 0.01 support: 0; clusters: 4899
polytomy of size 3; rounds with additions with at least 0.01 support: 0; clusters: 4899
Number of Clusters after addition by greedy: 4899
partitions formed in 2.471 secs
Dynamic Programming starting after 2.472 secs
Size of largest cluster: 51
Total Number of elements weighted: 20397
Normalized score (portion of input quartet trees satisfied): 0.8557275273106095
Final optimization score: 213846268
Optimal tree inferred in 43.638 secs.
(47,((7,26),(32,((25,20),((39,(50,18)),(41,(((15,1),((24,27),(29,((23,44),(19,(45,21)))))),(((28,31),(13,2)),(0,((46,8),(((38,(42,(22,36))),((48,40),(4,(35,17)))),((49,(11,(16,(6,43)))),(14,((33,5),((30,37),(10,(12,(34,(9,3)))))))))))))))))));
Quartet score is: 213846268
Normalized quartet score is: 0.8557275273106095
ASTRAL finished in 44.707 secs
