
================== ASTRAL ===================== 

This is ASTRAL version 4.10.8
Gene trees are treated as unrooted
1000 trees read from ASTRALDATA/model.1000.2000000.0.000001/17/estimatedgenetre.halfresolved
All outputted trees will be *arbitrarily* rooted at 691

======== Running the main analysis
Number of taxa: 1001 (1001 species)
Taxa: [691, 895, 459, 611, 825, 840, 149, 569, 772, 102, 239, 554, 634, 472, 398, 600, 563, 143, 607, 561, 210, 803, 522, 986, 395, 981, 291, 866, 861, 363, 730, 404, 426, 727, 51, 56, 577, 848, 614, 671, 616, 396, 278, 749, 989, 690, 451, 52, 478, 939, 882, 298, 284, 540, 140, 75, 446, 131, 859, 293, 206, 523, 106, 6, 97, 755, 783, 243, 353, 27, 69, 186, 991, 44, 648, 355, 112, 224, 711, 630, 160, 515, 372, 250, 676, 701, 218, 666, 729, 800, 22, 378, 734, 617, 116, 510, 339, 703, 347, 601, 964, 979, 553, 13, 33, 534, 130, 445, 282, 295, 641, 399, 507, 258, 593, 54, 270, 797, 597, 960, 615, 23, 63, 983, 271, 162, 274, 49, 542, 732, 2, 751, 568, 150, 460, 147, 533, 324, 61, 455, 144, 623, 359, 720, 503, 596, 486, 458, 304, 10, 408, 904, 765, 365, 466, 512, 791, 969, 364, 868, 405, 773, 128, 784, 599, 437, 42, 134, 619, 884, 87, 880, 115, 874, 182, 777, 488, 385, 452, 92, 464, 891, 635, 29, 391, 528, 340, 977, 361, 747, 300, 448, 73, 602, 846, 113, 388, 35, 412, 495, 171, 443, 475, 77, 847, 785, 865, 3, 669, 277, 871, 984, 937, 662, 598, 453, 584, 525, 712, 590, 578, 926, 40, 55, 223, 735, 216, 302, 721, 621, 236, 834, 176, 316, 326, 728, 427, 100, 822, 430, 370, 95, 307, 897, 838, 903, 267, 959, 403, 90, 469, 480, 305, 463, 141, 673, 651, 402, 933, 805, 509, 71, 689, 778, 695, 306, 620, 514, 582, 230, 170, 152, 122, 492, 80, 555, 576, 833, 497, 713, 484, 776, 288, 501, 334, 101, 934, 233, 667, 245, 146, 906, 341, 376, 957, 876, 844, 516, 763, 375, 382, 390, 14, 257, 697, 842, 743, 490, 930, 618, 952, 656, 992, 240, 454, 329, 629, 78, 909, 684, 672, 813, 433, 899, 74, 788, 476, 89, 724, 581, 548, 526, 30, 318, 716, 500, 269, 564, 950, 126, 285, 892, 158, 885, 76, 760, 333, 506, 520, 103, 424, 967, 392, 552, 997, 821, 698, 222, 436, 260, 357, 386, 731, 938, 572, 929, 875, 869, 550, 968, 881, 914, 682, 310, 85, 322, 626, 987, 766, 498, 660, 462, 325, 649, 82, 898, 820, 980, 702, 20, 850, 918, 261, 642, 888, 925, 203, 750, 18, 309, 810, 603, 420, 180, 335, 608, 823, 263, 851, 845, 996, 50, 379, 259, 7, 946, 537, 226, 125, 873, 836, 565, 178, 328, 557, 431, 414, 314, 633, 524, 422, 857, 123, 441, 927, 589, 637, 421, 970, 119, 872, 961, 759, 440, 104, 990, 287, 410, 352, 96, 308, 650, 527, 344, 266, 685, 299, 505, 481, 272, 502, 444, 187, 544, 664, 286, 165, 164, 700, 53, 471, 264, 174, 91, 886, 826, 741, 790, 321, 767, 905, 718, 457, 313, 135, 292, 330, 161, 707, 901, 1000, 485, 917, 580, 928, 677, 179, 588, 136, 867, 704, 806, 231, 567, 923, 948, 468, 798, 114, 351, 829, 58, 168, 120, 921, 694, 853, 587, 281, 748, 183, 212, 628, 625, 900, 228, 521, 4, 262, 255, 99, 366, 238, 193, 714, 214, 204, 636, 675, 543, 680, 839, 247, 907, 916, 799, 815, 111, 789, 166, 802, 360, 461, 163, 652, 72, 935, 5, 145, 323, 762, 43, 908, 978, 570, 467, 919, 349, 338, 67, 482, 413, 276, 64, 835, 41, 435, 849, 915, 705, 779, 699, 726, 188, 220, 670, 795, 792, 658, 411, 242, 655, 913, 893, 988, 955, 723, 985, 613, 8, 864, 932, 98, 93, 24, 320, 513, 46, 733, 202, 530, 45, 998, 16, 517, 496, 745, 25, 757, 489, 831, 343, 289, 177, 536, 315, 303, 862, 279, 219, 31, 423, 15, 566, 66, 824, 659, 758, 706, 244, 39, 227, 86, 742, 429, 974, 337, 235, 473, 21, 560, 121, 169, 856, 200, 644, 211, 28, 367, 280, 643, 535, 545, 532, 225, 108, 819, 417, 38, 317, 761, 377, 837, 782, 841, 870, 65, 192, 354, 931, 442, 692, 142, 653, 195, 342, 775, 736, 491, 290, 975, 924, 215, 746, 632, 117, 993, 719, 153, 265, 947, 830, 958, 781, 793, 686, 248, 387, 809, 401, 59, 756, 217, 740, 804, 175, 579, 538, 197, 406, 389, 879, 594, 358, 674, 627, 573, 191, 631, 855, 434, 19, 940, 447, 585, 336, 109, 273, 34, 606, 966, 190, 36, 107, 738, 369, 1, 574, 591, 665, 456, 185, 221, 428, 37, 995, 105, 450, 17, 828, 640, 493, 57, 83, 254, 48, 717, 654, 739, 201, 994, 902, 612, 205, 605, 157, 209, 237, 571, 549, 518, 256, 878, 132, 754, 737, 529, 942, 208, 546, 0, 311, 786, 956, 638, 327, 494, 356, 539, 432, 922, 181, 350, 397, 415, 744, 159, 519, 575, 110, 696, 663, 381, 843, 127, 547, 438, 487, 207, 155, 470, 982, 416, 551, 971, 681, 384, 688, 693, 679, 252, 854, 345, 683, 586, 184, 253, 474, 196, 801, 79, 887, 774, 154, 780, 910, 936, 312, 852, 301, 232, 999, 583, 148, 346, 499, 409, 368, 419, 610, 439, 812, 294, 477, 559, 374, 877, 945, 794, 556, 883, 753, 541, 752, 511, 592, 962, 764, 118, 47, 949, 449, 400, 863, 199, 715, 609, 687, 722, 604, 965, 531, 832, 811, 953, 393, 657, 708, 11, 331, 639, 283, 624, 771, 137, 156, 251, 622, 562, 138, 645, 976, 26, 595, 319, 972, 129, 769, 890, 558, 70, 241, 296, 194, 709, 362, 816, 860, 668, 297, 234, 88, 213, 9, 373, 770, 383, 814, 84, 483, 348, 133, 678, 954, 249, 139, 889, 943, 332, 911, 465, 817, 896, 172, 60, 920, 725, 275, 407, 94, 504, 380, 858, 198, 62, 963, 124, 167, 173, 787, 768, 941, 246, 229, 647, 912, 808, 189, 796, 807, 394, 151, 973, 661, 818, 81, 646, 32, 12, 508, 418, 268, 425, 827, 944, 371, 479, 68, 951, 894, 710]
Taxon occupancy: {338=1000, 339=1000, 941=1000, 942=1000, 940=1000, 332=1000, 945=1000, 333=1000, 946=1000, 943=1000, 330=1000, 944=1000, 331=1000, 949=1000, 336=1000, 337=1000, 334=1000, 947=1000, 335=1000, 948=1000, 531=1000, 748=1000, 747=1000, 530=1000, 746=1000, 745=1000, 535=1000, 534=1000, 533=1000, 749=1000, 532=1000, 539=1000, 740=1000, 538=1000, 537=1000, 536=1000, 744=1000, 743=1000, 742=1000, 741=1000, 349=1000, 930=1000, 931=1000, 341=1000, 932=1000, 933=1000, 342=1000, 934=1000, 343=1000, 344=1000, 935=1000, 936=1000, 345=1000, 346=1000, 937=1000, 938=1000, 347=1000, 348=1000, 939=1000, 735=1000, 3=1000, 540=1000, 929=1000, 734=1000, 2=1000, 737=1000, 542=1000, 1=1000, 541=1000, 0=1000, 736=1000, 739=1000, 7=1000, 544=1000, 6=1000, 543=1000, 738=1000, 546=1000, 340=1000, 5=1000, 4=1000, 545=1000, 548=1000, 547=1000, 9=1000, 549=1000, 8=1000, 731=1000, 730=1000, 733=1000, 732=1000, 920=1000, 318=1000, 319=1000, 316=1000, 317=1000, 314=1000, 927=1000, 928=1000, 315=1000, 312=1000, 925=1000, 926=1000, 313=1000, 310=1000, 923=1000, 311=1000, 924=1000, 921=1000, 922=1000, 513=1000, 729=1000, 512=1000, 511=1000, 728=1000, 510=1000, 727=1000, 726=1000, 725=1000, 724=1000, 919=1000, 918=1000, 723=1000, 722=1000, 721=1000, 519=1000, 720=1000, 518=1000, 517=1000, 516=1000, 515=1000, 514=1000, 327=1000, 328=1000, 329=1000, 914=1000, 323=1000, 324=1000, 915=1000, 325=1000, 916=1000, 326=1000, 917=1000, 709=1000, 910=1000, 911=1000, 320=1000, 912=1000, 321=1000, 322=1000, 913=1000, 522=1000, 717=1000, 716=1000, 521=1000, 524=1000, 719=1000, 523=1000, 718=1000, 713=1000, 908=1000, 712=1000, 907=1000, 715=1000, 520=1000, 909=1000, 714=1000, 529=1000, 711=1000, 710=1000, 526=1000, 525=1000, 528=1000, 527=1000, 989=1000, 988=1000, 987=1000, 571=1000, 570=1000, 982=1000, 981=1000, 980=1000, 986=1000, 985=1000, 984=1000, 983=1000, 700=1000, 703=1000, 574=1000, 575=1000, 704=1000, 572=1000, 701=1000, 702=1000, 573=1000, 578=1000, 707=1000, 708=1000, 579=1000, 576=1000, 705=1000, 577=1000, 706=1000, 977=1000, 976=1000, 979=1000, 300=1000, 978=1000, 302=1000, 580=1000, 301=1000, 582=1000, 304=1000, 581=1000, 303=1000, 306=1000, 305=1000, 971=1000, 308=1000, 307=1000, 970=1000, 973=1000, 972=1000, 309=1000, 975=1000, 974=1000, 583=1000, 584=1000, 585=1000, 586=1000, 587=1000, 588=1000, 589=1000, 969=1000, 968=1000, 967=1000, 966=1000, 965=1000, 964=1000, 963=1000, 962=1000, 961=1000, 960=1000, 558=1000, 559=1000, 556=1000, 557=1000, 554=1000, 555=1000, 552=1000, 553=1000, 550=1000, 551=1000, 959=1000, 958=1000, 560=1000, 955=1000, 954=1000, 957=1000, 956=1000, 951=1000, 950=1000, 953=1000, 952=1000, 569=1000, 565=1000, 566=1000, 567=1000, 568=1000, 561=1000, 562=1000, 563=1000, 564=1000, 799=1000, 798=1000, 797=1000, 796=1000, 795=1000, 794=1000, 793=1000, 792=1000, 996=1000, 790=1000, 997=1000, 791=1000, 994=1000, 995=1000, 992=1000, 993=1000, 990=1000, 991=1000, 998=1000, 999=1000, 781=1000, 782=1000, 783=1000, 784=1000, 785=1000, 786=1000, 787=1000, 788=1000, 789=1000, 780=1000, 772=1000, 505=1000, 506=1000, 773=1000, 770=1000, 503=1000, 504=1000, 771=1000, 776=1000, 509=1000, 777=1000, 774=1000, 507=1000, 508=1000, 775=1000, 778=1000, 779=1000, 501=1000, 502=1000, 500=1000, 763=1000, 764=1000, 765=1000, 766=1000, 760=1000, 761=1000, 762=1000, 767=1000, 768=1000, 769=1000, 754=1000, 755=1000, 752=1000, 753=1000, 750=1000, 751=1000, 758=1000, 759=1000, 756=1000, 757=1000, 595=1000, 594=1000, 597=1000, 391=1000, 390=1000, 596=1000, 393=1000, 599=1000, 392=1000, 598=1000, 395=1000, 394=1000, 396=1000, 397=1000, 398=1000, 399=1000, 590=1000, 591=1000, 592=1000, 593=1000, 383=1000, 384=1000, 381=1000, 382=1000, 380=1000, 389=1000, 388=1000, 387=1000, 386=1000, 385=1000, 370=1000, 371=1000, 372=1000, 373=1000, 379=1000, 378=1000, 375=1000, 374=1000, 377=1000, 376=1000, 361=1000, 362=1000, 360=1000, 366=1000, 365=1000, 364=1000, 363=1000, 369=1000, 368=1000, 367=1000, 350=1000, 351=1000, 353=1000, 352=1000, 355=1000, 354=1000, 357=1000, 356=1000, 359=1000, 358=1000, 806=1000, 807=1000, 804=1000, 805=1000, 802=1000, 803=1000, 800=1000, 801=1000, 159=1000, 158=1000, 157=1000, 156=1000, 155=1000, 154=1000, 152=1000, 601=1000, 600=1000, 153=1000, 150=1000, 151=1000, 609=1000, 608=1000, 607=1000, 606=1000, 605=1000, 604=1000, 603=1000, 602=1000, 202=1000, 203=1000, 204=1000, 205=1000, 200=1000, 201=1000, 169=1000, 206=1000, 166=1000, 207=1000, 165=1000, 208=1000, 168=1000, 167=1000, 209=1000, 409=1000, 161=1000, 162=1000, 408=1000, 163=1000, 164=1000, 405=1000, 404=1000, 407=1000, 160=1000, 406=1000, 401=1000, 400=1000, 403=1000, 402=1000, 824=1000, 211=1000, 825=1000, 212=1000, 822=1000, 210=1000, 823=1000, 215=1000, 828=1000, 216=1000, 829=1000, 213=1000, 826=1000, 827=1000, 214=1000, 179=1000, 219=1000, 178=1000, 177=1000, 217=1000, 176=1000, 218=1000, 820=1000, 821=1000, 418=1000, 170=1000, 171=1000, 417=1000, 416=1000, 415=1000, 623=1000, 174=1000, 622=1000, 175=1000, 172=1000, 621=1000, 173=1000, 419=1000, 620=1000, 410=1000, 627=1000, 626=1000, 625=1000, 624=1000, 819=1000, 414=1000, 413=1000, 629=1000, 412=1000, 628=1000, 411=1000, 811=1000, 220=1000, 812=1000, 221=1000, 222=1000, 813=1000, 814=1000, 223=1000, 224=1000, 815=1000, 816=1000, 225=1000, 817=1000, 226=1000, 818=1000, 227=1000, 228=1000, 188=1000, 229=1000, 187=1000, 189=1000, 810=1000, 427=1000, 426=1000, 180=1000, 181=1000, 429=1000, 182=1000, 428=1000, 610=1000, 183=1000, 184=1000, 612=1000, 185=1000, 186=1000, 611=1000, 614=1000, 809=1000, 808=1000, 613=1000, 616=1000, 421=1000, 615=1000, 420=1000, 618=1000, 423=1000, 617=1000, 422=1000, 425=1000, 424=1000, 619=1000, 843=1000, 116=1000, 842=1000, 117=1000, 114=1000, 841=1000, 840=1000, 115=1000, 112=1000, 113=1000, 110=1000, 111=1000, 849=1000, 848=1000, 847=1000, 846=1000, 118=1000, 845=1000, 844=1000, 119=1000, 435=1000, 436=1000, 433=1000, 434=1000, 431=1000, 432=1000, 430=1000, 439=1000, 437=1000, 438=1000, 125=1000, 830=1000, 126=1000, 832=1000, 127=1000, 128=1000, 831=1000, 121=1000, 122=1000, 123=1000, 124=1000, 838=1000, 837=1000, 839=1000, 129=1000, 834=1000, 833=1000, 836=1000, 835=1000, 444=1000, 445=1000, 446=1000, 447=1000, 440=1000, 441=1000, 442=1000, 443=1000, 120=1000, 448=1000, 449=1000, 861=1000, 134=1000, 860=1000, 135=1000, 132=1000, 133=1000, 138=1000, 865=1000, 139=1000, 864=1000, 863=1000, 136=1000, 137=1000, 862=1000, 869=1000, 868=1000, 867=1000, 866=1000, 450=1000, 453=1000, 454=1000, 451=1000, 452=1000, 457=1000, 458=1000, 455=1000, 456=1000, 459=1000, 131=1000, 130=1000, 143=1000, 144=1000, 850=1000, 145=1000, 146=1000, 852=1000, 147=1000, 148=1000, 851=1000, 854=1000, 149=1000, 853=1000, 856=1000, 855=1000, 858=1000, 857=1000, 859=1000, 461=1000, 460=1000, 462=1000, 463=1000, 464=1000, 465=1000, 466=1000, 467=1000, 468=1000, 469=1000, 140=1000, 142=1000, 141=1000, 687=1000, 686=1000, 689=1000, 688=1000, 683=1000, 682=1000, 685=1000, 684=1000, 888=1000, 889=1000, 884=1000, 885=1000, 886=1000, 680=1000, 887=1000, 681=1000, 880=1000, 881=1000, 882=1000, 883=1000, 678=1000, 677=1000, 676=1000, 675=1000, 674=1000, 673=1000, 672=1000, 671=1000, 679=1000, 879=1000, 877=1000, 878=1000, 875=1000, 876=1000, 670=1000, 873=1000, 874=1000, 871=1000, 872=1000, 870=1000, 696=1000, 695=1000, 694=1000, 693=1000, 890=1000, 699=1000, 698=1000, 697=1000, 899=1000, 893=1000, 894=1000, 891=1000, 892=1000, 897=1000, 691=1000, 898=1000, 692=1000, 895=1000, 896=1000, 690=1000, 646=1000, 647=1000, 648=1000, 649=1000, 642=1000, 195=1000, 194=1000, 643=1000, 644=1000, 197=1000, 645=1000, 196=1000, 191=1000, 190=1000, 193=1000, 640=1000, 641=1000, 192=1000, 198=1000, 199=1000, 639=1000, 637=1000, 638=1000, 635=1000, 636=1000, 633=1000, 634=1000, 631=1000, 632=1000, 630=1000, 668=1000, 669=1000, 660=1000, 661=1000, 662=1000, 663=1000, 664=1000, 665=1000, 666=1000, 667=1000, 659=1000, 657=1000, 658=1000, 651=1000, 652=1000, 650=1000, 655=1000, 656=1000, 653=1000, 654=1000, 35=1000, 36=1000, 33=1000, 34=1000, 39=1000, 37=1000, 38=1000, 43=1000, 42=1000, 41=1000, 40=1000, 22=1000, 23=1000, 24=1000, 25=1000, 26=1000, 27=1000, 28=1000, 29=1000, 30=1000, 32=1000, 31=1000, 19=1000, 17=1000, 18=1000, 15=1000, 16=1000, 13=1000, 14=1000, 11=1000, 12=1000, 21=1000, 20=1000, 10=1000, 79=1000, 78=1000, 77=1000, 82=1000, 83=1000, 80=1000, 81=1000, 86=1000, 87=1000, 84=1000, 85=1000, 67=1000, 66=1000, 69=1000, 68=1000, 70=1000, 71=1000, 72=1000, 73=1000, 74=1000, 75=1000, 76=1000, 59=1000, 58=1000, 57=1000, 56=1000, 55=1000, 64=1000, 65=1000, 62=1000, 63=1000, 60=1000, 61=1000, 49=1000, 48=1000, 45=1000, 44=1000, 47=1000, 46=1000, 51=1000, 52=1000, 53=1000, 54=1000, 50=1000, 487=1000, 281=1000, 486=1000, 280=1000, 485=1000, 484=1000, 285=1000, 284=1000, 283=1000, 489=1000, 282=1000, 488=1000, 288=1000, 289=1000, 286=1000, 287=1000, 482=1000, 483=1000, 480=1000, 481=1000, 474=1000, 473=1000, 476=1000, 270=1000, 475=1000, 478=1000, 272=1000, 477=1000, 271=1000, 274=1000, 479=1000, 273=1000, 275=1000, 276=1000, 277=1000, 278=1000, 279=1000, 470=1000, 471=1000, 472=1000, 1000=1000, 109=1000, 108=1000, 107=1000, 106=1000, 105=1000, 104=1000, 103=1000, 102=1000, 99=1000, 101=1000, 100=1000, 98=1000, 97=1000, 96=1000, 95=1000, 94=1000, 93=1000, 92=1000, 91=1000, 294=1000, 90=1000, 499=1000, 293=1000, 296=1000, 295=1000, 496=1000, 290=1000, 495=1000, 498=1000, 292=1000, 497=1000, 291=1000, 491=1000, 492=1000, 493=1000, 494=1000, 297=1000, 298=1000, 299=1000, 490=1000, 88=1000, 89=1000, 240=1000, 241=1000, 245=1000, 244=1000, 243=1000, 242=1000, 249=1000, 248=1000, 247=1000, 246=1000, 230=1000, 239=1000, 232=1000, 231=1000, 234=1000, 233=1000, 236=1000, 235=1000, 238=1000, 237=1000, 262=1000, 263=1000, 260=1000, 261=1000, 269=1000, 268=1000, 267=1000, 266=1000, 265=1000, 264=1000, 250=1000, 251=1000, 252=1000, 258=1000, 904=1000, 257=1000, 903=1000, 906=1000, 259=1000, 905=1000, 900=1000, 254=1000, 253=1000, 256=1000, 902=1000, 901=1000, 255=1000}
Number of gene trees: 1000
0 trees have missing taxa
Calculating quartet distance matrix (for completion of X)
Species tree distances calculated ...
Building set of clusters (X) from gene trees 
Using tree-based weight calculation.
Number of Default Clusters: 305535
Number of quartet trees in the gene trees: 41583288520947
calculating extra bipartitions to be added at level 1 ...
Number of Clusters after addition by distance: 305553
Adding to X using resolutions of greedy consensus ...
Threshold 0.0:
polytomy of size 4; rounds with additions with at least 0.01 support: 1; clusters: 305565
polytomy of size 7; rounds with additions with at least 0.01 support: 2; clusters: 305743
polytomy of size 3; rounds with additions with at least 0.01 support: 0; clusters: 305749
Threshold 0.01:
polytomy of size 24; rounds with additions with at least 0.01 support: 4; clusters: 310521
Threshold 0.02:
polytomy of size 27; rounds with additions with at least 0.01 support: 3; clusters: 315449
Threshold 0.05:
polytomy of size 3; rounds with additions with at least 0.01 support: 0; clusters: 315449
polytomy of size 3; rounds with additions with at least 0.01 support: 0; clusters: 315449
polytomy of size 3; rounds with additions with at least 0.01 support: 0; clusters: 315449
polytomy of size 41; rounds with additions with at least 0.01 support: 4; clusters: 315583
Threshold 0.1:
polytomy of size 3; rounds with additions with at least 0.01 support: 0; clusters: 315583
polytomy of size 3; rounds with additions with at least 0.01 support: 0; clusters: 315583
polytomy of size 4; rounds with additions with at least 0.01 support: 0; clusters: 315583
polytomy of size 4; rounds with additions with at least 0.01 support: 0; clusters: 315583
polytomy of size 6; rounds with additions with at least 0.01 support: 0; clusters: 315583
polytomy of size 5; rounds with additions with at least 0.01 support: 0; clusters: 315583
polytomy of size 3; rounds with additions with at least 0.01 support: 0; clusters: 315583
polytomy of size 3; rounds with additions with at least 0.01 support: 0; clusters: 315583
polytomy of size 56; rounds with additions with at least 0.01 support: 3; clusters: 315807
Threshold 0.2:
polytomy of size 4; rounds with additions with at least 0.01 support: 0; clusters: 315807
polytomy of size 3; rounds with additions with at least 0.01 support: 0; clusters: 315807
polytomy of size 3; rounds with additions with at least 0.01 support: 0; clusters: 315807
polytomy of size 3; rounds with additions with at least 0.01 support: 0; clusters: 315807
polytomy of size 3; rounds with additions with at least 0.01 support: 0; clusters: 315807
polytomy of size 4; rounds with additions with at least 0.01 support: 0; clusters: 315807
polytomy of size 3; rounds with additions with at least 0.01 support: 0; clusters: 315807
polytomy of size 5; rounds with additions with at least 0.01 support: 0; clusters: 315807
polytomy of size 3; rounds with additions with at least 0.01 support: 0; clusters: 315807
polytomy of size 5; rounds with additions with at least 0.01 support: 0; clusters: 315807
polytomy of size 3; rounds with additions with at least 0.01 support: 0; clusters: 315807
polytomy of size 3; rounds with additions with at least 0.01 support: 0; clusters: 315807
polytomy of size 7; rounds with additions with at least 0.01 support: 0; clusters: 315807
polytomy of size 5; rounds with additions with at least 0.01 support: 0; clusters: 315807
polytomy of size 3; rounds with additions with at least 0.01 support: 0; clusters: 315807
polytomy of size 3; rounds with additions with at least 0.01 support: 0; clusters: 315807
polytomy of size 4; rounds with additions with at least 0.01 support: 0; clusters: 315807
polytomy of size 3; rounds with additions with at least 0.01 support: 0; clusters: 315807
polytomy of size 3; rounds with additions with at least 0.01 support: 0; clusters: 315807
polytomy of size 3; rounds with additions with at least 0.01 support: 0; clusters: 315807
polytomy of size 4; rounds with additions with at least 0.01 support: 0; clusters: 315807
polytomy of size 3; rounds with additions with at least 0.01 support: 0; clusters: 315807
polytomy of size 3; rounds with additions with at least 0.01 support: 0; clusters: 315807
polytomy of size 3; rounds with additions with at least 0.01 support: 0; clusters: 315807
polytomy of size 3; rounds with additions with at least 0.01 support: 0; clusters: 315807
polytomy of size 3; rounds with additions with at least 0.01 support: 0; clusters: 315807
polytomy of size 3; rounds with additions with at least 0.01 support: 0; clusters: 315807
polytomy of size 3; rounds with additions with at least 0.01 support: 0; clusters: 315807
polytomy of size 5; rounds with additions with at least 0.01 support: 0; clusters: 315807
polytomy of size 3; rounds with additions with at least 0.01 support: 0; clusters: 315807
polytomy of size 3; rounds with additions with at least 0.01 support: 0; clusters: 315807
polytomy of size 5; rounds with additions with at least 0.01 support: 0; clusters: 315807
polytomy of size 3; rounds with additions with at least 0.01 support: 0; clusters: 315807
polytomy of size 3; rounds with additions with at least 0.01 support: 0; clusters: 315807
polytomy of size 4; rounds with additions with at least 0.01 support: 0; clusters: 315807
polytomy of size 8; rounds with additions with at least 0.01 support: 0; clusters: 315807
polytomy of size 4; rounds with additions with at least 0.01 support: 0; clusters: 315807
polytomy of size 3; rounds with additions with at least 0.01 support: 0; clusters: 315807
polytomy of size 3; rounds with additions with at least 0.01 support: 0; clusters: 315807
polytomy of size 91; rounds with additions with at least 0.01 support: 0; clusters: 315845
Threshold 0.3333333333333333:
polytomy of size 4; rounds with additions with at least 0.01 support: 0; clusters: 315845
polytomy of size 4; rounds with additions with at least 0.01 support: 0; clusters: 315845
polytomy of size 3; rounds with additions with at least 0.01 support: 0; clusters: 315845
polytomy of size 4; rounds with additions with at least 0.01 support: 0; clusters: 315845
polytomy of size 3; rounds with additions with at least 0.01 support: 0; clusters: 315845
polytomy of size 4; rounds with additions with at least 0.01 support: 0; clusters: 315845
polytomy of size 3; rounds with additions with at least 0.01 support: 0; clusters: 315845
polytomy of size 3; rounds with additions with at least 0.01 support: 0; clusters: 315845
polytomy of size 4; rounds with additions with at least 0.01 support: 0; clusters: 315845
polytomy of size 4; rounds with additions with at least 0.01 support: 0; clusters: 315845
polytomy of size 7; rounds with additions with at least 0.01 support: 0; clusters: 315847
polytomy of size 4; rounds with additions with at least 0.01 support: 0; clusters: 315847
polytomy of size 4; rounds with additions with at least 0.01 support: 0; clusters: 315847
polytomy of size 3; rounds with additions with at least 0.01 support: 0; clusters: 315847
polytomy of size 3; rounds with additions with at least 0.01 support: 0; clusters: 315847
polytomy of size 3; rounds with additions with at least 0.01 support: 0; clusters: 315847
polytomy of size 3; rounds with additions with at least 0.01 support: 0; clusters: 315847
polytomy of size 3; rounds with additions with at least 0.01 support: 0; clusters: 315847
polytomy of size 4; rounds with additions with at least 0.01 support: 0; clusters: 315847
polytomy of size 4; rounds with additions with at least 0.01 support: 0; clusters: 315847
polytomy of size 3; rounds with additions with at least 0.01 support: 0; clusters: 315847
polytomy of size 3; rounds with additions with at least 0.01 support: 0; clusters: 315847
polytomy of size 5; rounds with additions with at least 0.01 support: 0; clusters: 315847
polytomy of size 3; rounds with additions with at least 0.01 support: 0; clusters: 315847
polytomy of size 4; rounds with additions with at least 0.01 support: 0; clusters: 315847
polytomy of size 6; rounds with additions with at least 0.01 support: 0; clusters: 315847
polytomy of size 3; rounds with additions with at least 0.01 support: 0; clusters: 315847
polytomy of size 3; rounds with additions with at least 0.01 support: 0; clusters: 315847
polytomy of size 5; rounds with additions with at least 0.01 support: 0; clusters: 315847
polytomy of size 6; rounds with additions with at least 0.01 support: 0; clusters: 315847
polytomy of size 3; rounds with additions with at least 0.01 support: 0; clusters: 315847
polytomy of size 5; rounds with additions with at least 0.01 support: 0; clusters: 315847
polytomy of size 6; rounds with additions with at least 0.01 support: 0; clusters: 315847
polytomy of size 5; rounds with additions with at least 0.01 support: 0; clusters: 315847
polytomy of size 3; rounds with additions with at least 0.01 support: 0; clusters: 315847
polytomy of size 3; rounds with additions with at least 0.01 support: 0; clusters: 315847
polytomy of size 3; rounds with additions with at least 0.01 support: 0; clusters: 315847
polytomy of size 7; rounds with additions with at least 0.01 support: 0; clusters: 315847
polytomy of size 3; rounds with additions with at least 0.01 support: 0; clusters: 315847
polytomy of size 5; rounds with additions with at least 0.01 support: 0; clusters: 315847
polytomy of size 3; rounds with additions with at least 0.01 support: 0; clusters: 315847
polytomy of size 5; rounds with additions with at least 0.01 support: 0; clusters: 315847
polytomy of size 3; rounds with additions with at least 0.01 support: 0; clusters: 315847
polytomy of size 6; rounds with additions with at least 0.01 support: 0; clusters: 315847
polytomy of size 5; rounds with additions with at least 0.01 support: 0; clusters: 315847
polytomy of size 4; rounds with additions with at least 0.01 support: 0; clusters: 315847
polytomy of size 4; rounds with additions with at least 0.01 support: 0; clusters: 315847
polytomy of size 3; rounds with additions with at least 0.01 support: 0; clusters: 315847
polytomy of size 5; rounds with additions with at least 0.01 support: 0; clusters: 315847
polytomy of size 3; rounds with additions with at least 0.01 support: 0; clusters: 315847
polytomy of size 5; rounds with additions with at least 0.01 support: 0; clusters: 315847
polytomy of size 3; rounds with additions with at least 0.01 support: 0; clusters: 315847
polytomy of size 3; rounds with additions with at least 0.01 support: 0; clusters: 315847
polytomy of size 3; rounds with additions with at least 0.01 support: 0; clusters: 315847
polytomy of size 3; rounds with additions with at least 0.01 support: 0; clusters: 315847
polytomy of size 3; rounds with additions with at least 0.01 support: 0; clusters: 315847
polytomy of size 3; rounds with additions with at least 0.01 support: 0; clusters: 315847
polytomy of size 3; rounds with additions with at least 0.01 support: 0; clusters: 315847
polytomy of size 3; rounds with additions with at least 0.01 support: 0; clusters: 315847
polytomy of size 6; rounds with additions with at least 0.01 support: 0; clusters: 315847
polytomy of size 4; rounds with additions with at least 0.01 support: 0; clusters: 315847
polytomy of size 4; rounds with additions with at least 0.01 support: 0; clusters: 315847
polytomy of size 3; rounds with additions with at least 0.01 support: 0; clusters: 315847
polytomy of size 3; rounds with additions with at least 0.01 support: 0; clusters: 315847
polytomy of size 3; rounds with additions with at least 0.01 support: 0; clusters: 315847
polytomy of size 3; rounds with additions with at least 0.01 support: 0; clusters: 315847
polytomy of size 3; rounds with additions with at least 0.01 support: 0; clusters: 315847
polytomy of size 8; rounds with additions with at least 0.01 support: 0; clusters: 315851
polytomy of size 4; rounds with additions with at least 0.01 support: 0; clusters: 315851
polytomy of size 5; rounds with additions with at least 0.01 support: 0; clusters: 315851
polytomy of size 6; rounds with additions with at least 0.01 support: 0; clusters: 315853
polytomy of size 4; rounds with additions with at least 0.01 support: 0; clusters: 315853
polytomy of size 5; rounds with additions with at least 0.01 support: 0; clusters: 315853
polytomy of size 3; rounds with additions with at least 0.01 support: 0; clusters: 315853
polytomy of size 5; rounds with additions with at least 0.01 support: 0; clusters: 315853
polytomy of size 4; rounds with additions with at least 0.01 support: 0; clusters: 315853
polytomy of size 5; rounds with additions with at least 0.01 support: 0; clusters: 315853
polytomy of size 134; rounds with additions with at least 0.01 support: 0; clusters: 553799
Number of Clusters after addition by greedy: 553799
partitions formed in 884.24 secs
Dynamic Programming starting after 884.24 secs
Size of largest cluster: 1001
Size of largest cluster: 1001
Calculated 100000 weights; time (seconds): 1017
Calculated 200000 weights; time (seconds): 122
Calculated 300000 weights; time (seconds): 126
Calculated 400000 weights; time (seconds): 121
Calculated 500000 weights; time (seconds): 126
Calculated 600000 weights; time (seconds): 121
Calculated 700000 weights; time (seconds): 122
Calculated 800000 weights; time (seconds): 252
Calculated 900000 weights; time (seconds): 202
Calculated 1000000 weights; time (seconds): 307
Calculated 1100000 weights; time (seconds): 412
Total Number of elements weighted: 1222643
Normalized score (portion of input quartet trees satisfied): NaN
Final optimization score: 0
Calculated 1200000 weights; time (seconds): 541
Total Number of elements weighted: 1222643
Normalized score (portion of input quartet trees satisfied): 0.508811979727912
Final optimization score: 21158075355940
Optimal tree inferred in 3600.614 secs.
(691,(((459,611),(895,(825,840))),((884,(134,619)),(((((465,(817,(896,172))),((920,(60,725)),(911,((943,332),((139,889),(275,407)))))),(281,(((260,357),(183,(748,212))),((458,304),((765,(904,365)),((10,408),(466,(969,(512,791))))))))),((885,((133,678),((954,249),(483,348)))),(((624,771),(639,283)),(((194,(296,709)),((890,558),(70,241))),((137,(156,(251,622))),(972,((562,(129,769)),((26,595),(138,(319,(645,976))))))))))),(((340,(977,(361,(747,300)))),((524,(557,((431,(328,637)),((414,314),(633,331))))),(((441,(927,589)),(422,(857,123))),((946,178),(565,((125,873),(537,(226,836)))))))),((((651,805),(480,(673,(141,(305,463))))),((306,(778,695)),((689,(509,71)),(469,(402,933))))),((263,(872,((50,(784,(599,(437,42)))),(364,(868,(128,(405,773))))))),((((400,863),(949,449)),((722,(604,965)),(531,(715,(687,(199,609)))))),((((297,234),((811,953),(832,(657,(393,(708,11)))))),((867,((704,806),((694,(853,587)),(((829,921),(120,(58,168))),(948,((468,(798,114)),(351,(231,(567,923))))))))),(((245,(386,731)),(341,(146,906))),((919,(258,593)),((861,(363,(730,404))),(((796,(808,189)),(246,(229,647))),(912,(818,((151,661),(807,(394,973))))))))))),(((362,816),(860,668)),((((((103,424),(967,392)),((14,257),((479,(68,(710,(951,894)))),(371,((697,842),(930,(618,(743,490)))))))),(((376,(421,(970,119))),((448,(73,602)),(827,(944,(268,425))))),(((760,333),(759,((410,352),(961,(990,(287,(440,104))))))),(76,((126,(285,(892,158))),((269,(564,950)),((30,(318,(716,500))),((548,526),(89,(724,581)))))))))),((((964,((13,33),(979,553))),(99,(366,(262,(4,(521,255)))))),((983,(615,(23,(63,271)))),((295,(641,399)),((150,(460,147)),((130,((534,445),(282,542))),((732,(274,49)),(162,(751,(2,568))))))))),(((597,960),(54,(270,797))),((900,(625,228)),(((307,897),(507,((578,(926,40)),(55,(223,735))))),(((95,((412,495),(388,35))),((959,(403,90)),(838,(903,267)))),((216,302),(((113,(712,590)),((100,(721,(621,236))),((834,(370,(822,430))),((176,316),(728,(326,427)))))),((662,(453,(937,598))),((443,(171,475)),(((669,277),(3,(785,865))),((871,(984,525)),(584,(77,847)))))))))))))),((0,(((193,714),((851,845),(((844,(957,876)),((516,390),(763,(375,382)))),((452,(92,464)),(((874,182),(87,(880,115))),((777,(488,385)),((891,635),(29,(391,528))))))))),((((457,(324,61)),(503,(359,(144,(720,(455,623)))))),((259,7),((506,520),((330,(135,(313,292))),((485,917),((707,(1000,(161,901))),((580,928),(677,(179,588))))))))),(((529,(942,208)),(((110,696),(546,547)),(214,(663,(127,(381,843)))))),((((467,(801,(474,196))),(((583,148),((346,499),(409,(368,(419,610))))),((780,(910,936)),((312,852),((301,232),(154,(774,999))))))),(((585,336),((940,447),(34,(109,273)))),((107,(606,(966,190))),(36,((854,((345,((683,586),(184,253))),((688,693),(384,(679,252))))),((79,(794,556)),(887,((812,(877,945)),((439,477),(559,(294,374))))))))))),((855,(434,19)),(((605,549),(237,(571,(157,209)))),(((744,(159,519)),(((397,415),((311,786),((327,(181,350)),((956,638),(922,(494,(356,(539,432)))))))),((570,((908,978),(935,((5,145),(762,(323,43)))))),((681,(541,(752,511))),(592,((551,971),((883,753),(962,(764,(118,47)))))))))),((((982,416),(155,470)),(((675,(839,(543,680))),((438,487),(652,72))),(207,(((360,461),(166,802)),(163,((247,907),((111,789),(916,(799,815))))))))),((((574,(591,665)),(738,(369,1))),(((221,37),(428,(185,(456,995)))),(739,(201,(205,(994,(902,612))))))),(((518,(105,450)),((48,(717,654)),((57,(83,254)),((17,493),(828,640))))),((627,(573,(191,631))),(((175,579),(740,804)),(538,((197,406),((389,879),(358,(594,674)))))))))))))))))),(((349,(338,67)),((((482,413),(276,64)),(726,((188,220),(779,699)))),(((705,(849,915)),(835,(41,435))),(((235,473),((21,560),((429,(974,337)),(742,(86,(706,(244,(227,((758,39),(824,659)))))))))),(((658,411),(792,(670,795))),(((757,489),(((864,932),(723,(613,(985,8)))),(((98,93),(893,988)),(955,(24,(320,(513,46))))))),(((45,(998,16)),(733,(202,530))),((862,(315,(303,15))),(((242,(655,913)),((566,66),(219,(279,(31,423))))),((496,(25,(517,745))),(536,(289,(831,(343,177)))))))))))))),((((823,(136,(628,((996,575),(533,(508,((81,418),(646,(32,12))))))))),(((800,22),((347,601),(703,(510,339)))),((666,(218,729)),((378,734),(617,116))))),((((846,(596,486)),(96,(308,650))),(826,((767,(905,718)),(790,(741,321))))),(((711,630),((204,636),(372,((160,515),(250,(676,701)))))),((544,(664,(286,165))),(((164,(700,53)),((91,886),(174,(471,264)))),((502,(444,187)),(527,((272,(344,266)),((505,481),(685,299)))))))))),((((952,(656,(992,(240,454)))),((684,((329,629),(813,(78,672)))),((909,476),(74,(788,(433,899)))))),((238,((620,514),(((492,(80,(555,576))),((833,(497,713)),((230,152),(170,122)))),(380,((94,504),((173,(167,787)),((858,(124,768)),(941,(963,(198,62)))))))))),(((727,51),(291,866)),(426,(582,((180,(810,603)),((420,((484,776),((288,501),(667,(334,(101,(934,233))))))),((((898,(649,82)),(820,(20,(980,702)))),((18,309),((203,(925,750)),(642,(888,(261,(850,918))))))),(((550,968),(938,((572,869),((929,875),(914,(881,682)))))),((335,608),(310,(85,((322,626),(498,(325,(766,(987,(660,462)))))))))))))))))),((((616,396),((((210,803),((522,395),(986,981))),((600,563),(398,(143,(607,561))))),(((56,848),(577,(614,671))),((772,(569,(149,102))),(379,(554,(239,(634,472)))))))),(((186,(690,(989,(278,749)))),((882,298),(939,((540,140),((75,293),(446,(131,859))))))),(((783,243),(69,(353,27))),((52,(991,44)),((284,(478,(112,(355,(648,224))))),(106,((206,523),(451,(755,(6,97)))))))))),((((754,737),((256,(878,132)),((814,84),((88,213),(373,(770,(9,383))))))),(((545,(643,535)),(108,(532,225))),((367,280),(211,(28,((121,644),(856,(169,200)))))))),(837,((((756,217),(317,((761,377),(819,(417,38))))),(((117,993),(809,(401,59))),(((248,387),(686,(781,793))),(719,(958,(265,(830,(153,947)))))))),(782,((552,(997,(222,(436,(821,698))))),(((354,(931,442)),(870,(65,192))),((841,(692,(142,(653,195)))),((491,(290,975)),((342,632),((775,736),(924,(215,746))))))))))))))))))))))))))));
Quartet score is: 21158075355940
Normalized quartet score is: 0.508811979727912
ASTRAL finished in 3789.164 secs
