
================== ASTRAL ===================== 

This is ASTRAL version 4.10.7
Gene trees are treated as unrooted
984 trees read from ASTRALDATA/model.200.500000.0.000001/02/estimatedgenetre.halfresolved
All output trees will be *arbitrarily* rooted at 57

======== Running the main analysis
Number of taxa: 201 (201 species)
Taxa: [57, 7, 181, 129, 14, 32, 87, 39, 193, 70, 11, 62, 156, 5, 166, 118, 59, 146, 186, 143, 199, 111, 164, 147, 30, 124, 170, 68, 35, 152, 9, 168, 43, 73, 61, 98, 27, 184, 20, 101, 120, 58, 153, 187, 189, 47, 154, 86, 180, 78, 107, 155, 91, 81, 165, 138, 71, 110, 33, 0, 15, 171, 177, 163, 141, 67, 83, 104, 108, 149, 191, 127, 139, 22, 37, 17, 41, 25, 75, 21, 28, 74, 55, 34, 195, 133, 54, 65, 105, 94, 116, 19, 90, 185, 148, 80, 160, 77, 159, 63, 114, 23, 69, 175, 196, 8, 142, 188, 140, 178, 122, 134, 144, 136, 151, 183, 18, 137, 53, 157, 176, 167, 109, 16, 100, 40, 131, 132, 85, 45, 125, 192, 44, 198, 82, 31, 162, 52, 4, 172, 95, 173, 126, 112, 102, 66, 51, 158, 97, 72, 60, 13, 93, 64, 121, 24, 50, 197, 92, 150, 79, 3, 29, 194, 42, 182, 88, 76, 6, 179, 48, 49, 130, 103, 36, 106, 169, 200, 84, 56, 161, 115, 135, 145, 174, 99, 26, 190, 2, 119, 89, 96, 117, 113, 38, 10, 128, 1, 12, 123, 46]
Number of gene trees: 984
0 trees have missing taxa
Calculating quartet distance matrix (for completion of X)
Species tree distances calculated ...
Building set of clusters (X) from gene trees 
Using tree-based weight calculation.
Number of Default Clusters: 166679
Number of quartet trees in the gene trees: 64818310122
calculating extra bipartitions to be added at level 1 ...
Number of Clusters after addition by distance: 166697
Adding to X using resolutions of greedy consensus ...
Threshold 0.0:
polytomy of size 11; rounds with additions with at least 0.01 support: 6; clusters: 167181
Threshold 0.01:
polytomy of size 24; rounds with additions with at least 0.01 support: 11; clusters: 170755
Threshold 0.02:
polytomy of size 28; rounds with additions with at least 0.01 support: 1; clusters: 175559
Threshold 0.05:
polytomy of size 48; rounds with additions with at least 0.01 support: 0; clusters: 175601
Threshold 0.1:
polytomy of size 4; rounds with additions with at least 0.01 support: 0; clusters: 175601
polytomy of size 4; rounds with additions with at least 0.01 support: 0; clusters: 175601
polytomy of size 3; rounds with additions with at least 0.01 support: 0; clusters: 175601
polytomy of size 3; rounds with additions with at least 0.01 support: 0; clusters: 175601
polytomy of size 62; rounds with additions with at least 0.01 support: 0; clusters: 175653
Threshold 0.2:
polytomy of size 3; rounds with additions with at least 0.01 support: 0; clusters: 175653
polytomy of size 4; rounds with additions with at least 0.01 support: 0; clusters: 175653
polytomy of size 4; rounds with additions with at least 0.01 support: 0; clusters: 175653
polytomy of size 90; rounds with additions with at least 0.01 support: 0; clusters: 175705
Threshold 0.3333333333333333:
polytomy of size 4; rounds with additions with at least 0.01 support: 0; clusters: 175705
polytomy of size 3; rounds with additions with at least 0.01 support: 0; clusters: 175705
polytomy of size 3; rounds with additions with at least 0.01 support: 0; clusters: 175705
polytomy of size 4; rounds with additions with at least 0.01 support: 0; clusters: 175705
polytomy of size 4; rounds with additions with at least 0.01 support: 0; clusters: 175705
polytomy of size 3; rounds with additions with at least 0.01 support: 0; clusters: 175705
Number of Clusters after addition by greedy: 175705
partitions formed in 107.147 secs
Dynamic Programming starting after 107.147 secs
Size of largest cluster: 201
Calculated 100000 weights; time (seconds): 981
Calculated 200000 weights; time (seconds): 876
Calculated 300000 weights; time (seconds): 1007
Total Number of elements weighted: 370257
Normalized score (portion of input quartet trees satisfied): 0.4889483100893606
Final optimization score: 31692803197
Optimal tree inferred in 3563.607 secs.
(148,(144,(134,(122,((80,160),((((156,17),((120,(47,154)),(86,(58,(153,187))))),(((55,34),((195,133),(54,65))),((((1,12),(33,(110,128))),((116,90),((19,185),(105,94)))),(((118,59),(37,(74,(166,41)))),((103,36),((138,21),((75,28),(5,25)))))))),(((177,((163,141),(67,(15,171)))),((((111,(143,199)),(62,(31,162))),(87,((39,193),(181,(129,(14,32)))))),(((95,112),(66,(102,(173,(57,(126,123)))))),((2,((72,64),(93,(121,(24,50))))),(190,((13,119),(117,(89,(60,96))))))))),(0,(((51,(97,79)),((11,(70,161)),(174,(7,((197,145),(113,(38,(135,10)))))))),((((172,(52,4)),((155,18),((189,137),(127,(149,191))))),(((77,(159,63)),(107,(40,(180,78)))),(((178,56),(83,(169,(200,84)))),((108,22),((106,(198,82)),(104,(139,115))))))),(((158,(165,(91,81))),((44,(99,26)),((136,151),(183,150)))),(46,(((147,114),((23,(69,8)),(27,((164,140),(124,(170,(184,(30,20)))))))),((53,(131,132)),((68,35),(((196,(71,175)),(146,((85,45),(142,(186,101))))),(((61,(98,192)),((188,3),(43,73))),(((49,130),(125,92)),(((157,(176,42)),(194,((152,29),(9,168)))),((109,(167,48)),(182,(6,(88,(179,(76,(16,100))))))))))))))))))))))))));
Quartet score is: 31692803197
Normalized quartet score is: 0.4889483100893606
ASTRAL finished in 3579.318 secs
