
================== ASTRAL ===================== 

This is ASTRAL version 4.10.8
Gene trees are treated as unrooted
1000 trees read from model.200.10000000.0.000001/34/estimatedgenetre.halfresolved
All outputted trees will be *arbitrarily* rooted at 59

======== Running the main analysis
Number of taxa: 201 (201 species)
Taxa: [59, 137, 110, 134, 78, 125, 111, 0, 98, 120, 41, 158, 52, 136, 33, 181, 173, 153, 190, 2, 172, 28, 85, 30, 96, 56, 44, 183, 145, 65, 164, 143, 144, 8, 194, 11, 117, 128, 168, 53, 24, 80, 146, 36, 200, 76, 174, 69, 186, 92, 101, 129, 6, 197, 32, 51, 177, 178, 84, 184, 196, 106, 16, 170, 75, 199, 29, 27, 61, 113, 1, 81, 45, 89, 31, 5, 167, 130, 179, 66, 198, 169, 140, 152, 157, 14, 180, 141, 142, 77, 188, 19, 43, 12, 22, 109, 7, 126, 64, 60, 118, 112, 67, 139, 95, 86, 100, 154, 162, 57, 82, 119, 39, 123, 108, 68, 10, 37, 83, 148, 182, 70, 79, 166, 192, 34, 135, 193, 133, 97, 93, 54, 104, 171, 17, 35, 18, 151, 21, 147, 15, 90, 73, 94, 20, 116, 38, 138, 48, 191, 47, 160, 72, 87, 187, 42, 105, 176, 150, 99, 103, 55, 40, 131, 71, 63, 62, 159, 161, 115, 25, 185, 74, 49, 156, 175, 23, 121, 107, 124, 9, 163, 50, 149, 4, 13, 155, 26, 165, 195, 91, 46, 88, 122, 189, 58, 102, 132, 127, 114, 3]
Taxon occupancy: {35=1000, 36=1000, 33=1000, 159=1000, 158=1000, 34=1000, 157=1000, 39=1000, 156=1000, 37=1000, 155=1000, 154=1000, 38=1000, 152=1000, 153=1000, 150=1000, 151=1000, 43=1000, 42=1000, 41=1000, 40=1000, 200=1000, 22=1000, 169=1000, 23=1000, 24=1000, 25=1000, 166=1000, 26=1000, 27=1000, 165=1000, 28=1000, 168=1000, 167=1000, 29=1000, 3=1000, 161=1000, 2=1000, 162=1000, 1=1000, 163=1000, 0=1000, 164=1000, 30=1000, 7=1000, 6=1000, 5=1000, 32=1000, 31=1000, 160=1000, 4=1000, 9=1000, 8=1000, 19=1000, 179=1000, 17=1000, 178=1000, 18=1000, 177=1000, 15=1000, 16=1000, 176=1000, 13=1000, 14=1000, 11=1000, 12=1000, 170=1000, 21=1000, 171=1000, 20=1000, 174=1000, 175=1000, 172=1000, 173=1000, 188=1000, 187=1000, 189=1000, 180=1000, 181=1000, 10=1000, 182=1000, 183=1000, 184=1000, 185=1000, 186=1000, 116=1000, 117=1000, 79=1000, 114=1000, 78=1000, 77=1000, 115=1000, 112=1000, 113=1000, 110=1000, 111=1000, 118=1000, 119=1000, 82=1000, 83=1000, 80=1000, 81=1000, 86=1000, 87=1000, 84=1000, 85=1000, 125=1000, 67=1000, 66=1000, 126=1000, 127=1000, 69=1000, 128=1000, 68=1000, 121=1000, 122=1000, 123=1000, 124=1000, 129=1000, 70=1000, 120=1000, 71=1000, 72=1000, 73=1000, 74=1000, 75=1000, 76=1000, 134=1000, 135=1000, 132=1000, 59=1000, 133=1000, 58=1000, 138=1000, 139=1000, 57=1000, 136=1000, 56=1000, 137=1000, 55=1000, 64=1000, 65=1000, 62=1000, 63=1000, 60=1000, 131=1000, 130=1000, 61=1000, 143=1000, 49=1000, 144=1000, 48=1000, 145=1000, 146=1000, 45=1000, 147=1000, 44=1000, 148=1000, 47=1000, 149=1000, 46=1000, 51=1000, 52=1000, 53=1000, 54=1000, 140=1000, 142=1000, 141=1000, 50=1000, 109=1000, 108=1000, 107=1000, 106=1000, 105=1000, 104=1000, 103=1000, 102=1000, 99=1000, 101=1000, 100=1000, 98=1000, 97=1000, 96=1000, 95=1000, 94=1000, 93=1000, 92=1000, 91=1000, 90=1000, 88=1000, 89=1000, 195=1000, 194=1000, 197=1000, 196=1000, 191=1000, 190=1000, 193=1000, 192=1000, 198=1000, 199=1000}
Number of gene trees: 1000
0 trees have missing taxa
Calculating quartet distance matrix (for completion of X)
Species tree distances calculated ...
Building set of clusters (X) from gene trees 
Using tree-based weight calculation.
Number of Default Clusters: 26991
Number of quartet trees in the gene trees: 65997598554
calculating extra bipartitions to be added at level 1 ...
Number of Clusters after addition by distance: 26991
Adding to X using resolutions of greedy consensus ...
Threshold 0.0:
Threshold 0.01:
Threshold 0.02:
Threshold 0.05:
Threshold 0.1:
Threshold 0.2:
polytomy of size 5; rounds with additions with at least 0.01 support: 0; clusters: 26991
polytomy of size 3; rounds with additions with at least 0.01 support: 0; clusters: 26991
polytomy of size 3; rounds with additions with at least 0.01 support: 0; clusters: 26991
polytomy of size 3; rounds with additions with at least 0.01 support: 0; clusters: 26991
polytomy of size 3; rounds with additions with at least 0.01 support: 0; clusters: 26991
Threshold 0.3333333333333333:
polytomy of size 3; rounds with additions with at least 0.01 support: 0; clusters: 26991
polytomy of size 3; rounds with additions with at least 0.01 support: 0; clusters: 26991
polytomy of size 3; rounds with additions with at least 0.01 support: 0; clusters: 26991
polytomy of size 3; rounds with additions with at least 0.01 support: 0; clusters: 26991
polytomy of size 3; rounds with additions with at least 0.01 support: 0; clusters: 26991
polytomy of size 3; rounds with additions with at least 0.01 support: 0; clusters: 26991
polytomy of size 3; rounds with additions with at least 0.01 support: 0; clusters: 26991
polytomy of size 5; rounds with additions with at least 0.01 support: 0; clusters: 26991
polytomy of size 3; rounds with additions with at least 0.01 support: 0; clusters: 26991
polytomy of size 4; rounds with additions with at least 0.01 support: 0; clusters: 26991
polytomy of size 3; rounds with additions with at least 0.01 support: 0; clusters: 26991
polytomy of size 3; rounds with additions with at least 0.01 support: 0; clusters: 26991
polytomy of size 3; rounds with additions with at least 0.01 support: 0; clusters: 26991
polytomy of size 3; rounds with additions with at least 0.01 support: 0; clusters: 26991
polytomy of size 4; rounds with additions with at least 0.01 support: 0; clusters: 26991
polytomy of size 3; rounds with additions with at least 0.01 support: 0; clusters: 26991
polytomy of size 3; rounds with additions with at least 0.01 support: 0; clusters: 26991
polytomy of size 3; rounds with additions with at least 0.01 support: 0; clusters: 26991
polytomy of size 7; rounds with additions with at least 0.01 support: 0; clusters: 26991
polytomy of size 6; rounds with additions with at least 0.01 support: 0; clusters: 26991
polytomy of size 3; rounds with additions with at least 0.01 support: 0; clusters: 26991
polytomy of size 4; rounds with additions with at least 0.01 support: 0; clusters: 26991
polytomy of size 5; rounds with additions with at least 0.01 support: 0; clusters: 26991
polytomy of size 5; rounds with additions with at least 0.01 support: 0; clusters: 26991
polytomy of size 3; rounds with additions with at least 0.01 support: 0; clusters: 26991
polytomy of size 3; rounds with additions with at least 0.01 support: 0; clusters: 26991
polytomy of size 4; rounds with additions with at least 0.01 support: 0; clusters: 26991
Number of Clusters after addition by greedy: 26991
partitions formed in 20.11 secs
Dynamic Programming starting after 20.11 secs
Size of largest cluster: 201
Size of largest cluster: 201
Total Number of elements weighted: 117689
Normalized score (portion of input quartet trees satisfied): NaN
Final optimization score: 0
Calculated 100000 weights; time (seconds): 43
Total Number of elements weighted: 117689
Normalized score (portion of input quartet trees satisfied): 0.8240324656737661
Final optimization score: 54384163865
Optimal tree inferred in 56.556 secs.
(59,(78,(137,(134,(110,(125,(111,(((106,(16,170)),((6,197),((184,196),((177,178),(84,(32,51)))))),((129,(0,(((69,(186,((200,76),(174,(92,101))))),((24,80),((117,(53,36)),(146,(168,(11,128)))))),((144,(8,194)),(((145,65),((164,143),(96,(56,(44,183))))),(((28,(85,30)),((98,172),(190,(153,2)))),((52,(41,(120,158))),((136,33),(181,173))))))))),((((68,(37,(10,83))),((93,(97,(171,(54,104)))),((147,15),(((17,35),(18,(151,21))),(((79,166),(70,(148,182))),((193,133),(135,(192,34)))))))),((75,(199,(29,27))),(((1,81),(61,113)),(((45,(89,(31,5))),(66,(167,(130,179)))),(((19,43),(77,188)),((141,142),((198,152),(157,(14,(180,(169,140))))))))))),(((((60,118),(112,67)),((126,64),(22,(109,7)))),(((86,(95,100)),(108,(12,139))),(82,(154,(119,((39,123),(162,57))))))),((((25,185),((121,107),(74,((49,156),(175,23))))),(((163,50),(124,9)),(149,((4,91),(13,((26,195),(155,165))))))),((47,(((160,72),(40,(150,55))),((99,103),(87,(42,(187,(105,176))))))),((115,((131,71),(63,(62,159)))),((((90,20),(73,94)),((138,191),(48,(116,38)))),((189,((46,88),(122,3))),((161,114),(58,(102,(132,127))))))))))))))))))));
Quartet score is: 54384163865
Normalized quartet score is: 0.8240324656737661
ASTRAL finished in 67.429 secs
