
================== ASTRAL ===================== 

This is ASTRAL version 4.10.10
Gene trees are treated as unrooted
1000 trees read from ASTRALDATA/model.200.10000000.0.0000001/41/estimatedgenetre.halfresolved
All output trees will be *arbitrarily* rooted at 62

======== Running the main analysis
Number of taxa: 201 (201 species)
Taxa: [62, 177, 90, 96, 51, 52, 12, 179, 44, 60, 192, 56, 29, 153, 168, 176, 189, 19, 53, 20, 200, 110, 36, 9, 14, 167, 25, 134, 127, 151, 152, 5, 58, 35, 30, 170, 68, 124, 7, 103, 196, 40, 88, 139, 195, 186, 79, 190, 123, 2, 173, 105, 15, 34, 66, 158, 130, 89, 54, 16, 38, 131, 143, 120, 174, 87, 147, 146, 109, 1, 166, 65, 101, 42, 32, 125, 106, 86, 13, 140, 73, 137, 142, 194, 95, 175, 63, 28, 118, 148, 8, 199, 57, 155, 45, 76, 107, 181, 64, 154, 157, 100, 3, 132, 150, 183, 136, 141, 85, 184, 104, 115, 121, 80, 21, 129, 182, 169, 59, 149, 49, 33, 39, 144, 74, 159, 161, 108, 41, 11, 97, 163, 116, 178, 156, 197, 23, 128, 188, 18, 83, 187, 92, 113, 94, 160, 46, 61, 48, 165, 82, 70, 78, 71, 75, 126, 69, 24, 117, 37, 0, 31, 17, 133, 55, 111, 81, 145, 6, 138, 112, 77, 43, 171, 102, 50, 164, 193, 99, 162, 172, 185, 22, 98, 191, 198, 119, 26, 10, 67, 27, 122, 84, 135, 72, 180, 91, 93, 4, 47, 114]
Taxon occupancy: {35=1000, 36=1000, 33=1000, 159=1000, 158=1000, 34=1000, 157=1000, 39=1000, 156=1000, 155=1000, 37=1000, 38=1000, 154=1000, 152=1000, 153=1000, 150=1000, 151=1000, 43=1000, 42=1000, 41=1000, 40=1000, 200=1000, 22=1000, 169=1000, 23=1000, 24=1000, 25=1000, 166=1000, 26=1000, 165=1000, 27=1000, 28=1000, 168=1000, 29=1000, 167=1000, 3=1000, 161=1000, 2=1000, 162=1000, 1=1000, 163=1000, 0=1000, 164=1000, 30=1000, 7=1000, 6=1000, 32=1000, 5=1000, 4=1000, 160=1000, 31=1000, 9=1000, 8=1000, 19=1000, 179=1000, 17=1000, 178=1000, 18=1000, 15=1000, 177=1000, 16=1000, 176=1000, 13=1000, 14=1000, 11=1000, 12=1000, 170=1000, 21=1000, 20=1000, 171=1000, 174=1000, 175=1000, 172=1000, 173=1000, 188=1000, 187=1000, 189=1000, 180=1000, 181=1000, 10=1000, 182=1000, 183=1000, 184=1000, 185=1000, 186=1000, 116=1000, 79=1000, 117=1000, 114=1000, 78=1000, 115=1000, 77=1000, 112=1000, 113=1000, 110=1000, 111=1000, 118=1000, 119=1000, 82=1000, 83=1000, 80=1000, 81=1000, 86=1000, 87=1000, 84=1000, 85=1000, 125=1000, 67=1000, 66=1000, 126=1000, 127=1000, 69=1000, 68=1000, 128=1000, 121=1000, 122=1000, 123=1000, 124=1000, 129=1000, 70=1000, 120=1000, 71=1000, 72=1000, 73=1000, 74=1000, 75=1000, 76=1000, 134=1000, 135=1000, 132=1000, 59=1000, 133=1000, 58=1000, 138=1000, 57=1000, 139=1000, 56=1000, 136=1000, 137=1000, 55=1000, 64=1000, 65=1000, 62=1000, 63=1000, 131=1000, 60=1000, 130=1000, 61=1000, 143=1000, 49=1000, 144=1000, 48=1000, 145=1000, 146=1000, 45=1000, 147=1000, 148=1000, 44=1000, 47=1000, 149=1000, 46=1000, 51=1000, 52=1000, 53=1000, 54=1000, 140=1000, 142=1000, 141=1000, 50=1000, 109=1000, 108=1000, 107=1000, 106=1000, 105=1000, 104=1000, 103=1000, 102=1000, 99=1000, 101=1000, 100=1000, 98=1000, 97=1000, 96=1000, 95=1000, 94=1000, 93=1000, 92=1000, 91=1000, 90=1000, 88=1000, 89=1000, 195=1000, 194=1000, 197=1000, 196=1000, 191=1000, 190=1000, 193=1000, 192=1000, 198=1000, 199=1000}
Number of gene trees: 1000
0 trees have missing taxa
Calculating quartet distance matrix (for completion of X)
Species tree distances calculated ...
Building set of clusters (X) from gene trees 
Using tree-based weight calculation.
Number of Default Clusters: 25909
Number of quartet trees in the gene trees: 65998350000
calculating extra bipartitions to be added at level 1 ...
Number of Clusters after addition by distance: 25909
Adding to X using resolutions of greedy consensus ...
Threshold 0.0:
Threshold 0.01:
Threshold 0.02:
Threshold 0.05:
Threshold 0.1:
polytomy of size 5; rounds with additions with at least 0.01 support: 0; clusters: 25909
polytomy of size 4; rounds with additions with at least 0.01 support: 0; clusters: 25909
Threshold 0.2:
polytomy of size 3; rounds with additions with at least 0.01 support: 0; clusters: 25909
polytomy of size 6; rounds with additions with at least 0.01 support: 0; clusters: 25909
polytomy of size 10; rounds with additions with at least 0.01 support: 0; clusters: 25909
Threshold 0.3333333333333333:
polytomy of size 3; rounds with additions with at least 0.01 support: 0; clusters: 25909
polytomy of size 3; rounds with additions with at least 0.01 support: 0; clusters: 25909
polytomy of size 5; rounds with additions with at least 0.01 support: 0; clusters: 25909
polytomy of size 17; rounds with additions with at least 0.01 support: 0; clusters: 26281
Number of Clusters after addition by greedy: 26281
partitions formed in 14.412 secs
Dynamic Programming starting after 14.412 secs
Size of largest cluster: 201
Calculated 100000 weights; time (seconds): 615
Total Number of elements weighted: 101298
Normalized score (portion of input quartet trees satisfied): 0.843923224641222
Final optimization score: 55697540353
Optimal tree inferred in 623.409 secs.
(45,(155,((161,(11,(108,41))),((28,((118,57),(148,(8,199)))),(((137,(142,(63,(194,(95,175))))),(65,(101,((73,(13,140)),((106,86),(42,(32,125))))))),(((147,146),(166,(109,1))),((((76,107),(181,(64,(154,(157,100))))),((3,((85,184),((136,141),(150,(132,183))))),(((80,21),(115,(104,121))),(159,((169,59),((74,(129,182)),((39,144),(149,(49,33))))))))),(((15,34),(((66,158),(130,89)),(54,((16,(38,131)),(87,(143,(120,174))))))),((88,(195,(139,((173,105),(186,(79,(123,(190,2)))))))),((97,(178,(163,116))),((((156,197),((188,18),(23,128))),(((48,(165,82)),((78,71),(70,(75,(126,69))))),(187,((31,(17,133)),(92,(83,((46,61),(113,(94,160))))))))),(0,(((91,(93,(4,(47,114)))),((24,(117,37)),(((27,122),((72,180),(84,135))),((185,(193,(99,(162,172)))),((10,67),((198,(119,26)),(22,(98,191)))))))),(((110,36),((20,200),(((25,134),(9,(14,167))),(127,(58,((151,(152,5)),((103,(35,30)),(170,(68,(124,7)))))))))),((196,40),(((177,(90,96)),((62,(51,52)),(60,(44,(12,179))))),((102,(50,164)),((168,176),(((53,(189,19)),((192,171),(153,(56,29)))),((145,(6,138)),(55,((111,81),(112,(77,43))))))))))))))))))))))));
Quartet score is: 55697540353
Normalized quartet score is: 0.843923224641222
ASTRAL finished in 631.661 secs
