
================== ASTRAL ===================== 

This is ASTRAL version 4.10.8
Gene trees are treated as unrooted
860 trees read from model.200.500000.0.000001/28/estimatedgenetre.halfresolved
All outputted trees will be *arbitrarily* rooted at 43

======== Running the main analysis
Number of taxa: 201 (201 species)
Taxa: [43, 145, 99, 106, 0, 157, 45, 54, 101, 123, 37, 51, 78, 75, 87, 52, 7, 95, 165, 141, 117, 138, 24, 15, 194, 41, 98, 70, 116, 25, 129, 40, 93, 64, 79, 21, 168, 34, 190, 128, 6, 13, 31, 65, 105, 2, 30, 62, 131, 126, 5, 132, 172, 115, 80, 81, 169, 159, 22, 167, 92, 200, 46, 177, 61, 148, 175, 191, 151, 48, 134, 38, 140, 181, 84, 174, 88, 50, 90, 122, 39, 173, 9, 183, 47, 89, 137, 162, 196, 91, 19, 20, 149, 170, 83, 199, 130, 76, 59, 152, 102, 195, 36, 97, 35, 112, 139, 127, 118, 94, 3, 158, 197, 111, 26, 156, 163, 42, 178, 14, 184, 28, 55, 96, 135, 136, 10, 186, 72, 82, 161, 17, 176, 150, 16, 182, 57, 147, 53, 154, 188, 77, 33, 187, 120, 74, 143, 60, 11, 109, 66, 73, 189, 49, 27, 113, 85, 32, 144, 180, 108, 18, 8, 58, 133, 192, 67, 23, 71, 100, 86, 155, 110, 193, 103, 119, 121, 56, 29, 185, 12, 44, 4, 114, 1, 171, 153, 68, 124, 69, 63, 107, 160, 198, 179, 125, 142, 166, 104, 164, 146]
Taxon occupancy: {35=860, 36=860, 159=860, 33=860, 34=860, 158=860, 39=860, 157=860, 156=860, 37=860, 155=860, 38=860, 154=860, 152=860, 153=860, 150=860, 151=860, 43=860, 42=860, 41=860, 40=860, 200=860, 22=860, 169=860, 23=860, 24=860, 25=860, 166=860, 26=860, 165=860, 27=860, 168=860, 28=860, 167=860, 29=860, 3=860, 161=860, 162=860, 2=860, 163=860, 1=860, 164=860, 0=860, 7=860, 30=860, 6=860, 5=860, 32=860, 160=860, 31=860, 4=860, 9=860, 8=860, 19=860, 179=860, 17=860, 178=860, 18=860, 177=860, 15=860, 176=860, 16=860, 13=860, 14=860, 11=860, 12=860, 170=860, 21=860, 20=860, 171=860, 174=860, 175=860, 172=860, 173=860, 188=860, 187=860, 189=860, 180=860, 181=860, 10=860, 182=860, 183=860, 184=860, 185=860, 186=860, 116=860, 117=860, 79=860, 78=860, 114=860, 115=860, 77=860, 112=860, 113=860, 110=860, 111=860, 118=860, 119=860, 82=860, 83=860, 80=860, 81=860, 86=860, 87=860, 84=860, 85=860, 125=860, 67=860, 126=860, 66=860, 127=860, 69=860, 128=860, 68=860, 121=860, 122=860, 123=860, 124=860, 129=860, 70=860, 120=860, 71=860, 72=860, 73=860, 74=860, 75=860, 76=860, 134=860, 135=860, 132=860, 59=860, 133=860, 138=860, 58=860, 139=860, 57=860, 136=860, 56=860, 137=860, 55=860, 64=860, 65=860, 62=860, 63=860, 131=860, 60=860, 61=860, 130=860, 143=860, 49=860, 48=860, 144=860, 145=860, 146=860, 45=860, 147=860, 148=860, 44=860, 149=860, 47=860, 46=860, 51=860, 52=860, 53=860, 54=860, 140=860, 142=860, 50=860, 141=860, 109=860, 108=860, 107=860, 106=860, 105=860, 104=860, 103=860, 99=860, 102=860, 101=860, 100=860, 98=860, 97=860, 96=860, 95=860, 94=860, 93=860, 92=860, 91=860, 90=860, 88=860, 89=860, 195=860, 194=860, 197=860, 196=860, 191=860, 190=860, 193=860, 192=860, 198=860, 199=860}
Number of gene trees: 860
0 trees have missing taxa
Calculating quartet distance matrix (for completion of X)
Species tree distances calculated ...
Building set of clusters (X) from gene trees 
Using tree-based weight calculation.
Number of Default Clusters: 152271
Number of quartet trees in the gene trees: 56583207528
calculating extra bipartitions to be added at level 1 ...
Number of Clusters after addition by distance: 152299
Adding to X using resolutions of greedy consensus ...
Threshold 0.0:
polytomy of size 5; rounds with additions with at least 0.01 support: 1; clusters: 152331
polytomy of size 11; rounds with additions with at least 0.01 support: 7; clusters: 152913
Threshold 0.01:
polytomy of size 30; rounds with additions with at least 0.01 support: 6; clusters: 161837
Threshold 0.02:
polytomy of size 4; rounds with additions with at least 0.01 support: 0; clusters: 161839
polytomy of size 33; rounds with additions with at least 0.01 support: 2; clusters: 171095
Threshold 0.05:
polytomy of size 50; rounds with additions with at least 0.01 support: 0; clusters: 171225
Threshold 0.1:
polytomy of size 3; rounds with additions with at least 0.01 support: 0; clusters: 171225
polytomy of size 3; rounds with additions with at least 0.01 support: 0; clusters: 171225
polytomy of size 65; rounds with additions with at least 0.01 support: 0; clusters: 171299
Threshold 0.2:
polytomy of size 4; rounds with additions with at least 0.01 support: 0; clusters: 171299
polytomy of size 3; rounds with additions with at least 0.01 support: 0; clusters: 171299
polytomy of size 4; rounds with additions with at least 0.01 support: 0; clusters: 171299
Threshold 0.3333333333333333:
polytomy of size 3; rounds with additions with at least 0.01 support: 0; clusters: 171299
polytomy of size 4; rounds with additions with at least 0.01 support: 0; clusters: 171299
polytomy of size 5; rounds with additions with at least 0.01 support: 0; clusters: 171299
Number of Clusters after addition by greedy: 171299
partitions formed in 82.145 secs
Dynamic Programming starting after 82.145 secs
Size of largest cluster: 201
Size of largest cluster: 201
Calculated 100000 weights; time (seconds): 112
Calculated 200000 weights; time (seconds): 40
Total Number of elements weighted: 326092
Normalized score (portion of input quartet trees satisfied): NaN
Final optimization score: 0
Calculated 300000 weights; time (seconds): 53
Total Number of elements weighted: 326092
Normalized score (portion of input quartet trees satisfied): 0.4624298274722578
Final optimization score: 26165762895
Optimal tree inferred in 221.247 secs.
(43,(((81,(80,(115,(132,172)))),((54,(3,(158,197))),(((112,(127,118)),(94,(36,(139,(97,35))))),((102,195),((83,199),(76,((59,152),(170,130)))))))),((((61,(191,(148,175))),(62,((131,(126,5)),(200,(177,(92,46)))))),((31,((22,167),(159,(65,105)))),((186,72),((160,(178,179)),((124,69),((169,198),(63,107))))))),(0,((((19,20),(91,(149,180))),((68,(146,((163,42),(26,156)))),((64,(41,(194,93))),((164,((142,(166,104)),(145,(99,106)))),(111,(190,((79,(21,168)),(34,(128,(6,13)))))))))),(((2,30),(((45,(101,123)),(151,(48,134))),(((113,(66,73)),((189,(49,27)),((109,85),(60,11)))),(((103,(119,121)),(143,(120,74))),(((82,161),(32,(144,108))),(((188,(116,25)),(70,(40,(129,154)))),((77,(187,(17,33))),((57,(147,53)),((16,182),(176,150)))))))))),(((37,((162,(157,196)),(52,((7,95),(78,(137,(47,(75,87)))))))),((153,(38,140)),(51,((89,(122,39)),(((133,(9,192)),(23,(173,67))),((183,86),(110,(71,(100,155))))))))),((193,(((174,88),((29,185),(181,(84,56)))),((18,(8,58)),(12,(50,(44,(4,114))))))),(((10,(96,135)),(184,(55,(136,(14,28))))),((1,171),((165,125),(98,(90,(24,(15,(117,(141,138)))))))))))))))));
Quartet score is: 26165762895
Normalized quartet score is: 0.4624298274722578
ASTRAL finished in 239.318 secs
