
================== ASTRAL ===================== 

This is ASTRAL version 4.10.10
Gene trees are treated as unrooted
994 trees read from ASTRALDATA/model.10.2000000.0.000001/35/estimatedgenetre.halfresolved
All output trees will be *arbitrarily* rooted at 8

======== Running the main analysis
Number of taxa: 11 (11 species)
Taxa: [8, 7, 4, 1, 10, 9, 0, 5, 2, 6, 3]
Taxon occupancy: {3=994, 2=994, 10=994, 1=994, 0=994, 7=994, 6=994, 5=994, 4=994, 9=994, 8=994}
Number of gene trees: 994
0 trees have missing taxa
Calculating quartet distance matrix (for completion of X)
Species tree distances calculated ...
Building set of clusters (X) from gene trees 
Using tree-based weight calculation.
Number of Default Clusters: 139
Number of quartet trees in the gene trees: 327996
calculating extra bipartitions to be added at level 1 ...
Number of Clusters after addition by distance: 139
Adding to X using resolutions of greedy consensus ...
Threshold 0.0:
Threshold 0.01:
Threshold 0.02:
Threshold 0.05:
Threshold 0.1:
Threshold 0.2:
Threshold 0.3333333333333333:
Number of Clusters after addition by greedy: 139
partitions formed in 0.514 secs
Dynamic Programming starting after 0.514 secs
Size of largest cluster: 11
Total Number of elements weighted: 187
Normalized score (portion of input quartet trees satisfied): 0.951167087403505
Final optimization score: 311979
Optimal tree inferred in 0.721 secs.
(4,((8,7),((1,10),(9,(0,(5,(2,(6,3))))))));
Quartet score is: 311979
Normalized quartet score is: 0.951167087403505
ASTRAL finished in 1.154 secs
