
================== ASTRAL ===================== 

This is ASTRAL version 4.10.10
Gene trees are treated as unrooted
977 trees read from ASTRALDATA/model.200.500000.0.000001/39/estimatedgenetre.halfresolved
All output trees will be *arbitrarily* rooted at 133

======== Running the main analysis
Number of taxa: 201 (201 species)
Taxa: [133, 70, 194, 175, 40, 147, 34, 103, 27, 13, 25, 120, 96, 28, 31, 146, 82, 122, 17, 130, 119, 62, 143, 77, 169, 42, 159, 164, 155, 187, 73, 173, 81, 165, 49, 9, 128, 61, 197, 124, 136, 184, 149, 139, 39, 180, 105, 157, 129, 107, 41, 90, 121, 114, 118, 108, 182, 16, 36, 153, 109, 33, 161, 74, 185, 20, 132, 56, 79, 137, 101, 200, 89, 3, 188, 140, 166, 23, 181, 68, 158, 198, 38, 8, 127, 135, 125, 45, 177, 95, 91, 6, 51, 12, 26, 60, 66, 46, 186, 92, 170, 145, 142, 7, 193, 131, 102, 192, 98, 154, 141, 160, 171, 48, 88, 2, 24, 72, 115, 99, 134, 151, 111, 15, 86, 43, 50, 84, 104, 178, 65, 162, 32, 18, 112, 1, 189, 37, 167, 183, 123, 138, 106, 64, 172, 174, 100, 52, 75, 0, 4, 83, 21, 110, 191, 126, 93, 87, 163, 55, 76, 22, 152, 179, 176, 196, 168, 80, 67, 195, 190, 19, 69, 53, 85, 156, 47, 5, 58, 63, 94, 35, 44, 117, 57, 10, 113, 150, 78, 116, 144, 71, 59, 148, 14, 97, 29, 54, 30, 199, 11]
Taxon occupancy: {35=977, 36=977, 33=977, 159=977, 158=977, 34=977, 39=977, 157=977, 156=977, 155=977, 37=977, 38=977, 154=977, 152=977, 153=977, 150=977, 151=977, 43=977, 42=977, 41=977, 40=977, 200=977, 22=977, 23=977, 169=977, 24=977, 25=977, 26=977, 166=977, 27=977, 165=977, 28=977, 168=977, 29=977, 167=977, 3=977, 161=977, 2=977, 162=977, 1=977, 163=977, 164=977, 0=977, 30=977, 7=977, 6=977, 32=977, 5=977, 31=977, 160=977, 4=977, 9=977, 8=977, 19=977, 17=977, 179=977, 178=977, 18=977, 177=977, 15=977, 16=977, 176=977, 13=977, 14=977, 11=977, 12=977, 170=977, 21=977, 20=977, 171=977, 174=977, 175=977, 172=977, 173=977, 188=977, 187=977, 189=977, 180=977, 181=977, 10=977, 182=977, 183=977, 184=977, 185=977, 186=977, 116=977, 79=977, 117=977, 114=977, 78=977, 77=977, 115=977, 112=977, 113=977, 110=977, 111=977, 118=977, 119=977, 82=977, 83=977, 80=977, 81=977, 86=977, 87=977, 84=977, 85=977, 125=977, 67=977, 66=977, 126=977, 127=977, 69=977, 68=977, 128=977, 121=977, 122=977, 123=977, 124=977, 129=977, 70=977, 120=977, 71=977, 72=977, 73=977, 74=977, 75=977, 76=977, 134=977, 135=977, 132=977, 59=977, 133=977, 138=977, 58=977, 139=977, 57=977, 56=977, 136=977, 137=977, 55=977, 64=977, 65=977, 62=977, 63=977, 60=977, 131=977, 130=977, 61=977, 143=977, 49=977, 48=977, 144=977, 145=977, 146=977, 45=977, 147=977, 148=977, 44=977, 149=977, 47=977, 46=977, 51=977, 52=977, 53=977, 54=977, 140=977, 142=977, 141=977, 50=977, 109=977, 108=977, 107=977, 106=977, 105=977, 104=977, 103=977, 102=977, 99=977, 101=977, 100=977, 98=977, 97=977, 96=977, 95=977, 94=977, 93=977, 92=977, 91=977, 90=977, 88=977, 89=977, 195=977, 194=977, 197=977, 196=977, 191=977, 190=977, 193=977, 192=977, 198=977, 199=977}
Number of gene trees: 977
0 trees have missing taxa
Calculating quartet distance matrix (for completion of X)
Species tree distances calculated ...
Building set of clusters (X) from gene trees 
Using tree-based weight calculation.
Number of Default Clusters: 166453
Number of quartet trees in the gene trees: 64394848998
calculating extra bipartitions to be added at level 1 ...
Number of Clusters after addition by distance: 166489
Adding to X using resolutions of greedy consensus ...
Threshold 0.0:
polytomy of size 3; rounds with additions with at least 0.01 support: 0; clusters: 166493
polytomy of size 14; rounds with additions with at least 0.01 support: 21; clusters: 168359
Threshold 0.01:
polytomy of size 31; rounds with additions with at least 0.01 support: 8; clusters: 180423
Threshold 0.02:
polytomy of size 38; rounds with additions with at least 0.01 support: 6; clusters: 197379
Threshold 0.05:
polytomy of size 3; rounds with additions with at least 0.01 support: 0; clusters: 197379
polytomy of size 51; rounds with additions with at least 0.01 support: 0; clusters: 197595
Threshold 0.1:
polytomy of size 3; rounds with additions with at least 0.01 support: 0; clusters: 197595
polytomy of size 67; rounds with additions with at least 0.01 support: 0; clusters: 197737
Threshold 0.2:
polytomy of size 3; rounds with additions with at least 0.01 support: 0; clusters: 197737
polytomy of size 4; rounds with additions with at least 0.01 support: 0; clusters: 197737
polytomy of size 3; rounds with additions with at least 0.01 support: 0; clusters: 197737
polytomy of size 3; rounds with additions with at least 0.01 support: 0; clusters: 197737
polytomy of size 4; rounds with additions with at least 0.01 support: 0; clusters: 197737
polytomy of size 5; rounds with additions with at least 0.01 support: 0; clusters: 197737
polytomy of size 4; rounds with additions with at least 0.01 support: 0; clusters: 197737
polytomy of size 86; rounds with additions with at least 0.01 support: 0; clusters: 197863
Threshold 0.3333333333333333:
polytomy of size 4; rounds with additions with at least 0.01 support: 0; clusters: 197863
polytomy of size 3; rounds with additions with at least 0.01 support: 0; clusters: 197863
polytomy of size 4; rounds with additions with at least 0.01 support: 0; clusters: 197863
polytomy of size 3; rounds with additions with at least 0.01 support: 0; clusters: 197863
polytomy of size 3; rounds with additions with at least 0.01 support: 0; clusters: 197863
polytomy of size 3; rounds with additions with at least 0.01 support: 0; clusters: 197863
Number of Clusters after addition by greedy: 197863
partitions formed in 120.614 secs
Dynamic Programming starting after 120.614 secs
Size of largest cluster: 201
Calculated 100000 weights; time (seconds): 740
Calculated 200000 weights; time (seconds): 658
Calculated 300000 weights; time (seconds): 685
Calculated 400000 weights; time (seconds): 699
Total Number of elements weighted: 404509
Normalized score (portion of input quartet trees satisfied): 0.4517537548213446
Final optimization score: 29090614826
Optimal tree inferred in 2815.032 secs.
(26,(169,(17,(((31,122),(82,(146,(25,120)))),(((110,191),((157,(155,(42,164))),(((187,173),(77,73)),(129,(159,(101,200)))))),(((96,28),(4,(119,62))),(((30,((14,54),(97,29))),(48,(88,((2,24),(71,(59,148)))))),(((156,47),(85,5)),((153,109),(((53,199),((21,(12,(125,(38,135)))),((145,(127,(184,(149,(198,(136,158)))))),((74,((20,(185,79)),((197,124),(128,(61,56))))),((151,(137,(111,15))),(((132,86),(183,(43,50))),(174,((178,(65,123)),(138,(84,104)))))))))),((((9,89),((8,134),(32,(162,(99,18))))),(((131,(98,(102,192))),(139,((166,(23,181)),(39,(180,105))))),(((67,195),(80,(196,168))),((60,(33,(107,41))),((177,95),(46,(118,(108,(66,(161,(114,(36,(182,16))))))))))))),((0,((165,49),(143,(13,(63,94))))),(((((106,75),(64,172)),(68,(186,(6,51)))),((167,52),((140,(3,(93,(188,83)))),(11,((45,92),(((170,126),((90,121),(69,(190,19)))),((57,(117,(35,44))),((81,150),(58,(10,113)))))))))),(((115,(142,7)),((189,(100,(1,37))),((72,112),(116,144)))),((78,((141,(160,171)),(91,(130,(27,(147,(34,103))))))),((175,(87,(194,154))),(193,((179,(40,176)),((55,(22,152)),(76,(163,(133,70))))))))))))))))))))));
Quartet score is: 29090614826
Normalized quartet score is: 0.4517537548213446
ASTRAL finished in 2827.994 secs
