
================== ASTRAL ===================== 

This is ASTRAL version 4.10.8
Gene trees are treated as unrooted
955 trees read from model.200.2000000.0.0000001/40/estimatedgenetre.halfresolved
All outputted trees will be *arbitrarily* rooted at 21

======== Running the main analysis
Number of taxa: 201 (201 species)
Taxa: [21, 142, 118, 89, 187, 86, 75, 60, 41, 125, 145, 147, 46, 115, 100, 108, 18, 156, 131, 38, 10, 44, 133, 32, 96, 14, 1, 95, 106, 169, 40, 73, 151, 183, 122, 43, 160, 154, 111, 63, 29, 15, 84, 173, 65, 98, 90, 59, 146, 83, 12, 132, 52, 55, 195, 112, 116, 157, 168, 188, 64, 110, 129, 158, 50, 56, 4, 185, 17, 36, 176, 45, 34, 102, 93, 135, 78, 182, 6, 121, 42, 66, 3, 48, 62, 99, 140, 149, 177, 9, 79, 114, 190, 155, 199, 123, 194, 54, 16, 88, 180, 184, 61, 26, 192, 109, 28, 167, 172, 19, 198, 141, 165, 72, 76, 193, 37, 97, 144, 161, 70, 81, 189, 126, 119, 80, 166, 178, 27, 33, 49, 92, 136, 22, 138, 25, 71, 181, 174, 107, 85, 87, 51, 130, 196, 57, 58, 67, 82, 134, 7, 47, 175, 8, 164, 163, 35, 91, 186, 30, 171, 105, 152, 137, 117, 143, 150, 101, 162, 153, 31, 170, 23, 179, 11, 200, 20, 13, 191, 127, 0, 148, 104, 159, 77, 24, 74, 139, 2, 113, 5, 128, 197, 124, 103, 120, 39, 69, 68, 94, 53]
Taxon occupancy: {35=955, 36=955, 33=955, 159=955, 34=955, 158=955, 39=955, 157=955, 156=955, 155=955, 37=955, 38=955, 154=955, 152=955, 153=955, 150=955, 151=955, 43=955, 42=955, 41=955, 40=955, 200=955, 22=955, 169=955, 23=955, 24=955, 25=955, 26=955, 166=955, 165=955, 27=955, 168=955, 28=955, 29=955, 167=955, 3=955, 161=955, 162=955, 2=955, 1=955, 163=955, 164=955, 0=955, 7=955, 30=955, 6=955, 32=955, 5=955, 4=955, 160=955, 31=955, 9=955, 8=955, 19=955, 17=955, 179=955, 18=955, 178=955, 177=955, 15=955, 176=955, 16=955, 13=955, 14=955, 11=955, 12=955, 21=955, 170=955, 171=955, 20=955, 174=955, 175=955, 172=955, 173=955, 188=955, 187=955, 189=955, 180=955, 10=955, 181=955, 182=955, 183=955, 184=955, 185=955, 186=955, 116=955, 79=955, 117=955, 114=955, 78=955, 115=955, 77=955, 112=955, 113=955, 110=955, 111=955, 118=955, 119=955, 82=955, 83=955, 80=955, 81=955, 86=955, 87=955, 84=955, 85=955, 125=955, 67=955, 66=955, 126=955, 69=955, 127=955, 68=955, 128=955, 121=955, 122=955, 123=955, 124=955, 129=955, 70=955, 120=955, 71=955, 72=955, 73=955, 74=955, 75=955, 76=955, 134=955, 135=955, 132=955, 133=955, 59=955, 138=955, 58=955, 57=955, 139=955, 56=955, 136=955, 55=955, 137=955, 64=955, 65=955, 62=955, 63=955, 131=955, 60=955, 61=955, 130=955, 49=955, 143=955, 48=955, 144=955, 145=955, 146=955, 45=955, 147=955, 44=955, 148=955, 149=955, 47=955, 46=955, 51=955, 52=955, 53=955, 54=955, 140=955, 142=955, 50=955, 141=955, 109=955, 108=955, 107=955, 106=955, 105=955, 104=955, 103=955, 99=955, 102=955, 101=955, 100=955, 98=955, 97=955, 96=955, 95=955, 94=955, 93=955, 92=955, 91=955, 90=955, 88=955, 89=955, 195=955, 194=955, 197=955, 196=955, 191=955, 190=955, 193=955, 192=955, 198=955, 199=955}
Number of gene trees: 955
0 trees have missing taxa
Calculating quartet distance matrix (for completion of X)
Species tree distances calculated ...
Building set of clusters (X) from gene trees 
Using tree-based weight calculation.
Number of Default Clusters: 78383
Number of quartet trees in the gene trees: 62934708189
calculating extra bipartitions to be added at level 1 ...
Number of Clusters after addition by distance: 78391
Adding to X using resolutions of greedy consensus ...
Threshold 0.0:
polytomy of size 3; rounds with additions with at least 0.01 support: 0; clusters: 78395
Threshold 0.01:
polytomy of size 8; rounds with additions with at least 0.01 support: 1; clusters: 78501
Threshold 0.02:
polytomy of size 9; rounds with additions with at least 0.01 support: 2; clusters: 78597
Threshold 0.05:
polytomy of size 10; rounds with additions with at least 0.01 support: 1; clusters: 78601
Threshold 0.1:
polytomy of size 3; rounds with additions with at least 0.01 support: 0; clusters: 78601
polytomy of size 3; rounds with additions with at least 0.01 support: 0; clusters: 78601
polytomy of size 17; rounds with additions with at least 0.01 support: 0; clusters: 78603
polytomy of size 3; rounds with additions with at least 0.01 support: 0; clusters: 78603
Threshold 0.2:
polytomy of size 4; rounds with additions with at least 0.01 support: 0; clusters: 78603
polytomy of size 3; rounds with additions with at least 0.01 support: 0; clusters: 78603
polytomy of size 3; rounds with additions with at least 0.01 support: 0; clusters: 78603
polytomy of size 4; rounds with additions with at least 0.01 support: 0; clusters: 78603
polytomy of size 26; rounds with additions with at least 0.01 support: 0; clusters: 78607
polytomy of size 3; rounds with additions with at least 0.01 support: 0; clusters: 78607
Threshold 0.3333333333333333:
polytomy of size 3; rounds with additions with at least 0.01 support: 0; clusters: 78607
polytomy of size 3; rounds with additions with at least 0.01 support: 0; clusters: 78607
polytomy of size 4; rounds with additions with at least 0.01 support: 0; clusters: 78607
polytomy of size 5; rounds with additions with at least 0.01 support: 0; clusters: 78607
polytomy of size 4; rounds with additions with at least 0.01 support: 0; clusters: 78607
polytomy of size 52; rounds with additions with at least 0.01 support: 0; clusters: 92347
Number of Clusters after addition by greedy: 92347
partitions formed in 38.86 secs
Dynamic Programming starting after 38.86 secs
Size of largest cluster: 201
Size of largest cluster: 201
Calculated 100000 weights; time (seconds): 66
Total Number of elements weighted: 226816
Normalized score (portion of input quartet trees satisfied): NaN
Final optimization score: 0
Calculated 200000 weights; time (seconds): 34
Total Number of elements weighted: 226816
Normalized score (portion of input quartet trees satisfied): 0.5835793827740251
Final optimization score: 36727398160
Optimal tree inferred in 114.532 secs.
(21,((100,108),((((18,156),(142,118)),(89,((125,(145,(46,(147,115)))),(41,(60,(187,(86,75))))))),(((158,50),(((168,188),(64,(110,129))),((16,88),(180,(184,(61,26)))))),(((185,((17,36),(176,45))),(((167,172),(28,(192,109))),(((19,(198,141)),((97,(193,37)),(165,(72,76)))),((119,80),(((27,33),(49,(166,178))),(92,((136,22),((138,25),(181,(71,174)))))))))),((131,((4,(133,32)),((15,84),(111,(63,29))))),(0,((((10,44),((38,(132,52)),(55,(195,(112,116))))),((157,(35,(171,(30,(91,186))))),((173,((65,(98,90)),(59,(146,(83,12))))),(105,((20,(13,191)),((23,(179,11)),(200,((152,(117,143)),((150,(101,162)),(137,(153,(31,170)))))))))))),((((144,(161,70)),((68,(94,53)),((24,74),((148,104),(159,77))))),(87,(((82,134),(175,(7,47))),((8,(164,163)),(130,(67,(51,(196,(57,58))))))))),((56,((96,(14,((169,40),(1,(95,106))))),((73,151),(34,((160,154),(183,(122,43))))))),(((127,(126,(85,(81,189)))),(((139,2),(113,5)),(107,(128,((197,124),(103,(120,(39,69)))))))),(((102,(182,(78,(93,135)))),((114,(194,54)),(190,(155,(199,123))))),(((6,(121,42)),(48,(66,3))),(62,((99,140),((149,177),(9,79)))))))))))))))));
Quartet score is: 36727398160
Normalized quartet score is: 0.5835793827740251
ASTRAL finished in 128.555 secs
