
================== ASTRAL ===================== 

This is ASTRAL version 4.10.8
Gene trees are treated as unrooted
1000 trees read from model.200.500000.0.0000001/15/estimatedgenetre.halfresolved
All outputted trees will be *arbitrarily* rooted at 38

======== Running the main analysis
Number of taxa: 201 (201 species)
Taxa: [38, 53, 170, 56, 96, 66, 70, 50, 65, 8, 24, 63, 101, 133, 153, 162, 23, 181, 3, 152, 11, 123, 100, 72, 112, 179, 88, 124, 52, 31, 193, 176, 178, 20, 106, 188, 160, 169, 32, 55, 36, 135, 17, 171, 75, 68, 116, 10, 108, 28, 104, 59, 9, 90, 89, 114, 111, 180, 187, 137, 44, 78, 183, 94, 109, 77, 150, 192, 41, 151, 69, 159, 119, 173, 128, 6, 84, 200, 110, 2, 27, 86, 161, 83, 115, 168, 182, 92, 35, 73, 15, 42, 62, 147, 174, 191, 34, 146, 194, 164, 60, 196, 87, 74, 79, 99, 185, 154, 48, 91, 122, 40, 127, 113, 7, 25, 67, 197, 21, 117, 18, 47, 82, 136, 102, 105, 43, 143, 4, 177, 1, 157, 97, 166, 131, 81, 103, 126, 125, 51, 39, 139, 14, 165, 198, 45, 142, 149, 134, 98, 64, 130, 167, 16, 141, 13, 129, 148, 144, 190, 49, 199, 26, 107, 46, 138, 12, 145, 33, 85, 118, 54, 95, 57, 195, 19, 93, 132, 184, 37, 155, 186, 172, 58, 156, 163, 80, 22, 71, 30, 29, 0, 140, 121, 5, 189, 175, 158, 61, 120, 76]
Taxon occupancy: {35=1000, 36=1000, 159=1000, 33=1000, 158=1000, 34=1000, 157=1000, 39=1000, 156=1000, 37=1000, 155=1000, 38=1000, 154=1000, 152=1000, 153=1000, 150=1000, 151=1000, 43=1000, 42=1000, 41=1000, 40=1000, 200=1000, 22=1000, 23=1000, 169=1000, 24=1000, 25=1000, 166=1000, 26=1000, 27=1000, 165=1000, 168=1000, 28=1000, 167=1000, 29=1000, 161=1000, 3=1000, 2=1000, 162=1000, 1=1000, 163=1000, 164=1000, 0=1000, 7=1000, 30=1000, 6=1000, 5=1000, 32=1000, 31=1000, 160=1000, 4=1000, 9=1000, 8=1000, 19=1000, 179=1000, 17=1000, 178=1000, 18=1000, 15=1000, 177=1000, 176=1000, 16=1000, 13=1000, 14=1000, 11=1000, 12=1000, 170=1000, 21=1000, 20=1000, 171=1000, 174=1000, 175=1000, 172=1000, 173=1000, 188=1000, 187=1000, 189=1000, 180=1000, 181=1000, 10=1000, 182=1000, 183=1000, 184=1000, 185=1000, 186=1000, 116=1000, 79=1000, 117=1000, 78=1000, 114=1000, 115=1000, 77=1000, 112=1000, 113=1000, 110=1000, 111=1000, 118=1000, 119=1000, 82=1000, 83=1000, 80=1000, 81=1000, 86=1000, 87=1000, 84=1000, 85=1000, 67=1000, 125=1000, 66=1000, 126=1000, 69=1000, 127=1000, 128=1000, 68=1000, 121=1000, 122=1000, 123=1000, 124=1000, 129=1000, 70=1000, 120=1000, 71=1000, 72=1000, 73=1000, 74=1000, 75=1000, 76=1000, 134=1000, 135=1000, 132=1000, 59=1000, 133=1000, 138=1000, 58=1000, 139=1000, 57=1000, 56=1000, 136=1000, 137=1000, 55=1000, 64=1000, 65=1000, 62=1000, 63=1000, 60=1000, 131=1000, 61=1000, 130=1000, 143=1000, 49=1000, 48=1000, 144=1000, 145=1000, 146=1000, 147=1000, 45=1000, 44=1000, 148=1000, 47=1000, 149=1000, 46=1000, 51=1000, 52=1000, 53=1000, 54=1000, 140=1000, 142=1000, 50=1000, 141=1000, 109=1000, 108=1000, 107=1000, 106=1000, 105=1000, 104=1000, 103=1000, 99=1000, 102=1000, 101=1000, 100=1000, 98=1000, 97=1000, 96=1000, 95=1000, 94=1000, 93=1000, 92=1000, 91=1000, 90=1000, 88=1000, 89=1000, 195=1000, 194=1000, 197=1000, 196=1000, 191=1000, 190=1000, 193=1000, 192=1000, 198=1000, 199=1000}
Number of gene trees: 1000
0 trees have missing taxa
Calculating quartet distance matrix (for completion of X)
Species tree distances calculated ...
Building set of clusters (X) from gene trees 
Using tree-based weight calculation.
Number of Default Clusters: 143761
Number of quartet trees in the gene trees: 65998349802
calculating extra bipartitions to be added at level 1 ...
Number of Clusters after addition by distance: 143781
Adding to X using resolutions of greedy consensus ...
Threshold 0.0:
polytomy of size 11; rounds with additions with at least 0.01 support: 2; clusters: 144135
Threshold 0.01:
polytomy of size 24; rounds with additions with at least 0.01 support: 2; clusters: 146657
Threshold 0.02:
polytomy of size 4; rounds with additions with at least 0.01 support: 0; clusters: 146661
polytomy of size 31; rounds with additions with at least 0.01 support: 2; clusters: 151299
Threshold 0.05:
polytomy of size 3; rounds with additions with at least 0.01 support: 0; clusters: 151299
polytomy of size 5; rounds with additions with at least 0.01 support: 0; clusters: 151299
polytomy of size 45; rounds with additions with at least 0.01 support: 0; clusters: 151323
Threshold 0.1:
polytomy of size 4; rounds with additions with at least 0.01 support: 0; clusters: 151323
polytomy of size 5; rounds with additions with at least 0.01 support: 0; clusters: 151323
polytomy of size 4; rounds with additions with at least 0.01 support: 0; clusters: 151323
polytomy of size 63; rounds with additions with at least 0.01 support: 0; clusters: 151349
Threshold 0.2:
polytomy of size 4; rounds with additions with at least 0.01 support: 0; clusters: 151349
polytomy of size 4; rounds with additions with at least 0.01 support: 0; clusters: 151349
polytomy of size 3; rounds with additions with at least 0.01 support: 0; clusters: 151349
polytomy of size 7; rounds with additions with at least 0.01 support: 0; clusters: 151349
polytomy of size 84; rounds with additions with at least 0.01 support: 0; clusters: 151349
Threshold 0.3333333333333333:
polytomy of size 5; rounds with additions with at least 0.01 support: 0; clusters: 151349
polytomy of size 4; rounds with additions with at least 0.01 support: 0; clusters: 151349
polytomy of size 3; rounds with additions with at least 0.01 support: 0; clusters: 151349
polytomy of size 5; rounds with additions with at least 0.01 support: 0; clusters: 151349
polytomy of size 3; rounds with additions with at least 0.01 support: 0; clusters: 151349
polytomy of size 4; rounds with additions with at least 0.01 support: 0; clusters: 151349
Number of Clusters after addition by greedy: 151349
partitions formed in 95.724 secs
Dynamic Programming starting after 95.725 secs
Size of largest cluster: 201
Size of largest cluster: 201
Calculated 100000 weights; time (seconds): 118
Calculated 200000 weights; time (seconds): 21
Total Number of elements weighted: 490723
Normalized score (portion of input quartet trees satisfied): NaN
Final optimization score: 0
Calculated 300000 weights; time (seconds): 22
Calculated 400000 weights; time (seconds): 21
Total Number of elements weighted: 490723
Normalized score (portion of input quartet trees satisfied): 0.5080759106795705
Final optimization score: 33532171679
Optimal tree inferred in 237.811 secs.
(38,((53,(96,(170,56))),((66,(70,(50,65))),(((162,((86,161),((133,(101,153)),(63,(8,24))))),(((36,(89,(135,(17,171)))),((75,(115,168)),(83,(32,(169,55))))),((68,(116,(114,111))),(180,((187,44),(((10,108),(137,78)),(90,(28,(9,(104,59)))))))))),(((51,((131,81),(150,(192,41)))),(((16,((141,13),(148,(67,129)))),((197,((130,167),(134,(98,64)))),(((136,102),(18,(47,82))),((21,117),(121,(25,140)))))),((27,(43,((105,(1,(4,177))),((157,(97,166)),(143,(103,(126,125))))))),((194,164),((87,(60,196)),(((151,((175,158),(5,189))),((69,76),(185,(61,(120,(6,(74,(79,99)))))))),(((35,73),(42,(15,62))),((182,92),((149,(159,119)),(128,(173,((34,146),(147,(174,191)))))))))))))),((0,(19,186)),(((77,195),((40,(165,(122,(48,91)))),((172,(39,(139,14))),((29,(154,(22,(71,30)))),((45,142),((198,58),(156,(163,80)))))))),((((23,3),(181,(184,(37,155)))),(54,((95,57),((145,(138,12)),((190,(49,132)),(144,(199,(93,(26,(107,46)))))))))),((((110,2),(152,(33,(85,118)))),(94,((109,(20,106)),(31,(193,(183,(176,178))))))),((160,(11,(188,(84,200)))),(((124,52),(100,(123,88))),((112,7),((179,113),(72,127))))))))))))));
Quartet score is: 33532171679
Normalized quartet score is: 0.5080759106795705
ASTRAL finished in 247.486 secs
