
================== ASTRAL ===================== 

This is ASTRAL version 4.10.10
Gene trees are treated as unrooted
1000 trees read from ASTRALDATA/model.10.2000000.0.000001/28/estimatedgenetre.halfresolved
All output trees will be *arbitrarily* rooted at 1

======== Running the main analysis
Number of taxa: 11 (11 species)
Taxa: [1, 7, 6, 10, 9, 3, 2, 5, 8, 0, 4]
Taxon occupancy: {3=1000, 2=1000, 10=1000, 1=1000, 0=1000, 7=1000, 6=1000, 5=1000, 4=1000, 9=1000, 8=1000}
Number of gene trees: 1000
0 trees have missing taxa
Calculating quartet distance matrix (for completion of X)
Species tree distances calculated ...
Building set of clusters (X) from gene trees 
Using tree-based weight calculation.
Number of Default Clusters: 131
Number of quartet trees in the gene trees: 330000
calculating extra bipartitions to be added at level 1 ...
Number of Clusters after addition by distance: 131
Adding to X using resolutions of greedy consensus ...
Threshold 0.0:
Threshold 0.01:
Threshold 0.02:
Threshold 0.05:
Threshold 0.1:
Threshold 0.2:
Threshold 0.3333333333333333:
Number of Clusters after addition by greedy: 131
partitions formed in 0.415 secs
Dynamic Programming starting after 0.415 secs
Size of largest cluster: 11
Total Number of elements weighted: 177
Normalized score (portion of input quartet trees satisfied): 0.9363272727272727
Final optimization score: 308988
Optimal tree inferred in 0.619 secs.
(6,((7,8),(1,((0,4),((10,9),(3,(2,5)))))));
Quartet score is: 308988
Normalized quartet score is: 0.9363272727272727
ASTRAL finished in 1.088 secs
