
================== ASTRAL ===================== 

This is ASTRAL version 4.10.10
Gene trees are treated as unrooted
1000 trees read from ASTRALDATA/model.200.500000.0.0000001/40/estimatedgenetre.halfresolved
All output trees will be *arbitrarily* rooted at 13

======== Running the main analysis
Number of taxa: 201 (201 species)
Taxa: [13, 124, 195, 129, 14, 104, 59, 58, 177, 148, 192, 74, 11, 83, 91, 20, 77, 173, 181, 119, 150, 155, 109, 156, 84, 123, 198, 32, 122, 103, 62, 135, 112, 70, 191, 38, 6, 175, 176, 43, 45, 164, 39, 133, 110, 88, 66, 4, 54, 102, 25, 163, 75, 113, 152, 200, 196, 48, 138, 95, 44, 147, 28, 8, 37, 35, 57, 56, 67, 105, 146, 134, 98, 94, 106, 157, 184, 29, 183, 78, 108, 63, 127, 182, 68, 61, 131, 0, 141, 168, 42, 50, 49, 142, 161, 197, 111, 34, 2, 60, 172, 143, 188, 55, 121, 72, 46, 86, 101, 144, 160, 71, 79, 180, 158, 23, 18, 114, 33, 90, 153, 115, 21, 47, 179, 52, 36, 92, 187, 186, 40, 76, 53, 82, 140, 99, 64, 154, 125, 145, 171, 73, 193, 132, 199, 89, 170, 117, 159, 31, 100, 87, 51, 120, 7, 12, 185, 151, 30, 166, 189, 22, 10, 136, 1, 19, 97, 165, 3, 65, 16, 69, 169, 15, 116, 130, 137, 194, 174, 190, 41, 167, 26, 80, 126, 27, 139, 5, 17, 9, 81, 85, 93, 24, 178, 149, 96, 128, 107, 162, 118]
Taxon occupancy: {35=1000, 36=1000, 33=1000, 159=1000, 34=1000, 158=1000, 157=1000, 39=1000, 156=1000, 37=1000, 155=1000, 38=1000, 154=1000, 152=1000, 153=1000, 150=1000, 151=1000, 43=1000, 42=1000, 41=1000, 40=1000, 200=1000, 22=1000, 23=1000, 169=1000, 24=1000, 25=1000, 166=1000, 26=1000, 165=1000, 27=1000, 168=1000, 28=1000, 29=1000, 167=1000, 161=1000, 3=1000, 162=1000, 2=1000, 163=1000, 1=1000, 0=1000, 164=1000, 7=1000, 30=1000, 6=1000, 32=1000, 5=1000, 4=1000, 160=1000, 31=1000, 9=1000, 8=1000, 19=1000, 179=1000, 17=1000, 178=1000, 18=1000, 177=1000, 15=1000, 176=1000, 16=1000, 13=1000, 14=1000, 11=1000, 12=1000, 21=1000, 170=1000, 20=1000, 171=1000, 174=1000, 175=1000, 172=1000, 173=1000, 188=1000, 187=1000, 189=1000, 180=1000, 181=1000, 10=1000, 182=1000, 183=1000, 184=1000, 185=1000, 186=1000, 116=1000, 79=1000, 117=1000, 78=1000, 114=1000, 77=1000, 115=1000, 112=1000, 113=1000, 110=1000, 111=1000, 118=1000, 119=1000, 82=1000, 83=1000, 80=1000, 81=1000, 86=1000, 87=1000, 84=1000, 85=1000, 67=1000, 125=1000, 66=1000, 126=1000, 127=1000, 69=1000, 128=1000, 68=1000, 121=1000, 122=1000, 123=1000, 124=1000, 129=1000, 70=1000, 71=1000, 120=1000, 72=1000, 73=1000, 74=1000, 75=1000, 76=1000, 134=1000, 135=1000, 132=1000, 59=1000, 133=1000, 138=1000, 58=1000, 57=1000, 139=1000, 56=1000, 136=1000, 55=1000, 137=1000, 64=1000, 65=1000, 62=1000, 63=1000, 131=1000, 60=1000, 61=1000, 130=1000, 49=1000, 143=1000, 48=1000, 144=1000, 145=1000, 146=1000, 147=1000, 45=1000, 44=1000, 148=1000, 149=1000, 47=1000, 46=1000, 51=1000, 52=1000, 53=1000, 54=1000, 140=1000, 142=1000, 50=1000, 141=1000, 109=1000, 108=1000, 107=1000, 106=1000, 105=1000, 104=1000, 103=1000, 102=1000, 99=1000, 101=1000, 100=1000, 98=1000, 97=1000, 96=1000, 95=1000, 94=1000, 93=1000, 92=1000, 91=1000, 90=1000, 88=1000, 89=1000, 195=1000, 194=1000, 197=1000, 196=1000, 191=1000, 190=1000, 193=1000, 192=1000, 198=1000, 199=1000}
Number of gene trees: 1000
0 trees have missing taxa
Calculating quartet distance matrix (for completion of X)
Species tree distances calculated ...
Building set of clusters (X) from gene trees 
Using tree-based weight calculation.
Number of Default Clusters: 150267
Number of quartet trees in the gene trees: 65997639702
calculating extra bipartitions to be added at level 1 ...
Number of Clusters after addition by distance: 150309
Adding to X using resolutions of greedy consensus ...
Threshold 0.0:
polytomy of size 18; rounds with additions with at least 0.01 support: 23; clusters: 153401
Threshold 0.01:
polytomy of size 32; rounds with additions with at least 0.01 support: 5; clusters: 164223
Threshold 0.02:
polytomy of size 3; rounds with additions with at least 0.01 support: 0; clusters: 164223
polytomy of size 35; rounds with additions with at least 0.01 support: 5; clusters: 175471
Threshold 0.05:
polytomy of size 49; rounds with additions with at least 0.01 support: 1; clusters: 175701
Threshold 0.1:
polytomy of size 67; rounds with additions with at least 0.01 support: 0; clusters: 175971
Threshold 0.2:
polytomy of size 81; rounds with additions with at least 0.01 support: 0; clusters: 176047
Threshold 0.3333333333333333:
polytomy of size 4; rounds with additions with at least 0.01 support: 0; clusters: 176047
polytomy of size 3; rounds with additions with at least 0.01 support: 0; clusters: 176047
polytomy of size 3; rounds with additions with at least 0.01 support: 0; clusters: 176047
Number of Clusters after addition by greedy: 176047
partitions formed in 113.136 secs
Dynamic Programming starting after 113.136 secs
Size of largest cluster: 201
Calculated 100000 weights; time (seconds): 748
Calculated 200000 weights; time (seconds): 637
Calculated 300000 weights; time (seconds): 665
Total Number of elements weighted: 371843
Normalized score (portion of input quartet trees satisfied): 0.4568334689412587
Final optimization score: 30149930687
Optimal tree inferred in 2544.419 secs.
(161,(195,(141,(168,((49,(42,50)),(142,((14,104),((32,((198,158),((23,18),(177,(148,(74,(58,192))))))),((((62,191),(38,(176,(6,(175,43))))),((123,(112,70)),((45,164),(114,(33,90))))),(129,(((87,(61,(120,((182,68),(172,(7,12)))))),(122,((135,111),(103,(55,(72,(121,(46,(86,101))))))))),((27,(100,51)),((0,(((13,124),(40,((187,186),(197,(180,76))))),((109,(39,(156,84))),(((131,52),((5,17),(162,(36,(47,(179,92)))))),(118,((9,(85,(93,24))),(81,((178,149),(107,(96,128)))))))))),(((139,(21,(153,115))),(((8,37),(34,(110,(4,54)))),((155,(11,(83,91))),(((138,(95,44)),((113,48),(200,(152,196)))),(((173,143),((119,150),(181,(133,188)))),(59,((88,66),(102,((20,77),(25,(163,75))))))))))),((((69,169),(16,(151,30))),((185,(3,65)),((97,165),((166,(189,22)),(10,(136,(1,19))))))),((144,160),((((35,60),(63,((57,(56,134)),(146,(67,105))))),(((29,108),(183,78)),(98,(127,((106,184),(94,157)))))),((((2,132),(28,(71,79))),((199,31),(159,(147,(89,(170,117)))))),((116,(130,(15,137))),((193,((41,(171,73)),(26,(167,(80,126))))),(((53,82),(99,(140,64))),((174,190),(194,(145,(154,125)))))))))))))))))))))))));
Quartet score is: 30149930687
Normalized quartet score is: 0.4568334689412587
ASTRAL finished in 2552.695 secs
