
================== ASTRAL ===================== 

This is ASTRAL version 4.10.7
Gene trees are treated as unrooted
1000 trees read from ASTRALDATA/model.200.500000.0.000001/06/estimatedgenetre.halfresolved
All output trees will be *arbitrarily* rooted at 59

======== Running the main analysis
Number of taxa: 201 (201 species)
Taxa: [59, 71, 120, 170, 178, 137, 17, 175, 98, 163, 38, 48, 134, 33, 143, 132, 117, 53, 102, 25, 99, 156, 61, 142, 160, 77, 166, 3, 26, 63, 12, 97, 149, 11, 46, 114, 95, 1, 125, 104, 158, 188, 18, 23, 138, 118, 92, 172, 57, 151, 131, 191, 181, 121, 28, 109, 155, 167, 108, 35, 69, 100, 51, 194, 159, 179, 129, 6, 29, 82, 152, 130, 65, 165, 113, 0, 50, 66, 145, 45, 200, 87, 190, 41, 169, 186, 177, 5, 112, 2, 107, 44, 13, 183, 94, 21, 43, 80, 4, 196, 147, 42, 56, 86, 78, 101, 14, 185, 123, 141, 52, 180, 39, 73, 171, 184, 144, 157, 49, 27, 197, 110, 148, 79, 84, 174, 161, 55, 126, 89, 20, 70, 198, 75, 162, 85, 58, 67, 103, 153, 115, 195, 81, 68, 10, 173, 24, 127, 96, 60, 182, 193, 19, 146, 122, 136, 150, 54, 164, 154, 116, 91, 31, 135, 62, 74, 32, 72, 30, 168, 9, 37, 64, 111, 105, 124, 22, 34, 88, 192, 15, 128, 8, 140, 106, 47, 16, 76, 119, 7, 189, 133, 83, 176, 139, 199, 93, 90, 187, 40, 36]
Number of gene trees: 1000
0 trees have missing taxa
Calculating quartet distance matrix (for completion of X)
Species tree distances calculated ...
Building set of clusters (X) from gene trees 
Using tree-based weight calculation.
Number of Default Clusters: 133379
Number of quartet trees in the gene trees: 65998214457
calculating extra bipartitions to be added at level 1 ...
Number of Clusters after addition by distance: 133395
Adding to X using resolutions of greedy consensus ...
Threshold 0.0:
polytomy of size 10; rounds with additions with at least 0.01 support: 6; clusters: 133789
Threshold 0.01:
polytomy of size 3; rounds with additions with at least 0.01 support: 0; clusters: 133791
polytomy of size 16; rounds with additions with at least 0.01 support: 4; clusters: 134879
Threshold 0.02:
polytomy of size 3; rounds with additions with at least 0.01 support: 0; clusters: 134879
polytomy of size 5; rounds with additions with at least 0.01 support: 0; clusters: 134891
polytomy of size 19; rounds with additions with at least 0.01 support: 2; clusters: 136209
Threshold 0.05:
polytomy of size 3; rounds with additions with at least 0.01 support: 0; clusters: 136209
polytomy of size 41; rounds with additions with at least 0.01 support: 0; clusters: 136253
Threshold 0.1:
polytomy of size 4; rounds with additions with at least 0.01 support: 0; clusters: 136253
polytomy of size 4; rounds with additions with at least 0.01 support: 0; clusters: 136253
polytomy of size 3; rounds with additions with at least 0.01 support: 0; clusters: 136253
polytomy of size 52; rounds with additions with at least 0.01 support: 0; clusters: 136291
Threshold 0.2:
polytomy of size 3; rounds with additions with at least 0.01 support: 0; clusters: 136291
polytomy of size 3; rounds with additions with at least 0.01 support: 0; clusters: 136291
polytomy of size 11; rounds with additions with at least 0.01 support: 0; clusters: 136291
polytomy of size 3; rounds with additions with at least 0.01 support: 0; clusters: 136291
polytomy of size 69; rounds with additions with at least 0.01 support: 0; clusters: 136291
Threshold 0.3333333333333333:
polytomy of size 3; rounds with additions with at least 0.01 support: 0; clusters: 136291
polytomy of size 4; rounds with additions with at least 0.01 support: 0; clusters: 136291
polytomy of size 6; rounds with additions with at least 0.01 support: 0; clusters: 136291
polytomy of size 4; rounds with additions with at least 0.01 support: 0; clusters: 136291
polytomy of size 6; rounds with additions with at least 0.01 support: 0; clusters: 136291
polytomy of size 3; rounds with additions with at least 0.01 support: 0; clusters: 136291
polytomy of size 3; rounds with additions with at least 0.01 support: 0; clusters: 136291
polytomy of size 3; rounds with additions with at least 0.01 support: 0; clusters: 136291
polytomy of size 3; rounds with additions with at least 0.01 support: 0; clusters: 136291
polytomy of size 3; rounds with additions with at least 0.01 support: 0; clusters: 136291
polytomy of size 3; rounds with additions with at least 0.01 support: 0; clusters: 136291
Number of Clusters after addition by greedy: 136291
partitions formed in 75.606 secs
Dynamic Programming starting after 75.606 secs
Size of largest cluster: 201
Calculated 100000 weights; time (seconds): 860
Calculated 200000 weights; time (seconds): 786
Calculated 300000 weights; time (seconds): 792
Calculated 400000 weights; time (seconds): 825
Total Number of elements weighted: 417492
Normalized score (portion of input quartet trees satisfied): 0.5193653652301868
Final optimization score: 34277186756
Optimal tree inferred in 3417.754 secs.
(94,((147,(196,42)),((5,56),((113,(55,((126,20),(183,(13,89))))),((28,((91,74),(62,(31,135)))),(((107,44),(145,(45,(111,(200,105))))),((177,(169,(41,186))),(((((19,54),(164,(154,116))),(70,((144,157),(184,(73,171))))),(150,(((141,39),(((101,14),(2,78)),((86,52),(185,(123,180))))),(((174,161),(49,(27,197))),((181,(191,121)),((79,84),(110,148))))))),((64,((198,75),(120,(170,(178,(137,50)))))),(((90,(32,(9,(106,(168,140))))),(((72,30),(199,((8,(47,16)),(128,(192,(88,15)))))),((124,(133,83)),(34,(176,((22,7),(139,(119,(76,189))))))))),((((51,194),((179,129),(159,(69,(35,100))))),((6,((130,(29,82)),(152,(65,165)))),((109,155),(153,((103,(115,(167,108))),((85,58),((81,173),((67,10),(24,(195,68)))))))))),((0,(((87,190),((122,136),((193,(60,182)),(146,(96,(162,127)))))),(66,(187,((40,36),((21,43),(131,(71,(4,(59,80)))))))))),((112,((158,188),(37,(104,18)))),((((33,132),(143,93)),((53,95),((102,(1,125)),(((48,134),(98,163)),(38,(17,(175,25))))))),(((77,(142,160)),(23,((138,118),(46,151)))),(117,(((166,97),(99,(156,61))),((149,11),((63,12),((3,26),(57,(172,(114,92)))))))))))))))))))))));
Quartet score is: 34277186756
Normalized quartet score is: 0.5193653652301868
ASTRAL finished in 3426.114 secs
