
================== ASTRAL ===================== 

This is ASTRAL version 4.10.10
Gene trees are treated as unrooted
1000 trees read from ASTRALDATA/model.100.2000000.0.000001/30/estimatedgenetre.halfresolved
All output trees will be *arbitrarily* rooted at 97

======== Running the main analysis
Number of taxa: 101 (101 species)
Taxa: [97, 85, 99, 96, 70, 95, 8, 29, 71, 17, 30, 79, 47, 27, 18, 67, 39, 35, 86, 90, 45, 89, 28, 31, 66, 22, 11, 25, 5, 91, 9, 69, 80, 87, 0, 10, 15, 55, 59, 68, 51, 93, 37, 58, 77, 76, 64, 38, 50, 78, 60, 3, 92, 33, 46, 52, 83, 23, 34, 42, 6, 7, 20, 1, 81, 13, 62, 57, 63, 65, 82, 4, 2, 94, 12, 74, 49, 98, 43, 14, 41, 24, 88, 56, 26, 84, 100, 21, 32, 54, 16, 72, 44, 40, 61, 73, 75, 48, 53, 36, 19]
Taxon occupancy: {35=1000, 36=1000, 33=1000, 34=1000, 39=1000, 37=1000, 38=1000, 43=1000, 42=1000, 41=1000, 40=1000, 22=1000, 23=1000, 24=1000, 25=1000, 26=1000, 27=1000, 28=1000, 29=1000, 3=1000, 2=1000, 1=1000, 0=1000, 30=1000, 7=1000, 6=1000, 5=1000, 32=1000, 31=1000, 4=1000, 9=1000, 8=1000, 19=1000, 17=1000, 18=1000, 15=1000, 16=1000, 13=1000, 14=1000, 11=1000, 12=1000, 21=1000, 20=1000, 99=1000, 100=1000, 98=1000, 97=1000, 96=1000, 95=1000, 94=1000, 93=1000, 92=1000, 91=1000, 90=1000, 10=1000, 88=1000, 89=1000, 79=1000, 78=1000, 77=1000, 82=1000, 83=1000, 80=1000, 81=1000, 86=1000, 87=1000, 84=1000, 85=1000, 67=1000, 66=1000, 69=1000, 68=1000, 70=1000, 71=1000, 72=1000, 73=1000, 74=1000, 75=1000, 76=1000, 59=1000, 58=1000, 57=1000, 56=1000, 55=1000, 64=1000, 65=1000, 62=1000, 63=1000, 60=1000, 61=1000, 49=1000, 48=1000, 45=1000, 44=1000, 47=1000, 46=1000, 51=1000, 52=1000, 53=1000, 54=1000, 50=1000}
Number of gene trees: 1000
0 trees have missing taxa
Calculating quartet distance matrix (for completion of X)
Species tree distances calculated ...
Building set of clusters (X) from gene trees 
Using tree-based weight calculation.
Number of Default Clusters: 18261
Number of quartet trees in the gene trees: 4082922182
calculating extra bipartitions to be added at level 1 ...
Number of Clusters after addition by distance: 18261
Adding to X using resolutions of greedy consensus ...
Threshold 0.0:
Threshold 0.01:
Threshold 0.02:
Threshold 0.05:
Threshold 0.1:
polytomy of size 3; rounds with additions with at least 0.01 support: 0; clusters: 18261
polytomy of size 3; rounds with additions with at least 0.01 support: 0; clusters: 18261
Threshold 0.2:
polytomy of size 4; rounds with additions with at least 0.01 support: 0; clusters: 18261
polytomy of size 3; rounds with additions with at least 0.01 support: 0; clusters: 18261
polytomy of size 3; rounds with additions with at least 0.01 support: 0; clusters: 18261
polytomy of size 6; rounds with additions with at least 0.01 support: 0; clusters: 18261
polytomy of size 4; rounds with additions with at least 0.01 support: 0; clusters: 18261
Threshold 0.3333333333333333:
polytomy of size 3; rounds with additions with at least 0.01 support: 0; clusters: 18261
polytomy of size 3; rounds with additions with at least 0.01 support: 0; clusters: 18261
polytomy of size 3; rounds with additions with at least 0.01 support: 0; clusters: 18261
polytomy of size 5; rounds with additions with at least 0.01 support: 0; clusters: 18261
polytomy of size 3; rounds with additions with at least 0.01 support: 0; clusters: 18261
polytomy of size 4; rounds with additions with at least 0.01 support: 0; clusters: 18261
polytomy of size 4; rounds with additions with at least 0.01 support: 0; clusters: 18261
polytomy of size 3; rounds with additions with at least 0.01 support: 0; clusters: 18261
polytomy of size 3; rounds with additions with at least 0.01 support: 0; clusters: 18261
polytomy of size 7; rounds with additions with at least 0.01 support: 0; clusters: 18261
polytomy of size 4; rounds with additions with at least 0.01 support: 0; clusters: 18261
Number of Clusters after addition by greedy: 18261
partitions formed in 6.968 secs
Dynamic Programming starting after 6.968 secs
Size of largest cluster: 101
Total Number of elements weighted: 79992
Normalized score (portion of input quartet trees satisfied): 0.8044175775574456
Final optimization score: 3284374371
Optimal tree inferred in 254.728 secs.
(61,((44,40),((73,75),((36,(48,53)),(54,((19,(16,72)),((22,((90,((28,(31,66)),((45,89),(35,86)))),((69,(80,87)),(11,(25,(5,(91,9))))))),((47,(76,(27,18))),(((67,39),((97,85),((17,(71,(30,79))),((96,70),(99,(95,(8,29))))))),((3,(92,(26,((84,100),(21,32))))),(((14,((41,24),(88,56))),((37,(58,77)),((15,(55,59)),(10,(68,(51,93)))))),((64,(0,(38,(50,(78,60))))),(((23,(34,(33,52))),(83,(46,(20,((1,81),(6,(42,7))))))),(13,((82,((63,65),(62,57))),(4,((2,94),((12,74),(49,(98,43))))))))))))))))))));
Quartet score is: 3284374371
Normalized quartet score is: 0.8044175775574456
ASTRAL finished in 257.35 secs
