
================== ASTRAL ===================== 

This is ASTRAL version 4.10.10
Gene trees are treated as unrooted
951 trees read from ASTRALDATA/model.200.10000000.0.000001/36/estimatedgenetre.halfresolved
All output trees will be *arbitrarily* rooted at 194

======== Running the main analysis
Number of taxa: 201 (201 species)
Taxa: [194, 63, 53, 132, 32, 99, 174, 200, 44, 41, 93, 100, 37, 199, 70, 81, 195, 98, 163, 196, 169, 55, 61, 119, 40, 47, 21, 62, 11, 9, 109, 172, 3, 91, 108, 5, 178, 75, 15, 164, 150, 177, 26, 129, 110, 34, 97, 96, 87, 46, 17, 88, 125, 74, 144, 185, 156, 16, 48, 13, 36, 18, 111, 153, 82, 170, 8, 89, 154, 20, 120, 117, 166, 94, 179, 158, 22, 197, 77, 165, 43, 183, 35, 14, 69, 79, 7, 0, 67, 113, 137, 175, 139, 115, 141, 71, 49, 191, 138, 50, 23, 10, 19, 1, 186, 131, 24, 59, 76, 189, 60, 143, 151, 155, 102, 133, 190, 145, 127, 134, 181, 128, 157, 122, 162, 95, 184, 103, 161, 38, 176, 159, 39, 104, 152, 83, 187, 33, 182, 90, 126, 86, 188, 51, 167, 171, 31, 114, 85, 52, 65, 80, 107, 45, 4, 149, 124, 136, 198, 28, 30, 58, 64, 92, 112, 160, 2, 116, 192, 168, 121, 66, 148, 84, 135, 54, 78, 6, 56, 73, 193, 105, 68, 173, 106, 130, 142, 140, 123, 146, 57, 118, 180, 72, 12, 25, 42, 29, 147, 27, 101]
Taxon occupancy: {35=951, 36=951, 159=951, 33=951, 158=951, 34=951, 157=951, 39=951, 156=951, 37=951, 155=951, 154=951, 38=951, 152=951, 153=951, 150=951, 151=951, 43=951, 42=951, 41=951, 40=951, 200=951, 22=951, 169=951, 23=951, 24=951, 25=951, 166=951, 26=951, 27=951, 165=951, 28=951, 168=951, 29=951, 167=951, 3=951, 161=951, 162=951, 2=951, 163=951, 1=951, 0=951, 164=951, 7=951, 30=951, 6=951, 32=951, 5=951, 31=951, 4=951, 160=951, 9=951, 8=951, 19=951, 179=951, 17=951, 18=951, 178=951, 15=951, 177=951, 16=951, 176=951, 13=951, 14=951, 11=951, 12=951, 170=951, 21=951, 20=951, 171=951, 174=951, 175=951, 172=951, 173=951, 188=951, 187=951, 189=951, 180=951, 10=951, 181=951, 182=951, 183=951, 184=951, 185=951, 186=951, 116=951, 79=951, 117=951, 114=951, 78=951, 115=951, 77=951, 112=951, 113=951, 110=951, 111=951, 118=951, 119=951, 82=951, 83=951, 80=951, 81=951, 86=951, 87=951, 84=951, 85=951, 67=951, 125=951, 126=951, 66=951, 69=951, 127=951, 128=951, 68=951, 121=951, 122=951, 123=951, 124=951, 129=951, 70=951, 71=951, 120=951, 72=951, 73=951, 74=951, 75=951, 76=951, 134=951, 135=951, 132=951, 59=951, 133=951, 138=951, 58=951, 139=951, 57=951, 136=951, 56=951, 137=951, 55=951, 64=951, 65=951, 62=951, 63=951, 131=951, 60=951, 61=951, 130=951, 49=951, 143=951, 48=951, 144=951, 145=951, 146=951, 147=951, 45=951, 44=951, 148=951, 47=951, 149=951, 46=951, 51=951, 52=951, 53=951, 54=951, 140=951, 142=951, 141=951, 50=951, 109=951, 108=951, 107=951, 106=951, 105=951, 104=951, 103=951, 99=951, 102=951, 101=951, 100=951, 98=951, 97=951, 96=951, 95=951, 94=951, 93=951, 92=951, 91=951, 90=951, 88=951, 89=951, 195=951, 194=951, 197=951, 196=951, 191=951, 190=951, 193=951, 192=951, 198=951, 199=951}
Number of gene trees: 951
0 trees have missing taxa
Calculating quartet distance matrix (for completion of X)
Species tree distances calculated ...
Building set of clusters (X) from gene trees 
Using tree-based weight calculation.
Number of Default Clusters: 16437
Number of quartet trees in the gene trees: 62742426309
calculating extra bipartitions to be added at level 1 ...
Number of Clusters after addition by distance: 16437
Adding to X using resolutions of greedy consensus ...
Threshold 0.0:
Threshold 0.01:
Threshold 0.02:
Threshold 0.05:
Threshold 0.1:
Threshold 0.2:
polytomy of size 3; rounds with additions with at least 0.01 support: 0; clusters: 16437
Threshold 0.3333333333333333:
polytomy of size 3; rounds with additions with at least 0.01 support: 0; clusters: 16437
polytomy of size 3; rounds with additions with at least 0.01 support: 0; clusters: 16437
polytomy of size 3; rounds with additions with at least 0.01 support: 0; clusters: 16437
polytomy of size 3; rounds with additions with at least 0.01 support: 0; clusters: 16437
polytomy of size 3; rounds with additions with at least 0.01 support: 0; clusters: 16437
polytomy of size 3; rounds with additions with at least 0.01 support: 0; clusters: 16437
polytomy of size 4; rounds with additions with at least 0.01 support: 0; clusters: 16437
polytomy of size 3; rounds with additions with at least 0.01 support: 0; clusters: 16437
polytomy of size 4; rounds with additions with at least 0.01 support: 0; clusters: 16437
polytomy of size 3; rounds with additions with at least 0.01 support: 0; clusters: 16437
polytomy of size 3; rounds with additions with at least 0.01 support: 0; clusters: 16437
polytomy of size 3; rounds with additions with at least 0.01 support: 0; clusters: 16437
polytomy of size 3; rounds with additions with at least 0.01 support: 0; clusters: 16437
polytomy of size 3; rounds with additions with at least 0.01 support: 0; clusters: 16437
Number of Clusters after addition by greedy: 16437
partitions formed in 12.022 secs
Dynamic Programming starting after 12.022 secs
Size of largest cluster: 201
Total Number of elements weighted: 51607
Normalized score (portion of input quartet trees satisfied): 0.9495915550599878
Final optimization score: 59579678167
Optimal tree inferred in 319.529 secs.
(141,(71,(115,(139,((49,191),((138,50),((23,10),(175,(((59,76),((19,1),(24,(186,131)))),((113,(67,137)),(0,(((66,(((107,45),(121,(192,168))),(((124,136),(4,149)),((198,28),(92,((30,(58,64)),((2,116),(112,160)))))))),(((143,(189,60)),(80,((86,(188,51)),((167,171),(31,((52,65),(114,85))))))),(((151,155),((190,145),(102,133))),(((128,157),(134,181)),((122,((161,(38,176)),(162,(95,(184,103))))),(127,((187,33),((182,(90,126)),(159,(83,(104,(39,152)))))))))))),(((158,(43,((69,(35,14)),((183,(79,7)),(22,(165,(197,77))))))),((120,(117,(179,(166,94)))),((16,48),((13,36),((89,(154,20)),(18,((111,153),(82,(170,8))))))))),((125,(74,(144,(185,156)))),((((87,46),(17,88)),(96,((177,(150,26)),(129,(110,(34,97)))))),((((178,75),((15,164),(108,(5,(91,(9,(172,(109,3)))))))),(((62,(21,11)),(119,(40,47))),((70,81),(195,((55,61),(169,(98,(163,196)))))))),((56,(73,(44,((41,93),(100,(37,199)))))),((84,(148,(135,(54,(78,6))))),((194,((99,(174,200)),(53,(132,(63,32))))),((146,57),(193,(((25,42),((72,12),((27,101),(29,147)))),(((118,180),(68,173)),(105,(106,(123,(142,(130,140))))))))))))))))))))))))))));
Quartet score is: 59579678167
Normalized quartet score is: 0.9495915550599878
ASTRAL finished in 328.836 secs
