
================== ASTRAL ===================== 

This is ASTRAL version 4.10.8
Gene trees are treated as unrooted
1000 trees read from ASTRALDATA/model.1000.2000000.0.000001/18/estimatedgenetre.halfresolved
All outputted trees will be *arbitrarily* rooted at 808

======== Running the main analysis
Number of taxa: 1001 (1001 species)
Taxa: [808, 22, 189, 190, 702, 794, 820, 647, 391, 765, 668, 636, 703, 741, 338, 996, 676, 141, 871, 995, 478, 23, 814, 530, 502, 706, 168, 559, 600, 852, 77, 744, 30, 215, 316, 966, 273, 154, 884, 185, 445, 531, 554, 789, 181, 58, 981, 522, 749, 315, 253, 479, 821, 255, 485, 267, 20, 157, 0, 241, 534, 214, 505, 723, 86, 912, 128, 61, 547, 968, 887, 727, 599, 366, 380, 208, 341, 210, 82, 550, 37, 246, 427, 639, 163, 70, 650, 603, 804, 305, 470, 799, 974, 122, 725, 414, 57, 985, 465, 64, 417, 813, 284, 937, 26, 572, 935, 708, 45, 733, 119, 123, 62, 883, 287, 788, 672, 654, 314, 890, 674, 904, 932, 426, 526, 770, 510, 590, 528, 482, 588, 387, 33, 994, 254, 271, 159, 148, 386, 219, 963, 568, 524, 245, 551, 74, 78, 350, 346, 447, 334, 321, 351, 798, 433, 322, 982, 863, 422, 94, 167, 503, 415, 242, 31, 768, 8, 301, 901, 953, 782, 318, 660, 175, 486, 955, 69, 443, 290, 593, 248, 812, 976, 124, 548, 500, 830, 293, 913, 679, 429, 958, 367, 934, 412, 349, 496, 343, 617, 114, 243, 220, 509, 910, 630, 921, 595, 691, 390, 806, 629, 483, 940, 92, 191, 139, 759, 931, 680, 642, 564, 570, 776, 155, 14, 151, 101, 434, 984, 1, 566, 401, 63, 250, 684, 118, 667, 99, 685, 261, 825, 184, 270, 960, 897, 39, 440, 46, 945, 204, 16, 651, 347, 396, 32, 326, 65, 252, 472, 463, 258, 375, 831, 862, 179, 121, 705, 17, 802, 129, 983, 211, 870, 251, 607, 942, 499, 361, 670, 631, 389, 419, 501, 227, 712, 761, 634, 25, 557, 15, 207, 763, 244, 795, 304, 801, 920, 709, 249, 378, 885, 452, 317, 853, 520, 577, 38, 325, 560, 613, 289, 131, 678, 491, 714, 469, 538, 780, 142, 454, 476, 335, 841, 874, 946, 282, 579, 598, 237, 95, 188, 541, 622, 858, 936, 742, 232, 340, 48, 2, 365, 707, 441, 745, 299, 959, 397, 306, 722, 354, 484, 272, 962, 947, 153, 344, 638, 324, 13, 451, 209, 50, 410, 635, 206, 573, 47, 196, 536, 28, 424, 565, 625, 792, 596, 618, 385, 388, 504, 10, 192, 461, 462, 298, 88, 173, 362, 949, 165, 889, 894, 793, 171, 657, 12, 399, 120, 218, 896, 950, 217, 436, 523, 576, 900, 641, 108, 202, 398, 869, 666, 384, 392, 430, 302, 517, 9, 878, 145, 352, 283, 91, 844, 796, 989, 197, 393, 838, 769, 755, 930, 663, 514, 140, 993, 584, 803, 875, 473, 331, 532, 969, 658, 223, 816, 27, 84, 783, 109, 72, 507, 574, 961, 288, 439, 49, 911, 917, 158, 918, 758, 3, 752, 815, 819, 837, 113, 239, 907, 221, 85, 899, 626, 987, 494, 978, 569, 857, 377, 355, 916, 437, 609, 865, 42, 585, 575, 405, 162, 785, 370, 274, 212, 102, 886, 466, 715, 938, 51, 902, 132, 840, 856, 467, 687, 29, 327, 164, 395, 986, 300, 133, 695, 939, 460, 383, 360, 689, 632, 275, 68, 52, 449, 965, 416, 75, 850, 757, 136, 260, 233, 117, 475, 717, 143, 281, 21, 403, 563, 308, 754, 230, 957, 471, 656, 724, 406, 810, 178, 561, 718, 851, 80, 24, 1000, 659, 655, 183, 775, 150, 908, 263, 661, 111, 297, 231, 303, 556, 876, 144, 431, 728, 809, 110, 905, 781, 177, 977, 400, 235, 645, 777, 394, 922, 664, 529, 766, 773, 130, 919, 408, 694, 53, 432, 90, 637, 535, 592, 903, 100, 382, 826, 628, 54, 612, 358, 972, 891, 278, 898, 973, 861, 619, 126, 553, 979, 453, 571, 807, 688, 954, 558, 893, 376, 357, 480, 169, 411, 134, 846, 669, 103, 193, 149, 971, 160, 213, 194, 915, 508, 895, 295, 990, 817, 909, 605, 247, 512, 356, 488, 423, 107, 997, 602, 116, 444, 784, 760, 751, 882, 292, 333, 372, 881, 818, 170, 842, 311, 652, 402, 320, 224, 490, 125, 929, 790, 847, 591, 348, 827, 552, 310, 364, 4, 864, 686, 138, 450, 778, 805, 127, 201, 586, 829, 421, 337, 371, 44, 542, 60, 690, 713, 671, 363, 980, 67, 854, 11, 229, 519, 643, 549, 615, 964, 640, 286, 539, 369, 59, 892, 518, 291, 951, 106, 710, 200, 644, 673, 941, 697, 345, 721, 544, 277, 373, 104, 877, 329, 205, 923, 330, 736, 698, 546, 927, 174, 115, 855, 774, 662, 294, 787, 525, 653, 834, 720, 800, 545, 597, 581, 515, 313, 743, 374, 234, 843, 498, 624, 418, 567, 711, 991, 677, 96, 578, 735, 6, 527, 533, 608, 516, 166, 198, 675, 146, 726, 336, 342, 152, 734, 87, 492, 368, 312, 562, 18, 762, 186, 521, 704, 264, 172, 739, 716, 740, 835, 682, 933, 276, 731, 872, 161, 786, 992, 269, 845, 456, 280, 767, 98, 446, 79, 240, 582, 203, 601, 474, 497, 633, 611, 420, 696, 811, 296, 493, 610, 40, 967, 683, 487, 73, 948, 646, 222, 19, 594, 236, 648, 266, 309, 359, 435, 791, 259, 257, 928, 836, 66, 83, 730, 832, 665, 880, 944, 621, 323, 839, 772, 540, 988, 187, 580, 729, 256, 999, 319, 914, 458, 332, 693, 823, 137, 464, 692, 753, 176, 468, 746, 307, 604, 135, 339, 438, 822, 906, 81, 828, 506, 797, 41, 409, 225, 833, 925, 537, 956, 732, 623, 328, 750, 975, 867, 55, 998, 180, 448, 262, 924, 627, 407, 606, 268, 156, 459, 952, 747, 43, 89, 649, 413, 455, 701, 34, 457, 195, 879, 425, 379, 888, 489, 216, 583, 35, 226, 238, 477, 56, 481, 620, 495, 589, 543, 199, 71, 771, 587, 112, 513, 428, 849, 748, 442, 228, 279, 97, 93, 699, 105, 779, 147, 737, 7, 943, 404, 555, 868, 866, 926, 614, 738, 756, 719, 265, 859, 860, 824, 848, 616, 36, 700, 511, 76, 764, 873, 381, 5, 182, 970, 353, 681, 285]
Taxon occupancy: {338=1000, 339=1000, 941=1000, 942=1000, 940=1000, 332=1000, 945=1000, 946=1000, 333=1000, 943=1000, 330=1000, 944=1000, 331=1000, 336=1000, 949=1000, 337=1000, 947=1000, 334=1000, 948=1000, 335=1000, 748=1000, 531=1000, 747=1000, 530=1000, 746=1000, 745=1000, 535=1000, 534=1000, 533=1000, 749=1000, 532=1000, 740=1000, 539=1000, 538=1000, 537=1000, 536=1000, 744=1000, 743=1000, 742=1000, 741=1000, 349=1000, 930=1000, 931=1000, 341=1000, 932=1000, 933=1000, 342=1000, 343=1000, 934=1000, 344=1000, 935=1000, 936=1000, 345=1000, 937=1000, 346=1000, 347=1000, 938=1000, 939=1000, 348=1000, 540=1000, 735=1000, 3=1000, 734=1000, 2=1000, 929=1000, 737=1000, 1=1000, 542=1000, 541=1000, 0=1000, 736=1000, 7=1000, 739=1000, 544=1000, 738=1000, 543=1000, 6=1000, 5=1000, 340=1000, 546=1000, 4=1000, 545=1000, 548=1000, 547=1000, 9=1000, 8=1000, 549=1000, 731=1000, 730=1000, 733=1000, 732=1000, 920=1000, 318=1000, 319=1000, 316=1000, 317=1000, 314=1000, 927=1000, 928=1000, 315=1000, 925=1000, 312=1000, 926=1000, 313=1000, 310=1000, 923=1000, 924=1000, 311=1000, 921=1000, 922=1000, 513=1000, 729=1000, 512=1000, 511=1000, 728=1000, 727=1000, 510=1000, 726=1000, 725=1000, 724=1000, 919=1000, 723=1000, 918=1000, 722=1000, 721=1000, 519=1000, 720=1000, 518=1000, 517=1000, 516=1000, 515=1000, 514=1000, 327=1000, 328=1000, 329=1000, 914=1000, 323=1000, 324=1000, 915=1000, 325=1000, 916=1000, 326=1000, 917=1000, 709=1000, 910=1000, 911=1000, 320=1000, 912=1000, 321=1000, 322=1000, 913=1000, 522=1000, 717=1000, 716=1000, 521=1000, 719=1000, 524=1000, 523=1000, 718=1000, 908=1000, 713=1000, 712=1000, 907=1000, 520=1000, 715=1000, 714=1000, 909=1000, 529=1000, 711=1000, 710=1000, 526=1000, 525=1000, 528=1000, 527=1000, 989=1000, 988=1000, 987=1000, 571=1000, 570=1000, 982=1000, 981=1000, 980=1000, 986=1000, 985=1000, 984=1000, 983=1000, 700=1000, 703=1000, 574=1000, 704=1000, 575=1000, 701=1000, 572=1000, 573=1000, 702=1000, 578=1000, 707=1000, 579=1000, 708=1000, 705=1000, 576=1000, 577=1000, 706=1000, 977=1000, 976=1000, 300=1000, 979=1000, 978=1000, 580=1000, 302=1000, 301=1000, 582=1000, 304=1000, 303=1000, 581=1000, 306=1000, 305=1000, 308=1000, 971=1000, 970=1000, 307=1000, 973=1000, 309=1000, 972=1000, 975=1000, 974=1000, 583=1000, 584=1000, 585=1000, 586=1000, 587=1000, 588=1000, 589=1000, 969=1000, 968=1000, 967=1000, 966=1000, 965=1000, 964=1000, 963=1000, 962=1000, 961=1000, 960=1000, 558=1000, 559=1000, 556=1000, 557=1000, 554=1000, 555=1000, 552=1000, 553=1000, 550=1000, 551=1000, 959=1000, 958=1000, 560=1000, 955=1000, 954=1000, 957=1000, 956=1000, 951=1000, 950=1000, 953=1000, 952=1000, 569=1000, 565=1000, 566=1000, 567=1000, 568=1000, 561=1000, 562=1000, 563=1000, 564=1000, 799=1000, 798=1000, 797=1000, 796=1000, 795=1000, 794=1000, 793=1000, 792=1000, 996=1000, 790=1000, 791=1000, 997=1000, 994=1000, 995=1000, 992=1000, 993=1000, 990=1000, 991=1000, 998=1000, 999=1000, 781=1000, 782=1000, 783=1000, 784=1000, 785=1000, 786=1000, 787=1000, 788=1000, 789=1000, 780=1000, 772=1000, 505=1000, 506=1000, 773=1000, 770=1000, 503=1000, 771=1000, 504=1000, 776=1000, 509=1000, 777=1000, 507=1000, 774=1000, 775=1000, 508=1000, 778=1000, 779=1000, 501=1000, 502=1000, 500=1000, 763=1000, 764=1000, 765=1000, 766=1000, 760=1000, 761=1000, 762=1000, 767=1000, 768=1000, 769=1000, 754=1000, 755=1000, 752=1000, 753=1000, 750=1000, 751=1000, 758=1000, 759=1000, 756=1000, 757=1000, 595=1000, 594=1000, 391=1000, 597=1000, 596=1000, 390=1000, 599=1000, 393=1000, 598=1000, 392=1000, 395=1000, 394=1000, 396=1000, 397=1000, 398=1000, 399=1000, 590=1000, 591=1000, 592=1000, 593=1000, 383=1000, 384=1000, 381=1000, 382=1000, 380=1000, 389=1000, 388=1000, 387=1000, 386=1000, 385=1000, 370=1000, 371=1000, 372=1000, 373=1000, 379=1000, 378=1000, 375=1000, 374=1000, 377=1000, 376=1000, 361=1000, 362=1000, 360=1000, 366=1000, 365=1000, 364=1000, 363=1000, 369=1000, 368=1000, 367=1000, 350=1000, 351=1000, 353=1000, 352=1000, 355=1000, 354=1000, 357=1000, 356=1000, 359=1000, 358=1000, 806=1000, 807=1000, 804=1000, 805=1000, 802=1000, 803=1000, 800=1000, 801=1000, 159=1000, 158=1000, 157=1000, 156=1000, 155=1000, 154=1000, 601=1000, 152=1000, 153=1000, 600=1000, 150=1000, 151=1000, 609=1000, 608=1000, 607=1000, 606=1000, 605=1000, 604=1000, 603=1000, 602=1000, 202=1000, 203=1000, 204=1000, 205=1000, 200=1000, 201=1000, 169=1000, 166=1000, 206=1000, 207=1000, 165=1000, 208=1000, 168=1000, 209=1000, 167=1000, 409=1000, 161=1000, 162=1000, 408=1000, 163=1000, 164=1000, 405=1000, 404=1000, 407=1000, 406=1000, 160=1000, 401=1000, 400=1000, 403=1000, 402=1000, 824=1000, 211=1000, 825=1000, 212=1000, 822=1000, 823=1000, 210=1000, 828=1000, 215=1000, 216=1000, 829=1000, 826=1000, 213=1000, 214=1000, 827=1000, 179=1000, 219=1000, 178=1000, 217=1000, 177=1000, 176=1000, 218=1000, 820=1000, 821=1000, 418=1000, 170=1000, 417=1000, 171=1000, 416=1000, 415=1000, 623=1000, 174=1000, 622=1000, 175=1000, 621=1000, 172=1000, 620=1000, 419=1000, 173=1000, 627=1000, 410=1000, 626=1000, 625=1000, 819=1000, 624=1000, 414=1000, 413=1000, 629=1000, 412=1000, 628=1000, 411=1000, 811=1000, 220=1000, 812=1000, 221=1000, 222=1000, 813=1000, 814=1000, 223=1000, 815=1000, 224=1000, 225=1000, 816=1000, 226=1000, 817=1000, 227=1000, 818=1000, 228=1000, 188=1000, 187=1000, 229=1000, 189=1000, 810=1000, 427=1000, 180=1000, 426=1000, 181=1000, 429=1000, 182=1000, 428=1000, 610=1000, 183=1000, 184=1000, 185=1000, 612=1000, 611=1000, 186=1000, 614=1000, 809=1000, 613=1000, 808=1000, 616=1000, 421=1000, 420=1000, 615=1000, 618=1000, 423=1000, 617=1000, 422=1000, 425=1000, 424=1000, 619=1000, 116=1000, 843=1000, 117=1000, 842=1000, 841=1000, 114=1000, 840=1000, 115=1000, 112=1000, 113=1000, 110=1000, 111=1000, 849=1000, 848=1000, 847=1000, 846=1000, 845=1000, 118=1000, 119=1000, 844=1000, 435=1000, 436=1000, 433=1000, 434=1000, 431=1000, 432=1000, 430=1000, 439=1000, 437=1000, 438=1000, 830=1000, 125=1000, 126=1000, 832=1000, 127=1000, 831=1000, 128=1000, 121=1000, 122=1000, 123=1000, 124=1000, 838=1000, 837=1000, 839=1000, 129=1000, 834=1000, 833=1000, 836=1000, 835=1000, 444=1000, 445=1000, 446=1000, 447=1000, 440=1000, 441=1000, 442=1000, 443=1000, 120=1000, 448=1000, 449=1000, 861=1000, 134=1000, 860=1000, 135=1000, 132=1000, 133=1000, 865=1000, 138=1000, 139=1000, 864=1000, 863=1000, 136=1000, 137=1000, 862=1000, 869=1000, 868=1000, 867=1000, 866=1000, 450=1000, 453=1000, 454=1000, 451=1000, 452=1000, 457=1000, 458=1000, 455=1000, 456=1000, 459=1000, 131=1000, 130=1000, 143=1000, 144=1000, 145=1000, 850=1000, 146=1000, 147=1000, 852=1000, 148=1000, 851=1000, 149=1000, 854=1000, 853=1000, 856=1000, 855=1000, 858=1000, 857=1000, 859=1000, 461=1000, 460=1000, 462=1000, 463=1000, 464=1000, 465=1000, 466=1000, 467=1000, 468=1000, 469=1000, 140=1000, 142=1000, 141=1000, 687=1000, 686=1000, 689=1000, 688=1000, 683=1000, 682=1000, 685=1000, 684=1000, 888=1000, 889=1000, 884=1000, 885=1000, 680=1000, 886=1000, 681=1000, 887=1000, 880=1000, 881=1000, 882=1000, 883=1000, 678=1000, 677=1000, 676=1000, 675=1000, 674=1000, 673=1000, 672=1000, 671=1000, 679=1000, 879=1000, 877=1000, 878=1000, 875=1000, 670=1000, 876=1000, 873=1000, 874=1000, 871=1000, 872=1000, 870=1000, 696=1000, 695=1000, 694=1000, 693=1000, 890=1000, 699=1000, 698=1000, 697=1000, 899=1000, 893=1000, 894=1000, 891=1000, 892=1000, 897=1000, 691=1000, 692=1000, 898=1000, 895=1000, 896=1000, 690=1000, 646=1000, 647=1000, 648=1000, 649=1000, 195=1000, 642=1000, 194=1000, 643=1000, 197=1000, 644=1000, 196=1000, 645=1000, 191=1000, 190=1000, 193=1000, 640=1000, 192=1000, 641=1000, 198=1000, 199=1000, 639=1000, 637=1000, 638=1000, 635=1000, 636=1000, 633=1000, 634=1000, 631=1000, 632=1000, 630=1000, 668=1000, 669=1000, 660=1000, 661=1000, 662=1000, 663=1000, 664=1000, 665=1000, 666=1000, 667=1000, 659=1000, 657=1000, 658=1000, 651=1000, 652=1000, 650=1000, 655=1000, 656=1000, 653=1000, 654=1000, 35=1000, 36=1000, 33=1000, 34=1000, 39=1000, 37=1000, 38=1000, 43=1000, 42=1000, 41=1000, 40=1000, 22=1000, 23=1000, 24=1000, 25=1000, 26=1000, 27=1000, 28=1000, 29=1000, 30=1000, 32=1000, 31=1000, 19=1000, 17=1000, 18=1000, 15=1000, 16=1000, 13=1000, 14=1000, 11=1000, 12=1000, 21=1000, 20=1000, 10=1000, 79=1000, 78=1000, 77=1000, 82=1000, 83=1000, 80=1000, 81=1000, 86=1000, 87=1000, 84=1000, 85=1000, 67=1000, 66=1000, 69=1000, 68=1000, 70=1000, 71=1000, 72=1000, 73=1000, 74=1000, 75=1000, 76=1000, 59=1000, 58=1000, 57=1000, 56=1000, 55=1000, 64=1000, 65=1000, 62=1000, 63=1000, 60=1000, 61=1000, 49=1000, 48=1000, 45=1000, 44=1000, 47=1000, 46=1000, 51=1000, 52=1000, 53=1000, 54=1000, 50=1000, 487=1000, 281=1000, 280=1000, 486=1000, 485=1000, 484=1000, 285=1000, 284=1000, 489=1000, 283=1000, 282=1000, 488=1000, 288=1000, 289=1000, 286=1000, 287=1000, 482=1000, 483=1000, 480=1000, 481=1000, 474=1000, 473=1000, 476=1000, 270=1000, 475=1000, 272=1000, 478=1000, 477=1000, 271=1000, 274=1000, 479=1000, 273=1000, 275=1000, 276=1000, 277=1000, 278=1000, 279=1000, 470=1000, 471=1000, 472=1000, 1000=1000, 109=1000, 108=1000, 107=1000, 106=1000, 105=1000, 104=1000, 103=1000, 99=1000, 102=1000, 101=1000, 100=1000, 98=1000, 97=1000, 96=1000, 95=1000, 94=1000, 93=1000, 92=1000, 91=1000, 90=1000, 294=1000, 499=1000, 293=1000, 296=1000, 295=1000, 496=1000, 290=1000, 495=1000, 292=1000, 498=1000, 497=1000, 291=1000, 491=1000, 492=1000, 493=1000, 494=1000, 297=1000, 298=1000, 299=1000, 490=1000, 88=1000, 89=1000, 240=1000, 241=1000, 245=1000, 244=1000, 243=1000, 242=1000, 249=1000, 248=1000, 247=1000, 246=1000, 230=1000, 239=1000, 232=1000, 231=1000, 234=1000, 233=1000, 236=1000, 235=1000, 238=1000, 237=1000, 262=1000, 263=1000, 260=1000, 261=1000, 269=1000, 268=1000, 267=1000, 266=1000, 265=1000, 264=1000, 250=1000, 251=1000, 252=1000, 258=1000, 904=1000, 257=1000, 903=1000, 906=1000, 259=1000, 905=1000, 254=1000, 900=1000, 253=1000, 256=1000, 902=1000, 255=1000, 901=1000}
Number of gene trees: 1000
0 trees have missing taxa
Calculating quartet distance matrix (for completion of X)
Species tree distances calculated ...
Building set of clusters (X) from gene trees 
Using tree-based weight calculation.
Number of Default Clusters: 243901
Number of quartet trees in the gene trees: 41583291750000
calculating extra bipartitions to be added at level 1 ...
Number of Clusters after addition by distance: 243921
Adding to X using resolutions of greedy consensus ...
Threshold 0.0:
polytomy of size 9; rounds with additions with at least 0.01 support: 6; clusters: 244181
Threshold 0.01:
polytomy of size 19; rounds with additions with at least 0.01 support: 4; clusters: 245767
Threshold 0.02:
polytomy of size 27; rounds with additions with at least 0.01 support: 1; clusters: 248861
Threshold 0.05:
polytomy of size 3; rounds with additions with at least 0.01 support: 0; clusters: 248861
polytomy of size 3; rounds with additions with at least 0.01 support: 0; clusters: 248861
polytomy of size 34; rounds with additions with at least 0.01 support: 1; clusters: 248929
Threshold 0.1:
polytomy of size 4; rounds with additions with at least 0.01 support: 0; clusters: 248929
polytomy of size 3; rounds with additions with at least 0.01 support: 0; clusters: 248929
polytomy of size 3; rounds with additions with at least 0.01 support: 0; clusters: 248929
polytomy of size 4; rounds with additions with at least 0.01 support: 0; clusters: 248929
polytomy of size 55; rounds with additions with at least 0.01 support: 1; clusters: 248993
Threshold 0.2:
polytomy of size 3; rounds with additions with at least 0.01 support: 0; clusters: 248993
polytomy of size 3; rounds with additions with at least 0.01 support: 0; clusters: 248993
polytomy of size 4; rounds with additions with at least 0.01 support: 0; clusters: 248993
polytomy of size 3; rounds with additions with at least 0.01 support: 0; clusters: 248993
polytomy of size 3; rounds with additions with at least 0.01 support: 0; clusters: 248993
polytomy of size 3; rounds with additions with at least 0.01 support: 0; clusters: 248993
polytomy of size 3; rounds with additions with at least 0.01 support: 0; clusters: 248993
polytomy of size 5; rounds with additions with at least 0.01 support: 0; clusters: 248993
polytomy of size 3; rounds with additions with at least 0.01 support: 0; clusters: 248993
polytomy of size 3; rounds with additions with at least 0.01 support: 0; clusters: 248993
polytomy of size 4; rounds with additions with at least 0.01 support: 0; clusters: 248993
polytomy of size 4; rounds with additions with at least 0.01 support: 0; clusters: 248993
polytomy of size 4; rounds with additions with at least 0.01 support: 0; clusters: 248993
polytomy of size 3; rounds with additions with at least 0.01 support: 0; clusters: 248993
polytomy of size 3; rounds with additions with at least 0.01 support: 0; clusters: 248993
polytomy of size 3; rounds with additions with at least 0.01 support: 0; clusters: 248993
polytomy of size 3; rounds with additions with at least 0.01 support: 0; clusters: 248993
polytomy of size 3; rounds with additions with at least 0.01 support: 0; clusters: 248993
polytomy of size 3; rounds with additions with at least 0.01 support: 0; clusters: 248993
polytomy of size 8; rounds with additions with at least 0.01 support: 0; clusters: 248993
polytomy of size 3; rounds with additions with at least 0.01 support: 0; clusters: 248993
polytomy of size 3; rounds with additions with at least 0.01 support: 0; clusters: 248993
polytomy of size 3; rounds with additions with at least 0.01 support: 0; clusters: 248993
polytomy of size 3; rounds with additions with at least 0.01 support: 0; clusters: 248993
polytomy of size 3; rounds with additions with at least 0.01 support: 0; clusters: 248993
polytomy of size 73; rounds with additions with at least 0.01 support: 0; clusters: 249057
Threshold 0.3333333333333333:
polytomy of size 3; rounds with additions with at least 0.01 support: 0; clusters: 249057
polytomy of size 3; rounds with additions with at least 0.01 support: 0; clusters: 249057
polytomy of size 3; rounds with additions with at least 0.01 support: 0; clusters: 249057
polytomy of size 3; rounds with additions with at least 0.01 support: 0; clusters: 249057
polytomy of size 5; rounds with additions with at least 0.01 support: 0; clusters: 249057
polytomy of size 5; rounds with additions with at least 0.01 support: 0; clusters: 249057
polytomy of size 3; rounds with additions with at least 0.01 support: 0; clusters: 249057
polytomy of size 3; rounds with additions with at least 0.01 support: 0; clusters: 249057
polytomy of size 3; rounds with additions with at least 0.01 support: 0; clusters: 249057
polytomy of size 5; rounds with additions with at least 0.01 support: 0; clusters: 249057
polytomy of size 3; rounds with additions with at least 0.01 support: 0; clusters: 249057
polytomy of size 3; rounds with additions with at least 0.01 support: 0; clusters: 249057
polytomy of size 3; rounds with additions with at least 0.01 support: 0; clusters: 249057
polytomy of size 4; rounds with additions with at least 0.01 support: 0; clusters: 249057
polytomy of size 3; rounds with additions with at least 0.01 support: 0; clusters: 249057
polytomy of size 3; rounds with additions with at least 0.01 support: 0; clusters: 249057
polytomy of size 3; rounds with additions with at least 0.01 support: 0; clusters: 249057
polytomy of size 4; rounds with additions with at least 0.01 support: 0; clusters: 249057
polytomy of size 3; rounds with additions with at least 0.01 support: 0; clusters: 249057
polytomy of size 4; rounds with additions with at least 0.01 support: 0; clusters: 249057
polytomy of size 3; rounds with additions with at least 0.01 support: 0; clusters: 249057
polytomy of size 4; rounds with additions with at least 0.01 support: 0; clusters: 249057
polytomy of size 3; rounds with additions with at least 0.01 support: 0; clusters: 249057
polytomy of size 4; rounds with additions with at least 0.01 support: 0; clusters: 249057
polytomy of size 5; rounds with additions with at least 0.01 support: 0; clusters: 249057
polytomy of size 5; rounds with additions with at least 0.01 support: 0; clusters: 249057
polytomy of size 3; rounds with additions with at least 0.01 support: 0; clusters: 249057
polytomy of size 4; rounds with additions with at least 0.01 support: 0; clusters: 249057
polytomy of size 4; rounds with additions with at least 0.01 support: 0; clusters: 249057
polytomy of size 3; rounds with additions with at least 0.01 support: 0; clusters: 249057
polytomy of size 5; rounds with additions with at least 0.01 support: 0; clusters: 249057
polytomy of size 4; rounds with additions with at least 0.01 support: 0; clusters: 249057
polytomy of size 4; rounds with additions with at least 0.01 support: 0; clusters: 249057
polytomy of size 3; rounds with additions with at least 0.01 support: 0; clusters: 249057
polytomy of size 3; rounds with additions with at least 0.01 support: 0; clusters: 249057
polytomy of size 3; rounds with additions with at least 0.01 support: 0; clusters: 249057
polytomy of size 3; rounds with additions with at least 0.01 support: 0; clusters: 249057
polytomy of size 3; rounds with additions with at least 0.01 support: 0; clusters: 249057
polytomy of size 3; rounds with additions with at least 0.01 support: 0; clusters: 249057
polytomy of size 4; rounds with additions with at least 0.01 support: 0; clusters: 249057
polytomy of size 3; rounds with additions with at least 0.01 support: 0; clusters: 249057
polytomy of size 3; rounds with additions with at least 0.01 support: 0; clusters: 249057
polytomy of size 3; rounds with additions with at least 0.01 support: 0; clusters: 249057
polytomy of size 3; rounds with additions with at least 0.01 support: 0; clusters: 249057
polytomy of size 9; rounds with additions with at least 0.01 support: 0; clusters: 249099
polytomy of size 3; rounds with additions with at least 0.01 support: 0; clusters: 249099
polytomy of size 3; rounds with additions with at least 0.01 support: 0; clusters: 249099
polytomy of size 4; rounds with additions with at least 0.01 support: 0; clusters: 249099
polytomy of size 3; rounds with additions with at least 0.01 support: 0; clusters: 249099
polytomy of size 4; rounds with additions with at least 0.01 support: 0; clusters: 249099
polytomy of size 3; rounds with additions with at least 0.01 support: 0; clusters: 249099
polytomy of size 3; rounds with additions with at least 0.01 support: 0; clusters: 249099
polytomy of size 4; rounds with additions with at least 0.01 support: 0; clusters: 249099
polytomy of size 3; rounds with additions with at least 0.01 support: 0; clusters: 249099
polytomy of size 4; rounds with additions with at least 0.01 support: 0; clusters: 249099
polytomy of size 3; rounds with additions with at least 0.01 support: 0; clusters: 249099
polytomy of size 3; rounds with additions with at least 0.01 support: 0; clusters: 249099
polytomy of size 3; rounds with additions with at least 0.01 support: 0; clusters: 249099
polytomy of size 9; rounds with additions with at least 0.01 support: 0; clusters: 249145
polytomy of size 3; rounds with additions with at least 0.01 support: 0; clusters: 249145
polytomy of size 3; rounds with additions with at least 0.01 support: 0; clusters: 249145
polytomy of size 3; rounds with additions with at least 0.01 support: 0; clusters: 249145
polytomy of size 3; rounds with additions with at least 0.01 support: 0; clusters: 249145
polytomy of size 3; rounds with additions with at least 0.01 support: 0; clusters: 249145
polytomy of size 3; rounds with additions with at least 0.01 support: 0; clusters: 249145
polytomy of size 3; rounds with additions with at least 0.01 support: 0; clusters: 249145
polytomy of size 4; rounds with additions with at least 0.01 support: 0; clusters: 249145
polytomy of size 4; rounds with additions with at least 0.01 support: 0; clusters: 249145
polytomy of size 6; rounds with additions with at least 0.01 support: 0; clusters: 249145
polytomy of size 3; rounds with additions with at least 0.01 support: 0; clusters: 249145
polytomy of size 3; rounds with additions with at least 0.01 support: 0; clusters: 249145
polytomy of size 3; rounds with additions with at least 0.01 support: 0; clusters: 249145
polytomy of size 4; rounds with additions with at least 0.01 support: 0; clusters: 249145
polytomy of size 3; rounds with additions with at least 0.01 support: 0; clusters: 249145
polytomy of size 107; rounds with additions with at least 0.01 support: 0; clusters: 355879
Number of Clusters after addition by greedy: 355879
partitions formed in 763.341 secs
Dynamic Programming starting after 763.341 secs
Size of largest cluster: 1001
Size of largest cluster: 1001
Calculated 100000 weights; time (seconds): 895
Calculated 200000 weights; time (seconds): 123
Calculated 300000 weights; time (seconds): 134
Calculated 400000 weights; time (seconds): 123
Calculated 500000 weights; time (seconds): 128
Calculated 600000 weights; time (seconds): 123
Calculated 700000 weights; time (seconds): 203
Total Number of elements weighted: 889610
Normalized score (portion of input quartet trees satisfied): NaN
Final optimization score: 0
Calculated 800000 weights; time (seconds): 277
Total Number of elements weighted: 889610
Normalized score (portion of input quartet trees satisfied): 0.548200808586492
Final optimization score: 22795994161038
Optimal tree inferred in 2418.268 secs.
(808,(22,(189,((531,((741,(636,703)),(190,(668,(702,(765,(794,(820,(647,391))))))))),(((371,(44,(690,(542,60)))),(((67,854),(713,(671,(363,980)))),((951,(518,291)),((229,((11,892),(519,(643,549)))),((615,59),(964,(640,(286,(539,369))))))))),((((57,(985,465)),((799,122),(974,(725,414)))),(((829,(421,337)),((805,127),(201,586))),((746,307),((455,701),(((864,((686,778),(138,450))),((881,818),(760,((292,372),(333,(751,882)))))),(((591,348),(125,(929,(790,847)))),((402,(170,(652,(842,311)))),((827,(224,490)),((320,552),(4,(310,364))))))))))),(((((603,804),((305,470),((946,282),(579,598)))),((903,((366,380),(208,(341,210)))),((163,(70,650)),((427,639),((82,550),(37,246)))))),((((890,674),(314,(672,654))),(195,((469,538),((874,(335,841)),(780,(454,(142,476))))))),(((45,(733,(935,708))),((64,417),((26,572),(937,(813,284))))),(((119,(123,62)),(883,(287,788))),(254,(((904,932),(426,(526,770))),(994,((588,(387,33)),(590,(482,(510,528))))))))))),((((445,((485,267),(20,157))),((241,534),((789,(479,(821,255))),((522,(315,253)),(749,(181,(58,981))))))),((((345,721),(544,277)),(710,((200,697),(644,(673,941))))),((927,(185,174)),(373,((104,(877,329)),(205,(736,((698,546),(923,330))))))))),(((61,(547,(727,(968,887)))),(884,((530,502),(141,(995,(((871,154),((996,676),(478,(23,814)))),((706,316),((966,273),(168,((30,215),(744,(559,(600,(852,77)))))))))))))),((((171,((584,102),((25,(634,(557,(15,207)))),((491,(763,(244,795))),(678,(((131,714),(560,((613,289),(304,(801,(920,709)))))),(325,((249,(885,(378,452))),((317,38),(853,(520,577))))))))))),(((457,((993,(838,769)),((663,(514,140)),(((91,844),(796,989)),((352,(145,283)),((393,755),(197,930))))))),((568,((334,(447,(350,346))),((245,551),(524,(74,78))))),((986,(300,(133,695))),((431,(936,((188,541),(858,(622,(237,95)))))),((132,(840,(856,467))),((886,(938,(466,715))),((395,(51,902)),(687,(29,(327,164)))))))))),(((110,(728,809)),((266,(648,309)),(928,((56,(836,66)),((359,259),(435,(791,257))))))),(((507,574),(961,(288,439))),(((221,((815,(819,837)),((49,(113,(239,907))),(758,((3,752),((158,918),(911,917))))))),((939,((473,331),(803,875))),((783,(109,72)),((27,84),((532,658),(969,(223,816))))))),((360,(460,(383,(689,(632,275))))),((85,899),((626,(978,(494,(987,569)))),(((540,988),((256,999),(187,(580,729)))),(((332,693),(319,(914,458))),(83,(730,((621,323),((839,772),(832,(665,(880,944))))))))))))))))),((554,((((807,(688,954)),(893,(376,(558,(357,480))))),(423,((571,(126,(553,(777,(394,922))))),(453,((628,(619,(973,861))),((54,979),(612,((278,898),(358,(972,891)))))))))),((159,(271,148)),((((529,(664,766)),(919,(130,(599,773)))),(408,(637,((432,90),(694,(53,(535,592))))))),(((295,990),((356,488),((512,(247,(909,605))),(817,(100,(382,826)))))),(((444,(116,784)),(602,(107,((169,997),(411,134))))),(((669,103),((846,193),(149,971))),((160,895),((213,194),(915,508)))))))))),(263,((((386,219),(657,(12,((399,120),(950,((218,896),(523,(217,436)))))))),(((608,516),(527,533)),((743,6),(((374,234),(418,(624,(843,498)))),(567,((96,(711,677)),(578,(991,735)))))))),((((405,162),(785,(370,(274,212)))),(((302,(517,(9,878))),((384,(392,430)),(869,(398,666)))),((661,(576,(900,(202,(641,108))))),((876,(556,144)),(231,(303,(111,297))))))),((908,((810,(406,(178,(561,718)))),(150,((183,(655,775)),(851,(659,(80,(24,1000)))))))),((((166,198),(675,(146,(726,336)))),((18,(734,(342,152))),((87,492),(312,(368,562))))),(((575,(42,585)),(355,(916,(865,(437,609))))),((857,377),((471,((656,724),(563,(403,((308,754),(230,957)))))),(68,(((136,(757,260)),(143,(717,(233,(117,475))))),((52,(281,21)),((449,965),(416,(75,850)))))))))))))))),(0,((((214,((505,((912,128),(723,86))),(235,(905,(645,((977,400),(781,177))))))),(((115,855),(774,(787,(662,294)))),((692,(137,(823,464))),((800,(525,(720,(653,834)))),((515,313),(545,(597,581))))))),((879,((948,((646,594),(236,(222,19)))),(425,((379,888),((487,73),(967,683)))))),((493,(610,40)),((((704,264),(186,521)),((456,280),(269,(845,(786,992))))),(((446,79),(240,(203,(601,(582,474))))),((762,(682,(161,(933,(276,(731,872)))))),((497,633),((767,98),(((172,739),(716,(740,835))),((611,420),(696,(811,296)))))))))))),(((963,((((583,35),(238,(226,477))),((489,216),(606,(268,156)))),(((89,649),(413,(459,(952,(747,43))))),(((262,924),(627,407)),((328,(925,(537,(732,(956,623))))),((180,(998,448)),(750,(867,(975,55))))))))),((((481,620),(589,(495,(543,(71,(199,771)))))),((587,((849,748),(428,(112,513)))),((442,(106,(97,(228,279)))),((7,943),((93,699),(105,(779,(147,737)))))))),((((764,381),(873,5)),((353,((681,285),(182,970))),((511,76),((36,700),(848,616))))),(((822,(906,81)),(438,(604,(135,339)))),(824,((860,(719,(859,(756,265)))),((614,738),(926,((868,866),(404,555)))))))))),(34,(((753,(176,468)),((506,(828,797)),((41,409),(225,833)))),(338,(((712,761),(((17,(121,705)),(802,((862,179),(375,831)))),((129,983),((870,(211,(251,607))),(942,((499,361),(670,((631,389),(227,(419,501)))))))))),(((793,(461,(462,(298,88)))),((173,362),(889,(949,(165,894))))),(((344,638),(722,(354,(484,(272,(962,(947,153))))))),((((388,504),(618,385)),(((792,596),(324,625)),(((13,451),(635,(209,(50,410)))),((536,(28,(424,565))),(573,(206,(47,196))))))),((((10,192),(321,(351,798))),((433,(322,982)),(863,(94,(422,167))))),(((((306,((441,745),(299,(959,397)))),((365,707),(2,(742,(232,(340,48)))))),((46,(16,(945,204))),(((651,347),(326,(396,32))),((252,472),(463,(65,258)))))),((897,((270,960),(((250,684),(118,667)),(99,((825,184),(685,261)))))),(((401,63),(434,(984,(1,566)))),((151,101),((570,776),((155,14),(564,(680,642)))))))),(503,(((617,(114,(243,((630,921),(220,(509,910)))))),(((595,(691,390)),(806,(629,483))),(940,((92,191),(759,(139,931)))))),((((293,913),(679,(548,((500,830),(958,(429,367)))))),((782,(318,(660,(175,486)))),(955,((69,443),(290,593))))),((415,((242,31),((901,953),(768,(8,301))))),((39,440),((812,(934,(976,124))),(343,(248,(496,(412,349))))))))))))))))))))))))))))))));
Quartet score is: 22795994161038
Normalized quartet score is: 0.548200808586492
ASTRAL finished in 2629.313 secs
