
================== ASTRAL ===================== 

This is ASTRAL version 4.10.8
Gene trees are treated as unrooted
999 trees read from model.200.2000000.0.000001/44/estimatedgenetre.halfresolved
All outputted trees will be *arbitrarily* rooted at 157

======== Running the main analysis
Number of taxa: 201 (201 species)
Taxa: [157, 151, 167, 76, 66, 174, 116, 51, 61, 33, 120, 10, 189, 18, 15, 36, 93, 138, 77, 86, 156, 165, 172, 122, 90, 16, 164, 104, 31, 69, 109, 96, 105, 62, 71, 2, 126, 4, 146, 91, 59, 19, 100, 179, 55, 46, 56, 111, 142, 188, 70, 135, 136, 20, 114, 0, 158, 143, 83, 117, 112, 34, 8, 37, 95, 73, 82, 42, 50, 89, 168, 67, 163, 169, 48, 173, 92, 162, 32, 190, 1, 150, 41, 85, 187, 5, 35, 186, 49, 159, 140, 139, 160, 193, 130, 124, 12, 72, 178, 87, 137, 44, 133, 84, 7, 185, 29, 134, 30, 43, 106, 25, 125, 38, 129, 182, 110, 175, 11, 108, 88, 184, 74, 147, 45, 65, 128, 119, 17, 161, 79, 14, 191, 155, 22, 197, 198, 75, 97, 107, 123, 24, 181, 9, 200, 127, 27, 113, 102, 52, 57, 177, 199, 23, 176, 63, 118, 81, 21, 148, 6, 149, 183, 80, 3, 99, 152, 141, 54, 78, 121, 171, 64, 192, 47, 13, 39, 103, 196, 101, 195, 115, 40, 166, 94, 26, 98, 170, 154, 58, 60, 144, 145, 194, 131, 132, 180, 28, 68, 53, 153]
Taxon occupancy: {35=999, 36=999, 159=999, 33=999, 34=999, 158=999, 157=999, 39=999, 156=999, 37=999, 155=999, 38=999, 154=999, 152=999, 153=999, 150=999, 151=999, 43=999, 42=999, 41=999, 40=999, 200=999, 22=999, 169=999, 23=999, 24=999, 25=999, 166=999, 26=999, 165=999, 27=999, 28=999, 168=999, 167=999, 29=999, 161=999, 3=999, 162=999, 2=999, 1=999, 163=999, 0=999, 164=999, 7=999, 30=999, 6=999, 5=999, 32=999, 160=999, 31=999, 4=999, 9=999, 8=999, 19=999, 179=999, 17=999, 18=999, 178=999, 15=999, 177=999, 16=999, 176=999, 13=999, 14=999, 11=999, 12=999, 21=999, 170=999, 20=999, 171=999, 174=999, 175=999, 172=999, 173=999, 188=999, 187=999, 189=999, 180=999, 10=999, 181=999, 182=999, 183=999, 184=999, 185=999, 186=999, 116=999, 117=999, 79=999, 114=999, 78=999, 77=999, 115=999, 112=999, 113=999, 110=999, 111=999, 118=999, 119=999, 82=999, 83=999, 80=999, 81=999, 86=999, 87=999, 84=999, 85=999, 67=999, 125=999, 66=999, 126=999, 69=999, 127=999, 68=999, 128=999, 121=999, 122=999, 123=999, 124=999, 129=999, 70=999, 120=999, 71=999, 72=999, 73=999, 74=999, 75=999, 76=999, 134=999, 135=999, 132=999, 59=999, 133=999, 138=999, 58=999, 139=999, 57=999, 136=999, 56=999, 55=999, 137=999, 64=999, 65=999, 62=999, 63=999, 131=999, 60=999, 130=999, 61=999, 49=999, 143=999, 48=999, 144=999, 145=999, 146=999, 147=999, 45=999, 44=999, 148=999, 149=999, 47=999, 46=999, 51=999, 52=999, 53=999, 54=999, 140=999, 142=999, 50=999, 141=999, 109=999, 108=999, 107=999, 106=999, 105=999, 104=999, 103=999, 102=999, 99=999, 101=999, 100=999, 98=999, 97=999, 96=999, 95=999, 94=999, 93=999, 92=999, 91=999, 90=999, 88=999, 89=999, 195=999, 194=999, 197=999, 196=999, 191=999, 190=999, 193=999, 192=999, 198=999, 199=999}
Number of gene trees: 999
0 trees have missing taxa
Calculating quartet distance matrix (for completion of X)
Species tree distances calculated ...
Building set of clusters (X) from gene trees 
Using tree-based weight calculation.
Number of Default Clusters: 34145
Number of quartet trees in the gene trees: 65932081716
calculating extra bipartitions to be added at level 1 ...
Number of Clusters after addition by distance: 34145
Adding to X using resolutions of greedy consensus ...
Threshold 0.0:
Threshold 0.01:
Threshold 0.02:
polytomy of size 3; rounds with additions with at least 0.01 support: 0; clusters: 34145
Threshold 0.05:
polytomy of size 4; rounds with additions with at least 0.01 support: 0; clusters: 34145
Threshold 0.1:
polytomy of size 3; rounds with additions with at least 0.01 support: 0; clusters: 34145
polytomy of size 7; rounds with additions with at least 0.01 support: 0; clusters: 34145
Threshold 0.2:
polytomy of size 4; rounds with additions with at least 0.01 support: 0; clusters: 34145
polytomy of size 3; rounds with additions with at least 0.01 support: 0; clusters: 34145
polytomy of size 3; rounds with additions with at least 0.01 support: 0; clusters: 34145
polytomy of size 11; rounds with additions with at least 0.01 support: 0; clusters: 34145
Threshold 0.3333333333333333:
polytomy of size 3; rounds with additions with at least 0.01 support: 0; clusters: 34145
polytomy of size 5; rounds with additions with at least 0.01 support: 0; clusters: 34145
polytomy of size 3; rounds with additions with at least 0.01 support: 0; clusters: 34145
polytomy of size 4; rounds with additions with at least 0.01 support: 0; clusters: 34145
polytomy of size 3; rounds with additions with at least 0.01 support: 0; clusters: 34145
polytomy of size 4; rounds with additions with at least 0.01 support: 0; clusters: 34145
polytomy of size 4; rounds with additions with at least 0.01 support: 0; clusters: 34145
polytomy of size 3; rounds with additions with at least 0.01 support: 0; clusters: 34145
polytomy of size 3; rounds with additions with at least 0.01 support: 0; clusters: 34145
polytomy of size 3; rounds with additions with at least 0.01 support: 0; clusters: 34145
polytomy of size 3; rounds with additions with at least 0.01 support: 0; clusters: 34145
polytomy of size 3; rounds with additions with at least 0.01 support: 0; clusters: 34145
polytomy of size 3; rounds with additions with at least 0.01 support: 0; clusters: 34145
polytomy of size 16; rounds with additions with at least 0.01 support: 0; clusters: 34185
polytomy of size 3; rounds with additions with at least 0.01 support: 0; clusters: 34185
Number of Clusters after addition by greedy: 34185
partitions formed in 22.189 secs
Dynamic Programming starting after 22.189 secs
Size of largest cluster: 201
Size of largest cluster: 201
Total Number of elements weighted: 134543
Normalized score (portion of input quartet trees satisfied): NaN
Final optimization score: 0
Calculated 100000 weights; time (seconds): 45
Total Number of elements weighted: 134543
Normalized score (portion of input quartet trees satisfied): 0.7552054272376586
Final optimization score: 49792265941
Optimal tree inferred in 53.059 secs.
(157,((151,167),(76,(((66,(174,116)),((51,120),(61,33))),(((10,(189,18)),((93,(15,36)),((77,156),(138,(86,(165,172)))))),((114,(((173,92),(((162,32),(150,41)),((190,1),(85,187)))),((5,(35,186)),((137,44),((159,(140,(193,(139,160)))),(72,((178,87),(130,(124,12))))))))),(((((163,169),(67,48)),(((82,42),(50,(89,168))),((34,8),((112,(37,(95,73))),(158,(143,(83,117))))))),(((100,179),(55,(46,56))),(((122,90),(111,((188,70),(142,(135,136))))),(((31,109),(69,(104,(16,164)))),((20,(91,59)),((146,(96,19)),((126,4),((105,62),(71,2))))))))),(((134,((133,84),(7,(185,29)))),(((182,110),(38,129)),((11,(108,88)),(175,((25,125),(30,(43,106))))))),(49,(0,((((148,6),(80,(149,183))),((23,176),(199,(118,(63,(81,21)))))),((((65,(128,119)),(45,(191,((17,161),(79,14))))),(((102,(57,(52,177))),(200,(27,(127,113)))),((155,(22,197)),((24,(181,9)),((107,123),(97,(198,75))))))),(153,((184,(74,147)),(((3,99),((171,(121,((192,47),(64,13)))),((141,(54,78)),(152,(39,(103,196)))))),((((154,58),(98,170)),((101,195),(26,(166,94)))),((131,(180,(132,(115,40)))),((28,(68,53)),(194,(60,(144,145)))))))))))))))))))));
Quartet score is: 49792265941
Normalized quartet score is: 0.7552054272376586
ASTRAL finished in 65.602 secs
