
================== ASTRAL ===================== 

This is ASTRAL version 4.10.10
Gene trees are treated as unrooted
983 trees read from ASTRALDATA/model.200.2000000.0.000001/10/estimatedgenetre.halfresolved
All output trees will be *arbitrarily* rooted at 174

======== Running the main analysis
Number of taxa: 201 (201 species)
Taxa: [174, 134, 9, 51, 195, 125, 11, 15, 8, 53, 139, 197, 198, 166, 40, 77, 196, 28, 98, 175, 170, 78, 149, 27, 194, 111, 101, 62, 55, 193, 184, 36, 162, 143, 41, 150, 47, 96, 2, 24, 104, 65, 129, 31, 192, 10, 82, 152, 123, 148, 132, 113, 117, 33, 59, 158, 172, 20, 128, 110, 168, 50, 54, 94, 99, 155, 38, 151, 127, 85, 183, 141, 60, 75, 56, 173, 119, 49, 171, 58, 81, 165, 121, 74, 189, 100, 34, 37, 6, 145, 179, 137, 0, 7, 12, 147, 114, 167, 73, 181, 57, 88, 17, 126, 185, 116, 32, 3, 144, 35, 29, 13, 200, 108, 19, 95, 69, 133, 43, 157, 161, 105, 159, 46, 120, 191, 164, 142, 52, 1, 187, 122, 66, 190, 70, 71, 79, 21, 136, 30, 91, 124, 67, 90, 44, 80, 107, 45, 72, 16, 188, 163, 25, 48, 199, 180, 178, 186, 68, 169, 176, 39, 182, 5, 140, 115, 42, 23, 86, 4, 135, 63, 83, 118, 153, 84, 130, 64, 92, 160, 89, 156, 154, 138, 106, 93, 146, 103, 87, 97, 22, 26, 61, 109, 18, 131, 177, 76, 102, 112, 14]
Taxon occupancy: {35=983, 36=983, 33=983, 159=983, 34=983, 158=983, 157=983, 39=983, 156=983, 37=983, 155=983, 38=983, 154=983, 152=983, 153=983, 150=983, 151=983, 43=983, 42=983, 41=983, 40=983, 200=983, 22=983, 169=983, 23=983, 24=983, 25=983, 166=983, 26=983, 165=983, 27=983, 168=983, 28=983, 167=983, 29=983, 3=983, 161=983, 162=983, 2=983, 1=983, 163=983, 0=983, 164=983, 7=983, 30=983, 6=983, 32=983, 5=983, 31=983, 4=983, 160=983, 9=983, 8=983, 19=983, 179=983, 17=983, 18=983, 178=983, 177=983, 15=983, 16=983, 176=983, 13=983, 14=983, 11=983, 12=983, 170=983, 21=983, 171=983, 20=983, 174=983, 175=983, 172=983, 173=983, 188=983, 187=983, 189=983, 180=983, 10=983, 181=983, 182=983, 183=983, 184=983, 185=983, 186=983, 116=983, 117=983, 79=983, 78=983, 114=983, 77=983, 115=983, 112=983, 113=983, 110=983, 111=983, 118=983, 119=983, 82=983, 83=983, 80=983, 81=983, 86=983, 87=983, 84=983, 85=983, 125=983, 67=983, 126=983, 66=983, 127=983, 69=983, 128=983, 68=983, 121=983, 122=983, 123=983, 124=983, 129=983, 70=983, 120=983, 71=983, 72=983, 73=983, 74=983, 75=983, 76=983, 134=983, 135=983, 132=983, 59=983, 133=983, 58=983, 138=983, 139=983, 57=983, 56=983, 136=983, 137=983, 55=983, 64=983, 65=983, 62=983, 63=983, 131=983, 60=983, 61=983, 130=983, 49=983, 143=983, 144=983, 48=983, 145=983, 146=983, 147=983, 45=983, 148=983, 44=983, 149=983, 47=983, 46=983, 51=983, 52=983, 53=983, 54=983, 140=983, 142=983, 141=983, 50=983, 109=983, 108=983, 107=983, 106=983, 105=983, 104=983, 103=983, 102=983, 99=983, 101=983, 100=983, 98=983, 97=983, 96=983, 95=983, 94=983, 93=983, 92=983, 91=983, 90=983, 88=983, 89=983, 195=983, 194=983, 197=983, 196=983, 191=983, 190=983, 193=983, 192=983, 198=983, 199=983}
Number of gene trees: 983
0 trees have missing taxa
Calculating quartet distance matrix (for completion of X)
Species tree distances calculated ...
Building set of clusters (X) from gene trees 
Using tree-based weight calculation.
Number of Default Clusters: 44255
Number of quartet trees in the gene trees: 64843304556
calculating extra bipartitions to be added at level 1 ...
Number of Clusters after addition by distance: 44255
Adding to X using resolutions of greedy consensus ...
Threshold 0.0:
Threshold 0.01:
Threshold 0.02:
Threshold 0.05:
polytomy of size 5; rounds with additions with at least 0.01 support: 0; clusters: 44255
Threshold 0.1:
polytomy of size 7; rounds with additions with at least 0.01 support: 0; clusters: 44255
Threshold 0.2:
polytomy of size 3; rounds with additions with at least 0.01 support: 0; clusters: 44255
polytomy of size 7; rounds with additions with at least 0.01 support: 0; clusters: 44255
polytomy of size 3; rounds with additions with at least 0.01 support: 0; clusters: 44255
polytomy of size 9; rounds with additions with at least 0.01 support: 0; clusters: 44255
Threshold 0.3333333333333333:
polytomy of size 4; rounds with additions with at least 0.01 support: 0; clusters: 44255
polytomy of size 3; rounds with additions with at least 0.01 support: 0; clusters: 44255
polytomy of size 3; rounds with additions with at least 0.01 support: 0; clusters: 44255
polytomy of size 3; rounds with additions with at least 0.01 support: 0; clusters: 44255
polytomy of size 5; rounds with additions with at least 0.01 support: 0; clusters: 44255
polytomy of size 4; rounds with additions with at least 0.01 support: 0; clusters: 44255
polytomy of size 3; rounds with additions with at least 0.01 support: 0; clusters: 44255
polytomy of size 4; rounds with additions with at least 0.01 support: 0; clusters: 44255
polytomy of size 4; rounds with additions with at least 0.01 support: 0; clusters: 44255
polytomy of size 3; rounds with additions with at least 0.01 support: 0; clusters: 44255
polytomy of size 8; rounds with additions with at least 0.01 support: 0; clusters: 44257
polytomy of size 3; rounds with additions with at least 0.01 support: 0; clusters: 44257
polytomy of size 3; rounds with additions with at least 0.01 support: 0; clusters: 44257
polytomy of size 4; rounds with additions with at least 0.01 support: 0; clusters: 44257
polytomy of size 4; rounds with additions with at least 0.01 support: 0; clusters: 44257
polytomy of size 5; rounds with additions with at least 0.01 support: 0; clusters: 44257
polytomy of size 5; rounds with additions with at least 0.01 support: 0; clusters: 44257
polytomy of size 3; rounds with additions with at least 0.01 support: 0; clusters: 44257
polytomy of size 4; rounds with additions with at least 0.01 support: 0; clusters: 44257
polytomy of size 16; rounds with additions with at least 0.01 support: 0; clusters: 44385
polytomy of size 4; rounds with additions with at least 0.01 support: 0; clusters: 44385
Number of Clusters after addition by greedy: 44385
partitions formed in 23.047 secs
Dynamic Programming starting after 23.047 secs
Size of largest cluster: 201
Calculated 100000 weights; time (seconds): 635
Total Number of elements weighted: 167842
Normalized score (portion of input quartet trees satisfied): 0.7388615852331176
Final optimization score: 47910226796
Optimal tree inferred in 1070.969 secs.
(12,(7,(((95,(108,(200,19))),(13,(167,(147,114)))),(((144,(35,29)),(116,(185,(32,3)))),((69,(133,43)),((157,((73,181),(17,(57,(88,126))))),((((105,159),(161,46)),((((139,40),(197,(198,166))),(51,(15,((195,125),(53,(11,8)))))),((39,(115,(23,((140,42),(182,5))))),((86,(4,135)),((63,(83,118)),((154,(64,92)),((130,(160,(89,156))),(106,(138,(153,84)))))))))),(((137,(174,96)),((186,(180,178)),((134,9),(112,14)))),((0,(61,109)),((((169,(68,176)),(((103,87),(97,(22,26))),((93,146),(76,(177,102))))),(((44,80),((107,(163,(25,48))),(45,(188,(72,16))))),((124,(67,90)),(((71,79),((91,(136,30)),(190,(70,21)))),((164,(120,191)),((122,(187,66)),(1,(142,52)))))))),(((98,(28,(77,196))),((175,170),(184,(36,((41,((150,47),(162,143))),((78,149),((111,(27,194)),((62,55),(101,193))))))))),((199,(18,131)),((31,((65,(24,104)),(2,(129,(192,10))))),(((148,(132,113)),(152,(82,123))),(((172,20),(59,(117,(33,158)))),((151,(141,(60,(127,(85,183))))),(((74,189),((58,81),((75,(165,121)),(56,(173,(179,(171,(119,49)))))))),((128,((100,34),(6,(37,145)))),((155,38),(110,(168,(99,(54,(50,94))))))))))))))))))))))));
Quartet score is: 47910226796
Normalized quartet score is: 0.7388615852331176
ASTRAL finished in 1080.532 secs
