
================== ASTRAL ===================== 

This is ASTRAL version 4.10.8
Gene trees are treated as unrooted
1000 trees read from model.1000.2000000.0.000001/45/estimatedgenetre.halfresolved
All outputted trees will be *arbitrarily* rooted at 913

======== Running the main analysis
Number of taxa: 1001 (1001 species)
Taxa: [913, 281, 483, 232, 836, 133, 964, 248, 984, 224, 632, 560, 921, 889, 881, 274, 252, 119, 703, 390, 32, 462, 296, 662, 227, 138, 175, 569, 330, 496, 123, 855, 143, 2, 701, 648, 654, 573, 585, 216, 149, 924, 449, 606, 166, 599, 342, 414, 46, 393, 927, 678, 663, 997, 853, 286, 660, 712, 65, 132, 750, 11, 409, 602, 661, 487, 400, 463, 238, 676, 207, 968, 429, 85, 479, 236, 629, 896, 315, 419, 895, 76, 778, 597, 752, 105, 310, 113, 177, 82, 757, 737, 283, 722, 130, 770, 284, 299, 551, 458, 158, 867, 826, 556, 311, 691, 129, 954, 776, 505, 926, 824, 898, 1, 695, 753, 557, 667, 672, 970, 476, 689, 558, 542, 769, 973, 513, 84, 210, 851, 481, 78, 887, 336, 620, 134, 417, 603, 670, 528, 142, 890, 120, 89, 488, 637, 41, 638, 877, 441, 962, 148, 861, 581, 956, 614, 988, 192, 50, 51, 844, 863, 135, 428, 249, 908, 979, 992, 144, 617, 298, 64, 268, 547, 278, 169, 371, 171, 294, 692, 499, 474, 42, 665, 221, 264, 270, 634, 643, 212, 66, 328, 566, 115, 139, 473, 235, 464, 451, 97, 137, 181, 592, 918, 969, 794, 399, 329, 799, 870, 8, 503, 288, 471, 478, 416, 642, 332, 437, 561, 14, 356, 71, 759, 782, 127, 308, 987, 848, 389, 361, 517, 368, 704, 255, 96, 806, 588, 436, 297, 80, 897, 735, 688, 957, 864, 802, 796, 267, 493, 742, 628, 121, 948, 652, 424, 862, 383, 723, 923, 584, 888, 102, 269, 768, 946, 491, 117, 866, 498, 928, 570, 47, 35, 516, 88, 845, 530, 781, 384, 442, 785, 849, 282, 320, 758, 762, 834, 952, 523, 771, 44, 982, 3, 502, 805, 338, 402, 947, 625, 595, 545, 936, 529, 497, 475, 147, 506, 251, 775, 151, 246, 182, 882, 577, 98, 699, 983, 510, 48, 344, 370, 103, 879, 439, 635, 511, 955, 18, 27, 183, 0, 749, 906, 309, 229, 448, 445, 965, 367, 552, 482, 146, 379, 287, 58, 295, 731, 128, 351, 362, 590, 234, 830, 646, 170, 106, 534, 994, 276, 194, 375, 884, 825, 937, 327, 104, 366, 938, 427, 319, 668, 99, 909, 540, 711, 967, 38, 555, 649, 189, 91, 90, 563, 301, 432, 339, 382, 321, 786, 803, 883, 179, 220, 63, 671, 693, 461, 322, 986, 978, 812, 640, 609, 111, 917, 435, 49, 150, 835, 777, 639, 914, 596, 494, 250, 901, 500, 700, 800, 981, 831, 554, 709, 349, 772, 15, 291, 300, 495, 244, 801, 792, 764, 230, 431, 807, 326, 331, 583, 990, 698, 346, 582, 260, 317, 559, 685, 472, 618, 292, 912, 101, 532, 17, 110, 586, 378, 164, 4, 541, 168, 457, 380, 931, 613, 156, 314, 600, 669, 544, 10, 878, 87, 991, 713, 885, 526, 953, 872, 893, 624, 293, 610, 67, 422, 822, 966, 817, 717, 363, 894, 925, 107, 567, 942, 304, 459, 157, 75, 257, 809, 694, 572, 285, 460, 607, 340, 280, 874, 612, 29, 859, 193, 225, 178, 241, 675, 79, 733, 631, 746, 998, 208, 696, 780, 95, 756, 83, 934, 247, 929, 910, 423, 915, 854, 789, 26, 5, 430, 237, 784, 537, 108, 653, 729, 795, 477, 188, 684, 993, 773, 152, 272, 404, 832, 52, 450, 656, 109, 271, 253, 376, 813, 145, 61, 766, 707, 850, 524, 779, 386, 580, 81, 706, 444, 201, 591, 446, 60, 804, 289, 721, 155, 720, 323, 940, 683, 13, 754, 820, 388, 905, 262, 976, 738, 199, 645, 876, 527, 100, 725, 187, 211, 891, 716, 124, 546, 601, 710, 604, 184, 365, 191, 726, 31, 59, 842, 131, 605, 950, 593, 727, 39, 508, 86, 977, 714, 985, 180, 305, 739, 945, 611, 275, 369, 185, 571, 112, 263, 318, 215, 608, 486, 514, 880, 536, 62, 45, 875, 213, 174, 959, 682, 816, 734, 535, 531, 788, 636, 743, 525, 228, 114, 350, 306, 397, 313, 677, 932, 186, 815, 798, 767, 539, 856, 819, 922, 814, 398, 553, 258, 852, 420, 916, 989, 466, 974, 172, 892, 865, 761, 920, 751, 401, 598, 256, 951, 846, 226, 357, 43, 57, 935, 348, 568, 347, 413, 687, 245, 92, 903, 999, 259, 118, 728, 352, 161, 9, 489, 690, 411, 615, 644, 233, 197, 548, 718, 54, 434, 550, 674, 453, 763, 407, 343, 77, 70, 355, 869, 30, 627, 509, 6, 334, 930, 980, 341, 680, 484, 74, 222, 455, 40, 829, 821, 261, 659, 72, 33, 838, 372, 454, 217, 37, 21, 736, 438, 469, 203, 205, 377, 858, 426, 396, 933, 686, 359, 841, 765, 576, 748, 943, 519, 818, 242, 755, 239, 902, 468, 394, 163, 410, 939, 575, 823, 69, 266, 702, 744, 443, 167, 533, 273, 873, 56, 373, 325, 25, 307, 254, 492, 28, 7, 176, 337, 594, 745, 574, 312, 456, 793, 425, 587, 673, 223, 633, 650, 868, 358, 840, 387, 839, 53, 290, 521, 961, 747, 140, 195, 522, 55, 198, 381, 616, 787, 20, 412, 774, 810, 415, 94, 470, 658, 641, 543, 549, 219, 860, 715, 231, 904, 579, 791, 708, 828, 619, 333, 975, 857, 141, 518, 724, 153, 395, 907, 480, 385, 797, 621, 741, 666, 790, 303, 19, 732, 447, 504, 651, 165, 159, 34, 490, 630, 277, 392, 204, 22, 949, 655, 160, 515, 919, 433, 279, 833, 335, 360, 808, 116, 209, 681, 354, 206, 24, 12, 971, 871, 465, 944, 679, 418, 507, 93, 837, 240, 565, 730, 403, 125, 501, 622, 202, 960, 664, 302, 324, 941, 421, 589, 353, 243, 740, 162, 623, 827, 719, 391, 122, 911, 16, 847, 958, 265, 440, 995, 467, 68, 218, 406, 316, 136, 538, 408, 512, 626, 196, 578, 190, 783, 564, 154, 562, 963, 36, 1000, 647, 520, 996, 345, 760, 900, 73, 23, 364, 374, 452, 705, 972, 811, 886, 843, 697, 657, 214, 126, 485, 200, 173, 405, 899]
Taxon occupancy: {338=1000, 339=1000, 941=1000, 942=1000, 940=1000, 332=1000, 945=1000, 333=1000, 946=1000, 943=1000, 330=1000, 944=1000, 331=1000, 949=1000, 336=1000, 337=1000, 947=1000, 334=1000, 335=1000, 948=1000, 748=1000, 531=1000, 747=1000, 530=1000, 746=1000, 745=1000, 535=1000, 534=1000, 533=1000, 749=1000, 532=1000, 740=1000, 539=1000, 538=1000, 537=1000, 536=1000, 744=1000, 743=1000, 742=1000, 741=1000, 349=1000, 930=1000, 931=1000, 932=1000, 341=1000, 933=1000, 342=1000, 934=1000, 343=1000, 344=1000, 935=1000, 345=1000, 936=1000, 937=1000, 346=1000, 938=1000, 347=1000, 939=1000, 348=1000, 540=1000, 3=1000, 735=1000, 2=1000, 929=1000, 734=1000, 737=1000, 1=1000, 542=1000, 0=1000, 541=1000, 736=1000, 7=1000, 544=1000, 739=1000, 543=1000, 738=1000, 6=1000, 340=1000, 5=1000, 546=1000, 545=1000, 4=1000, 548=1000, 547=1000, 9=1000, 549=1000, 8=1000, 731=1000, 730=1000, 733=1000, 732=1000, 920=1000, 318=1000, 319=1000, 316=1000, 317=1000, 927=1000, 314=1000, 928=1000, 315=1000, 312=1000, 925=1000, 926=1000, 313=1000, 923=1000, 310=1000, 924=1000, 311=1000, 921=1000, 922=1000, 513=1000, 512=1000, 729=1000, 511=1000, 728=1000, 510=1000, 727=1000, 726=1000, 725=1000, 919=1000, 724=1000, 723=1000, 918=1000, 722=1000, 721=1000, 519=1000, 720=1000, 518=1000, 517=1000, 516=1000, 515=1000, 514=1000, 327=1000, 328=1000, 329=1000, 914=1000, 323=1000, 324=1000, 915=1000, 325=1000, 916=1000, 917=1000, 326=1000, 709=1000, 910=1000, 911=1000, 320=1000, 321=1000, 912=1000, 913=1000, 322=1000, 522=1000, 717=1000, 521=1000, 716=1000, 719=1000, 524=1000, 523=1000, 718=1000, 908=1000, 713=1000, 907=1000, 712=1000, 520=1000, 715=1000, 909=1000, 714=1000, 529=1000, 711=1000, 710=1000, 526=1000, 525=1000, 528=1000, 527=1000, 989=1000, 988=1000, 987=1000, 571=1000, 570=1000, 982=1000, 981=1000, 980=1000, 986=1000, 985=1000, 984=1000, 983=1000, 700=1000, 574=1000, 703=1000, 575=1000, 704=1000, 701=1000, 572=1000, 702=1000, 573=1000, 578=1000, 707=1000, 708=1000, 579=1000, 705=1000, 576=1000, 577=1000, 706=1000, 977=1000, 976=1000, 979=1000, 300=1000, 978=1000, 302=1000, 580=1000, 301=1000, 582=1000, 304=1000, 303=1000, 581=1000, 306=1000, 305=1000, 971=1000, 308=1000, 307=1000, 970=1000, 973=1000, 972=1000, 309=1000, 975=1000, 974=1000, 583=1000, 584=1000, 585=1000, 586=1000, 587=1000, 588=1000, 589=1000, 969=1000, 968=1000, 967=1000, 966=1000, 965=1000, 964=1000, 963=1000, 962=1000, 961=1000, 960=1000, 558=1000, 559=1000, 556=1000, 557=1000, 554=1000, 555=1000, 552=1000, 553=1000, 550=1000, 551=1000, 959=1000, 958=1000, 560=1000, 955=1000, 954=1000, 957=1000, 956=1000, 951=1000, 950=1000, 953=1000, 952=1000, 569=1000, 565=1000, 566=1000, 567=1000, 568=1000, 561=1000, 562=1000, 563=1000, 564=1000, 799=1000, 798=1000, 797=1000, 796=1000, 795=1000, 794=1000, 793=1000, 792=1000, 996=1000, 790=1000, 791=1000, 997=1000, 994=1000, 995=1000, 992=1000, 993=1000, 990=1000, 991=1000, 998=1000, 999=1000, 781=1000, 782=1000, 783=1000, 784=1000, 785=1000, 786=1000, 787=1000, 788=1000, 789=1000, 780=1000, 505=1000, 772=1000, 506=1000, 773=1000, 503=1000, 770=1000, 504=1000, 771=1000, 776=1000, 509=1000, 777=1000, 507=1000, 774=1000, 775=1000, 508=1000, 778=1000, 779=1000, 501=1000, 502=1000, 500=1000, 763=1000, 764=1000, 765=1000, 766=1000, 760=1000, 761=1000, 762=1000, 767=1000, 768=1000, 769=1000, 754=1000, 755=1000, 752=1000, 753=1000, 750=1000, 751=1000, 758=1000, 759=1000, 756=1000, 757=1000, 595=1000, 594=1000, 391=1000, 597=1000, 390=1000, 596=1000, 393=1000, 599=1000, 392=1000, 598=1000, 395=1000, 394=1000, 396=1000, 397=1000, 398=1000, 399=1000, 590=1000, 591=1000, 592=1000, 593=1000, 383=1000, 384=1000, 381=1000, 382=1000, 380=1000, 389=1000, 388=1000, 387=1000, 386=1000, 385=1000, 370=1000, 371=1000, 372=1000, 373=1000, 379=1000, 378=1000, 375=1000, 374=1000, 377=1000, 376=1000, 361=1000, 362=1000, 360=1000, 366=1000, 365=1000, 364=1000, 363=1000, 369=1000, 368=1000, 367=1000, 350=1000, 351=1000, 353=1000, 352=1000, 355=1000, 354=1000, 357=1000, 356=1000, 359=1000, 358=1000, 806=1000, 807=1000, 804=1000, 805=1000, 802=1000, 803=1000, 800=1000, 801=1000, 159=1000, 158=1000, 157=1000, 156=1000, 155=1000, 154=1000, 152=1000, 601=1000, 153=1000, 600=1000, 150=1000, 151=1000, 609=1000, 608=1000, 607=1000, 606=1000, 605=1000, 604=1000, 603=1000, 602=1000, 202=1000, 203=1000, 204=1000, 205=1000, 200=1000, 201=1000, 169=1000, 206=1000, 166=1000, 165=1000, 207=1000, 168=1000, 208=1000, 209=1000, 167=1000, 409=1000, 161=1000, 408=1000, 162=1000, 163=1000, 164=1000, 405=1000, 404=1000, 407=1000, 406=1000, 160=1000, 401=1000, 400=1000, 403=1000, 402=1000, 824=1000, 211=1000, 825=1000, 212=1000, 822=1000, 823=1000, 210=1000, 828=1000, 215=1000, 216=1000, 829=1000, 826=1000, 213=1000, 214=1000, 827=1000, 219=1000, 179=1000, 178=1000, 177=1000, 217=1000, 218=1000, 176=1000, 820=1000, 821=1000, 418=1000, 170=1000, 417=1000, 171=1000, 416=1000, 415=1000, 623=1000, 174=1000, 622=1000, 175=1000, 621=1000, 172=1000, 173=1000, 419=1000, 620=1000, 410=1000, 627=1000, 626=1000, 625=1000, 624=1000, 819=1000, 414=1000, 413=1000, 412=1000, 629=1000, 628=1000, 411=1000, 811=1000, 220=1000, 221=1000, 812=1000, 813=1000, 222=1000, 223=1000, 814=1000, 224=1000, 815=1000, 225=1000, 816=1000, 817=1000, 226=1000, 818=1000, 227=1000, 188=1000, 228=1000, 229=1000, 187=1000, 189=1000, 810=1000, 427=1000, 426=1000, 180=1000, 181=1000, 429=1000, 182=1000, 428=1000, 183=1000, 610=1000, 184=1000, 612=1000, 185=1000, 611=1000, 186=1000, 614=1000, 809=1000, 808=1000, 613=1000, 421=1000, 616=1000, 420=1000, 615=1000, 618=1000, 423=1000, 617=1000, 422=1000, 425=1000, 619=1000, 424=1000, 843=1000, 116=1000, 117=1000, 842=1000, 841=1000, 114=1000, 840=1000, 115=1000, 112=1000, 113=1000, 110=1000, 111=1000, 849=1000, 848=1000, 847=1000, 846=1000, 845=1000, 118=1000, 119=1000, 844=1000, 435=1000, 436=1000, 433=1000, 434=1000, 431=1000, 432=1000, 430=1000, 439=1000, 437=1000, 438=1000, 125=1000, 830=1000, 126=1000, 127=1000, 832=1000, 128=1000, 831=1000, 121=1000, 122=1000, 123=1000, 124=1000, 838=1000, 837=1000, 839=1000, 834=1000, 129=1000, 833=1000, 836=1000, 835=1000, 444=1000, 445=1000, 446=1000, 447=1000, 440=1000, 441=1000, 442=1000, 443=1000, 120=1000, 448=1000, 449=1000, 134=1000, 861=1000, 860=1000, 135=1000, 132=1000, 133=1000, 138=1000, 865=1000, 864=1000, 139=1000, 136=1000, 863=1000, 862=1000, 137=1000, 869=1000, 868=1000, 867=1000, 866=1000, 450=1000, 453=1000, 454=1000, 451=1000, 452=1000, 457=1000, 458=1000, 455=1000, 456=1000, 459=1000, 131=1000, 130=1000, 143=1000, 144=1000, 145=1000, 850=1000, 146=1000, 147=1000, 852=1000, 851=1000, 148=1000, 149=1000, 854=1000, 853=1000, 856=1000, 855=1000, 858=1000, 857=1000, 859=1000, 461=1000, 460=1000, 462=1000, 463=1000, 464=1000, 465=1000, 466=1000, 467=1000, 468=1000, 469=1000, 140=1000, 142=1000, 141=1000, 687=1000, 686=1000, 689=1000, 688=1000, 683=1000, 682=1000, 685=1000, 684=1000, 888=1000, 889=1000, 884=1000, 885=1000, 886=1000, 680=1000, 681=1000, 887=1000, 880=1000, 881=1000, 882=1000, 883=1000, 678=1000, 677=1000, 676=1000, 675=1000, 674=1000, 673=1000, 672=1000, 671=1000, 679=1000, 879=1000, 877=1000, 878=1000, 875=1000, 670=1000, 876=1000, 873=1000, 874=1000, 871=1000, 872=1000, 870=1000, 696=1000, 695=1000, 694=1000, 693=1000, 890=1000, 699=1000, 698=1000, 697=1000, 899=1000, 893=1000, 894=1000, 891=1000, 892=1000, 897=1000, 691=1000, 898=1000, 692=1000, 895=1000, 896=1000, 690=1000, 646=1000, 647=1000, 648=1000, 649=1000, 195=1000, 642=1000, 194=1000, 643=1000, 644=1000, 197=1000, 196=1000, 645=1000, 191=1000, 190=1000, 640=1000, 193=1000, 641=1000, 192=1000, 198=1000, 199=1000, 639=1000, 637=1000, 638=1000, 635=1000, 636=1000, 633=1000, 634=1000, 631=1000, 632=1000, 630=1000, 668=1000, 669=1000, 660=1000, 661=1000, 662=1000, 663=1000, 664=1000, 665=1000, 666=1000, 667=1000, 659=1000, 657=1000, 658=1000, 651=1000, 652=1000, 650=1000, 655=1000, 656=1000, 653=1000, 654=1000, 35=1000, 36=1000, 33=1000, 34=1000, 39=1000, 37=1000, 38=1000, 43=1000, 42=1000, 41=1000, 40=1000, 22=1000, 23=1000, 24=1000, 25=1000, 26=1000, 27=1000, 28=1000, 29=1000, 30=1000, 32=1000, 31=1000, 19=1000, 17=1000, 18=1000, 15=1000, 16=1000, 13=1000, 14=1000, 11=1000, 12=1000, 21=1000, 20=1000, 10=1000, 79=1000, 78=1000, 77=1000, 82=1000, 83=1000, 80=1000, 81=1000, 86=1000, 87=1000, 84=1000, 85=1000, 67=1000, 66=1000, 69=1000, 68=1000, 70=1000, 71=1000, 72=1000, 73=1000, 74=1000, 75=1000, 76=1000, 59=1000, 58=1000, 57=1000, 56=1000, 55=1000, 64=1000, 65=1000, 62=1000, 63=1000, 60=1000, 61=1000, 49=1000, 48=1000, 45=1000, 44=1000, 47=1000, 46=1000, 51=1000, 52=1000, 53=1000, 54=1000, 50=1000, 487=1000, 281=1000, 280=1000, 486=1000, 485=1000, 484=1000, 285=1000, 284=1000, 283=1000, 489=1000, 282=1000, 488=1000, 288=1000, 289=1000, 286=1000, 287=1000, 482=1000, 483=1000, 480=1000, 481=1000, 474=1000, 473=1000, 476=1000, 270=1000, 475=1000, 478=1000, 272=1000, 477=1000, 271=1000, 274=1000, 273=1000, 479=1000, 275=1000, 276=1000, 277=1000, 278=1000, 279=1000, 470=1000, 471=1000, 472=1000, 1000=1000, 109=1000, 108=1000, 107=1000, 106=1000, 105=1000, 104=1000, 103=1000, 99=1000, 102=1000, 101=1000, 100=1000, 98=1000, 97=1000, 96=1000, 95=1000, 94=1000, 93=1000, 92=1000, 91=1000, 90=1000, 294=1000, 499=1000, 293=1000, 296=1000, 295=1000, 290=1000, 496=1000, 495=1000, 498=1000, 292=1000, 497=1000, 291=1000, 491=1000, 492=1000, 493=1000, 494=1000, 297=1000, 298=1000, 299=1000, 490=1000, 88=1000, 89=1000, 240=1000, 241=1000, 245=1000, 244=1000, 243=1000, 242=1000, 249=1000, 248=1000, 247=1000, 246=1000, 230=1000, 239=1000, 232=1000, 231=1000, 234=1000, 233=1000, 236=1000, 235=1000, 238=1000, 237=1000, 262=1000, 263=1000, 260=1000, 261=1000, 269=1000, 268=1000, 267=1000, 266=1000, 265=1000, 264=1000, 250=1000, 251=1000, 252=1000, 904=1000, 258=1000, 257=1000, 903=1000, 906=1000, 905=1000, 259=1000, 900=1000, 254=1000, 253=1000, 902=1000, 256=1000, 255=1000, 901=1000}
Number of gene trees: 1000
0 trees have missing taxa
Calculating quartet distance matrix (for completion of X)
Species tree distances calculated ...
Building set of clusters (X) from gene trees 
Using tree-based weight calculation.
Number of Default Clusters: 240079
Number of quartet trees in the gene trees: 41583267867348
calculating extra bipartitions to be added at level 1 ...
Number of Clusters after addition by distance: 240091
Adding to X using resolutions of greedy consensus ...
Threshold 0.0:
polytomy of size 8; rounds with additions with at least 0.01 support: 9; clusters: 240331
Threshold 0.01:
polytomy of size 3; rounds with additions with at least 0.01 support: 0; clusters: 240333
polytomy of size 16; rounds with additions with at least 0.01 support: 3; clusters: 241309
Threshold 0.02:
polytomy of size 3; rounds with additions with at least 0.01 support: 0; clusters: 241309
polytomy of size 5; rounds with additions with at least 0.01 support: 0; clusters: 241319
polytomy of size 19; rounds with additions with at least 0.01 support: 1; clusters: 242363
Threshold 0.05:
polytomy of size 3; rounds with additions with at least 0.01 support: 0; clusters: 242363
polytomy of size 3; rounds with additions with at least 0.01 support: 0; clusters: 242363
polytomy of size 33; rounds with additions with at least 0.01 support: 0; clusters: 242405
Threshold 0.1:
polytomy of size 3; rounds with additions with at least 0.01 support: 0; clusters: 242405
polytomy of size 3; rounds with additions with at least 0.01 support: 0; clusters: 242405
polytomy of size 3; rounds with additions with at least 0.01 support: 0; clusters: 242405
polytomy of size 4; rounds with additions with at least 0.01 support: 0; clusters: 242405
polytomy of size 3; rounds with additions with at least 0.01 support: 0; clusters: 242405
polytomy of size 43; rounds with additions with at least 0.01 support: 0; clusters: 242429
Threshold 0.2:
polytomy of size 3; rounds with additions with at least 0.01 support: 0; clusters: 242429
polytomy of size 4; rounds with additions with at least 0.01 support: 0; clusters: 242429
polytomy of size 3; rounds with additions with at least 0.01 support: 0; clusters: 242429
polytomy of size 3; rounds with additions with at least 0.01 support: 0; clusters: 242429
polytomy of size 3; rounds with additions with at least 0.01 support: 0; clusters: 242429
polytomy of size 3; rounds with additions with at least 0.01 support: 0; clusters: 242429
polytomy of size 6; rounds with additions with at least 0.01 support: 0; clusters: 242429
polytomy of size 3; rounds with additions with at least 0.01 support: 0; clusters: 242429
polytomy of size 3; rounds with additions with at least 0.01 support: 0; clusters: 242429
polytomy of size 4; rounds with additions with at least 0.01 support: 0; clusters: 242429
polytomy of size 3; rounds with additions with at least 0.01 support: 0; clusters: 242429
polytomy of size 3; rounds with additions with at least 0.01 support: 0; clusters: 242429
polytomy of size 5; rounds with additions with at least 0.01 support: 0; clusters: 242429
polytomy of size 3; rounds with additions with at least 0.01 support: 0; clusters: 242429
polytomy of size 3; rounds with additions with at least 0.01 support: 0; clusters: 242429
polytomy of size 4; rounds with additions with at least 0.01 support: 0; clusters: 242429
polytomy of size 4; rounds with additions with at least 0.01 support: 0; clusters: 242429
polytomy of size 3; rounds with additions with at least 0.01 support: 0; clusters: 242429
polytomy of size 3; rounds with additions with at least 0.01 support: 0; clusters: 242429
polytomy of size 5; rounds with additions with at least 0.01 support: 0; clusters: 242429
polytomy of size 3; rounds with additions with at least 0.01 support: 0; clusters: 242429
polytomy of size 3; rounds with additions with at least 0.01 support: 0; clusters: 242429
polytomy of size 3; rounds with additions with at least 0.01 support: 0; clusters: 242429
polytomy of size 4; rounds with additions with at least 0.01 support: 0; clusters: 242429
polytomy of size 3; rounds with additions with at least 0.01 support: 0; clusters: 242429
polytomy of size 4; rounds with additions with at least 0.01 support: 0; clusters: 242429
polytomy of size 59; rounds with additions with at least 0.01 support: 0; clusters: 242475
Threshold 0.3333333333333333:
polytomy of size 3; rounds with additions with at least 0.01 support: 0; clusters: 242475
polytomy of size 3; rounds with additions with at least 0.01 support: 0; clusters: 242475
polytomy of size 3; rounds with additions with at least 0.01 support: 0; clusters: 242475
polytomy of size 3; rounds with additions with at least 0.01 support: 0; clusters: 242475
polytomy of size 4; rounds with additions with at least 0.01 support: 0; clusters: 242475
polytomy of size 4; rounds with additions with at least 0.01 support: 0; clusters: 242475
polytomy of size 4; rounds with additions with at least 0.01 support: 0; clusters: 242475
polytomy of size 4; rounds with additions with at least 0.01 support: 0; clusters: 242475
polytomy of size 3; rounds with additions with at least 0.01 support: 0; clusters: 242475
polytomy of size 3; rounds with additions with at least 0.01 support: 0; clusters: 242475
polytomy of size 4; rounds with additions with at least 0.01 support: 0; clusters: 242475
polytomy of size 3; rounds with additions with at least 0.01 support: 0; clusters: 242475
polytomy of size 3; rounds with additions with at least 0.01 support: 0; clusters: 242475
polytomy of size 4; rounds with additions with at least 0.01 support: 0; clusters: 242475
polytomy of size 4; rounds with additions with at least 0.01 support: 0; clusters: 242475
polytomy of size 3; rounds with additions with at least 0.01 support: 0; clusters: 242475
polytomy of size 3; rounds with additions with at least 0.01 support: 0; clusters: 242475
polytomy of size 3; rounds with additions with at least 0.01 support: 0; clusters: 242475
polytomy of size 4; rounds with additions with at least 0.01 support: 0; clusters: 242475
polytomy of size 9; rounds with additions with at least 0.01 support: 0; clusters: 242483
polytomy of size 3; rounds with additions with at least 0.01 support: 0; clusters: 242483
polytomy of size 4; rounds with additions with at least 0.01 support: 0; clusters: 242483
polytomy of size 4; rounds with additions with at least 0.01 support: 0; clusters: 242483
polytomy of size 4; rounds with additions with at least 0.01 support: 0; clusters: 242483
polytomy of size 4; rounds with additions with at least 0.01 support: 0; clusters: 242483
polytomy of size 6; rounds with additions with at least 0.01 support: 0; clusters: 242483
polytomy of size 3; rounds with additions with at least 0.01 support: 0; clusters: 242483
polytomy of size 4; rounds with additions with at least 0.01 support: 0; clusters: 242483
polytomy of size 4; rounds with additions with at least 0.01 support: 0; clusters: 242483
polytomy of size 3; rounds with additions with at least 0.01 support: 0; clusters: 242483
polytomy of size 3; rounds with additions with at least 0.01 support: 0; clusters: 242483
polytomy of size 4; rounds with additions with at least 0.01 support: 0; clusters: 242483
polytomy of size 3; rounds with additions with at least 0.01 support: 0; clusters: 242483
polytomy of size 3; rounds with additions with at least 0.01 support: 0; clusters: 242483
polytomy of size 3; rounds with additions with at least 0.01 support: 0; clusters: 242483
polytomy of size 3; rounds with additions with at least 0.01 support: 0; clusters: 242483
polytomy of size 3; rounds with additions with at least 0.01 support: 0; clusters: 242483
polytomy of size 3; rounds with additions with at least 0.01 support: 0; clusters: 242483
polytomy of size 4; rounds with additions with at least 0.01 support: 0; clusters: 242483
polytomy of size 3; rounds with additions with at least 0.01 support: 0; clusters: 242483
polytomy of size 3; rounds with additions with at least 0.01 support: 0; clusters: 242483
polytomy of size 3; rounds with additions with at least 0.01 support: 0; clusters: 242483
polytomy of size 4; rounds with additions with at least 0.01 support: 0; clusters: 242483
polytomy of size 3; rounds with additions with at least 0.01 support: 0; clusters: 242483
polytomy of size 5; rounds with additions with at least 0.01 support: 0; clusters: 242483
polytomy of size 4; rounds with additions with at least 0.01 support: 0; clusters: 242483
polytomy of size 3; rounds with additions with at least 0.01 support: 0; clusters: 242483
polytomy of size 10; rounds with additions with at least 0.01 support: 0; clusters: 242535
polytomy of size 12; rounds with additions with at least 0.01 support: 0; clusters: 242687
polytomy of size 4; rounds with additions with at least 0.01 support: 0; clusters: 242687
polytomy of size 3; rounds with additions with at least 0.01 support: 0; clusters: 242687
polytomy of size 3; rounds with additions with at least 0.01 support: 0; clusters: 242687
polytomy of size 3; rounds with additions with at least 0.01 support: 0; clusters: 242687
polytomy of size 4; rounds with additions with at least 0.01 support: 0; clusters: 242687
polytomy of size 4; rounds with additions with at least 0.01 support: 0; clusters: 242687
polytomy of size 3; rounds with additions with at least 0.01 support: 0; clusters: 242687
polytomy of size 5; rounds with additions with at least 0.01 support: 0; clusters: 242687
polytomy of size 4; rounds with additions with at least 0.01 support: 0; clusters: 242687
polytomy of size 3; rounds with additions with at least 0.01 support: 0; clusters: 242687
polytomy of size 5; rounds with additions with at least 0.01 support: 0; clusters: 242687
polytomy of size 3; rounds with additions with at least 0.01 support: 0; clusters: 242687
polytomy of size 3; rounds with additions with at least 0.01 support: 0; clusters: 242687
polytomy of size 4; rounds with additions with at least 0.01 support: 0; clusters: 242687
polytomy of size 10; rounds with additions with at least 0.01 support: 0; clusters: 242741
polytomy of size 3; rounds with additions with at least 0.01 support: 0; clusters: 242741
polytomy of size 3; rounds with additions with at least 0.01 support: 0; clusters: 242741
polytomy of size 3; rounds with additions with at least 0.01 support: 0; clusters: 242741
polytomy of size 4; rounds with additions with at least 0.01 support: 0; clusters: 242741
polytomy of size 4; rounds with additions with at least 0.01 support: 0; clusters: 242741
polytomy of size 4; rounds with additions with at least 0.01 support: 0; clusters: 242741
polytomy of size 3; rounds with additions with at least 0.01 support: 0; clusters: 242741
polytomy of size 3; rounds with additions with at least 0.01 support: 0; clusters: 242741
polytomy of size 96; rounds with additions with at least 0.01 support: 0; clusters: 313181
polytomy of size 4; rounds with additions with at least 0.01 support: 0; clusters: 313181
Number of Clusters after addition by greedy: 313181
partitions formed in 5835.097 secs
Dynamic Programming starting after 5835.097 secs
Size of largest cluster: 1001
Size of largest cluster: 1001
Calculated 100000 weights; time (seconds): 5982
Calculated 200000 weights; time (seconds): 120
Calculated 300000 weights; time (seconds): 125
Calculated 400000 weights; time (seconds): 122
Calculated 500000 weights; time (seconds): 124
Calculated 600000 weights; time (seconds): 330
Calculated 700000 weights; time (seconds): 243
Calculated 800000 weights; time (seconds): 1609
Total Number of elements weighted: 890229
Normalized score (portion of input quartet trees satisfied): NaN
Final optimization score: 0
Total Number of elements weighted: 890229
Normalized score (portion of input quartet trees satisfied): 0.5415708604016274
Final optimization score: 22520286157231
Optimal tree inferred in 10596.161 secs.
(913,(483,(232,(281,((836,133),((964,(248,(((984,224),(148,861)),((881,274),(((581,956),((632,560),(921,889))),((703,390),(119,((252,(614,988)),(192,(50,(51,(844,863)))))))))))),((((294,692),(371,171)),(249,((547,((278,169),(908,979))),(992,(144,(268,(64,(617,298)))))))),((((286,(995,467)),((32,(462,296)),(((123,(330,496)),((662,227),(138,(175,569)))),((((573,(585,216)),(2,((855,143),(654,(701,648))))),(((149,924),((449,606),(166,599))),((678,(663,(997,853))),((393,927),(46,(342,414)))))),(((83,934),((733,(79,(631,746))),(((998,(208,696)),(780,(95,756))),(((241,675),(809,(285,(694,572)))),((460,(607,(340,280))),(225,((178,(874,612)),(193,(29,859))))))))),((((653,477),(729,(795,188))),((993,773),((684,152),(272,(404,832))))),(((52,450),(26,5)),((537,108),(((915,(854,789)),((247,929),(910,423))),(271,((656,109),((430,(237,784)),(253,(376,(813,145))))))))))))))),(((549,(860,(219,715))),(((242,755),((519,818),(748,943))),(((410,(939,575)),(239,(902,(163,(468,394))))),((((293,610),((422,822),(67,(624,(893,(953,872)))))),(((966,(717,(817,363))),((894,925),(107,(567,942)))),((459,((304,157),(75,257))),((396,(933,686)),(359,(841,(765,576))))))),(((507,(679,418)),(944,(837,(93,(240,565))))),(465,(((971,871),(12,((209,681),(354,(206,24))))),(((630,(34,490)),(666,((303,(19,732)),(790,(447,(159,(504,(651,165)))))))),(277,((808,116),((392,((655,160),(204,(22,949)))),((335,360),(279,(833,(515,(919,433)))))))))))))))),((((56,373),((265,440),(847,958))),(((223,633),(325,25)),((307,(254,((594,((176,337),(492,(28,7)))),((793,(673,(425,587))),((745,574),(312,456)))))),((650,(840,((387,53),(839,(290,521))))),(961,((140,195),((868,358),((198,381),(747,(522,55)))))))))),(((415,((658,641),(94,470))),((616,787),(20,(412,(774,810))))),(((708,((828,619),(333,975))),((231,(791,(904,579))),((857,141),((518,(621,741)),((724,153),(395,(385,(907,(480,797))))))))),(((162,(623,827)),(353,(243,740))),(((122,911),(16,(719,391))),(((660,712),(941,(421,589))),((324,((125,501),(730,403))),((622,302),(960,(202,664)))))))))))),((((842,(131,605)),(((531,228),(114,((788,(636,(875,(743,525)))),((816,(734,535)),(213,(174,(959,682))))))),((120,((89,488),((638,(637,41)),(441,(877,962))))),(336,(134,((620,890),((417,603),(142,(670,528))))))))),((((879,((27,183),(18,(955,(439,(635,511)))))),((182,(151,(775,246))),((370,(98,(577,344))),(103,(882,(983,(699,(510,48)))))))),(((207,(968,429)),((65,(132,750)),(543,((11,409),(602,(676,((400,463),(661,(487,238))))))))),(((950,593),(931,(((4,541),(168,(457,380))),((713,(885,((156,314),(613,526)))),((600,(669,544)),((10,87),(878,991))))))),((((158,867),(458,(826,556))),(722,((299,551),(284,(130,770))))),((311,(691,(129,((926,824),(776,(954,505)))))),((557,((898,1),(695,753))),((887,(970,(667,672))),(476,((689,558),((973,(542,769)),((210,851),((481,78),(513,84))))))))))))),(((85,(896,(629,(479,236)))),(((397,((350,306),(313,(677,932)))),((819,(856,(814,(922,398)))),(186,(815,(539,(798,767)))))),((77,(434,((30,627),(70,(355,869))))),((548,(718,54)),((763,(407,343)),(550,(674,453))))))),((((203,205),(33,(((438,469),(377,(858,426))),((21,(37,736)),(838,(372,(454,217))))))),((821,(659,(261,72))),((980,(341,680)),((484,74),(222,(509,((455,(40,829)),(6,(334,930))))))))),(((161,(9,489)),(118,(728,352))),((233,(644,(411,(615,197)))),(690,((((348,(57,935)),(315,(357,43))),((419,895),(((757,(76,778)),(597,(752,105))),((283,(177,82)),(737,(310,113)))))),(((568,347),(92,((245,(413,687)),(903,(999,259))))),((951,(846,226)),((852,(974,((420,916),(989,466)))),((553,258),((751,(401,(598,256))),(172,((892,865),(761,920)))))))))))))))),((((((727,(39,508)),(86,(714,(977,985)))),((578,(190,(564,(783,154)))),((963,36),(562,((512,(626,196)),((538,408),(406,(316,136)))))))),(((957,864),(297,(897,(80,(735,688))))),((((269,768),(946,491)),((845,(516,(35,88))),((530,(781,(570,384))),(47,(117,(866,(498,928))))))),(802,((742,(267,(796,493))),((888,102),((628,(121,(948,652))),((923,584),(862,(424,(383,723))))))))))),((((571,(112,(263,318))),((135,428),((215,608),((486,514),(880,(536,(62,45))))))),(((762,(320,758)),((442,849),(785,282))),((834,(952,(523,771))),((529,497),((44,982),((947,(475,(545,(936,(625,595))))),((147,(506,251)),(402,((805,338),(3,502)))))))))),(((591,(706,(444,201))),((850,524),((61,(766,707)),(779,(386,(580,81)))))),((945,(739,((180,305),(611,(275,(369,185)))))),(((820,(754,(388,(905,262)))),((289,(804,(446,60))),(13,(720,(155,(721,(323,(940,683)))))))),((31,59),(((191,726),(187,((124,546),(211,(891,716))))),((601,((710,604),(184,365))),((976,(738,199)),((645,876),(725,(527,100)))))))))))),(0,(((473,(66,(115,(328,(566,139))))),(((1000,(345,((760,900),(996,(647,520))))),((364,(374,(73,23))),((452,(705,972)),(811,(886,843))))),(499,((68,218),((173,(405,899)),((657,(697,(214,(126,(485,200))))),((474,(221,(42,665))),(212,((264,270),(634,643)))))))))),((((704,(749,(906,309))),(((255,96),(436,(806,588))),(235,((464,(451,(97,137))),((181,592),((794,399),(918,969))))))),((308,(987,(848,(389,361)))),((517,368),((127,(782,((71,759),(14,356)))),(((329,799),(870,(503,(8,288)))),(561,((471,(478,416)),(642,(332,437))))))))),(((884,(375,825)),((((351,(362,590)),(58,(295,(731,128)))),((146,379),(229,(448,(445,(482,(965,(367,552)))))))),((937,327),(((427,(104,(366,938))),(540,(319,((668,909),(99,711))))),(287,((534,(994,(276,194))),((170,106),(234,(830,646))))))))),((618,(((167,533),(273,873)),((443,(823,((69,266),(702,744)))),((700,(981,(800,(831,(901,500))))),(554,((244,801),((300,495),(709,(349,(291,(772,15))))))))))),((((494,250),((698,(431,(764,230))),((346,582),((260,317),(685,(559,472)))))),(111,((792,(331,((807,583),(326,990)))),((609,917),((435,(49,150)),(835,((914,596),(777,639)))))))),(((110,(586,(378,164))),((967,38),(17,(101,(532,(292,912)))))),(((382,(339,(301,432))),((555,649),((189,91),(90,563)))),((321,786),((978,(812,(461,(986,(322,640))))),((63,(671,693)),(803,(179,(883,220))))))))))))))))))))))));
Quartet score is: 22520286157231
Normalized quartet score is: 0.5415708604016274
ASTRAL finished in 12281.867 secs
