
================== ASTRAL ===================== 

This is ASTRAL version 4.10.10
Gene trees are treated as unrooted
984 trees read from ASTRALDATA/model.10.2000000.0.000001/04/estimatedgenetre.halfresolved
All output trees will be *arbitrarily* rooted at 4

======== Running the main analysis
Number of taxa: 11 (11 species)
Taxa: [4, 7, 2, 9, 0, 1, 3, 5, 10, 8, 6]
Taxon occupancy: {3=984, 2=984, 10=984, 1=984, 0=984, 7=984, 6=984, 5=984, 4=984, 9=984, 8=984}
Number of gene trees: 984
0 trees have missing taxa
Calculating quartet distance matrix (for completion of X)
Species tree distances calculated ...
Building set of clusters (X) from gene trees 
Using tree-based weight calculation.
Number of Default Clusters: 279
Number of quartet trees in the gene trees: 318671
calculating extra bipartitions to be added at level 1 ...
Number of Clusters after addition by distance: 279
Adding to X using resolutions of greedy consensus ...
Threshold 0.0:
Threshold 0.01:
Threshold 0.02:
Threshold 0.05:
Threshold 0.1:
Threshold 0.2:
Threshold 0.3333333333333333:
polytomy of size 4; rounds with additions with at least 0.01 support: 0; clusters: 279
Number of Clusters after addition by greedy: 279
partitions formed in 0.534 secs
Dynamic Programming starting after 0.534 secs
Size of largest cluster: 11
Total Number of elements weighted: 739
Normalized score (portion of input quartet trees satisfied): 0.8476798955662737
Final optimization score: 270131
Optimal tree inferred in 0.974 secs.
(2,(7,(9,((0,(3,(1,5))),((10,8),(4,6))))));
Quartet score is: 270131
Normalized quartet score is: 0.8476798955662737
ASTRAL finished in 1.439 secs
