
================== ASTRAL ===================== 

This is ASTRAL version 4.10.10
Gene trees are treated as unrooted
994 trees read from ASTRALDATA/model.200.2000000.0.0000001/17/estimatedgenetre.halfresolved
All output trees will be *arbitrarily* rooted at 161

======== Running the main analysis
Number of taxa: 201 (201 species)
Taxa: [161, 81, 90, 2, 66, 7, 73, 195, 27, 84, 107, 64, 115, 135, 178, 154, 144, 25, 121, 169, 200, 94, 148, 37, 143, 35, 142, 177, 150, 163, 69, 112, 39, 44, 89, 29, 31, 167, 42, 104, 56, 186, 151, 9, 59, 46, 103, 0, 8, 158, 113, 1, 147, 145, 57, 105, 49, 171, 146, 36, 58, 125, 194, 4, 14, 130, 140, 13, 118, 157, 85, 92, 193, 21, 128, 108, 65, 166, 174, 99, 133, 22, 62, 137, 101, 83, 119, 126, 162, 114, 131, 116, 155, 127, 110, 60, 176, 55, 185, 45, 156, 74, 51, 43, 68, 80, 28, 153, 123, 47, 5, 12, 160, 132, 16, 10, 117, 34, 168, 183, 141, 187, 181, 70, 136, 30, 182, 87, 33, 54, 53, 138, 198, 79, 95, 6, 134, 48, 190, 67, 3, 50, 188, 26, 191, 109, 139, 20, 120, 199, 170, 40, 17, 32, 72, 11, 124, 102, 98, 19, 192, 24, 165, 189, 41, 88, 75, 61, 78, 152, 106, 23, 159, 77, 129, 175, 100, 96, 97, 180, 122, 179, 86, 184, 38, 63, 82, 76, 173, 196, 149, 18, 93, 91, 71, 164, 111, 172, 15, 52, 197]
Taxon occupancy: {35=994, 36=994, 33=994, 159=994, 158=994, 34=994, 157=994, 39=994, 156=994, 155=994, 37=994, 154=994, 38=994, 152=994, 153=994, 150=994, 151=994, 43=994, 42=994, 41=994, 40=994, 200=994, 22=994, 169=994, 23=994, 24=994, 25=994, 166=994, 26=994, 27=994, 165=994, 28=994, 168=994, 29=994, 167=994, 161=994, 3=994, 162=994, 2=994, 1=994, 163=994, 164=994, 0=994, 7=994, 30=994, 6=994, 5=994, 32=994, 4=994, 31=994, 160=994, 9=994, 8=994, 19=994, 17=994, 179=994, 178=994, 18=994, 15=994, 177=994, 176=994, 16=994, 13=994, 14=994, 11=994, 12=994, 21=994, 170=994, 171=994, 20=994, 174=994, 175=994, 172=994, 173=994, 188=994, 187=994, 189=994, 180=994, 10=994, 181=994, 182=994, 183=994, 184=994, 185=994, 186=994, 116=994, 117=994, 79=994, 114=994, 78=994, 115=994, 77=994, 112=994, 113=994, 110=994, 111=994, 118=994, 119=994, 82=994, 83=994, 80=994, 81=994, 86=994, 87=994, 84=994, 85=994, 125=994, 67=994, 126=994, 66=994, 127=994, 69=994, 128=994, 68=994, 121=994, 122=994, 123=994, 124=994, 129=994, 70=994, 71=994, 120=994, 72=994, 73=994, 74=994, 75=994, 76=994, 134=994, 135=994, 132=994, 133=994, 59=994, 58=994, 138=994, 57=994, 139=994, 56=994, 136=994, 137=994, 55=994, 64=994, 65=994, 62=994, 63=994, 60=994, 131=994, 130=994, 61=994, 49=994, 143=994, 144=994, 48=994, 145=994, 146=994, 147=994, 45=994, 148=994, 44=994, 47=994, 149=994, 46=994, 51=994, 52=994, 53=994, 54=994, 140=994, 142=994, 141=994, 50=994, 109=994, 108=994, 107=994, 106=994, 105=994, 104=994, 103=994, 99=994, 102=994, 101=994, 100=994, 98=994, 97=994, 96=994, 95=994, 94=994, 93=994, 92=994, 91=994, 90=994, 88=994, 89=994, 195=994, 194=994, 197=994, 196=994, 191=994, 190=994, 193=994, 192=994, 198=994, 199=994}
Number of gene trees: 994
0 trees have missing taxa
Calculating quartet distance matrix (for completion of X)
Species tree distances calculated ...
Building set of clusters (X) from gene trees 
Using tree-based weight calculation.
Number of Default Clusters: 66113
Number of quartet trees in the gene trees: 65569461045
calculating extra bipartitions to be added at level 1 ...
Number of Clusters after addition by distance: 66121
Adding to X using resolutions of greedy consensus ...
Threshold 0.0:
polytomy of size 5; rounds with additions with at least 0.01 support: 2; clusters: 66167
Threshold 0.01:
polytomy of size 10; rounds with additions with at least 0.01 support: 5; clusters: 66403
Threshold 0.02:
polytomy of size 11; rounds with additions with at least 0.01 support: 0; clusters: 66581
Threshold 0.05:
polytomy of size 17; rounds with additions with at least 0.01 support: 0; clusters: 66599
Threshold 0.1:
polytomy of size 21; rounds with additions with at least 0.01 support: 4; clusters: 66641
Threshold 0.2:
polytomy of size 5; rounds with additions with at least 0.01 support: 0; clusters: 66641
polytomy of size 4; rounds with additions with at least 0.01 support: 0; clusters: 66641
polytomy of size 3; rounds with additions with at least 0.01 support: 0; clusters: 66641
polytomy of size 28; rounds with additions with at least 0.01 support: 0; clusters: 66695
Threshold 0.3333333333333333:
polytomy of size 3; rounds with additions with at least 0.01 support: 0; clusters: 66695
polytomy of size 7; rounds with additions with at least 0.01 support: 0; clusters: 66701
polytomy of size 5; rounds with additions with at least 0.01 support: 0; clusters: 66701
polytomy of size 3; rounds with additions with at least 0.01 support: 0; clusters: 66701
polytomy of size 4; rounds with additions with at least 0.01 support: 0; clusters: 66701
polytomy of size 39; rounds with additions with at least 0.01 support: 0; clusters: 72171
polytomy of size 3; rounds with additions with at least 0.01 support: 0; clusters: 72171
Number of Clusters after addition by greedy: 72171
partitions formed in 36.836 secs
Dynamic Programming starting after 36.836 secs
Size of largest cluster: 201
Calculated 100000 weights; time (seconds): 630
Total Number of elements weighted: 163383
Normalized score (portion of input quartet trees satisfied): 0.5620376836818638
Final optimization score: 36852508006
Optimal tree inferred in 1023.999 secs.
(110,(127,(((156,((114,131),(116,155))),((101,(83,119)),((12,160),(126,162)))),((((185,45),(176,(60,55))),((74,(51,(43,68))),((169,(200,94)),(112,(((39,44),(31,(89,29))),(((35,69),(148,((37,143),(142,(177,(150,163)))))),(((56,186),(151,9)),((104,(167,42)),(59,(46,103)))))))))),((22,(62,137)),((((168,(197,(15,52))),(172,((91,71),(164,111)))),((10,(117,(132,(16,34)))),(30,((25,(144,121)),(154,(135,178)))))),((((80,28),(99,133)),(((57,105),(171,(49,(146,36)))),((125,194),((181,(187,(70,136))),((8,58),((130,140),(4,14))))))),((166,(174,(92,((118,(157,85)),((193,21),(128,(108,65))))))),(0,(((13,(147,145)),(183,(141,(113,(158,1))))),(((26,(153,(123,(47,5)))),((20,(139,(191,109))),((182,(87,33)),(199,(120,170))))),((86,((184,38),((((161,81),(175,100)),(179,((96,122),(97,180)))),((173,(196,(63,(82,76)))),((90,115),((107,64),(66,(2,(7,(195,(73,(27,84)))))))))))),(((149,(18,93)),((19,192),((75,61),((41,88),(189,(24,165)))))),((((48,(190,67)),(3,(50,188))),(134,(54,((53,138),((198,6),(79,95)))))),((40,(17,(32,72))),((11,(124,(102,98))),((77,129),(78,((106,23),(152,159))))))))))))))))))));
Quartet score is: 36852508006
Normalized quartet score is: 0.5620376836818638
ASTRAL finished in 1033.87 secs
