
================== ASTRAL ===================== 

This is ASTRAL version 4.10.8
Gene trees are treated as unrooted
1000 trees read from model.50.2000000.0.000001/17/estimatedgenetre.halfresolved
All outputted trees will be *arbitrarily* rooted at 45

======== Running the main analysis
Number of taxa: 51 (51 species)
Taxa: [45, 22, 5, 29, 16, 37, 9, 41, 7, 27, 38, 30, 26, 43, 47, 36, 15, 28, 40, 32, 14, 0, 25, 39, 1, 24, 23, 3, 4, 10, 33, 6, 11, 35, 50, 44, 19, 49, 31, 48, 8, 21, 12, 42, 20, 17, 46, 18, 34, 2, 13]
Taxon occupancy: {35=1000, 36=1000, 33=1000, 34=1000, 39=1000, 37=1000, 38=1000, 43=1000, 42=1000, 41=1000, 40=1000, 22=1000, 23=1000, 24=1000, 25=1000, 26=1000, 27=1000, 28=1000, 29=1000, 3=1000, 2=1000, 1=1000, 0=1000, 7=1000, 30=1000, 6=1000, 32=1000, 5=1000, 4=1000, 31=1000, 9=1000, 8=1000, 19=1000, 17=1000, 18=1000, 15=1000, 16=1000, 13=1000, 14=1000, 11=1000, 12=1000, 21=1000, 20=1000, 49=1000, 48=1000, 45=1000, 44=1000, 47=1000, 46=1000, 10=1000, 50=1000}
Number of gene trees: 1000
0 trees have missing taxa
Calculating quartet distance matrix (for completion of X)
Species tree distances calculated ...
Building set of clusters (X) from gene trees 
Using tree-based weight calculation.
Number of Default Clusters: 11943
Number of quartet trees in the gene trees: 249754743
calculating extra bipartitions to be added at level 1 ...
Number of Clusters after addition by distance: 11943
Adding to X using resolutions of greedy consensus ...
Threshold 0.0:
Threshold 0.01:
Threshold 0.02:
Threshold 0.05:
Threshold 0.1:
Threshold 0.2:
polytomy of size 3; rounds with additions with at least 0.01 support: 0; clusters: 11943
polytomy of size 3; rounds with additions with at least 0.01 support: 0; clusters: 11943
polytomy of size 3; rounds with additions with at least 0.01 support: 0; clusters: 11943
Threshold 0.3333333333333333:
polytomy of size 4; rounds with additions with at least 0.01 support: 0; clusters: 11943
polytomy of size 3; rounds with additions with at least 0.01 support: 0; clusters: 11943
polytomy of size 3; rounds with additions with at least 0.01 support: 0; clusters: 11943
polytomy of size 3; rounds with additions with at least 0.01 support: 0; clusters: 11943
polytomy of size 3; rounds with additions with at least 0.01 support: 0; clusters: 11943
polytomy of size 3; rounds with additions with at least 0.01 support: 0; clusters: 11943
polytomy of size 6; rounds with additions with at least 0.01 support: 0; clusters: 11943
Number of Clusters after addition by greedy: 11943
partitions formed in 3.781 secs
Dynamic Programming starting after 3.782 secs
Size of largest cluster: 51
Size of largest cluster: 51
Total Number of elements weighted: 56874
Normalized score (portion of input quartet trees satisfied): NaN
Final optimization score: 0
Total Number of elements weighted: 56874
Normalized score (portion of input quartet trees satisfied): 0.7911482746095436
Final optimization score: 197593034
Optimal tree inferred in 6.629 secs.
(45,((((11,(33,6)),((24,(4,10)),(3,(23,35)))),((25,(39,1)),((34,2),((22,5),(29,(16,13)))))),((0,((42,(20,(17,(46,18)))),((8,(48,(21,12))),(50,(44,(31,(19,49))))))),(14,((37,(9,41)),(((30,26),(36,(43,47))),((28,(7,15)),(27,(40,(38,32))))))))));
Quartet score is: 197593034
Normalized quartet score is: 0.7911482746095436
ASTRAL finished in 8.098 secs
