
================== ASTRAL ===================== 

This is ASTRAL version 4.10.7
Gene trees are treated as unrooted
1000 trees read from ASTRALDATA/model.50.2000000.0.000001/09/estimatedgenetre.halfresolved
All output trees will be *arbitrarily* rooted at 17

======== Running the main analysis
Number of taxa: 51 (51 species)
Taxa: [17, 10, 35, 38, 34, 30, 13, 14, 47, 20, 8, 6, 37, 40, 31, 26, 18, 25, 39, 22, 33, 12, 36, 43, 21, 49, 2, 44, 29, 9, 42, 0, 7, 23, 16, 1, 5, 45, 28, 27, 32, 11, 48, 46, 41, 15, 24, 19, 4, 50, 3]
Number of gene trees: 1000
0 trees have missing taxa
Calculating quartet distance matrix (for completion of X)
Species tree distances calculated ...
Building set of clusters (X) from gene trees 
Using tree-based weight calculation.
Number of Default Clusters: 5065
Number of quartet trees in the gene trees: 249899952
calculating extra bipartitions to be added at level 1 ...
Number of Clusters after addition by distance: 5065
Adding to X using resolutions of greedy consensus ...
Threshold 0.0:
Threshold 0.01:
Threshold 0.02:
Threshold 0.05:
Threshold 0.1:
polytomy of size 3; rounds with additions with at least 0.01 support: 0; clusters: 5065
Threshold 0.2:
polytomy of size 5; rounds with additions with at least 0.01 support: 0; clusters: 5065
Threshold 0.3333333333333333:
polytomy of size 3; rounds with additions with at least 0.01 support: 0; clusters: 5065
polytomy of size 3; rounds with additions with at least 0.01 support: 0; clusters: 5065
polytomy of size 3; rounds with additions with at least 0.01 support: 0; clusters: 5065
polytomy of size 6; rounds with additions with at least 0.01 support: 0; clusters: 5065
Number of Clusters after addition by greedy: 5065
partitions formed in 2.742 secs
Dynamic Programming starting after 2.742 secs
Size of largest cluster: 51
Total Number of elements weighted: 27295
Normalized score (portion of input quartet trees satisfied): 0.8028444719349126
Final optimization score: 200630795
Optimal tree inferred in 56.793 secs.
(47,(14,(17,((13,(30,((38,34),(10,35)))),(((9,42),(31,(26,18))),(((3,(29,(2,44))),(0,((21,49),((25,(39,22)),(43,(12,(33,36))))))),((8,(6,(20,(37,40)))),((7,23),((50,(45,(27,(5,28)))),((32,(19,(4,(16,1)))),((15,24),(41,(11,(48,46))))))))))))));
Quartet score is: 200630795
Normalized quartet score is: 0.8028444719349126
ASTRAL finished in 57.833 secs
