
================== ASTRAL ===================== 

This is ASTRAL version 4.10.10
Gene trees are treated as unrooted
1000 trees read from ASTRALDATA/model.50.2000000.0.000001/25/estimatedgenetre.halfresolved
All output trees will be *arbitrarily* rooted at 3

======== Running the main analysis
Number of taxa: 51 (51 species)
Taxa: [3, 16, 0, 29, 8, 7, 33, 11, 24, 44, 40, 18, 47, 50, 22, 15, 27, 35, 20, 9, 31, 25, 39, 36, 5, 19, 13, 23, 34, 48, 43, 42, 10, 4, 45, 26, 6, 28, 21, 30, 37, 1, 38, 46, 41, 2, 14, 49, 12, 32, 17]
Taxon occupancy: {35=1000, 36=1000, 33=1000, 34=1000, 39=1000, 37=1000, 38=1000, 43=1000, 42=1000, 41=1000, 40=1000, 22=1000, 23=1000, 24=1000, 25=1000, 26=1000, 27=1000, 28=1000, 29=1000, 3=1000, 2=1000, 1=1000, 0=1000, 7=1000, 30=1000, 6=1000, 32=1000, 5=1000, 31=1000, 4=1000, 9=1000, 8=1000, 19=1000, 17=1000, 18=1000, 15=1000, 16=1000, 13=1000, 14=1000, 11=1000, 12=1000, 21=1000, 20=1000, 49=1000, 48=1000, 45=1000, 44=1000, 47=1000, 46=1000, 10=1000, 50=1000}
Number of gene trees: 1000
0 trees have missing taxa
Calculating quartet distance matrix (for completion of X)
Species tree distances calculated ...
Building set of clusters (X) from gene trees 
Using tree-based weight calculation.
Number of Default Clusters: 4545
Number of quartet trees in the gene trees: 249900000
calculating extra bipartitions to be added at level 1 ...
Number of Clusters after addition by distance: 4545
Adding to X using resolutions of greedy consensus ...
Threshold 0.0:
Threshold 0.01:
Threshold 0.02:
Threshold 0.05:
Threshold 0.1:
polytomy of size 4; rounds with additions with at least 0.01 support: 0; clusters: 4545
Threshold 0.2:
polytomy of size 5; rounds with additions with at least 0.01 support: 0; clusters: 4545
Threshold 0.3333333333333333:
polytomy of size 3; rounds with additions with at least 0.01 support: 0; clusters: 4545
polytomy of size 7; rounds with additions with at least 0.01 support: 0; clusters: 4545
polytomy of size 5; rounds with additions with at least 0.01 support: 0; clusters: 4545
polytomy of size 4; rounds with additions with at least 0.01 support: 0; clusters: 4545
Number of Clusters after addition by greedy: 4545
partitions formed in 2.674 secs
Dynamic Programming starting after 2.674 secs
Size of largest cluster: 51
Total Number of elements weighted: 22649
Normalized score (portion of input quartet trees satisfied): 0.8405438895558224
Final optimization score: 210051918
Optimal tree inferred in 36.608 secs.
(24,(11,((44,(8,(29,(7,33)))),(((50,(40,(18,47))),((22,(15,27)),(35,(31,(9,(20,25)))))),(((10,4),(42,((2,(46,41)),((45,(26,6)),((1,38),((30,37),(28,21))))))),((0,((3,16),(14,(49,(12,(32,17)))))),((36,(39,5)),(43,(19,(23,(13,(34,48))))))))))));
Quartet score is: 210051918
Normalized quartet score is: 0.8405438895558224
ASTRAL finished in 37.626 secs
