
================== ASTRAL ===================== 

This is ASTRAL version 4.10.10
Gene trees are treated as unrooted
1000 trees read from ASTRALDATA/model.200.10000000.0.000001/33/estimatedgenetre.halfresolved
All output trees will be *arbitrarily* rooted at 124

======== Running the main analysis
Number of taxa: 201 (201 species)
Taxa: [124, 115, 125, 188, 186, 6, 27, 159, 56, 182, 12, 181, 200, 175, 164, 151, 101, 145, 41, 44, 34, 168, 172, 131, 10, 150, 14, 25, 112, 64, 87, 49, 130, 176, 191, 30, 93, 95, 163, 143, 102, 137, 147, 161, 139, 192, 46, 103, 132, 48, 19, 193, 66, 72, 153, 32, 113, 13, 81, 105, 38, 189, 2, 106, 69, 169, 73, 75, 127, 148, 99, 35, 91, 128, 141, 57, 74, 36, 98, 136, 84, 54, 138, 61, 198, 20, 85, 149, 45, 78, 144, 166, 165, 190, 155, 37, 167, 88, 152, 126, 9, 173, 68, 58, 171, 170, 39, 90, 18, 100, 97, 194, 62, 174, 3, 79, 177, 179, 33, 59, 96, 154, 140, 43, 11, 63, 0, 199, 197, 185, 109, 133, 83, 180, 142, 5, 134, 1, 40, 29, 183, 184, 31, 187, 104, 21, 23, 146, 158, 80, 65, 51, 67, 135, 107, 157, 129, 26, 60, 156, 119, 122, 7, 47, 108, 111, 89, 16, 71, 120, 53, 52, 162, 76, 121, 50, 123, 94, 160, 70, 195, 82, 28, 8, 114, 4, 110, 116, 55, 86, 15, 196, 17, 178, 92, 77, 42, 24, 118, 117, 22]
Taxon occupancy: {35=1000, 36=1000, 159=1000, 33=1000, 34=1000, 158=1000, 39=1000, 157=1000, 156=1000, 37=1000, 155=1000, 38=1000, 154=1000, 152=1000, 153=1000, 150=1000, 151=1000, 43=1000, 42=1000, 41=1000, 40=1000, 200=1000, 22=1000, 169=1000, 23=1000, 24=1000, 25=1000, 166=1000, 26=1000, 165=1000, 27=1000, 168=1000, 28=1000, 167=1000, 29=1000, 161=1000, 3=1000, 2=1000, 162=1000, 163=1000, 1=1000, 164=1000, 0=1000, 30=1000, 7=1000, 6=1000, 32=1000, 5=1000, 31=1000, 160=1000, 4=1000, 9=1000, 8=1000, 19=1000, 17=1000, 179=1000, 178=1000, 18=1000, 177=1000, 15=1000, 176=1000, 16=1000, 13=1000, 14=1000, 11=1000, 12=1000, 170=1000, 21=1000, 20=1000, 171=1000, 174=1000, 175=1000, 172=1000, 173=1000, 188=1000, 187=1000, 189=1000, 180=1000, 181=1000, 10=1000, 182=1000, 183=1000, 184=1000, 185=1000, 186=1000, 116=1000, 117=1000, 79=1000, 78=1000, 114=1000, 77=1000, 115=1000, 112=1000, 113=1000, 110=1000, 111=1000, 118=1000, 119=1000, 82=1000, 83=1000, 80=1000, 81=1000, 86=1000, 87=1000, 84=1000, 85=1000, 125=1000, 67=1000, 66=1000, 126=1000, 127=1000, 69=1000, 128=1000, 68=1000, 121=1000, 122=1000, 123=1000, 124=1000, 129=1000, 70=1000, 71=1000, 120=1000, 72=1000, 73=1000, 74=1000, 75=1000, 76=1000, 134=1000, 135=1000, 132=1000, 59=1000, 133=1000, 138=1000, 58=1000, 57=1000, 139=1000, 136=1000, 56=1000, 137=1000, 55=1000, 64=1000, 65=1000, 62=1000, 63=1000, 131=1000, 60=1000, 61=1000, 130=1000, 49=1000, 143=1000, 144=1000, 48=1000, 145=1000, 146=1000, 45=1000, 147=1000, 148=1000, 44=1000, 149=1000, 47=1000, 46=1000, 51=1000, 52=1000, 53=1000, 54=1000, 140=1000, 142=1000, 141=1000, 50=1000, 109=1000, 108=1000, 107=1000, 106=1000, 105=1000, 104=1000, 103=1000, 99=1000, 102=1000, 101=1000, 100=1000, 98=1000, 97=1000, 96=1000, 95=1000, 94=1000, 93=1000, 92=1000, 91=1000, 90=1000, 88=1000, 89=1000, 195=1000, 194=1000, 197=1000, 196=1000, 191=1000, 190=1000, 193=1000, 192=1000, 198=1000, 199=1000}
Number of gene trees: 1000
0 trees have missing taxa
Calculating quartet distance matrix (for completion of X)
Species tree distances calculated ...
Building set of clusters (X) from gene trees 
Using tree-based weight calculation.
Number of Default Clusters: 7571
Number of quartet trees in the gene trees: 65998349406
calculating extra bipartitions to be added at level 1 ...
Number of Clusters after addition by distance: 7571
Adding to X using resolutions of greedy consensus ...
Threshold 0.0:
Threshold 0.01:
Threshold 0.02:
Threshold 0.05:
Threshold 0.1:
Threshold 0.2:
polytomy of size 3; rounds with additions with at least 0.01 support: 0; clusters: 7571
Threshold 0.3333333333333333:
polytomy of size 5; rounds with additions with at least 0.01 support: 0; clusters: 7571
polytomy of size 3; rounds with additions with at least 0.01 support: 0; clusters: 7571
polytomy of size 3; rounds with additions with at least 0.01 support: 0; clusters: 7571
polytomy of size 3; rounds with additions with at least 0.01 support: 0; clusters: 7571
polytomy of size 4; rounds with additions with at least 0.01 support: 0; clusters: 7571
polytomy of size 3; rounds with additions with at least 0.01 support: 0; clusters: 7571
polytomy of size 3; rounds with additions with at least 0.01 support: 0; clusters: 7571
polytomy of size 3; rounds with additions with at least 0.01 support: 0; clusters: 7571
polytomy of size 4; rounds with additions with at least 0.01 support: 0; clusters: 7571
polytomy of size 3; rounds with additions with at least 0.01 support: 0; clusters: 7571
polytomy of size 3; rounds with additions with at least 0.01 support: 0; clusters: 7571
Number of Clusters after addition by greedy: 7571
partitions formed in 9.113 secs
Dynamic Programming starting after 9.113 secs
Size of largest cluster: 201
Total Number of elements weighted: 22896
Normalized score (portion of input quartet trees satisfied): 0.9559217107066691
Final optimization score: 63089255068
Optimal tree inferred in 142.94 secs.
(155,(((37,167),(126,(88,152))),((165,190),(((9,(149,((45,78),(144,166)))),(54,((20,85),(198,(138,61))))),((98,(136,84)),(((((38,189),((81,105),(113,(32,13)))),((72,153),((99,35),((169,((127,148),(73,75))),((2,106),(69,(91,(74,(36,(128,(141,57))))))))))),((124,((186,6),(125,(115,188)))),(((181,(200,175)),((12,164),((27,159),(56,182)))),(((103,(132,48)),(19,(193,66))),(((191,30),(64,((176,(87,(49,130))),(95,(93,(102,(163,143))))))),(((172,(44,(34,168))),(112,(150,((14,25),(131,10))))),((137,147),((151,(101,(145,41))),(161,(139,(192,46))))))))))),(((0,(3,((11,63),(((33,59),(177,179)),(79,(96,(140,(154,43)))))))),(((100,97),(194,(62,174))),((173,68),(58,((171,170),(39,(90,18))))))),((180,(83,((199,197),(185,(109,133))))),(((120,(53,52)),((60,(26,156)),((119,122),((89,(16,71)),(47,(7,(108,111))))))),((((134,(142,5)),((1,(40,29)),(184,(183,(31,187))))),((104,21),((157,129),((23,(146,(158,80))),((67,135),(107,(65,51))))))),((((8,114),(4,(110,(116,55)))),(94,((160,70),(195,(82,28))))),(((162,76),(121,(50,123))),(17,(((178,92),(86,(15,196))),((77,42),(24,(22,(118,117))))))))))))))))));
Quartet score is: 63089255068
Normalized quartet score is: 0.9559217107066691
ASTRAL finished in 151.782 secs
