
================== ASTRAL ===================== 

This is ASTRAL version 4.10.8
Gene trees are treated as unrooted
994 trees read from model.1000.2000000.0.000001/47/estimatedgenetre.halfresolved
All outputted trees will be *arbitrarily* rooted at 257

======== Running the main analysis
Number of taxa: 1001 (1001 species)
Taxa: [257, 154, 96, 266, 672, 357, 974, 421, 951, 81, 620, 291, 498, 364, 814, 360, 520, 945, 808, 854, 977, 411, 71, 319, 753, 298, 606, 337, 851, 585, 2, 202, 250, 908, 428, 48, 115, 16, 543, 403, 104, 659, 731, 329, 17, 567, 159, 705, 404, 128, 124, 173, 38, 859, 105, 178, 420, 997, 335, 668, 747, 5, 936, 66, 697, 971, 70, 73, 103, 213, 700, 495, 32, 893, 245, 526, 959, 837, 356, 679, 992, 338, 208, 198, 821, 773, 281, 35, 987, 899, 991, 453, 442, 50, 384, 884, 746, 730, 352, 182, 310, 145, 834, 590, 849, 382, 694, 701, 601, 75, 210, 253, 807, 842, 311, 532, 556, 772, 533, 692, 336, 911, 502, 77, 248, 797, 260, 873, 521, 713, 850, 487, 285, 415, 485, 569, 784, 793, 726, 779, 452, 711, 436, 49, 344, 486, 595, 451, 136, 228, 861, 858, 617, 226, 560, 725, 163, 794, 550, 270, 768, 988, 230, 456, 418, 177, 424, 535, 135, 741, 545, 880, 876, 710, 831, 704, 193, 446, 246, 573, 642, 950, 147, 214, 561, 720, 58, 448, 761, 255, 714, 397, 946, 309, 813, 830, 476, 113, 827, 306, 767, 905, 426, 468, 359, 28, 1000, 165, 445, 904, 568, 600, 217, 894, 835, 764, 921, 852, 594, 254, 639, 877, 392, 181, 938, 43, 866, 525, 935, 327, 719, 592, 286, 927, 669, 960, 790, 878, 143, 709, 200, 528, 240, 419, 783, 443, 608, 413, 470, 509, 315, 836, 471, 539, 206, 313, 354, 816, 386, 787, 219, 517, 108, 611, 400, 203, 574, 429, 284, 651, 406, 347, 278, 909, 227, 63, 832, 236, 342, 511, 86, 862, 688, 396, 661, 44, 540, 100, 547, 985, 716, 408, 555, 302, 930, 675, 624, 196, 395, 199, 88, 61, 263, 984, 6, 565, 665, 465, 685, 91, 695, 955, 374, 947, 29, 650, 148, 398, 537, 755, 656, 82, 841, 765, 775, 612, 751, 133, 752, 348, 389, 467, 78, 900, 549, 244, 812, 116, 583, 932, 152, 782, 815, 194, 780, 558, 76, 149, 507, 769, 14, 811, 45, 322, 15, 718, 980, 225, 891, 72, 197, 510, 69, 363, 712, 267, 51, 416, 317, 628, 131, 160, 829, 98, 699, 582, 634, 175, 663, 670, 264, 134, 106, 492, 132, 566, 822, 925, 734, 599, 280, 703, 333, 391, 591, 548, 239, 589, 757, 323, 856, 340, 138, 853, 828, 434, 939, 546, 817, 795, 809, 630, 978, 22, 838, 166, 170, 64, 249, 119, 477, 209, 570, 554, 479, 1, 207, 597, 963, 11, 680, 307, 689, 708, 171, 724, 530, 603, 993, 766, 914, 220, 224, 407, 652, 283, 683, 981, 857, 627, 256, 432, 745, 662, 265, 195, 534, 288, 97, 514, 503, 370, 459, 355, 366, 478, 882, 706, 733, 120, 380, 825, 222, 231, 653, 137, 229, 872, 934, 122, 127, 644, 493, 481, 417, 155, 393, 54, 638, 763, 610, 438, 151, 102, 788, 505, 79, 378, 865, 578, 118, 625, 916, 953, 912, 20, 923, 929, 269, 962, 792, 369, 301, 802, 21, 212, 469, 321, 454, 140, 371, 497, 129, 860, 774, 297, 24, 660, 743, 331, 40, 785, 579, 252, 90, 994, 25, 10, 488, 455, 375, 312, 401, 483, 144, 571, 879, 789, 433, 915, 942, 678, 538, 437, 326, 123, 531, 622, 99, 885, 693, 906, 544, 277, 3, 581, 142, 185, 870, 314, 800, 458, 654, 412, 728, 204, 888, 234, 33, 26, 637, 777, 715, 588, 913, 580, 645, 926, 60, 983, 833, 796, 529, 461, 524, 243, 87, 107, 316, 563, 74, 358, 233, 613, 924, 205, 855, 4, 886, 402, 425, 362, 215, 593, 422, 405, 271, 740, 130, 522, 376, 933, 867, 62, 518, 112, 218, 956, 484, 42, 770, 702, 917, 282, 341, 504, 489, 187, 388, 732, 771, 918, 749, 907, 940, 721, 80, 931, 491, 631, 823, 937, 848, 287, 409, 30, 176, 958, 676, 513, 462, 973, 536, 95, 989, 89, 94, 473, 892, 898, 383, 564, 998, 801, 53, 387, 920, 55, 681, 431, 562, 279, 964, 671, 179, 188, 385, 305, 922, 619, 966, 819, 684, 707, 501, 12, 172, 186, 121, 499, 439, 584, 18, 475, 427, 189, 781, 361, 191, 824, 216, 300, 519, 967, 318, 995, 840, 174, 609, 332, 67, 887, 349, 367, 901, 273, 232, 649, 126, 686, 52, 168, 970, 952, 687, 875, 895, 109, 157, 975, 153, 844, 294, 110, 635, 541, 647, 368, 640, 180, 839, 37, 7, 251, 941, 39, 472, 965, 460, 328, 330, 957, 889, 500, 237, 506, 377, 961, 696, 944, 972, 664, 261, 690, 496, 346, 577, 633, 629, 351, 896, 868, 345, 268, 738, 572, 890, 410, 474, 430, 903, 34, 552, 290, 919, 325, 969, 394, 414, 810, 826, 101, 948, 259, 986, 759, 805, 463, 114, 184, 655, 241, 523, 295, 897, 372, 641, 902, 65, 575, 299, 272, 551, 776, 976, 646, 289, 13, 616, 247, 192, 304, 117, 9, 928, 111, 373, 910, 36, 999, 968, 943, 691, 516, 242, 23, 874, 636, 643, 85, 604, 632, 982, 723, 365, 308, 238, 596, 379, 201, 586, 150, 804, 441, 303, 435, 559, 883, 847, 602, 845, 169, 59, 598, 843, 786, 221, 449, 756, 587, 542, 626, 274, 674, 806, 334, 399, 41, 658, 553, 390, 276, 739, 27, 190, 729, 292, 482, 466, 56, 803, 125, 717, 164, 614, 871, 161, 682, 480, 324, 139, 339, 141, 864, 754, 162, 31, 353, 990, 146, 494, 762, 698, 736, 8, 798, 83, 742, 423, 167, 949, 92, 46, 618, 0, 758, 799, 863, 666, 93, 527, 996, 183, 735, 954, 343, 47, 737, 677, 490, 275, 457, 667, 156, 648, 211, 444, 750, 464, 57, 881, 19, 623, 846, 447, 791, 450, 381, 557, 605, 68, 293, 615, 607, 440, 296, 508, 727, 722, 744, 778, 158, 760, 621, 673, 512, 320, 223, 820, 235, 350, 258, 515, 262, 818, 869, 657, 748, 576, 84, 979]
Taxon occupancy: {338=994, 339=994, 941=994, 942=994, 940=994, 945=994, 332=994, 946=994, 333=994, 943=994, 330=994, 944=994, 331=994, 949=994, 336=994, 337=994, 334=994, 947=994, 948=994, 335=994, 748=994, 531=994, 747=994, 530=994, 746=994, 745=994, 535=994, 534=994, 533=994, 532=994, 749=994, 539=994, 740=994, 538=994, 537=994, 536=994, 744=994, 743=994, 742=994, 741=994, 349=994, 930=994, 931=994, 932=994, 341=994, 342=994, 933=994, 343=994, 934=994, 935=994, 344=994, 345=994, 936=994, 346=994, 937=994, 347=994, 938=994, 348=994, 939=994, 735=994, 540=994, 3=994, 2=994, 734=994, 929=994, 737=994, 542=994, 1=994, 0=994, 736=994, 541=994, 739=994, 544=994, 7=994, 738=994, 6=994, 543=994, 5=994, 340=994, 546=994, 545=994, 4=994, 548=994, 547=994, 9=994, 8=994, 549=994, 731=994, 730=994, 733=994, 732=994, 920=994, 318=994, 319=994, 316=994, 317=994, 927=994, 314=994, 928=994, 315=994, 925=994, 312=994, 313=994, 926=994, 310=994, 923=994, 311=994, 924=994, 921=994, 922=994, 513=994, 512=994, 729=994, 511=994, 728=994, 727=994, 510=994, 726=994, 725=994, 919=994, 724=994, 723=994, 918=994, 722=994, 721=994, 720=994, 519=994, 518=994, 517=994, 516=994, 515=994, 514=994, 327=994, 328=994, 329=994, 323=994, 914=994, 324=994, 915=994, 325=994, 916=994, 326=994, 917=994, 910=994, 709=994, 320=994, 911=994, 912=994, 321=994, 322=994, 913=994, 717=994, 522=994, 716=994, 521=994, 719=994, 524=994, 523=994, 718=994, 908=994, 713=994, 712=994, 907=994, 520=994, 715=994, 909=994, 714=994, 529=994, 711=994, 710=994, 526=994, 525=994, 528=994, 527=994, 989=994, 988=994, 987=994, 571=994, 570=994, 982=994, 981=994, 980=994, 986=994, 985=994, 984=994, 983=994, 700=994, 574=994, 703=994, 575=994, 704=994, 572=994, 701=994, 573=994, 702=994, 578=994, 707=994, 708=994, 579=994, 576=994, 705=994, 577=994, 706=994, 977=994, 976=994, 979=994, 300=994, 978=994, 302=994, 580=994, 301=994, 304=994, 582=994, 303=994, 581=994, 306=994, 305=994, 308=994, 971=994, 307=994, 970=994, 973=994, 972=994, 309=994, 975=994, 974=994, 583=994, 584=994, 585=994, 586=994, 587=994, 588=994, 589=994, 969=994, 968=994, 967=994, 966=994, 965=994, 964=994, 963=994, 962=994, 961=994, 960=994, 558=994, 559=994, 556=994, 557=994, 554=994, 555=994, 552=994, 553=994, 550=994, 551=994, 959=994, 958=994, 560=994, 955=994, 954=994, 957=994, 956=994, 951=994, 950=994, 953=994, 952=994, 569=994, 565=994, 566=994, 567=994, 568=994, 561=994, 562=994, 563=994, 564=994, 799=994, 798=994, 797=994, 796=994, 795=994, 794=994, 793=994, 792=994, 996=994, 790=994, 791=994, 997=994, 994=994, 995=994, 992=994, 993=994, 990=994, 991=994, 998=994, 999=994, 781=994, 782=994, 783=994, 784=994, 785=994, 786=994, 787=994, 788=994, 789=994, 780=994, 772=994, 505=994, 773=994, 506=994, 503=994, 770=994, 504=994, 771=994, 776=994, 509=994, 777=994, 507=994, 774=994, 508=994, 775=994, 778=994, 779=994, 501=994, 502=994, 500=994, 763=994, 764=994, 765=994, 766=994, 760=994, 761=994, 762=994, 767=994, 768=994, 769=994, 754=994, 755=994, 752=994, 753=994, 750=994, 751=994, 758=994, 759=994, 756=994, 757=994, 595=994, 594=994, 391=994, 597=994, 390=994, 596=994, 599=994, 393=994, 598=994, 392=994, 395=994, 394=994, 396=994, 397=994, 398=994, 399=994, 590=994, 591=994, 592=994, 593=994, 383=994, 384=994, 381=994, 382=994, 380=994, 389=994, 388=994, 387=994, 386=994, 385=994, 370=994, 371=994, 372=994, 373=994, 379=994, 378=994, 375=994, 374=994, 377=994, 376=994, 361=994, 362=994, 360=994, 366=994, 365=994, 364=994, 363=994, 369=994, 368=994, 367=994, 350=994, 351=994, 353=994, 352=994, 355=994, 354=994, 357=994, 356=994, 359=994, 358=994, 806=994, 807=994, 804=994, 805=994, 802=994, 803=994, 800=994, 801=994, 159=994, 158=994, 157=994, 156=994, 155=994, 154=994, 152=994, 601=994, 600=994, 153=994, 150=994, 151=994, 609=994, 608=994, 607=994, 606=994, 605=994, 604=994, 603=994, 602=994, 202=994, 203=994, 204=994, 205=994, 200=994, 201=994, 169=994, 206=994, 166=994, 165=994, 207=994, 208=994, 168=994, 167=994, 209=994, 161=994, 409=994, 162=994, 408=994, 163=994, 164=994, 405=994, 404=994, 407=994, 160=994, 406=994, 401=994, 400=994, 403=994, 402=994, 211=994, 824=994, 825=994, 212=994, 822=994, 210=994, 823=994, 828=994, 215=994, 829=994, 216=994, 826=994, 213=994, 827=994, 214=994, 219=994, 179=994, 178=994, 217=994, 177=994, 218=994, 176=994, 820=994, 821=994, 418=994, 170=994, 171=994, 417=994, 416=994, 415=994, 623=994, 174=994, 175=994, 622=994, 621=994, 172=994, 419=994, 173=994, 620=994, 410=994, 627=994, 626=994, 625=994, 624=994, 819=994, 414=994, 413=994, 629=994, 412=994, 628=994, 411=994, 811=994, 220=994, 221=994, 812=994, 813=994, 222=994, 223=994, 814=994, 815=994, 224=994, 225=994, 816=994, 226=994, 817=994, 818=994, 227=994, 228=994, 188=994, 229=994, 187=994, 189=994, 810=994, 427=994, 426=994, 180=994, 429=994, 181=994, 428=994, 182=994, 183=994, 610=994, 184=994, 612=994, 185=994, 611=994, 186=994, 614=994, 809=994, 808=994, 613=994, 616=994, 421=994, 615=994, 420=994, 618=994, 423=994, 617=994, 422=994, 425=994, 424=994, 619=994, 843=994, 116=994, 117=994, 842=994, 114=994, 841=994, 115=994, 840=994, 112=994, 113=994, 110=994, 111=994, 849=994, 848=994, 847=994, 846=994, 845=994, 118=994, 119=994, 844=994, 435=994, 436=994, 433=994, 434=994, 431=994, 432=994, 430=994, 439=994, 437=994, 438=994, 125=994, 830=994, 126=994, 832=994, 127=994, 128=994, 831=994, 121=994, 122=994, 123=994, 124=994, 838=994, 837=994, 839=994, 834=994, 129=994, 833=994, 836=994, 835=994, 444=994, 445=994, 446=994, 447=994, 440=994, 441=994, 442=994, 443=994, 120=994, 448=994, 449=994, 134=994, 861=994, 135=994, 860=994, 132=994, 133=994, 138=994, 865=994, 864=994, 139=994, 863=994, 136=994, 862=994, 137=994, 869=994, 868=994, 867=994, 866=994, 450=994, 453=994, 454=994, 451=994, 452=994, 457=994, 458=994, 455=994, 456=994, 459=994, 131=994, 130=994, 143=994, 144=994, 145=994, 850=994, 146=994, 852=994, 147=994, 148=994, 851=994, 149=994, 854=994, 853=994, 856=994, 855=994, 858=994, 857=994, 859=994, 461=994, 460=994, 462=994, 463=994, 464=994, 465=994, 466=994, 467=994, 468=994, 469=994, 140=994, 142=994, 141=994, 687=994, 686=994, 689=994, 688=994, 683=994, 682=994, 685=994, 684=994, 888=994, 889=994, 884=994, 885=994, 680=994, 886=994, 681=994, 887=994, 880=994, 881=994, 882=994, 883=994, 678=994, 677=994, 676=994, 675=994, 674=994, 673=994, 672=994, 671=994, 679=994, 879=994, 877=994, 878=994, 875=994, 670=994, 876=994, 873=994, 874=994, 871=994, 872=994, 870=994, 696=994, 695=994, 694=994, 693=994, 890=994, 699=994, 698=994, 697=994, 899=994, 893=994, 894=994, 891=994, 892=994, 691=994, 897=994, 692=994, 898=994, 895=994, 896=994, 690=994, 646=994, 647=994, 648=994, 649=994, 642=994, 195=994, 643=994, 194=994, 197=994, 644=994, 196=994, 645=994, 191=994, 190=994, 193=994, 640=994, 192=994, 641=994, 198=994, 199=994, 639=994, 637=994, 638=994, 635=994, 636=994, 633=994, 634=994, 631=994, 632=994, 630=994, 668=994, 669=994, 660=994, 661=994, 662=994, 663=994, 664=994, 665=994, 666=994, 667=994, 659=994, 657=994, 658=994, 651=994, 652=994, 650=994, 655=994, 656=994, 653=994, 654=994, 35=994, 36=994, 33=994, 34=994, 39=994, 37=994, 38=994, 43=994, 42=994, 41=994, 40=994, 22=994, 23=994, 24=994, 25=994, 26=994, 27=994, 28=994, 29=994, 30=994, 32=994, 31=994, 19=994, 17=994, 18=994, 15=994, 16=994, 13=994, 14=994, 11=994, 12=994, 21=994, 20=994, 10=994, 79=994, 78=994, 77=994, 82=994, 83=994, 80=994, 81=994, 86=994, 87=994, 84=994, 85=994, 67=994, 66=994, 69=994, 68=994, 70=994, 71=994, 72=994, 73=994, 74=994, 75=994, 76=994, 59=994, 58=994, 57=994, 56=994, 55=994, 64=994, 65=994, 62=994, 63=994, 60=994, 61=994, 49=994, 48=994, 45=994, 44=994, 47=994, 46=994, 51=994, 52=994, 53=994, 54=994, 50=994, 281=994, 487=994, 486=994, 280=994, 485=994, 484=994, 285=994, 284=994, 283=994, 489=994, 488=994, 282=994, 288=994, 289=994, 286=994, 287=994, 482=994, 483=994, 480=994, 481=994, 474=994, 473=994, 476=994, 270=994, 475=994, 272=994, 478=994, 477=994, 271=994, 274=994, 479=994, 273=994, 275=994, 276=994, 277=994, 278=994, 279=994, 470=994, 471=994, 472=994, 1000=994, 109=994, 108=994, 107=994, 106=994, 105=994, 104=994, 103=994, 102=994, 99=994, 101=994, 100=994, 98=994, 97=994, 96=994, 95=994, 94=994, 93=994, 92=994, 91=994, 90=994, 294=994, 293=994, 499=994, 296=994, 295=994, 290=994, 496=994, 495=994, 292=994, 498=994, 291=994, 497=994, 491=994, 492=994, 493=994, 494=994, 297=994, 298=994, 299=994, 490=994, 88=994, 89=994, 240=994, 241=994, 245=994, 244=994, 243=994, 242=994, 249=994, 248=994, 247=994, 246=994, 230=994, 239=994, 232=994, 231=994, 234=994, 233=994, 236=994, 235=994, 238=994, 237=994, 262=994, 263=994, 260=994, 261=994, 269=994, 268=994, 267=994, 266=994, 265=994, 264=994, 250=994, 251=994, 252=994, 258=994, 904=994, 903=994, 257=994, 906=994, 259=994, 905=994, 900=994, 254=994, 253=994, 902=994, 256=994, 255=994, 901=994}
Number of gene trees: 994
0 trees have missing taxa
Calculating quartet distance matrix (for completion of X)
Species tree distances calculated ...
Building set of clusters (X) from gene trees 
Using tree-based weight calculation.
Number of Default Clusters: 266081
Number of quartet trees in the gene trees: 41323485077690
calculating extra bipartitions to be added at level 1 ...
Number of Clusters after addition by distance: 266099
Adding to X using resolutions of greedy consensus ...
Threshold 0.0:
polytomy of size 8; rounds with additions with at least 0.01 support: 4; clusters: 266287
Threshold 0.01:
polytomy of size 20; rounds with additions with at least 0.01 support: 10; clusters: 267981
Threshold 0.02:
polytomy of size 32; rounds with additions with at least 0.01 support: 2; clusters: 272647
Threshold 0.05:
polytomy of size 3; rounds with additions with at least 0.01 support: 0; clusters: 272647
polytomy of size 3; rounds with additions with at least 0.01 support: 0; clusters: 272647
polytomy of size 42; rounds with additions with at least 0.01 support: 2; clusters: 272671
polytomy of size 3; rounds with additions with at least 0.01 support: 0; clusters: 272671
Threshold 0.1:
polytomy of size 3; rounds with additions with at least 0.01 support: 0; clusters: 272671
polytomy of size 3; rounds with additions with at least 0.01 support: 0; clusters: 272671
polytomy of size 3; rounds with additions with at least 0.01 support: 0; clusters: 272671
polytomy of size 5; rounds with additions with at least 0.01 support: 0; clusters: 272671
polytomy of size 58; rounds with additions with at least 0.01 support: 2; clusters: 272759
Threshold 0.2:
polytomy of size 4; rounds with additions with at least 0.01 support: 0; clusters: 272759
polytomy of size 3; rounds with additions with at least 0.01 support: 0; clusters: 272759
polytomy of size 5; rounds with additions with at least 0.01 support: 0; clusters: 272759
polytomy of size 3; rounds with additions with at least 0.01 support: 0; clusters: 272759
polytomy of size 4; rounds with additions with at least 0.01 support: 0; clusters: 272759
polytomy of size 4; rounds with additions with at least 0.01 support: 0; clusters: 272759
polytomy of size 3; rounds with additions with at least 0.01 support: 0; clusters: 272759
polytomy of size 3; rounds with additions with at least 0.01 support: 0; clusters: 272759
polytomy of size 3; rounds with additions with at least 0.01 support: 0; clusters: 272759
polytomy of size 3; rounds with additions with at least 0.01 support: 0; clusters: 272759
polytomy of size 4; rounds with additions with at least 0.01 support: 0; clusters: 272759
polytomy of size 3; rounds with additions with at least 0.01 support: 0; clusters: 272759
polytomy of size 3; rounds with additions with at least 0.01 support: 0; clusters: 272759
polytomy of size 4; rounds with additions with at least 0.01 support: 0; clusters: 272759
polytomy of size 4; rounds with additions with at least 0.01 support: 0; clusters: 272759
polytomy of size 4; rounds with additions with at least 0.01 support: 0; clusters: 272759
polytomy of size 4; rounds with additions with at least 0.01 support: 0; clusters: 272759
polytomy of size 84; rounds with additions with at least 0.01 support: 0; clusters: 272771
Threshold 0.3333333333333333:
polytomy of size 3; rounds with additions with at least 0.01 support: 0; clusters: 272771
polytomy of size 3; rounds with additions with at least 0.01 support: 0; clusters: 272771
polytomy of size 5; rounds with additions with at least 0.01 support: 0; clusters: 272771
polytomy of size 3; rounds with additions with at least 0.01 support: 0; clusters: 272771
polytomy of size 4; rounds with additions with at least 0.01 support: 0; clusters: 272771
polytomy of size 4; rounds with additions with at least 0.01 support: 0; clusters: 272771
polytomy of size 3; rounds with additions with at least 0.01 support: 0; clusters: 272771
polytomy of size 3; rounds with additions with at least 0.01 support: 0; clusters: 272771
polytomy of size 3; rounds with additions with at least 0.01 support: 0; clusters: 272771
polytomy of size 5; rounds with additions with at least 0.01 support: 0; clusters: 272771
polytomy of size 6; rounds with additions with at least 0.01 support: 0; clusters: 272771
polytomy of size 4; rounds with additions with at least 0.01 support: 0; clusters: 272771
polytomy of size 3; rounds with additions with at least 0.01 support: 0; clusters: 272771
polytomy of size 3; rounds with additions with at least 0.01 support: 0; clusters: 272771
polytomy of size 3; rounds with additions with at least 0.01 support: 0; clusters: 272771
polytomy of size 3; rounds with additions with at least 0.01 support: 0; clusters: 272771
polytomy of size 3; rounds with additions with at least 0.01 support: 0; clusters: 272771
polytomy of size 5; rounds with additions with at least 0.01 support: 0; clusters: 272771
polytomy of size 4; rounds with additions with at least 0.01 support: 0; clusters: 272771
polytomy of size 3; rounds with additions with at least 0.01 support: 0; clusters: 272771
polytomy of size 3; rounds with additions with at least 0.01 support: 0; clusters: 272771
polytomy of size 3; rounds with additions with at least 0.01 support: 0; clusters: 272771
polytomy of size 3; rounds with additions with at least 0.01 support: 0; clusters: 272771
polytomy of size 6; rounds with additions with at least 0.01 support: 0; clusters: 272771
polytomy of size 4; rounds with additions with at least 0.01 support: 0; clusters: 272771
polytomy of size 3; rounds with additions with at least 0.01 support: 0; clusters: 272771
polytomy of size 5; rounds with additions with at least 0.01 support: 0; clusters: 272771
polytomy of size 3; rounds with additions with at least 0.01 support: 0; clusters: 272771
polytomy of size 3; rounds with additions with at least 0.01 support: 0; clusters: 272771
polytomy of size 3; rounds with additions with at least 0.01 support: 0; clusters: 272771
polytomy of size 3; rounds with additions with at least 0.01 support: 0; clusters: 272771
polytomy of size 5; rounds with additions with at least 0.01 support: 0; clusters: 272771
polytomy of size 4; rounds with additions with at least 0.01 support: 0; clusters: 272771
polytomy of size 3; rounds with additions with at least 0.01 support: 0; clusters: 272771
polytomy of size 4; rounds with additions with at least 0.01 support: 0; clusters: 272771
polytomy of size 3; rounds with additions with at least 0.01 support: 0; clusters: 272771
polytomy of size 7; rounds with additions with at least 0.01 support: 0; clusters: 272771
polytomy of size 3; rounds with additions with at least 0.01 support: 0; clusters: 272771
polytomy of size 3; rounds with additions with at least 0.01 support: 0; clusters: 272771
polytomy of size 3; rounds with additions with at least 0.01 support: 0; clusters: 272771
polytomy of size 3; rounds with additions with at least 0.01 support: 0; clusters: 272771
polytomy of size 3; rounds with additions with at least 0.01 support: 0; clusters: 272771
polytomy of size 4; rounds with additions with at least 0.01 support: 0; clusters: 272771
polytomy of size 3; rounds with additions with at least 0.01 support: 0; clusters: 272771
polytomy of size 3; rounds with additions with at least 0.01 support: 0; clusters: 272771
polytomy of size 3; rounds with additions with at least 0.01 support: 0; clusters: 272771
polytomy of size 3; rounds with additions with at least 0.01 support: 0; clusters: 272771
polytomy of size 4; rounds with additions with at least 0.01 support: 0; clusters: 272771
polytomy of size 3; rounds with additions with at least 0.01 support: 0; clusters: 272771
polytomy of size 3; rounds with additions with at least 0.01 support: 0; clusters: 272771
polytomy of size 3; rounds with additions with at least 0.01 support: 0; clusters: 272771
polytomy of size 3; rounds with additions with at least 0.01 support: 0; clusters: 272771
polytomy of size 3; rounds with additions with at least 0.01 support: 0; clusters: 272771
polytomy of size 3; rounds with additions with at least 0.01 support: 0; clusters: 272771
polytomy of size 4; rounds with additions with at least 0.01 support: 0; clusters: 272771
polytomy of size 3; rounds with additions with at least 0.01 support: 0; clusters: 272771
polytomy of size 4; rounds with additions with at least 0.01 support: 0; clusters: 272771
polytomy of size 3; rounds with additions with at least 0.01 support: 0; clusters: 272771
polytomy of size 4; rounds with additions with at least 0.01 support: 0; clusters: 272771
polytomy of size 121; rounds with additions with at least 0.01 support: 0; clusters: 398443
Number of Clusters after addition by greedy: 398443
partitions formed in 6226.722 secs
Dynamic Programming starting after 6226.723 secs
Size of largest cluster: 1001
Size of largest cluster: 1001
Calculated 100000 weights; time (seconds): 6421
Calculated 200000 weights; time (seconds): 180
Calculated 300000 weights; time (seconds): 169
Calculated 400000 weights; time (seconds): 213
Calculated 500000 weights; time (seconds): 344
Calculated 600000 weights; time (seconds): 525
Calculated 700000 weights; time (seconds): 985
Calculated 800000 weights; time (seconds): 1840
Calculated 900000 weights; time (seconds): 2443
Total Number of elements weighted: 964679
Normalized score (portion of input quartet trees satisfied): NaN
Final optimization score: 0
Total Number of elements weighted: 964679
Normalized score (portion of input quartet trees satisfied): 0.5590785762146921
Final optimization score: 23103075201464
Optimal tree inferred in 14948.825 secs.
(257,((154,96),((266,672),(((((555,302),((930,675),(624,196))),((347,(278,909)),(395,(199,(88,61))))),(((44,(540,100)),((547,985),(716,408))),((227,(63,832)),((236,(342,(511,86))),(862,(661,(688,396))))))),((((611,(498,364)),((284,(651,406)),((574,429),(400,203)))),((357,(620,(974,(421,(951,(81,291)))))),((814,(250,908)),(360,(((520,945),(71,(319,753))),((808,854),(298,((977,(411,606)),((2,202),(585,(337,851))))))))))),(((386,(787,219)),((470,(509,315)),((313,(354,816)),((517,108),(836,(471,(539,206))))))),(((11,680),((22,838),((166,(170,((64,249),(119,477)))),((554,479),((209,570),(963,(1,(207,597)))))))),((((398,(947,(29,(650,148)))),((865,578),((118,625),(916,(953,(912,(20,923))))))),((443,(608,413)),(783,((6,(695,(955,374))),(984,(263,((665,465),(91,(565,685))))))))),((378,((287,409),(((882,(706,(733,120))),((380,((825,493),((222,231),((653,137),((229,872),(934,(122,(127,644)))))))),(((102,788),(438,(151,(505,79)))),(393,(481,((417,155),(638,(54,(763,610))))))))),((((432,(627,256)),((195,534),(97,(288,514)))),((745,(662,265)),((366,(459,355)),(478,(503,370))))),((307,689),(((914,(603,(993,766))),((708,171),(724,530))),((224,(220,407)),((652,283),(857,(683,981)))))))))),((0,(((((758,799),(819,((684,707),((121,499),(501,(172,(12,186))))))),(((179,(188,385)),(305,(922,(619,966)))),(387,((920,(55,681)),(431,((964,671),(562,279))))))),(((190,(729,292)),(27,((276,739),(553,390)))),((399,((626,(274,674)),((806,334),(756,(587,542))))),(((221,449),(598,(843,786))),(41,(658,(169,(845,59)))))))),((887,(609,(67,(332,(349,((367,901),(649,(273,232)))))))),(((226,((725,(163,794)),(560,(550,270)))),((382,(694,701)),(((601,(75,(807,(253,(210,842))))),(((311,77),(248,797)),(911,((532,(772,502)),(556,(692,(533,336))))))),((485,(569,(415,(487,285)))),((850,(713,(873,(260,521)))),((((784,861),(858,617)),((136,228),(793,726))),(((711,436),(779,452)),((595,451),(49,(344,486)))))))))),(((917,282),(341,(504,489))),(((((107,316),(563,(74,358))),(233,(613,(855,(924,205))))),(((588,913),((580,461),(926,(645,(60,(983,(243,(87,(524,(833,(796,529))))))))))),(((26,(637,(777,715))),((622,99),(437,(326,(123,531))))),(((678,538),((142,185),(870,314))),((885,((693,906),(3,(544,277)))),(800,(581,((204,(888,(234,33))),(458,(654,(412,728))))))))))),((((867,(62,518)),(271,(((130,522),(740,(376,933))),(362,(593,(422,(215,405))))))),((((792,369),(269,962)),((331,40),((252,90),(785,579)))),((4,112),(((30,176),(886,(402,425))),((218,956),((770,702),(484,42))))))),(((383,564),(801,(998,53))),(187,((929,((892,898),(473,(89,94)))),(((571,((879,789),(433,(915,942)))),((994,(25,(10,488))),((483,144),(455,(375,(312,401)))))),(((388,(771,(732,918))),((823,((491,631),(937,848))),(749,((940,721),(907,(80,931)))))),(((536,(95,989)),(958,(513,(676,(462,973))))),(((301,(802,21)),(212,(321,(454,(469,140))))),((24,(660,743)),((860,(774,297)),(129,(371,497)))))))))))))))))),(((73,103),((((76,(149,507)),((549,(244,(812,(116,583)))),(194,(932,(780,((782,815),(152,558))))))),((751,(612,133)),(((752,348),(389,(467,(78,900)))),((967,(318,(174,(995,840)))),(439,((584,(18,((475,189),(427,781)))),((300,519),((824,216),(361,191))))))))),(537,(((132,(566,822)),(((175,(663,670)),(264,(134,(106,492)))),((628,131),(160,(699,(582,(98,(829,634)))))))),((548,(((391,591),(703,333)),(925,(599,(734,280))))),((841,(82,(765,775))),((755,656),((72,(225,891)),((197,(69,(510,363))),((712,267),(51,(416,317)))))))))))),((997,335),(((((616,247),((970,(952,687)),((109,(875,895)),(157,(975,153))))),(((941,39),(7,251)),((844,294),((647,(541,(110,635))),(368,((640,180),(839,37))))))),((46,618),(((339,(324,139)),((762,698),((146,494),((162,(141,864)),(31,(990,(754,353))))))),((736,(8,((949,92),(167,((798,83),(742,423)))))),(((803,125),(482,(466,56))),((614,(717,164)),((682,480),(871,161)))))))),(((((769,14),((811,45),(322,(15,(718,980))))),(((960,(790,(878,143))),((709,200),(419,(528,240)))),((567,420),((159,(705,404)),((105,178),(38,(859,(173,(128,124))))))))),((((198,821),(893,(245,526))),((959,837),(338,(208,(356,(679,992)))))),((773,(281,35)),((442,(192,304)),((991,(987,(899,453))),(((590,849),(834,(310,145))),((352,182),(50,(884,(384,(746,730))))))))))),((((971,70),(((668,747),((5,936),(66,697))),(659,(428,((329,(731,17)),((48,115),(104,(16,(543,403))))))))),((424,535),((((239,589),(323,(757,856))),((135,(741,545)),(880,((710,(831,704)),((193,(876,446)),(246,(573,642))))))),((147,(950,214)),((669,((768,988),(230,(456,(418,177))))),(((630,978),(((340,138),(853,828)),((795,809),((546,817),(434,939))))),(((904,(568,600)),(217,(894,(835,(764,921))))),((852,594),((935,(525,327)),((927,(719,(592,286))),((254,181),((877,(639,392)),(43,(938,866)))))))))))))),((((527,(996,(93,183))),((954,343),(863,(666,735)))),(((1000,(165,445)),(((113,827),(306,767)),((468,359),(28,(905,426))))),(((830,476),(309,813)),((761,((379,201),(238,596))),((255,(448,((58,(561,720)),(714,(397,946))))),((847,602),((586,150),((435,(303,559)),(883,(804,441)))))))))),(((52,168),(126,686)),(((289,13),((495,32),(213,700))),((((776,976),(272,551)),(((410,34),(474,(430,903))),((738,(572,890)),(268,(552,290))))),(((919,646),((47,((737,(727,(508,(722,(440,296))))),((223,(820,235)),((744,320),(512,(673,(621,(760,(778,158))))))))),(((84,979),(748,576)),((615,(293,((57,(607,(557,(605,68)))),((447,(791,(450,381))),((881,623),(19,846)))))),((648,(156,(464,(211,(444,750))))),((350,258),((818,(869,657)),((677,490),((275,457),(515,(667,262))))))))))),(((85,(636,643)),(((632,(604,982)),(723,(365,308))),((117,((516,242),(23,874))),((910,36),(9,((928,(111,373)),((999,968),(943,691)))))))),((299,(((184,655),((65,575),(241,((523,295),(902,(372,(897,641))))))),((101,(463,114)),((969,394),((948,(414,(810,826))),(325,(259,(805,(986,759))))))))),(((957,(889,500)),((237,506),((472,965),(328,(460,330))))),(((944,(377,961)),(696,(972,664))),((633,(629,351)),((896,(868,345)),((346,577),(496,(261,690)))))))))))))))))))))))))))));
Quartet score is: 23103075201464
Normalized quartet score is: 0.5590785762146921
ASTRAL finished in 21423.178 secs
