
================== ASTRAL ===================== 

This is ASTRAL version 4.10.8
Gene trees are treated as unrooted
1000 trees read from model.100.2000000.0.000001/48/estimatedgenetre.halfresolved
All outputted trees will be *arbitrarily* rooted at 0

======== Running the main analysis
Number of taxa: 101 (101 species)
Taxa: [0, 19, 67, 28, 48, 75, 69, 26, 38, 62, 61, 9, 64, 35, 17, 60, 53, 2, 72, 30, 55, 42, 31, 59, 63, 49, 85, 22, 32, 95, 43, 36, 23, 14, 58, 96, 52, 3, 71, 56, 54, 97, 80, 88, 83, 7, 12, 66, 81, 11, 25, 16, 73, 51, 86, 24, 78, 20, 100, 8, 76, 13, 70, 40, 41, 68, 45, 1, 87, 91, 98, 37, 27, 21, 15, 18, 46, 82, 44, 77, 79, 94, 33, 74, 93, 5, 84, 39, 34, 29, 57, 47, 90, 4, 65, 50, 92, 6, 10, 89, 99]
Taxon occupancy: {35=1000, 36=1000, 33=1000, 34=1000, 39=1000, 37=1000, 38=1000, 43=1000, 42=1000, 41=1000, 40=1000, 22=1000, 23=1000, 24=1000, 25=1000, 26=1000, 27=1000, 28=1000, 29=1000, 3=1000, 2=1000, 1=1000, 0=1000, 7=1000, 30=1000, 6=1000, 32=1000, 5=1000, 31=1000, 4=1000, 9=1000, 8=1000, 19=1000, 17=1000, 18=1000, 15=1000, 16=1000, 13=1000, 14=1000, 11=1000, 12=1000, 21=1000, 20=1000, 99=1000, 100=1000, 98=1000, 97=1000, 96=1000, 95=1000, 94=1000, 93=1000, 92=1000, 91=1000, 90=1000, 10=1000, 88=1000, 89=1000, 79=1000, 78=1000, 77=1000, 82=1000, 83=1000, 80=1000, 81=1000, 86=1000, 87=1000, 84=1000, 85=1000, 67=1000, 66=1000, 69=1000, 68=1000, 70=1000, 71=1000, 72=1000, 73=1000, 74=1000, 75=1000, 76=1000, 59=1000, 58=1000, 57=1000, 56=1000, 55=1000, 64=1000, 65=1000, 62=1000, 63=1000, 60=1000, 61=1000, 49=1000, 48=1000, 45=1000, 44=1000, 47=1000, 46=1000, 51=1000, 52=1000, 53=1000, 54=1000, 50=1000}
Number of gene trees: 1000
0 trees have missing taxa
Calculating quartet distance matrix (for completion of X)
Species tree distances calculated ...
Building set of clusters (X) from gene trees 
Using tree-based weight calculation.
Number of Default Clusters: 14773
Number of quartet trees in the gene trees: 4082925000
calculating extra bipartitions to be added at level 1 ...
Number of Clusters after addition by distance: 14773
Adding to X using resolutions of greedy consensus ...
Threshold 0.0:
Threshold 0.01:
Threshold 0.02:
Threshold 0.05:
Threshold 0.1:
polytomy of size 4; rounds with additions with at least 0.01 support: 0; clusters: 14773
Threshold 0.2:
polytomy of size 3; rounds with additions with at least 0.01 support: 0; clusters: 14773
polytomy of size 3; rounds with additions with at least 0.01 support: 0; clusters: 14773
polytomy of size 3; rounds with additions with at least 0.01 support: 0; clusters: 14773
polytomy of size 5; rounds with additions with at least 0.01 support: 0; clusters: 14773
polytomy of size 3; rounds with additions with at least 0.01 support: 0; clusters: 14773
polytomy of size 3; rounds with additions with at least 0.01 support: 0; clusters: 14773
Threshold 0.3333333333333333:
polytomy of size 5; rounds with additions with at least 0.01 support: 0; clusters: 14773
polytomy of size 4; rounds with additions with at least 0.01 support: 0; clusters: 14773
polytomy of size 3; rounds with additions with at least 0.01 support: 0; clusters: 14773
polytomy of size 3; rounds with additions with at least 0.01 support: 0; clusters: 14773
polytomy of size 3; rounds with additions with at least 0.01 support: 0; clusters: 14773
polytomy of size 6; rounds with additions with at least 0.01 support: 0; clusters: 14773
polytomy of size 9; rounds with additions with at least 0.01 support: 0; clusters: 14775
Number of Clusters after addition by greedy: 14775
partitions formed in 6.56 secs
Dynamic Programming starting after 6.56 secs
Size of largest cluster: 101
Size of largest cluster: 101
Total Number of elements weighted: 85754
Normalized score (portion of input quartet trees satisfied): NaN
Final optimization score: 0
Total Number of elements weighted: 85754
Normalized score (portion of input quartet trees satisfied): 0.8353608339609471
Final optimization score: 3410715633
Optimal tree inferred in 15.023 secs.
(0,((((33,(74,93)),((44,(79,(77,94))),((84,39),(5,(90,(((6,10),(57,47)),((89,99),(4,((34,65),(29,(50,92))))))))))),((18,(46,82)),(((78,(86,24)),((87,91),((21,15),(98,(37,27))))),((66,(81,11)),(((20,100),(8,76)),(16,(25,(73,51)))))))),((((19,67),(60,(28,48))),((52,((71,56),(3,54))),((97,80),(12,(83,(88,7)))))),(13,(((17,(35,(9,64))),((58,96),((70,(40,41)),(68,(45,1))))),(((62,(38,61)),(75,(69,26))),((85,22),(((95,(32,43)),(53,(2,72))),((49,(55,(30,(23,14)))),(36,(59,(63,(42,31)))))))))))));
Quartet score is: 3410715633
Normalized quartet score is: 0.8353608339609471
ASTRAL finished in 17.993 secs
