
================== ASTRAL ===================== 

This is ASTRAL version 4.10.10
Gene trees are treated as unrooted
998 trees read from ASTRALDATA/model.200.500000.0.0000001/38/estimatedgenetre.halfresolved
All output trees will be *arbitrarily* rooted at 87

======== Running the main analysis
Number of taxa: 201 (201 species)
Taxa: [87, 167, 2, 111, 14, 55, 91, 69, 140, 11, 63, 148, 99, 89, 20, 158, 150, 166, 5, 76, 7, 149, 32, 138, 77, 151, 165, 98, 53, 70, 71, 75, 144, 187, 132, 46, 43, 122, 130, 155, 176, 27, 200, 25, 104, 84, 193, 6, 57, 8, 186, 78, 41, 44, 141, 86, 56, 88, 163, 37, 65, 33, 94, 45, 168, 152, 0, 154, 125, 12, 35, 30, 178, 34, 60, 190, 105, 58, 108, 24, 50, 114, 113, 52, 10, 40, 15, 197, 139, 72, 124, 181, 90, 9, 189, 61, 48, 157, 19, 136, 159, 80, 106, 36, 100, 59, 97, 119, 51, 112, 92, 54, 147, 21, 96, 196, 182, 109, 156, 160, 179, 120, 93, 115, 82, 137, 174, 161, 101, 164, 169, 192, 172, 81, 28, 180, 170, 31, 39, 126, 85, 191, 66, 13, 29, 79, 146, 127, 145, 194, 121, 42, 118, 134, 95, 183, 173, 128, 171, 129, 135, 131, 22, 23, 110, 74, 103, 162, 26, 4, 3, 47, 123, 133, 49, 38, 177, 153, 198, 143, 16, 62, 142, 175, 64, 195, 107, 184, 73, 18, 83, 117, 199, 68, 1, 188, 116, 67, 185, 17, 102]
Taxon occupancy: {35=998, 36=998, 33=998, 159=998, 34=998, 158=998, 157=998, 39=998, 156=998, 37=998, 155=998, 154=998, 38=998, 152=998, 153=998, 150=998, 151=998, 43=998, 42=998, 41=998, 40=998, 200=998, 22=998, 169=998, 23=998, 24=998, 25=998, 166=998, 26=998, 165=998, 27=998, 168=998, 28=998, 167=998, 29=998, 161=998, 3=998, 2=998, 162=998, 1=998, 163=998, 0=998, 164=998, 30=998, 7=998, 6=998, 32=998, 5=998, 160=998, 31=998, 4=998, 9=998, 8=998, 19=998, 17=998, 179=998, 178=998, 18=998, 15=998, 177=998, 176=998, 16=998, 13=998, 14=998, 11=998, 12=998, 21=998, 170=998, 20=998, 171=998, 174=998, 175=998, 172=998, 173=998, 188=998, 187=998, 189=998, 180=998, 181=998, 10=998, 182=998, 183=998, 184=998, 185=998, 186=998, 116=998, 79=998, 117=998, 114=998, 78=998, 77=998, 115=998, 112=998, 113=998, 110=998, 111=998, 118=998, 119=998, 82=998, 83=998, 80=998, 81=998, 86=998, 87=998, 84=998, 85=998, 67=998, 125=998, 126=998, 66=998, 69=998, 127=998, 68=998, 128=998, 121=998, 122=998, 123=998, 124=998, 129=998, 70=998, 71=998, 120=998, 72=998, 73=998, 74=998, 75=998, 76=998, 134=998, 135=998, 132=998, 59=998, 133=998, 58=998, 138=998, 139=998, 57=998, 56=998, 136=998, 55=998, 137=998, 64=998, 65=998, 62=998, 63=998, 60=998, 131=998, 61=998, 130=998, 49=998, 143=998, 144=998, 48=998, 145=998, 146=998, 45=998, 147=998, 44=998, 148=998, 149=998, 47=998, 46=998, 51=998, 52=998, 53=998, 54=998, 140=998, 142=998, 50=998, 141=998, 109=998, 108=998, 107=998, 106=998, 105=998, 104=998, 103=998, 102=998, 99=998, 101=998, 100=998, 98=998, 97=998, 96=998, 95=998, 94=998, 93=998, 92=998, 91=998, 90=998, 88=998, 89=998, 195=998, 194=998, 197=998, 196=998, 191=998, 190=998, 193=998, 192=998, 198=998, 199=998}
Number of gene trees: 998
0 trees have missing taxa
Calculating quartet distance matrix (for completion of X)
Species tree distances calculated ...
Building set of clusters (X) from gene trees 
Using tree-based weight calculation.
Number of Default Clusters: 166745
Number of quartet trees in the gene trees: 65830934094
calculating extra bipartitions to be added at level 1 ...
Number of Clusters after addition by distance: 166775
Adding to X using resolutions of greedy consensus ...
Threshold 0.0:
polytomy of size 3; rounds with additions with at least 0.01 support: 0; clusters: 166777
polytomy of size 12; rounds with additions with at least 0.01 support: 13; clusters: 168021
Threshold 0.01:
polytomy of size 28; rounds with additions with at least 0.01 support: 20; clusters: 177411
Threshold 0.02:
polytomy of size 3; rounds with additions with at least 0.01 support: 0; clusters: 177411
polytomy of size 30; rounds with additions with at least 0.01 support: 2; clusters: 185965
Threshold 0.05:
polytomy of size 3; rounds with additions with at least 0.01 support: 0; clusters: 185965
polytomy of size 47; rounds with additions with at least 0.01 support: 0; clusters: 186103
Threshold 0.1:
polytomy of size 4; rounds with additions with at least 0.01 support: 0; clusters: 186103
polytomy of size 3; rounds with additions with at least 0.01 support: 0; clusters: 186103
polytomy of size 64; rounds with additions with at least 0.01 support: 0; clusters: 186245
Threshold 0.2:
polytomy of size 5; rounds with additions with at least 0.01 support: 0; clusters: 186245
polytomy of size 3; rounds with additions with at least 0.01 support: 0; clusters: 186245
polytomy of size 3; rounds with additions with at least 0.01 support: 0; clusters: 186245
polytomy of size 92; rounds with additions with at least 0.01 support: 0; clusters: 186307
Threshold 0.3333333333333333:
polytomy of size 3; rounds with additions with at least 0.01 support: 0; clusters: 186307
polytomy of size 3; rounds with additions with at least 0.01 support: 0; clusters: 186307
polytomy of size 3; rounds with additions with at least 0.01 support: 0; clusters: 186307
polytomy of size 6; rounds with additions with at least 0.01 support: 0; clusters: 186307
Number of Clusters after addition by greedy: 186307
partitions formed in 118.325 secs
Dynamic Programming starting after 118.325 secs
Size of largest cluster: 201
Calculated 100000 weights; time (seconds): 757
Calculated 200000 weights; time (seconds): 634
Calculated 300000 weights; time (seconds): 675
Calculated 400000 weights; time (seconds): 694
Total Number of elements weighted: 406401
Normalized score (portion of input quartet trees satisfied): 0.4512422505897186
Final optimization score: 29705698859
Optimal tree inferred in 2805.336 secs.
(189,(24,(9,((90,(61,(48,157))),((50,((190,(34,60)),(89,((136,(19,(148,99))),(15,((114,(113,52)),(40,(10,(72,(197,139)))))))))),((105,(131,(108,(135,(58,22))))),((((120,(141,179)),((8,186),(44,(78,41)))),(77,((106,(80,36)),(((124,181),(159,((23,110),(74,103)))),((98,53),(162,(165,(138,(151,(26,(32,4))))))))))),((0,(125,(154,(5,(166,76))))),(((((174,(109,(161,(115,82)))),(137,(156,(160,(93,199))))),(((7,149),(70,(178,(71,35)))),(((169,192),(87,92)),((100,112),((59,51),(119,(97,164))))))),((25,((104,(17,102)),((196,182),(172,171)))),((193,101),(((129,38),(133,49)),(((16,62),((21,96),(54,147))),((198,143),((153,(111,47)),((177,(3,142)),(123,((20,(158,150)),(195,((175,64),(73,(107,184)))))))))))))),((((191,(85,66)),((6,57),(55,81))),(((79,(13,29)),((28,180),((170,31),(39,126)))),(((18,83),(146,127)),(((121,42),(118,134)),((145,183),(128,(194,(95,173)))))))),((117,((75,144),((68,1),(188,116)))),(((84,12),((11,63),(140,(91,69)))),(((14,67),((33,(163,(37,65))),((56,88),(86,(94,45))))),(((132,46),(187,(152,(168,185)))),(((155,200),(176,(2,30))),((167,27),(122,(43,130))))))))))))))))));
Quartet score is: 29705698859
Normalized quartet score is: 0.4512422505897186
ASTRAL finished in 2815.572 secs
