
================== ASTRAL ===================== 

This is ASTRAL version 4.10.8
Gene trees are treated as unrooted
1000 trees read from model.500.2000000.0.000001/21/estimatedgenetre.halfresolved
All outputted trees will be *arbitrarily* rooted at 191

======== Running the main analysis
Number of taxa: 501 (501 species)
Taxa: [191, 492, 177, 126, 178, 473, 386, 102, 135, 348, 25, 32, 322, 408, 325, 55, 439, 463, 468, 319, 464, 82, 210, 315, 340, 407, 415, 22, 487, 268, 46, 77, 445, 143, 304, 432, 440, 17, 412, 58, 343, 180, 380, 152, 281, 390, 273, 88, 76, 446, 438, 47, 209, 182, 166, 27, 428, 154, 366, 184, 144, 491, 245, 359, 124, 333, 93, 170, 117, 296, 56, 240, 141, 115, 101, 36, 367, 369, 498, 62, 91, 250, 80, 39, 97, 54, 122, 18, 192, 365, 378, 400, 198, 299, 66, 64, 137, 316, 222, 35, 164, 283, 397, 495, 29, 303, 327, 465, 61, 92, 402, 0, 218, 31, 111, 207, 433, 105, 223, 81, 49, 165, 391, 351, 406, 481, 341, 496, 396, 231, 1, 349, 420, 233, 194, 417, 28, 98, 244, 334, 16, 201, 354, 345, 478, 215, 84, 357, 186, 160, 368, 458, 213, 459, 479, 413, 448, 118, 158, 75, 185, 119, 427, 110, 134, 286, 470, 78, 426, 255, 329, 332, 321, 472, 422, 239, 488, 127, 37, 139, 485, 259, 395, 44, 83, 169, 225, 419, 314, 89, 260, 195, 138, 266, 142, 203, 398, 360, 50, 155, 21, 206, 346, 363, 151, 364, 220, 251, 5, 294, 444, 224, 475, 121, 202, 51, 79, 53, 90, 7, 63, 236, 284, 87, 108, 370, 421, 275, 179, 324, 228, 457, 328, 167, 183, 196, 238, 379, 132, 430, 493, 125, 254, 385, 374, 113, 462, 150, 146, 447, 394, 453, 19, 163, 26, 24, 467, 372, 309, 431, 326, 308, 59, 276, 373, 189, 405, 199, 269, 289, 298, 500, 258, 455, 404, 227, 474, 159, 323, 208, 356, 285, 99, 9, 442, 377, 342, 401, 471, 11, 243, 300, 156, 34, 414, 123, 200, 288, 388, 6, 257, 107, 297, 352, 14, 270, 466, 387, 3, 52, 248, 454, 302, 436, 8, 449, 476, 13, 72, 96, 253, 461, 23, 129, 12, 147, 242, 292, 261, 15, 382, 95, 274, 69, 499, 381, 60, 136, 112, 358, 310, 172, 237, 94, 214, 307, 305, 330, 212, 339, 85, 484, 235, 190, 312, 282, 418, 335, 171, 116, 362, 162, 104, 375, 429, 350, 383, 148, 217, 176, 293, 392, 311, 318, 469, 168, 65, 409, 424, 193, 425, 2, 106, 477, 174, 70, 43, 219, 451, 262, 399, 157, 161, 452, 4, 41, 230, 188, 45, 130, 480, 241, 57, 71, 437, 353, 486, 256, 246, 441, 249, 38, 267, 181, 229, 317, 361, 131, 226, 482, 337, 221, 280, 216, 460, 434, 355, 279, 205, 313, 145, 489, 306, 100, 423, 42, 68, 371, 272, 128, 290, 247, 265, 456, 435, 173, 320, 149, 103, 403, 494, 384, 153, 483, 277, 86, 497, 287, 416, 20, 347, 389, 291, 331, 376, 271, 114, 232, 30, 74, 301, 264, 252, 234, 33, 295, 211, 120, 73, 133, 140, 278, 187, 410, 48, 344, 109, 67, 175, 411, 204, 490, 450, 40, 197, 443, 393, 263, 338, 336, 10]
Taxon occupancy: {338=1000, 339=1000, 332=1000, 333=1000, 159=1000, 330=1000, 331=1000, 158=1000, 336=1000, 157=1000, 337=1000, 156=1000, 334=1000, 155=1000, 154=1000, 335=1000, 152=1000, 153=1000, 150=1000, 151=1000, 349=1000, 202=1000, 203=1000, 204=1000, 205=1000, 200=1000, 201=1000, 341=1000, 169=1000, 342=1000, 343=1000, 344=1000, 345=1000, 166=1000, 206=1000, 165=1000, 207=1000, 346=1000, 347=1000, 208=1000, 168=1000, 348=1000, 209=1000, 167=1000, 161=1000, 3=1000, 409=1000, 408=1000, 162=1000, 2=1000, 1=1000, 163=1000, 0=1000, 164=1000, 7=1000, 405=1000, 404=1000, 6=1000, 407=1000, 340=1000, 5=1000, 4=1000, 160=1000, 406=1000, 401=1000, 400=1000, 403=1000, 9=1000, 402=1000, 8=1000, 211=1000, 212=1000, 210=1000, 215=1000, 318=1000, 216=1000, 319=1000, 213=1000, 316=1000, 317=1000, 214=1000, 219=1000, 314=1000, 179=1000, 178=1000, 315=1000, 177=1000, 312=1000, 217=1000, 313=1000, 218=1000, 176=1000, 310=1000, 311=1000, 170=1000, 418=1000, 417=1000, 171=1000, 416=1000, 415=1000, 174=1000, 175=1000, 172=1000, 173=1000, 419=1000, 410=1000, 414=1000, 413=1000, 412=1000, 411=1000, 220=1000, 221=1000, 222=1000, 223=1000, 327=1000, 224=1000, 225=1000, 328=1000, 226=1000, 329=1000, 227=1000, 188=1000, 228=1000, 323=1000, 187=1000, 229=1000, 324=1000, 325=1000, 326=1000, 189=1000, 320=1000, 321=1000, 322=1000, 427=1000, 426=1000, 180=1000, 181=1000, 429=1000, 182=1000, 428=1000, 183=1000, 184=1000, 185=1000, 186=1000, 421=1000, 420=1000, 423=1000, 422=1000, 425=1000, 424=1000, 116=1000, 117=1000, 114=1000, 115=1000, 112=1000, 113=1000, 110=1000, 111=1000, 118=1000, 119=1000, 435=1000, 436=1000, 433=1000, 434=1000, 431=1000, 432=1000, 430=1000, 439=1000, 437=1000, 438=1000, 125=1000, 126=1000, 127=1000, 300=1000, 128=1000, 121=1000, 302=1000, 301=1000, 122=1000, 304=1000, 123=1000, 303=1000, 124=1000, 306=1000, 305=1000, 308=1000, 307=1000, 129=1000, 309=1000, 444=1000, 445=1000, 446=1000, 447=1000, 440=1000, 441=1000, 442=1000, 443=1000, 120=1000, 448=1000, 449=1000, 134=1000, 135=1000, 132=1000, 133=1000, 138=1000, 139=1000, 136=1000, 137=1000, 450=1000, 453=1000, 454=1000, 451=1000, 452=1000, 457=1000, 458=1000, 455=1000, 456=1000, 459=1000, 131=1000, 130=1000, 143=1000, 144=1000, 145=1000, 146=1000, 147=1000, 148=1000, 149=1000, 461=1000, 460=1000, 462=1000, 463=1000, 464=1000, 465=1000, 466=1000, 467=1000, 468=1000, 469=1000, 140=1000, 142=1000, 141=1000, 195=1000, 194=1000, 197=1000, 196=1000, 191=1000, 190=1000, 193=1000, 192=1000, 198=1000, 199=1000, 500=1000, 35=1000, 36=1000, 33=1000, 34=1000, 39=1000, 37=1000, 38=1000, 43=1000, 42=1000, 41=1000, 40=1000, 22=1000, 23=1000, 24=1000, 25=1000, 26=1000, 27=1000, 28=1000, 29=1000, 30=1000, 32=1000, 31=1000, 19=1000, 17=1000, 18=1000, 15=1000, 16=1000, 13=1000, 14=1000, 11=1000, 12=1000, 21=1000, 20=1000, 10=1000, 79=1000, 78=1000, 77=1000, 82=1000, 83=1000, 80=1000, 81=1000, 86=1000, 87=1000, 84=1000, 85=1000, 67=1000, 66=1000, 69=1000, 68=1000, 70=1000, 71=1000, 72=1000, 73=1000, 74=1000, 75=1000, 76=1000, 59=1000, 58=1000, 57=1000, 56=1000, 55=1000, 64=1000, 65=1000, 62=1000, 63=1000, 60=1000, 61=1000, 49=1000, 48=1000, 45=1000, 44=1000, 47=1000, 46=1000, 51=1000, 52=1000, 53=1000, 54=1000, 50=1000, 281=1000, 487=1000, 280=1000, 486=1000, 485=1000, 484=1000, 285=1000, 284=1000, 489=1000, 283=1000, 488=1000, 282=1000, 288=1000, 289=1000, 286=1000, 287=1000, 482=1000, 483=1000, 480=1000, 481=1000, 474=1000, 473=1000, 270=1000, 476=1000, 475=1000, 272=1000, 478=1000, 271=1000, 477=1000, 274=1000, 479=1000, 273=1000, 275=1000, 276=1000, 277=1000, 278=1000, 279=1000, 470=1000, 471=1000, 472=1000, 109=1000, 108=1000, 107=1000, 106=1000, 105=1000, 104=1000, 103=1000, 102=1000, 99=1000, 101=1000, 100=1000, 98=1000, 97=1000, 391=1000, 96=1000, 390=1000, 95=1000, 393=1000, 94=1000, 93=1000, 392=1000, 395=1000, 92=1000, 91=1000, 394=1000, 294=1000, 90=1000, 499=1000, 293=1000, 296=1000, 295=1000, 290=1000, 496=1000, 495=1000, 498=1000, 292=1000, 291=1000, 497=1000, 491=1000, 492=1000, 493=1000, 494=1000, 297=1000, 298=1000, 299=1000, 490=1000, 396=1000, 397=1000, 398=1000, 399=1000, 88=1000, 89=1000, 240=1000, 241=1000, 383=1000, 384=1000, 381=1000, 382=1000, 380=1000, 389=1000, 388=1000, 387=1000, 386=1000, 385=1000, 245=1000, 244=1000, 243=1000, 242=1000, 249=1000, 248=1000, 247=1000, 246=1000, 230=1000, 370=1000, 371=1000, 372=1000, 373=1000, 379=1000, 239=1000, 378=1000, 375=1000, 374=1000, 377=1000, 376=1000, 232=1000, 231=1000, 234=1000, 233=1000, 236=1000, 235=1000, 238=1000, 237=1000, 262=1000, 263=1000, 260=1000, 261=1000, 361=1000, 362=1000, 360=1000, 366=1000, 365=1000, 364=1000, 363=1000, 369=1000, 368=1000, 367=1000, 269=1000, 268=1000, 267=1000, 266=1000, 265=1000, 264=1000, 250=1000, 251=1000, 252=1000, 350=1000, 351=1000, 353=1000, 352=1000, 355=1000, 354=1000, 357=1000, 356=1000, 359=1000, 358=1000, 258=1000, 257=1000, 259=1000, 254=1000, 253=1000, 256=1000, 255=1000}
Number of gene trees: 1000
0 trees have missing taxa
Calculating quartet distance matrix (for completion of X)
Species tree distances calculated ...
Building set of clusters (X) from gene trees 
Using tree-based weight calculation.
Number of Default Clusters: 99967
Number of quartet trees in the gene trees: 2593738216620
calculating extra bipartitions to be added at level 1 ...
Number of Clusters after addition by distance: 99971
Adding to X using resolutions of greedy consensus ...
Threshold 0.0:
polytomy of size 3; rounds with additions with at least 0.01 support: 2; clusters: 99977
Threshold 0.01:
polytomy of size 7; rounds with additions with at least 0.01 support: 6; clusters: 100065
Threshold 0.02:
polytomy of size 9; rounds with additions with at least 0.01 support: 25; clusters: 100201
Threshold 0.05:
polytomy of size 3; rounds with additions with at least 0.01 support: 0; clusters: 100201
polytomy of size 3; rounds with additions with at least 0.01 support: 0; clusters: 100201
polytomy of size 13; rounds with additions with at least 0.01 support: 0; clusters: 100205
Threshold 0.1:
polytomy of size 4; rounds with additions with at least 0.01 support: 0; clusters: 100205
polytomy of size 4; rounds with additions with at least 0.01 support: 0; clusters: 100205
polytomy of size 3; rounds with additions with at least 0.01 support: 0; clusters: 100205
polytomy of size 19; rounds with additions with at least 0.01 support: 0; clusters: 100205
Threshold 0.2:
polytomy of size 5; rounds with additions with at least 0.01 support: 0; clusters: 100205
polytomy of size 4; rounds with additions with at least 0.01 support: 0; clusters: 100205
polytomy of size 4; rounds with additions with at least 0.01 support: 0; clusters: 100205
polytomy of size 3; rounds with additions with at least 0.01 support: 0; clusters: 100205
polytomy of size 3; rounds with additions with at least 0.01 support: 0; clusters: 100205
polytomy of size 4; rounds with additions with at least 0.01 support: 0; clusters: 100205
polytomy of size 3; rounds with additions with at least 0.01 support: 0; clusters: 100205
polytomy of size 6; rounds with additions with at least 0.01 support: 0; clusters: 100205
polytomy of size 3; rounds with additions with at least 0.01 support: 0; clusters: 100205
polytomy of size 4; rounds with additions with at least 0.01 support: 0; clusters: 100205
polytomy of size 5; rounds with additions with at least 0.01 support: 0; clusters: 100205
polytomy of size 3; rounds with additions with at least 0.01 support: 0; clusters: 100205
polytomy of size 23; rounds with additions with at least 0.01 support: 0; clusters: 100211
polytomy of size 3; rounds with additions with at least 0.01 support: 0; clusters: 100211
polytomy of size 4; rounds with additions with at least 0.01 support: 0; clusters: 100211
polytomy of size 3; rounds with additions with at least 0.01 support: 0; clusters: 100211
Threshold 0.3333333333333333:
polytomy of size 3; rounds with additions with at least 0.01 support: 0; clusters: 100211
polytomy of size 3; rounds with additions with at least 0.01 support: 0; clusters: 100211
polytomy of size 3; rounds with additions with at least 0.01 support: 0; clusters: 100211
polytomy of size 5; rounds with additions with at least 0.01 support: 0; clusters: 100211
polytomy of size 4; rounds with additions with at least 0.01 support: 0; clusters: 100211
polytomy of size 4; rounds with additions with at least 0.01 support: 0; clusters: 100211
polytomy of size 3; rounds with additions with at least 0.01 support: 0; clusters: 100211
polytomy of size 3; rounds with additions with at least 0.01 support: 0; clusters: 100211
polytomy of size 4; rounds with additions with at least 0.01 support: 0; clusters: 100211
polytomy of size 6; rounds with additions with at least 0.01 support: 0; clusters: 100211
polytomy of size 3; rounds with additions with at least 0.01 support: 0; clusters: 100211
polytomy of size 3; rounds with additions with at least 0.01 support: 0; clusters: 100211
polytomy of size 3; rounds with additions with at least 0.01 support: 0; clusters: 100211
polytomy of size 4; rounds with additions with at least 0.01 support: 0; clusters: 100211
polytomy of size 6; rounds with additions with at least 0.01 support: 0; clusters: 100211
polytomy of size 3; rounds with additions with at least 0.01 support: 0; clusters: 100211
polytomy of size 3; rounds with additions with at least 0.01 support: 0; clusters: 100211
polytomy of size 6; rounds with additions with at least 0.01 support: 0; clusters: 100211
polytomy of size 6; rounds with additions with at least 0.01 support: 0; clusters: 100211
polytomy of size 4; rounds with additions with at least 0.01 support: 0; clusters: 100211
polytomy of size 4; rounds with additions with at least 0.01 support: 0; clusters: 100211
polytomy of size 4; rounds with additions with at least 0.01 support: 0; clusters: 100211
polytomy of size 3; rounds with additions with at least 0.01 support: 0; clusters: 100211
polytomy of size 3; rounds with additions with at least 0.01 support: 0; clusters: 100211
polytomy of size 3; rounds with additions with at least 0.01 support: 0; clusters: 100211
polytomy of size 4; rounds with additions with at least 0.01 support: 0; clusters: 100211
polytomy of size 3; rounds with additions with at least 0.01 support: 0; clusters: 100211
polytomy of size 3; rounds with additions with at least 0.01 support: 0; clusters: 100211
polytomy of size 3; rounds with additions with at least 0.01 support: 0; clusters: 100211
polytomy of size 4; rounds with additions with at least 0.01 support: 0; clusters: 100211
polytomy of size 3; rounds with additions with at least 0.01 support: 0; clusters: 100211
polytomy of size 4; rounds with additions with at least 0.01 support: 0; clusters: 100211
polytomy of size 6; rounds with additions with at least 0.01 support: 0; clusters: 100211
polytomy of size 4; rounds with additions with at least 0.01 support: 0; clusters: 100211
polytomy of size 3; rounds with additions with at least 0.01 support: 0; clusters: 100211
polytomy of size 7; rounds with additions with at least 0.01 support: 0; clusters: 100211
polytomy of size 37; rounds with additions with at least 0.01 support: 0; clusters: 103637
polytomy of size 4; rounds with additions with at least 0.01 support: 0; clusters: 103637
Number of Clusters after addition by greedy: 103637
partitions formed in 155.912 secs
Dynamic Programming starting after 155.912 secs
Size of largest cluster: 501
Size of largest cluster: 501
Total Number of elements weighted: 316359
Normalized score (portion of input quartet trees satisfied): NaN
Final optimization score: 0
Calculated 100000 weights; time (seconds): 219
Calculated 200000 weights; time (seconds): 60
Calculated 300000 weights; time (seconds): 64
Total Number of elements weighted: 316359
Normalized score (portion of input quartet trees satisfied): 0.6008020554825733
Final optimization score: 1558323251929
Optimal tree inferred in 360.465 secs.
(191,(492,(((273,88),(390,((76,446),(438,47)))),(((325,((210,315),((463,(55,439)),((468,319),(464,82))))),(((126,(340,(407,415))),((177,(32,(322,408))),((135,(348,25)),(102,(178,(473,386)))))),((22,487),((412,(440,17)),(((58,343),(180,(380,(152,281)))),(432,(445,(304,(268,(143,(46,77))))))))))),((200,288),((327,(465,(303,61))),((((398,(360,(50,155))),((260,195),(138,(266,(142,203))))),((21,(206,((51,79),(121,(475,202))))),(((220,251),((294,444),(5,224))),((90,(63,(7,236))),(53,((151,364),(346,363))))))),(((172,(252,234)),((230,((188,45),(241,(130,(480,57))))),(((193,425),((43,219),((399,(157,(451,262))),((106,477),(70,(2,174)))))),(((148,217),(429,(350,383))),(41,((161,(452,4)),((424,(168,(65,409))),((311,(293,392)),(176,(318,469)))))))))),(((((35,164),(137,(316,222))),((192,365),(400,(378,(299,(66,(198,64))))))),(((242,292),(((136,112),(358,310)),((69,(381,(499,60))),((12,147),((95,274),(261,(15,382))))))),((((228,(87,108)),(457,((179,324),(275,(370,421))))),((328,((405,199),((269,289),(404,((298,500),(258,455)))))),(254,((183,196),(167,((493,125),((238,430),(379,132)))))))),(((9,442),(474,(227,(285,(99,(356,(323,(159,208)))))))),((284,385),(((113,462),(308,(373,(374,189)))),(((150,(59,276)),(453,(146,(447,394)))),((431,(19,(309,326))),((163,26),(24,(467,372))))))))))),((((497,287),(86,(483,(153,(384,277))))),(((349,(420,233)),((448,((118,158),((185,(119,427)),(75,(110,((470,78),(134,(286,426)))))))),(((186,(160,368)),((458,413),(213,(459,479)))),((215,84),((357,(194,(417,28))),((16,201),((244,(98,334)),(354,(345,478))))))))),((((92,402),(283,(397,(495,29)))),((173,(320,149)),(103,((265,(456,435)),(247,(403,494)))))),(((307,(305,330)),(((94,214),(212,(339,85))),(484,(235,(190,(312,282)))))),(((387,3),((52,(449,(476,13))),(8,((248,436),(302,(454,72)))))),((461,(23,129)),(96,(253,((6,(257,(388,107))),(14,(297,(352,(270,466))))))))))))),(0,(((114,(237,(377,((342,(243,(401,(471,11)))),(300,(156,(34,(414,123)))))))),(((218,31),((496,396),(231,1))),(((165,391),(351,(406,(481,341)))),((111,(207,433)),((105,223),(81,49)))))),((((441,(249,38)),((256,246),(353,486))),((71,437),((225,(419,(314,89))),((255,(44,((83,169),(329,332)))),(321,((472,(422,239)),(37,((127,(259,395)),(488,(139,485)))))))))),((((205,(313,(145,489))),((306,100),(68,(423,42)))),(((347,(416,20)),((389,291),(271,(331,376)))),(((124,(209,182)),((498,(369,62)),((154,366),((166,(27,428)),(144,(491,(245,(184,359)))))))),((97,(39,(250,(80,(54,(122,18)))))),(91,((117,(333,(93,170))),((101,(36,367)),((296,56),(240,(141,115)))))))))),((((418,335),(434,((355,279),((337,221),(280,(216,460)))))),(((171,116),((104,375),(362,162))),((371,(272,(128,290))),((317,(361,(131,226))),((181,229),(267,482)))))),(((40,(197,(443,393))),(33,(336,(10,(263,338))))),((264,(301,(232,(30,74)))),((295,211),(((120,73),(133,(140,278))),(411,((109,(67,175)),((204,(490,450)),(187,(344,(410,48)))))))))))))))))))))))));
Quartet score is: 1558323251929
Normalized quartet score is: 0.6008020554825733
ASTRAL finished in 414.092 secs
