
================== ASTRAL ===================== 

This is ASTRAL version 4.10.8
Gene trees are treated as unrooted
1000 trees read from model.200.2000000.0.000001/07/estimatedgenetre.halfresolved
All outputted trees will be *arbitrarily* rooted at 12

======== Running the main analysis
Number of taxa: 201 (201 species)
Taxa: [12, 162, 58, 152, 32, 44, 24, 90, 113, 151, 61, 168, 1, 20, 182, 148, 135, 101, 11, 77, 153, 99, 50, 53, 10, 161, 39, 122, 23, 120, 5, 7, 154, 18, 163, 55, 0, 29, 108, 134, 133, 91, 184, 130, 2, 176, 87, 137, 26, 194, 103, 6, 190, 66, 169, 118, 132, 112, 78, 27, 127, 81, 165, 62, 177, 187, 22, 56, 174, 172, 181, 82, 109, 155, 3, 125, 189, 75, 80, 25, 93, 42, 63, 160, 79, 71, 30, 17, 86, 180, 173, 140, 186, 21, 143, 15, 157, 89, 199, 94, 196, 13, 48, 188, 9, 197, 70, 85, 83, 183, 128, 34, 123, 43, 100, 28, 68, 121, 146, 141, 33, 104, 74, 54, 38, 92, 96, 76, 116, 4, 115, 14, 178, 145, 40, 52, 149, 192, 67, 65, 170, 150, 136, 193, 175, 102, 167, 139, 200, 117, 59, 191, 138, 166, 111, 158, 95, 126, 105, 88, 164, 159, 106, 51, 107, 119, 45, 64, 179, 37, 60, 84, 110, 198, 185, 47, 36, 49, 69, 131, 57, 147, 171, 156, 129, 19, 195, 16, 142, 8, 97, 114, 46, 73, 31, 124, 98, 35, 72, 41, 144]
Taxon occupancy: {35=1000, 36=1000, 33=1000, 159=1000, 34=1000, 158=1000, 39=1000, 157=1000, 156=1000, 155=1000, 37=1000, 154=1000, 38=1000, 152=1000, 153=1000, 150=1000, 151=1000, 43=1000, 42=1000, 41=1000, 40=1000, 200=1000, 22=1000, 169=1000, 23=1000, 24=1000, 25=1000, 26=1000, 166=1000, 165=1000, 27=1000, 168=1000, 28=1000, 29=1000, 167=1000, 3=1000, 161=1000, 162=1000, 2=1000, 1=1000, 163=1000, 0=1000, 164=1000, 30=1000, 7=1000, 6=1000, 32=1000, 5=1000, 31=1000, 160=1000, 4=1000, 9=1000, 8=1000, 19=1000, 17=1000, 179=1000, 18=1000, 178=1000, 15=1000, 177=1000, 176=1000, 16=1000, 13=1000, 14=1000, 11=1000, 12=1000, 21=1000, 170=1000, 20=1000, 171=1000, 174=1000, 175=1000, 172=1000, 173=1000, 188=1000, 187=1000, 189=1000, 180=1000, 181=1000, 10=1000, 182=1000, 183=1000, 184=1000, 185=1000, 186=1000, 116=1000, 79=1000, 117=1000, 78=1000, 114=1000, 77=1000, 115=1000, 112=1000, 113=1000, 110=1000, 111=1000, 118=1000, 119=1000, 82=1000, 83=1000, 80=1000, 81=1000, 86=1000, 87=1000, 84=1000, 85=1000, 125=1000, 67=1000, 66=1000, 126=1000, 127=1000, 69=1000, 128=1000, 68=1000, 121=1000, 122=1000, 123=1000, 124=1000, 129=1000, 70=1000, 71=1000, 120=1000, 72=1000, 73=1000, 74=1000, 75=1000, 76=1000, 134=1000, 135=1000, 132=1000, 133=1000, 59=1000, 58=1000, 138=1000, 139=1000, 57=1000, 56=1000, 136=1000, 55=1000, 137=1000, 64=1000, 65=1000, 62=1000, 63=1000, 60=1000, 131=1000, 61=1000, 130=1000, 143=1000, 49=1000, 144=1000, 48=1000, 145=1000, 146=1000, 45=1000, 147=1000, 148=1000, 44=1000, 149=1000, 47=1000, 46=1000, 51=1000, 52=1000, 53=1000, 54=1000, 140=1000, 142=1000, 50=1000, 141=1000, 109=1000, 108=1000, 107=1000, 106=1000, 105=1000, 104=1000, 103=1000, 99=1000, 102=1000, 101=1000, 100=1000, 98=1000, 97=1000, 96=1000, 95=1000, 94=1000, 93=1000, 92=1000, 91=1000, 90=1000, 88=1000, 89=1000, 195=1000, 194=1000, 197=1000, 196=1000, 191=1000, 190=1000, 193=1000, 192=1000, 198=1000, 199=1000}
Number of gene trees: 1000
0 trees have missing taxa
Calculating quartet distance matrix (for completion of X)
Species tree distances calculated ...
Building set of clusters (X) from gene trees 
Using tree-based weight calculation.
Number of Default Clusters: 41311
Number of quartet trees in the gene trees: 65998348023
calculating extra bipartitions to be added at level 1 ...
Number of Clusters after addition by distance: 41311
Adding to X using resolutions of greedy consensus ...
Threshold 0.0:
Threshold 0.01:
polytomy of size 3; rounds with additions with at least 0.01 support: 0; clusters: 41311
Threshold 0.02:
polytomy of size 4; rounds with additions with at least 0.01 support: 0; clusters: 41313
Threshold 0.05:
polytomy of size 3; rounds with additions with at least 0.01 support: 0; clusters: 41313
polytomy of size 6; rounds with additions with at least 0.01 support: 0; clusters: 41313
Threshold 0.1:
polytomy of size 3; rounds with additions with at least 0.01 support: 0; clusters: 41313
polytomy of size 3; rounds with additions with at least 0.01 support: 0; clusters: 41313
polytomy of size 8; rounds with additions with at least 0.01 support: 0; clusters: 41313
Threshold 0.2:
polytomy of size 4; rounds with additions with at least 0.01 support: 0; clusters: 41313
polytomy of size 4; rounds with additions with at least 0.01 support: 0; clusters: 41313
polytomy of size 4; rounds with additions with at least 0.01 support: 0; clusters: 41313
polytomy of size 3; rounds with additions with at least 0.01 support: 0; clusters: 41313
polytomy of size 3; rounds with additions with at least 0.01 support: 0; clusters: 41313
polytomy of size 16; rounds with additions with at least 0.01 support: 0; clusters: 41313
Threshold 0.3333333333333333:
polytomy of size 3; rounds with additions with at least 0.01 support: 0; clusters: 41313
polytomy of size 3; rounds with additions with at least 0.01 support: 0; clusters: 41313
polytomy of size 3; rounds with additions with at least 0.01 support: 0; clusters: 41313
polytomy of size 4; rounds with additions with at least 0.01 support: 0; clusters: 41313
polytomy of size 4; rounds with additions with at least 0.01 support: 0; clusters: 41313
polytomy of size 4; rounds with additions with at least 0.01 support: 0; clusters: 41313
polytomy of size 3; rounds with additions with at least 0.01 support: 0; clusters: 41313
polytomy of size 3; rounds with additions with at least 0.01 support: 0; clusters: 41313
polytomy of size 5; rounds with additions with at least 0.01 support: 0; clusters: 41313
polytomy of size 3; rounds with additions with at least 0.01 support: 0; clusters: 41313
polytomy of size 4; rounds with additions with at least 0.01 support: 0; clusters: 41313
polytomy of size 3; rounds with additions with at least 0.01 support: 0; clusters: 41313
polytomy of size 3; rounds with additions with at least 0.01 support: 0; clusters: 41313
polytomy of size 5; rounds with additions with at least 0.01 support: 0; clusters: 41313
polytomy of size 25; rounds with additions with at least 0.01 support: 0; clusters: 41779
Number of Clusters after addition by greedy: 41779
partitions formed in 23.49 secs
Dynamic Programming starting after 23.49 secs
Size of largest cluster: 201
Size of largest cluster: 201
Total Number of elements weighted: 150486
Normalized score (portion of input quartet trees satisfied): NaN
Final optimization score: 0
Calculated 100000 weights; time (seconds): 45
Total Number of elements weighted: 150486
Normalized score (portion of input quartet trees satisfied): 0.7105923400333654
Final optimization score: 46897920560
Optimal tree inferred in 57.668 secs.
(12,((162,58),((122,(161,39)),(10,(((182,((24,90),(44,(152,32)))),(113,((168,20),(1,(151,61))))),(((50,(153,99)),((101,11),(77,(148,135)))),((((144,(72,41)),((29,108),(91,(184,(133,(134,(130,2))))))),((197,(70,85)),(((96,(4,(76,116))),(94,(196,((188,9),(13,48))))),(((166,111),((55,(158,95)),(35,((126,105),((164,(88,159)),((107,119),(106,51))))))),(18,((156,(46,((73,31),(124,98)))),(((131,57),(114,((129,19),(16,(195,(142,(8,97))))))),(163,((36,49),(69,((147,171),((45,47),((84,(110,198)),(185,((64,60),(179,37)))))))))))))))),((0,((183,128),(87,((83,34),((165,(137,26)),(((127,81),(112,(78,27))),((194,103),((66,169),((6,190),(118,132)))))))))),(((199,(157,89)),((176,((181,(82,109)),(155,((56,(174,172)),((187,22),(62,177)))))),((((71,30),(3,125)),((160,79),(63,((25,93),(80,42))))),((75,(180,(17,86))),(189,((143,15),((173,140),(186,21)))))))),(((74,54),(38,92)),((((170,150),((136,193),(175,((139,200),(102,167))))),(((52,149),(192,(67,65))),(115,((145,40),(14,178))))),(((117,59),(191,138)),(((123,(43,100)),(141,(33,104))),(((5,154),(120,(23,7))),(53,(121,(146,(28,68))))))))))))))))));
Quartet score is: 46897920560
Normalized quartet score is: 0.7105923400333654
ASTRAL finished in 67.814 secs
