
================== ASTRAL ===================== 

This is ASTRAL version 4.10.8
Gene trees are treated as unrooted
973 trees read from model.200.2000000.0.0000001/18/estimatedgenetre.halfresolved
All outputted trees will be *arbitrarily* rooted at 85

======== Running the main analysis
Number of taxa: 201 (201 species)
Taxa: [85, 178, 16, 71, 132, 0, 156, 27, 36, 169, 116, 193, 43, 129, 81, 167, 125, 158, 197, 140, 60, 76, 96, 51, 151, 114, 133, 109, 108, 99, 134, 113, 41, 1, 7, 142, 26, 30, 119, 196, 47, 149, 37, 155, 28, 82, 25, 200, 80, 183, 104, 91, 141, 48, 83, 170, 86, 150, 32, 98, 22, 6, 52, 137, 157, 24, 67, 2, 175, 120, 160, 21, 89, 88, 38, 186, 107, 90, 195, 128, 174, 101, 103, 93, 182, 153, 58, 23, 184, 147, 74, 42, 92, 148, 105, 5, 34, 3, 15, 29, 164, 61, 192, 180, 100, 188, 172, 102, 189, 31, 194, 10, 17, 191, 166, 198, 176, 57, 13, 163, 19, 185, 65, 50, 177, 11, 161, 54, 20, 14, 33, 77, 154, 171, 95, 106, 173, 152, 112, 53, 46, 115, 35, 12, 79, 187, 124, 181, 131, 111, 139, 75, 135, 143, 146, 73, 63, 66, 72, 97, 59, 62, 162, 4, 138, 117, 190, 9, 118, 87, 44, 123, 136, 56, 94, 39, 159, 165, 8, 70, 199, 121, 40, 122, 78, 68, 168, 69, 45, 84, 110, 130, 18, 126, 144, 49, 179, 145, 55, 127, 64]
Taxon occupancy: {35=973, 36=973, 33=973, 159=973, 158=973, 34=973, 157=973, 39=973, 156=973, 37=973, 155=973, 38=973, 154=973, 152=973, 153=973, 150=973, 151=973, 43=973, 42=973, 41=973, 40=973, 200=973, 22=973, 23=973, 169=973, 24=973, 25=973, 26=973, 166=973, 27=973, 165=973, 28=973, 168=973, 167=973, 29=973, 3=973, 161=973, 2=973, 162=973, 1=973, 163=973, 0=973, 164=973, 7=973, 30=973, 6=973, 5=973, 32=973, 160=973, 31=973, 4=973, 9=973, 8=973, 19=973, 179=973, 17=973, 18=973, 178=973, 15=973, 177=973, 16=973, 176=973, 13=973, 14=973, 11=973, 12=973, 21=973, 170=973, 20=973, 171=973, 174=973, 175=973, 172=973, 173=973, 188=973, 187=973, 189=973, 180=973, 10=973, 181=973, 182=973, 183=973, 184=973, 185=973, 186=973, 116=973, 79=973, 117=973, 114=973, 78=973, 77=973, 115=973, 112=973, 113=973, 110=973, 111=973, 118=973, 119=973, 82=973, 83=973, 80=973, 81=973, 86=973, 87=973, 84=973, 85=973, 67=973, 125=973, 126=973, 66=973, 127=973, 69=973, 128=973, 68=973, 121=973, 122=973, 123=973, 124=973, 129=973, 70=973, 120=973, 71=973, 72=973, 73=973, 74=973, 75=973, 76=973, 134=973, 135=973, 132=973, 133=973, 59=973, 58=973, 138=973, 57=973, 139=973, 136=973, 56=973, 55=973, 137=973, 64=973, 65=973, 62=973, 63=973, 60=973, 131=973, 61=973, 130=973, 49=973, 143=973, 144=973, 48=973, 145=973, 146=973, 147=973, 45=973, 148=973, 44=973, 47=973, 149=973, 46=973, 51=973, 52=973, 53=973, 54=973, 140=973, 142=973, 141=973, 50=973, 109=973, 108=973, 107=973, 106=973, 105=973, 104=973, 103=973, 99=973, 102=973, 101=973, 100=973, 98=973, 97=973, 96=973, 95=973, 94=973, 93=973, 92=973, 91=973, 90=973, 88=973, 89=973, 195=973, 194=973, 197=973, 196=973, 191=973, 190=973, 193=973, 192=973, 198=973, 199=973}
Number of gene trees: 973
0 trees have missing taxa
Calculating quartet distance matrix (for completion of X)
Species tree distances calculated ...
Building set of clusters (X) from gene trees 
Using tree-based weight calculation.
Number of Default Clusters: 61837
Number of quartet trees in the gene trees: 64147375326
calculating extra bipartitions to be added at level 1 ...
Number of Clusters after addition by distance: 61837
Adding to X using resolutions of greedy consensus ...
Threshold 0.0:
Threshold 0.01:
polytomy of size 5; rounds with additions with at least 0.01 support: 0; clusters: 61843
Threshold 0.02:
polytomy of size 8; rounds with additions with at least 0.01 support: 0; clusters: 61883
Threshold 0.05:
polytomy of size 11; rounds with additions with at least 0.01 support: 4; clusters: 61907
Threshold 0.1:
polytomy of size 13; rounds with additions with at least 0.01 support: 0; clusters: 61907
Threshold 0.2:
polytomy of size 3; rounds with additions with at least 0.01 support: 0; clusters: 61907
polytomy of size 3; rounds with additions with at least 0.01 support: 0; clusters: 61907
polytomy of size 3; rounds with additions with at least 0.01 support: 0; clusters: 61907
polytomy of size 3; rounds with additions with at least 0.01 support: 0; clusters: 61907
polytomy of size 3; rounds with additions with at least 0.01 support: 0; clusters: 61907
polytomy of size 19; rounds with additions with at least 0.01 support: 0; clusters: 61907
Threshold 0.3333333333333333:
polytomy of size 4; rounds with additions with at least 0.01 support: 0; clusters: 61907
polytomy of size 3; rounds with additions with at least 0.01 support: 0; clusters: 61907
polytomy of size 3; rounds with additions with at least 0.01 support: 0; clusters: 61907
polytomy of size 4; rounds with additions with at least 0.01 support: 0; clusters: 61907
polytomy of size 3; rounds with additions with at least 0.01 support: 0; clusters: 61907
polytomy of size 3; rounds with additions with at least 0.01 support: 0; clusters: 61907
polytomy of size 3; rounds with additions with at least 0.01 support: 0; clusters: 61907
polytomy of size 3; rounds with additions with at least 0.01 support: 0; clusters: 61907
polytomy of size 4; rounds with additions with at least 0.01 support: 0; clusters: 61907
polytomy of size 31; rounds with additions with at least 0.01 support: 0; clusters: 63459
Number of Clusters after addition by greedy: 63459
partitions formed in 31.149 secs
Dynamic Programming starting after 31.149 secs
Size of largest cluster: 201
Size of largest cluster: 201
Total Number of elements weighted: 138852
Normalized score (portion of input quartet trees satisfied): NaN
Final optimization score: 0
Calculated 100000 weights; time (seconds): 60
Total Number of elements weighted: 138852
Normalized score (portion of input quartet trees satisfied): 0.6018786061594504
Final optimization score: 38608932850
Optimal tree inferred in 75.077 secs.
(85,((((18,126),((87,(44,123)),(118,(136,56)))),((127,64),(55,((179,145),((159,165),((144,49),(94,39))))))),((((168,69),(110,130)),(84,(45,(68,(40,78))))),(122,(((178,(132,(16,71))),(199,(121,(8,70)))),((((143,(146,(73,63))),(35,(187,(124,(12,79))))),((162,4),(((138,117),(135,(190,9))),((59,62),(66,(72,97)))))),(((((46,115),((181,(131,111)),(154,(171,95)))),(((106,173),(152,(112,53))),((150,(32,(98,22))),((170,(83,86)),(48,(139,75)))))),(0,((52,(((7,6),(142,26)),((30,119),(1,(196,(149,(47,(155,(37,28))))))))),((82,(99,(134,(113,41)))),(((183,104),((91,141),(80,(25,200)))),((24,(137,157)),(160,(120,(67,(2,175)))))))))),((((177,11),(164,((161,54),(20,(14,(33,77)))))),(((36,169),(116,(193,(43,129)))),(156,((191,(65,50)),((176,(166,198)),((57,185),(13,(163,19)))))))),((((96,51),(151,((109,108),(114,133)))),((60,76),(153,(147,(58,(23,184)))))),((21,(89,(88,38))),((((192,180),(61,(100,188))),((189,(31,(27,(172,102)))),(125,((194,(10,17)),((81,167),(158,(197,140))))))),(((3,(15,29)),((74,148),(42,(92,105)))),((5,34),((93,182),((186,(107,(90,195))),(128,(174,(101,103))))))))))))))))));
Quartet score is: 38608932850
Normalized quartet score is: 0.6018786061594504
ASTRAL finished in 88.853 secs
