
================== ASTRAL ===================== 

This is ASTRAL version 4.10.10
Gene trees are treated as unrooted
1000 trees read from ASTRALDATA/model.200.2000000.0.000001/13/estimatedgenetre.halfresolved
All output trees will be *arbitrarily* rooted at 131

======== Running the main analysis
Number of taxa: 201 (201 species)
Taxa: [131, 161, 154, 143, 25, 147, 45, 30, 112, 173, 110, 195, 46, 59, 178, 135, 70, 31, 43, 5, 56, 170, 21, 80, 152, 33, 174, 14, 42, 107, 188, 185, 97, 47, 74, 158, 23, 20, 132, 15, 88, 168, 141, 109, 175, 75, 163, 114, 38, 136, 160, 172, 117, 4, 8, 54, 129, 98, 186, 184, 92, 124, 72, 28, 130, 194, 83, 169, 196, 128, 40, 197, 17, 119, 82, 198, 48, 149, 0, 101, 139, 78, 60, 179, 86, 10, 22, 182, 111, 64, 35, 53, 187, 76, 55, 19, 96, 140, 103, 181, 153, 190, 199, 99, 89, 100, 106, 165, 104, 52, 164, 115, 94, 27, 1, 34, 145, 51, 162, 156, 3, 144, 142, 191, 79, 73, 39, 127, 116, 155, 29, 133, 9, 120, 36, 6, 108, 113, 61, 180, 122, 167, 66, 159, 118, 176, 200, 95, 58, 91, 16, 26, 93, 69, 7, 13, 193, 50, 146, 63, 2, 44, 71, 62, 87, 105, 157, 121, 77, 151, 138, 166, 57, 189, 12, 137, 150, 84, 123, 37, 126, 148, 11, 177, 49, 65, 90, 125, 85, 171, 183, 67, 102, 41, 134, 192, 24, 68, 32, 18, 81]
Taxon occupancy: {35=1000, 36=1000, 33=1000, 159=1000, 158=1000, 34=1000, 39=1000, 157=1000, 156=1000, 155=1000, 37=1000, 38=1000, 154=1000, 152=1000, 153=1000, 150=1000, 151=1000, 43=1000, 42=1000, 41=1000, 40=1000, 200=1000, 22=1000, 169=1000, 23=1000, 24=1000, 25=1000, 26=1000, 166=1000, 165=1000, 27=1000, 28=1000, 168=1000, 29=1000, 167=1000, 161=1000, 3=1000, 162=1000, 2=1000, 163=1000, 1=1000, 0=1000, 164=1000, 30=1000, 7=1000, 6=1000, 32=1000, 5=1000, 4=1000, 160=1000, 31=1000, 9=1000, 8=1000, 19=1000, 179=1000, 17=1000, 18=1000, 178=1000, 15=1000, 177=1000, 176=1000, 16=1000, 13=1000, 14=1000, 11=1000, 12=1000, 21=1000, 170=1000, 20=1000, 171=1000, 174=1000, 175=1000, 172=1000, 173=1000, 188=1000, 187=1000, 189=1000, 180=1000, 10=1000, 181=1000, 182=1000, 183=1000, 184=1000, 185=1000, 186=1000, 116=1000, 117=1000, 79=1000, 78=1000, 114=1000, 115=1000, 77=1000, 112=1000, 113=1000, 110=1000, 111=1000, 118=1000, 119=1000, 82=1000, 83=1000, 80=1000, 81=1000, 86=1000, 87=1000, 84=1000, 85=1000, 125=1000, 67=1000, 66=1000, 126=1000, 127=1000, 69=1000, 68=1000, 128=1000, 121=1000, 122=1000, 123=1000, 124=1000, 129=1000, 70=1000, 120=1000, 71=1000, 72=1000, 73=1000, 74=1000, 75=1000, 76=1000, 134=1000, 135=1000, 132=1000, 59=1000, 133=1000, 58=1000, 138=1000, 139=1000, 57=1000, 136=1000, 56=1000, 55=1000, 137=1000, 64=1000, 65=1000, 62=1000, 63=1000, 60=1000, 131=1000, 130=1000, 61=1000, 143=1000, 49=1000, 48=1000, 144=1000, 145=1000, 146=1000, 147=1000, 45=1000, 44=1000, 148=1000, 149=1000, 47=1000, 46=1000, 51=1000, 52=1000, 53=1000, 54=1000, 140=1000, 142=1000, 141=1000, 50=1000, 109=1000, 108=1000, 107=1000, 106=1000, 105=1000, 104=1000, 103=1000, 102=1000, 99=1000, 101=1000, 100=1000, 98=1000, 97=1000, 96=1000, 95=1000, 94=1000, 93=1000, 92=1000, 91=1000, 90=1000, 88=1000, 89=1000, 195=1000, 194=1000, 197=1000, 196=1000, 191=1000, 190=1000, 193=1000, 192=1000, 198=1000, 199=1000}
Number of gene trees: 1000
0 trees have missing taxa
Calculating quartet distance matrix (for completion of X)
Species tree distances calculated ...
Building set of clusters (X) from gene trees 
Using tree-based weight calculation.
Number of Default Clusters: 38867
Number of quartet trees in the gene trees: 65998350000
calculating extra bipartitions to be added at level 1 ...
Number of Clusters after addition by distance: 38867
Adding to X using resolutions of greedy consensus ...
Threshold 0.0:
Threshold 0.01:
Threshold 0.02:
polytomy of size 3; rounds with additions with at least 0.01 support: 0; clusters: 38867
Threshold 0.05:
polytomy of size 3; rounds with additions with at least 0.01 support: 0; clusters: 38867
polytomy of size 4; rounds with additions with at least 0.01 support: 0; clusters: 38867
Threshold 0.1:
polytomy of size 12; rounds with additions with at least 0.01 support: 0; clusters: 38867
Threshold 0.2:
polytomy of size 3; rounds with additions with at least 0.01 support: 0; clusters: 38867
polytomy of size 3; rounds with additions with at least 0.01 support: 0; clusters: 38867
polytomy of size 16; rounds with additions with at least 0.01 support: 0; clusters: 38867
Threshold 0.3333333333333333:
polytomy of size 3; rounds with additions with at least 0.01 support: 0; clusters: 38867
polytomy of size 3; rounds with additions with at least 0.01 support: 0; clusters: 38867
polytomy of size 3; rounds with additions with at least 0.01 support: 0; clusters: 38867
polytomy of size 3; rounds with additions with at least 0.01 support: 0; clusters: 38867
polytomy of size 4; rounds with additions with at least 0.01 support: 0; clusters: 38867
polytomy of size 3; rounds with additions with at least 0.01 support: 0; clusters: 38867
polytomy of size 3; rounds with additions with at least 0.01 support: 0; clusters: 38867
polytomy of size 4; rounds with additions with at least 0.01 support: 0; clusters: 38867
polytomy of size 3; rounds with additions with at least 0.01 support: 0; clusters: 38867
polytomy of size 3; rounds with additions with at least 0.01 support: 0; clusters: 38867
polytomy of size 3; rounds with additions with at least 0.01 support: 0; clusters: 38867
polytomy of size 21; rounds with additions with at least 0.01 support: 0; clusters: 39167
polytomy of size 3; rounds with additions with at least 0.01 support: 0; clusters: 39167
Number of Clusters after addition by greedy: 39167
partitions formed in 21.447 secs
Dynamic Programming starting after 21.447 secs
Size of largest cluster: 201
Calculated 100000 weights; time (seconds): 614
Total Number of elements weighted: 134738
Normalized score (portion of input quartet trees satisfied): 0.7134936600536226
Final optimization score: 47089404299
Optimal tree inferred in 825.208 secs.
(55,(76,(187,((((57,189),(138,166)),((62,(87,105)),(151,(77,(157,121))))),(((((68,(192,24)),((134,18),(32,81))),((90,(125,85)),((171,183),(41,(67,102))))),((((101,139),(144,(156,3))),(((182,111),(35,53)),(64,((78,60),(179,(86,(10,22))))))),((193,(63,((50,146),(71,(2,44))))),((148,((150,84),(126,(123,37)))),((142,(191,(79,73))),(12,((116,155),(137,(39,127))))))))),(((149,(194,((72,(28,130)),((98,186),(184,(92,124)))))),(((119,82),(83,(198,48))),((169,196),((197,17),(128,40))))),((((162,((94,(115,27)),((1,34),(181,(153,190))))),(((19,96),(140,103)),((199,(99,89)),((52,164),((106,104),(100,165)))))),(65,(0,(((69,7),(133,((9,(120,36)),((108,113),(29,6))))),(((61,180),((118,176),(159,(66,(122,167))))),((13,(200,95)),(26,(91,(16,(58,93)))))))))),((145,51),((11,(177,49)),(((131,161),((25,(154,143)),(30,(147,45)))),(((4,(23,(20,(132,(15,88))))),(((74,158),(8,(54,129))),((141,(168,109)),(175,((117,(160,172)),(163,((38,136),(75,114)))))))),((110,195),((112,173),(((42,107),(188,(185,(97,47)))),((178,(46,59)),((174,14),(33,(((43,5),(56,170)),((135,(70,31)),(152,(21,80)))))))))))))))))))));
Quartet score is: 47089404299
Normalized quartet score is: 0.7134936600536226
ASTRAL finished in 833.176 secs
