
================== ASTRAL ===================== 

This is ASTRAL version 4.10.7
Gene trees are treated as unrooted
1000 trees read from ASTRALDATA/model.1000.2000000.0.000001/07/estimatedgenetre.halfresolved
All output trees will be *arbitrarily* rooted at 174

======== Running the main analysis
Number of taxa: 1001 (1001 species)
Taxa: [174, 377, 780, 624, 180, 494, 153, 128, 68, 515, 839, 988, 339, 750, 517, 566, 387, 837, 183, 544, 338, 58, 815, 195, 559, 219, 773, 79, 661, 854, 267, 673, 285, 119, 451, 313, 151, 247, 15, 41, 129, 789, 328, 568, 471, 506, 354, 538, 286, 706, 440, 620, 333, 178, 614, 691, 552, 246, 755, 690, 688, 813, 666, 283, 102, 649, 29, 752, 602, 771, 495, 984, 74, 762, 573, 512, 327, 704, 175, 983, 756, 900, 999, 477, 353, 861, 66, 533, 329, 674, 784, 346, 684, 942, 249, 365, 994, 591, 364, 770, 57, 539, 705, 925, 929, 63, 669, 644, 474, 845, 564, 875, 932, 600, 742, 355, 268, 565, 158, 7, 610, 858, 585, 843, 468, 698, 179, 25, 601, 827, 612, 212, 965, 881, 2, 82, 847, 946, 479, 832, 88, 223, 446, 794, 415, 288, 535, 257, 359, 985, 914, 753, 260, 171, 667, 777, 696, 530, 135, 476, 397, 456, 73, 814, 420, 78, 592, 185, 810, 35, 913, 458, 181, 391, 683, 44, 918, 110, 791, 874, 536, 51, 970, 734, 561, 828, 677, 928, 197, 502, 120, 616, 912, 903, 867, 556, 380, 136, 332, 146, 373, 362, 437, 233, 449, 80, 461, 775, 701, 113, 656, 891, 889, 266, 280, 699, 594, 825, 478, 107, 852, 574, 682, 646, 972, 856, 126, 681, 736, 997, 196, 598, 911, 981, 87, 214, 609, 961, 263, 309, 67, 39, 941, 503, 529, 525, 933, 967, 46, 184, 199, 589, 606, 262, 23, 805, 144, 141, 670, 176, 868, 123, 693, 798, 4, 26, 301, 253, 541, 966, 863, 193, 378, 206, 282, 633, 398, 623, 401, 305, 710, 12, 971, 587, 31, 725, 947, 545, 801, 272, 651, 728, 108, 30, 652, 177, 50, 989, 676, 582, 857, 608, 952, 617, 432, 421, 194, 823, 726, 442, 27, 570, 5, 709, 973, 381, 945, 331, 189, 163, 470, 226, 519, 53, 987, 164, 872, 203, 72, 819, 124, 389, 438, 917, 96, 394, 744, 483, 279, 465, 234, 357, 422, 774, 650, 60, 330, 278, 584, 898, 998, 385, 81, 786, 672, 190, 336, 3, 92, 0, 888, 367, 405, 244, 427, 811, 148, 840, 275, 351, 658, 350, 172, 245, 769, 230, 497, 425, 36, 291, 89, 71, 382, 481, 90, 14, 708, 117, 340, 99, 778, 156, 679, 884, 735, 909, 718, 604, 492, 851, 105, 824, 523, 406, 243, 218, 834, 49, 697, 871, 758, 686, 154, 964, 660, 269, 54, 647, 98, 372, 836, 896, 664, 399, 9, 284, 326, 740, 721, 222, 882, 968, 217, 132, 314, 142, 293, 147, 352, 452, 298, 959, 578, 433, 453, 32, 441, 931, 524, 43, 297, 225, 583, 294, 457, 963, 277, 334, 833, 259, 22, 793, 550, 104, 821, 796, 287, 878, 258, 170, 371, 829, 91, 127, 923, 641, 386, 746, 590, 115, 276, 251, 466, 290, 776, 751, 157, 300, 804, 493, 77, 188, 657, 210, 689, 995, 17, 271, 759, 198, 161, 943, 167, 444, 496, 991, 232, 940, 938, 727, 808, 83, 95, 768, 13, 722, 723, 393, 307, 145, 311, 548, 622, 764, 835, 186, 799, 241, 560, 469, 443, 169, 116, 134, 191, 306, 256, 980, 635, 830, 905, 954, 707, 779, 919, 949, 462, 542, 862, 844, 611, 950, 204, 869, 937, 463, 877, 455, 413, 16, 902, 472, 509, 956, 593, 576, 555, 948, 281, 510, 265, 822, 760, 934, 546, 765, 962, 986, 580, 149, 252, 886, 11, 480, 341, 692, 507, 289, 859, 557, 182, 209, 133, 419, 1, 37, 916, 632, 407, 577, 921, 475, 21, 114, 150, 528, 597, 18, 514, 213, 363, 488, 749, 634, 490, 160, 264, 318, 893, 955, 687, 944, 958, 59, 1000, 781, 636, 516, 671, 890, 248, 782, 711, 400, 369, 957, 370, 396, 322, 738, 412, 870, 562, 713, 864, 299, 894, 680, 766, 93, 763, 719, 990, 518, 761, 678, 907, 979, 820, 866, 892, 70, 308, 501, 211, 800, 714, 969, 270, 40, 274, 809, 368, 24, 395, 402, 28, 511, 977, 498, 976, 806, 242, 61, 818, 255, 434, 356, 94, 168, 625, 273, 229, 935, 645, 323, 202, 303, 816, 467, 482, 581, 915, 52, 605, 118, 668, 261, 849, 613, 109, 130, 450, 885, 47, 908, 409, 410, 220, 887, 741, 358, 201, 703, 906, 553, 86, 315, 939, 974, 143, 787, 48, 579, 599, 596, 19, 317, 125, 663, 236, 65, 927, 675, 489, 737, 361, 588, 685, 901, 817, 344, 122, 788, 842, 321, 460, 739, 414, 424, 694, 930, 238, 499, 513, 520, 435, 221, 910, 665, 418, 899, 505, 62, 464, 436, 783, 700, 375, 215, 337, 216, 575, 712, 554, 629, 880, 304, 426, 487, 111, 521, 549, 100, 292, 42, 802, 121, 895, 448, 227, 642, 101, 56, 951, 531, 431, 795, 85, 724, 131, 417, 975, 558, 349, 627, 982, 626, 841, 807, 319, 403, 717, 876, 473, 595, 996, 312, 140, 853, 897, 508, 106, 848, 165, 75, 504, 803, 348, 922, 8, 643, 551, 205, 745, 527, 240, 69, 325, 162, 250, 345, 390, 743, 757, 360, 484, 860, 139, 103, 659, 459, 76, 879, 207, 254, 295, 384, 732, 423, 865, 662, 38, 430, 296, 873, 34, 342, 485, 55, 812, 404, 540, 376, 152, 522, 733, 347, 534, 491, 655, 850, 392, 45, 64, 343, 302, 316, 631, 428, 826, 953, 208, 20, 166, 567, 654, 772, 159, 785, 904, 618, 235, 547, 603, 747, 716, 231, 797, 366, 10, 607, 640, 926, 924, 33, 200, 187, 754, 855, 454, 720, 84, 993, 526, 846, 748, 695, 383, 155, 630, 702, 374, 621, 543, 586, 429, 978, 883, 97, 138, 228, 767, 439, 838, 112, 445, 411, 619, 408, 637, 324, 992, 563, 569, 936, 239, 639, 831, 715, 416, 571, 615, 388, 447, 6, 653, 173, 137, 790, 192, 486, 379, 628, 729, 532, 237, 648, 335, 638, 730, 310, 320, 960, 920, 224, 792, 500, 731, 537, 572]
Number of gene trees: 1000
0 trees have missing taxa
Calculating quartet distance matrix (for completion of X)
Species tree distances calculated ...
Building set of clusters (X) from gene trees 
Using tree-based weight calculation.
Number of Default Clusters: 277195
Number of quartet trees in the gene trees: 41583291724052
calculating extra bipartitions to be added at level 1 ...
Number of Clusters after addition by distance: 277217
Adding to X using resolutions of greedy consensus ...
Threshold 0.0:
polytomy of size 11; rounds with additions with at least 0.01 support: 6; clusters: 277637
Threshold 0.01:
polytomy of size 21; rounds with additions with at least 0.01 support: 2; clusters: 280031
Threshold 0.02:
polytomy of size 30; rounds with additions with at least 0.01 support: 2; clusters: 285537
Threshold 0.05:
polytomy of size 3; rounds with additions with at least 0.01 support: 0; clusters: 285537
polytomy of size 3; rounds with additions with at least 0.01 support: 0; clusters: 285537
polytomy of size 3; rounds with additions with at least 0.01 support: 0; clusters: 285537
polytomy of size 3; rounds with additions with at least 0.01 support: 0; clusters: 285537
polytomy of size 3; rounds with additions with at least 0.01 support: 0; clusters: 285537
polytomy of size 37; rounds with additions with at least 0.01 support: 1; clusters: 285675
Threshold 0.1:
polytomy of size 3; rounds with additions with at least 0.01 support: 0; clusters: 285675
polytomy of size 4; rounds with additions with at least 0.01 support: 0; clusters: 285675
polytomy of size 3; rounds with additions with at least 0.01 support: 0; clusters: 285675
polytomy of size 5; rounds with additions with at least 0.01 support: 0; clusters: 285675
polytomy of size 3; rounds with additions with at least 0.01 support: 0; clusters: 285675
polytomy of size 4; rounds with additions with at least 0.01 support: 0; clusters: 285675
polytomy of size 58; rounds with additions with at least 0.01 support: 2; clusters: 285887
Threshold 0.2:
polytomy of size 4; rounds with additions with at least 0.01 support: 0; clusters: 285887
polytomy of size 4; rounds with additions with at least 0.01 support: 0; clusters: 285887
polytomy of size 3; rounds with additions with at least 0.01 support: 0; clusters: 285887
polytomy of size 5; rounds with additions with at least 0.01 support: 0; clusters: 285887
polytomy of size 4; rounds with additions with at least 0.01 support: 0; clusters: 285887
polytomy of size 3; rounds with additions with at least 0.01 support: 0; clusters: 285887
polytomy of size 4; rounds with additions with at least 0.01 support: 0; clusters: 285887
polytomy of size 4; rounds with additions with at least 0.01 support: 0; clusters: 285887
polytomy of size 7; rounds with additions with at least 0.01 support: 0; clusters: 285887
polytomy of size 4; rounds with additions with at least 0.01 support: 0; clusters: 285887
polytomy of size 3; rounds with additions with at least 0.01 support: 0; clusters: 285887
polytomy of size 3; rounds with additions with at least 0.01 support: 0; clusters: 285887
polytomy of size 6; rounds with additions with at least 0.01 support: 0; clusters: 285887
polytomy of size 3; rounds with additions with at least 0.01 support: 0; clusters: 285887
polytomy of size 3; rounds with additions with at least 0.01 support: 0; clusters: 285887
polytomy of size 7; rounds with additions with at least 0.01 support: 0; clusters: 285887
polytomy of size 86; rounds with additions with at least 0.01 support: 0; clusters: 285943
Threshold 0.3333333333333333:
polytomy of size 3; rounds with additions with at least 0.01 support: 0; clusters: 285943
polytomy of size 3; rounds with additions with at least 0.01 support: 0; clusters: 285943
polytomy of size 3; rounds with additions with at least 0.01 support: 0; clusters: 285943
polytomy of size 3; rounds with additions with at least 0.01 support: 0; clusters: 285943
polytomy of size 4; rounds with additions with at least 0.01 support: 0; clusters: 285943
polytomy of size 3; rounds with additions with at least 0.01 support: 0; clusters: 285943
polytomy of size 3; rounds with additions with at least 0.01 support: 0; clusters: 285943
polytomy of size 3; rounds with additions with at least 0.01 support: 0; clusters: 285943
polytomy of size 6; rounds with additions with at least 0.01 support: 0; clusters: 285943
polytomy of size 3; rounds with additions with at least 0.01 support: 0; clusters: 285943
polytomy of size 5; rounds with additions with at least 0.01 support: 0; clusters: 285943
polytomy of size 3; rounds with additions with at least 0.01 support: 0; clusters: 285943
polytomy of size 3; rounds with additions with at least 0.01 support: 0; clusters: 285943
polytomy of size 3; rounds with additions with at least 0.01 support: 0; clusters: 285943
polytomy of size 3; rounds with additions with at least 0.01 support: 0; clusters: 285943
polytomy of size 3; rounds with additions with at least 0.01 support: 0; clusters: 285943
polytomy of size 3; rounds with additions with at least 0.01 support: 0; clusters: 285943
polytomy of size 3; rounds with additions with at least 0.01 support: 0; clusters: 285943
polytomy of size 3; rounds with additions with at least 0.01 support: 0; clusters: 285943
polytomy of size 4; rounds with additions with at least 0.01 support: 0; clusters: 285943
polytomy of size 4; rounds with additions with at least 0.01 support: 0; clusters: 285943
polytomy of size 3; rounds with additions with at least 0.01 support: 0; clusters: 285943
polytomy of size 5; rounds with additions with at least 0.01 support: 0; clusters: 285943
polytomy of size 3; rounds with additions with at least 0.01 support: 0; clusters: 285943
polytomy of size 4; rounds with additions with at least 0.01 support: 0; clusters: 285943
polytomy of size 3; rounds with additions with at least 0.01 support: 0; clusters: 285943
polytomy of size 3; rounds with additions with at least 0.01 support: 0; clusters: 285943
polytomy of size 4; rounds with additions with at least 0.01 support: 0; clusters: 285943
polytomy of size 3; rounds with additions with at least 0.01 support: 0; clusters: 285943
polytomy of size 3; rounds with additions with at least 0.01 support: 0; clusters: 285943
polytomy of size 3; rounds with additions with at least 0.01 support: 0; clusters: 285943
polytomy of size 4; rounds with additions with at least 0.01 support: 0; clusters: 285943
polytomy of size 3; rounds with additions with at least 0.01 support: 0; clusters: 285943
polytomy of size 3; rounds with additions with at least 0.01 support: 0; clusters: 285943
polytomy of size 5; rounds with additions with at least 0.01 support: 0; clusters: 285943
polytomy of size 3; rounds with additions with at least 0.01 support: 0; clusters: 285943
polytomy of size 3; rounds with additions with at least 0.01 support: 0; clusters: 285943
polytomy of size 3; rounds with additions with at least 0.01 support: 0; clusters: 285943
polytomy of size 3; rounds with additions with at least 0.01 support: 0; clusters: 285943
polytomy of size 8; rounds with additions with at least 0.01 support: 0; clusters: 285949
polytomy of size 4; rounds with additions with at least 0.01 support: 0; clusters: 285949
polytomy of size 3; rounds with additions with at least 0.01 support: 0; clusters: 285949
polytomy of size 5; rounds with additions with at least 0.01 support: 0; clusters: 285949
polytomy of size 3; rounds with additions with at least 0.01 support: 0; clusters: 285949
polytomy of size 3; rounds with additions with at least 0.01 support: 0; clusters: 285949
polytomy of size 3; rounds with additions with at least 0.01 support: 0; clusters: 285949
polytomy of size 3; rounds with additions with at least 0.01 support: 0; clusters: 285949
polytomy of size 4; rounds with additions with at least 0.01 support: 0; clusters: 285949
polytomy of size 3; rounds with additions with at least 0.01 support: 0; clusters: 285949
polytomy of size 4; rounds with additions with at least 0.01 support: 0; clusters: 285949
polytomy of size 4; rounds with additions with at least 0.01 support: 0; clusters: 285949
polytomy of size 3; rounds with additions with at least 0.01 support: 0; clusters: 285949
polytomy of size 3; rounds with additions with at least 0.01 support: 0; clusters: 285949
polytomy of size 4; rounds with additions with at least 0.01 support: 0; clusters: 285949
polytomy of size 3; rounds with additions with at least 0.01 support: 0; clusters: 285949
polytomy of size 4; rounds with additions with at least 0.01 support: 0; clusters: 285949
polytomy of size 3; rounds with additions with at least 0.01 support: 0; clusters: 285949
polytomy of size 3; rounds with additions with at least 0.01 support: 0; clusters: 285949
polytomy of size 3; rounds with additions with at least 0.01 support: 0; clusters: 285949
polytomy of size 3; rounds with additions with at least 0.01 support: 0; clusters: 285949
polytomy of size 3; rounds with additions with at least 0.01 support: 0; clusters: 285949
polytomy of size 3; rounds with additions with at least 0.01 support: 0; clusters: 285949
polytomy of size 4; rounds with additions with at least 0.01 support: 0; clusters: 285949
polytomy of size 4; rounds with additions with at least 0.01 support: 0; clusters: 285949
polytomy of size 5; rounds with additions with at least 0.01 support: 0; clusters: 285949
polytomy of size 3; rounds with additions with at least 0.01 support: 0; clusters: 285949
polytomy of size 3; rounds with additions with at least 0.01 support: 0; clusters: 285949
polytomy of size 8; rounds with additions with at least 0.01 support: 0; clusters: 285949
polytomy of size 135; rounds with additions with at least 0.01 support: 0; clusters: 462085
polytomy of size 4; rounds with additions with at least 0.01 support: 0; clusters: 462085
Number of Clusters after addition by greedy: 462085
partitions formed in 804.907 secs
Dynamic Programming starting after 804.907 secs
Size of largest cluster: 1001
Calculated 100000 weights; time (seconds): 4546
Calculated 200000 weights; time (seconds): 3687
Calculated 300000 weights; time (seconds): 3824
Calculated 400000 weights; time (seconds): 3795
Calculated 500000 weights; time (seconds): 3787
Calculated 600000 weights; time (seconds): 3845
Calculated 700000 weights; time (seconds): 4011
Calculated 800000 weights; time (seconds): 4116
Calculated 900000 weights; time (seconds): 4147
Calculated 1000000 weights; time (seconds): 4116
Calculated 1100000 weights; time (seconds): 4274
Total Number of elements weighted: 1110882
Normalized score (portion of input quartet trees satisfied): 0.5343174929995164
Final optimization score: 22218680184663
Optimal tree inferred in 44625.406 secs.
(416,(571,(715,(((902,((576,555),((472,509),(956,(593,948))))),(((729,532),(628,(747,(716,231)))),((173,(653,137)),((486,379),((790,192),(615,(388,(447,6)))))))),(((923,((265,(822,760)),(641,(386,746)))),(149,(((934,546),(765,962)),((((658,37),(133,419)),(209,(1,(580,(986,182))))),((507,(886,(252,692))),((341,(11,480)),(289,(859,557)))))))),(((256,((980,635),(830,905))),(919,((707,462),(779,(954,949))))),(((((281,510),((722,723),(393,(307,(145,(311,548)))))),(((443,134),(306,(191,(169,116)))),((186,(622,(764,835))),((799,241),(560,469))))),((590,((77,(804,493)),(300,(751,(776,157))))),((((768,13),(991,(232,940))),(83,(95,(808,(938,727))))),((188,657),((444,496),((115,((466,290),(276,251))),((210,(689,995)),((943,167),((17,271),(198,(759,161))))))))))),((((958,59),(944,(893,(955,687)))),(((738,(412,870)),(562,((713,864),(680,(299,894))))),(((413,(455,(937,(463,877)))),(542,((204,869),((862,844),(611,950))))),((16,(((348,922),(848,(165,(75,(504,803))))),((916,632),(((117,340),(89,(99,(778,(156,679))))),((36,291),(14,((481,90),(71,(382,708))))))))),((686,((((154,964),(91,127)),(49,(758,(697,871)))),(((508,106),(853,897)),((717,312),(140,((595,996),(876,(403,473)))))))),(((884,(735,(406,(834,(243,218))))),((909,(718,604)),((824,523),(105,(492,851))))),(((425,(230,497)),((399,9),(284,(326,740)))),((896,664),(660,(54,(269,((372,836),(647,98))))))))))))),((268,(565,158)),(((((3,92),(((39,(309,67)),(214,(263,(609,961)))),((911,981),(681,(736,((997,87),(196,598))))))),(((468,698),(179,(25,601))),((446,(479,(832,(88,223)))),(612,(((794,415),(288,535)),(827,((965,(212,881)),((2,82),(847,946))))))))),(((711,400),(((636,516),((248,782),(671,890))),((1000,781),((921,(475,21)),((114,150),(407,577)))))),((888,(148,((367,405),(244,(427,811))))),((422,(((567,654),(166,(772,(20,(159,785))))),(805,(676,((857,(617,(432,421))),((608,952),(582,194))))))),(((561,60),((330,(278,584)),(310,(638,730)))),(((53,(987,(164,872))),((96,394),(((438,(124,389)),(917,(72,(203,819)))),((226,519),((465,234),(744,(357,(483,279)))))))),((900,((999,(477,(353,861))),((983,(756,(704,175))),(327,(512,(762,573)))))),(((102,(649,29)),((752,602),(984,(74,(771,495))))),((163,470),((189,(945,331)),((823,(726,(442,27))),(381,((5,709),(570,973)))))))))))))),(((((213,(318,((264,(18,514)),((490,160),((363,634),(488,749)))))),(645,(((434,356),(323,202)),(303,((94,168),(229,(273,(625,935)))))))),(((643,(579,(19,(317,(48,(599,596)))))),(((162,(325,(250,345))),(551,((205,745),(527,(240,69))))),(787,(766,(((685,901),(817,(842,(788,(344,122))))),((322,(370,396)),((588,(361,(675,(489,737)))),(125,(927,(236,(663,65))))))))))),((((719,990),(840,((321,460),(275,351)))),(8,((518,(818,255)),((957,761),((678,907),(820,(979,866))))))),(((976,(61,(806,242))),((892,(24,((809,368),(511,(28,(395,402)))))),(70,((977,(274,(40,498))),((270,(714,969)),((308,800),(501,211))))))),(((369,(915,52)),(816,(581,(467,482)))),(315,((358,(201,703)),(((553,86),(906,(220,(887,741)))),(((605,(118,668)),(974,(939,143))),((849,(261,(613,109))),((130,409),(410,(450,(885,(47,908))))))))))))))),((93,763),(((103,(((659,(459,76)),(254,((384,732),(295,(879,207))))),((360,(860,(484,139))),(34,(662,(38,((430,296),(865,873)))))))),((742,(600,355)),((994,((66,(533,(329,674))),((784,(346,684)),(365,(942,249))))),(((7,610),(591,((57,539),(364,770)))),(((705,669),(925,(929,63))),(644,((875,932),(845,(474,564))))))))),((((433,453),((524,43),(32,(441,931)))),((959,578),(314,(((298,(352,452)),(142,(293,147))),((222,882),((968,217),(721,132))))))),(((528,597),(100,292)),(((297,(583,(225,294))),(((22,821),(793,(550,104))),((371,829),((796,287),(170,(878,258)))))),((((216,(575,(554,(712,629)))),((783,375),(700,(464,436)))),(((215,337),(111,(521,549))),((833,259),((963,277),(457,334))))),((665,(418,(899,(505,62)))),((513,(520,(435,(221,910)))),(((426,487),(880,304)),((739,414),(238,(694,(499,(424,930))))))))))))))),(0,(((350,(245,(172,769))),(((626,841),(807,319)),(((630,((702,374),(695,(383,155)))),((152,(522,733)),(534,(347,(491,655))))),((((500,731),(537,572)),(982,(131,(627,(349,(558,(417,975))))))),(((648,335),(197,502)),(((797,366),(640,((33,187),(926,(200,(924,(10,607))))))),(((445,411),(637,(324,992))),(429,((619,408),(543,(621,586))))))))))),((((((342,(485,55)),(812,(404,(540,376)))),(((320,920),(960,(224,792))),(((970,734),(51,(874,536))),((838,112),(423,(767,(439,((883,138),(97,228))))))))),((((791,(110,(44,918))),(683,(831,(639,(936,239))))),((185,810),((563,569),((35,391),(458,(913,181)))))),((257,(359,985)),((914,(753,(260,171))),((592,(420,78)),(((696,530),(667,777)),(476,((135,397),(456,(73,814)))))))))),(((677,928),((724,(121,(42,802))),((56,(((795,85),(431,(951,531))),((642,101),(227,(895,448))))),(((316,631),(208,(428,(826,953)))),((64,(343,302)),(850,(392,45))))))),(603,(((858,585),((666,283),(390,(743,757)))),((190,(336,(998,((898,385),(786,(81,672)))))),(((144,141),(176,(868,(670,123)))),(((774,650),((941,503),(529,(525,933)))),(((262,23),(828,978)),((967,46),(199,(184,(589,606)))))))))))),(237,((556,(((120,616),(903,(912,867))),(((825,(107,(852,(478,574)))),((146,373),(380,(136,332)))),((461,((449,80),(233,(362,437)))),(((701,113),(775,(889,(656,891)))),(((266,280),(699,594)),((682,646),(126,(972,856))))))))),((904,(618,(235,547))),(((((566,(988,339)),(387,(750,517))),(((180,494),(515,839)),(624,((174,(377,780)),(153,(128,68)))))),(((50,989),((728,(651,177)),(652,(108,30)))),(798,(((4,26),(301,(253,541))),((633,((206,282),(966,(378,(863,193))))),((401,((305,710),(398,623))),(12,((801,272),((725,947),(971,(31,(587,545)))))))))))),(((855,(754,(454,720))),(748,(993,(84,(526,846))))),((843,(693,(313,((129,((41,506),(354,538))),((151,(247,15)),((568,471),(789,328))))))),(451,((690,688),((813,((837,(58,815)),(183,(544,338)))),(((195,559),((661,854),(79,(219,773)))),((267,(673,(285,119))),(((691,552),(246,755)),((706,(286,440)),(620,(333,(178,614))))))))))))))))))))))))))))));
Quartet score is: 22218680184663
Normalized quartet score is: 0.5343174929995164
ASTRAL finished in 44811.391 secs
