
================== ASTRAL ===================== 

This is ASTRAL version 4.10.8
Gene trees are treated as unrooted
1000 trees read from model.500.2000000.0.000001/19/estimatedgenetre.halfresolved
All outputted trees will be *arbitrarily* rooted at 341

======== Running the main analysis
Number of taxa: 501 (501 species)
Taxa: [341, 459, 265, 107, 111, 390, 185, 425, 389, 226, 233, 340, 488, 191, 113, 266, 149, 468, 478, 78, 304, 231, 443, 342, 29, 243, 436, 221, 247, 170, 212, 470, 301, 277, 254, 93, 331, 359, 398, 365, 126, 203, 383, 55, 176, 39, 272, 362, 269, 346, 206, 453, 151, 296, 215, 408, 245, 258, 427, 88, 335, 64, 314, 407, 337, 14, 137, 327, 87, 110, 328, 134, 430, 391, 462, 414, 343, 464, 294, 349, 358, 60, 138, 27, 95, 423, 8, 484, 220, 497, 428, 18, 133, 268, 53, 302, 204, 496, 281, 368, 219, 452, 74, 300, 424, 440, 6, 207, 225, 382, 334, 257, 293, 319, 364, 450, 457, 211, 370, 12, 123, 172, 42, 46, 483, 345, 251, 461, 108, 288, 466, 175, 118, 132, 238, 403, 223, 232, 152, 456, 395, 426, 480, 51, 210, 16, 338, 270, 143, 161, 393, 489, 305, 240, 494, 188, 1, 4, 63, 195, 377, 30, 384, 363, 237, 332, 333, 84, 119, 120, 344, 357, 15, 252, 322, 388, 48, 19, 366, 287, 282, 256, 290, 274, 321, 298, 182, 472, 317, 386, 97, 192, 114, 493, 234, 128, 57, 487, 491, 482, 47, 330, 136, 419, 189, 278, 59, 409, 318, 173, 194, 264, 44, 299, 166, 13, 360, 291, 158, 116, 9, 379, 312, 276, 144, 224, 325, 246, 244, 40, 315, 417, 307, 150, 20, 196, 145, 310, 21, 82, 422, 217, 253, 218, 361, 396, 313, 52, 283, 10, 289, 236, 273, 41, 177, 350, 50, 421, 241, 24, 61, 339, 378, 156, 500, 263, 458, 117, 43, 94, 208, 376, 26, 433, 174, 454, 25, 434, 181, 159, 197, 3, 402, 476, 242, 162, 198, 267, 112, 442, 475, 90, 125, 275, 164, 129, 155, 66, 460, 45, 70, 375, 142, 102, 435, 22, 0, 36, 445, 153, 23, 477, 71, 248, 374, 38, 227, 228, 385, 56, 121, 260, 80, 485, 69, 89, 271, 324, 124, 168, 103, 467, 5, 76, 154, 351, 31, 180, 127, 86, 326, 179, 58, 249, 311, 171, 35, 186, 141, 492, 2, 105, 200, 292, 308, 490, 416, 250, 397, 469, 169, 381, 392, 413, 100, 65, 104, 37, 479, 297, 34, 431, 369, 77, 193, 83, 371, 201, 286, 429, 437, 32, 178, 72, 67, 135, 284, 449, 99, 320, 148, 165, 216, 131, 115, 213, 98, 406, 140, 157, 420, 255, 306, 85, 79, 92, 295, 209, 214, 418, 400, 202, 412, 205, 498, 235, 439, 471, 465, 96, 17, 190, 75, 280, 139, 49, 323, 285, 91, 109, 183, 261, 336, 222, 438, 415, 481, 387, 329, 486, 54, 447, 367, 354, 199, 411, 259, 68, 81, 130, 446, 184, 167, 122, 495, 163, 146, 279, 444, 410, 441, 372, 352, 239, 451, 11, 230, 187, 356, 316, 160, 394, 28, 106, 404, 7, 303, 355, 348, 499, 229, 399, 147, 353, 373, 309, 432, 455, 347, 73, 463, 448, 262, 33, 62, 405, 101, 473, 474, 380, 401]
Taxon occupancy: {338=1000, 339=1000, 332=1000, 333=1000, 330=1000, 159=1000, 331=1000, 158=1000, 336=1000, 157=1000, 337=1000, 156=1000, 334=1000, 155=1000, 335=1000, 154=1000, 152=1000, 153=1000, 150=1000, 151=1000, 202=1000, 349=1000, 203=1000, 204=1000, 205=1000, 200=1000, 201=1000, 341=1000, 342=1000, 169=1000, 343=1000, 344=1000, 345=1000, 206=1000, 166=1000, 165=1000, 207=1000, 346=1000, 347=1000, 208=1000, 168=1000, 348=1000, 167=1000, 209=1000, 161=1000, 409=1000, 3=1000, 408=1000, 162=1000, 2=1000, 163=1000, 1=1000, 164=1000, 0=1000, 405=1000, 7=1000, 404=1000, 6=1000, 340=1000, 407=1000, 5=1000, 160=1000, 406=1000, 4=1000, 401=1000, 400=1000, 403=1000, 9=1000, 8=1000, 402=1000, 211=1000, 212=1000, 210=1000, 215=1000, 318=1000, 216=1000, 319=1000, 316=1000, 213=1000, 214=1000, 317=1000, 219=1000, 314=1000, 179=1000, 315=1000, 178=1000, 312=1000, 217=1000, 177=1000, 176=1000, 218=1000, 313=1000, 310=1000, 311=1000, 418=1000, 170=1000, 417=1000, 171=1000, 416=1000, 415=1000, 174=1000, 175=1000, 172=1000, 419=1000, 173=1000, 410=1000, 414=1000, 413=1000, 412=1000, 411=1000, 220=1000, 221=1000, 222=1000, 223=1000, 327=1000, 224=1000, 225=1000, 328=1000, 329=1000, 226=1000, 227=1000, 323=1000, 188=1000, 228=1000, 229=1000, 187=1000, 324=1000, 325=1000, 189=1000, 326=1000, 320=1000, 321=1000, 322=1000, 427=1000, 426=1000, 180=1000, 181=1000, 429=1000, 182=1000, 428=1000, 183=1000, 184=1000, 185=1000, 186=1000, 421=1000, 420=1000, 423=1000, 422=1000, 425=1000, 424=1000, 116=1000, 117=1000, 114=1000, 115=1000, 112=1000, 113=1000, 110=1000, 111=1000, 118=1000, 119=1000, 435=1000, 436=1000, 433=1000, 434=1000, 431=1000, 432=1000, 430=1000, 439=1000, 437=1000, 438=1000, 125=1000, 126=1000, 300=1000, 127=1000, 128=1000, 302=1000, 121=1000, 122=1000, 301=1000, 123=1000, 304=1000, 303=1000, 124=1000, 306=1000, 305=1000, 308=1000, 307=1000, 129=1000, 309=1000, 444=1000, 445=1000, 446=1000, 447=1000, 440=1000, 441=1000, 442=1000, 443=1000, 120=1000, 448=1000, 449=1000, 134=1000, 135=1000, 132=1000, 133=1000, 138=1000, 139=1000, 136=1000, 137=1000, 450=1000, 453=1000, 454=1000, 451=1000, 452=1000, 457=1000, 458=1000, 455=1000, 456=1000, 459=1000, 131=1000, 130=1000, 143=1000, 144=1000, 145=1000, 146=1000, 147=1000, 148=1000, 149=1000, 461=1000, 460=1000, 462=1000, 463=1000, 464=1000, 465=1000, 466=1000, 467=1000, 468=1000, 469=1000, 140=1000, 142=1000, 141=1000, 195=1000, 194=1000, 197=1000, 196=1000, 191=1000, 190=1000, 193=1000, 192=1000, 198=1000, 199=1000, 500=1000, 35=1000, 36=1000, 33=1000, 34=1000, 39=1000, 37=1000, 38=1000, 43=1000, 42=1000, 41=1000, 40=1000, 22=1000, 23=1000, 24=1000, 25=1000, 26=1000, 27=1000, 28=1000, 29=1000, 30=1000, 32=1000, 31=1000, 19=1000, 17=1000, 18=1000, 15=1000, 16=1000, 13=1000, 14=1000, 11=1000, 12=1000, 21=1000, 20=1000, 10=1000, 79=1000, 78=1000, 77=1000, 82=1000, 83=1000, 80=1000, 81=1000, 86=1000, 87=1000, 84=1000, 85=1000, 67=1000, 66=1000, 69=1000, 68=1000, 70=1000, 71=1000, 72=1000, 73=1000, 74=1000, 75=1000, 76=1000, 59=1000, 58=1000, 57=1000, 56=1000, 55=1000, 64=1000, 65=1000, 62=1000, 63=1000, 60=1000, 61=1000, 49=1000, 48=1000, 45=1000, 44=1000, 47=1000, 46=1000, 51=1000, 52=1000, 53=1000, 54=1000, 50=1000, 281=1000, 487=1000, 486=1000, 280=1000, 485=1000, 484=1000, 285=1000, 284=1000, 489=1000, 283=1000, 282=1000, 488=1000, 288=1000, 289=1000, 286=1000, 287=1000, 482=1000, 483=1000, 480=1000, 481=1000, 474=1000, 473=1000, 270=1000, 476=1000, 475=1000, 272=1000, 478=1000, 477=1000, 271=1000, 274=1000, 273=1000, 479=1000, 275=1000, 276=1000, 277=1000, 278=1000, 279=1000, 470=1000, 471=1000, 472=1000, 109=1000, 108=1000, 107=1000, 106=1000, 105=1000, 104=1000, 103=1000, 99=1000, 102=1000, 101=1000, 100=1000, 98=1000, 97=1000, 96=1000, 391=1000, 390=1000, 95=1000, 393=1000, 94=1000, 93=1000, 392=1000, 92=1000, 395=1000, 394=1000, 91=1000, 294=1000, 90=1000, 499=1000, 293=1000, 296=1000, 295=1000, 290=1000, 496=1000, 495=1000, 498=1000, 292=1000, 497=1000, 291=1000, 491=1000, 492=1000, 493=1000, 494=1000, 297=1000, 298=1000, 299=1000, 490=1000, 396=1000, 397=1000, 398=1000, 399=1000, 88=1000, 89=1000, 240=1000, 241=1000, 383=1000, 384=1000, 381=1000, 382=1000, 380=1000, 389=1000, 388=1000, 387=1000, 386=1000, 385=1000, 245=1000, 244=1000, 243=1000, 242=1000, 249=1000, 248=1000, 247=1000, 246=1000, 230=1000, 370=1000, 371=1000, 372=1000, 373=1000, 379=1000, 239=1000, 378=1000, 375=1000, 374=1000, 377=1000, 376=1000, 232=1000, 231=1000, 234=1000, 233=1000, 236=1000, 235=1000, 238=1000, 237=1000, 262=1000, 263=1000, 260=1000, 261=1000, 361=1000, 362=1000, 360=1000, 366=1000, 365=1000, 364=1000, 363=1000, 369=1000, 368=1000, 367=1000, 269=1000, 268=1000, 267=1000, 266=1000, 265=1000, 264=1000, 250=1000, 251=1000, 252=1000, 350=1000, 351=1000, 353=1000, 352=1000, 355=1000, 354=1000, 357=1000, 356=1000, 359=1000, 358=1000, 258=1000, 257=1000, 259=1000, 254=1000, 253=1000, 256=1000, 255=1000}
Number of gene trees: 1000
0 trees have missing taxa
Calculating quartet distance matrix (for completion of X)
Species tree distances calculated ...
Building set of clusters (X) from gene trees 
Using tree-based weight calculation.
Number of Default Clusters: 84035
Number of quartet trees in the gene trees: 2593739624502
calculating extra bipartitions to be added at level 1 ...
Number of Clusters after addition by distance: 84037
Adding to X using resolutions of greedy consensus ...
Threshold 0.0:
Threshold 0.01:
polytomy of size 5; rounds with additions with at least 0.01 support: 0; clusters: 84059
Threshold 0.02:
polytomy of size 3; rounds with additions with at least 0.01 support: 0; clusters: 84059
polytomy of size 7; rounds with additions with at least 0.01 support: 0; clusters: 84091
Threshold 0.05:
polytomy of size 4; rounds with additions with at least 0.01 support: 0; clusters: 84091
polytomy of size 11; rounds with additions with at least 0.01 support: 1; clusters: 84093
Threshold 0.1:
polytomy of size 3; rounds with additions with at least 0.01 support: 0; clusters: 84093
polytomy of size 3; rounds with additions with at least 0.01 support: 0; clusters: 84093
polytomy of size 7; rounds with additions with at least 0.01 support: 0; clusters: 84093
polytomy of size 14; rounds with additions with at least 0.01 support: 0; clusters: 84095
Threshold 0.2:
polytomy of size 3; rounds with additions with at least 0.01 support: 0; clusters: 84095
polytomy of size 4; rounds with additions with at least 0.01 support: 0; clusters: 84095
polytomy of size 3; rounds with additions with at least 0.01 support: 0; clusters: 84095
polytomy of size 4; rounds with additions with at least 0.01 support: 0; clusters: 84095
polytomy of size 3; rounds with additions with at least 0.01 support: 0; clusters: 84095
polytomy of size 4; rounds with additions with at least 0.01 support: 0; clusters: 84095
polytomy of size 3; rounds with additions with at least 0.01 support: 0; clusters: 84095
polytomy of size 4; rounds with additions with at least 0.01 support: 0; clusters: 84095
polytomy of size 3; rounds with additions with at least 0.01 support: 0; clusters: 84095
polytomy of size 3; rounds with additions with at least 0.01 support: 0; clusters: 84095
polytomy of size 4; rounds with additions with at least 0.01 support: 0; clusters: 84095
polytomy of size 27; rounds with additions with at least 0.01 support: 0; clusters: 84095
Threshold 0.3333333333333333:
polytomy of size 4; rounds with additions with at least 0.01 support: 0; clusters: 84095
polytomy of size 4; rounds with additions with at least 0.01 support: 0; clusters: 84095
polytomy of size 3; rounds with additions with at least 0.01 support: 0; clusters: 84095
polytomy of size 3; rounds with additions with at least 0.01 support: 0; clusters: 84095
polytomy of size 3; rounds with additions with at least 0.01 support: 0; clusters: 84095
polytomy of size 3; rounds with additions with at least 0.01 support: 0; clusters: 84095
polytomy of size 3; rounds with additions with at least 0.01 support: 0; clusters: 84095
polytomy of size 3; rounds with additions with at least 0.01 support: 0; clusters: 84095
polytomy of size 3; rounds with additions with at least 0.01 support: 0; clusters: 84095
polytomy of size 3; rounds with additions with at least 0.01 support: 0; clusters: 84095
polytomy of size 5; rounds with additions with at least 0.01 support: 0; clusters: 84095
polytomy of size 3; rounds with additions with at least 0.01 support: 0; clusters: 84095
polytomy of size 3; rounds with additions with at least 0.01 support: 0; clusters: 84095
polytomy of size 3; rounds with additions with at least 0.01 support: 0; clusters: 84095
polytomy of size 5; rounds with additions with at least 0.01 support: 0; clusters: 84095
polytomy of size 5; rounds with additions with at least 0.01 support: 0; clusters: 84095
polytomy of size 3; rounds with additions with at least 0.01 support: 0; clusters: 84095
polytomy of size 5; rounds with additions with at least 0.01 support: 0; clusters: 84095
polytomy of size 4; rounds with additions with at least 0.01 support: 0; clusters: 84095
polytomy of size 3; rounds with additions with at least 0.01 support: 0; clusters: 84095
polytomy of size 4; rounds with additions with at least 0.01 support: 0; clusters: 84095
polytomy of size 4; rounds with additions with at least 0.01 support: 0; clusters: 84095
polytomy of size 4; rounds with additions with at least 0.01 support: 0; clusters: 84095
polytomy of size 3; rounds with additions with at least 0.01 support: 0; clusters: 84095
polytomy of size 4; rounds with additions with at least 0.01 support: 0; clusters: 84095
polytomy of size 3; rounds with additions with at least 0.01 support: 0; clusters: 84095
polytomy of size 8; rounds with additions with at least 0.01 support: 0; clusters: 84095
polytomy of size 3; rounds with additions with at least 0.01 support: 0; clusters: 84095
polytomy of size 6; rounds with additions with at least 0.01 support: 0; clusters: 84095
polytomy of size 3; rounds with additions with at least 0.01 support: 0; clusters: 84095
polytomy of size 3; rounds with additions with at least 0.01 support: 0; clusters: 84095
polytomy of size 38; rounds with additions with at least 0.01 support: 0; clusters: 86045
polytomy of size 3; rounds with additions with at least 0.01 support: 0; clusters: 86045
Number of Clusters after addition by greedy: 86045
partitions formed in 136.978 secs
Dynamic Programming starting after 136.978 secs
Size of largest cluster: 501
Size of largest cluster: 501
Total Number of elements weighted: 299417
Normalized score (portion of input quartet trees satisfied): NaN
Final optimization score: 0
Calculated 100000 weights; time (seconds): 201
Calculated 200000 weights; time (seconds): 60
Total Number of elements weighted: 299417
Normalized score (portion of input quartet trees satisfied): 0.6583622320647796
Final optimization score: 1707620208582
Optimal tree inferred in 329.421 secs.
(341,(459,((265,107),((185,(389,(425,((226,233),(191,((113,266),(340,488))))))),((111,390),((149,(468,(304,(231,(478,78))))),(((344,(15,(252,(357,322)))),(298,(((317,386),(182,472)),((388,(48,(19,366))),((287,321),(274,(290,(282,256)))))))),(((316,(160,394)),((((499,(229,399)),((355,348),((353,(373,309)),(147,(28,((7,303),(106,404))))))),(432,((73,(347,(455,463))),(((33,62),(401,(474,380))),(405,((448,262),(101,473))))))),((189,(278,59)),(((330,(192,(136,419))),((128,(57,487)),((482,47),(491,(493,234))))),(114,((409,318),((291,(116,(158,9))),(360,(13,(173,(166,(264,(299,(194,44)))))))))))))),((((((375,142),(102,(435,22))),(480,((187,356),(11,230)))),(((195,(377,(363,(30,384)))),((51,210),((237,332),((84,119),(333,120))))),((63,(16,(338,270))),(((393,489),(494,(305,240))),((143,161),(188,(1,4))))))),((((66,460),(45,70)),((267,((164,(129,155)),(275,(125,((112,442),(475,90)))))),(43,((376,26),(208,((454,(434,(25,(433,174)))),(159,(197,(94,(402,(3,(181,(476,(198,(242,162))))))))))))))),((((246,244),((417,307),(40,315))),((144,(224,325)),(379,(312,276)))),(((396,(218,361)),((217,253),(422,(145,(310,(21,82)))))),((263,(458,117)),(500,(((283,10),(52,(313,(289,236)))),((273,(41,177)),((350,(50,421)),((241,(20,(150,196))),((378,156),(24,(61,339))))))))))))),(0,(((152,(456,(395,426))),(((288,466),(232,((175,118),((403,223),(132,238))))),((483,((461,108),(345,251))),((((23,(477,71)),(36,(445,153))),((343,(464,294)),(414,(358,(349,(60,138)))))),(((8,(484,220)),(423,(27,95))),((((204,496),(497,((428,18),(133,268)))),(53,((302,281),((74,300),(219,(368,452)))))),(((424,211),(42,(370,(46,(172,(12,123)))))),(((382,334),(207,225)),((257,293),((319,364),((440,6),(450,457)))))))))))),(97,((((228,(385,56)),(374,(248,(38,227)))),(((272,(362,(269,346))),((131,115),(165,216))),((203,(383,55)),(((176,(39,206)),(121,(260,(80,485)))),(((324,124),(89,(69,271))),((((93,331),(359,(398,(365,126)))),(((436,(243,221)),(443,(342,29))),((247,212),(470,(170,(301,(277,254))))))),((453,(151,(296,215))),(258,(((314,407),((408,245),(88,(427,(335,64))))),(((134,430),(391,462)),((110,328),(14,((337,137),(327,87)))))))))))))),(((168,(103,467)),((297,(431,((83,(371,(201,286))),((369,(77,193)),(34,((65,37),(104,479))))))),(((154,(351,((31,180),(5,76)))),((250,397),((469,169),(392,(381,(413,100)))))),(127,(((326,179),(58,(35,(311,(249,171))))),(86,(((492,2),(105,200)),(416,((186,141),(292,(308,490))))))))))),((((320,148),(449,99)),(((429,(437,32)),(72,(178,(67,(135,284))))),((441,(451,(239,(372,352)))),((167,(495,(122,163))),(146,(279,(444,410))))))),((130,(446,184)),((412,((205,498),((79,(92,295)),((209,214),(418,(400,202)))))),((((213,98),(235,(439,471))),(((96,(465,17)),(190,(75,280))),((255,(306,85)),((406,140),(157,420))))),(285,(((49,323),(139,(259,(411,(68,(199,81)))))),((91,(109,((183,261),(415,(336,(222,438)))))),(481,(486,((54,447),(367,(387,(329,354)))))))))))))))))))))))))));
Quartet score is: 1707620208582
Normalized quartet score is: 0.6583622320647796
ASTRAL finished in 377.6 secs
