
================== ASTRAL ===================== 

This is ASTRAL version 4.10.10
Gene trees are treated as unrooted
800 trees read from ASTRALDATA/model.200.500000.0.0000001/29/estimatedgenetre.halfresolved
All output trees will be *arbitrarily* rooted at 178

======== Running the main analysis
Number of taxa: 201 (201 species)
Taxa: [178, 61, 121, 152, 159, 151, 34, 90, 3, 194, 7, 64, 144, 186, 32, 68, 172, 20, 58, 165, 115, 160, 150, 5, 100, 166, 91, 2, 96, 9, 19, 149, 111, 80, 89, 84, 163, 153, 30, 109, 124, 155, 50, 119, 23, 24, 106, 53, 158, 29, 63, 122, 75, 86, 47, 196, 46, 184, 37, 182, 77, 1, 102, 62, 44, 26, 52, 54, 107, 183, 8, 140, 67, 138, 174, 198, 78, 55, 28, 94, 6, 13, 117, 164, 181, 14, 74, 33, 120, 161, 59, 103, 41, 43, 56, 66, 0, 27, 4, 168, 72, 17, 21, 126, 48, 162, 197, 192, 185, 167, 16, 51, 10, 83, 69, 31, 199, 71, 171, 57, 193, 92, 118, 82, 169, 130, 101, 147, 139, 45, 60, 127, 187, 173, 25, 113, 177, 12, 125, 116, 49, 38, 189, 99, 176, 137, 154, 190, 104, 175, 179, 114, 93, 188, 134, 39, 146, 97, 156, 40, 200, 112, 132, 36, 170, 157, 87, 70, 11, 136, 22, 18, 105, 128, 142, 135, 143, 108, 148, 191, 15, 98, 131, 65, 133, 141, 110, 180, 81, 123, 79, 129, 42, 73, 88, 35, 145, 85, 76, 95, 195]
Taxon occupancy: {35=800, 36=800, 159=800, 33=800, 34=800, 158=800, 157=800, 39=800, 156=800, 155=800, 37=800, 154=800, 38=800, 152=800, 153=800, 150=800, 151=800, 43=800, 42=800, 41=800, 40=800, 200=800, 22=800, 169=800, 23=800, 24=800, 25=800, 166=800, 26=800, 27=800, 165=800, 168=800, 28=800, 167=800, 29=800, 3=800, 161=800, 162=800, 2=800, 163=800, 1=800, 0=800, 164=800, 30=800, 7=800, 6=800, 32=800, 5=800, 31=800, 4=800, 160=800, 9=800, 8=800, 19=800, 179=800, 17=800, 18=800, 178=800, 15=800, 177=800, 176=800, 16=800, 13=800, 14=800, 11=800, 12=800, 170=800, 21=800, 171=800, 20=800, 174=800, 175=800, 109=800, 108=800, 172=800, 173=800, 107=800, 106=800, 105=800, 104=800, 103=800, 99=800, 102=800, 101=800, 100=800, 98=800, 97=800, 96=800, 95=800, 94=800, 93=800, 92=800, 91=800, 188=800, 90=800, 187=800, 189=800, 180=800, 10=800, 181=800, 182=800, 183=800, 184=800, 185=800, 186=800, 88=800, 89=800, 116=800, 79=800, 117=800, 114=800, 78=800, 115=800, 77=800, 112=800, 113=800, 110=800, 111=800, 195=800, 194=800, 197=800, 196=800, 191=800, 190=800, 118=800, 193=800, 192=800, 119=800, 198=800, 199=800, 82=800, 83=800, 80=800, 81=800, 86=800, 87=800, 84=800, 85=800, 125=800, 67=800, 126=800, 66=800, 127=800, 69=800, 128=800, 68=800, 121=800, 122=800, 123=800, 124=800, 129=800, 70=800, 71=800, 120=800, 72=800, 73=800, 74=800, 75=800, 76=800, 134=800, 135=800, 132=800, 133=800, 59=800, 58=800, 138=800, 139=800, 57=800, 136=800, 56=800, 137=800, 55=800, 64=800, 65=800, 62=800, 63=800, 131=800, 60=800, 130=800, 61=800, 143=800, 49=800, 48=800, 144=800, 145=800, 146=800, 45=800, 147=800, 148=800, 44=800, 149=800, 47=800, 46=800, 51=800, 52=800, 53=800, 54=800, 140=800, 142=800, 141=800, 50=800}
Number of gene trees: 800
0 trees have missing taxa
Calculating quartet distance matrix (for completion of X)
Species tree distances calculated ...
Building set of clusters (X) from gene trees 
Using tree-based weight calculation.
Number of Default Clusters: 162989
Number of quartet trees in the gene trees: 52503750234
calculating extra bipartitions to be added at level 1 ...
Number of Clusters after addition by distance: 163029
Adding to X using resolutions of greedy consensus ...
Threshold 0.0:
polytomy of size 19; rounds with additions with at least 0.01 support: 13; clusters: 166889
Threshold 0.01:
polytomy of size 4; rounds with additions with at least 0.01 support: 0; clusters: 166891
polytomy of size 3; rounds with additions with at least 0.01 support: 0; clusters: 166891
polytomy of size 29; rounds with additions with at least 0.01 support: 18; clusters: 177667
Threshold 0.02:
polytomy of size 3; rounds with additions with at least 0.01 support: 0; clusters: 177667
polytomy of size 44; rounds with additions with at least 0.01 support: 5; clusters: 204979
Threshold 0.05:
polytomy of size 4; rounds with additions with at least 0.01 support: 0; clusters: 204979
polytomy of size 63; rounds with additions with at least 0.01 support: 1; clusters: 205329
Threshold 0.1:
polytomy of size 5; rounds with additions with at least 0.01 support: 0; clusters: 205329
polytomy of size 78; rounds with additions with at least 0.01 support: 0; clusters: 205623
Threshold 0.2:
polytomy of size 4; rounds with additions with at least 0.01 support: 0; clusters: 205623
polytomy of size 3; rounds with additions with at least 0.01 support: 0; clusters: 205623
polytomy of size 3; rounds with additions with at least 0.01 support: 0; clusters: 205623
polytomy of size 4; rounds with additions with at least 0.01 support: 0; clusters: 205623
Threshold 0.3333333333333333:
polytomy of size 3; rounds with additions with at least 0.01 support: 0; clusters: 205623
polytomy of size 4; rounds with additions with at least 0.01 support: 0; clusters: 205623
polytomy of size 4; rounds with additions with at least 0.01 support: 0; clusters: 205623
polytomy of size 5; rounds with additions with at least 0.01 support: 0; clusters: 205623
Number of Clusters after addition by greedy: 205623
partitions formed in 102.25 secs
Dynamic Programming starting after 102.25 secs
Size of largest cluster: 201
Calculated 100000 weights; time (seconds): 631
Calculated 200000 weights; time (seconds): 579
Calculated 300000 weights; time (seconds): 623
Total Number of elements weighted: 382599
Normalized score (portion of input quartet trees satisfied): 0.4377072133814539
Final optimization score: 22981270207
Optimal tree inferred in 2326.821 secs.
(56,((144,(64,(186,32))),((166,155),(((58,(20,(5,100))),((124,44),(150,174))),(91,((2,(68,23)),((((176,(10,(25,12))),((123,76),(194,7))),(((197,(72,17)),(152,(192,(159,185)))),(90,(151,((121,(27,(4,168))),((126,48),(21,(162,(178,61))))))))),((0,(((169,((8,140),(147,(67,101)))),((107,((130,49),((43,113),(88,(38,189))))),(78,((149,(41,(86,(190,(154,104))))),(164,((34,3),((119,(51,39)),((95,195),(55,116))))))))),(((136,79),(179,(114,(93,188)))),(((138,156),((42,(81,73)),((191,(33,(14,74))),((111,129),(80,30))))),((175,(128,135)),(24,((29,196),(((75,6),(53,158)),((122,13),(106,63)))))))))),((198,(117,(((105,(200,112)),((102,120),(1,(182,77)))),((35,(167,(145,85))),((65,133),((83,(46,180)),((132,(141,110)),((184,157),(36,(87,(170,70))))))))))),(((59,103),((177,11),(115,(143,108)))),((97,(146,40)),((((89,84),(96,(47,(26,(109,50))))),(((69,199),(18,(172,165))),((125,99),((57,193),(82,(171,(92,118))))))),(((163,31),(183,(54,(52,71)))),(((98,(15,131)),(16,(137,(28,161)))),((139,(60,(127,(45,(187,173))))),((160,(62,(9,19))),((142,(94,66)),((181,148),(37,(134,(153,22)))))))))))))))))))));
Quartet score is: 22981270207
Normalized quartet score is: 0.4377072133814539
ASTRAL finished in 2350.592 secs
