
================== ASTRAL ===================== 

This is ASTRAL version 4.10.8
Gene trees are treated as unrooted
1000 trees read from model.50.2000000.0.000001/24/estimatedgenetre.halfresolved
All outputted trees will be *arbitrarily* rooted at 15

======== Running the main analysis
Number of taxa: 51 (51 species)
Taxa: [15, 40, 28, 46, 34, 42, 44, 35, 33, 12, 50, 2, 48, 5, 7, 41, 21, 30, 32, 9, 26, 4, 45, 6, 8, 43, 24, 47, 31, 10, 38, 17, 20, 27, 16, 18, 14, 3, 23, 49, 13, 1, 25, 37, 11, 0, 19, 22, 36, 29, 39]
Taxon occupancy: {35=1000, 36=1000, 33=1000, 34=1000, 39=1000, 37=1000, 38=1000, 43=1000, 42=1000, 41=1000, 40=1000, 22=1000, 23=1000, 24=1000, 25=1000, 26=1000, 27=1000, 28=1000, 29=1000, 3=1000, 2=1000, 1=1000, 0=1000, 30=1000, 7=1000, 6=1000, 32=1000, 5=1000, 4=1000, 31=1000, 9=1000, 8=1000, 19=1000, 17=1000, 18=1000, 15=1000, 16=1000, 13=1000, 14=1000, 11=1000, 12=1000, 21=1000, 20=1000, 49=1000, 48=1000, 45=1000, 44=1000, 47=1000, 46=1000, 10=1000, 50=1000}
Number of gene trees: 1000
0 trees have missing taxa
Calculating quartet distance matrix (for completion of X)
Species tree distances calculated ...
Building set of clusters (X) from gene trees 
Using tree-based weight calculation.
Number of Default Clusters: 4389
Number of quartet trees in the gene trees: 249900000
calculating extra bipartitions to be added at level 1 ...
Number of Clusters after addition by distance: 4389
Adding to X using resolutions of greedy consensus ...
Threshold 0.0:
Threshold 0.01:
Threshold 0.02:
Threshold 0.05:
Threshold 0.1:
Threshold 0.2:
polytomy of size 4; rounds with additions with at least 0.01 support: 0; clusters: 4389
Threshold 0.3333333333333333:
polytomy of size 3; rounds with additions with at least 0.01 support: 0; clusters: 4389
polytomy of size 3; rounds with additions with at least 0.01 support: 0; clusters: 4389
polytomy of size 6; rounds with additions with at least 0.01 support: 0; clusters: 4389
Number of Clusters after addition by greedy: 4389
partitions formed in 2.337 secs
Dynamic Programming starting after 2.337 secs
Size of largest cluster: 51
Size of largest cluster: 51
Total Number of elements weighted: 16629
Normalized score (portion of input quartet trees satisfied): NaN
Final optimization score: 0
Total Number of elements weighted: 16629
Normalized score (portion of input quartet trees satisfied): 0.8079832412965187
Final optimization score: 201915012
Optimal tree inferred in 3.475 secs.
(15,((40,28),(((46,44),(34,42)),((((21,(30,32)),(6,((26,45),(9,4)))),(35,((33,12),(48,((50,2),(5,(7,41))))))),((47,(38,(31,10))),((0,((19,29),(22,(36,39)))),((8,(43,24)),(((17,20),(27,16)),((14,(18,3)),((23,49),(11,(1,(13,(25,37))))))))))))));
Quartet score is: 201915012
Normalized quartet score is: 0.8079832412965187
ASTRAL finished in 4.852 secs
