
================== ASTRAL ===================== 

This is ASTRAL version 4.10.8
Gene trees are treated as unrooted
1000 trees read from model.200.500000.0.0000001/12/estimatedgenetre.halfresolved
All outputted trees will be *arbitrarily* rooted at 196

======== Running the main analysis
Number of taxa: 201 (201 species)
Taxa: [196, 151, 88, 156, 25, 161, 32, 194, 10, 122, 97, 14, 174, 103, 195, 143, 77, 49, 113, 152, 64, 34, 28, 17, 84, 164, 6, 130, 55, 165, 61, 184, 44, 116, 18, 125, 166, 95, 42, 107, 133, 60, 33, 155, 102, 191, 172, 106, 120, 13, 90, 137, 192, 108, 141, 121, 177, 27, 72, 162, 124, 47, 67, 157, 160, 185, 66, 104, 23, 93, 182, 129, 142, 20, 89, 79, 96, 76, 0, 134, 118, 75, 139, 48, 74, 110, 78, 144, 46, 145, 171, 169, 21, 53, 111, 173, 83, 3, 199, 167, 188, 24, 94, 11, 40, 12, 82, 39, 176, 168, 52, 65, 86, 19, 38, 197, 7, 70, 128, 138, 186, 71, 16, 123, 69, 31, 8, 9, 15, 127, 114, 45, 80, 22, 41, 119, 136, 100, 115, 159, 158, 98, 59, 183, 54, 26, 140, 62, 181, 85, 153, 150, 87, 154, 180, 35, 92, 50, 200, 5, 36, 99, 189, 81, 175, 30, 190, 105, 56, 91, 146, 170, 58, 29, 126, 4, 2, 132, 187, 1, 37, 43, 101, 147, 163, 109, 68, 179, 198, 117, 57, 148, 149, 135, 63, 73, 131, 51, 178, 193, 112]
Taxon occupancy: {35=1000, 36=1000, 33=1000, 159=1000, 34=1000, 158=1000, 157=1000, 39=1000, 156=1000, 155=1000, 37=1000, 38=1000, 154=1000, 152=1000, 153=1000, 150=1000, 151=1000, 43=1000, 42=1000, 41=1000, 40=1000, 200=1000, 22=1000, 169=1000, 23=1000, 24=1000, 25=1000, 166=1000, 26=1000, 27=1000, 165=1000, 28=1000, 168=1000, 167=1000, 29=1000, 161=1000, 3=1000, 162=1000, 2=1000, 1=1000, 163=1000, 0=1000, 164=1000, 7=1000, 30=1000, 6=1000, 32=1000, 5=1000, 160=1000, 31=1000, 4=1000, 9=1000, 8=1000, 19=1000, 17=1000, 179=1000, 178=1000, 18=1000, 177=1000, 15=1000, 176=1000, 16=1000, 13=1000, 14=1000, 11=1000, 12=1000, 21=1000, 170=1000, 171=1000, 20=1000, 174=1000, 175=1000, 172=1000, 173=1000, 188=1000, 187=1000, 189=1000, 180=1000, 10=1000, 181=1000, 182=1000, 183=1000, 184=1000, 185=1000, 186=1000, 116=1000, 79=1000, 117=1000, 78=1000, 114=1000, 77=1000, 115=1000, 112=1000, 113=1000, 110=1000, 111=1000, 118=1000, 119=1000, 82=1000, 83=1000, 80=1000, 81=1000, 86=1000, 87=1000, 84=1000, 85=1000, 67=1000, 125=1000, 66=1000, 126=1000, 69=1000, 127=1000, 128=1000, 68=1000, 121=1000, 122=1000, 123=1000, 124=1000, 129=1000, 70=1000, 120=1000, 71=1000, 72=1000, 73=1000, 74=1000, 75=1000, 76=1000, 134=1000, 135=1000, 132=1000, 133=1000, 59=1000, 138=1000, 58=1000, 139=1000, 57=1000, 136=1000, 56=1000, 137=1000, 55=1000, 64=1000, 65=1000, 62=1000, 63=1000, 131=1000, 60=1000, 130=1000, 61=1000, 49=1000, 143=1000, 144=1000, 48=1000, 145=1000, 146=1000, 45=1000, 147=1000, 44=1000, 148=1000, 149=1000, 47=1000, 46=1000, 51=1000, 52=1000, 53=1000, 54=1000, 140=1000, 142=1000, 141=1000, 50=1000, 109=1000, 108=1000, 107=1000, 106=1000, 105=1000, 104=1000, 103=1000, 102=1000, 99=1000, 101=1000, 100=1000, 98=1000, 97=1000, 96=1000, 95=1000, 94=1000, 93=1000, 92=1000, 91=1000, 90=1000, 88=1000, 89=1000, 195=1000, 194=1000, 197=1000, 196=1000, 191=1000, 190=1000, 193=1000, 192=1000, 198=1000, 199=1000}
Number of gene trees: 1000
0 trees have missing taxa
Calculating quartet distance matrix (for completion of X)
Species tree distances calculated ...
Building set of clusters (X) from gene trees 
Using tree-based weight calculation.
Number of Default Clusters: 154457
Number of quartet trees in the gene trees: 65998350000
calculating extra bipartitions to be added at level 1 ...
Number of Clusters after addition by distance: 154493
Adding to X using resolutions of greedy consensus ...
Threshold 0.0:
polytomy of size 15; rounds with additions with at least 0.01 support: 11; clusters: 155713
Threshold 0.01:
polytomy of size 34; rounds with additions with at least 0.01 support: 7; clusters: 164247
Threshold 0.02:
polytomy of size 3; rounds with additions with at least 0.01 support: 0; clusters: 164247
polytomy of size 41; rounds with additions with at least 0.01 support: 2; clusters: 175527
Threshold 0.05:
polytomy of size 4; rounds with additions with at least 0.01 support: 0; clusters: 175527
polytomy of size 49; rounds with additions with at least 0.01 support: 0; clusters: 175735
Threshold 0.1:
polytomy of size 67; rounds with additions with at least 0.01 support: 0; clusters: 176055
Threshold 0.2:
polytomy of size 4; rounds with additions with at least 0.01 support: 0; clusters: 176055
polytomy of size 4; rounds with additions with at least 0.01 support: 0; clusters: 176055
polytomy of size 4; rounds with additions with at least 0.01 support: 0; clusters: 176055
polytomy of size 82; rounds with additions with at least 0.01 support: 0; clusters: 176055
Threshold 0.3333333333333333:
polytomy of size 3; rounds with additions with at least 0.01 support: 0; clusters: 176055
polytomy of size 3; rounds with additions with at least 0.01 support: 0; clusters: 176055
polytomy of size 3; rounds with additions with at least 0.01 support: 0; clusters: 176055
polytomy of size 4; rounds with additions with at least 0.01 support: 0; clusters: 176055
polytomy of size 4; rounds with additions with at least 0.01 support: 0; clusters: 176055
polytomy of size 3; rounds with additions with at least 0.01 support: 0; clusters: 176055
Number of Clusters after addition by greedy: 176055
partitions formed in 986.224 secs
Dynamic Programming starting after 986.225 secs
Size of largest cluster: 201
Size of largest cluster: 201
Calculated 100000 weights; time (seconds): 1011
Calculated 200000 weights; time (seconds): 34
Calculated 300000 weights; time (seconds): 225
Calculated 400000 weights; time (seconds): 617
Total Number of elements weighted: 409385
Normalized score (portion of input quartet trees satisfied): NaN
Final optimization score: 0
Total Number of elements weighted: 409385
Normalized score (portion of input quartet trees satisfied): 0.4778845042489699
Final optimization score: 31539588771
Optimal tree inferred in 1954.809 secs.
(196,((43,(12,101)),((51,178),(((146,170),((56,91),(58,29))),(52,((73,(((4,2),(39,(82,176))),(131,((49,113),(143,(195,(103,77))))))),(((186,((104,190),(180,(35,(92,50))))),(((193,112),(63,(149,135))),(189,((17,(84,99)),(175,(81,30)))))),(((98,(59,(183,54))),((126,132),(187,(152,(147,163))))),(((34,(64,28)),(((57,148),(156,(61,(55,(130,(6,165)))))),((166,(18,125)),(((107,(95,42)),(133,(184,(44,116)))),((36,(200,(198,117))),((33,155),(60,5))))))),(168,(((26,140),(71,(16,123))),(164,(0,(((105,109),(157,((74,110),((197,7),(65,(86,(19,38))))))),(((62,((78,(145,(144,46))),(53,(21,((111,173),(171,169)))))),((14,(97,(174,(32,194)))),((10,122),((106,120),(13,((137,(90,192)),(102,(191,172)))))))),((151,88),(((83,(3,(138,(70,128)))),(((142,(66,94)),(199,(167,(185,(188,24))))),((93,(182,(129,68))),(11,((134,48),(75,(40,(118,139)))))))),(((72,(1,37)),(27,(162,124))),((23,((160,(47,67)),(108,(25,(161,179))))),((((8,9),(31,(69,(15,127)))),((141,45),(114,((121,177),(115,(136,100)))))),(((20,85),(181,87)),(((159,158),(154,(153,150))),((76,(96,119)),(80,((22,41),(89,79))))))))))))))))))))))))));
Quartet score is: 31539588771
Normalized quartet score is: 0.4778845042489699
ASTRAL finished in 2031.292 secs
