
================== ASTRAL ===================== 

This is ASTRAL version 4.10.10
Gene trees are treated as unrooted
1000 trees read from ASTRALDATA/model.1000.2000000.0.000001/50/estimatedgenetre.halfresolved
All output trees will be *arbitrarily* rooted at 739

======== Running the main analysis
Number of taxa: 1001 (1001 species)
Taxa: [739, 174, 794, 959, 799, 236, 264, 319, 815, 723, 457, 286, 505, 737, 967, 367, 841, 101, 889, 573, 396, 189, 702, 624, 821, 535, 886, 730, 243, 833, 53, 47, 502, 771, 938, 150, 549, 987, 547, 57, 820, 789, 692, 867, 190, 155, 386, 850, 757, 200, 89, 143, 901, 708, 488, 946, 305, 2, 930, 556, 165, 246, 827, 511, 617, 869, 240, 575, 808, 464, 480, 198, 45, 722, 777, 999, 934, 442, 25, 976, 167, 22, 169, 164, 68, 48, 636, 6, 12, 463, 891, 533, 504, 71, 9, 824, 345, 310, 700, 436, 132, 80, 226, 493, 577, 43, 953, 7, 134, 943, 56, 813, 183, 720, 830, 466, 276, 359, 67, 3, 917, 607, 989, 109, 545, 949, 251, 779, 846, 49, 39, 44, 835, 512, 117, 823, 518, 668, 960, 260, 508, 645, 509, 748, 596, 979, 180, 331, 677, 244, 0, 552, 661, 879, 58, 893, 801, 237, 919, 348, 201, 90, 378, 261, 341, 222, 662, 213, 741, 435, 538, 323, 94, 812, 202, 507, 506, 576, 674, 931, 707, 711, 541, 583, 8, 382, 327, 860, 20, 682, 255, 412, 972, 391, 743, 906, 773, 982, 267, 481, 332, 403, 606, 259, 618, 394, 458, 755, 788, 314, 107, 734, 282, 115, 615, 377, 369, 993, 187, 602, 365, 159, 798, 279, 5, 140, 235, 383, 100, 423, 603, 974, 971, 491, 997, 497, 781, 141, 212, 252, 475, 97, 718, 245, 395, 248, 227, 725, 515, 360, 726, 610, 715, 733, 804, 817, 838, 758, 445, 829, 354, 569, 923, 613, 643, 513, 350, 110, 836, 33, 153, 874, 199, 648, 318, 551, 968, 122, 681, 321, 127, 465, 398, 290, 754, 102, 709, 890, 69, 268, 444, 27, 908, 291, 66, 10, 554, 897, 691, 74, 932, 717, 277, 750, 61, 619, 440, 16, 909, 441, 895, 819, 196, 599, 539, 884, 376, 747, 666, 119, 145, 453, 991, 690, 41, 434, 902, 531, 148, 947, 126, 749, 652, 763, 338, 193, 224, 644, 654, 642, 60, 452, 256, 192, 62, 540, 637, 914, 456, 387, 351, 116, 565, 231, 646, 496, 157, 818, 390, 485, 229, 364, 347, 210, 266, 996, 952, 130, 926, 546, 232, 79, 104, 783, 560, 878, 529, 330, 582, 156, 766, 230, 405, 534, 388, 816, 664, 326, 678, 969, 555, 92, 918, 601, 659, 95, 207, 477, 760, 96, 920, 135, 181, 785, 880, 214, 928, 501, 142, 986, 797, 225, 380, 78, 900, 123, 945, 704, 273, 868, 520, 787, 746, 942, 467, 178, 320, 641, 694, 778, 767, 158, 241, 270, 887, 873, 447, 425, 301, 916, 424, 64, 882, 633, 37, 197, 385, 337, 992, 782, 793, 433, 705, 203, 712, 163, 956, 795, 840, 152, 498, 825, 669, 162, 417, 672, 168, 686, 866, 941, 38, 657, 171, 578, 83, 26, 950, 392, 42, 216, 574, 420, 784, 131, 592, 806, 623, 375, 88, 585, 103, 564, 776, 653, 842, 112, 72, 839, 204, 710, 955, 981, 32, 667, 490, 620, 831, 194, 186, 336, 316, 289, 371, 735, 293, 343, 584, 63, 517, 82, 114, 834, 492, 948, 185, 998, 146, 622, 223, 28, 604, 325, 17, 262, 514, 238, 31, 309, 978, 476, 673, 128, 639, 847, 55, 413, 324, 209, 431, 964, 334, 985, 894, 855, 272, 716, 796, 284, 472, 660, 75, 13, 566, 432, 628, 853, 570, 81, 206, 304, 595, 448, 629, 536, 30, 670, 655, 832, 120, 51, 73, 572, 724, 1000, 845, 647, 980, 951, 995, 634, 439, 85, 294, 4, 374, 924, 182, 281, 106, 958, 499, 651, 608, 876, 50, 929, 361, 462, 753, 611, 925, 482, 24, 768, 487, 883, 250, 137, 258, 188, 857, 335, 581, 856, 745, 871, 548, 559, 175, 786, 342, 516, 18, 357, 124, 562, 108, 912, 147, 249, 571, 77, 138, 344, 404, 362, 409, 598, 400, 408, 121, 994, 524, 389, 454, 84, 220, 274, 160, 426, 791, 151, 105, 494, 455, 764, 898, 393, 300, 790, 744, 975, 621, 854, 468, 263, 542, 688, 597, 593, 352, 205, 461, 557, 113, 885, 133, 381, 626, 736, 553, 761, 217, 86, 632, 176, 333, 550, 402, 526, 699, 970, 939, 990, 257, 340, 665, 253, 685, 414, 954, 696, 418, 792, 339, 366, 697, 616, 76, 805, 422, 166, 530, 184, 899, 346, 683, 701, 478, 275, 558, 297, 19, 962, 429, 851, 322, 195, 863, 671, 848, 881, 961, 474, 695, 449, 936, 469, 875, 849, 896, 650, 484, 977, 907, 473, 307, 177, 285, 139, 129, 111, 532, 328, 807, 401, 586, 625, 489, 983, 738, 154, 278, 242, 638, 384, 772, 957, 443, 859, 588, 125, 870, 963, 563, 973, 280, 358, 525, 675, 299, 118, 567, 719, 233, 937, 522, 680, 483, 211, 844, 161, 329, 828, 93, 892, 775, 640, 397, 965, 500, 600, 215, 23, 751, 904, 731, 218, 269, 407, 594, 35, 759, 438, 191, 295, 591, 470, 312, 1, 471, 605, 800, 631, 903, 228, 173, 609, 762, 29, 910, 519, 271, 356, 727, 590, 984, 311, 144, 239, 450, 913, 627, 98, 59, 406, 728, 568, 752, 877, 91, 663, 40, 713, 729, 721, 70, 446, 411, 479, 421, 814, 410, 809, 693, 864, 355, 265, 933, 65, 580, 684, 219, 756, 287, 656, 296, 802, 303, 911, 254, 363, 822, 922, 428, 714, 528, 416, 11, 589, 379, 579, 99, 780, 944, 302, 587, 15, 630, 774, 803, 36, 149, 676, 21, 858, 292, 862, 679, 317, 935, 298, 732, 14, 349, 523, 306, 313, 54, 843, 826, 353, 370, 234, 503, 415, 940, 837, 905, 861, 368, 34, 561, 172, 460, 430, 136, 537, 419, 208, 221, 852, 703, 52, 170, 247, 770, 635, 698, 510, 544, 742, 427, 811, 451, 495, 706, 612, 658, 437, 915, 372, 769, 649, 865, 921, 283, 543, 689, 399, 521, 486, 288, 459, 888, 872, 614, 46, 740, 527, 988, 765, 179, 810, 927, 315, 687, 308, 87, 966, 373]
Taxon occupancy: {338=1000, 339=1000, 941=1000, 942=1000, 940=1000, 332=1000, 945=1000, 946=1000, 333=1000, 330=1000, 943=1000, 944=1000, 331=1000, 949=1000, 336=1000, 337=1000, 947=1000, 334=1000, 948=1000, 335=1000, 531=1000, 748=1000, 747=1000, 530=1000, 746=1000, 745=1000, 535=1000, 534=1000, 533=1000, 749=1000, 532=1000, 740=1000, 539=1000, 538=1000, 537=1000, 536=1000, 744=1000, 743=1000, 742=1000, 741=1000, 349=1000, 930=1000, 931=1000, 932=1000, 341=1000, 933=1000, 342=1000, 934=1000, 343=1000, 935=1000, 344=1000, 345=1000, 936=1000, 937=1000, 346=1000, 347=1000, 938=1000, 348=1000, 939=1000, 540=1000, 3=1000, 735=1000, 734=1000, 2=1000, 929=1000, 1=1000, 737=1000, 542=1000, 0=1000, 541=1000, 736=1000, 544=1000, 739=1000, 7=1000, 543=1000, 738=1000, 6=1000, 546=1000, 5=1000, 340=1000, 545=1000, 4=1000, 548=1000, 547=1000, 9=1000, 549=1000, 8=1000, 731=1000, 730=1000, 733=1000, 732=1000, 920=1000, 318=1000, 319=1000, 316=1000, 317=1000, 927=1000, 314=1000, 315=1000, 928=1000, 312=1000, 925=1000, 313=1000, 926=1000, 923=1000, 310=1000, 311=1000, 924=1000, 921=1000, 922=1000, 513=1000, 729=1000, 512=1000, 728=1000, 511=1000, 510=1000, 727=1000, 726=1000, 725=1000, 919=1000, 724=1000, 723=1000, 918=1000, 722=1000, 721=1000, 519=1000, 720=1000, 518=1000, 517=1000, 516=1000, 515=1000, 514=1000, 327=1000, 328=1000, 329=1000, 914=1000, 323=1000, 915=1000, 324=1000, 916=1000, 325=1000, 917=1000, 326=1000, 910=1000, 709=1000, 911=1000, 320=1000, 321=1000, 912=1000, 913=1000, 322=1000, 522=1000, 717=1000, 521=1000, 716=1000, 719=1000, 524=1000, 523=1000, 718=1000, 713=1000, 908=1000, 712=1000, 907=1000, 715=1000, 520=1000, 714=1000, 909=1000, 529=1000, 711=1000, 710=1000, 526=1000, 525=1000, 528=1000, 527=1000, 989=1000, 988=1000, 987=1000, 571=1000, 570=1000, 982=1000, 981=1000, 980=1000, 986=1000, 985=1000, 984=1000, 983=1000, 700=1000, 703=1000, 574=1000, 575=1000, 704=1000, 572=1000, 701=1000, 702=1000, 573=1000, 707=1000, 578=1000, 579=1000, 708=1000, 576=1000, 705=1000, 706=1000, 577=1000, 977=1000, 976=1000, 979=1000, 300=1000, 978=1000, 302=1000, 580=1000, 301=1000, 582=1000, 304=1000, 303=1000, 581=1000, 306=1000, 305=1000, 308=1000, 971=1000, 970=1000, 307=1000, 973=1000, 972=1000, 309=1000, 975=1000, 974=1000, 583=1000, 584=1000, 585=1000, 586=1000, 587=1000, 588=1000, 589=1000, 969=1000, 968=1000, 967=1000, 966=1000, 965=1000, 964=1000, 963=1000, 962=1000, 961=1000, 960=1000, 558=1000, 559=1000, 556=1000, 557=1000, 554=1000, 555=1000, 552=1000, 553=1000, 550=1000, 551=1000, 959=1000, 958=1000, 560=1000, 955=1000, 954=1000, 957=1000, 956=1000, 951=1000, 950=1000, 953=1000, 952=1000, 569=1000, 565=1000, 566=1000, 567=1000, 568=1000, 561=1000, 562=1000, 563=1000, 564=1000, 799=1000, 798=1000, 797=1000, 796=1000, 795=1000, 794=1000, 793=1000, 792=1000, 996=1000, 790=1000, 997=1000, 791=1000, 994=1000, 995=1000, 992=1000, 993=1000, 990=1000, 991=1000, 998=1000, 999=1000, 781=1000, 782=1000, 783=1000, 784=1000, 785=1000, 786=1000, 787=1000, 788=1000, 789=1000, 780=1000, 772=1000, 505=1000, 773=1000, 506=1000, 770=1000, 503=1000, 504=1000, 771=1000, 509=1000, 776=1000, 777=1000, 774=1000, 507=1000, 775=1000, 508=1000, 778=1000, 779=1000, 501=1000, 502=1000, 500=1000, 763=1000, 764=1000, 765=1000, 766=1000, 760=1000, 761=1000, 762=1000, 767=1000, 768=1000, 769=1000, 754=1000, 755=1000, 752=1000, 753=1000, 750=1000, 751=1000, 758=1000, 759=1000, 756=1000, 757=1000, 595=1000, 594=1000, 391=1000, 597=1000, 390=1000, 596=1000, 599=1000, 393=1000, 392=1000, 598=1000, 395=1000, 394=1000, 396=1000, 397=1000, 398=1000, 399=1000, 590=1000, 591=1000, 592=1000, 593=1000, 383=1000, 384=1000, 381=1000, 382=1000, 380=1000, 389=1000, 388=1000, 387=1000, 386=1000, 385=1000, 370=1000, 371=1000, 372=1000, 373=1000, 379=1000, 378=1000, 375=1000, 374=1000, 377=1000, 376=1000, 361=1000, 362=1000, 360=1000, 366=1000, 365=1000, 364=1000, 363=1000, 369=1000, 368=1000, 367=1000, 350=1000, 351=1000, 353=1000, 352=1000, 355=1000, 354=1000, 357=1000, 356=1000, 359=1000, 358=1000, 806=1000, 807=1000, 804=1000, 805=1000, 802=1000, 803=1000, 800=1000, 801=1000, 159=1000, 158=1000, 157=1000, 156=1000, 155=1000, 154=1000, 601=1000, 152=1000, 600=1000, 153=1000, 150=1000, 151=1000, 609=1000, 608=1000, 607=1000, 606=1000, 605=1000, 604=1000, 603=1000, 602=1000, 202=1000, 203=1000, 204=1000, 205=1000, 200=1000, 201=1000, 169=1000, 206=1000, 166=1000, 165=1000, 207=1000, 208=1000, 168=1000, 167=1000, 209=1000, 161=1000, 409=1000, 162=1000, 408=1000, 163=1000, 164=1000, 405=1000, 404=1000, 407=1000, 406=1000, 160=1000, 401=1000, 400=1000, 403=1000, 402=1000, 211=1000, 824=1000, 212=1000, 825=1000, 822=1000, 210=1000, 823=1000, 215=1000, 828=1000, 829=1000, 216=1000, 826=1000, 213=1000, 827=1000, 214=1000, 179=1000, 219=1000, 178=1000, 217=1000, 177=1000, 218=1000, 176=1000, 820=1000, 821=1000, 170=1000, 418=1000, 417=1000, 171=1000, 416=1000, 415=1000, 174=1000, 623=1000, 622=1000, 175=1000, 172=1000, 621=1000, 419=1000, 173=1000, 620=1000, 410=1000, 627=1000, 626=1000, 625=1000, 819=1000, 624=1000, 414=1000, 413=1000, 412=1000, 629=1000, 411=1000, 628=1000, 811=1000, 220=1000, 221=1000, 812=1000, 813=1000, 222=1000, 814=1000, 223=1000, 224=1000, 815=1000, 816=1000, 225=1000, 817=1000, 226=1000, 818=1000, 227=1000, 228=1000, 188=1000, 229=1000, 187=1000, 189=1000, 810=1000, 427=1000, 180=1000, 426=1000, 181=1000, 429=1000, 428=1000, 182=1000, 610=1000, 183=1000, 184=1000, 612=1000, 185=1000, 186=1000, 611=1000, 614=1000, 809=1000, 613=1000, 808=1000, 421=1000, 616=1000, 615=1000, 420=1000, 423=1000, 618=1000, 617=1000, 422=1000, 425=1000, 619=1000, 424=1000, 843=1000, 116=1000, 117=1000, 842=1000, 841=1000, 114=1000, 115=1000, 840=1000, 112=1000, 113=1000, 110=1000, 111=1000, 849=1000, 848=1000, 847=1000, 846=1000, 118=1000, 845=1000, 844=1000, 119=1000, 435=1000, 436=1000, 433=1000, 434=1000, 431=1000, 432=1000, 430=1000, 439=1000, 437=1000, 438=1000, 125=1000, 830=1000, 126=1000, 127=1000, 832=1000, 831=1000, 128=1000, 121=1000, 122=1000, 123=1000, 124=1000, 838=1000, 837=1000, 839=1000, 834=1000, 129=1000, 833=1000, 836=1000, 835=1000, 444=1000, 445=1000, 446=1000, 447=1000, 440=1000, 441=1000, 442=1000, 443=1000, 120=1000, 448=1000, 449=1000, 861=1000, 134=1000, 860=1000, 135=1000, 132=1000, 133=1000, 865=1000, 138=1000, 864=1000, 139=1000, 136=1000, 863=1000, 862=1000, 137=1000, 869=1000, 868=1000, 867=1000, 866=1000, 450=1000, 453=1000, 454=1000, 451=1000, 452=1000, 457=1000, 458=1000, 455=1000, 456=1000, 459=1000, 131=1000, 130=1000, 143=1000, 144=1000, 145=1000, 850=1000, 146=1000, 852=1000, 147=1000, 148=1000, 851=1000, 149=1000, 854=1000, 853=1000, 856=1000, 855=1000, 858=1000, 857=1000, 859=1000, 461=1000, 460=1000, 462=1000, 463=1000, 464=1000, 465=1000, 466=1000, 467=1000, 468=1000, 469=1000, 140=1000, 142=1000, 141=1000, 687=1000, 686=1000, 689=1000, 688=1000, 683=1000, 682=1000, 685=1000, 684=1000, 888=1000, 889=1000, 884=1000, 885=1000, 680=1000, 886=1000, 681=1000, 887=1000, 880=1000, 881=1000, 882=1000, 883=1000, 678=1000, 677=1000, 676=1000, 675=1000, 674=1000, 673=1000, 672=1000, 671=1000, 679=1000, 879=1000, 877=1000, 878=1000, 875=1000, 670=1000, 876=1000, 873=1000, 874=1000, 871=1000, 872=1000, 870=1000, 696=1000, 695=1000, 694=1000, 693=1000, 890=1000, 699=1000, 698=1000, 697=1000, 899=1000, 893=1000, 894=1000, 891=1000, 892=1000, 691=1000, 897=1000, 692=1000, 898=1000, 895=1000, 690=1000, 896=1000, 646=1000, 647=1000, 648=1000, 649=1000, 642=1000, 195=1000, 643=1000, 194=1000, 644=1000, 197=1000, 196=1000, 645=1000, 191=1000, 190=1000, 640=1000, 193=1000, 192=1000, 641=1000, 198=1000, 199=1000, 639=1000, 637=1000, 638=1000, 635=1000, 636=1000, 633=1000, 634=1000, 631=1000, 632=1000, 630=1000, 668=1000, 669=1000, 660=1000, 661=1000, 662=1000, 663=1000, 664=1000, 665=1000, 666=1000, 667=1000, 659=1000, 657=1000, 658=1000, 651=1000, 652=1000, 650=1000, 655=1000, 656=1000, 653=1000, 654=1000, 35=1000, 36=1000, 33=1000, 34=1000, 39=1000, 37=1000, 38=1000, 43=1000, 42=1000, 41=1000, 40=1000, 22=1000, 23=1000, 24=1000, 25=1000, 26=1000, 27=1000, 28=1000, 29=1000, 30=1000, 32=1000, 31=1000, 19=1000, 17=1000, 18=1000, 15=1000, 16=1000, 13=1000, 14=1000, 11=1000, 12=1000, 21=1000, 20=1000, 10=1000, 79=1000, 78=1000, 77=1000, 82=1000, 83=1000, 80=1000, 81=1000, 86=1000, 87=1000, 84=1000, 85=1000, 67=1000, 66=1000, 69=1000, 68=1000, 70=1000, 71=1000, 72=1000, 73=1000, 74=1000, 75=1000, 76=1000, 59=1000, 58=1000, 57=1000, 56=1000, 55=1000, 64=1000, 65=1000, 62=1000, 63=1000, 60=1000, 61=1000, 49=1000, 48=1000, 45=1000, 44=1000, 47=1000, 46=1000, 51=1000, 52=1000, 53=1000, 54=1000, 50=1000, 281=1000, 487=1000, 486=1000, 280=1000, 485=1000, 484=1000, 285=1000, 284=1000, 283=1000, 489=1000, 282=1000, 488=1000, 288=1000, 289=1000, 286=1000, 287=1000, 482=1000, 483=1000, 480=1000, 481=1000, 474=1000, 473=1000, 270=1000, 476=1000, 475=1000, 272=1000, 478=1000, 271=1000, 477=1000, 274=1000, 479=1000, 273=1000, 275=1000, 276=1000, 277=1000, 278=1000, 279=1000, 470=1000, 471=1000, 472=1000, 1000=1000, 109=1000, 108=1000, 107=1000, 106=1000, 105=1000, 104=1000, 103=1000, 99=1000, 102=1000, 101=1000, 100=1000, 98=1000, 97=1000, 96=1000, 95=1000, 94=1000, 93=1000, 92=1000, 91=1000, 90=1000, 294=1000, 293=1000, 499=1000, 296=1000, 295=1000, 496=1000, 290=1000, 495=1000, 292=1000, 498=1000, 291=1000, 497=1000, 491=1000, 492=1000, 493=1000, 494=1000, 297=1000, 298=1000, 299=1000, 490=1000, 88=1000, 89=1000, 240=1000, 241=1000, 245=1000, 244=1000, 243=1000, 242=1000, 249=1000, 248=1000, 247=1000, 246=1000, 230=1000, 239=1000, 232=1000, 231=1000, 234=1000, 233=1000, 236=1000, 235=1000, 238=1000, 237=1000, 262=1000, 263=1000, 260=1000, 261=1000, 269=1000, 268=1000, 267=1000, 266=1000, 265=1000, 264=1000, 250=1000, 251=1000, 252=1000, 904=1000, 258=1000, 903=1000, 257=1000, 906=1000, 905=1000, 259=1000, 254=1000, 900=1000, 253=1000, 256=1000, 902=1000, 901=1000, 255=1000}
Number of gene trees: 1000
0 trees have missing taxa
Calculating quartet distance matrix (for completion of X)
Species tree distances calculated ...
Building set of clusters (X) from gene trees 
Using tree-based weight calculation.
Number of Default Clusters: 238157
Number of quartet trees in the gene trees: 41583291706097
calculating extra bipartitions to be added at level 1 ...
Number of Clusters after addition by distance: 238167
Adding to X using resolutions of greedy consensus ...
Threshold 0.0:
polytomy of size 9; rounds with additions with at least 0.01 support: 20; clusters: 238441
Threshold 0.01:
polytomy of size 3; rounds with additions with at least 0.01 support: 0; clusters: 238441
polytomy of size 19; rounds with additions with at least 0.01 support: 3; clusters: 239321
Threshold 0.02:
polytomy of size 28; rounds with additions with at least 0.01 support: 1; clusters: 241569
Threshold 0.05:
polytomy of size 40; rounds with additions with at least 0.01 support: 0; clusters: 241609
Threshold 0.1:
polytomy of size 3; rounds with additions with at least 0.01 support: 0; clusters: 241609
polytomy of size 3; rounds with additions with at least 0.01 support: 0; clusters: 241609
polytomy of size 3; rounds with additions with at least 0.01 support: 0; clusters: 241609
polytomy of size 4; rounds with additions with at least 0.01 support: 0; clusters: 241609
polytomy of size 3; rounds with additions with at least 0.01 support: 0; clusters: 241609
polytomy of size 3; rounds with additions with at least 0.01 support: 0; clusters: 241609
polytomy of size 3; rounds with additions with at least 0.01 support: 0; clusters: 241609
polytomy of size 3; rounds with additions with at least 0.01 support: 0; clusters: 241609
polytomy of size 3; rounds with additions with at least 0.01 support: 0; clusters: 241609
polytomy of size 50; rounds with additions with at least 0.01 support: 0; clusters: 241635
Threshold 0.2:
polytomy of size 5; rounds with additions with at least 0.01 support: 0; clusters: 241635
polytomy of size 3; rounds with additions with at least 0.01 support: 0; clusters: 241635
polytomy of size 3; rounds with additions with at least 0.01 support: 0; clusters: 241635
polytomy of size 6; rounds with additions with at least 0.01 support: 0; clusters: 241635
polytomy of size 5; rounds with additions with at least 0.01 support: 0; clusters: 241635
polytomy of size 3; rounds with additions with at least 0.01 support: 0; clusters: 241635
polytomy of size 4; rounds with additions with at least 0.01 support: 0; clusters: 241635
polytomy of size 3; rounds with additions with at least 0.01 support: 0; clusters: 241635
polytomy of size 3; rounds with additions with at least 0.01 support: 0; clusters: 241635
polytomy of size 4; rounds with additions with at least 0.01 support: 0; clusters: 241635
polytomy of size 4; rounds with additions with at least 0.01 support: 0; clusters: 241635
polytomy of size 3; rounds with additions with at least 0.01 support: 0; clusters: 241635
polytomy of size 4; rounds with additions with at least 0.01 support: 0; clusters: 241635
polytomy of size 4; rounds with additions with at least 0.01 support: 0; clusters: 241635
polytomy of size 3; rounds with additions with at least 0.01 support: 0; clusters: 241635
polytomy of size 3; rounds with additions with at least 0.01 support: 0; clusters: 241635
polytomy of size 3; rounds with additions with at least 0.01 support: 0; clusters: 241635
polytomy of size 3; rounds with additions with at least 0.01 support: 0; clusters: 241635
polytomy of size 5; rounds with additions with at least 0.01 support: 0; clusters: 241635
polytomy of size 3; rounds with additions with at least 0.01 support: 0; clusters: 241635
polytomy of size 3; rounds with additions with at least 0.01 support: 0; clusters: 241635
polytomy of size 4; rounds with additions with at least 0.01 support: 0; clusters: 241635
polytomy of size 4; rounds with additions with at least 0.01 support: 0; clusters: 241635
polytomy of size 5; rounds with additions with at least 0.01 support: 0; clusters: 241635
polytomy of size 4; rounds with additions with at least 0.01 support: 0; clusters: 241635
polytomy of size 80; rounds with additions with at least 0.01 support: 0; clusters: 241661
Threshold 0.3333333333333333:
polytomy of size 4; rounds with additions with at least 0.01 support: 0; clusters: 241661
polytomy of size 4; rounds with additions with at least 0.01 support: 0; clusters: 241661
polytomy of size 7; rounds with additions with at least 0.01 support: 0; clusters: 241661
polytomy of size 4; rounds with additions with at least 0.01 support: 0; clusters: 241661
polytomy of size 7; rounds with additions with at least 0.01 support: 0; clusters: 241661
polytomy of size 4; rounds with additions with at least 0.01 support: 0; clusters: 241661
polytomy of size 4; rounds with additions with at least 0.01 support: 0; clusters: 241661
polytomy of size 3; rounds with additions with at least 0.01 support: 0; clusters: 241661
polytomy of size 3; rounds with additions with at least 0.01 support: 0; clusters: 241661
polytomy of size 8; rounds with additions with at least 0.01 support: 0; clusters: 241675
polytomy of size 3; rounds with additions with at least 0.01 support: 0; clusters: 241675
polytomy of size 4; rounds with additions with at least 0.01 support: 0; clusters: 241675
polytomy of size 6; rounds with additions with at least 0.01 support: 0; clusters: 241675
polytomy of size 3; rounds with additions with at least 0.01 support: 0; clusters: 241675
polytomy of size 3; rounds with additions with at least 0.01 support: 0; clusters: 241675
polytomy of size 3; rounds with additions with at least 0.01 support: 0; clusters: 241675
polytomy of size 3; rounds with additions with at least 0.01 support: 0; clusters: 241675
polytomy of size 3; rounds with additions with at least 0.01 support: 0; clusters: 241675
polytomy of size 3; rounds with additions with at least 0.01 support: 0; clusters: 241675
polytomy of size 3; rounds with additions with at least 0.01 support: 0; clusters: 241675
polytomy of size 3; rounds with additions with at least 0.01 support: 0; clusters: 241675
polytomy of size 3; rounds with additions with at least 0.01 support: 0; clusters: 241675
polytomy of size 4; rounds with additions with at least 0.01 support: 0; clusters: 241675
polytomy of size 5; rounds with additions with at least 0.01 support: 0; clusters: 241675
polytomy of size 3; rounds with additions with at least 0.01 support: 0; clusters: 241675
polytomy of size 5; rounds with additions with at least 0.01 support: 0; clusters: 241675
polytomy of size 5; rounds with additions with at least 0.01 support: 0; clusters: 241675
polytomy of size 6; rounds with additions with at least 0.01 support: 0; clusters: 241675
polytomy of size 5; rounds with additions with at least 0.01 support: 0; clusters: 241675
polytomy of size 4; rounds with additions with at least 0.01 support: 0; clusters: 241675
polytomy of size 3; rounds with additions with at least 0.01 support: 0; clusters: 241675
polytomy of size 3; rounds with additions with at least 0.01 support: 0; clusters: 241675
polytomy of size 4; rounds with additions with at least 0.01 support: 0; clusters: 241675
polytomy of size 4; rounds with additions with at least 0.01 support: 0; clusters: 241675
polytomy of size 4; rounds with additions with at least 0.01 support: 0; clusters: 241675
polytomy of size 3; rounds with additions with at least 0.01 support: 0; clusters: 241675
polytomy of size 4; rounds with additions with at least 0.01 support: 0; clusters: 241675
polytomy of size 3; rounds with additions with at least 0.01 support: 0; clusters: 241675
polytomy of size 5; rounds with additions with at least 0.01 support: 0; clusters: 241675
polytomy of size 3; rounds with additions with at least 0.01 support: 0; clusters: 241675
polytomy of size 3; rounds with additions with at least 0.01 support: 0; clusters: 241675
polytomy of size 3; rounds with additions with at least 0.01 support: 0; clusters: 241675
polytomy of size 4; rounds with additions with at least 0.01 support: 0; clusters: 241675
polytomy of size 5; rounds with additions with at least 0.01 support: 0; clusters: 241675
polytomy of size 5; rounds with additions with at least 0.01 support: 0; clusters: 241675
polytomy of size 3; rounds with additions with at least 0.01 support: 0; clusters: 241675
polytomy of size 4; rounds with additions with at least 0.01 support: 0; clusters: 241675
polytomy of size 3; rounds with additions with at least 0.01 support: 0; clusters: 241675
polytomy of size 5; rounds with additions with at least 0.01 support: 0; clusters: 241675
polytomy of size 4; rounds with additions with at least 0.01 support: 0; clusters: 241675
polytomy of size 3; rounds with additions with at least 0.01 support: 0; clusters: 241675
polytomy of size 3; rounds with additions with at least 0.01 support: 0; clusters: 241675
polytomy of size 3; rounds with additions with at least 0.01 support: 0; clusters: 241675
polytomy of size 4; rounds with additions with at least 0.01 support: 0; clusters: 241675
polytomy of size 3; rounds with additions with at least 0.01 support: 0; clusters: 241675
polytomy of size 3; rounds with additions with at least 0.01 support: 0; clusters: 241675
polytomy of size 8; rounds with additions with at least 0.01 support: 0; clusters: 241683
polytomy of size 8; rounds with additions with at least 0.01 support: 0; clusters: 241701
polytomy of size 4; rounds with additions with at least 0.01 support: 0; clusters: 241701
polytomy of size 3; rounds with additions with at least 0.01 support: 0; clusters: 241701
polytomy of size 3; rounds with additions with at least 0.01 support: 0; clusters: 241701
polytomy of size 4; rounds with additions with at least 0.01 support: 0; clusters: 241701
polytomy of size 3; rounds with additions with at least 0.01 support: 0; clusters: 241701
polytomy of size 3; rounds with additions with at least 0.01 support: 0; clusters: 241701
polytomy of size 5; rounds with additions with at least 0.01 support: 0; clusters: 241701
polytomy of size 3; rounds with additions with at least 0.01 support: 0; clusters: 241701
polytomy of size 4; rounds with additions with at least 0.01 support: 0; clusters: 241701
polytomy of size 3; rounds with additions with at least 0.01 support: 0; clusters: 241701
polytomy of size 3; rounds with additions with at least 0.01 support: 0; clusters: 241701
polytomy of size 110; rounds with additions with at least 0.01 support: 0; clusters: 317551
Number of Clusters after addition by greedy: 317551
partitions formed in 722.558 secs
Dynamic Programming starting after 722.558 secs
Size of largest cluster: 1001
Calculated 100000 weights; time (seconds): 3689
Calculated 200000 weights; time (seconds): 3016
Calculated 300000 weights; time (seconds): 2998
Calculated 400000 weights; time (seconds): 2995
Calculated 500000 weights; time (seconds): 3018
Calculated 600000 weights; time (seconds): 3006
Calculated 700000 weights; time (seconds): 3033
Calculated 800000 weights; time (seconds): 3135
Calculated 900000 weights; time (seconds): 3234
Total Number of elements weighted: 963521
Normalized score (portion of input quartet trees satisfied): 0.5796636435261759
Final optimization score: 24104322380168
Optimal tree inferred in 30227.82 secs.
(915,(437,(((372,(769,649)),(451,((811,495),(706,(612,658))))),((703,((427,(52,170)),(742,(635,((247,770),(698,(510,544))))))),(((921,(865,283)),((543,(534,388)),(((689,(288,(486,(399,521)))),((988,765),(315,(927,(179,(810,(687,308))))))),((816,664),((614,(459,((46,527),(872,(888,740))))),((918,(601,659)),((95,(207,477)),(555,(92,(969,(326,678))))))))))),((760,((380,78),(((501,142),(214,928)),((986,(797,225)),((135,(96,920)),(181,(785,880))))))),(((429,851),((322,195),(863,(671,848)))),(((32,(861,(((710,(955,981)),(186,(831,194))),((752,(375,(620,(667,490)))),((88,585),((112,72),((839,(842,204)),(653,(564,(103,776)))))))))),(((989,109),(545,949)),((217,((626,736),(553,761))),(((133,(885,381)),((898,393),(105,(455,(494,764))))),((790,(300,(744,975))),(((542,688),((621,854),(468,263))),(597,((113,(593,352)),(205,(461,557)))))))))),(((59,406),(728,568)),((0,(((567,(719,233)),((430,(136,537)),((167,((22,(169,164)),(999,((934,25),(442,976))))),(((((310,700),(824,345)),(436,(132,(80,226)))),((504,(71,9)),(68,((636,627),(12,(6,(463,(48,(891,533))))))))),(((480,198),(45,(722,777))),((577,(67,((43,3),(917,607)))),((720,((830,466),(813,183))),((953,276),((493,359),(7,(56,(134,943)))))))))))),(((900,(123,(945,704))),((829,((838,758),(445,(817,(354,569))))),((515,360),((726,610),(715,(733,804)))))),((87,(966,373)),(((735,(371,(336,((293,343),(316,289))))),(((517,(584,63)),((82,114),(834,(492,948)))),(31,((514,238),((223,(998,(622,(185,146)))),(325,((28,262),(604,17)))))))),(((((559,(175,(786,342))),(548,((745,871),(581,856)))),((117,((512,823),(518,(668,960)))),((39,44),((49,835),(251,(779,846)))))),(((535,(821,(702,624))),(((739,174),(794,959)),((799,460),(236,(264,(815,(319,723))))))),((396,(((160,(220,(84,274))),(189,(151,(426,791)))),(86,((457,286),(573,((505,367),(841,((101,889),(737,967))))))))),(((389,454),((108,912),((18,562),(357,(516,(124,147)))))),((362,409),(524,(344,(404,(721,((138,400),(249,((121,(408,994)),(598,(571,77)))))))))))))),((((808,(575,464)),((886,((53,47),(243,(730,833)))),((549,(987,547)),((938,150),(502,771))))),((91,((182,(281,(106,958))),(335,((608,876),(499,651))))),((57,(820,789)),((692,(867,190)),((155,(386,850)),(((757,200),(89,143)),((901,(708,488)),(827,((305,(946,2)),(511,((240,(617,869)),(930,(165,(556,246)))))))))))))),((((670,(655,832)),(120,(51,73))),((853,(570,(81,206))),(572,(647,(1000,(724,845)))))),((((883,250),(613,611)),(((374,924),(980,(995,((294,(85,4)),(951,(634,439)))))),((925,((768,487),(482,24))),(((188,857),(137,258)),((929,361),(50,(462,753))))))),((309,(978,(476,673))),(((13,(566,(432,628))),(894,(((284,472),(716,796)),(660,(855,(272,75)))))),((629,((595,448),(304,(536,30)))),((334,985),(847,((413,324),((128,55),((209,431),(639,964)))))))))))))))))),((((942,(787,746)),(467,(273,(868,520)))),(178,((320,(641,694)),((270,(767,(158,241))),((425,(301,916)),(447,(778,(887,873)))))))),((923,(((356,727),(98,((228,173),((29,910),((609,762),(519,271)))))),(540,((297,(19,962)),((637,914),((478,(275,558)),((683,701),((616,76),(422,((805,(166,530)),(184,(899,346)))))))))))),((((333,522),(402,((550,970),(526,699)))),((311,((590,984),(144,(239,450)))),((685,(253,(665,((257,340),(939,990))))),(414,((954,696),((418,697),(366,(792,339)))))))),((((232,79),(104,(783,((156,(230,(766,405))),((560,878),(582,(529,330))))))),((((870,963),(563,(973,280))),((650,(469,(875,(849,896)))),((449,484),((881,(961,(474,695))),(936,((977,907),(473,307))))))),(((837,905),((358,525),(675,(299,118)))),((242,((638,384),(940,(957,(772,443))))),((586,((625,489),(983,(738,154)))),((125,(588,(278,859))),((807,401),(111,(328,(532,((177,285),(139,129)))))))))))),((((70,(446,411)),(((260,(508,645)),((748,(509,596)),(180,(244,(979,(331,677)))))),((911,((913,922),(254,(363,822)))),((802,(265,(303,(656,(287,296))))),(((219,(684,756)),(580,(933,65))),(410,((421,(479,814)),((809,693),(864,355))))))))),(((643,((513,350),(110,836))),(709,(((33,(890,69)),(153,(874,(199,648)))),(((318,681),(551,(968,122))),((321,127),(102,(398,(754,(465,290))))))))),(623,(((210,(364,347)),((266,996),(((130,926),(952,546)),(496,(818,((157,390),(646,((485,229),((565,231),(456,(351,(387,116)))))))))))),(((747,666),(192,62)),((119,145),((452,(60,256)),(((41,434),((531,148),(902,(654,642)))),((453,(991,690)),((126,749),(947,((224,644),((652,193),(763,338)))))))))))))),(((35,(36,((329,(161,828)),(((759,149),(172,(676,(21,858)))),((((221,852),(419,208)),((428,714),(528,(416,11)))),((937,561),(368,(((99,780),(379,(589,579))),((944,302),(587,(774,(15,630)))))))))))),((((312,(663,(40,713))),(438,(877,(191,(295,(591,470)))))),(1,(((211,844),(680,483)),(471,(631,(903,(605,800))))))),((803,292),((93,(632,176)),((729,(775,(892,640))),((594,(269,407)),((731,218),(904,((215,(23,751)),(500,(397,(965,600)))))))))))),((((424,(64,882)),(433,(793,((633,(37,197)),((385,337),(992,782)))))),(((866,(941,38)),((26,(950,392)),(657,(83,(171,578))))),(((42,(216,(574,420))),(806,(592,(784,131)))),(((956,(162,(825,669))),(((203,795),(712,163)),((840,(152,498)),((417,672),(168,686))))),(((862,415),(705,679)),(((306,34),(349,(503,(370,234)))),((317,(298,(14,(935,732)))),(313,((523,353),(843,(54,826))))))))))),((((248,(725,(395,227))),((662,213),(741,((341,222),(378,((237,90),((919,348),(201,261)))))))),((552,(661,(893,(879,(58,801))))),((245,((932,717),(252,(97,(475,718))))),(((61,619),(277,750)),(((440,376),(884,(599,539))),(16,(895,((819,196),(909,441))))))))),(((382,(8,(541,583))),(268,((27,(66,(908,291))),((691,(554,897)),(10,(444,74)))))),(((((20,682),(327,860)),(332,(403,(259,(606,618))))),((982,(267,481)),(((743,906),(412,(972,391))),((506,(576,674)),((773,(931,(707,711))),(255,((323,94),(812,(202,507))))))))),(((798,279),((435,538),((369,365),((187,602),(993,159))))),(((497,(212,(781,141))),(5,((140,235),(383,(971,(491,997)))))),((100,(974,(423,603))),((458,(394,755)),((282,(734,(115,615))),(377,(788,(314,107))))))))))))))))))))))))))));
Quartet score is: 24104322380168
Normalized quartet score is: 0.5796636435261759
ASTRAL finished in 30409.52 secs
