
================== ASTRAL ===================== 

This is ASTRAL version 4.10.8
Gene trees are treated as unrooted
1000 trees read from model.200.2000000.0.0000001/14/estimatedgenetre.halfresolved
All outputted trees will be *arbitrarily* rooted at 36

======== Running the main analysis
Number of taxa: 201 (201 species)
Taxa: [36, 111, 140, 180, 176, 133, 4, 55, 197, 20, 121, 144, 109, 114, 47, 115, 165, 152, 175, 87, 186, 146, 136, 108, 43, 51, 73, 33, 37, 58, 126, 172, 63, 13, 46, 169, 9, 1, 130, 104, 45, 60, 38, 193, 5, 85, 15, 25, 177, 178, 62, 77, 76, 86, 162, 156, 195, 96, 164, 123, 113, 119, 79, 75, 196, 160, 11, 59, 44, 138, 52, 189, 54, 173, 129, 161, 56, 127, 81, 23, 78, 27, 57, 66, 49, 42, 151, 147, 171, 3, 97, 131, 21, 188, 199, 53, 2, 80, 34, 92, 50, 185, 112, 41, 28, 100, 182, 89, 61, 12, 174, 40, 7, 90, 148, 8, 181, 149, 98, 99, 137, 17, 84, 139, 110, 69, 68, 83, 191, 29, 6, 16, 132, 64, 82, 22, 30, 67, 184, 65, 168, 179, 70, 101, 95, 142, 145, 187, 31, 103, 88, 94, 72, 134, 32, 48, 194, 26, 106, 116, 24, 122, 183, 35, 157, 170, 0, 118, 158, 120, 117, 39, 18, 93, 125, 128, 163, 190, 91, 192, 154, 107, 19, 166, 102, 71, 153, 14, 150, 10, 105, 200, 198, 74, 155, 124, 143, 135, 141, 167, 159]
Taxon occupancy: {35=1000, 36=1000, 159=1000, 33=1000, 34=1000, 158=1000, 157=1000, 39=1000, 156=1000, 155=1000, 37=1000, 38=1000, 154=1000, 152=1000, 153=1000, 150=1000, 151=1000, 43=1000, 42=1000, 41=1000, 40=1000, 200=1000, 22=1000, 23=1000, 169=1000, 24=1000, 25=1000, 26=1000, 166=1000, 27=1000, 165=1000, 28=1000, 168=1000, 167=1000, 29=1000, 3=1000, 161=1000, 162=1000, 2=1000, 1=1000, 163=1000, 164=1000, 0=1000, 7=1000, 30=1000, 6=1000, 5=1000, 32=1000, 160=1000, 4=1000, 31=1000, 9=1000, 8=1000, 19=1000, 17=1000, 179=1000, 178=1000, 18=1000, 177=1000, 15=1000, 176=1000, 16=1000, 13=1000, 14=1000, 11=1000, 12=1000, 21=1000, 170=1000, 171=1000, 20=1000, 174=1000, 175=1000, 172=1000, 173=1000, 188=1000, 187=1000, 189=1000, 180=1000, 181=1000, 10=1000, 182=1000, 183=1000, 184=1000, 185=1000, 186=1000, 116=1000, 79=1000, 117=1000, 78=1000, 114=1000, 77=1000, 115=1000, 112=1000, 113=1000, 110=1000, 111=1000, 118=1000, 119=1000, 82=1000, 83=1000, 80=1000, 81=1000, 86=1000, 87=1000, 84=1000, 85=1000, 67=1000, 125=1000, 66=1000, 126=1000, 127=1000, 69=1000, 68=1000, 128=1000, 121=1000, 122=1000, 123=1000, 124=1000, 129=1000, 70=1000, 120=1000, 71=1000, 72=1000, 73=1000, 74=1000, 75=1000, 76=1000, 134=1000, 135=1000, 132=1000, 59=1000, 133=1000, 138=1000, 58=1000, 57=1000, 139=1000, 56=1000, 136=1000, 55=1000, 137=1000, 64=1000, 65=1000, 62=1000, 63=1000, 131=1000, 60=1000, 130=1000, 61=1000, 143=1000, 49=1000, 144=1000, 48=1000, 145=1000, 146=1000, 147=1000, 45=1000, 44=1000, 148=1000, 47=1000, 149=1000, 46=1000, 51=1000, 52=1000, 53=1000, 54=1000, 140=1000, 142=1000, 141=1000, 50=1000, 109=1000, 108=1000, 107=1000, 106=1000, 105=1000, 104=1000, 103=1000, 99=1000, 102=1000, 101=1000, 100=1000, 98=1000, 97=1000, 96=1000, 95=1000, 94=1000, 93=1000, 92=1000, 91=1000, 90=1000, 88=1000, 89=1000, 195=1000, 194=1000, 197=1000, 196=1000, 191=1000, 190=1000, 193=1000, 192=1000, 198=1000, 199=1000}
Number of gene trees: 1000
0 trees have missing taxa
Calculating quartet distance matrix (for completion of X)
Species tree distances calculated ...
Building set of clusters (X) from gene trees 
Using tree-based weight calculation.
Number of Default Clusters: 99425
Number of quartet trees in the gene trees: 65996579694
calculating extra bipartitions to be added at level 1 ...
Number of Clusters after addition by distance: 99433
Adding to X using resolutions of greedy consensus ...
Threshold 0.0:
polytomy of size 4; rounds with additions with at least 0.01 support: 1; clusters: 99451
Threshold 0.01:
polytomy of size 8; rounds with additions with at least 0.01 support: 2; clusters: 99599
polytomy of size 3; rounds with additions with at least 0.01 support: 0; clusters: 99599
Threshold 0.02:
polytomy of size 13; rounds with additions with at least 0.01 support: 0; clusters: 99905
Threshold 0.05:
polytomy of size 4; rounds with additions with at least 0.01 support: 0; clusters: 99905
polytomy of size 3; rounds with additions with at least 0.01 support: 0; clusters: 99905
polytomy of size 19; rounds with additions with at least 0.01 support: 0; clusters: 99915
Threshold 0.1:
polytomy of size 30; rounds with additions with at least 0.01 support: 0; clusters: 99923
Threshold 0.2:
polytomy of size 4; rounds with additions with at least 0.01 support: 0; clusters: 99923
polytomy of size 4; rounds with additions with at least 0.01 support: 0; clusters: 99923
polytomy of size 3; rounds with additions with at least 0.01 support: 0; clusters: 99923
polytomy of size 3; rounds with additions with at least 0.01 support: 0; clusters: 99923
polytomy of size 3; rounds with additions with at least 0.01 support: 0; clusters: 99923
polytomy of size 41; rounds with additions with at least 0.01 support: 0; clusters: 99923
Threshold 0.3333333333333333:
polytomy of size 3; rounds with additions with at least 0.01 support: 0; clusters: 99923
polytomy of size 3; rounds with additions with at least 0.01 support: 0; clusters: 99923
polytomy of size 3; rounds with additions with at least 0.01 support: 0; clusters: 99923
polytomy of size 5; rounds with additions with at least 0.01 support: 0; clusters: 99923
polytomy of size 3; rounds with additions with at least 0.01 support: 0; clusters: 99923
polytomy of size 3; rounds with additions with at least 0.01 support: 0; clusters: 99923
polytomy of size 3; rounds with additions with at least 0.01 support: 0; clusters: 99923
polytomy of size 3; rounds with additions with at least 0.01 support: 0; clusters: 99923
polytomy of size 3; rounds with additions with at least 0.01 support: 0; clusters: 99923
polytomy of size 5; rounds with additions with at least 0.01 support: 0; clusters: 99923
polytomy of size 3; rounds with additions with at least 0.01 support: 0; clusters: 99923
polytomy of size 64; rounds with additions with at least 0.01 support: 0; clusters: 118509
Number of Clusters after addition by greedy: 118509
partitions formed in 58.909 secs
Dynamic Programming starting after 58.909 secs
Size of largest cluster: 201
Size of largest cluster: 201
Calculated 100000 weights; time (seconds): 82
Calculated 200000 weights; time (seconds): 28
Total Number of elements weighted: 288713
Normalized score (portion of input quartet trees satisfied): NaN
Final optimization score: 0
Total Number of elements weighted: 288713
Normalized score (portion of input quartet trees satisfied): 0.590294346883279
Final optimization score: 38957407907
Optimal tree inferred in 171.2 secs.
(36,(111,(((186,146),(93,159)),((141,167),(((154,107),((19,102),((166,200),((14,105),(150,10))))),((71,153),((87,(175,(152,18))),(((49,(121,((59,(144,109)),(115,(165,(114,47)))))),((198,(155,(135,(74,(124,143))))),(20,((197,(140,180)),(176,(133,(4,55))))))),((85,(5,(1,130))),(((172,(136,108)),((43,51),(33,(73,(37,(58,126)))))),((((104,((45,38),(60,193))),((138,(54,(52,189))),((81,23),((161,56),(173,(129,127)))))),(((76,(77,86)),((195,96),(162,156))),((11,((53,(199,(2,80))),((15,25),(177,(178,62))))),((79,(119,75)),((44,(196,160)),(78,(27,(164,(123,113))))))))),(((8,(63,181)),((118,(13,46)),((169,9),(98,(99,137))))),(((151,112),(0,((91,192),((125,(128,(163,190))),(57,(158,(66,(39,(120,117))))))))),(((89,(41,(182,(28,100)))),(42,((7,(90,148)),(40,(61,(12,174)))))),(((147,(88,(94,72))),(21,(171,((3,97),(131,188))))),((194,((106,(116,24)),(26,((122,170),(157,(183,35)))))),(((149,(32,(134,48))),(83,((139,110),((69,68),(17,84))))),(((95,(65,142)),(184,(22,(30,67)))),(((34,(168,187)),(92,(50,185))),(((191,29),(101,(179,70))),((31,103),((82,145),(64,(16,(6,132)))))))))))))))))))))))));
Quartet score is: 38957407907
Normalized quartet score is: 0.590294346883279
ASTRAL finished in 179.779 secs
