
================== ASTRAL ===================== 

This is ASTRAL version 4.10.10
Gene trees are treated as unrooted
1000 trees read from ASTRALDATA/model.200.2000000.0.000001/48/estimatedgenetre.halfresolved
All output trees will be *arbitrarily* rooted at 130

======== Running the main analysis
Number of taxa: 201 (201 species)
Taxa: [130, 75, 98, 84, 155, 25, 26, 11, 60, 74, 146, 173, 174, 53, 69, 85, 77, 71, 63, 144, 196, 8, 120, 100, 154, 80, 118, 70, 189, 198, 156, 176, 168, 20, 36, 111, 195, 41, 172, 47, 136, 192, 160, 106, 16, 48, 19, 39, 137, 104, 6, 200, 42, 110, 107, 158, 29, 45, 66, 190, 1, 171, 165, 134, 193, 3, 148, 114, 50, 30, 13, 138, 18, 105, 59, 102, 123, 0, 166, 97, 129, 185, 67, 142, 186, 73, 128, 159, 72, 15, 12, 34, 187, 162, 117, 113, 68, 147, 161, 37, 94, 125, 145, 14, 62, 58, 175, 149, 46, 40, 169, 33, 89, 103, 43, 52, 7, 22, 164, 88, 179, 10, 183, 131, 170, 2, 99, 124, 126, 86, 141, 167, 35, 49, 140, 81, 143, 24, 87, 127, 133, 79, 21, 83, 64, 177, 96, 31, 4, 121, 54, 27, 101, 191, 152, 90, 122, 115, 78, 92, 9, 93, 76, 38, 151, 153, 135, 23, 184, 119, 32, 132, 181, 61, 55, 116, 28, 108, 109, 56, 188, 139, 112, 95, 163, 44, 194, 199, 51, 180, 178, 5, 197, 182, 150, 157, 82, 57, 65, 17, 91]
Taxon occupancy: {35=1000, 36=1000, 159=1000, 33=1000, 34=1000, 158=1000, 157=1000, 39=1000, 156=1000, 155=1000, 37=1000, 154=1000, 38=1000, 152=1000, 153=1000, 150=1000, 151=1000, 43=1000, 42=1000, 41=1000, 40=1000, 200=1000, 22=1000, 169=1000, 23=1000, 24=1000, 25=1000, 166=1000, 26=1000, 165=1000, 27=1000, 168=1000, 28=1000, 29=1000, 167=1000, 3=1000, 161=1000, 162=1000, 2=1000, 1=1000, 163=1000, 0=1000, 164=1000, 30=1000, 7=1000, 6=1000, 32=1000, 5=1000, 160=1000, 31=1000, 4=1000, 9=1000, 8=1000, 19=1000, 17=1000, 179=1000, 18=1000, 178=1000, 15=1000, 177=1000, 176=1000, 16=1000, 13=1000, 14=1000, 11=1000, 12=1000, 170=1000, 21=1000, 171=1000, 20=1000, 174=1000, 175=1000, 172=1000, 173=1000, 188=1000, 187=1000, 189=1000, 180=1000, 10=1000, 181=1000, 182=1000, 183=1000, 184=1000, 185=1000, 186=1000, 116=1000, 117=1000, 79=1000, 114=1000, 78=1000, 77=1000, 115=1000, 112=1000, 113=1000, 110=1000, 111=1000, 118=1000, 119=1000, 82=1000, 83=1000, 80=1000, 81=1000, 86=1000, 87=1000, 84=1000, 85=1000, 67=1000, 125=1000, 66=1000, 126=1000, 69=1000, 127=1000, 128=1000, 68=1000, 121=1000, 122=1000, 123=1000, 124=1000, 129=1000, 70=1000, 120=1000, 71=1000, 72=1000, 73=1000, 74=1000, 75=1000, 76=1000, 134=1000, 135=1000, 132=1000, 59=1000, 133=1000, 138=1000, 58=1000, 57=1000, 139=1000, 136=1000, 56=1000, 137=1000, 55=1000, 64=1000, 65=1000, 62=1000, 63=1000, 60=1000, 131=1000, 130=1000, 61=1000, 49=1000, 143=1000, 144=1000, 48=1000, 145=1000, 146=1000, 45=1000, 147=1000, 148=1000, 44=1000, 47=1000, 149=1000, 46=1000, 51=1000, 52=1000, 53=1000, 54=1000, 140=1000, 142=1000, 50=1000, 141=1000, 109=1000, 108=1000, 107=1000, 106=1000, 105=1000, 104=1000, 103=1000, 102=1000, 99=1000, 101=1000, 100=1000, 98=1000, 97=1000, 96=1000, 95=1000, 94=1000, 93=1000, 92=1000, 91=1000, 90=1000, 88=1000, 89=1000, 195=1000, 194=1000, 197=1000, 196=1000, 191=1000, 190=1000, 193=1000, 192=1000, 198=1000, 199=1000}
Number of gene trees: 1000
0 trees have missing taxa
Calculating quartet distance matrix (for completion of X)
Species tree distances calculated ...
Building set of clusters (X) from gene trees 
Using tree-based weight calculation.
Number of Default Clusters: 23243
Number of quartet trees in the gene trees: 65998344870
calculating extra bipartitions to be added at level 1 ...
Number of Clusters after addition by distance: 23243
Adding to X using resolutions of greedy consensus ...
Threshold 0.0:
Threshold 0.01:
Threshold 0.02:
Threshold 0.05:
Threshold 0.1:
polytomy of size 4; rounds with additions with at least 0.01 support: 0; clusters: 23243
polytomy of size 3; rounds with additions with at least 0.01 support: 0; clusters: 23243
Threshold 0.2:
polytomy of size 5; rounds with additions with at least 0.01 support: 0; clusters: 23243
polytomy of size 4; rounds with additions with at least 0.01 support: 0; clusters: 23243
polytomy of size 3; rounds with additions with at least 0.01 support: 0; clusters: 23243
polytomy of size 3; rounds with additions with at least 0.01 support: 0; clusters: 23243
polytomy of size 7; rounds with additions with at least 0.01 support: 0; clusters: 23243
Threshold 0.3333333333333333:
polytomy of size 3; rounds with additions with at least 0.01 support: 0; clusters: 23243
polytomy of size 3; rounds with additions with at least 0.01 support: 0; clusters: 23243
polytomy of size 3; rounds with additions with at least 0.01 support: 0; clusters: 23243
polytomy of size 8; rounds with additions with at least 0.01 support: 0; clusters: 23243
polytomy of size 4; rounds with additions with at least 0.01 support: 0; clusters: 23243
polytomy of size 3; rounds with additions with at least 0.01 support: 0; clusters: 23243
polytomy of size 3; rounds with additions with at least 0.01 support: 0; clusters: 23243
polytomy of size 4; rounds with additions with at least 0.01 support: 0; clusters: 23243
polytomy of size 3; rounds with additions with at least 0.01 support: 0; clusters: 23243
polytomy of size 4; rounds with additions with at least 0.01 support: 0; clusters: 23243
polytomy of size 4; rounds with additions with at least 0.01 support: 0; clusters: 23243
polytomy of size 4; rounds with additions with at least 0.01 support: 0; clusters: 23243
polytomy of size 3; rounds with additions with at least 0.01 support: 0; clusters: 23243
polytomy of size 4; rounds with additions with at least 0.01 support: 0; clusters: 23243
polytomy of size 3; rounds with additions with at least 0.01 support: 0; clusters: 23243
polytomy of size 9; rounds with additions with at least 0.01 support: 0; clusters: 23253
Number of Clusters after addition by greedy: 23253
partitions formed in 15.98 secs
Dynamic Programming starting after 15.98 secs
Size of largest cluster: 201
Calculated 100000 weights; time (seconds): 612
Total Number of elements weighted: 105041
Normalized score (portion of input quartet trees satisfied): 0.8104445920023873
Final optimization score: 53488001681
Optimal tree inferred in 643.571 secs.
(117,(68,(113,((34,187),((161,(12,147)),((162,(185,(67,((129,(166,97)),(142,((186,73),(128,(72,(159,15))))))))),((145,(14,(37,(94,125)))),(((62,((103,43),(58,((40,169),((33,89),(175,(149,46))))))),((16,(48,(19,39))),((160,106),(192,(104,(137,(6,200))))))),((156,((176,(168,20)),((36,(111,195)),(41,(172,(47,136)))))),((0,(((170,(183,(10,131))),(52,(7,(22,(164,88))))),(179,((53,(69,85)),(((8,120),((71,63),(196,(77,144)))),(118,((154,70),(80,(100,(189,198)))))))))),((((59,(102,123)),((18,105),(148,(3,(50,(138,(13,(114,30)))))))),(((134,193),(190,(1,(171,165)))),((42,110),((45,66),(29,(107,158)))))),(((21,(83,(64,177))),((98,(84,(155,25))),((146,(173,174)),((26,11),(60,74))))),((((127,(133,79)),(124,(2,99))),(((24,87),(81,143)),((126,140),((86,141),(167,(35,49)))))),(((157,(150,(82,(57,(91,(65,17)))))),(((109,56),(55,(108,(116,28)))),(188,((5,(139,(197,182))),(((163,44),(112,95)),(194,(199,(51,(180,178))))))))),((75,(130,54)),((90,((78,(122,115)),(191,(9,(152,92))))),((27,(101,((96,31),(4,121)))),(93,((181,(76,38)),((151,(153,61)),((135,23),(184,(132,(119,32))))))))))))))))))))))));
Quartet score is: 53488001681
Normalized quartet score is: 0.8104445920023873
ASTRAL finished in 651.487 secs
