
================== ASTRAL ===================== 

This is ASTRAL version 4.10.10
Gene trees are treated as unrooted
1000 trees read from ASTRALDATA/model.200.10000000.0.000001/20/estimatedgenetre.halfresolved
All output trees will be *arbitrarily* rooted at 168

======== Running the main analysis
Number of taxa: 201 (201 species)
Taxa: [168, 32, 88, 146, 140, 7, 54, 194, 33, 125, 14, 179, 17, 186, 67, 129, 68, 159, 36, 130, 83, 187, 51, 128, 10, 41, 193, 169, 71, 195, 155, 200, 57, 84, 82, 178, 0, 45, 74, 55, 98, 27, 117, 48, 30, 93, 19, 5, 158, 154, 38, 92, 133, 56, 118, 144, 101, 184, 2, 156, 109, 50, 81, 115, 110, 112, 197, 65, 34, 126, 15, 3, 172, 75, 104, 164, 176, 25, 18, 20, 31, 22, 78, 42, 79, 151, 72, 100, 119, 49, 166, 89, 29, 124, 23, 170, 99, 97, 90, 142, 64, 43, 198, 39, 91, 141, 103, 145, 47, 76, 113, 28, 21, 131, 63, 9, 16, 62, 87, 46, 120, 24, 8, 147, 111, 106, 86, 122, 94, 157, 174, 80, 1, 13, 160, 188, 114, 127, 143, 153, 136, 60, 105, 66, 196, 52, 199, 150, 95, 123, 107, 191, 44, 152, 167, 85, 173, 12, 132, 53, 69, 183, 96, 102, 121, 58, 59, 139, 135, 26, 138, 181, 116, 175, 134, 161, 40, 108, 185, 73, 180, 70, 6, 189, 4, 137, 177, 35, 182, 77, 165, 37, 163, 171, 162, 148, 190, 61, 149, 11, 192]
Taxon occupancy: {35=1000, 36=1000, 159=1000, 33=1000, 34=1000, 158=1000, 39=1000, 157=1000, 156=1000, 155=1000, 37=1000, 38=1000, 154=1000, 152=1000, 153=1000, 150=1000, 151=1000, 43=1000, 42=1000, 41=1000, 40=1000, 200=1000, 22=1000, 23=1000, 169=1000, 24=1000, 25=1000, 166=1000, 26=1000, 27=1000, 165=1000, 168=1000, 28=1000, 29=1000, 167=1000, 3=1000, 161=1000, 162=1000, 2=1000, 163=1000, 1=1000, 164=1000, 0=1000, 7=1000, 30=1000, 6=1000, 32=1000, 5=1000, 31=1000, 160=1000, 4=1000, 9=1000, 8=1000, 19=1000, 17=1000, 179=1000, 18=1000, 178=1000, 15=1000, 177=1000, 176=1000, 16=1000, 13=1000, 14=1000, 11=1000, 12=1000, 170=1000, 21=1000, 171=1000, 20=1000, 174=1000, 175=1000, 172=1000, 173=1000, 188=1000, 187=1000, 189=1000, 180=1000, 10=1000, 181=1000, 182=1000, 183=1000, 184=1000, 185=1000, 186=1000, 116=1000, 79=1000, 117=1000, 78=1000, 114=1000, 115=1000, 77=1000, 112=1000, 113=1000, 110=1000, 111=1000, 118=1000, 119=1000, 82=1000, 83=1000, 80=1000, 81=1000, 86=1000, 87=1000, 84=1000, 85=1000, 67=1000, 125=1000, 126=1000, 66=1000, 127=1000, 69=1000, 128=1000, 68=1000, 121=1000, 122=1000, 123=1000, 124=1000, 129=1000, 70=1000, 71=1000, 120=1000, 72=1000, 73=1000, 74=1000, 75=1000, 76=1000, 134=1000, 135=1000, 132=1000, 133=1000, 59=1000, 58=1000, 138=1000, 57=1000, 139=1000, 56=1000, 136=1000, 55=1000, 137=1000, 64=1000, 65=1000, 62=1000, 63=1000, 131=1000, 60=1000, 61=1000, 130=1000, 49=1000, 143=1000, 144=1000, 48=1000, 145=1000, 146=1000, 45=1000, 147=1000, 148=1000, 44=1000, 149=1000, 47=1000, 46=1000, 51=1000, 52=1000, 53=1000, 54=1000, 140=1000, 142=1000, 50=1000, 141=1000, 109=1000, 108=1000, 107=1000, 106=1000, 105=1000, 104=1000, 103=1000, 99=1000, 102=1000, 101=1000, 100=1000, 98=1000, 97=1000, 96=1000, 95=1000, 94=1000, 93=1000, 92=1000, 91=1000, 90=1000, 88=1000, 89=1000, 195=1000, 194=1000, 197=1000, 196=1000, 191=1000, 190=1000, 193=1000, 192=1000, 198=1000, 199=1000}
Number of gene trees: 1000
0 trees have missing taxa
Calculating quartet distance matrix (for completion of X)
Species tree distances calculated ...
Building set of clusters (X) from gene trees 
Using tree-based weight calculation.
Number of Default Clusters: 19491
Number of quartet trees in the gene trees: 65997518514
calculating extra bipartitions to be added at level 1 ...
Number of Clusters after addition by distance: 19491
Adding to X using resolutions of greedy consensus ...
Threshold 0.0:
Threshold 0.01:
Threshold 0.02:
Threshold 0.05:
Threshold 0.1:
Threshold 0.2:
polytomy of size 3; rounds with additions with at least 0.01 support: 0; clusters: 19491
polytomy of size 5; rounds with additions with at least 0.01 support: 0; clusters: 19491
polytomy of size 3; rounds with additions with at least 0.01 support: 0; clusters: 19491
polytomy of size 3; rounds with additions with at least 0.01 support: 0; clusters: 19491
Threshold 0.3333333333333333:
polytomy of size 6; rounds with additions with at least 0.01 support: 0; clusters: 19491
polytomy of size 3; rounds with additions with at least 0.01 support: 0; clusters: 19491
polytomy of size 3; rounds with additions with at least 0.01 support: 0; clusters: 19491
polytomy of size 3; rounds with additions with at least 0.01 support: 0; clusters: 19491
polytomy of size 3; rounds with additions with at least 0.01 support: 0; clusters: 19491
polytomy of size 3; rounds with additions with at least 0.01 support: 0; clusters: 19491
polytomy of size 3; rounds with additions with at least 0.01 support: 0; clusters: 19491
polytomy of size 3; rounds with additions with at least 0.01 support: 0; clusters: 19491
polytomy of size 5; rounds with additions with at least 0.01 support: 0; clusters: 19491
polytomy of size 3; rounds with additions with at least 0.01 support: 0; clusters: 19491
polytomy of size 3; rounds with additions with at least 0.01 support: 0; clusters: 19491
polytomy of size 3; rounds with additions with at least 0.01 support: 0; clusters: 19491
polytomy of size 7; rounds with additions with at least 0.01 support: 0; clusters: 19493
polytomy of size 3; rounds with additions with at least 0.01 support: 0; clusters: 19493
polytomy of size 4; rounds with additions with at least 0.01 support: 0; clusters: 19493
polytomy of size 3; rounds with additions with at least 0.01 support: 0; clusters: 19493
polytomy of size 4; rounds with additions with at least 0.01 support: 0; clusters: 19493
Number of Clusters after addition by greedy: 19493
partitions formed in 14.236 secs
Dynamic Programming starting after 14.236 secs
Size of largest cluster: 201
Total Number of elements weighted: 91333
Normalized score (portion of input quartet trees satisfied): 0.9046502000273676
Final optimization score: 59704668325
Optimal tree inferred in 572.975 secs.
(23,(142,((97,90),(99,((170,(29,124)),(((119,(89,(49,166))),(42,((151,100),(79,72)))),((64,((63,87),((39,(91,(141,103))),((46,(9,62)),((28,(21,131)),((198,(43,16)),((76,113),(145,47)))))))),((192,(149,11)),((((187,(83,51)),((36,130),(159,(129,68)))),((168,(32,88)),(((7,54),(146,(14,179))),((194,33),(125,(140,(67,(17,186)))))))),((120,(24,((111,106),((147,86),(8,((122,94),(80,(157,174)))))))),((((73,180),(61,((135,((26,181),(175,(138,116)))),(132,((121,(69,102)),((183,96),(53,(139,(58,59))))))))),(134,((40,(161,(108,185))),(((35,182),((189,177),(4,137))),(((77,37),(165,163)),(6,((171,162),(70,(148,190))))))))),(((114,(143,153)),(1,(188,(160,(13,127))))),((((152,167),(123,(107,(191,44)))),((173,(12,(136,85))),(60,((150,95),(199,(105,(52,(66,196)))))))),(0,(78,(((155,(195,200)),((57,(84,(82,178))),((193,(169,71)),(128,(10,41))))),((45,(98,((27,117),(74,55)))),((((20,(18,22)),(31,(176,25))),(15,((172,75),(3,(104,164))))),(((5,158),(93,19)),(((109,(115,(50,81))),((34,126),(154,(110,(48,38))))),((30,(112,(197,65))),((92,(133,56)),((118,144),(101,(184,(2,156))))))))))))))))))))))))));
Quartet score is: 59704668325
Normalized quartet score is: 0.9046502000273676
ASTRAL finished in 581.243 secs
