
================== ASTRAL ===================== 

This is ASTRAL version 4.10.10
Gene trees are treated as unrooted
1000 trees read from ASTRALDATA/model.200.2000000.0.0000001/13/estimatedgenetre.halfresolved
All output trees will be *arbitrarily* rooted at 4

======== Running the main analysis
Number of taxa: 201 (201 species)
Taxa: [4, 118, 192, 135, 71, 182, 190, 21, 0, 164, 188, 7, 29, 56, 129, 33, 144, 117, 101, 199, 49, 127, 142, 2, 134, 183, 1, 86, 167, 12, 43, 20, 69, 11, 60, 152, 187, 154, 47, 76, 140, 173, 180, 74, 191, 179, 178, 100, 157, 104, 108, 174, 136, 184, 99, 169, 189, 72, 55, 46, 198, 6, 126, 19, 161, 194, 96, 37, 171, 109, 120, 83, 139, 78, 133, 8, 106, 111, 163, 79, 27, 68, 130, 30, 65, 45, 137, 89, 116, 143, 63, 57, 128, 110, 200, 14, 146, 90, 67, 36, 31, 119, 28, 61, 54, 9, 168, 35, 185, 165, 13, 23, 175, 22, 5, 113, 32, 26, 84, 112, 176, 92, 34, 145, 166, 81, 44, 10, 66, 125, 24, 52, 195, 162, 62, 102, 186, 149, 88, 177, 3, 77, 105, 181, 93, 147, 40, 122, 151, 50, 141, 123, 197, 153, 51, 114, 85, 87, 196, 38, 97, 15, 121, 156, 95, 94, 158, 115, 73, 39, 42, 80, 64, 159, 132, 107, 160, 150, 193, 124, 148, 131, 91, 18, 41, 98, 170, 48, 75, 17, 82, 53, 155, 103, 172, 59, 58, 138, 25, 70, 16]
Taxon occupancy: {35=1000, 36=1000, 33=1000, 159=1000, 34=1000, 158=1000, 157=1000, 39=1000, 156=1000, 155=1000, 37=1000, 154=1000, 38=1000, 152=1000, 153=1000, 150=1000, 151=1000, 43=1000, 42=1000, 41=1000, 40=1000, 200=1000, 22=1000, 169=1000, 23=1000, 24=1000, 25=1000, 26=1000, 166=1000, 27=1000, 165=1000, 28=1000, 168=1000, 29=1000, 167=1000, 161=1000, 3=1000, 2=1000, 162=1000, 163=1000, 1=1000, 0=1000, 164=1000, 30=1000, 7=1000, 6=1000, 5=1000, 32=1000, 4=1000, 31=1000, 160=1000, 9=1000, 8=1000, 19=1000, 179=1000, 17=1000, 178=1000, 18=1000, 177=1000, 15=1000, 16=1000, 176=1000, 13=1000, 14=1000, 11=1000, 12=1000, 21=1000, 170=1000, 171=1000, 20=1000, 174=1000, 175=1000, 172=1000, 173=1000, 188=1000, 187=1000, 189=1000, 180=1000, 10=1000, 181=1000, 182=1000, 183=1000, 184=1000, 185=1000, 186=1000, 116=1000, 79=1000, 117=1000, 78=1000, 114=1000, 77=1000, 115=1000, 112=1000, 113=1000, 110=1000, 111=1000, 118=1000, 119=1000, 82=1000, 83=1000, 80=1000, 81=1000, 86=1000, 87=1000, 84=1000, 85=1000, 67=1000, 125=1000, 126=1000, 66=1000, 127=1000, 69=1000, 128=1000, 68=1000, 121=1000, 122=1000, 123=1000, 124=1000, 129=1000, 70=1000, 120=1000, 71=1000, 72=1000, 73=1000, 74=1000, 75=1000, 76=1000, 134=1000, 135=1000, 132=1000, 59=1000, 133=1000, 138=1000, 58=1000, 57=1000, 139=1000, 136=1000, 56=1000, 137=1000, 55=1000, 64=1000, 65=1000, 62=1000, 63=1000, 60=1000, 131=1000, 130=1000, 61=1000, 143=1000, 49=1000, 144=1000, 48=1000, 145=1000, 146=1000, 45=1000, 147=1000, 44=1000, 148=1000, 47=1000, 149=1000, 46=1000, 51=1000, 52=1000, 53=1000, 54=1000, 140=1000, 142=1000, 50=1000, 141=1000, 109=1000, 108=1000, 107=1000, 106=1000, 105=1000, 104=1000, 103=1000, 99=1000, 102=1000, 101=1000, 100=1000, 98=1000, 97=1000, 96=1000, 95=1000, 94=1000, 93=1000, 92=1000, 91=1000, 90=1000, 88=1000, 89=1000, 195=1000, 194=1000, 197=1000, 196=1000, 191=1000, 190=1000, 193=1000, 192=1000, 198=1000, 199=1000}
Number of gene trees: 1000
0 trees have missing taxa
Calculating quartet distance matrix (for completion of X)
Species tree distances calculated ...
Building set of clusters (X) from gene trees 
Using tree-based weight calculation.
Number of Default Clusters: 65307
Number of quartet trees in the gene trees: 65998350000
calculating extra bipartitions to be added at level 1 ...
Number of Clusters after addition by distance: 65313
Adding to X using resolutions of greedy consensus ...
Threshold 0.0:
polytomy of size 3; rounds with additions with at least 0.01 support: 0; clusters: 65319
polytomy of size 3; rounds with additions with at least 0.01 support: 0; clusters: 65325
Threshold 0.01:
polytomy of size 11; rounds with additions with at least 0.01 support: 2; clusters: 65685
Threshold 0.02:
polytomy of size 13; rounds with additions with at least 0.01 support: 1; clusters: 66077
Threshold 0.05:
polytomy of size 18; rounds with additions with at least 0.01 support: 2; clusters: 66109
Threshold 0.1:
polytomy of size 3; rounds with additions with at least 0.01 support: 0; clusters: 66109
polytomy of size 23; rounds with additions with at least 0.01 support: 0; clusters: 66111
Threshold 0.2:
polytomy of size 3; rounds with additions with at least 0.01 support: 0; clusters: 66111
polytomy of size 3; rounds with additions with at least 0.01 support: 0; clusters: 66111
polytomy of size 3; rounds with additions with at least 0.01 support: 0; clusters: 66111
polytomy of size 4; rounds with additions with at least 0.01 support: 0; clusters: 66111
polytomy of size 33; rounds with additions with at least 0.01 support: 0; clusters: 66115
Threshold 0.3333333333333333:
polytomy of size 3; rounds with additions with at least 0.01 support: 0; clusters: 66115
polytomy of size 4; rounds with additions with at least 0.01 support: 0; clusters: 66115
polytomy of size 3; rounds with additions with at least 0.01 support: 0; clusters: 66115
polytomy of size 6; rounds with additions with at least 0.01 support: 0; clusters: 66115
polytomy of size 3; rounds with additions with at least 0.01 support: 0; clusters: 66115
polytomy of size 3; rounds with additions with at least 0.01 support: 0; clusters: 66115
polytomy of size 4; rounds with additions with at least 0.01 support: 0; clusters: 66115
polytomy of size 3; rounds with additions with at least 0.01 support: 0; clusters: 66115
polytomy of size 4; rounds with additions with at least 0.01 support: 0; clusters: 66115
polytomy of size 3; rounds with additions with at least 0.01 support: 0; clusters: 66115
polytomy of size 3; rounds with additions with at least 0.01 support: 0; clusters: 66115
polytomy of size 3; rounds with additions with at least 0.01 support: 0; clusters: 66115
polytomy of size 42; rounds with additions with at least 0.01 support: 0; clusters: 72197
Number of Clusters after addition by greedy: 72197
partitions formed in 39.95 secs
Dynamic Programming starting after 39.95 secs
Size of largest cluster: 201
Calculated 100000 weights; time (seconds): 657
Calculated 200000 weights; time (seconds): 636
Total Number of elements weighted: 205020
Normalized score (portion of input quartet trees satisfied): 0.6126160344463157
Final optimization score: 40431647457
Optimal tree inferred in 1327.293 secs.
(200,((14,(146,90)),(110,((57,128),((175,176),(((5,(67,36)),((13,23),(92,(112,(107,(34,(((152,187),(32,(22,(26,84)))),((154,((43,(167,12)),(11,(20,(69,60))))),(145,(113,(9,((119,(54,(28,61))),(168,(31,(35,(185,165)))))))))))))))),(((((164,188),(4,(118,(192,135)))),((21,(159,132)),((71,(134,(183,1))),((182,190),(80,(((33,144),((7,129),(29,56))),(117,(199,(142,(101,(127,(49,2)))))))))))),((83,(139,((106,111),(8,(78,133))))),((198,(6,126)),((163,((140,173),(47,76))),((160,150),(((174,136),((19,161),((184,(99,169)),(171,(194,(96,37)))))),(((189,72),(55,46)),((179,(191,178)),((100,(180,74)),(104,(157,108))))))))))),((0,(((65,(45,137)),((143,63),(89,116))),((109,120),((130,30),(79,(27,68)))))),(64,(((166,((52,(81,44)),(24,(10,(66,125))))),((172,(59,((70,16),(58,(138,25))))),(193,((86,((131,91),(124,148))),((18,(41,98)),(170,((48,75),((17,82),(53,(155,103)))))))))),((162,((62,93),((195,(147,40)),((77,105),((149,88),((177,3),(181,(102,186)))))))),(42,((122,((51,(197,153)),(123,(151,(50,141))))),(((73,39),(158,115)),((114,(85,87)),((15,(97,95)),(94,(38,(196,(121,156))))))))))))))))))));
Quartet score is: 40431647457
Normalized quartet score is: 0.6126160344463157
ASTRAL finished in 1335.527 secs
