
================== ASTRAL ===================== 

This is ASTRAL version 4.10.8
Gene trees are treated as unrooted
1000 trees read from model.200.10000000.0.0000001/19/estimatedgenetre.halfresolved
All outputted trees will be *arbitrarily* rooted at 42

======== Running the main analysis
Number of taxa: 201 (201 species)
Taxa: [42, 79, 173, 12, 75, 92, 109, 152, 71, 188, 149, 20, 170, 178, 62, 40, 32, 124, 131, 113, 51, 5, 50, 55, 99, 81, 66, 49, 95, 162, 91, 84, 34, 154, 90, 126, 100, 3, 129, 23, 17, 182, 106, 160, 167, 121, 29, 112, 186, 191, 199, 87, 200, 175, 43, 80, 70, 30, 120, 177, 164, 21, 190, 78, 39, 142, 44, 145, 135, 19, 60, 47, 189, 73, 97, 13, 111, 54, 179, 137, 168, 26, 150, 155, 68, 38, 25, 165, 151, 185, 122, 65, 41, 123, 146, 194, 9, 108, 156, 48, 128, 174, 180, 88, 158, 138, 18, 45, 57, 172, 187, 103, 133, 6, 31, 33, 140, 69, 197, 1, 157, 7, 144, 93, 153, 163, 16, 76, 52, 183, 147, 72, 184, 35, 104, 64, 22, 58, 141, 36, 116, 161, 119, 117, 110, 63, 46, 85, 0, 56, 130, 28, 105, 139, 176, 37, 195, 74, 148, 2, 11, 98, 143, 86, 61, 8, 15, 94, 82, 59, 14, 118, 101, 125, 10, 83, 89, 166, 115, 181, 159, 27, 127, 171, 169, 132, 134, 102, 114, 67, 196, 193, 53, 136, 24, 192, 96, 77, 198, 107, 4]
Taxon occupancy: {35=1000, 36=1000, 33=1000, 159=1000, 34=1000, 158=1000, 39=1000, 157=1000, 156=1000, 155=1000, 37=1000, 38=1000, 154=1000, 152=1000, 153=1000, 150=1000, 151=1000, 43=1000, 42=1000, 41=1000, 40=1000, 200=1000, 22=1000, 23=1000, 169=1000, 24=1000, 25=1000, 26=1000, 166=1000, 165=1000, 27=1000, 168=1000, 28=1000, 167=1000, 29=1000, 3=1000, 161=1000, 162=1000, 2=1000, 1=1000, 163=1000, 164=1000, 0=1000, 30=1000, 7=1000, 6=1000, 5=1000, 32=1000, 4=1000, 160=1000, 31=1000, 9=1000, 8=1000, 19=1000, 179=1000, 17=1000, 178=1000, 18=1000, 177=1000, 15=1000, 16=1000, 176=1000, 13=1000, 14=1000, 11=1000, 12=1000, 21=1000, 170=1000, 20=1000, 171=1000, 174=1000, 175=1000, 172=1000, 173=1000, 188=1000, 187=1000, 189=1000, 180=1000, 10=1000, 181=1000, 182=1000, 183=1000, 184=1000, 185=1000, 186=1000, 116=1000, 79=1000, 117=1000, 78=1000, 114=1000, 77=1000, 115=1000, 112=1000, 113=1000, 110=1000, 111=1000, 118=1000, 119=1000, 82=1000, 83=1000, 80=1000, 81=1000, 86=1000, 87=1000, 84=1000, 85=1000, 125=1000, 67=1000, 66=1000, 126=1000, 69=1000, 127=1000, 68=1000, 128=1000, 121=1000, 122=1000, 123=1000, 124=1000, 129=1000, 70=1000, 120=1000, 71=1000, 72=1000, 73=1000, 74=1000, 75=1000, 76=1000, 134=1000, 135=1000, 132=1000, 133=1000, 59=1000, 138=1000, 58=1000, 57=1000, 139=1000, 136=1000, 56=1000, 137=1000, 55=1000, 64=1000, 65=1000, 62=1000, 63=1000, 60=1000, 131=1000, 130=1000, 61=1000, 49=1000, 143=1000, 48=1000, 144=1000, 145=1000, 146=1000, 45=1000, 147=1000, 44=1000, 148=1000, 47=1000, 149=1000, 46=1000, 51=1000, 52=1000, 53=1000, 54=1000, 140=1000, 142=1000, 50=1000, 141=1000, 109=1000, 108=1000, 107=1000, 106=1000, 105=1000, 104=1000, 103=1000, 99=1000, 102=1000, 101=1000, 100=1000, 98=1000, 97=1000, 96=1000, 95=1000, 94=1000, 93=1000, 92=1000, 91=1000, 90=1000, 88=1000, 89=1000, 195=1000, 194=1000, 197=1000, 196=1000, 191=1000, 190=1000, 193=1000, 192=1000, 198=1000, 199=1000}
Number of gene trees: 1000
0 trees have missing taxa
Calculating quartet distance matrix (for completion of X)
Species tree distances calculated ...
Building set of clusters (X) from gene trees 
Using tree-based weight calculation.
Number of Default Clusters: 40379
Number of quartet trees in the gene trees: 65998350000
calculating extra bipartitions to be added at level 1 ...
Number of Clusters after addition by distance: 40379
Adding to X using resolutions of greedy consensus ...
Threshold 0.0:
Threshold 0.01:
Threshold 0.02:
Threshold 0.05:
polytomy of size 6; rounds with additions with at least 0.01 support: 0; clusters: 40379
Threshold 0.1:
polytomy of size 6; rounds with additions with at least 0.01 support: 0; clusters: 40379
Threshold 0.2:
polytomy of size 3; rounds with additions with at least 0.01 support: 0; clusters: 40379
polytomy of size 3; rounds with additions with at least 0.01 support: 0; clusters: 40379
polytomy of size 3; rounds with additions with at least 0.01 support: 0; clusters: 40379
polytomy of size 3; rounds with additions with at least 0.01 support: 0; clusters: 40379
polytomy of size 4; rounds with additions with at least 0.01 support: 0; clusters: 40379
polytomy of size 6; rounds with additions with at least 0.01 support: 0; clusters: 40379
polytomy of size 3; rounds with additions with at least 0.01 support: 0; clusters: 40379
Threshold 0.3333333333333333:
polytomy of size 4; rounds with additions with at least 0.01 support: 0; clusters: 40379
polytomy of size 3; rounds with additions with at least 0.01 support: 0; clusters: 40379
polytomy of size 3; rounds with additions with at least 0.01 support: 0; clusters: 40379
polytomy of size 3; rounds with additions with at least 0.01 support: 0; clusters: 40379
polytomy of size 3; rounds with additions with at least 0.01 support: 0; clusters: 40379
polytomy of size 3; rounds with additions with at least 0.01 support: 0; clusters: 40379
polytomy of size 3; rounds with additions with at least 0.01 support: 0; clusters: 40379
polytomy of size 24; rounds with additions with at least 0.01 support: 0; clusters: 40917
Number of Clusters after addition by greedy: 40917
partitions formed in 23.557 secs
Dynamic Programming starting after 23.557 secs
Size of largest cluster: 201
Size of largest cluster: 201
Total Number of elements weighted: 108849
Normalized score (portion of input quartet trees satisfied): NaN
Final optimization score: 0
Calculated 100000 weights; time (seconds): 46
Total Number of elements weighted: 108849
Normalized score (portion of input quartet trees satisfied): 0.7814971446104334
Final optimization score: 51577522074
Optimal tree inferred in 49.278 secs.
(42,((12,(79,173)),(75,((188,(20,(149,(170,178)))),((71,(152,(92,109))),((((90,(3,(126,100))),((34,154),(95,(162,(91,84))))),(((131,((32,124),(62,40))),((81,(51,(66,49))),((55,99),(113,(5,50))))),(167,(((129,17),(182,(106,160))),(70,((80,(121,(29,(112,186)))),(43,(191,(199,(87,(200,175))))))))))),((((26,(150,(137,168))),(179,(97,(54,(13,111))))),((189,73),((135,(19,(60,47))),((120,(145,(177,164))),(21,((142,44),(39,(190,78)))))))),(0,((((68,192),((23,56),(((136,24),(102,114)),(155,((193,53),(67,196)))))),(((132,(171,(169,134))),((96,(198,(77,107))),(181,(27,(159,127))))),((166,115),((4,(14,(83,(10,(118,(101,125)))))),(((105,139),(130,28)),((176,((37,195),(74,148))),((82,59),((2,(11,98)),(30,(94,(15,(143,(86,(61,8)))))))))))))),(((197,(38,(25,165))),((1,157),((153,(163,16)),(93,(7,144))))),(((63,(46,85)),(110,(((119,117),(141,(161,(36,116)))),(89,((76,52),(58,(22,(183,((147,72),(64,(184,(35,104)))))))))))),((((187,103),(133,6)),(31,(33,(140,69)))),((57,((138,18),(45,172))),((108,156),((48,128),((174,(180,(88,158))),(9,((151,185),((122,65),(41,(194,(123,146))))))))))))))))))))));
Quartet score is: 51577522074
Normalized quartet score is: 0.7814971446104334
ASTRAL finished in 59.728 secs
