
================== ASTRAL ===================== 

This is ASTRAL version 4.10.10
Gene trees are treated as unrooted
1000 trees read from ASTRALDATA/model.200.2000000.0.000001/06/estimatedgenetre.halfresolved
All output trees will be *arbitrarily* rooted at 86

======== Running the main analysis
Number of taxa: 201 (201 species)
Taxa: [86, 25, 46, 154, 39, 184, 63, 48, 194, 123, 75, 185, 197, 182, 196, 45, 62, 71, 9, 12, 60, 21, 59, 67, 40, 122, 83, 90, 1, 189, 6, 115, 23, 134, 139, 129, 14, 22, 138, 43, 109, 173, 159, 81, 175, 30, 114, 37, 191, 8, 52, 102, 137, 74, 84, 150, 96, 170, 188, 101, 171, 155, 135, 112, 41, 126, 124, 176, 32, 73, 136, 108, 95, 140, 79, 66, 20, 34, 143, 4, 36, 17, 57, 106, 192, 10, 156, 151, 91, 94, 113, 15, 98, 145, 163, 158, 64, 111, 107, 161, 128, 147, 27, 103, 78, 125, 177, 58, 2, 51, 162, 28, 183, 153, 19, 146, 174, 157, 76, 85, 190, 35, 167, 193, 31, 149, 68, 165, 50, 65, 61, 133, 53, 119, 42, 3, 116, 55, 166, 77, 180, 92, 181, 44, 5, 168, 82, 26, 117, 172, 47, 148, 97, 11, 16, 49, 200, 195, 93, 56, 80, 169, 118, 132, 199, 104, 110, 121, 33, 160, 70, 186, 127, 144, 13, 0, 152, 178, 72, 24, 198, 87, 88, 29, 54, 142, 100, 179, 38, 187, 131, 89, 18, 120, 99, 105, 130, 141, 69, 7, 164]
Taxon occupancy: {35=1000, 36=1000, 159=1000, 33=1000, 158=1000, 34=1000, 39=1000, 157=1000, 156=1000, 155=1000, 37=1000, 154=1000, 38=1000, 152=1000, 153=1000, 150=1000, 151=1000, 43=1000, 42=1000, 41=1000, 40=1000, 200=1000, 22=1000, 23=1000, 169=1000, 24=1000, 25=1000, 166=1000, 26=1000, 27=1000, 165=1000, 28=1000, 168=1000, 167=1000, 29=1000, 161=1000, 3=1000, 2=1000, 162=1000, 163=1000, 1=1000, 164=1000, 0=1000, 7=1000, 30=1000, 6=1000, 32=1000, 5=1000, 4=1000, 31=1000, 160=1000, 9=1000, 8=1000, 19=1000, 17=1000, 179=1000, 18=1000, 178=1000, 15=1000, 177=1000, 176=1000, 16=1000, 13=1000, 14=1000, 11=1000, 12=1000, 170=1000, 21=1000, 20=1000, 171=1000, 174=1000, 175=1000, 172=1000, 173=1000, 188=1000, 187=1000, 189=1000, 180=1000, 10=1000, 181=1000, 182=1000, 183=1000, 184=1000, 185=1000, 186=1000, 116=1000, 79=1000, 117=1000, 114=1000, 78=1000, 115=1000, 77=1000, 112=1000, 113=1000, 110=1000, 111=1000, 118=1000, 119=1000, 82=1000, 83=1000, 80=1000, 81=1000, 86=1000, 87=1000, 84=1000, 85=1000, 67=1000, 125=1000, 66=1000, 126=1000, 69=1000, 127=1000, 128=1000, 68=1000, 121=1000, 122=1000, 123=1000, 124=1000, 129=1000, 70=1000, 120=1000, 71=1000, 72=1000, 73=1000, 74=1000, 75=1000, 76=1000, 134=1000, 135=1000, 132=1000, 59=1000, 133=1000, 138=1000, 58=1000, 57=1000, 139=1000, 136=1000, 56=1000, 137=1000, 55=1000, 64=1000, 65=1000, 62=1000, 63=1000, 60=1000, 131=1000, 130=1000, 61=1000, 143=1000, 49=1000, 48=1000, 144=1000, 145=1000, 146=1000, 45=1000, 147=1000, 44=1000, 148=1000, 149=1000, 47=1000, 46=1000, 51=1000, 52=1000, 53=1000, 54=1000, 140=1000, 142=1000, 141=1000, 50=1000, 109=1000, 108=1000, 107=1000, 106=1000, 105=1000, 104=1000, 103=1000, 99=1000, 102=1000, 101=1000, 100=1000, 98=1000, 97=1000, 96=1000, 95=1000, 94=1000, 93=1000, 92=1000, 91=1000, 90=1000, 88=1000, 89=1000, 195=1000, 194=1000, 197=1000, 196=1000, 191=1000, 190=1000, 193=1000, 192=1000, 198=1000, 199=1000}
Number of gene trees: 1000
0 trees have missing taxa
Calculating quartet distance matrix (for completion of X)
Species tree distances calculated ...
Building set of clusters (X) from gene trees 
Using tree-based weight calculation.
Number of Default Clusters: 69689
Number of quartet trees in the gene trees: 65998337142
calculating extra bipartitions to be added at level 1 ...
Number of Clusters after addition by distance: 69691
Adding to X using resolutions of greedy consensus ...
Threshold 0.0:
Threshold 0.01:
polytomy of size 4; rounds with additions with at least 0.01 support: 0; clusters: 69691
Threshold 0.02:
polytomy of size 5; rounds with additions with at least 0.01 support: 0; clusters: 69697
Threshold 0.05:
polytomy of size 3; rounds with additions with at least 0.01 support: 0; clusters: 69697
polytomy of size 9; rounds with additions with at least 0.01 support: 0; clusters: 69697
Threshold 0.1:
polytomy of size 3; rounds with additions with at least 0.01 support: 0; clusters: 69697
polytomy of size 3; rounds with additions with at least 0.01 support: 0; clusters: 69697
polytomy of size 4; rounds with additions with at least 0.01 support: 0; clusters: 69697
polytomy of size 3; rounds with additions with at least 0.01 support: 0; clusters: 69697
polytomy of size 12; rounds with additions with at least 0.01 support: 0; clusters: 69697
Threshold 0.2:
polytomy of size 4; rounds with additions with at least 0.01 support: 0; clusters: 69697
polytomy of size 3; rounds with additions with at least 0.01 support: 0; clusters: 69697
polytomy of size 8; rounds with additions with at least 0.01 support: 0; clusters: 69697
polytomy of size 3; rounds with additions with at least 0.01 support: 0; clusters: 69697
polytomy of size 3; rounds with additions with at least 0.01 support: 0; clusters: 69697
polytomy of size 3; rounds with additions with at least 0.01 support: 0; clusters: 69697
polytomy of size 6; rounds with additions with at least 0.01 support: 0; clusters: 69697
polytomy of size 16; rounds with additions with at least 0.01 support: 0; clusters: 69697
Threshold 0.3333333333333333:
polytomy of size 4; rounds with additions with at least 0.01 support: 0; clusters: 69697
polytomy of size 5; rounds with additions with at least 0.01 support: 0; clusters: 69697
polytomy of size 4; rounds with additions with at least 0.01 support: 0; clusters: 69697
polytomy of size 3; rounds with additions with at least 0.01 support: 0; clusters: 69697
polytomy of size 5; rounds with additions with at least 0.01 support: 0; clusters: 69697
polytomy of size 3; rounds with additions with at least 0.01 support: 0; clusters: 69697
polytomy of size 3; rounds with additions with at least 0.01 support: 0; clusters: 69697
polytomy of size 3; rounds with additions with at least 0.01 support: 0; clusters: 69697
polytomy of size 3; rounds with additions with at least 0.01 support: 0; clusters: 69697
polytomy of size 4; rounds with additions with at least 0.01 support: 0; clusters: 69697
polytomy of size 4; rounds with additions with at least 0.01 support: 0; clusters: 69697
polytomy of size 3; rounds with additions with at least 0.01 support: 0; clusters: 69697
polytomy of size 3; rounds with additions with at least 0.01 support: 0; clusters: 69697
polytomy of size 4; rounds with additions with at least 0.01 support: 0; clusters: 69697
polytomy of size 3; rounds with additions with at least 0.01 support: 0; clusters: 69697
polytomy of size 8; rounds with additions with at least 0.01 support: 0; clusters: 69703
polytomy of size 3; rounds with additions with at least 0.01 support: 0; clusters: 69703
polytomy of size 25; rounds with additions with at least 0.01 support: 0; clusters: 70289
polytomy of size 3; rounds with additions with at least 0.01 support: 0; clusters: 70289
polytomy of size 3; rounds with additions with at least 0.01 support: 0; clusters: 70289
polytomy of size 3; rounds with additions with at least 0.01 support: 0; clusters: 70289
Number of Clusters after addition by greedy: 70289
partitions formed in 34.481 secs
Dynamic Programming starting after 34.481 secs
Size of largest cluster: 201
Calculated 100000 weights; time (seconds): 648
Calculated 200000 weights; time (seconds): 641
Total Number of elements weighted: 218230
Normalized score (portion of input quartet trees satisfied): 0.6664584284504457
Final optimization score: 43985148052
Optimal tree inferred in 1412.386 secs.
(163,((111,(158,64)),((107,(176,32)),((98,145),((73,(136,108)),((((140,79),(20,(66,156))),(95,(187,(((36,192),(57,106)),(10,(17,(4,(34,143)))))))),((91,(94,(113,15))),(((22,(139,(138,(129,14)))),((6,23),(189,((90,1),(115,134))))),((((43,151),((159,(109,173)),((30,114),((81,175),((99,105),(130,(141,69))))))),(((188,171),(155,(135,(126,(124,(112,41)))))),(52,(101,((137,(102,74)),((96,170),(84,150))))))),((((104,110),((118,(132,199)),((160,70),(121,33)))),((146,179),((172,(47,(148,97))),(16,(49,(11,(195,(200,93)))))))),(((167,(193,31)),((191,8),((183,(153,19)),((28,(51,(35,(162,190)))),((2,(58,(161,177))),((128,125),(147,(27,(103,78))))))))),(((174,157),(76,85)),(0,((((80,169),((120,(89,18)),((198,87),(88,(29,54))))),((142,100),((39,131),((154,(86,(25,46))),((48,(194,(184,63))),((182,196),((123,75),(185,197)))))))),((((122,83),(59,(67,40))),((45,62),(71,((60,21),(9,12))))),(((7,164),((186,127),(144,13))),((149,(68,165)),(((133,119),((117,(53,166)),(5,(26,(168,82))))),(((56,38),(152,(37,(72,(178,24))))),(((180,92),(77,(181,44))),((61,(50,65)),((42,3),(116,55)))))))))))))))))))))));
Quartet score is: 43985148052
Normalized quartet score is: 0.6664584284504457
ASTRAL finished in 1420.275 secs
