
================== ASTRAL ===================== 

This is ASTRAL version 4.10.7
Gene trees are treated as unrooted
1000 trees read from ASTRALDATA/model.200.500000.0.0000001/02/estimatedgenetre.halfresolved
All output trees will be *arbitrarily* rooted at 173

======== Running the main analysis
Number of taxa: 201 (201 species)
Taxa: [173, 11, 159, 142, 95, 74, 153, 168, 47, 4, 72, 73, 104, 89, 79, 141, 131, 61, 108, 186, 31, 21, 25, 176, 29, 118, 129, 39, 44, 178, 171, 60, 20, 55, 181, 94, 100, 71, 2, 93, 130, 18, 12, 143, 117, 9, 112, 101, 53, 187, 97, 162, 140, 75, 45, 135, 188, 90, 144, 96, 34, 195, 16, 84, 51, 3, 185, 50, 46, 10, 158, 189, 67, 191, 105, 41, 66, 167, 150, 87, 54, 19, 133, 194, 127, 113, 36, 182, 40, 145, 69, 24, 160, 0, 1, 28, 192, 146, 196, 103, 102, 70, 149, 119, 121, 200, 148, 76, 179, 33, 99, 86, 92, 32, 38, 152, 56, 161, 23, 57, 169, 17, 157, 88, 139, 62, 91, 166, 114, 42, 115, 82, 6, 43, 156, 180, 132, 49, 151, 35, 136, 58, 120, 128, 163, 81, 172, 138, 110, 65, 26, 13, 64, 155, 14, 175, 199, 109, 111, 106, 134, 124, 174, 184, 122, 198, 165, 193, 37, 48, 125, 126, 154, 147, 123, 197, 59, 183, 7, 137, 190, 116, 52, 107, 83, 78, 5, 77, 27, 170, 22, 30, 63, 164, 85, 8, 98, 15, 177, 68, 80]
Number of gene trees: 1000
0 trees have missing taxa
Calculating quartet distance matrix (for completion of X)
Species tree distances calculated ...
Building set of clusters (X) from gene trees 
Using tree-based weight calculation.
Number of Default Clusters: 165009
Number of quartet trees in the gene trees: 65998338732
calculating extra bipartitions to be added at level 1 ...
Number of Clusters after addition by distance: 165051
Adding to X using resolutions of greedy consensus ...
Threshold 0.0:
polytomy of size 20; rounds with additions with at least 0.01 support: 18; clusters: 169325
Threshold 0.01:
polytomy of size 3; rounds with additions with at least 0.01 support: 0; clusters: 169325
polytomy of size 3; rounds with additions with at least 0.01 support: 0; clusters: 169325
polytomy of size 34; rounds with additions with at least 0.01 support: 8; clusters: 183375
Threshold 0.02:
polytomy of size 4; rounds with additions with at least 0.01 support: 0; clusters: 183375
polytomy of size 41; rounds with additions with at least 0.01 support: 3; clusters: 203275
Threshold 0.05:
polytomy of size 4; rounds with additions with at least 0.01 support: 0; clusters: 203275
polytomy of size 4; rounds with additions with at least 0.01 support: 0; clusters: 203275
polytomy of size 53; rounds with additions with at least 0.01 support: 2; clusters: 203659
Threshold 0.1:
polytomy of size 3; rounds with additions with at least 0.01 support: 0; clusters: 203659
polytomy of size 6; rounds with additions with at least 0.01 support: 0; clusters: 203659
polytomy of size 3; rounds with additions with at least 0.01 support: 0; clusters: 203659
polytomy of size 69; rounds with additions with at least 0.01 support: 0; clusters: 203859
Threshold 0.2:
polytomy of size 3; rounds with additions with at least 0.01 support: 0; clusters: 203859
polytomy of size 6; rounds with additions with at least 0.01 support: 0; clusters: 203859
polytomy of size 3; rounds with additions with at least 0.01 support: 0; clusters: 203859
polytomy of size 3; rounds with additions with at least 0.01 support: 0; clusters: 203859
polytomy of size 94; rounds with additions with at least 0.01 support: 0; clusters: 204179
Threshold 0.3333333333333333:
polytomy of size 4; rounds with additions with at least 0.01 support: 0; clusters: 204179
polytomy of size 5; rounds with additions with at least 0.01 support: 0; clusters: 204179
polytomy of size 5; rounds with additions with at least 0.01 support: 0; clusters: 204179
Number of Clusters after addition by greedy: 204179
partitions formed in 363.501 secs
Dynamic Programming starting after 363.502 secs
Size of largest cluster: 201
Calculated 100000 weights; time (seconds): 2532
Calculated 200000 weights; time (seconds): 2174
Calculated 300000 weights; time (seconds): 2232
Calculated 400000 weights; time (seconds): 2312
Total Number of elements weighted: 455035
Normalized score (portion of input quartet trees satisfied): 0.4480652534767805
Final optimization score: 29571562373
Optimal tree inferred in 10543.83 secs.
(1,(28,(155,(((136,58),(35,64)),(92,((99,(196,(146,86))),(192,((14,((129,(118,39)),((176,(25,29)),(180,(156,116))))),((134,124),((((43,132),((115,65),((175,199),((26,13),((103,70),(102,149)))))),((31,(16,84)),(37,((197,59),((125,(108,193)),((7,137),(183,190))))))),((((195,((71,2),(93,(45,135)))),((10,(158,189)),(67,(191,(105,41))))),((140,(162,75)),(((112,(12,101)),((18,53),(126,154))),((38,(187,97)),((130,19),((72,73),(48,((117,9),(127,(143,((188,90),((133,194),(113,(144,96)))))))))))))),((0,((((185,106),(109,(32,152))),((111,165),(56,(161,23)))),(51,((11,(89,((131,61),(79,141)))),(82,((6,((172,138),(163,81))),((168,(74,153)),((47,4),(42,(104,114)))))))))),((((76,(179,33)),(174,((173,147),((110,(49,151)),(46,(122,(184,198))))))),((21,157),((17,(88,(22,(170,(30,63))))),((128,(139,(62,(91,166)))),(164,((107,(77,(78,5))),((83,27),((85,8),(57,169))))))))),((119,(120,123)),(((186,44),(148,(121,200))),((80,(66,52)),((54,(3,((36,177),(68,(20,((171,55),(178,60))))))),((98,(100,15)),((182,(40,(24,(69,(145,160))))),(50,((34,(167,(150,87))),((181,94),(95,(159,142))))))))))))))))))))))));
Quartet score is: 29571562373
Normalized quartet score is: 0.4480652534767805
ASTRAL finished in 10566.348 secs
