
================== ASTRAL ===================== 

This is ASTRAL version 4.10.8
Gene trees are treated as unrooted
941 trees read from model.1000.2000000.0.000001/41/estimatedgenetre.halfresolved
All outputted trees will be *arbitrarily* rooted at 367

======== Running the main analysis
Number of taxa: 1001 (1001 species)
Taxa: [367, 251, 342, 706, 966, 256, 24, 79, 600, 264, 427, 442, 567, 352, 230, 834, 915, 221, 862, 697, 687, 815, 174, 525, 622, 492, 782, 517, 120, 691, 757, 368, 714, 151, 975, 244, 787, 332, 227, 99, 813, 241, 426, 356, 353, 437, 576, 980, 100, 429, 15, 92, 634, 832, 94, 157, 738, 820, 943, 511, 632, 329, 652, 612, 861, 476, 899, 423, 229, 561, 645, 802, 795, 161, 874, 283, 490, 944, 350, 269, 6, 564, 413, 477, 26, 534, 211, 126, 949, 291, 9, 115, 598, 409, 207, 960, 594, 967, 734, 424, 759, 462, 901, 486, 794, 556, 47, 852, 809, 263, 532, 238, 297, 107, 116, 709, 428, 281, 705, 303, 333, 571, 601, 75, 331, 607, 310, 354, 13, 679, 545, 182, 761, 565, 891, 695, 775, 549, 683, 213, 762, 681, 657, 581, 741, 584, 505, 535, 131, 611, 854, 912, 383, 11, 660, 34, 781, 945, 700, 789, 868, 163, 729, 764, 593, 627, 772, 849, 497, 142, 609, 147, 805, 243, 38, 386, 130, 285, 76, 95, 267, 62, 540, 289, 769, 19, 699, 760, 617, 957, 538, 20, 522, 491, 621, 170, 755, 148, 965, 145, 721, 321, 859, 723, 998, 929, 568, 287, 119, 22, 514, 344, 164, 503, 203, 209, 991, 963, 177, 826, 767, 451, 924, 984, 380, 374, 810, 57, 85, 237, 201, 865, 280, 533, 93, 541, 395, 856, 993, 711, 351, 404, 990, 650, 103, 964, 953, 420, 624, 970, 410, 752, 464, 649, 39, 718, 134, 626, 913, 502, 780, 528, 501, 710, 977, 140, 432, 254, 296, 641, 459, 951, 885, 67, 158, 843, 347, 324, 619, 841, 959, 323, 870, 21, 969, 871, 10, 736, 373, 895, 676, 472, 579, 674, 180, 559, 104, 489, 784, 160, 680, 747, 258, 804, 748, 191, 508, 513, 222, 881, 586, 493, 65, 884, 937, 934, 606, 298, 338, 473, 219, 317, 940, 146, 812, 640, 400, 399, 917, 595, 703, 638, 735, 77, 692, 554, 30, 840, 546, 900, 418, 371, 398, 999, 737, 232, 293, 208, 783, 604, 716, 3, 469, 956, 186, 305, 817, 555, 172, 69, 253, 558, 838, 530, 200, 440, 712, 936, 183, 414, 444, 933, 337, 43, 17, 796, 981, 82, 108, 218, 301, 758, 78, 547, 250, 880, 233, 806, 801, 580, 36, 447, 345, 938, 421, 842, 136, 603, 850, 406, 863, 677, 982, 240, 857, 86, 194, 29, 730, 844, 566, 12, 531, 138, 807, 268, 655, 922, 252, 830, 214, 27, 169, 465, 578, 672, 642, 193, 873, 8, 646, 408, 910, 66, 751, 357, 365, 926, 639, 808, 245, 875, 620, 839, 726, 887, 55, 143, 277, 87, 954, 577, 515, 992, 685, 319, 539, 855, 942, 53, 659, 754, 778, 64, 696, 800, 860, 689, 927, 837, 81, 282, 68, 560, 955, 585, 653, 274, 247, 614, 864, 484, 785, 675, 664, 475, 339, 372, 613, 605, 886, 635, 972, 270, 215, 167, 56, 377, 28, 599, 375, 407, 61, 48, 722, 83, 920, 401, 485, 106, 210, 304, 643, 470, 125, 391, 728, 563, 771, 299, 445, 897, 181, 384, 658, 248, 137, 911, 882, 376, 914, 190, 847, 49, 529, 717, 941, 261, 431, 206, 153, 234, 788, 318, 133, 523, 543, 188, 457, 507, 311, 989, 294, 608, 63, 379, 438, 670, 279, 835, 548, 370, 908, 328, 779, 694, 894, 573, 396, 792, 907, 610, 198, 33, 918, 84, 774, 836, 176, 799, 109, 144, 661, 149, 745, 35, 479, 441, 366, 898, 262, 974, 175, 902, 266, 625, 786, 7, 290, 686, 105, 623, 411, 939, 385, 159, 724, 389, 121, 562, 42, 587, 510, 452, 197, 271, 588, 994, 168, 791, 793, 18, 520, 928, 52, 719, 96, 583, 651, 704, 756, 327, 750, 416, 708, 574, 527, 739, 31, 467, 798, 1000, 968, 952, 629, 449, 973, 185, 669, 773, 671, 388, 118, 879, 916, 701, 80, 553, 777, 434, 811, 824, 763, 23, 273, 165, 582, 715, 419, 637, 958, 919, 851, 656, 173, 615, 702, 236, 878, 315, 343, 904, 54, 412, 876, 110, 889, 518, 846, 720, 382, 455, 618, 962, 360, 217, 823, 480, 822, 403, 698, 150, 935, 872, 216, 312, 364, 995, 71, 284, 707, 666, 909, 997, 415, 825, 74, 235, 460, 589, 725, 662, 226, 40, 946, 450, 483, 288, 355, 572, 98, 988, 482, 524, 59, 439, 569, 749, 867, 976, 504, 187, 335, 60, 122, 512, 139, 816, 743, 828, 616, 961, 471, 985, 378, 821, 602, 673, 509, 179, 155, 443, 178, 45, 986, 591, 597, 500, 923, 88, 242, 818, 369, 526, 316, 516, 127, 89, 272, 114, 308, 132, 184, 196, 307, 257, 932, 931, 950, 797, 390, 647, 592, 141, 435, 663, 552, 192, 32, 387, 987, 890, 448, 278, 325, 488, 466, 70, 570, 334, 648, 162, 46, 72, 330, 101, 37, 363, 129, 877, 25, 402, 171, 506, 392, 314, 474, 135, 231, 983, 590, 340, 896, 829, 276, 456, 309, 166, 519, 260, 766, 744, 313, 668, 688, 225, 633, 91, 239, 458, 202, 481, 644, 417, 930, 286, 905, 468, 128, 731, 461, 50, 433, 557, 199, 596, 628, 195, 113, 16, 665, 727, 111, 848, 4, 255, 550, 90, 713, 102, 866, 336, 430, 498, 292, 544, 265, 833, 51, 740, 753, 630, 925, 684, 831, 228, 765, 361, 732, 306, 44, 156, 152, 690, 322, 971, 979, 5, 246, 537, 349, 348, 295, 446, 205, 405, 397, 494, 58, 41, 892, 499, 947, 921, 888, 275, 422, 495, 302, 948, 346, 682, 853, 341, 770, 394, 326, 362, 154, 893, 858, 14, 320, 300, 220, 359, 827, 803, 393, 425, 776, 996, 978, 223, 454, 123, 733, 575, 124, 453, 112, 903, 819, 814, 631, 742, 2, 436, 667, 487, 521, 496, 678, 746, 551, 869, 768, 1, 542, 478, 883, 636, 790, 358, 224, 654, 97, 249, 204, 463, 0, 845, 536, 693, 117, 73, 259, 189, 906, 212, 381]
Taxon occupancy: {338=941, 339=941, 941=941, 942=941, 940=941, 332=941, 945=941, 333=941, 946=941, 330=941, 943=941, 944=941, 331=941, 336=941, 949=941, 337=941, 947=941, 334=941, 948=941, 335=941, 748=941, 531=941, 530=941, 747=941, 746=941, 745=941, 535=941, 534=941, 533=941, 532=941, 749=941, 740=941, 539=941, 538=941, 537=941, 536=941, 744=941, 743=941, 742=941, 741=941, 349=941, 930=941, 931=941, 341=941, 932=941, 933=941, 342=941, 934=941, 343=941, 344=941, 935=941, 936=941, 345=941, 346=941, 937=941, 347=941, 938=941, 348=941, 939=941, 3=941, 735=941, 540=941, 2=941, 929=941, 734=941, 542=941, 1=941, 737=941, 0=941, 736=941, 541=941, 544=941, 7=941, 739=941, 6=941, 738=941, 543=941, 5=941, 340=941, 546=941, 4=941, 545=941, 548=941, 547=941, 9=941, 549=941, 8=941, 731=941, 730=941, 733=941, 732=941, 920=941, 318=941, 319=941, 316=941, 317=941, 314=941, 927=941, 928=941, 315=941, 925=941, 312=941, 313=941, 926=941, 923=941, 310=941, 924=941, 311=941, 921=941, 922=941, 513=941, 729=941, 512=941, 511=941, 728=941, 727=941, 510=941, 726=941, 725=941, 724=941, 919=941, 723=941, 918=941, 722=941, 721=941, 519=941, 720=941, 518=941, 517=941, 516=941, 515=941, 514=941, 327=941, 328=941, 329=941, 323=941, 914=941, 324=941, 915=941, 325=941, 916=941, 326=941, 917=941, 709=941, 910=941, 320=941, 911=941, 321=941, 912=941, 322=941, 913=941, 522=941, 717=941, 521=941, 716=941, 719=941, 524=941, 718=941, 523=941, 713=941, 908=941, 712=941, 907=941, 520=941, 715=941, 714=941, 909=941, 529=941, 711=941, 710=941, 526=941, 525=941, 528=941, 527=941, 989=941, 988=941, 987=941, 571=941, 570=941, 982=941, 981=941, 980=941, 986=941, 985=941, 984=941, 983=941, 700=941, 703=941, 574=941, 575=941, 704=941, 701=941, 572=941, 573=941, 702=941, 578=941, 707=941, 579=941, 708=941, 576=941, 705=941, 706=941, 577=941, 977=941, 976=941, 300=941, 979=941, 978=941, 302=941, 580=941, 301=941, 304=941, 582=941, 303=941, 581=941, 306=941, 305=941, 971=941, 308=941, 307=941, 970=941, 973=941, 309=941, 972=941, 975=941, 974=941, 583=941, 584=941, 585=941, 586=941, 587=941, 588=941, 589=941, 969=941, 968=941, 967=941, 966=941, 965=941, 964=941, 963=941, 962=941, 961=941, 960=941, 558=941, 559=941, 556=941, 557=941, 554=941, 555=941, 552=941, 553=941, 550=941, 551=941, 959=941, 958=941, 560=941, 955=941, 954=941, 957=941, 956=941, 951=941, 950=941, 953=941, 952=941, 569=941, 565=941, 566=941, 567=941, 568=941, 561=941, 562=941, 563=941, 564=941, 799=941, 798=941, 797=941, 796=941, 795=941, 794=941, 793=941, 792=941, 790=941, 996=941, 791=941, 997=941, 994=941, 995=941, 992=941, 993=941, 990=941, 991=941, 998=941, 999=941, 781=941, 782=941, 783=941, 784=941, 785=941, 786=941, 787=941, 788=941, 789=941, 780=941, 505=941, 772=941, 506=941, 773=941, 770=941, 503=941, 771=941, 504=941, 776=941, 509=941, 777=941, 507=941, 774=941, 508=941, 775=941, 778=941, 779=941, 501=941, 502=941, 500=941, 763=941, 764=941, 765=941, 766=941, 760=941, 761=941, 762=941, 767=941, 768=941, 769=941, 754=941, 755=941, 752=941, 753=941, 750=941, 751=941, 758=941, 759=941, 756=941, 757=941, 595=941, 594=941, 391=941, 597=941, 596=941, 390=941, 393=941, 599=941, 392=941, 598=941, 395=941, 394=941, 396=941, 397=941, 398=941, 399=941, 590=941, 591=941, 592=941, 593=941, 383=941, 384=941, 381=941, 382=941, 380=941, 389=941, 388=941, 387=941, 386=941, 385=941, 370=941, 371=941, 372=941, 373=941, 379=941, 378=941, 375=941, 374=941, 377=941, 376=941, 361=941, 362=941, 360=941, 366=941, 365=941, 364=941, 363=941, 369=941, 368=941, 367=941, 350=941, 351=941, 353=941, 352=941, 355=941, 354=941, 357=941, 356=941, 359=941, 358=941, 806=941, 807=941, 804=941, 805=941, 802=941, 803=941, 800=941, 801=941, 159=941, 158=941, 157=941, 156=941, 155=941, 154=941, 152=941, 601=941, 600=941, 153=941, 150=941, 151=941, 609=941, 608=941, 607=941, 606=941, 605=941, 604=941, 603=941, 602=941, 202=941, 203=941, 204=941, 205=941, 200=941, 201=941, 169=941, 166=941, 206=941, 207=941, 165=941, 208=941, 168=941, 209=941, 167=941, 409=941, 161=941, 162=941, 408=941, 163=941, 164=941, 405=941, 404=941, 407=941, 160=941, 406=941, 401=941, 400=941, 403=941, 402=941, 211=941, 824=941, 212=941, 825=941, 822=941, 210=941, 823=941, 215=941, 828=941, 829=941, 216=941, 826=941, 213=941, 827=941, 214=941, 219=941, 179=941, 178=941, 177=941, 217=941, 218=941, 176=941, 820=941, 821=941, 418=941, 170=941, 417=941, 171=941, 416=941, 415=941, 174=941, 623=941, 622=941, 175=941, 172=941, 621=941, 620=941, 419=941, 173=941, 410=941, 627=941, 626=941, 625=941, 819=941, 624=941, 414=941, 413=941, 629=941, 412=941, 628=941, 411=941, 220=941, 811=941, 812=941, 221=941, 222=941, 813=941, 814=941, 223=941, 224=941, 815=941, 225=941, 816=941, 817=941, 226=941, 818=941, 227=941, 228=941, 188=941, 229=941, 187=941, 189=941, 810=941, 427=941, 180=941, 426=941, 429=941, 181=941, 428=941, 182=941, 183=941, 610=941, 184=941, 612=941, 185=941, 186=941, 611=941, 809=941, 614=941, 808=941, 613=941, 421=941, 616=941, 420=941, 615=941, 423=941, 618=941, 422=941, 617=941, 425=941, 619=941, 424=941, 843=941, 116=941, 117=941, 842=941, 114=941, 841=941, 840=941, 115=941, 112=941, 113=941, 110=941, 111=941, 849=941, 848=941, 847=941, 846=941, 845=941, 118=941, 119=941, 844=941, 435=941, 436=941, 433=941, 434=941, 431=941, 432=941, 430=941, 439=941, 437=941, 438=941, 830=941, 125=941, 126=941, 127=941, 832=941, 831=941, 128=941, 121=941, 122=941, 123=941, 124=941, 838=941, 837=941, 839=941, 129=941, 834=941, 833=941, 836=941, 835=941, 444=941, 445=941, 446=941, 447=941, 440=941, 441=941, 442=941, 443=941, 120=941, 448=941, 449=941, 134=941, 861=941, 135=941, 860=941, 132=941, 133=941, 865=941, 138=941, 864=941, 139=941, 136=941, 863=941, 862=941, 137=941, 869=941, 868=941, 867=941, 866=941, 450=941, 453=941, 454=941, 451=941, 452=941, 457=941, 458=941, 455=941, 456=941, 459=941, 131=941, 130=941, 143=941, 144=941, 145=941, 850=941, 146=941, 852=941, 147=941, 148=941, 851=941, 854=941, 149=941, 853=941, 856=941, 855=941, 858=941, 857=941, 859=941, 461=941, 460=941, 462=941, 463=941, 464=941, 465=941, 466=941, 467=941, 468=941, 469=941, 140=941, 142=941, 141=941, 687=941, 686=941, 689=941, 688=941, 683=941, 682=941, 685=941, 684=941, 888=941, 889=941, 884=941, 885=941, 680=941, 886=941, 681=941, 887=941, 880=941, 881=941, 882=941, 883=941, 678=941, 677=941, 676=941, 675=941, 674=941, 673=941, 672=941, 671=941, 679=941, 879=941, 877=941, 878=941, 875=941, 670=941, 876=941, 873=941, 874=941, 871=941, 872=941, 870=941, 696=941, 695=941, 694=941, 693=941, 890=941, 699=941, 698=941, 697=941, 899=941, 893=941, 894=941, 891=941, 892=941, 691=941, 897=941, 692=941, 898=941, 895=941, 690=941, 896=941, 646=941, 647=941, 648=941, 649=941, 195=941, 642=941, 194=941, 643=941, 644=941, 197=941, 196=941, 645=941, 191=941, 190=941, 640=941, 193=941, 192=941, 641=941, 198=941, 199=941, 639=941, 637=941, 638=941, 635=941, 636=941, 633=941, 634=941, 631=941, 632=941, 630=941, 668=941, 669=941, 660=941, 661=941, 662=941, 663=941, 664=941, 665=941, 666=941, 667=941, 659=941, 657=941, 658=941, 651=941, 652=941, 650=941, 655=941, 656=941, 653=941, 654=941, 35=941, 36=941, 33=941, 34=941, 39=941, 37=941, 38=941, 43=941, 42=941, 41=941, 40=941, 22=941, 23=941, 24=941, 25=941, 26=941, 27=941, 28=941, 29=941, 30=941, 32=941, 31=941, 19=941, 17=941, 18=941, 15=941, 16=941, 13=941, 14=941, 11=941, 12=941, 21=941, 20=941, 10=941, 79=941, 78=941, 77=941, 82=941, 83=941, 80=941, 81=941, 86=941, 87=941, 84=941, 85=941, 67=941, 66=941, 69=941, 68=941, 70=941, 71=941, 72=941, 73=941, 74=941, 75=941, 76=941, 59=941, 58=941, 57=941, 56=941, 55=941, 64=941, 65=941, 62=941, 63=941, 60=941, 61=941, 49=941, 48=941, 45=941, 44=941, 47=941, 46=941, 51=941, 52=941, 53=941, 54=941, 50=941, 487=941, 281=941, 280=941, 486=941, 485=941, 484=941, 285=941, 284=941, 489=941, 283=941, 488=941, 282=941, 288=941, 289=941, 286=941, 287=941, 482=941, 483=941, 480=941, 481=941, 474=941, 473=941, 476=941, 270=941, 475=941, 478=941, 272=941, 477=941, 271=941, 274=941, 479=941, 273=941, 275=941, 276=941, 277=941, 278=941, 279=941, 470=941, 471=941, 472=941, 1000=941, 109=941, 108=941, 107=941, 106=941, 105=941, 104=941, 103=941, 102=941, 99=941, 101=941, 100=941, 98=941, 97=941, 96=941, 95=941, 94=941, 93=941, 92=941, 91=941, 90=941, 294=941, 499=941, 293=941, 296=941, 295=941, 496=941, 290=941, 495=941, 292=941, 498=941, 291=941, 497=941, 491=941, 492=941, 493=941, 494=941, 297=941, 298=941, 299=941, 490=941, 88=941, 89=941, 240=941, 241=941, 245=941, 244=941, 243=941, 242=941, 249=941, 248=941, 247=941, 246=941, 230=941, 239=941, 232=941, 231=941, 234=941, 233=941, 236=941, 235=941, 238=941, 237=941, 262=941, 263=941, 260=941, 261=941, 269=941, 268=941, 267=941, 266=941, 265=941, 264=941, 250=941, 251=941, 252=941, 258=941, 904=941, 903=941, 257=941, 906=941, 259=941, 905=941, 900=941, 254=941, 253=941, 256=941, 902=941, 255=941, 901=941}
Number of gene trees: 941
0 trees have missing taxa
Calculating quartet distance matrix (for completion of X)
Species tree distances calculated ...
Building set of clusters (X) from gene trees 
Using tree-based weight calculation.
Number of Default Clusters: 552745
Number of quartet trees in the gene trees: 39094485477491
calculating extra bipartitions to be added at level 1 ...
Number of Clusters after addition by distance: 552765
Adding to X using resolutions of greedy consensus ...
Threshold 0.0:
polytomy of size 9; rounds with additions with at least 0.01 support: 3; clusters: 553049
Threshold 0.01:
polytomy of size 3; rounds with additions with at least 0.01 support: 0; clusters: 553049
polytomy of size 29; rounds with additions with at least 0.01 support: 8; clusters: 563535
Threshold 0.02:
polytomy of size 3; rounds with additions with at least 0.01 support: 0; clusters: 563535
polytomy of size 3; rounds with additions with at least 0.01 support: 0; clusters: 563535
polytomy of size 3; rounds with additions with at least 0.01 support: 0; clusters: 563535
polytomy of size 3; rounds with additions with at least 0.01 support: 0; clusters: 563535
polytomy of size 42; rounds with additions with at least 0.01 support: 1; clusters: 587515
Threshold 0.05:
polytomy of size 4; rounds with additions with at least 0.01 support: 0; clusters: 587515
polytomy of size 3; rounds with additions with at least 0.01 support: 0; clusters: 587515
polytomy of size 3; rounds with additions with at least 0.01 support: 0; clusters: 587515
polytomy of size 3; rounds with additions with at least 0.01 support: 0; clusters: 587515
polytomy of size 9; rounds with additions with at least 0.01 support: 0; clusters: 587515
polytomy of size 4; rounds with additions with at least 0.01 support: 0; clusters: 587515
polytomy of size 3; rounds with additions with at least 0.01 support: 0; clusters: 587515
polytomy of size 4; rounds with additions with at least 0.01 support: 0; clusters: 587515
polytomy of size 4; rounds with additions with at least 0.01 support: 0; clusters: 587515
polytomy of size 62; rounds with additions with at least 0.01 support: 0; clusters: 587529
Threshold 0.1:
polytomy of size 3; rounds with additions with at least 0.01 support: 0; clusters: 587529
polytomy of size 3; rounds with additions with at least 0.01 support: 0; clusters: 587529
polytomy of size 3; rounds with additions with at least 0.01 support: 0; clusters: 587529
polytomy of size 7; rounds with additions with at least 0.01 support: 0; clusters: 587533
polytomy of size 3; rounds with additions with at least 0.01 support: 0; clusters: 587533
polytomy of size 3; rounds with additions with at least 0.01 support: 0; clusters: 587533
polytomy of size 5; rounds with additions with at least 0.01 support: 0; clusters: 587533
polytomy of size 3; rounds with additions with at least 0.01 support: 0; clusters: 587533
polytomy of size 5; rounds with additions with at least 0.01 support: 0; clusters: 587533
polytomy of size 6; rounds with additions with at least 0.01 support: 0; clusters: 587533
polytomy of size 3; rounds with additions with at least 0.01 support: 0; clusters: 587533
polytomy of size 3; rounds with additions with at least 0.01 support: 0; clusters: 587533
polytomy of size 3; rounds with additions with at least 0.01 support: 0; clusters: 587533
polytomy of size 105; rounds with additions with at least 0.01 support: 0; clusters: 587557
Threshold 0.2:
polytomy of size 3; rounds with additions with at least 0.01 support: 0; clusters: 587557
polytomy of size 3; rounds with additions with at least 0.01 support: 0; clusters: 587557
polytomy of size 3; rounds with additions with at least 0.01 support: 0; clusters: 587557
polytomy of size 6; rounds with additions with at least 0.01 support: 0; clusters: 587557
polytomy of size 3; rounds with additions with at least 0.01 support: 0; clusters: 587557
polytomy of size 3; rounds with additions with at least 0.01 support: 0; clusters: 587557
polytomy of size 7; rounds with additions with at least 0.01 support: 0; clusters: 587557
polytomy of size 3; rounds with additions with at least 0.01 support: 0; clusters: 587557
polytomy of size 4; rounds with additions with at least 0.01 support: 0; clusters: 587557
polytomy of size 6; rounds with additions with at least 0.01 support: 0; clusters: 587557
polytomy of size 5; rounds with additions with at least 0.01 support: 0; clusters: 587557
polytomy of size 3; rounds with additions with at least 0.01 support: 0; clusters: 587557
polytomy of size 3; rounds with additions with at least 0.01 support: 0; clusters: 587557
polytomy of size 5; rounds with additions with at least 0.01 support: 0; clusters: 587557
polytomy of size 3; rounds with additions with at least 0.01 support: 0; clusters: 587557
polytomy of size 3; rounds with additions with at least 0.01 support: 0; clusters: 587557
polytomy of size 5; rounds with additions with at least 0.01 support: 0; clusters: 587557
polytomy of size 3; rounds with additions with at least 0.01 support: 0; clusters: 587557
polytomy of size 3; rounds with additions with at least 0.01 support: 0; clusters: 587557
polytomy of size 3; rounds with additions with at least 0.01 support: 0; clusters: 587557
polytomy of size 3; rounds with additions with at least 0.01 support: 0; clusters: 587557
polytomy of size 11; rounds with additions with at least 0.01 support: 0; clusters: 587557
polytomy of size 6; rounds with additions with at least 0.01 support: 0; clusters: 587557
polytomy of size 3; rounds with additions with at least 0.01 support: 0; clusters: 587557
polytomy of size 4; rounds with additions with at least 0.01 support: 0; clusters: 587557
polytomy of size 4; rounds with additions with at least 0.01 support: 0; clusters: 587557
polytomy of size 4; rounds with additions with at least 0.01 support: 0; clusters: 587557
polytomy of size 5; rounds with additions with at least 0.01 support: 0; clusters: 587557
polytomy of size 3; rounds with additions with at least 0.01 support: 0; clusters: 587557
polytomy of size 3; rounds with additions with at least 0.01 support: 0; clusters: 587557
polytomy of size 4; rounds with additions with at least 0.01 support: 0; clusters: 587557
polytomy of size 3; rounds with additions with at least 0.01 support: 0; clusters: 587557
polytomy of size 3; rounds with additions with at least 0.01 support: 0; clusters: 587557
polytomy of size 4; rounds with additions with at least 0.01 support: 0; clusters: 587557
polytomy of size 4; rounds with additions with at least 0.01 support: 0; clusters: 587557
polytomy of size 6; rounds with additions with at least 0.01 support: 0; clusters: 587557
polytomy of size 3; rounds with additions with at least 0.01 support: 0; clusters: 587557
polytomy of size 8; rounds with additions with at least 0.01 support: 0; clusters: 587557
polytomy of size 3; rounds with additions with at least 0.01 support: 0; clusters: 587557
polytomy of size 3; rounds with additions with at least 0.01 support: 0; clusters: 587557
polytomy of size 3; rounds with additions with at least 0.01 support: 0; clusters: 587557
polytomy of size 3; rounds with additions with at least 0.01 support: 0; clusters: 587557
polytomy of size 5; rounds with additions with at least 0.01 support: 0; clusters: 587557
polytomy of size 3; rounds with additions with at least 0.01 support: 0; clusters: 587557
polytomy of size 3; rounds with additions with at least 0.01 support: 0; clusters: 587557
polytomy of size 3; rounds with additions with at least 0.01 support: 0; clusters: 587557
polytomy of size 4; rounds with additions with at least 0.01 support: 0; clusters: 587557
polytomy of size 3; rounds with additions with at least 0.01 support: 0; clusters: 587557
polytomy of size 149; rounds with additions with at least 0.01 support: 0; clusters: 587585
polytomy of size 4; rounds with additions with at least 0.01 support: 0; clusters: 587585
Threshold 0.3333333333333333:
polytomy of size 3; rounds with additions with at least 0.01 support: 0; clusters: 587585
polytomy of size 3; rounds with additions with at least 0.01 support: 0; clusters: 587585
polytomy of size 4; rounds with additions with at least 0.01 support: 0; clusters: 587585
polytomy of size 3; rounds with additions with at least 0.01 support: 0; clusters: 587585
polytomy of size 3; rounds with additions with at least 0.01 support: 0; clusters: 587585
polytomy of size 4; rounds with additions with at least 0.01 support: 0; clusters: 587585
polytomy of size 5; rounds with additions with at least 0.01 support: 0; clusters: 587585
polytomy of size 3; rounds with additions with at least 0.01 support: 0; clusters: 587585
polytomy of size 4; rounds with additions with at least 0.01 support: 0; clusters: 587585
polytomy of size 3; rounds with additions with at least 0.01 support: 0; clusters: 587585
polytomy of size 3; rounds with additions with at least 0.01 support: 0; clusters: 587585
polytomy of size 4; rounds with additions with at least 0.01 support: 0; clusters: 587585
polytomy of size 3; rounds with additions with at least 0.01 support: 0; clusters: 587585
polytomy of size 4; rounds with additions with at least 0.01 support: 0; clusters: 587585
polytomy of size 3; rounds with additions with at least 0.01 support: 0; clusters: 587585
polytomy of size 3; rounds with additions with at least 0.01 support: 0; clusters: 587585
polytomy of size 3; rounds with additions with at least 0.01 support: 0; clusters: 587585
polytomy of size 3; rounds with additions with at least 0.01 support: 0; clusters: 587585
polytomy of size 3; rounds with additions with at least 0.01 support: 0; clusters: 587585
polytomy of size 4; rounds with additions with at least 0.01 support: 0; clusters: 587585
polytomy of size 4; rounds with additions with at least 0.01 support: 0; clusters: 587585
polytomy of size 7; rounds with additions with at least 0.01 support: 0; clusters: 587585
polytomy of size 3; rounds with additions with at least 0.01 support: 0; clusters: 587585
polytomy of size 3; rounds with additions with at least 0.01 support: 0; clusters: 587585
polytomy of size 4; rounds with additions with at least 0.01 support: 0; clusters: 587585
polytomy of size 3; rounds with additions with at least 0.01 support: 0; clusters: 587585
polytomy of size 5; rounds with additions with at least 0.01 support: 0; clusters: 587585
polytomy of size 4; rounds with additions with at least 0.01 support: 0; clusters: 587585
polytomy of size 3; rounds with additions with at least 0.01 support: 0; clusters: 587585
polytomy of size 3; rounds with additions with at least 0.01 support: 0; clusters: 587585
polytomy of size 3; rounds with additions with at least 0.01 support: 0; clusters: 587585
polytomy of size 5; rounds with additions with at least 0.01 support: 0; clusters: 587585
polytomy of size 6; rounds with additions with at least 0.01 support: 0; clusters: 587585
polytomy of size 7; rounds with additions with at least 0.01 support: 0; clusters: 587585
polytomy of size 3; rounds with additions with at least 0.01 support: 0; clusters: 587585
polytomy of size 4; rounds with additions with at least 0.01 support: 0; clusters: 587585
polytomy of size 3; rounds with additions with at least 0.01 support: 0; clusters: 587585
polytomy of size 3; rounds with additions with at least 0.01 support: 0; clusters: 587585
polytomy of size 3; rounds with additions with at least 0.01 support: 0; clusters: 587585
polytomy of size 4; rounds with additions with at least 0.01 support: 0; clusters: 587585
polytomy of size 3; rounds with additions with at least 0.01 support: 0; clusters: 587585
polytomy of size 3; rounds with additions with at least 0.01 support: 0; clusters: 587585
polytomy of size 4; rounds with additions with at least 0.01 support: 0; clusters: 587585
polytomy of size 5; rounds with additions with at least 0.01 support: 0; clusters: 587585
polytomy of size 3; rounds with additions with at least 0.01 support: 0; clusters: 587585
polytomy of size 3; rounds with additions with at least 0.01 support: 0; clusters: 587585
polytomy of size 3; rounds with additions with at least 0.01 support: 0; clusters: 587585
polytomy of size 10; rounds with additions with at least 0.01 support: 0; clusters: 587625
polytomy of size 3; rounds with additions with at least 0.01 support: 0; clusters: 587625
polytomy of size 7; rounds with additions with at least 0.01 support: 0; clusters: 587625
polytomy of size 3; rounds with additions with at least 0.01 support: 0; clusters: 587625
polytomy of size 3; rounds with additions with at least 0.01 support: 0; clusters: 587625
polytomy of size 5; rounds with additions with at least 0.01 support: 0; clusters: 587625
polytomy of size 4; rounds with additions with at least 0.01 support: 0; clusters: 587625
polytomy of size 6; rounds with additions with at least 0.01 support: 0; clusters: 587625
polytomy of size 3; rounds with additions with at least 0.01 support: 0; clusters: 587625
polytomy of size 3; rounds with additions with at least 0.01 support: 0; clusters: 587625
polytomy of size 3; rounds with additions with at least 0.01 support: 0; clusters: 587625
polytomy of size 3; rounds with additions with at least 0.01 support: 0; clusters: 587625
polytomy of size 7; rounds with additions with at least 0.01 support: 0; clusters: 587629
polytomy of size 3; rounds with additions with at least 0.01 support: 0; clusters: 587629
polytomy of size 3; rounds with additions with at least 0.01 support: 0; clusters: 587629
polytomy of size 4; rounds with additions with at least 0.01 support: 0; clusters: 587629
polytomy of size 3; rounds with additions with at least 0.01 support: 0; clusters: 587629
polytomy of size 3; rounds with additions with at least 0.01 support: 0; clusters: 587629
polytomy of size 3; rounds with additions with at least 0.01 support: 0; clusters: 587629
polytomy of size 8; rounds with additions with at least 0.01 support: 0; clusters: 587641
polytomy of size 5; rounds with additions with at least 0.01 support: 0; clusters: 587641
polytomy of size 3; rounds with additions with at least 0.01 support: 0; clusters: 587641
polytomy of size 3; rounds with additions with at least 0.01 support: 0; clusters: 587641
polytomy of size 3; rounds with additions with at least 0.01 support: 0; clusters: 587641
polytomy of size 3; rounds with additions with at least 0.01 support: 0; clusters: 587641
polytomy of size 5; rounds with additions with at least 0.01 support: 0; clusters: 587641
polytomy of size 4; rounds with additions with at least 0.01 support: 0; clusters: 587641
polytomy of size 11; rounds with additions with at least 0.01 support: 0; clusters: 587725
polytomy of size 3; rounds with additions with at least 0.01 support: 0; clusters: 587725
polytomy of size 3; rounds with additions with at least 0.01 support: 0; clusters: 587725
polytomy of size 5; rounds with additions with at least 0.01 support: 0; clusters: 587725
polytomy of size 4; rounds with additions with at least 0.01 support: 0; clusters: 587725
polytomy of size 3; rounds with additions with at least 0.01 support: 0; clusters: 587725
polytomy of size 4; rounds with additions with at least 0.01 support: 0; clusters: 587725
polytomy of size 4; rounds with additions with at least 0.01 support: 0; clusters: 587725
polytomy of size 3; rounds with additions with at least 0.01 support: 0; clusters: 587725
polytomy of size 8; rounds with additions with at least 0.01 support: 0; clusters: 587747
polytomy of size 3; rounds with additions with at least 0.01 support: 0; clusters: 587747
polytomy of size 3; rounds with additions with at least 0.01 support: 0; clusters: 587747
polytomy of size 5; rounds with additions with at least 0.01 support: 0; clusters: 587747
polytomy of size 3; rounds with additions with at least 0.01 support: 0; clusters: 587747
polytomy of size 8; rounds with additions with at least 0.01 support: 0; clusters: 587757
polytomy of size 3; rounds with additions with at least 0.01 support: 0; clusters: 587757
polytomy of size 4; rounds with additions with at least 0.01 support: 0; clusters: 587757
polytomy of size 3; rounds with additions with at least 0.01 support: 0; clusters: 587757
polytomy of size 9; rounds with additions with at least 0.01 support: 0; clusters: 587775
polytomy of size 3; rounds with additions with at least 0.01 support: 0; clusters: 587775
polytomy of size 3; rounds with additions with at least 0.01 support: 0; clusters: 587775
polytomy of size 5; rounds with additions with at least 0.01 support: 0; clusters: 587775
polytomy of size 4; rounds with additions with at least 0.01 support: 0; clusters: 587775
polytomy of size 3; rounds with additions with at least 0.01 support: 0; clusters: 587775
polytomy of size 4; rounds with additions with at least 0.01 support: 0; clusters: 587775
polytomy of size 5; rounds with additions with at least 0.01 support: 0; clusters: 587775
Number of Clusters after addition by greedy: 587775
partitions formed in 1256.06 secs
Dynamic Programming starting after 1256.06 secs
Size of largest cluster: 1001
Size of largest cluster: 1001
Calculated 100000 weights; time (seconds): 1519
Calculated 200000 weights; time (seconds): 266
Calculated 300000 weights; time (seconds): 206
Calculated 400000 weights; time (seconds): 216
Calculated 500000 weights; time (seconds): 271
Calculated 600000 weights; time (seconds): 341
Total Number of elements weighted: 1154397
Normalized score (portion of input quartet trees satisfied): NaN
Final optimization score: 0
Calculated 700000 weights; time (seconds): 335
Calculated 800000 weights; time (seconds): 623
Calculated 900000 weights; time (seconds): 1010
Calculated 1000000 weights; time (seconds): 859
Calculated 1100000 weights; time (seconds): 868
Total Number of elements weighted: 1154397
Normalized score (portion of input quartet trees satisfied): 0.4691864656939639
Final optimization score: 18342603469308
Optimal tree inferred in 6962.748 secs.
(367,(539,((944,(490,350)),((576,(854,((568,514),(22,(287,119))))),((930,(((259,189),(212,(906,381))),(((264,517),((966,256),(79,(24,600)))),(((352,230),((492,(622,782)),(834,(427,(442,567))))),(120,(((697,687),(862,(915,221))),((815,(251,525)),(174,(342,706))))))))),((((715,(824,763)),(198,((836,(84,774)),(176,(33,918))))),((740,(806,801)),((195,(544,(498,292))),((833,(265,51)),(113,((4,255),(550,((90,713),(336,430))))))))),(((677,(580,((938,421),(345,(36,447))))),((361,(109,(661,(799,144)))),((844,(240,194)),(982,(12,((86,730),(29,(857,566)))))))),(((225,(633,91)),(((184,196),(628,41)),((((392,(278,325)),((595,(476,(612,861))),((100,377),(789,(745,688))))),(((540,((285,267),(76,95))),(130,(289,(62,(307,257))))),(((573,(894,907)),(396,(792,610))),((560,955),((282,68),((613,(664,372)),((605,886),(475,339)))))))),(601,(((557,(199,596)),(461,(50,(433,(128,731))))),((419,((337,(905,468)),(541,(93,(395,856))))),((785,675),((156,(306,44)),((732,(446,(690,(322,971)))),((152,(58,(348,(295,494)))),(397,(979,((205,405),(349,(537,(5,246)))))))))))))))),((((249,(204,463)),((206,((308,132),(114,(868,272)))),((((840,(418,(900,(371,398)))),((951,885),(554,(30,546)))),((145,321),((859,(929,(723,998))),((148,965),(755,721))))),((890,((166,(276,519)),(((896,829),(590,456)),((309,260),(983,(231,340)))))),((193,365),((873,(609,(232,(293,(208,783))))),(142,(147,((38,386),(805,243)))))))))),((((426,356),((790,358),(224,(654,97)))),(((948,346),(682,853)),((43,302),((341,(770,394)),(422,(888,(275,495))))))),((((241,73),(474,(314,135))),((975,244),(787,(99,(813,(332,227)))))),(((10,(736,373)),(((895,808),(676,(674,(579,(472,180))))),(245,((559,104),((16,665),(727,(111,848))))))),((((317,940),(473,(338,219))),((281,705),(177,((203,(503,(344,164))),((826,(963,(209,991))),((767,810),((451,374),(924,(984,380))))))))),((298,(15,(222,(881,(493,(586,65)))))),(871,((((884,937),(710,845)),(((641,459),(501,296)),((780,528),((977,140),(502,(432,254)))))),(((934,606),(640,(146,812))),((513,((191,(748,(804,508))),(258,(489,((784,160),(680,747)))))),((912,411),(((870,21),(959,323)),((158,969),(67,((619,841),(843,(347,324))))))))))))))))),((((((891,695),(182,(761,565))),(354,((679,(13,545)),(331,(607,310))))),(((92,(634,832)),(585,(653,(274,247)))),((864,484),(410,(752,(((351,404),((993,711),(990,650))),((103,964),(((624,970),(953,420)),(649,(464,(718,(39,134)))))))))))),((((651,(168,791)),(((186,305),(604,716)),((416,(739,31)),((((669,(973,185)),((968,952),(629,449))),(520,((583,(719,96)),((18,928),(793,52))))),((708,(((467,798),(574,527)),(80,((916,701),(620,839))))),((756,(704,(327,750))),(1000,((671,879),(773,(388,118)))))))))),((945,(781,700)),(((817,(555,172)),((69,(838,530)),(200,(253,558)))),(((872,(563,(771,299))),(728,((137,(972,(445,897))),((384,658),(181,248))))),((318,((188,(457,507)),(133,(523,543)))),(((548,(279,835)),(670,(370,(908,328)))),((729,((593,627),(764,(497,(772,849))))),((788,(153,234)),(989,(311,((294,608),(63,(379,438))))))))))))),((((913,(333,(303,571))),(769,((617,957),(760,(19,699))))),(((950,797),((552,192),((390,647),(592,(141,(435,663)))))),(((903,(124,((733,112),(575,453)))),((822,403),((383,11),((510,(452,197)),(454,(123,(978,223))))))),(((14,(803,(220,(359,827)))),(2,(814,(1,(631,742))))),(((393,776),(425,996)),((636,(478,883)),((75,(313,668)),((300,(320,768)),((678,(869,(746,551))),(819,(542,((667,487),(436,(521,496)))))))))))))),(((469,(3,956)),((277,(87,(954,577))),(887,(55,((992,((515,754),(685,319))),(143,(659,((942,53),(726,855))))))))),(((27,(169,(642,(465,(578,672))))),((865,(57,((237,201),(85,(280,533))))),((138,(531,830)),(214,((922,252),(807,(268,655))))))),((((534,211),(126,949)),(((9,115),(207,(960,(598,409)))),((709,428),((759,(734,424)),(291,(594,967)))))),(((269,6),((477,26),(564,413))),((462,(901,486)),((532,(852,(556,(794,47)))),((263,(238,297)),(107,(809,116)))))))))))),((0,((926,(((458,202),((239,(693,117)),((703,638),(692,(735,77))))),(((61,48),(407,(599,375))),(((920,401),(470,(643,(125,391)))),((28,(210,304)),((722,83),(485,106))))))),((744,(((724,389),(121,(159,(939,385)))),((902,7),((290,686),(625,(266,786)))))),(((660,34),(630,(753,925))),((538,(20,522)),(262,(974,((35,441),(479,(366,898)))))))))),((((17,(82,(796,981))),(218,(78,((880,233),(758,(250,(301,547))))))),((626,(((995,71),((139,616),(828,(816,743)))),(867,((415,(637,((369,89),(284,127)))),(875,((509,(443,(155,178))),((378,673),(179,(821,602))))))))),(((270,(215,167)),((516,(526,316)),(818,((242,(923,88)),(500,(364,(591,597))))))),(((698,(150,935)),(961,(45,(985,(471,986))))),(((777,(553,(434,811))),((216,312),(635,((42,587),(562,(751,357)))))),(((666,(707,(909,997))),(976,(512,(187,(335,(504,(60,122))))))),((175,(105,623)),((825,(74,(235,460))),((59,(988,(482,524))),(((946,450),((483,288),(355,572))),((569,(749,(98,448))),(439,(40,(226,(589,(725,662)))))))))))))))),(((778,64),(696,(800,(860,(837,(689,927)))))),((((417,(481,644)),((874,(161,488)),(863,(406,((136,603),(842,850)))))),(((315,518),(((110,(876,889)),(904,(54,412))),((343,(720,(846,382))),((823,(455,480)),((962,360),(618,217)))))),(((958,(919,(851,656))),(236,(878,(173,(615,702))))),((46,72),((506,((70,570),((466,334),(648,162)))),((37,(363,(101,129))),((330,877),(402,(25,171))))))))),((((491,(621,170)),(980,((353,766),(56,286)))),((614,(94,((32,(387,987)),(108,((429,999),((102,866),(437,283))))))),(639,((536,(899,(229,((423,561),(795,(645,802)))))),((932,931),(((694,(8,910)),(408,(646,66))),((779,(714,(368,151))),(757,(499,(892,(947,921))))))))))),(((271,(511,(588,994))),((632,(329,652)),((228,(765,(684,831))),(163,(738,(157,(820,943))))))),((762,((683,(535,(549,505))),((131,611),((165,(273,(23,582))),(213,((775,681),((581,741),(657,584)))))))),(((149,(737,81)),(691,((400,(399,917)),(362,((326,858),(154,893)))))),((376,((911,882),(914,(190,847)))),(941,(((261,431),(717,(49,529))),((440,712),((936,183),(414,(444,933)))))))))))))))))))))))));
Quartet score is: 18342603469308
Normalized quartet score is: 0.4691864656939639
ASTRAL finished in 8897.742 secs
