
================== ASTRAL ===================== 

This is ASTRAL version 4.10.8
Gene trees are treated as unrooted
1000 trees read from model.50.2000000.0.000001/46/estimatedgenetre.halfresolved
All outputted trees will be *arbitrarily* rooted at 33

======== Running the main analysis
Number of taxa: 51 (51 species)
Taxa: [33, 1, 38, 19, 17, 8, 11, 25, 24, 13, 32, 18, 22, 5, 39, 26, 23, 37, 16, 27, 7, 47, 28, 20, 30, 40, 9, 48, 4, 0, 45, 36, 41, 42, 46, 43, 10, 21, 31, 6, 2, 35, 29, 14, 34, 15, 50, 49, 44, 3, 12]
Taxon occupancy: {35=1000, 36=1000, 33=1000, 34=1000, 39=1000, 37=1000, 38=1000, 43=1000, 42=1000, 41=1000, 40=1000, 22=1000, 23=1000, 24=1000, 25=1000, 26=1000, 27=1000, 28=1000, 29=1000, 3=1000, 2=1000, 1=1000, 0=1000, 7=1000, 30=1000, 6=1000, 5=1000, 32=1000, 4=1000, 31=1000, 9=1000, 8=1000, 19=1000, 17=1000, 18=1000, 15=1000, 16=1000, 13=1000, 14=1000, 11=1000, 12=1000, 21=1000, 20=1000, 49=1000, 48=1000, 45=1000, 44=1000, 47=1000, 46=1000, 10=1000, 50=1000}
Number of gene trees: 1000
0 trees have missing taxa
Calculating quartet distance matrix (for completion of X)
Species tree distances calculated ...
Building set of clusters (X) from gene trees 
Using tree-based weight calculation.
Number of Default Clusters: 6645
Number of quartet trees in the gene trees: 249900000
calculating extra bipartitions to be added at level 1 ...
Number of Clusters after addition by distance: 6645
Adding to X using resolutions of greedy consensus ...
Threshold 0.0:
Threshold 0.01:
Threshold 0.02:
Threshold 0.05:
Threshold 0.1:
polytomy of size 3; rounds with additions with at least 0.01 support: 0; clusters: 6645
Threshold 0.2:
polytomy of size 7; rounds with additions with at least 0.01 support: 0; clusters: 6645
Threshold 0.3333333333333333:
polytomy of size 4; rounds with additions with at least 0.01 support: 0; clusters: 6645
polytomy of size 3; rounds with additions with at least 0.01 support: 0; clusters: 6645
polytomy of size 3; rounds with additions with at least 0.01 support: 0; clusters: 6645
polytomy of size 4; rounds with additions with at least 0.01 support: 0; clusters: 6645
polytomy of size 8; rounds with additions with at least 0.01 support: 0; clusters: 6647
polytomy of size 3; rounds with additions with at least 0.01 support: 0; clusters: 6647
Number of Clusters after addition by greedy: 6647
partitions formed in 3.406 secs
Dynamic Programming starting after 3.406 secs
Size of largest cluster: 51
Size of largest cluster: 51
Total Number of elements weighted: 36095
Normalized score (portion of input quartet trees satisfied): NaN
Final optimization score: 0
Total Number of elements weighted: 36095
Normalized score (portion of input quartet trees satisfied): 0.7628363385354142
Final optimization score: 190632801
Optimal tree inferred in 6.184 secs.
(33,(((1,38),(2,(19,17))),(((35,(29,(14,34))),(5,(22,((18,(13,32)),(8,(25,(11,24))))))),((36,(45,41)),(((3,(49,(44,12))),((6,(46,43)),((10,21),(42,31)))),(0,((50,(39,15)),((26,23),((48,(30,(9,(40,4)))),((37,(16,27)),((7,47),(28,20))))))))))));
Quartet score is: 190632801
Normalized quartet score is: 0.7628363385354142
ASTRAL finished in 7.582 secs
