
================== ASTRAL ===================== 

This is ASTRAL version 4.10.8
Gene trees are treated as unrooted
1000 trees read from model.100.2000000.0.000001/14/estimatedgenetre.halfresolved
All outputted trees will be *arbitrarily* rooted at 54

======== Running the main analysis
Number of taxa: 101 (101 species)
Taxa: [54, 11, 87, 41, 32, 92, 80, 53, 65, 35, 34, 97, 61, 91, 60, 43, 27, 99, 24, 0, 12, 1, 40, 49, 29, 46, 88, 73, 16, 69, 10, 72, 82, 51, 22, 28, 78, 8, 58, 76, 84, 48, 52, 9, 23, 14, 15, 3, 25, 39, 17, 50, 6, 89, 67, 2, 33, 13, 47, 57, 5, 94, 70, 18, 37, 83, 68, 86, 93, 81, 95, 90, 20, 42, 98, 66, 26, 100, 55, 62, 77, 31, 21, 79, 63, 64, 30, 75, 4, 71, 45, 38, 44, 96, 85, 19, 59, 36, 74, 56, 7]
Taxon occupancy: {35=1000, 36=1000, 33=1000, 34=1000, 39=1000, 37=1000, 38=1000, 43=1000, 42=1000, 41=1000, 40=1000, 22=1000, 23=1000, 24=1000, 25=1000, 26=1000, 27=1000, 28=1000, 29=1000, 3=1000, 2=1000, 1=1000, 0=1000, 7=1000, 30=1000, 6=1000, 32=1000, 5=1000, 31=1000, 4=1000, 9=1000, 8=1000, 19=1000, 17=1000, 18=1000, 15=1000, 16=1000, 13=1000, 14=1000, 11=1000, 12=1000, 21=1000, 20=1000, 99=1000, 100=1000, 98=1000, 97=1000, 96=1000, 95=1000, 94=1000, 93=1000, 92=1000, 91=1000, 90=1000, 10=1000, 88=1000, 89=1000, 79=1000, 78=1000, 77=1000, 82=1000, 83=1000, 80=1000, 81=1000, 86=1000, 87=1000, 84=1000, 85=1000, 67=1000, 66=1000, 69=1000, 68=1000, 70=1000, 71=1000, 72=1000, 73=1000, 74=1000, 75=1000, 76=1000, 59=1000, 58=1000, 57=1000, 56=1000, 55=1000, 64=1000, 65=1000, 62=1000, 63=1000, 60=1000, 61=1000, 49=1000, 48=1000, 45=1000, 44=1000, 47=1000, 46=1000, 51=1000, 52=1000, 53=1000, 54=1000, 50=1000}
Number of gene trees: 1000
0 trees have missing taxa
Calculating quartet distance matrix (for completion of X)
Species tree distances calculated ...
Building set of clusters (X) from gene trees 
Using tree-based weight calculation.
Number of Default Clusters: 14267
Number of quartet trees in the gene trees: 4082924023
calculating extra bipartitions to be added at level 1 ...
Number of Clusters after addition by distance: 14267
Adding to X using resolutions of greedy consensus ...
Threshold 0.0:
Threshold 0.01:
Threshold 0.02:
Threshold 0.05:
Threshold 0.1:
polytomy of size 3; rounds with additions with at least 0.01 support: 0; clusters: 14267
Threshold 0.2:
polytomy of size 3; rounds with additions with at least 0.01 support: 0; clusters: 14267
polytomy of size 6; rounds with additions with at least 0.01 support: 0; clusters: 14267
Threshold 0.3333333333333333:
polytomy of size 4; rounds with additions with at least 0.01 support: 0; clusters: 14267
polytomy of size 3; rounds with additions with at least 0.01 support: 0; clusters: 14267
polytomy of size 3; rounds with additions with at least 0.01 support: 0; clusters: 14267
polytomy of size 4; rounds with additions with at least 0.01 support: 0; clusters: 14267
polytomy of size 3; rounds with additions with at least 0.01 support: 0; clusters: 14267
polytomy of size 3; rounds with additions with at least 0.01 support: 0; clusters: 14267
polytomy of size 4; rounds with additions with at least 0.01 support: 0; clusters: 14267
polytomy of size 9; rounds with additions with at least 0.01 support: 0; clusters: 14281
Number of Clusters after addition by greedy: 14281
partitions formed in 6.076 secs
Dynamic Programming starting after 6.076 secs
Size of largest cluster: 101
Size of largest cluster: 101
Total Number of elements weighted: 76105
Normalized score (portion of input quartet trees satisfied): NaN
Final optimization score: 0
Total Number of elements weighted: 76105
Normalized score (portion of input quartet trees satisfied): 0.8521396446274259
Final optimization score: 3479221426
Optimal tree inferred in 16.388 secs.
(54,(2,(33,(((80,53),(65,(32,92))),(((0,(28,(((78,8),(58,(76,84))),((9,(48,52)),((25,39),((14,15),((23,3),(17,(6,(50,(89,67))))))))))),(((97,(61,(91,60))),((99,24),(27,(35,(34,43))))),(12,(((40,88),(1,(49,(29,46)))),((73,(16,69)),(10,((51,22),(72,82)))))))),(((13,47),(11,(87,41))),(((66,26),(100,(55,62))),((57,(98,(21,(77,(31,79))))),(85,(((94,70),(5,((18,(86,(37,(83,68)))),(90,((20,42),(95,(93,81))))))),((63,((36,74),(59,(19,(56,7))))),((64,96),((71,45),(30,(75,(4,(38,44)))))))))))))))));
Quartet score is: 3479221426
Normalized quartet score is: 0.8521396446274259
ASTRAL finished in 19.517 secs
