
================== ASTRAL ===================== 

This is ASTRAL version 4.10.8
Gene trees are treated as unrooted
1000 trees read from model.200.10000000.0.0000001/49/estimatedgenetre.halfresolved
All outputted trees will be *arbitrarily* rooted at 5

======== Running the main analysis
Number of taxa: 201 (201 species)
Taxa: [5, 147, 95, 158, 9, 35, 29, 182, 155, 72, 118, 139, 160, 134, 127, 174, 52, 25, 19, 173, 138, 17, 76, 21, 77, 104, 4, 121, 34, 128, 75, 186, 131, 71, 20, 78, 87, 149, 111, 137, 12, 84, 164, 28, 44, 83, 94, 119, 66, 162, 73, 103, 129, 172, 145, 148, 141, 24, 161, 196, 54, 132, 50, 152, 195, 116, 102, 142, 79, 177, 108, 197, 100, 62, 15, 113, 7, 88, 89, 91, 80, 18, 110, 187, 99, 192, 39, 183, 2, 65, 30, 184, 49, 82, 150, 107, 68, 47, 157, 58, 109, 41, 96, 146, 98, 170, 46, 63, 165, 67, 175, 106, 48, 0, 60, 1, 64, 167, 92, 154, 181, 51, 185, 179, 180, 188, 153, 120, 178, 90, 70, 171, 169, 189, 125, 6, 112, 56, 23, 115, 22, 57, 14, 3, 42, 10, 198, 69, 40, 38, 33, 191, 11, 93, 166, 124, 151, 190, 43, 122, 126, 144, 16, 117, 37, 61, 163, 97, 130, 194, 81, 27, 85, 105, 136, 55, 123, 193, 101, 168, 156, 133, 26, 45, 176, 59, 74, 31, 8, 135, 159, 114, 13, 53, 32, 199, 36, 86, 143, 200, 140]
Taxon occupancy: {35=1000, 36=1000, 33=1000, 159=1000, 158=1000, 34=1000, 39=1000, 157=1000, 156=1000, 155=1000, 37=1000, 154=1000, 38=1000, 152=1000, 153=1000, 150=1000, 151=1000, 43=1000, 42=1000, 41=1000, 40=1000, 200=1000, 22=1000, 169=1000, 23=1000, 24=1000, 25=1000, 166=1000, 26=1000, 165=1000, 27=1000, 28=1000, 168=1000, 29=1000, 167=1000, 161=1000, 3=1000, 2=1000, 162=1000, 1=1000, 163=1000, 164=1000, 0=1000, 30=1000, 7=1000, 6=1000, 32=1000, 5=1000, 160=1000, 4=1000, 31=1000, 9=1000, 8=1000, 19=1000, 17=1000, 179=1000, 18=1000, 178=1000, 15=1000, 177=1000, 16=1000, 176=1000, 13=1000, 14=1000, 11=1000, 12=1000, 21=1000, 170=1000, 20=1000, 171=1000, 174=1000, 175=1000, 172=1000, 173=1000, 188=1000, 187=1000, 189=1000, 180=1000, 181=1000, 10=1000, 182=1000, 183=1000, 184=1000, 185=1000, 186=1000, 116=1000, 79=1000, 117=1000, 78=1000, 114=1000, 77=1000, 115=1000, 112=1000, 113=1000, 110=1000, 111=1000, 118=1000, 119=1000, 82=1000, 83=1000, 80=1000, 81=1000, 86=1000, 87=1000, 84=1000, 85=1000, 67=1000, 125=1000, 66=1000, 126=1000, 127=1000, 69=1000, 128=1000, 68=1000, 121=1000, 122=1000, 123=1000, 124=1000, 129=1000, 70=1000, 71=1000, 120=1000, 72=1000, 73=1000, 74=1000, 75=1000, 76=1000, 134=1000, 135=1000, 132=1000, 133=1000, 59=1000, 138=1000, 58=1000, 139=1000, 57=1000, 56=1000, 136=1000, 137=1000, 55=1000, 64=1000, 65=1000, 62=1000, 63=1000, 131=1000, 60=1000, 61=1000, 130=1000, 143=1000, 49=1000, 48=1000, 144=1000, 145=1000, 146=1000, 147=1000, 45=1000, 148=1000, 44=1000, 149=1000, 47=1000, 46=1000, 51=1000, 52=1000, 53=1000, 54=1000, 140=1000, 142=1000, 50=1000, 141=1000, 109=1000, 108=1000, 107=1000, 106=1000, 105=1000, 104=1000, 103=1000, 99=1000, 102=1000, 101=1000, 100=1000, 98=1000, 97=1000, 96=1000, 95=1000, 94=1000, 93=1000, 92=1000, 91=1000, 90=1000, 88=1000, 89=1000, 195=1000, 194=1000, 197=1000, 196=1000, 191=1000, 190=1000, 193=1000, 192=1000, 198=1000, 199=1000}
Number of gene trees: 1000
0 trees have missing taxa
Calculating quartet distance matrix (for completion of X)
Species tree distances calculated ...
Building set of clusters (X) from gene trees 
Using tree-based weight calculation.
Number of Default Clusters: 24883
Number of quartet trees in the gene trees: 65998350000
calculating extra bipartitions to be added at level 1 ...
Number of Clusters after addition by distance: 24883
Adding to X using resolutions of greedy consensus ...
Threshold 0.0:
Threshold 0.01:
Threshold 0.02:
Threshold 0.05:
Threshold 0.1:
polytomy of size 3; rounds with additions with at least 0.01 support: 0; clusters: 24883
Threshold 0.2:
polytomy of size 4; rounds with additions with at least 0.01 support: 0; clusters: 24883
polytomy of size 3; rounds with additions with at least 0.01 support: 0; clusters: 24883
polytomy of size 3; rounds with additions with at least 0.01 support: 0; clusters: 24883
polytomy of size 5; rounds with additions with at least 0.01 support: 0; clusters: 24883
polytomy of size 3; rounds with additions with at least 0.01 support: 0; clusters: 24883
Threshold 0.3333333333333333:
polytomy of size 5; rounds with additions with at least 0.01 support: 0; clusters: 24883
polytomy of size 5; rounds with additions with at least 0.01 support: 0; clusters: 24883
polytomy of size 3; rounds with additions with at least 0.01 support: 0; clusters: 24883
polytomy of size 3; rounds with additions with at least 0.01 support: 0; clusters: 24883
polytomy of size 3; rounds with additions with at least 0.01 support: 0; clusters: 24883
polytomy of size 7; rounds with additions with at least 0.01 support: 0; clusters: 24885
polytomy of size 6; rounds with additions with at least 0.01 support: 0; clusters: 24885
polytomy of size 4; rounds with additions with at least 0.01 support: 0; clusters: 24885
Number of Clusters after addition by greedy: 24885
partitions formed in 15.695 secs
Dynamic Programming starting after 15.695 secs
Size of largest cluster: 201
Size of largest cluster: 201
Total Number of elements weighted: 91543
Normalized score (portion of input quartet trees satisfied): NaN
Final optimization score: 0
Total Number of elements weighted: 91543
Normalized score (portion of input quartet trees satisfied): 0.8655819297149095
Final optimization score: 57126979151
Optimal tree inferred in 36.864 secs.
(5,((147,95),((((76,(21,77)),(25,((19,173),((158,9),(138,17))))),(((182,155),(35,29)),((72,118),((174,52),(139,(160,(134,127))))))),((((75,186),(71,(131,20))),(121,(104,(4,(34,128))))),(((39,((109,41),(183,((157,58),(((82,150),(107,(68,47))),((2,65),(30,(184,49)))))))),(((89,(88,91)),((80,18),((187,99),(110,192)))),(((108,197),(100,(62,(15,(113,7))))),((78,(177,((137,12),(84,(164,28))))),((87,(149,111)),(((103,(66,(162,73))),((129,172),(141,(145,148)))),(((44,83),(94,119)),((195,((142,79),(116,102))),((50,152),(24,(161,(196,(54,132))))))))))))),((151,(((96,146),(143,(200,140))),((144,((122,126),(190,43))),((199,(36,86)),((((61,163),(117,37)),(114,(13,(53,32)))),(16,((97,((130,194),(45,((8,(135,159)),((59,31),(176,74)))))),(((101,168),(156,(133,26))),((81,55),((123,193),(27,(136,(85,105))))))))))))),(0,((((60,1),((64,(167,92)),((185,179),(154,(181,51))))),((166,124),((98,(170,46)),((63,165),((106,48),(67,175)))))),(((180,188),(191,(11,93))),((115,((38,33),((22,57),((10,(198,69)),(40,(14,(3,42))))))),(((112,(56,23)),(189,(125,6))),((153,(171,169)),(90,(70,(120,178)))))))))))))));
Quartet score is: 57126979151
Normalized quartet score is: 0.8655819297149095
ASTRAL finished in 47.617 secs
