
================== ASTRAL ===================== 

This is ASTRAL version 4.10.8
Gene trees are treated as unrooted
767 trees read from model.200.10000000.0.000001/38/estimatedgenetre.halfresolved
All outputted trees will be *arbitrarily* rooted at 93

======== Running the main analysis
Number of taxa: 201 (201 species)
Taxa: [93, 11, 77, 61, 107, 90, 89, 15, 197, 122, 39, 164, 169, 87, 56, 108, 70, 177, 129, 195, 140, 188, 0, 16, 81, 10, 157, 72, 46, 186, 126, 51, 170, 119, 98, 193, 145, 53, 149, 112, 35, 28, 110, 175, 26, 134, 32, 37, 192, 25, 124, 54, 29, 31, 196, 75, 159, 58, 47, 2, 67, 91, 49, 73, 176, 12, 183, 155, 106, 4, 8, 162, 153, 41, 94, 147, 187, 66, 142, 84, 21, 139, 69, 113, 52, 180, 160, 45, 200, 163, 43, 102, 123, 121, 79, 128, 148, 154, 6, 40, 42, 185, 158, 194, 146, 24, 120, 104, 161, 166, 184, 34, 19, 103, 152, 105, 144, 63, 76, 109, 55, 86, 62, 20, 71, 132, 97, 60, 117, 74, 190, 118, 199, 179, 150, 165, 5, 57, 174, 14, 198, 3, 100, 167, 88, 115, 96, 65, 136, 33, 137, 189, 130, 172, 127, 36, 85, 80, 133, 141, 83, 111, 17, 168, 38, 138, 173, 18, 7, 182, 143, 171, 114, 1, 50, 95, 135, 181, 27, 78, 30, 156, 48, 178, 151, 131, 101, 125, 82, 191, 13, 23, 44, 99, 64, 116, 22, 92, 9, 68, 59]
Taxon occupancy: {35=767, 36=767, 159=767, 33=767, 158=767, 34=767, 39=767, 157=767, 156=767, 155=767, 37=767, 154=767, 38=767, 152=767, 153=767, 150=767, 151=767, 43=767, 42=767, 41=767, 40=767, 200=767, 22=767, 169=767, 23=767, 24=767, 25=767, 26=767, 166=767, 165=767, 27=767, 28=767, 168=767, 29=767, 167=767, 161=767, 3=767, 162=767, 2=767, 163=767, 1=767, 0=767, 164=767, 7=767, 30=767, 6=767, 32=767, 5=767, 160=767, 4=767, 31=767, 9=767, 8=767, 19=767, 179=767, 17=767, 18=767, 178=767, 177=767, 15=767, 176=767, 16=767, 13=767, 14=767, 11=767, 12=767, 21=767, 170=767, 20=767, 171=767, 174=767, 175=767, 172=767, 173=767, 188=767, 187=767, 189=767, 180=767, 10=767, 181=767, 182=767, 183=767, 184=767, 185=767, 186=767, 116=767, 79=767, 117=767, 114=767, 78=767, 77=767, 115=767, 112=767, 113=767, 110=767, 111=767, 118=767, 119=767, 82=767, 83=767, 80=767, 81=767, 86=767, 87=767, 84=767, 85=767, 67=767, 125=767, 66=767, 126=767, 69=767, 127=767, 68=767, 128=767, 121=767, 122=767, 123=767, 124=767, 129=767, 70=767, 120=767, 71=767, 72=767, 73=767, 74=767, 75=767, 76=767, 134=767, 135=767, 132=767, 59=767, 133=767, 58=767, 138=767, 139=767, 57=767, 56=767, 136=767, 55=767, 137=767, 64=767, 65=767, 62=767, 63=767, 60=767, 131=767, 61=767, 130=767, 49=767, 143=767, 144=767, 48=767, 145=767, 146=767, 45=767, 147=767, 44=767, 148=767, 47=767, 149=767, 46=767, 51=767, 52=767, 53=767, 54=767, 140=767, 142=767, 141=767, 50=767, 109=767, 108=767, 107=767, 106=767, 105=767, 104=767, 103=767, 99=767, 102=767, 101=767, 100=767, 98=767, 97=767, 96=767, 95=767, 94=767, 93=767, 92=767, 91=767, 90=767, 88=767, 89=767, 195=767, 194=767, 197=767, 196=767, 191=767, 190=767, 193=767, 192=767, 198=767, 199=767}
Number of gene trees: 767
0 trees have missing taxa
Calculating quartet distance matrix (for completion of X)
Species tree distances calculated ...
Building set of clusters (X) from gene trees 
Using tree-based weight calculation.
Number of Default Clusters: 73203
Number of quartet trees in the gene trees: 50411539317
calculating extra bipartitions to be added at level 1 ...
Number of Clusters after addition by distance: 73205
Adding to X using resolutions of greedy consensus ...
Threshold 0.0:
Threshold 0.01:
Threshold 0.02:
polytomy of size 5; rounds with additions with at least 0.01 support: 0; clusters: 73207
Threshold 0.05:
polytomy of size 6; rounds with additions with at least 0.01 support: 0; clusters: 73207
polytomy of size 3; rounds with additions with at least 0.01 support: 0; clusters: 73207
Threshold 0.1:
polytomy of size 6; rounds with additions with at least 0.01 support: 0; clusters: 73207
polytomy of size 3; rounds with additions with at least 0.01 support: 0; clusters: 73207
polytomy of size 3; rounds with additions with at least 0.01 support: 0; clusters: 73207
polytomy of size 3; rounds with additions with at least 0.01 support: 0; clusters: 73207
polytomy of size 3; rounds with additions with at least 0.01 support: 0; clusters: 73207
polytomy of size 4; rounds with additions with at least 0.01 support: 0; clusters: 73207
polytomy of size 3; rounds with additions with at least 0.01 support: 0; clusters: 73207
polytomy of size 3; rounds with additions with at least 0.01 support: 0; clusters: 73207
polytomy of size 11; rounds with additions with at least 0.01 support: 1; clusters: 73211
polytomy of size 5; rounds with additions with at least 0.01 support: 0; clusters: 73211
Threshold 0.2:
polytomy of size 3; rounds with additions with at least 0.01 support: 0; clusters: 73211
polytomy of size 5; rounds with additions with at least 0.01 support: 0; clusters: 73211
polytomy of size 5; rounds with additions with at least 0.01 support: 0; clusters: 73211
polytomy of size 4; rounds with additions with at least 0.01 support: 0; clusters: 73211
polytomy of size 3; rounds with additions with at least 0.01 support: 0; clusters: 73211
polytomy of size 3; rounds with additions with at least 0.01 support: 0; clusters: 73211
polytomy of size 6; rounds with additions with at least 0.01 support: 0; clusters: 73211
polytomy of size 4; rounds with additions with at least 0.01 support: 0; clusters: 73211
polytomy of size 3; rounds with additions with at least 0.01 support: 0; clusters: 73211
polytomy of size 3; rounds with additions with at least 0.01 support: 0; clusters: 73211
polytomy of size 4; rounds with additions with at least 0.01 support: 0; clusters: 73211
polytomy of size 3; rounds with additions with at least 0.01 support: 0; clusters: 73211
polytomy of size 7; rounds with additions with at least 0.01 support: 0; clusters: 73211
polytomy of size 3; rounds with additions with at least 0.01 support: 0; clusters: 73211
polytomy of size 4; rounds with additions with at least 0.01 support: 0; clusters: 73211
polytomy of size 4; rounds with additions with at least 0.01 support: 0; clusters: 73211
polytomy of size 5; rounds with additions with at least 0.01 support: 0; clusters: 73211
polytomy of size 3; rounds with additions with at least 0.01 support: 0; clusters: 73211
polytomy of size 4; rounds with additions with at least 0.01 support: 0; clusters: 73211
polytomy of size 4; rounds with additions with at least 0.01 support: 0; clusters: 73211
polytomy of size 3; rounds with additions with at least 0.01 support: 0; clusters: 73211
polytomy of size 29; rounds with additions with at least 0.01 support: 0; clusters: 73211
Threshold 0.3333333333333333:
polytomy of size 3; rounds with additions with at least 0.01 support: 0; clusters: 73211
polytomy of size 5; rounds with additions with at least 0.01 support: 0; clusters: 73211
polytomy of size 3; rounds with additions with at least 0.01 support: 0; clusters: 73211
polytomy of size 3; rounds with additions with at least 0.01 support: 0; clusters: 73211
polytomy of size 3; rounds with additions with at least 0.01 support: 0; clusters: 73211
polytomy of size 3; rounds with additions with at least 0.01 support: 0; clusters: 73211
polytomy of size 3; rounds with additions with at least 0.01 support: 0; clusters: 73211
polytomy of size 4; rounds with additions with at least 0.01 support: 0; clusters: 73211
polytomy of size 8; rounds with additions with at least 0.01 support: 0; clusters: 73229
polytomy of size 3; rounds with additions with at least 0.01 support: 0; clusters: 73229
polytomy of size 3; rounds with additions with at least 0.01 support: 0; clusters: 73229
polytomy of size 3; rounds with additions with at least 0.01 support: 0; clusters: 73229
polytomy of size 4; rounds with additions with at least 0.01 support: 0; clusters: 73229
polytomy of size 15; rounds with additions with at least 0.01 support: 0; clusters: 73567
polytomy of size 23; rounds with additions with at least 0.01 support: 0; clusters: 74695
polytomy of size 3; rounds with additions with at least 0.01 support: 0; clusters: 74695
polytomy of size 4; rounds with additions with at least 0.01 support: 0; clusters: 74695
polytomy of size 5; rounds with additions with at least 0.01 support: 0; clusters: 74695
polytomy of size 8; rounds with additions with at least 0.01 support: 0; clusters: 74709
polytomy of size 3; rounds with additions with at least 0.01 support: 0; clusters: 74709
polytomy of size 6; rounds with additions with at least 0.01 support: 0; clusters: 74709
polytomy of size 3; rounds with additions with at least 0.01 support: 0; clusters: 74709
polytomy of size 5; rounds with additions with at least 0.01 support: 0; clusters: 74709
polytomy of size 4; rounds with additions with at least 0.01 support: 0; clusters: 74709
polytomy of size 5; rounds with additions with at least 0.01 support: 0; clusters: 74711
polytomy of size 4; rounds with additions with at least 0.01 support: 0; clusters: 74711
polytomy of size 39; rounds with additions with at least 0.01 support: 0; clusters: 78273
Number of Clusters after addition by greedy: 78273
partitions formed in 35.588 secs
Dynamic Programming starting after 35.588 secs
Size of largest cluster: 201
Size of largest cluster: 201
Calculated 100000 weights; time (seconds): 61
Total Number of elements weighted: 257342
Normalized score (portion of input quartet trees satisfied): NaN
Final optimization score: 0
Calculated 200000 weights; time (seconds): 28
Total Number of elements weighted: 257342
Normalized score (portion of input quartet trees satisfied): 0.8596009524031095
Final optimization score: 43333807209
Optimal tree inferred in 119.42 secs.
(93,((15,(13,23)),(((68,59),(44,(188,(99,(9,((22,92),(64,116))))))),((11,(77,61)),((((89,82),(191,(107,90))),(((18,125),((178,(56,108)),(151,(131,101)))),((173,171),((114,(122,(7,182))),(143,((1,50),((194,(95,(156,48))),((78,30),(27,(135,181)))))))))),((197,(39,(169,(164,87)))),(((177,129),(70,(195,140))),(((63,76),(166,(120,(104,161)))),(((34,71),(19,(20,((146,24),(144,((103,138),(152,105))))))),((109,(55,(86,62))),((184,(74,(190,(132,(117,(97,60)))))),(((133,(141,(17,(111,(38,(83,168)))))),(((118,199),(150,(165,5))),(((179,172),((57,(14,(174,198))),(96,(3,(100,167))))),((33,(189,(137,130))),((36,(85,80)),(127,(88,(136,(115,65))))))))),(0,((128,(16,((112,(53,(66,(149,(147,187))))),((162,153),((155,106),((42,(6,40)),((35,79),(145,28)))))))),((81,((21,(142,84)),((72,46),(10,157)))),((4,(8,((58,47),((2,(75,159)),(148,(154,(29,(31,196)))))))),((((180,160),(163,(45,200))),((110,(134,(175,26))),((69,(113,52)),(121,(123,(43,102)))))),((((192,94),(37,41)),((25,(124,54)),(139,(185,158)))),(((12,183),(91,(49,(73,176)))),((32,67),(126,((186,193),((119,98),(51,170))))))))))))))))))))))));
Quartet score is: 43333807209
Normalized quartet score is: 0.8596009524031095
ASTRAL finished in 139.131 secs
