
================== ASTRAL ===================== 

This is ASTRAL version 4.10.10
Gene trees are treated as unrooted
1000 trees read from ASTRALDATA/model.200.500000.0.0000001/02/estimatedgenetre.halfresolved
All output trees will be *arbitrarily* rooted at 173

======== Running the main analysis
Number of taxa: 201 (201 species)
Taxa: [173, 11, 159, 142, 95, 74, 153, 168, 47, 4, 72, 73, 104, 89, 79, 141, 131, 61, 108, 186, 31, 21, 25, 176, 29, 118, 129, 39, 44, 178, 171, 60, 20, 55, 181, 94, 100, 71, 2, 93, 130, 18, 12, 143, 117, 9, 112, 101, 53, 187, 97, 162, 140, 75, 45, 135, 188, 90, 144, 96, 34, 195, 16, 84, 51, 3, 185, 50, 46, 10, 158, 189, 67, 191, 105, 41, 66, 167, 150, 87, 54, 19, 133, 194, 127, 113, 36, 182, 40, 145, 69, 24, 160, 0, 1, 28, 192, 146, 196, 103, 102, 70, 149, 119, 121, 200, 148, 76, 179, 33, 99, 86, 92, 32, 38, 152, 56, 161, 23, 57, 169, 17, 157, 88, 139, 62, 91, 166, 114, 42, 115, 82, 6, 43, 156, 180, 132, 49, 151, 35, 136, 58, 120, 128, 163, 81, 172, 138, 110, 65, 26, 13, 64, 155, 14, 175, 199, 109, 111, 106, 134, 124, 174, 184, 122, 198, 165, 193, 37, 48, 125, 126, 154, 147, 123, 197, 59, 183, 7, 137, 190, 116, 52, 107, 83, 78, 5, 77, 27, 170, 22, 30, 63, 164, 85, 8, 98, 15, 177, 68, 80]
Taxon occupancy: {35=1000, 36=1000, 159=1000, 33=1000, 158=1000, 34=1000, 39=1000, 157=1000, 156=1000, 155=1000, 37=1000, 38=1000, 154=1000, 152=1000, 153=1000, 150=1000, 151=1000, 43=1000, 42=1000, 41=1000, 40=1000, 200=1000, 22=1000, 23=1000, 169=1000, 24=1000, 25=1000, 166=1000, 26=1000, 165=1000, 27=1000, 28=1000, 168=1000, 167=1000, 29=1000, 3=1000, 161=1000, 162=1000, 2=1000, 1=1000, 163=1000, 164=1000, 0=1000, 7=1000, 30=1000, 6=1000, 32=1000, 5=1000, 160=1000, 31=1000, 4=1000, 9=1000, 8=1000, 19=1000, 179=1000, 17=1000, 178=1000, 18=1000, 177=1000, 15=1000, 16=1000, 176=1000, 13=1000, 14=1000, 11=1000, 12=1000, 21=1000, 170=1000, 171=1000, 20=1000, 174=1000, 175=1000, 172=1000, 173=1000, 188=1000, 187=1000, 189=1000, 180=1000, 10=1000, 181=1000, 182=1000, 183=1000, 184=1000, 185=1000, 186=1000, 116=1000, 79=1000, 117=1000, 114=1000, 78=1000, 115=1000, 77=1000, 112=1000, 113=1000, 110=1000, 111=1000, 118=1000, 119=1000, 82=1000, 83=1000, 80=1000, 81=1000, 86=1000, 87=1000, 84=1000, 85=1000, 67=1000, 125=1000, 66=1000, 126=1000, 69=1000, 127=1000, 68=1000, 128=1000, 121=1000, 122=1000, 123=1000, 124=1000, 129=1000, 70=1000, 71=1000, 120=1000, 72=1000, 73=1000, 74=1000, 75=1000, 76=1000, 134=1000, 135=1000, 132=1000, 133=1000, 59=1000, 58=1000, 138=1000, 57=1000, 139=1000, 56=1000, 136=1000, 55=1000, 137=1000, 64=1000, 65=1000, 62=1000, 63=1000, 131=1000, 60=1000, 61=1000, 130=1000, 143=1000, 49=1000, 144=1000, 48=1000, 145=1000, 146=1000, 45=1000, 147=1000, 44=1000, 148=1000, 47=1000, 149=1000, 46=1000, 51=1000, 52=1000, 53=1000, 54=1000, 140=1000, 142=1000, 50=1000, 141=1000, 109=1000, 108=1000, 107=1000, 106=1000, 105=1000, 104=1000, 103=1000, 102=1000, 99=1000, 101=1000, 100=1000, 98=1000, 97=1000, 96=1000, 95=1000, 94=1000, 93=1000, 92=1000, 91=1000, 90=1000, 88=1000, 89=1000, 195=1000, 194=1000, 197=1000, 196=1000, 191=1000, 190=1000, 193=1000, 192=1000, 198=1000, 199=1000}
Number of gene trees: 1000
0 trees have missing taxa
Calculating quartet distance matrix (for completion of X)
Species tree distances calculated ...
Building set of clusters (X) from gene trees 
Using tree-based weight calculation.
Number of Default Clusters: 165009
Number of quartet trees in the gene trees: 65998338732
calculating extra bipartitions to be added at level 1 ...
Number of Clusters after addition by distance: 165051
Adding to X using resolutions of greedy consensus ...
Threshold 0.0:
polytomy of size 20; rounds with additions with at least 0.01 support: 18; clusters: 169325
Threshold 0.01:
polytomy of size 3; rounds with additions with at least 0.01 support: 0; clusters: 169325
polytomy of size 3; rounds with additions with at least 0.01 support: 0; clusters: 169325
polytomy of size 34; rounds with additions with at least 0.01 support: 8; clusters: 183375
Threshold 0.02:
polytomy of size 4; rounds with additions with at least 0.01 support: 0; clusters: 183375
polytomy of size 41; rounds with additions with at least 0.01 support: 3; clusters: 203275
Threshold 0.05:
polytomy of size 4; rounds with additions with at least 0.01 support: 0; clusters: 203275
polytomy of size 4; rounds with additions with at least 0.01 support: 0; clusters: 203275
polytomy of size 53; rounds with additions with at least 0.01 support: 2; clusters: 203659
Threshold 0.1:
polytomy of size 3; rounds with additions with at least 0.01 support: 0; clusters: 203659
polytomy of size 6; rounds with additions with at least 0.01 support: 0; clusters: 203659
polytomy of size 3; rounds with additions with at least 0.01 support: 0; clusters: 203659
polytomy of size 69; rounds with additions with at least 0.01 support: 0; clusters: 203859
Threshold 0.2:
polytomy of size 3; rounds with additions with at least 0.01 support: 0; clusters: 203859
polytomy of size 6; rounds with additions with at least 0.01 support: 0; clusters: 203859
polytomy of size 3; rounds with additions with at least 0.01 support: 0; clusters: 203859
polytomy of size 3; rounds with additions with at least 0.01 support: 0; clusters: 203859
polytomy of size 94; rounds with additions with at least 0.01 support: 0; clusters: 204179
Threshold 0.3333333333333333:
polytomy of size 4; rounds with additions with at least 0.01 support: 0; clusters: 204179
polytomy of size 5; rounds with additions with at least 0.01 support: 0; clusters: 204179
polytomy of size 5; rounds with additions with at least 0.01 support: 0; clusters: 204179
Number of Clusters after addition by greedy: 204179
partitions formed in 137.544 secs
Dynamic Programming starting after 137.544 secs
Size of largest cluster: 201
Calculated 100000 weights; time (seconds): 774
Calculated 200000 weights; time (seconds): 641
Calculated 300000 weights; time (seconds): 661
Calculated 400000 weights; time (seconds): 690
Total Number of elements weighted: 455035
Normalized score (portion of input quartet trees satisfied): 0.4480652534767805
Final optimization score: 29571562373
Optimal tree inferred in 3153.262 secs.
(1,(28,(155,(((136,58),(35,64)),(92,((99,(196,(146,86))),(192,((14,((129,(118,39)),((176,(25,29)),(180,(156,116))))),((134,124),((((43,132),((115,65),((175,199),((26,13),((103,70),(102,149)))))),((31,(16,84)),(37,((197,59),((125,(108,193)),((7,137),(183,190))))))),((((195,((71,2),(93,(45,135)))),((10,(158,189)),(67,(191,(105,41))))),((140,(162,75)),(((112,(12,101)),((18,53),(126,154))),((38,(187,97)),((130,19),((72,73),(48,((117,9),(127,(143,((188,90),((133,194),(113,(144,96)))))))))))))),((0,((((185,106),(109,(32,152))),((111,165),(56,(161,23)))),(51,((11,(89,((131,61),(79,141)))),(82,((6,((172,138),(163,81))),((168,(74,153)),((47,4),(42,(104,114)))))))))),((((76,(179,33)),(174,((173,147),((110,(49,151)),(46,(122,(184,198))))))),((21,157),((17,(88,(22,(170,(30,63))))),((128,(139,(62,(91,166)))),(164,((107,(77,(78,5))),((83,27),((85,8),(57,169))))))))),((119,(120,123)),(((186,44),(148,(121,200))),((80,(66,52)),((54,(3,((36,177),(68,(20,((171,55),(178,60))))))),((98,(100,15)),((182,(40,(24,(69,(145,160))))),(50,((34,(167,(150,87))),((181,94),(95,(159,142))))))))))))))))))))))));
Quartet score is: 29571562373
Normalized quartet score is: 0.4480652534767805
ASTRAL finished in 3161.156 secs
