
================== ASTRAL ===================== 

This is ASTRAL version 4.10.10
Gene trees are treated as unrooted
1000 trees read from ASTRALDATA/model.500.2000000.0.000001/06/estimatedgenetre.halfresolved
All output trees will be *arbitrarily* rooted at 0

======== Running the main analysis
Number of taxa: 501 (501 species)
Taxa: [0, 81, 412, 309, 333, 133, 137, 166, 221, 268, 78, 63, 77, 477, 69, 194, 352, 398, 188, 67, 244, 265, 364, 136, 5, 299, 14, 219, 153, 475, 15, 154, 436, 157, 393, 271, 105, 250, 375, 345, 416, 87, 16, 389, 22, 277, 450, 174, 435, 13, 322, 462, 232, 215, 335, 306, 357, 438, 269, 332, 152, 70, 384, 337, 362, 264, 426, 61, 499, 113, 457, 344, 208, 1, 451, 463, 112, 143, 356, 481, 228, 94, 107, 443, 199, 235, 429, 276, 420, 180, 45, 408, 11, 93, 366, 479, 404, 323, 497, 92, 286, 4, 200, 202, 303, 289, 295, 400, 43, 284, 427, 102, 229, 485, 6, 83, 218, 248, 249, 147, 472, 207, 434, 122, 36, 109, 204, 423, 391, 53, 26, 55, 492, 167, 294, 259, 121, 273, 461, 320, 355, 374, 354, 473, 314, 234, 197, 446, 351, 409, 262, 217, 415, 182, 196, 31, 453, 483, 471, 177, 379, 50, 424, 155, 402, 170, 291, 298, 405, 243, 310, 285, 422, 428, 231, 255, 297, 76, 368, 383, 253, 407, 455, 106, 189, 185, 89, 103, 496, 488, 441, 42, 260, 281, 138, 226, 60, 343, 223, 222, 388, 41, 35, 270, 91, 358, 411, 51, 403, 377, 212, 85, 397, 72, 360, 98, 439, 48, 464, 432, 140, 367, 305, 386, 307, 312, 474, 108, 130, 417, 304, 242, 127, 487, 115, 263, 213, 421, 71, 329, 328, 452, 493, 184, 381, 142, 230, 161, 82, 117, 458, 454, 86, 205, 331, 275, 292, 158, 116, 20, 131, 119, 296, 211, 327, 164, 325, 410, 21, 151, 126, 73, 171, 399, 176, 54, 239, 139, 338, 17, 209, 394, 279, 380, 146, 181, 490, 315, 104, 227, 274, 160, 25, 365, 44, 110, 57, 74, 132, 220, 149, 418, 190, 282, 447, 216, 193, 308, 97, 440, 191, 361, 413, 348, 489, 214, 339, 500, 47, 183, 468, 28, 445, 96, 390, 290, 68, 192, 378, 448, 251, 396, 79, 156, 349, 252, 241, 347, 37, 30, 2, 178, 245, 123, 459, 247, 141, 257, 340, 330, 293, 460, 237, 19, 238, 236, 254, 494, 449, 288, 233, 114, 206, 316, 401, 46, 134, 144, 414, 283, 425, 58, 148, 84, 376, 476, 65, 287, 59, 318, 187, 321, 203, 33, 165, 302, 18, 437, 261, 210, 129, 444, 385, 431, 334, 125, 56, 246, 478, 484, 482, 10, 124, 363, 346, 317, 406, 40, 256, 80, 442, 350, 470, 395, 32, 99, 150, 111, 382, 8, 128, 278, 64, 173, 324, 135, 430, 62, 24, 198, 195, 267, 369, 169, 225, 38, 466, 101, 118, 34, 3, 201, 266, 162, 90, 342, 469, 95, 387, 392, 27, 120, 456, 465, 175, 341, 224, 491, 29, 272, 480, 300, 280, 326, 159, 172, 467, 12, 433, 336, 179, 258, 23, 486, 9, 498, 39, 313, 301, 359, 186, 353, 372, 495, 49, 311, 52, 75, 100, 373, 66, 145, 88, 370, 163, 168, 7, 419, 319, 240, 371]
Taxon occupancy: {338=1000, 339=1000, 332=1000, 333=1000, 159=1000, 330=1000, 331=1000, 158=1000, 336=1000, 157=1000, 337=1000, 156=1000, 334=1000, 155=1000, 154=1000, 335=1000, 152=1000, 153=1000, 150=1000, 151=1000, 202=1000, 349=1000, 203=1000, 204=1000, 205=1000, 200=1000, 201=1000, 341=1000, 342=1000, 169=1000, 343=1000, 344=1000, 345=1000, 166=1000, 206=1000, 346=1000, 165=1000, 207=1000, 168=1000, 208=1000, 347=1000, 167=1000, 209=1000, 348=1000, 3=1000, 409=1000, 161=1000, 162=1000, 408=1000, 2=1000, 163=1000, 1=1000, 0=1000, 164=1000, 7=1000, 405=1000, 6=1000, 404=1000, 407=1000, 5=1000, 340=1000, 406=1000, 4=1000, 160=1000, 401=1000, 400=1000, 9=1000, 403=1000, 8=1000, 402=1000, 211=1000, 212=1000, 210=1000, 215=1000, 318=1000, 319=1000, 216=1000, 213=1000, 316=1000, 317=1000, 214=1000, 179=1000, 314=1000, 219=1000, 315=1000, 178=1000, 177=1000, 217=1000, 312=1000, 313=1000, 218=1000, 176=1000, 310=1000, 311=1000, 170=1000, 418=1000, 417=1000, 171=1000, 416=1000, 415=1000, 174=1000, 175=1000, 172=1000, 419=1000, 173=1000, 410=1000, 414=1000, 413=1000, 412=1000, 411=1000, 220=1000, 221=1000, 222=1000, 223=1000, 224=1000, 327=1000, 225=1000, 328=1000, 226=1000, 329=1000, 227=1000, 323=1000, 188=1000, 228=1000, 324=1000, 229=1000, 187=1000, 325=1000, 326=1000, 189=1000, 320=1000, 321=1000, 322=1000, 427=1000, 426=1000, 180=1000, 429=1000, 181=1000, 428=1000, 182=1000, 183=1000, 184=1000, 185=1000, 186=1000, 421=1000, 420=1000, 423=1000, 422=1000, 425=1000, 424=1000, 116=1000, 117=1000, 114=1000, 115=1000, 112=1000, 113=1000, 110=1000, 111=1000, 118=1000, 119=1000, 435=1000, 436=1000, 433=1000, 434=1000, 431=1000, 432=1000, 430=1000, 439=1000, 437=1000, 438=1000, 125=1000, 126=1000, 300=1000, 127=1000, 128=1000, 302=1000, 121=1000, 301=1000, 122=1000, 304=1000, 123=1000, 124=1000, 303=1000, 306=1000, 305=1000, 308=1000, 307=1000, 129=1000, 309=1000, 444=1000, 445=1000, 446=1000, 447=1000, 440=1000, 441=1000, 442=1000, 443=1000, 120=1000, 448=1000, 449=1000, 134=1000, 135=1000, 132=1000, 133=1000, 138=1000, 139=1000, 136=1000, 137=1000, 450=1000, 453=1000, 454=1000, 451=1000, 452=1000, 457=1000, 458=1000, 455=1000, 456=1000, 459=1000, 131=1000, 130=1000, 143=1000, 144=1000, 145=1000, 146=1000, 147=1000, 148=1000, 149=1000, 461=1000, 460=1000, 462=1000, 463=1000, 464=1000, 465=1000, 466=1000, 467=1000, 468=1000, 469=1000, 140=1000, 142=1000, 141=1000, 195=1000, 194=1000, 197=1000, 196=1000, 191=1000, 190=1000, 193=1000, 192=1000, 198=1000, 199=1000, 500=1000, 35=1000, 36=1000, 33=1000, 34=1000, 39=1000, 37=1000, 38=1000, 43=1000, 42=1000, 41=1000, 40=1000, 22=1000, 23=1000, 24=1000, 25=1000, 26=1000, 27=1000, 28=1000, 29=1000, 30=1000, 32=1000, 31=1000, 19=1000, 17=1000, 18=1000, 15=1000, 16=1000, 13=1000, 14=1000, 11=1000, 12=1000, 21=1000, 20=1000, 10=1000, 79=1000, 78=1000, 77=1000, 82=1000, 83=1000, 80=1000, 81=1000, 86=1000, 87=1000, 84=1000, 85=1000, 67=1000, 66=1000, 69=1000, 68=1000, 70=1000, 71=1000, 72=1000, 73=1000, 74=1000, 75=1000, 76=1000, 59=1000, 58=1000, 57=1000, 56=1000, 55=1000, 64=1000, 65=1000, 62=1000, 63=1000, 60=1000, 61=1000, 49=1000, 48=1000, 45=1000, 44=1000, 47=1000, 46=1000, 51=1000, 52=1000, 53=1000, 54=1000, 50=1000, 281=1000, 487=1000, 486=1000, 280=1000, 485=1000, 484=1000, 285=1000, 284=1000, 489=1000, 283=1000, 488=1000, 282=1000, 288=1000, 289=1000, 286=1000, 287=1000, 482=1000, 483=1000, 480=1000, 481=1000, 474=1000, 473=1000, 270=1000, 476=1000, 475=1000, 272=1000, 478=1000, 271=1000, 477=1000, 274=1000, 273=1000, 479=1000, 275=1000, 276=1000, 277=1000, 278=1000, 279=1000, 470=1000, 471=1000, 472=1000, 109=1000, 108=1000, 107=1000, 106=1000, 105=1000, 104=1000, 103=1000, 99=1000, 102=1000, 101=1000, 100=1000, 98=1000, 97=1000, 391=1000, 96=1000, 95=1000, 390=1000, 393=1000, 94=1000, 392=1000, 93=1000, 395=1000, 92=1000, 91=1000, 394=1000, 90=1000, 294=1000, 499=1000, 293=1000, 296=1000, 295=1000, 496=1000, 290=1000, 495=1000, 498=1000, 292=1000, 291=1000, 497=1000, 491=1000, 492=1000, 493=1000, 494=1000, 297=1000, 298=1000, 299=1000, 490=1000, 396=1000, 397=1000, 398=1000, 399=1000, 88=1000, 89=1000, 240=1000, 241=1000, 383=1000, 384=1000, 381=1000, 382=1000, 380=1000, 389=1000, 388=1000, 387=1000, 386=1000, 385=1000, 245=1000, 244=1000, 243=1000, 242=1000, 249=1000, 248=1000, 247=1000, 246=1000, 230=1000, 370=1000, 371=1000, 372=1000, 373=1000, 379=1000, 239=1000, 378=1000, 375=1000, 374=1000, 377=1000, 376=1000, 232=1000, 231=1000, 234=1000, 233=1000, 236=1000, 235=1000, 238=1000, 237=1000, 262=1000, 263=1000, 260=1000, 261=1000, 361=1000, 362=1000, 360=1000, 366=1000, 365=1000, 364=1000, 363=1000, 369=1000, 368=1000, 367=1000, 269=1000, 268=1000, 267=1000, 266=1000, 265=1000, 264=1000, 250=1000, 251=1000, 252=1000, 350=1000, 351=1000, 353=1000, 352=1000, 355=1000, 354=1000, 357=1000, 356=1000, 359=1000, 358=1000, 258=1000, 257=1000, 259=1000, 254=1000, 253=1000, 256=1000, 255=1000}
Number of gene trees: 1000
0 trees have missing taxa
Calculating quartet distance matrix (for completion of X)
Species tree distances calculated ...
Building set of clusters (X) from gene trees 
Using tree-based weight calculation.
Number of Default Clusters: 83423
Number of quartet trees in the gene trees: 2593739590215
calculating extra bipartitions to be added at level 1 ...
Number of Clusters after addition by distance: 83423
Adding to X using resolutions of greedy consensus ...
Threshold 0.0:
Threshold 0.01:
Threshold 0.02:
polytomy of size 6; rounds with additions with at least 0.01 support: 0; clusters: 83451
Threshold 0.05:
polytomy of size 3; rounds with additions with at least 0.01 support: 0; clusters: 83451
polytomy of size 10; rounds with additions with at least 0.01 support: 0; clusters: 83455
Threshold 0.1:
polytomy of size 19; rounds with additions with at least 0.01 support: 0; clusters: 83455
Threshold 0.2:
polytomy of size 3; rounds with additions with at least 0.01 support: 0; clusters: 83455
polytomy of size 3; rounds with additions with at least 0.01 support: 0; clusters: 83455
polytomy of size 4; rounds with additions with at least 0.01 support: 0; clusters: 83455
polytomy of size 4; rounds with additions with at least 0.01 support: 0; clusters: 83455
polytomy of size 3; rounds with additions with at least 0.01 support: 0; clusters: 83455
polytomy of size 4; rounds with additions with at least 0.01 support: 0; clusters: 83455
polytomy of size 4; rounds with additions with at least 0.01 support: 0; clusters: 83455
polytomy of size 5; rounds with additions with at least 0.01 support: 0; clusters: 83455
polytomy of size 3; rounds with additions with at least 0.01 support: 0; clusters: 83455
polytomy of size 3; rounds with additions with at least 0.01 support: 0; clusters: 83455
polytomy of size 3; rounds with additions with at least 0.01 support: 0; clusters: 83455
polytomy of size 3; rounds with additions with at least 0.01 support: 0; clusters: 83455
polytomy of size 3; rounds with additions with at least 0.01 support: 0; clusters: 83455
polytomy of size 3; rounds with additions with at least 0.01 support: 0; clusters: 83455
polytomy of size 3; rounds with additions with at least 0.01 support: 0; clusters: 83455
polytomy of size 23; rounds with additions with at least 0.01 support: 0; clusters: 83455
Threshold 0.3333333333333333:
polytomy of size 3; rounds with additions with at least 0.01 support: 0; clusters: 83455
polytomy of size 3; rounds with additions with at least 0.01 support: 0; clusters: 83455
polytomy of size 3; rounds with additions with at least 0.01 support: 0; clusters: 83455
polytomy of size 3; rounds with additions with at least 0.01 support: 0; clusters: 83455
polytomy of size 3; rounds with additions with at least 0.01 support: 0; clusters: 83455
polytomy of size 3; rounds with additions with at least 0.01 support: 0; clusters: 83455
polytomy of size 3; rounds with additions with at least 0.01 support: 0; clusters: 83455
polytomy of size 4; rounds with additions with at least 0.01 support: 0; clusters: 83455
polytomy of size 3; rounds with additions with at least 0.01 support: 0; clusters: 83455
polytomy of size 5; rounds with additions with at least 0.01 support: 0; clusters: 83455
polytomy of size 4; rounds with additions with at least 0.01 support: 0; clusters: 83455
polytomy of size 3; rounds with additions with at least 0.01 support: 0; clusters: 83455
polytomy of size 4; rounds with additions with at least 0.01 support: 0; clusters: 83455
polytomy of size 4; rounds with additions with at least 0.01 support: 0; clusters: 83455
polytomy of size 7; rounds with additions with at least 0.01 support: 0; clusters: 83459
polytomy of size 3; rounds with additions with at least 0.01 support: 0; clusters: 83459
polytomy of size 3; rounds with additions with at least 0.01 support: 0; clusters: 83459
polytomy of size 3; rounds with additions with at least 0.01 support: 0; clusters: 83459
polytomy of size 5; rounds with additions with at least 0.01 support: 0; clusters: 83459
polytomy of size 6; rounds with additions with at least 0.01 support: 0; clusters: 83459
polytomy of size 4; rounds with additions with at least 0.01 support: 0; clusters: 83459
polytomy of size 5; rounds with additions with at least 0.01 support: 0; clusters: 83459
polytomy of size 4; rounds with additions with at least 0.01 support: 0; clusters: 83459
polytomy of size 5; rounds with additions with at least 0.01 support: 0; clusters: 83459
polytomy of size 3; rounds with additions with at least 0.01 support: 0; clusters: 83459
polytomy of size 4; rounds with additions with at least 0.01 support: 0; clusters: 83459
polytomy of size 3; rounds with additions with at least 0.01 support: 0; clusters: 83459
polytomy of size 3; rounds with additions with at least 0.01 support: 0; clusters: 83459
polytomy of size 9; rounds with additions with at least 0.01 support: 0; clusters: 83471
polytomy of size 3; rounds with additions with at least 0.01 support: 0; clusters: 83471
polytomy of size 4; rounds with additions with at least 0.01 support: 0; clusters: 83471
polytomy of size 3; rounds with additions with at least 0.01 support: 0; clusters: 83471
polytomy of size 3; rounds with additions with at least 0.01 support: 0; clusters: 83471
polytomy of size 3; rounds with additions with at least 0.01 support: 0; clusters: 83471
polytomy of size 3; rounds with additions with at least 0.01 support: 0; clusters: 83471
polytomy of size 3; rounds with additions with at least 0.01 support: 0; clusters: 83471
polytomy of size 3; rounds with additions with at least 0.01 support: 0; clusters: 83471
polytomy of size 3; rounds with additions with at least 0.01 support: 0; clusters: 83471
polytomy of size 3; rounds with additions with at least 0.01 support: 0; clusters: 83471
polytomy of size 3; rounds with additions with at least 0.01 support: 0; clusters: 83471
polytomy of size 29; rounds with additions with at least 0.01 support: 0; clusters: 84363
Number of Clusters after addition by greedy: 84363
partitions formed in 129.434 secs
Dynamic Programming starting after 129.434 secs
Size of largest cluster: 501
Calculated 100000 weights; time (seconds): 1622
Calculated 200000 weights; time (seconds): 1480
Total Number of elements weighted: 267570
Normalized score (portion of input quartet trees satisfied): 0.6634141746521153
Final optimization score: 1720723609505
Optimal tree inferred in 4116.045 secs.
(315,(104,((227,(274,160)),(((394,279),(181,(380,(146,490)))),((139,(338,(17,209))),((((54,239),((325,410),(296,(164,(211,327))))),((126,((399,176),(73,171))),((21,151),(110,(57,(25,(365,44))))))),((((87,(16,389)),(((332,(152,70)),(269,((264,(426,61)),(384,(337,362))))),((22,((450,174),(277,435))),((322,(13,(462,232))),(215,(306,(335,(357,438)))))))),(((192,(468,(445,((96,68),(28,(390,290)))))),((((237,19),(293,460)),((238,236),(254,(494,449)))),(378,((288,233),(((349,(156,252)),(347,(241,((396,79),(448,251))))),((37,247),(330,(141,((178,(123,(245,459))),((30,2),(257,340))))))))))),((((97,440),((193,308),(282,(190,(447,216))))),(((108,130),(386,(307,(312,474)))),(((417,(304,(242,127))),(220,((149,418),(74,132)))),(487,((500,(47,183)),(413,((191,361),((489,339),(348,214))))))))),((230,((142,(184,381)),(328,((452,493),(161,82))))),((51,(((432,140),((367,305),(439,(48,464)))),((85,(212,397)),((403,377),(72,(360,98)))))),((358,((35,411),(270,(91,(388,41))))),(((131,119),((116,20),(292,158))),((458,454),((331,275),(86,205)))))))))),(((((297,(76,368)),(255,(310,((285,422),(428,231))))),((383,(253,407)),(455,(((281,222),((488,223),((138,226),((42,260),(441,(60,343)))))),(((185,89),(106,189)),((103,(71,(496,329))),((213,421),(115,263)))))))),(((81,412),(78,((137,166),((221,268),(133,(309,333)))))),(((63,77),(244,((477,67),(265,((69,188),(398,(194,352))))))),(((351,409),(262,((217,415),(196,(182,31))))),(453,((405,243),((471,(177,379)),(483,((291,298),((50,402),(170,(424,155)))))))))))),(0,(((((75,100),((163,168),(88,370))),((433,((39,313),((49,(311,52)),(495,((359,186),(301,(353,372))))))),((419,(319,(240,371))),((145,(373,66)),((7,(9,498)),((336,179),(258,(23,486)))))))),(((491,29),(224,(175,341))),(((55,((391,53),(26,(204,423)))),((314,234),(272,(480,((300,280),(159,(326,(172,(467,12))))))))),(((229,485),(102,(43,(284,427)))),(((434,109),(122,36)),((147,(472,207)),((83,218),(6,(248,249))))))))),(((457,(344,(1,(208,451)))),((492,((167,294),(499,113))),(446,((259,121),((273,(354,473)),(461,(355,(320,374)))))))),((((5,((364,136),((375,416),(250,345)))),((299,(14,(219,153))),((475,(271,105)),((15,154),(436,(157,393)))))),(((342,(469,95)),(387,(392,(27,(456,(120,465)))))),((((8,(111,382)),(128,(278,64))),((317,150),((32,99),((470,(350,(442,395))),(80,(406,(40,256))))))),(173,(324,((118,(466,(101,(34,3)))),(((169,(225,38)),(369,(195,267))),(((162,90),(201,266)),(135,((24,198),(430,62))))))))))),(117,(((197,((200,202),(303,(289,(295,400))))),((463,112),((228,94),(143,(356,481))))),((((443,(107,(235,(199,429)))),(276,(45,(408,(420,180))))),((11,(286,4)),((93,(366,479)),(404,(323,(497,92)))))),((203,(114,((283,425),(206,((144,414),((316,401),(46,134))))))),(((187,(318,321)),(376,((84,476),((58,148),(287,(65,59)))))),((((33,165),(129,(444,385))),(437,((302,18),(261,210)))),(((431,334),(484,(482,10))),((124,(363,346)),((125,56),(246,478))))))))))))))))))))));
Quartet score is: 1720723609505
Normalized quartet score is: 0.6634141746521153
ASTRAL finished in 4160.936 secs
