
================== ASTRAL ===================== 

This is ASTRAL version 4.10.8
Gene trees are treated as unrooted
944 trees read from model.200.10000000.0.0000001/32/estimatedgenetre.halfresolved
All outputted trees will be *arbitrarily* rooted at 163

======== Running the main analysis
Number of taxa: 201 (201 species)
Taxa: [163, 111, 190, 40, 82, 26, 155, 78, 22, 179, 198, 161, 133, 124, 175, 56, 200, 162, 24, 29, 142, 8, 12, 21, 66, 105, 72, 94, 6, 136, 69, 58, 11, 157, 76, 108, 127, 195, 39, 186, 28, 57, 86, 113, 150, 104, 16, 44, 115, 95, 138, 62, 49, 149, 96, 197, 73, 4, 160, 188, 152, 112, 36, 75, 2, 30, 7, 10, 193, 106, 23, 68, 194, 134, 178, 196, 102, 165, 99, 14, 145, 34, 43, 137, 119, 151, 129, 177, 117, 9, 25, 54, 189, 74, 110, 83, 1, 100, 52, 121, 65, 180, 59, 158, 84, 181, 97, 77, 174, 35, 32, 42, 89, 148, 199, 50, 182, 144, 187, 184, 93, 98, 107, 79, 37, 139, 172, 81, 130, 122, 167, 126, 156, 31, 60, 173, 80, 131, 140, 38, 191, 116, 192, 20, 41, 55, 109, 166, 70, 71, 169, 92, 147, 183, 61, 132, 168, 13, 91, 0, 19, 164, 3, 88, 123, 63, 159, 101, 15, 45, 27, 18, 51, 87, 53, 143, 153, 125, 5, 118, 67, 185, 48, 176, 128, 17, 146, 135, 120, 154, 114, 90, 103, 171, 33, 46, 64, 141, 85, 170, 47]
Taxon occupancy: {35=944, 36=944, 33=944, 159=944, 34=944, 158=944, 157=944, 39=944, 156=944, 155=944, 37=944, 38=944, 154=944, 152=944, 153=944, 150=944, 151=944, 43=944, 42=944, 41=944, 40=944, 200=944, 22=944, 23=944, 169=944, 24=944, 25=944, 26=944, 166=944, 165=944, 27=944, 28=944, 168=944, 29=944, 167=944, 161=944, 3=944, 2=944, 162=944, 163=944, 1=944, 0=944, 164=944, 7=944, 30=944, 6=944, 32=944, 5=944, 160=944, 4=944, 31=944, 9=944, 8=944, 19=944, 179=944, 17=944, 178=944, 18=944, 177=944, 15=944, 16=944, 176=944, 13=944, 14=944, 11=944, 12=944, 170=944, 21=944, 171=944, 20=944, 174=944, 175=944, 172=944, 173=944, 188=944, 187=944, 189=944, 180=944, 10=944, 181=944, 182=944, 183=944, 184=944, 185=944, 186=944, 116=944, 117=944, 79=944, 78=944, 114=944, 115=944, 77=944, 112=944, 113=944, 110=944, 111=944, 118=944, 119=944, 82=944, 83=944, 80=944, 81=944, 86=944, 87=944, 84=944, 85=944, 125=944, 67=944, 66=944, 126=944, 69=944, 127=944, 68=944, 128=944, 121=944, 122=944, 123=944, 124=944, 129=944, 70=944, 71=944, 120=944, 72=944, 73=944, 74=944, 75=944, 76=944, 134=944, 135=944, 132=944, 133=944, 59=944, 138=944, 58=944, 57=944, 139=944, 56=944, 136=944, 137=944, 55=944, 64=944, 65=944, 62=944, 63=944, 60=944, 131=944, 130=944, 61=944, 49=944, 143=944, 144=944, 48=944, 145=944, 146=944, 147=944, 45=944, 44=944, 148=944, 47=944, 149=944, 46=944, 51=944, 52=944, 53=944, 54=944, 140=944, 142=944, 141=944, 50=944, 109=944, 108=944, 107=944, 106=944, 105=944, 104=944, 103=944, 99=944, 102=944, 101=944, 100=944, 98=944, 97=944, 96=944, 95=944, 94=944, 93=944, 92=944, 91=944, 90=944, 88=944, 89=944, 195=944, 194=944, 197=944, 196=944, 191=944, 190=944, 193=944, 192=944, 198=944, 199=944}
Number of gene trees: 944
0 trees have missing taxa
Calculating quartet distance matrix (for completion of X)
Species tree distances calculated ...
Building set of clusters (X) from gene trees 
Using tree-based weight calculation.
Number of Default Clusters: 71101
Number of quartet trees in the gene trees: 62178730308
calculating extra bipartitions to be added at level 1 ...
Number of Clusters after addition by distance: 71101
Adding to X using resolutions of greedy consensus ...
Threshold 0.0:
Threshold 0.01:
Threshold 0.02:
Threshold 0.05:
polytomy of size 3; rounds with additions with at least 0.01 support: 0; clusters: 71101
polytomy of size 4; rounds with additions with at least 0.01 support: 0; clusters: 71101
Threshold 0.1:
polytomy of size 3; rounds with additions with at least 0.01 support: 0; clusters: 71101
polytomy of size 13; rounds with additions with at least 0.01 support: 0; clusters: 71101
Threshold 0.2:
polytomy of size 3; rounds with additions with at least 0.01 support: 0; clusters: 71101
polytomy of size 3; rounds with additions with at least 0.01 support: 0; clusters: 71101
polytomy of size 3; rounds with additions with at least 0.01 support: 0; clusters: 71101
polytomy of size 18; rounds with additions with at least 0.01 support: 0; clusters: 71101
Threshold 0.3333333333333333:
polytomy of size 3; rounds with additions with at least 0.01 support: 0; clusters: 71101
polytomy of size 3; rounds with additions with at least 0.01 support: 0; clusters: 71101
polytomy of size 3; rounds with additions with at least 0.01 support: 0; clusters: 71101
polytomy of size 3; rounds with additions with at least 0.01 support: 0; clusters: 71101
polytomy of size 3; rounds with additions with at least 0.01 support: 0; clusters: 71101
polytomy of size 10; rounds with additions with at least 0.01 support: 0; clusters: 71159
polytomy of size 3; rounds with additions with at least 0.01 support: 0; clusters: 71159
polytomy of size 3; rounds with additions with at least 0.01 support: 0; clusters: 71159
polytomy of size 3; rounds with additions with at least 0.01 support: 0; clusters: 71159
polytomy of size 3; rounds with additions with at least 0.01 support: 0; clusters: 71159
polytomy of size 3; rounds with additions with at least 0.01 support: 0; clusters: 71159
polytomy of size 3; rounds with additions with at least 0.01 support: 0; clusters: 71159
polytomy of size 3; rounds with additions with at least 0.01 support: 0; clusters: 71159
polytomy of size 3; rounds with additions with at least 0.01 support: 0; clusters: 71159
polytomy of size 28; rounds with additions with at least 0.01 support: 0; clusters: 73035
Number of Clusters after addition by greedy: 73035
partitions formed in 30.383 secs
Dynamic Programming starting after 30.383 secs
Size of largest cluster: 201
Size of largest cluster: 201
Total Number of elements weighted: 180181
Normalized score (portion of input quartet trees satisfied): NaN
Final optimization score: 0
Calculated 100000 weights; time (seconds): 60
Total Number of elements weighted: 180181
Normalized score (portion of input quartet trees satisfied): 0.6506478343253468
Final optimization score: 40456456216
Optimal tree inferred in 91.919 secs.
(163,(((18,(51,(87,53))),((45,27),((63,159),(101,15)))),(((26,155),((111,190),(40,82))),(((64,141),(46,85)),(((78,((22,179),(198,((161,133),(124,(175,56)))))),((39,((136,69),(58,((66,(94,(6,(105,72)))),(195,(11,(127,(108,(157,76))))))))),((21,((8,12),(162,(200,(29,(24,142)))))),(((150,104),(115,(16,44))),((95,(138,62)),(49,(149,96))))))),((((71,(70,169)),((135,(143,153)),(5,((185,(48,(118,67))),(125,((176,128),(17,146))))))),(((19,(164,3)),((92,147),(173,(80,(131,140))))),((191,((20,41),((116,192),(166,(55,109))))),((120,((154,114),(90,(103,(171,33))))),((170,47),(91,(183,(61,(132,(168,13)))))))))),(0,((38,(186,(113,(86,(28,57))))),((88,123),((((102,165),(((137,(34,43)),(99,(14,145))),((119,117),(9,(151,(129,177)))))),(25,((54,((83,(74,110)),(1,(100,(52,121))))),((189,(65,180)),(84,((181,(59,158)),((97,77),(42,(174,(35,32)))))))))),(((197,(160,(73,4))),((106,(193,23)),(((178,196),(134,(68,194))),((188,152),((36,(75,2)),(112,(30,(7,10)))))))),((81,(167,((126,60),(156,31)))),((130,122),((37,(139,172)),((89,((50,182),(148,199))),((144,187),((184,79),(93,(98,107)))))))))))))))))));
Quartet score is: 40456456216
Normalized quartet score is: 0.6506478343253468
ASTRAL finished in 107.852 secs
