
================== ASTRAL ===================== 

This is ASTRAL version 4.10.10
Gene trees are treated as unrooted
1000 trees read from ASTRALDATA/model.200.2000000.0.0000001/15/estimatedgenetre.halfresolved
All output trees will be *arbitrarily* rooted at 109

======== Running the main analysis
Number of taxa: 201 (201 species)
Taxa: [109, 125, 45, 159, 28, 124, 41, 173, 50, 54, 176, 36, 192, 112, 197, 157, 19, 7, 51, 83, 65, 111, 75, 48, 29, 16, 44, 168, 22, 200, 85, 191, 160, 186, 72, 38, 138, 189, 100, 164, 77, 146, 31, 151, 30, 196, 66, 67, 63, 13, 91, 25, 82, 69, 170, 89, 32, 120, 33, 5, 144, 95, 105, 71, 142, 107, 8, 96, 23, 81, 12, 88, 76, 70, 135, 103, 74, 4, 9, 73, 92, 39, 190, 147, 102, 49, 106, 52, 113, 163, 2, 183, 194, 68, 0, 161, 153, 158, 126, 180, 43, 61, 62, 171, 21, 184, 84, 179, 14, 195, 181, 199, 101, 114, 193, 46, 115, 131, 167, 165, 37, 152, 143, 198, 133, 34, 116, 108, 150, 93, 128, 98, 18, 55, 141, 188, 3, 134, 182, 136, 99, 172, 177, 140, 127, 90, 132, 148, 137, 178, 187, 145, 10, 40, 162, 57, 156, 86, 59, 154, 121, 155, 56, 169, 129, 97, 53, 64, 20, 122, 185, 80, 175, 1, 15, 119, 27, 47, 26, 118, 104, 17, 24, 35, 149, 123, 94, 174, 58, 78, 130, 79, 110, 139, 11, 87, 166, 117, 42, 60, 6]
Taxon occupancy: {35=1000, 36=1000, 33=1000, 159=1000, 158=1000, 34=1000, 39=1000, 157=1000, 156=1000, 37=1000, 155=1000, 38=1000, 154=1000, 152=1000, 153=1000, 150=1000, 151=1000, 43=1000, 42=1000, 41=1000, 40=1000, 200=1000, 22=1000, 23=1000, 169=1000, 24=1000, 25=1000, 166=1000, 26=1000, 165=1000, 27=1000, 28=1000, 168=1000, 29=1000, 167=1000, 161=1000, 3=1000, 2=1000, 162=1000, 163=1000, 1=1000, 0=1000, 164=1000, 7=1000, 30=1000, 6=1000, 5=1000, 32=1000, 4=1000, 160=1000, 31=1000, 9=1000, 8=1000, 19=1000, 179=1000, 17=1000, 18=1000, 178=1000, 177=1000, 15=1000, 176=1000, 16=1000, 13=1000, 14=1000, 11=1000, 12=1000, 170=1000, 21=1000, 171=1000, 20=1000, 174=1000, 175=1000, 172=1000, 173=1000, 188=1000, 187=1000, 189=1000, 180=1000, 181=1000, 10=1000, 182=1000, 183=1000, 184=1000, 185=1000, 186=1000, 116=1000, 117=1000, 79=1000, 114=1000, 78=1000, 77=1000, 115=1000, 112=1000, 113=1000, 110=1000, 111=1000, 118=1000, 119=1000, 82=1000, 83=1000, 80=1000, 81=1000, 86=1000, 87=1000, 84=1000, 85=1000, 125=1000, 67=1000, 66=1000, 126=1000, 69=1000, 127=1000, 68=1000, 128=1000, 121=1000, 122=1000, 123=1000, 124=1000, 129=1000, 70=1000, 71=1000, 120=1000, 72=1000, 73=1000, 74=1000, 75=1000, 76=1000, 134=1000, 135=1000, 132=1000, 133=1000, 59=1000, 138=1000, 58=1000, 139=1000, 57=1000, 136=1000, 56=1000, 55=1000, 137=1000, 64=1000, 65=1000, 62=1000, 63=1000, 60=1000, 131=1000, 61=1000, 130=1000, 49=1000, 143=1000, 144=1000, 48=1000, 145=1000, 146=1000, 147=1000, 45=1000, 44=1000, 148=1000, 47=1000, 149=1000, 46=1000, 51=1000, 52=1000, 53=1000, 54=1000, 140=1000, 142=1000, 50=1000, 141=1000, 109=1000, 108=1000, 107=1000, 106=1000, 105=1000, 104=1000, 103=1000, 102=1000, 99=1000, 101=1000, 100=1000, 98=1000, 97=1000, 96=1000, 95=1000, 94=1000, 93=1000, 92=1000, 91=1000, 90=1000, 88=1000, 89=1000, 195=1000, 194=1000, 197=1000, 196=1000, 191=1000, 190=1000, 193=1000, 192=1000, 198=1000, 199=1000}
Number of gene trees: 1000
0 trees have missing taxa
Calculating quartet distance matrix (for completion of X)
Species tree distances calculated ...
Building set of clusters (X) from gene trees 
Using tree-based weight calculation.
Number of Default Clusters: 81323
Number of quartet trees in the gene trees: 65998349208
calculating extra bipartitions to be added at level 1 ...
Number of Clusters after addition by distance: 81335
Adding to X using resolutions of greedy consensus ...
Threshold 0.0:
polytomy of size 7; rounds with additions with at least 0.01 support: 8; clusters: 81437
Threshold 0.01:
polytomy of size 15; rounds with additions with at least 0.01 support: 8; clusters: 82403
Threshold 0.02:
polytomy of size 4; rounds with additions with at least 0.01 support: 0; clusters: 82403
polytomy of size 17; rounds with additions with at least 0.01 support: 3; clusters: 83257
Threshold 0.05:
polytomy of size 4; rounds with additions with at least 0.01 support: 0; clusters: 83257
polytomy of size 19; rounds with additions with at least 0.01 support: 1; clusters: 83309
Threshold 0.1:
polytomy of size 6; rounds with additions with at least 0.01 support: 0; clusters: 83309
polytomy of size 24; rounds with additions with at least 0.01 support: 1; clusters: 83367
Threshold 0.2:
polytomy of size 3; rounds with additions with at least 0.01 support: 0; clusters: 83367
polytomy of size 3; rounds with additions with at least 0.01 support: 0; clusters: 83367
polytomy of size 3; rounds with additions with at least 0.01 support: 0; clusters: 83367
polytomy of size 3; rounds with additions with at least 0.01 support: 0; clusters: 83367
polytomy of size 38; rounds with additions with at least 0.01 support: 0; clusters: 83421
Threshold 0.3333333333333333:
polytomy of size 4; rounds with additions with at least 0.01 support: 0; clusters: 83421
polytomy of size 5; rounds with additions with at least 0.01 support: 0; clusters: 83421
polytomy of size 4; rounds with additions with at least 0.01 support: 0; clusters: 83421
polytomy of size 3; rounds with additions with at least 0.01 support: 0; clusters: 83421
polytomy of size 5; rounds with additions with at least 0.01 support: 0; clusters: 83421
polytomy of size 3; rounds with additions with at least 0.01 support: 0; clusters: 83421
polytomy of size 49; rounds with additions with at least 0.01 support: 0; clusters: 93541
Number of Clusters after addition by greedy: 93541
partitions formed in 49.556 secs
Dynamic Programming starting after 49.556 secs
Size of largest cluster: 201
Calculated 100000 weights; time (seconds): 667
Calculated 200000 weights; time (seconds): 623
Total Number of elements weighted: 265275
Normalized score (portion of input quartet trees satisfied): 0.587405513307911
Final optimization score: 38767794194
Optimal tree inferred in 1713.698 secs.
(0,((((16,(3,134)),(129,(((56,169),(154,(121,155))),((97,53),(((1,15),(80,175)),(20,(64,(122,185)))))))),((37,(152,143)),(((174,58),(((35,(149,(123,94))),((119,(27,(47,26))),(118,(104,(17,24))))),(((110,139),(79,(78,130))),((11,(87,166)),(6,(117,(42,60))))))),((198,(((133,34),(131,(116,(108,150)))),((190,(147,102)),((74,4),(9,(92,(73,39))))))),((49,106),((66,67),(63,(((69,170),((13,91),(25,82))),(135,(186,((30,196),((76,70),(103,((23,81),((12,88),((120,(32,(33,5))),(89,((95,(105,(144,71))),(142,(107,(8,96))))))))))))))))))))),(((((164,77),((72,38),(138,(189,100)))),((46,182),((146,(31,151)),((115,167),(160,(200,(85,191))))))),(((86,59),(153,158)),(((83,65),(111,(75,(48,29)))),((19,(165,(136,(99,172)))),((7,51),(44,(168,22))))))),((((52,(113,163)),((194,68),(2,183))),(((192,112),(197,157)),((162,(57,156)),((90,132),((54,(176,36)),((161,(148,(177,140))),(137,(127,((178,187),(145,(10,40))))))))))),(((109,126),(((28,41),(124,173)),(50,(45,(125,159))))),(((98,18),(128,(93,(55,(141,188))))),(180,(((14,195),((114,193),(181,(199,101)))),((43,(62,171)),(61,(179,(84,(21,184)))))))))))));
Quartet score is: 38767794194
Normalized quartet score is: 0.587405513307911
ASTRAL finished in 1721.889 secs
