
================== ASTRAL ===================== 

This is ASTRAL version 4.10.10
Gene trees are treated as unrooted
1000 trees read from ASTRALDATA/model.200.2000000.0.000001/46/estimatedgenetre.halfresolved
All output trees will be *arbitrarily* rooted at 112

======== Running the main analysis
Number of taxa: 201 (201 species)
Taxa: [112, 85, 163, 113, 32, 48, 106, 109, 117, 45, 161, 53, 69, 54, 12, 61, 181, 35, 183, 137, 146, 140, 200, 194, 131, 141, 90, 92, 152, 84, 89, 195, 70, 23, 142, 187, 168, 67, 91, 19, 149, 16, 10, 99, 190, 185, 52, 138, 156, 51, 186, 58, 25, 62, 110, 119, 95, 40, 145, 77, 116, 38, 18, 108, 177, 57, 166, 158, 68, 66, 72, 27, 80, 104, 160, 7, 162, 130, 139, 121, 128, 118, 2, 169, 136, 175, 3, 64, 154, 176, 150, 147, 28, 22, 11, 101, 157, 15, 36, 63, 180, 188, 82, 107, 47, 111, 189, 43, 31, 75, 79, 71, 198, 184, 83, 178, 170, 114, 50, 125, 20, 42, 21, 172, 193, 30, 182, 0, 174, 1, 55, 87, 86, 98, 14, 124, 144, 73, 93, 120, 164, 8, 26, 155, 49, 103, 199, 17, 148, 65, 115, 102, 9, 151, 122, 94, 179, 34, 33, 81, 24, 132, 78, 105, 197, 41, 97, 196, 133, 46, 192, 76, 167, 60, 143, 39, 134, 153, 100, 56, 171, 13, 127, 173, 191, 29, 135, 159, 44, 74, 4, 123, 96, 5, 59, 6, 126, 165, 88, 129, 37]
Taxon occupancy: {35=1000, 36=1000, 33=1000, 159=1000, 158=1000, 34=1000, 157=1000, 39=1000, 156=1000, 37=1000, 155=1000, 154=1000, 38=1000, 152=1000, 153=1000, 150=1000, 151=1000, 43=1000, 42=1000, 41=1000, 40=1000, 200=1000, 22=1000, 169=1000, 23=1000, 24=1000, 25=1000, 166=1000, 26=1000, 165=1000, 27=1000, 28=1000, 168=1000, 167=1000, 29=1000, 3=1000, 161=1000, 2=1000, 162=1000, 163=1000, 1=1000, 0=1000, 164=1000, 7=1000, 30=1000, 6=1000, 5=1000, 32=1000, 160=1000, 31=1000, 4=1000, 9=1000, 8=1000, 19=1000, 17=1000, 179=1000, 18=1000, 178=1000, 177=1000, 15=1000, 176=1000, 16=1000, 13=1000, 14=1000, 11=1000, 12=1000, 170=1000, 21=1000, 20=1000, 171=1000, 174=1000, 175=1000, 172=1000, 173=1000, 188=1000, 187=1000, 189=1000, 180=1000, 181=1000, 10=1000, 182=1000, 183=1000, 184=1000, 185=1000, 186=1000, 116=1000, 117=1000, 79=1000, 114=1000, 78=1000, 77=1000, 115=1000, 112=1000, 113=1000, 110=1000, 111=1000, 118=1000, 119=1000, 82=1000, 83=1000, 80=1000, 81=1000, 86=1000, 87=1000, 84=1000, 85=1000, 67=1000, 125=1000, 126=1000, 66=1000, 69=1000, 127=1000, 128=1000, 68=1000, 121=1000, 122=1000, 123=1000, 124=1000, 129=1000, 70=1000, 71=1000, 120=1000, 72=1000, 73=1000, 74=1000, 75=1000, 76=1000, 134=1000, 135=1000, 132=1000, 59=1000, 133=1000, 58=1000, 138=1000, 139=1000, 57=1000, 136=1000, 56=1000, 137=1000, 55=1000, 64=1000, 65=1000, 62=1000, 63=1000, 131=1000, 60=1000, 130=1000, 61=1000, 49=1000, 143=1000, 48=1000, 144=1000, 145=1000, 146=1000, 147=1000, 45=1000, 148=1000, 44=1000, 149=1000, 47=1000, 46=1000, 51=1000, 52=1000, 53=1000, 54=1000, 140=1000, 142=1000, 141=1000, 50=1000, 109=1000, 108=1000, 107=1000, 106=1000, 105=1000, 104=1000, 103=1000, 99=1000, 102=1000, 101=1000, 100=1000, 98=1000, 97=1000, 96=1000, 95=1000, 94=1000, 93=1000, 92=1000, 91=1000, 90=1000, 88=1000, 89=1000, 195=1000, 194=1000, 197=1000, 196=1000, 191=1000, 190=1000, 193=1000, 192=1000, 198=1000, 199=1000}
Number of gene trees: 1000
0 trees have missing taxa
Calculating quartet distance matrix (for completion of X)
Species tree distances calculated ...
Building set of clusters (X) from gene trees 
Using tree-based weight calculation.
Number of Default Clusters: 26929
Number of quartet trees in the gene trees: 65998350000
calculating extra bipartitions to be added at level 1 ...
Number of Clusters after addition by distance: 26929
Adding to X using resolutions of greedy consensus ...
Threshold 0.0:
Threshold 0.01:
Threshold 0.02:
Threshold 0.05:
polytomy of size 3; rounds with additions with at least 0.01 support: 0; clusters: 26929
Threshold 0.1:
polytomy of size 3; rounds with additions with at least 0.01 support: 0; clusters: 26929
polytomy of size 5; rounds with additions with at least 0.01 support: 0; clusters: 26929
Threshold 0.2:
polytomy of size 3; rounds with additions with at least 0.01 support: 0; clusters: 26929
polytomy of size 4; rounds with additions with at least 0.01 support: 0; clusters: 26929
polytomy of size 4; rounds with additions with at least 0.01 support: 0; clusters: 26929
polytomy of size 4; rounds with additions with at least 0.01 support: 0; clusters: 26929
polytomy of size 7; rounds with additions with at least 0.01 support: 0; clusters: 26929
polytomy of size 4; rounds with additions with at least 0.01 support: 0; clusters: 26929
Threshold 0.3333333333333333:
polytomy of size 4; rounds with additions with at least 0.01 support: 0; clusters: 26929
polytomy of size 3; rounds with additions with at least 0.01 support: 0; clusters: 26929
polytomy of size 3; rounds with additions with at least 0.01 support: 0; clusters: 26929
polytomy of size 3; rounds with additions with at least 0.01 support: 0; clusters: 26929
polytomy of size 6; rounds with additions with at least 0.01 support: 0; clusters: 26929
polytomy of size 3; rounds with additions with at least 0.01 support: 0; clusters: 26929
polytomy of size 3; rounds with additions with at least 0.01 support: 0; clusters: 26929
polytomy of size 4; rounds with additions with at least 0.01 support: 0; clusters: 26929
polytomy of size 3; rounds with additions with at least 0.01 support: 0; clusters: 26929
polytomy of size 4; rounds with additions with at least 0.01 support: 0; clusters: 26929
polytomy of size 11; rounds with additions with at least 0.01 support: 0; clusters: 26937
polytomy of size 3; rounds with additions with at least 0.01 support: 0; clusters: 26937
Number of Clusters after addition by greedy: 26937
partitions formed in 16.69 secs
Dynamic Programming starting after 16.69 secs
Size of largest cluster: 201
Calculated 100000 weights; time (seconds): 605
Total Number of elements weighted: 118853
Normalized score (portion of input quartet trees satisfied): 0.8249013209724182
Final optimization score: 54442126097
Optimal tree inferred in 718.569 secs.
(11,(22,((147,28),((3,64),((154,(176,150)),(175,((121,(128,118)),(((130,139),(2,(169,136))),(42,(((198,(184,83)),(((47,111),(75,((43,31),(189,79)))),((82,107),(((36,71),(188,(63,180))),((15,(101,157)),(178,((170,114),(50,(125,20))))))))),(((18,((166,158),(108,(177,57)))),((68,(27,(80,(66,72)))),((116,38),(160,(104,(7,162)))))),(((25,62),((156,51),((186,58),(110,((119,95),(145,(40,77))))))),(((187,168),(67,(((149,16),(91,19)),((52,138),((190,185),(10,99)))))),((195,(70,(23,142))),((0,((30,182),(193,(21,172)))),(((174,(1,(55,87))),((86,98),(92,(152,(84,89))))),((((5,59),((41,(97,196)),(133,(76,(46,192))))),(((100,(167,(60,143))),((135,159),(44,(74,(4,(123,96)))))),(((56,(171,13)),((127,173),(191,29))),((129,37),((39,(134,153)),(88,(126,(6,165)))))))),(((78,105),(((148,(65,115)),((94,179),(17,(102,(9,(151,122)))))),((49,103),(199,((8,(164,26)),((73,155),(144,((124,120),(14,93))))))))),(197,(((34,33),(81,(24,132))),(((112,(163,(85,113))),((53,(48,69)),(161,(45,(109,(106,117)))))),((141,90),((54,(12,61)),(32,((181,(35,(183,137))),(146,(131,(140,(200,194)))))))))))))))))))))))))))));
Quartet score is: 54442126097
Normalized quartet score is: 0.8249013209724182
ASTRAL finished in 726.448 secs
