
================== ASTRAL ===================== 

This is ASTRAL version 4.10.8
Gene trees are treated as unrooted
990 trees read from model.200.500000.0.000001/37/estimatedgenetre.halfresolved
All outputted trees will be *arbitrarily* rooted at 174

======== Running the main analysis
Number of taxa: 201 (201 species)
Taxa: [174, 187, 26, 42, 121, 60, 173, 2, 156, 24, 90, 59, 25, 196, 141, 72, 53, 117, 167, 95, 124, 33, 110, 143, 181, 97, 149, 115, 65, 177, 178, 38, 197, 152, 129, 66, 85, 0, 166, 43, 71, 106, 165, 180, 81, 52, 17, 146, 198, 55, 100, 185, 39, 133, 77, 134, 108, 29, 61, 46, 13, 105, 28, 119, 21, 91, 63, 131, 47, 8, 159, 125, 54, 190, 164, 113, 120, 1, 153, 123, 107, 171, 150, 136, 94, 191, 162, 109, 128, 102, 87, 23, 75, 14, 18, 104, 64, 93, 170, 112, 31, 70, 78, 98, 79, 73, 74, 168, 99, 116, 182, 142, 32, 183, 175, 118, 192, 88, 169, 188, 126, 139, 44, 67, 122, 9, 84, 11, 144, 111, 89, 22, 160, 155, 19, 80, 176, 193, 96, 16, 86, 56, 163, 200, 35, 50, 140, 7, 49, 186, 92, 34, 127, 83, 48, 114, 41, 145, 189, 6, 51, 30, 45, 58, 69, 135, 27, 40, 194, 195, 3, 161, 37, 62, 154, 15, 4, 199, 184, 20, 172, 132, 36, 101, 137, 130, 82, 57, 148, 76, 68, 12, 158, 179, 138, 10, 103, 5, 157, 147, 151]
Taxon occupancy: {35=990, 36=990, 159=990, 33=990, 158=990, 34=990, 157=990, 39=990, 156=990, 155=990, 37=990, 38=990, 154=990, 152=990, 153=990, 150=990, 151=990, 43=990, 42=990, 41=990, 40=990, 200=990, 22=990, 23=990, 169=990, 24=990, 25=990, 26=990, 166=990, 165=990, 27=990, 28=990, 168=990, 29=990, 167=990, 3=990, 161=990, 162=990, 2=990, 1=990, 163=990, 164=990, 0=990, 7=990, 30=990, 6=990, 5=990, 32=990, 31=990, 160=990, 4=990, 9=990, 8=990, 19=990, 179=990, 17=990, 18=990, 178=990, 177=990, 15=990, 176=990, 16=990, 13=990, 14=990, 11=990, 12=990, 21=990, 170=990, 171=990, 20=990, 174=990, 175=990, 172=990, 173=990, 188=990, 187=990, 189=990, 180=990, 10=990, 181=990, 182=990, 183=990, 184=990, 185=990, 186=990, 116=990, 117=990, 79=990, 78=990, 114=990, 77=990, 115=990, 112=990, 113=990, 110=990, 111=990, 118=990, 119=990, 82=990, 83=990, 80=990, 81=990, 86=990, 87=990, 84=990, 85=990, 125=990, 67=990, 66=990, 126=990, 127=990, 69=990, 128=990, 68=990, 121=990, 122=990, 123=990, 124=990, 129=990, 70=990, 120=990, 71=990, 72=990, 73=990, 74=990, 75=990, 76=990, 134=990, 135=990, 132=990, 133=990, 59=990, 138=990, 58=990, 139=990, 57=990, 136=990, 56=990, 55=990, 137=990, 64=990, 65=990, 62=990, 63=990, 131=990, 60=990, 61=990, 130=990, 143=990, 49=990, 144=990, 48=990, 145=990, 146=990, 147=990, 45=990, 44=990, 148=990, 47=990, 149=990, 46=990, 51=990, 52=990, 53=990, 54=990, 140=990, 142=990, 141=990, 50=990, 109=990, 108=990, 107=990, 106=990, 105=990, 104=990, 103=990, 102=990, 99=990, 101=990, 100=990, 98=990, 97=990, 96=990, 95=990, 94=990, 93=990, 92=990, 91=990, 90=990, 88=990, 89=990, 195=990, 194=990, 197=990, 196=990, 191=990, 190=990, 193=990, 192=990, 198=990, 199=990}
Number of gene trees: 990
0 trees have missing taxa
Calculating quartet distance matrix (for completion of X)
Species tree distances calculated ...
Building set of clusters (X) from gene trees 
Using tree-based weight calculation.
Number of Default Clusters: 163819
Number of quartet trees in the gene trees: 65288410458
calculating extra bipartitions to be added at level 1 ...
Number of Clusters after addition by distance: 163851
Adding to X using resolutions of greedy consensus ...
Threshold 0.0:
polytomy of size 16; rounds with additions with at least 0.01 support: 17; clusters: 166077
Threshold 0.01:
polytomy of size 27; rounds with additions with at least 0.01 support: 6; clusters: 174169
Threshold 0.02:
polytomy of size 38; rounds with additions with at least 0.01 support: 1; clusters: 190725
Threshold 0.05:
polytomy of size 46; rounds with additions with at least 0.01 support: 1; clusters: 190991
Threshold 0.1:
polytomy of size 3; rounds with additions with at least 0.01 support: 0; clusters: 190991
polytomy of size 61; rounds with additions with at least 0.01 support: 1; clusters: 191211
Threshold 0.2:
polytomy of size 5; rounds with additions with at least 0.01 support: 0; clusters: 191211
polytomy of size 3; rounds with additions with at least 0.01 support: 0; clusters: 191211
polytomy of size 3; rounds with additions with at least 0.01 support: 0; clusters: 191211
polytomy of size 4; rounds with additions with at least 0.01 support: 0; clusters: 191211
polytomy of size 3; rounds with additions with at least 0.01 support: 0; clusters: 191211
polytomy of size 3; rounds with additions with at least 0.01 support: 0; clusters: 191211
polytomy of size 3; rounds with additions with at least 0.01 support: 0; clusters: 191211
polytomy of size 3; rounds with additions with at least 0.01 support: 0; clusters: 191211
polytomy of size 75; rounds with additions with at least 0.01 support: 0; clusters: 191461
Threshold 0.3333333333333333:
polytomy of size 3; rounds with additions with at least 0.01 support: 0; clusters: 191461
polytomy of size 7; rounds with additions with at least 0.01 support: 0; clusters: 191461
polytomy of size 6; rounds with additions with at least 0.01 support: 0; clusters: 191461
polytomy of size 3; rounds with additions with at least 0.01 support: 0; clusters: 191461
polytomy of size 5; rounds with additions with at least 0.01 support: 0; clusters: 191461
Number of Clusters after addition by greedy: 191461
partitions formed in 117.715 secs
Dynamic Programming starting after 117.715 secs
Size of largest cluster: 201
Size of largest cluster: 201
Calculated 100000 weights; time (seconds): 143
Calculated 200000 weights; time (seconds): 30
Calculated 300000 weights; time (seconds): 71
Total Number of elements weighted: 355281
Normalized score (portion of input quartet trees satisfied): NaN
Final optimization score: 0
Total Number of elements weighted: 355281
Normalized score (portion of input quartet trees satisfied): 0.4432799102777629
Final optimization score: 28941040730
Optimal tree inferred in 287.858 secs.
(174,(((83,48),((140,7),(49,(186,(92,(34,127)))))),((145,(189,6)),((114,41),((((45,151),((79,(98,73)),(51,((35,50),((86,56),(163,200)))))),(((90,16),(193,(176,(24,96)))),((121,(60,173)),((122,9),(196,(2,156)))))),(167,((95,66),((((93,170),((112,31),(78,(64,70)))),((195,(139,44)),((175,3),(74,(168,27))))),(((((25,130),(141,(117,67))),((152,129),(15,(199,(161,((62,4),(37,154))))))),((123,107),((0,((166,(43,71)),(81,((106,(165,180)),(17,(52,146)))))),((59,((171,(150,(136,94))),((33,(110,143)),(149,(115,(181,97)))))),(85,((128,(102,87)),((53,(72,(23,(162,109)))),((14,104),(18,(191,75)))))))))),((((198,55),(185,39)),(157,(147,(30,(69,135))))),((((82,(57,148)),((194,(40,138)),(10,(158,(12,179))))),(((134,108),((133,77),(160,(80,(155,19))))),(((32,22),(153,183)),(142,(164,(190,(120,(113,1)))))))),(((103,((116,182),(99,5))),(89,((84,144),(11,111)))),((54,((187,(26,42)),(124,(29,(61,46))))),(((58,((100,(21,91)),(119,(13,(105,28))))),(159,(125,((47,8),(68,(63,(131,76))))))),((65,((177,178),(38,197))),(((88,(118,192)),(169,(188,126))),((132,(20,172)),(36,(184,(101,137))))))))))))))))))));
Quartet score is: 28941040730
Normalized quartet score is: 0.4432799102777629
ASTRAL finished in 300.222 secs
