
================== ASTRAL ===================== 

This is ASTRAL version 4.10.10
Gene trees are treated as unrooted
1000 trees read from ASTRALDATA/model.200.2000000.0.0000001/11/estimatedgenetre.halfresolved
All output trees will be *arbitrarily* rooted at 47

======== Running the main analysis
Number of taxa: 201 (201 species)
Taxa: [47, 142, 173, 134, 21, 29, 189, 62, 200, 186, 153, 131, 138, 86, 164, 169, 22, 60, 53, 175, 111, 4, 8, 44, 116, 30, 73, 187, 38, 50, 55, 137, 70, 18, 41, 120, 176, 182, 184, 147, 79, 146, 145, 150, 46, 141, 98, 94, 154, 95, 191, 133, 119, 39, 99, 67, 129, 6, 181, 92, 34, 103, 166, 143, 125, 87, 28, 190, 1, 177, 15, 172, 17, 194, 185, 123, 140, 72, 148, 149, 195, 32, 16, 74, 196, 127, 115, 59, 12, 188, 106, 65, 71, 19, 83, 180, 85, 93, 52, 110, 24, 136, 101, 193, 104, 165, 78, 161, 163, 132, 139, 157, 114, 90, 35, 128, 68, 69, 91, 112, 42, 97, 58, 109, 3, 80, 2, 151, 7, 192, 13, 96, 135, 130, 105, 124, 100, 160, 167, 45, 27, 117, 162, 126, 33, 174, 9, 26, 57, 158, 171, 14, 113, 66, 77, 144, 88, 107, 81, 36, 61, 48, 168, 49, 82, 152, 102, 197, 10, 0, 178, 122, 20, 11, 170, 40, 63, 25, 89, 37, 159, 51, 156, 75, 23, 64, 121, 56, 5, 43, 198, 76, 179, 183, 84, 54, 31, 108, 118, 199, 155]
Taxon occupancy: {35=1000, 36=1000, 33=1000, 159=1000, 34=1000, 158=1000, 39=1000, 157=1000, 156=1000, 155=1000, 37=1000, 154=1000, 38=1000, 152=1000, 153=1000, 150=1000, 151=1000, 43=1000, 42=1000, 41=1000, 40=1000, 200=1000, 22=1000, 169=1000, 23=1000, 24=1000, 25=1000, 166=1000, 26=1000, 165=1000, 27=1000, 28=1000, 168=1000, 29=1000, 167=1000, 161=1000, 3=1000, 2=1000, 162=1000, 1=1000, 163=1000, 164=1000, 0=1000, 30=1000, 7=1000, 6=1000, 32=1000, 5=1000, 31=1000, 4=1000, 160=1000, 9=1000, 8=1000, 19=1000, 179=1000, 17=1000, 18=1000, 178=1000, 15=1000, 177=1000, 16=1000, 176=1000, 13=1000, 14=1000, 11=1000, 12=1000, 21=1000, 170=1000, 171=1000, 20=1000, 174=1000, 175=1000, 172=1000, 173=1000, 188=1000, 187=1000, 189=1000, 180=1000, 181=1000, 10=1000, 182=1000, 183=1000, 184=1000, 185=1000, 186=1000, 116=1000, 79=1000, 117=1000, 78=1000, 114=1000, 115=1000, 77=1000, 112=1000, 113=1000, 110=1000, 111=1000, 118=1000, 119=1000, 82=1000, 83=1000, 80=1000, 81=1000, 86=1000, 87=1000, 84=1000, 85=1000, 125=1000, 67=1000, 126=1000, 66=1000, 127=1000, 69=1000, 128=1000, 68=1000, 121=1000, 122=1000, 123=1000, 124=1000, 129=1000, 70=1000, 71=1000, 120=1000, 72=1000, 73=1000, 74=1000, 75=1000, 76=1000, 134=1000, 135=1000, 132=1000, 59=1000, 133=1000, 138=1000, 58=1000, 139=1000, 57=1000, 136=1000, 56=1000, 55=1000, 137=1000, 64=1000, 65=1000, 62=1000, 63=1000, 60=1000, 131=1000, 130=1000, 61=1000, 143=1000, 49=1000, 144=1000, 48=1000, 145=1000, 146=1000, 147=1000, 45=1000, 148=1000, 44=1000, 149=1000, 47=1000, 46=1000, 51=1000, 52=1000, 53=1000, 54=1000, 140=1000, 142=1000, 50=1000, 141=1000, 109=1000, 108=1000, 107=1000, 106=1000, 105=1000, 104=1000, 103=1000, 99=1000, 102=1000, 101=1000, 100=1000, 98=1000, 97=1000, 96=1000, 95=1000, 94=1000, 93=1000, 92=1000, 91=1000, 90=1000, 88=1000, 89=1000, 195=1000, 194=1000, 197=1000, 196=1000, 191=1000, 190=1000, 193=1000, 192=1000, 198=1000, 199=1000}
Number of gene trees: 1000
0 trees have missing taxa
Calculating quartet distance matrix (for completion of X)
Species tree distances calculated ...
Building set of clusters (X) from gene trees 
Using tree-based weight calculation.
Number of Default Clusters: 62363
Number of quartet trees in the gene trees: 65998343514
calculating extra bipartitions to be added at level 1 ...
Number of Clusters after addition by distance: 62369
Adding to X using resolutions of greedy consensus ...
Threshold 0.0:
Threshold 0.01:
polytomy of size 5; rounds with additions with at least 0.01 support: 0; clusters: 62391
Threshold 0.02:
polytomy of size 3; rounds with additions with at least 0.01 support: 0; clusters: 62391
polytomy of size 9; rounds with additions with at least 0.01 support: 4; clusters: 62457
Threshold 0.05:
polytomy of size 3; rounds with additions with at least 0.01 support: 0; clusters: 62457
polytomy of size 16; rounds with additions with at least 0.01 support: 0; clusters: 62471
Threshold 0.1:
polytomy of size 3; rounds with additions with at least 0.01 support: 0; clusters: 62471
polytomy of size 6; rounds with additions with at least 0.01 support: 0; clusters: 62471
polytomy of size 19; rounds with additions with at least 0.01 support: 0; clusters: 62475
Threshold 0.2:
polytomy of size 3; rounds with additions with at least 0.01 support: 0; clusters: 62475
polytomy of size 4; rounds with additions with at least 0.01 support: 0; clusters: 62475
polytomy of size 7; rounds with additions with at least 0.01 support: 0; clusters: 62475
polytomy of size 29; rounds with additions with at least 0.01 support: 0; clusters: 62475
Threshold 0.3333333333333333:
polytomy of size 3; rounds with additions with at least 0.01 support: 0; clusters: 62475
polytomy of size 3; rounds with additions with at least 0.01 support: 0; clusters: 62475
polytomy of size 4; rounds with additions with at least 0.01 support: 0; clusters: 62475
polytomy of size 3; rounds with additions with at least 0.01 support: 0; clusters: 62475
polytomy of size 3; rounds with additions with at least 0.01 support: 0; clusters: 62475
polytomy of size 4; rounds with additions with at least 0.01 support: 0; clusters: 62475
polytomy of size 3; rounds with additions with at least 0.01 support: 0; clusters: 62475
polytomy of size 4; rounds with additions with at least 0.01 support: 0; clusters: 62475
polytomy of size 3; rounds with additions with at least 0.01 support: 0; clusters: 62475
polytomy of size 6; rounds with additions with at least 0.01 support: 0; clusters: 62475
polytomy of size 44; rounds with additions with at least 0.01 support: 0; clusters: 64341
Number of Clusters after addition by greedy: 64341
partitions formed in 35.582 secs
Dynamic Programming starting after 35.582 secs
Size of largest cluster: 201
Calculated 100000 weights; time (seconds): 640
Calculated 200000 weights; time (seconds): 621
Total Number of elements weighted: 219319
Normalized score (portion of input quartet trees satisfied): 0.6677535679914671
Final optimization score: 44070629363
Optimal tree inferred in 1386.731 secs.
(83,(19,(71,(180,((106,65),((85,93),(52,((((189,62),(177,((15,17),(172,194)))),((186,(131,(200,153))),(127,(12,(188,(115,59)))))),((1,((109,(((74,196),(32,16)),((7,(151,192)),(3,(80,2))))),(190,(((163,132),(165,(78,161))),((((154,95),(191,(133,119))),((110,104),(193,(24,(136,101))))),(((99,67),((39,(129,6)),(181,(92,34)))),((150,((98,94),(46,141))),(103,((166,143),(125,(87,28))))))))))),((41,120),((47,(142,(173,(29,(134,21))))),(((195,(148,149)),((178,122),((51,(156,75)),((((84,(54,31)),((108,118),((179,183),(199,155)))),((50,55),((23,64),(76,((43,198),(5,(121,56))))))),(38,((60,53),((20,(4,(8,(73,(187,(44,(116,30))))))),((11,(89,(37,159))),((40,63),(170,(175,(111,25)))))))))))),((138,86),((140,(72,(185,123))),(((164,(169,22)),((176,182),(184,((147,79),(146,145))))),(0,((((88,107),(66,(77,144))),((81,(36,(61,48))),((168,49),((197,10),(82,(152,102)))))),(((171,(14,113)),(13,(96,(135,130)))),((137,((70,18),((112,(91,(69,(139,157)))),((58,(42,97)),((128,68),(114,(90,35))))))),((105,162),(((27,117),(26,(57,158))),((126,(33,(174,9))),((167,45),(124,(100,160)))))))))))))))))))))))));
Quartet score is: 44070629363
Normalized quartet score is: 0.6677535679914671
ASTRAL finished in 1394.604 secs
