
================== ASTRAL ===================== 

This is ASTRAL version 4.10.8
Gene trees are treated as unrooted
384 trees read from model.100.2000000.0.000001/08/estimatedgenetre.halfresolved
All outputted trees will be *arbitrarily* rooted at 89

======== Running the main analysis
Number of taxa: 101 (101 species)
Taxa: [89, 42, 67, 65, 38, 37, 81, 59, 0, 86, 88, 49, 25, 77, 98, 46, 87, 20, 62, 84, 45, 16, 17, 2, 23, 68, 97, 32, 79, 74, 63, 14, 47, 73, 12, 40, 58, 90, 71, 91, 61, 76, 53, 52, 7, 44, 30, 19, 28, 80, 48, 22, 83, 95, 66, 72, 29, 56, 39, 1, 82, 64, 35, 24, 6, 5, 26, 99, 93, 92, 55, 75, 94, 31, 13, 21, 15, 51, 50, 70, 10, 18, 41, 36, 57, 27, 69, 11, 78, 54, 43, 100, 34, 96, 8, 33, 4, 3, 9, 85, 60]
Taxon occupancy: {35=384, 36=384, 33=384, 34=384, 39=384, 37=384, 38=384, 43=384, 42=384, 41=384, 40=384, 22=384, 23=384, 24=384, 25=384, 26=384, 27=384, 28=384, 29=384, 3=384, 2=384, 1=384, 0=384, 30=384, 7=384, 6=384, 32=384, 5=384, 4=384, 31=384, 9=384, 8=384, 19=384, 17=384, 18=384, 15=384, 16=384, 13=384, 14=384, 11=384, 12=384, 21=384, 20=384, 99=384, 100=384, 98=384, 97=384, 96=384, 95=384, 94=384, 93=384, 92=384, 91=384, 90=384, 10=384, 88=384, 89=384, 79=384, 78=384, 77=384, 82=384, 83=384, 80=384, 81=384, 86=384, 87=384, 84=384, 85=384, 67=384, 66=384, 69=384, 68=384, 70=384, 71=384, 72=384, 73=384, 74=384, 75=384, 76=384, 59=384, 58=384, 57=384, 56=384, 55=384, 64=384, 65=384, 62=384, 63=384, 60=384, 61=384, 49=384, 48=384, 45=384, 44=384, 47=384, 46=384, 51=384, 52=384, 53=384, 54=384, 50=384}
Number of gene trees: 384
0 trees have missing taxa
Calculating quartet distance matrix (for completion of X)
Species tree distances calculated ...
Building set of clusters (X) from gene trees 
Using tree-based weight calculation.
Number of Default Clusters: 25589
Number of quartet trees in the gene trees: 1547148884
calculating extra bipartitions to be added at level 1 ...
Number of Clusters after addition by distance: 25589
Adding to X using resolutions of greedy consensus ...
Threshold 0.0:
Threshold 0.01:
Threshold 0.02:
polytomy of size 3; rounds with additions with at least 0.01 support: 0; clusters: 25589
Threshold 0.05:
polytomy of size 3; rounds with additions with at least 0.01 support: 0; clusters: 25589
polytomy of size 6; rounds with additions with at least 0.01 support: 0; clusters: 25589
polytomy of size 4; rounds with additions with at least 0.01 support: 0; clusters: 25589
Threshold 0.1:
polytomy of size 4; rounds with additions with at least 0.01 support: 0; clusters: 25589
polytomy of size 3; rounds with additions with at least 0.01 support: 0; clusters: 25589
polytomy of size 3; rounds with additions with at least 0.01 support: 0; clusters: 25589
polytomy of size 3; rounds with additions with at least 0.01 support: 0; clusters: 25589
polytomy of size 4; rounds with additions with at least 0.01 support: 0; clusters: 25589
polytomy of size 4; rounds with additions with at least 0.01 support: 0; clusters: 25589
polytomy of size 4; rounds with additions with at least 0.01 support: 0; clusters: 25589
polytomy of size 8; rounds with additions with at least 0.01 support: 0; clusters: 25591
polytomy of size 4; rounds with additions with at least 0.01 support: 0; clusters: 25591
polytomy of size 3; rounds with additions with at least 0.01 support: 0; clusters: 25591
polytomy of size 5; rounds with additions with at least 0.01 support: 0; clusters: 25591
Threshold 0.2:
polytomy of size 5; rounds with additions with at least 0.01 support: 0; clusters: 25591
polytomy of size 3; rounds with additions with at least 0.01 support: 0; clusters: 25591
polytomy of size 3; rounds with additions with at least 0.01 support: 0; clusters: 25591
polytomy of size 3; rounds with additions with at least 0.01 support: 0; clusters: 25591
polytomy of size 7; rounds with additions with at least 0.01 support: 0; clusters: 25591
polytomy of size 7; rounds with additions with at least 0.01 support: 0; clusters: 25591
polytomy of size 3; rounds with additions with at least 0.01 support: 0; clusters: 25591
polytomy of size 4; rounds with additions with at least 0.01 support: 0; clusters: 25591
polytomy of size 6; rounds with additions with at least 0.01 support: 0; clusters: 25591
polytomy of size 5; rounds with additions with at least 0.01 support: 0; clusters: 25591
polytomy of size 26; rounds with additions with at least 0.01 support: 0; clusters: 25591
Threshold 0.3333333333333333:
polytomy of size 3; rounds with additions with at least 0.01 support: 0; clusters: 25591
polytomy of size 8; rounds with additions with at least 0.01 support: 0; clusters: 25607
polytomy of size 4; rounds with additions with at least 0.01 support: 0; clusters: 25607
polytomy of size 3; rounds with additions with at least 0.01 support: 0; clusters: 25607
polytomy of size 6; rounds with additions with at least 0.01 support: 0; clusters: 25607
polytomy of size 54; rounds with additions with at least 0.01 support: 0; clusters: 37233
Number of Clusters after addition by greedy: 37233
partitions formed in 10.43 secs
Dynamic Programming starting after 10.43 secs
Size of largest cluster: 101
Size of largest cluster: 101
Total Number of elements weighted: 101979
Normalized score (portion of input quartet trees satisfied): NaN
Final optimization score: 0
Calculated 100000 weights; time (seconds): 20
Total Number of elements weighted: 101979
Normalized score (portion of input quartet trees satisfied): 0.6413317078022078
Final optimization score: 992235636
Optimal tree inferred in 21.382 secs.
(89,(42,(3,((74,63),(((62,(46,(87,20))),((14,(21,((93,92),((75,94),(13,(55,31)))))),((1,82),((9,85),((81,15),(59,((67,37),(65,38)))))))),(((0,((39,60),((27,(69,11)),((18,(41,(36,57))),(50,(10,(51,70))))))),(((16,17),((2,23),((97,32),(68,79)))),(98,(25,((84,(86,77)),(88,(49,45))))))),((78,54),(((47,73),(100,(12,40))),(((96,(4,(99,33))),(8,((56,34),(6,(24,(64,35)))))),((43,((90,(5,26)),((48,(66,29)),(58,(71,(91,61)))))),((53,22),((76,((80,83),(28,72))),(95,((44,30),(52,(7,19))))))))))))))));
Quartet score is: 992235636
Normalized quartet score is: 0.6413317078022078
ASTRAL finished in 24.232 secs
