
================== ASTRAL ===================== 

This is ASTRAL version 4.10.10
Gene trees are treated as unrooted
1000 trees read from ASTRALDATA/model.200.10000000.0.000001/31/estimatedgenetre.halfresolved
All output trees will be *arbitrarily* rooted at 127

======== Running the main analysis
Number of taxa: 201 (201 species)
Taxa: [127, 110, 126, 59, 41, 146, 182, 103, 32, 181, 156, 116, 81, 3, 40, 155, 47, 100, 185, 136, 102, 118, 197, 66, 196, 21, 174, 112, 71, 168, 76, 82, 46, 64, 75, 151, 52, 77, 140, 36, 129, 9, 96, 165, 153, 111, 172, 56, 27, 183, 7, 24, 109, 85, 38, 87, 53, 192, 20, 65, 199, 43, 115, 139, 2, 125, 80, 89, 10, 194, 157, 16, 78, 93, 190, 159, 23, 132, 37, 45, 6, 73, 107, 147, 113, 166, 134, 193, 178, 58, 175, 130, 117, 12, 108, 138, 51, 63, 30, 200, 144, 22, 143, 90, 17, 177, 42, 68, 61, 167, 62, 15, 162, 74, 50, 189, 88, 133, 84, 57, 44, 119, 1, 67, 114, 72, 31, 135, 169, 33, 145, 26, 99, 94, 124, 55, 13, 29, 149, 86, 60, 35, 186, 4, 11, 179, 128, 171, 160, 106, 141, 188, 83, 0, 101, 173, 48, 137, 198, 69, 92, 150, 191, 163, 154, 131, 34, 164, 25, 122, 104, 184, 14, 142, 18, 95, 148, 161, 19, 105, 39, 5, 180, 176, 120, 121, 54, 170, 70, 49, 79, 123, 28, 98, 8, 152, 97, 187, 91, 195, 158]
Taxon occupancy: {35=1000, 36=1000, 159=1000, 33=1000, 158=1000, 34=1000, 157=1000, 39=1000, 156=1000, 37=1000, 155=1000, 38=1000, 154=1000, 152=1000, 153=1000, 150=1000, 151=1000, 43=1000, 42=1000, 41=1000, 40=1000, 200=1000, 22=1000, 23=1000, 169=1000, 24=1000, 25=1000, 166=1000, 26=1000, 27=1000, 165=1000, 28=1000, 168=1000, 167=1000, 29=1000, 3=1000, 161=1000, 2=1000, 162=1000, 1=1000, 163=1000, 0=1000, 164=1000, 7=1000, 30=1000, 6=1000, 32=1000, 5=1000, 31=1000, 4=1000, 160=1000, 9=1000, 8=1000, 19=1000, 17=1000, 179=1000, 178=1000, 18=1000, 177=1000, 15=1000, 16=1000, 176=1000, 13=1000, 14=1000, 11=1000, 12=1000, 21=1000, 170=1000, 20=1000, 171=1000, 174=1000, 175=1000, 172=1000, 173=1000, 188=1000, 187=1000, 189=1000, 180=1000, 10=1000, 181=1000, 182=1000, 183=1000, 184=1000, 185=1000, 186=1000, 116=1000, 117=1000, 79=1000, 78=1000, 114=1000, 115=1000, 77=1000, 112=1000, 113=1000, 110=1000, 111=1000, 118=1000, 119=1000, 82=1000, 83=1000, 80=1000, 81=1000, 86=1000, 87=1000, 84=1000, 85=1000, 125=1000, 67=1000, 66=1000, 126=1000, 127=1000, 69=1000, 68=1000, 128=1000, 121=1000, 122=1000, 123=1000, 124=1000, 129=1000, 70=1000, 71=1000, 120=1000, 72=1000, 73=1000, 74=1000, 75=1000, 76=1000, 134=1000, 135=1000, 132=1000, 59=1000, 133=1000, 138=1000, 58=1000, 139=1000, 57=1000, 136=1000, 56=1000, 55=1000, 137=1000, 64=1000, 65=1000, 62=1000, 63=1000, 60=1000, 131=1000, 130=1000, 61=1000, 143=1000, 49=1000, 144=1000, 48=1000, 145=1000, 146=1000, 147=1000, 45=1000, 44=1000, 148=1000, 47=1000, 149=1000, 46=1000, 51=1000, 52=1000, 53=1000, 54=1000, 140=1000, 142=1000, 50=1000, 141=1000, 109=1000, 108=1000, 107=1000, 106=1000, 105=1000, 104=1000, 103=1000, 102=1000, 99=1000, 101=1000, 100=1000, 98=1000, 97=1000, 96=1000, 95=1000, 94=1000, 93=1000, 92=1000, 91=1000, 90=1000, 88=1000, 89=1000, 195=1000, 194=1000, 197=1000, 196=1000, 191=1000, 190=1000, 193=1000, 192=1000, 198=1000, 199=1000}
Number of gene trees: 1000
0 trees have missing taxa
Calculating quartet distance matrix (for completion of X)
Species tree distances calculated ...
Building set of clusters (X) from gene trees 
Using tree-based weight calculation.
Number of Default Clusters: 12883
Number of quartet trees in the gene trees: 65998304202
calculating extra bipartitions to be added at level 1 ...
Number of Clusters after addition by distance: 12883
Adding to X using resolutions of greedy consensus ...
Threshold 0.0:
Threshold 0.01:
Threshold 0.02:
Threshold 0.05:
Threshold 0.1:
polytomy of size 3; rounds with additions with at least 0.01 support: 0; clusters: 12883
Threshold 0.2:
polytomy of size 3; rounds with additions with at least 0.01 support: 0; clusters: 12883
polytomy of size 3; rounds with additions with at least 0.01 support: 0; clusters: 12883
polytomy of size 4; rounds with additions with at least 0.01 support: 0; clusters: 12883
Threshold 0.3333333333333333:
polytomy of size 3; rounds with additions with at least 0.01 support: 0; clusters: 12883
polytomy of size 5; rounds with additions with at least 0.01 support: 0; clusters: 12883
polytomy of size 3; rounds with additions with at least 0.01 support: 0; clusters: 12883
polytomy of size 3; rounds with additions with at least 0.01 support: 0; clusters: 12883
polytomy of size 3; rounds with additions with at least 0.01 support: 0; clusters: 12883
polytomy of size 4; rounds with additions with at least 0.01 support: 0; clusters: 12883
polytomy of size 5; rounds with additions with at least 0.01 support: 0; clusters: 12883
polytomy of size 3; rounds with additions with at least 0.01 support: 0; clusters: 12883
polytomy of size 5; rounds with additions with at least 0.01 support: 0; clusters: 12883
polytomy of size 4; rounds with additions with at least 0.01 support: 0; clusters: 12883
Number of Clusters after addition by greedy: 12883
partitions formed in 11.253 secs
Dynamic Programming starting after 11.253 secs
Size of largest cluster: 201
Total Number of elements weighted: 55038
Normalized score (portion of input quartet trees satisfied): 0.9406170699628184
Final optimization score: 62079131521
Optimal tree inferred in 336.793 secs.
(108,(12,((((27,(56,183)),(46,((64,(75,(21,(174,((112,76),(71,(168,82))))))),((172,(151,52)),(111,((77,140),((36,(165,153)),(129,(9,96))))))))),(((6,(130,117)),((73,(107,(147,(113,166)))),((58,175),(134,(193,178))))),(((24,(7,(109,85))),(139,((38,(20,65)),(192,((87,53),(199,(43,115))))))),((2,(125,80)),((93,(89,(194,(10,157)))),((16,(23,132)),((190,159),(78,(37,45))))))))),((83,(101,(173,48))),((((72,(31,135)),((169,(33,(145,26))),((149,(124,((11,179),(128,(188,(141,(171,(160,106)))))))),(((86,60),(99,94)),((29,(55,13)),(186,(35,4))))))),(((63,30),(138,51)),((114,((144,22),(200,(143,90)))),(((68,61),(167,(62,15))),((17,(177,42)),((1,67),((162,(74,50)),(189,((84,57),((133,44),(88,119))))))))))),(0,(((152,(97,(187,(91,195)))),((70,((49,79),(123,(28,(98,8))))),((120,(121,(176,(54,170)))),((103,(32,181)),((40,(47,(155,100))),((156,116),(81,3))))))),((180,((182,158),((136,102),(197,(185,118))))),((110,((127,126),(41,(59,146)))),((66,196),(((105,39),((161,19),(148,5))),(((104,184),(137,(198,69))),((14,(142,(18,95))),((92,(25,122)),((150,191),(163,((154,34),(131,164))))))))))))))))));
Quartet score is: 62079131521
Normalized quartet score is: 0.9406170699628184
ASTRAL finished in 344.948 secs
