
================== ASTRAL ===================== 

This is ASTRAL version 4.10.8
Gene trees are treated as unrooted
1000 trees read from model.200.10000000.0.000001/18/estimatedgenetre.halfresolved
All outputted trees will be *arbitrarily* rooted at 26

======== Running the main analysis
Number of taxa: 201 (201 species)
Taxa: [26, 155, 166, 191, 138, 154, 71, 115, 139, 22, 17, 144, 119, 187, 98, 146, 121, 180, 152, 1, 69, 110, 93, 177, 164, 86, 157, 91, 158, 39, 32, 50, 112, 160, 3, 56, 190, 27, 107, 37, 194, 16, 28, 163, 8, 53, 7, 43, 65, 197, 13, 102, 96, 72, 181, 198, 162, 161, 46, 134, 130, 38, 35, 186, 83, 95, 142, 41, 103, 136, 120, 70, 151, 0, 168, 63, 111, 30, 126, 90, 99, 18, 5, 132, 172, 105, 48, 10, 131, 143, 19, 141, 12, 9, 68, 80, 6, 183, 193, 128, 195, 184, 73, 88, 147, 54, 118, 42, 167, 45, 149, 24, 165, 60, 15, 123, 117, 94, 125, 188, 196, 51, 104, 57, 81, 199, 148, 122, 106, 62, 77, 185, 137, 189, 49, 29, 170, 47, 79, 101, 52, 192, 133, 150, 61, 78, 14, 124, 153, 58, 176, 156, 100, 31, 145, 113, 175, 179, 2, 40, 21, 127, 129, 76, 116, 75, 109, 23, 74, 25, 182, 11, 89, 171, 140, 87, 67, 108, 114, 34, 4, 82, 84, 36, 64, 97, 20, 92, 178, 135, 200, 59, 33, 173, 44, 169, 174, 85, 159, 66, 55]
Taxon occupancy: {35=1000, 36=1000, 159=1000, 33=1000, 158=1000, 34=1000, 157=1000, 39=1000, 156=1000, 155=1000, 37=1000, 38=1000, 154=1000, 152=1000, 153=1000, 150=1000, 151=1000, 43=1000, 42=1000, 41=1000, 40=1000, 200=1000, 22=1000, 169=1000, 23=1000, 24=1000, 25=1000, 26=1000, 166=1000, 27=1000, 165=1000, 168=1000, 28=1000, 167=1000, 29=1000, 161=1000, 3=1000, 162=1000, 2=1000, 1=1000, 163=1000, 0=1000, 164=1000, 30=1000, 7=1000, 6=1000, 5=1000, 32=1000, 160=1000, 31=1000, 4=1000, 9=1000, 8=1000, 19=1000, 17=1000, 179=1000, 18=1000, 178=1000, 177=1000, 15=1000, 16=1000, 176=1000, 13=1000, 14=1000, 11=1000, 12=1000, 170=1000, 21=1000, 171=1000, 20=1000, 174=1000, 175=1000, 172=1000, 173=1000, 188=1000, 187=1000, 189=1000, 180=1000, 10=1000, 181=1000, 182=1000, 183=1000, 184=1000, 185=1000, 186=1000, 116=1000, 117=1000, 79=1000, 78=1000, 114=1000, 115=1000, 77=1000, 112=1000, 113=1000, 110=1000, 111=1000, 118=1000, 119=1000, 82=1000, 83=1000, 80=1000, 81=1000, 86=1000, 87=1000, 84=1000, 85=1000, 125=1000, 67=1000, 66=1000, 126=1000, 69=1000, 127=1000, 68=1000, 128=1000, 121=1000, 122=1000, 123=1000, 124=1000, 129=1000, 70=1000, 120=1000, 71=1000, 72=1000, 73=1000, 74=1000, 75=1000, 76=1000, 134=1000, 135=1000, 132=1000, 133=1000, 59=1000, 138=1000, 58=1000, 139=1000, 57=1000, 136=1000, 56=1000, 55=1000, 137=1000, 64=1000, 65=1000, 62=1000, 63=1000, 131=1000, 60=1000, 130=1000, 61=1000, 143=1000, 49=1000, 48=1000, 144=1000, 145=1000, 146=1000, 147=1000, 45=1000, 44=1000, 148=1000, 149=1000, 47=1000, 46=1000, 51=1000, 52=1000, 53=1000, 54=1000, 140=1000, 142=1000, 141=1000, 50=1000, 109=1000, 108=1000, 107=1000, 106=1000, 105=1000, 104=1000, 103=1000, 99=1000, 102=1000, 101=1000, 100=1000, 98=1000, 97=1000, 96=1000, 95=1000, 94=1000, 93=1000, 92=1000, 91=1000, 90=1000, 88=1000, 89=1000, 195=1000, 194=1000, 197=1000, 196=1000, 191=1000, 190=1000, 193=1000, 192=1000, 198=1000, 199=1000}
Number of gene trees: 1000
0 trees have missing taxa
Calculating quartet distance matrix (for completion of X)
Species tree distances calculated ...
Building set of clusters (X) from gene trees 
Using tree-based weight calculation.
Number of Default Clusters: 13685
Number of quartet trees in the gene trees: 65998341135
calculating extra bipartitions to be added at level 1 ...
Number of Clusters after addition by distance: 13685
Adding to X using resolutions of greedy consensus ...
Threshold 0.0:
Threshold 0.01:
Threshold 0.02:
Threshold 0.05:
Threshold 0.1:
Threshold 0.2:
polytomy of size 3; rounds with additions with at least 0.01 support: 0; clusters: 13685
polytomy of size 4; rounds with additions with at least 0.01 support: 0; clusters: 13685
polytomy of size 3; rounds with additions with at least 0.01 support: 0; clusters: 13685
Threshold 0.3333333333333333:
polytomy of size 4; rounds with additions with at least 0.01 support: 0; clusters: 13685
polytomy of size 4; rounds with additions with at least 0.01 support: 0; clusters: 13685
polytomy of size 4; rounds with additions with at least 0.01 support: 0; clusters: 13685
polytomy of size 3; rounds with additions with at least 0.01 support: 0; clusters: 13685
polytomy of size 3; rounds with additions with at least 0.01 support: 0; clusters: 13685
polytomy of size 3; rounds with additions with at least 0.01 support: 0; clusters: 13685
polytomy of size 3; rounds with additions with at least 0.01 support: 0; clusters: 13685
polytomy of size 3; rounds with additions with at least 0.01 support: 0; clusters: 13685
polytomy of size 4; rounds with additions with at least 0.01 support: 0; clusters: 13685
polytomy of size 4; rounds with additions with at least 0.01 support: 0; clusters: 13685
polytomy of size 5; rounds with additions with at least 0.01 support: 0; clusters: 13685
polytomy of size 4; rounds with additions with at least 0.01 support: 0; clusters: 13685
polytomy of size 3; rounds with additions with at least 0.01 support: 0; clusters: 13685
polytomy of size 5; rounds with additions with at least 0.01 support: 0; clusters: 13685
Number of Clusters after addition by greedy: 13685
partitions formed in 12.433 secs
Dynamic Programming starting after 12.433 secs
Size of largest cluster: 201
Size of largest cluster: 201
Total Number of elements weighted: 62016
Normalized score (portion of input quartet trees satisfied): NaN
Final optimization score: 0
Total Number of elements weighted: 62016
Normalized score (portion of input quartet trees satisfied): 0.927672420156201
Final optimization score: 61224840847
Optimal tree inferred in 26.63 secs.
(26,((166,(155,(154,(191,138)))),((71,115),((139,(22,(17,(144,119)))),((((53,(28,(163,8))),((194,16),(107,37))),(27,(7,(197,((13,(43,65)),(((198,162),(161,46)),(181,(72,(102,96))))))))),(((134,((130,83),(186,(38,35)))),(95,(41,((103,151),(70,(142,(136,120))))))),(((160,(3,(56,190))),((157,91),((158,39),(50,(32,112))))),((((146,180),(121,152)),((187,98),((1,69),(164,((110,177),(93,86)))))),(((97,((20,(85,159)),(174,(92,((55,(135,66)),(178,(59,((33,173),(200,(44,169)))))))))),(116,(((34,(4,82)),((108,114),(64,(84,36)))),(((75,109),(23,74)),((87,67),((89,140),(171,(25,(182,11))))))))),(0,(((168,63),((172,(105,(48,10))),((111,30),(132,((126,90),(99,(18,5))))))),(((((21,127),(100,(153,(58,(176,156))))),((31,145),(76,((113,(175,179)),(129,(2,40)))))),(((101,(52,(192,133))),(124,(150,(61,(78,14))))),((170,(47,79)),(((122,106),(62,77)),(185,(137,(29,(189,49)))))))),(((45,149),(196,((24,(51,104)),(((57,81),(199,148)),(165,((60,(15,123)),(188,(117,(94,125))))))))),(((73,(195,184)),((88,147),(54,(118,(42,167))))),((128,((19,141),(6,183))),((131,143),((12,9),(193,(68,80)))))))))))))))))));
Quartet score is: 61224840847
Normalized quartet score is: 0.927672420156201
ASTRAL finished in 36.603 secs
