
================== ASTRAL ===================== 

This is ASTRAL version 4.10.8
Gene trees are treated as unrooted
749 trees read from model.100.2000000.0.000001/03/estimatedgenetre.halfresolved
All outputted trees will be *arbitrarily* rooted at 40

======== Running the main analysis
Number of taxa: 101 (101 species)
Taxa: [40, 18, 80, 72, 62, 42, 54, 6, 49, 41, 19, 20, 10, 47, 53, 83, 28, 39, 70, 55, 94, 79, 51, 17, 11, 50, 16, 8, 97, 2, 90, 27, 86, 5, 68, 69, 87, 82, 13, 3, 99, 81, 26, 63, 36, 88, 52, 66, 22, 89, 9, 25, 0, 43, 23, 57, 21, 61, 29, 46, 58, 96, 64, 60, 100, 85, 93, 98, 38, 1, 65, 56, 33, 75, 37, 30, 74, 32, 12, 15, 48, 91, 34, 95, 31, 76, 7, 77, 67, 35, 78, 44, 84, 73, 59, 14, 4, 92, 45, 71, 24]
Taxon occupancy: {35=749, 36=749, 33=749, 34=749, 39=749, 37=749, 38=749, 43=749, 42=749, 41=749, 40=749, 22=749, 23=749, 24=749, 25=749, 26=749, 27=749, 28=749, 29=749, 3=749, 2=749, 1=749, 0=749, 30=749, 7=749, 6=749, 5=749, 32=749, 4=749, 31=749, 9=749, 8=749, 19=749, 17=749, 18=749, 15=749, 16=749, 13=749, 14=749, 11=749, 12=749, 21=749, 20=749, 99=749, 100=749, 98=749, 97=749, 96=749, 95=749, 94=749, 93=749, 92=749, 91=749, 90=749, 10=749, 88=749, 89=749, 79=749, 78=749, 77=749, 82=749, 83=749, 80=749, 81=749, 86=749, 87=749, 84=749, 85=749, 67=749, 66=749, 69=749, 68=749, 70=749, 71=749, 72=749, 73=749, 74=749, 75=749, 76=749, 59=749, 58=749, 57=749, 56=749, 55=749, 64=749, 65=749, 62=749, 63=749, 60=749, 61=749, 49=749, 48=749, 45=749, 44=749, 47=749, 46=749, 51=749, 52=749, 53=749, 54=749, 50=749}
Number of gene trees: 749
0 trees have missing taxa
Calculating quartet distance matrix (for completion of X)
Species tree distances calculated ...
Building set of clusters (X) from gene trees 
Using tree-based weight calculation.
Number of Default Clusters: 31985
Number of quartet trees in the gene trees: 3049145722
calculating extra bipartitions to be added at level 1 ...
Number of Clusters after addition by distance: 31985
Adding to X using resolutions of greedy consensus ...
Threshold 0.0:
Threshold 0.01:
Threshold 0.02:
Threshold 0.05:
polytomy of size 4; rounds with additions with at least 0.01 support: 0; clusters: 31985
Threshold 0.1:
polytomy of size 5; rounds with additions with at least 0.01 support: 0; clusters: 31985
Threshold 0.2:
polytomy of size 6; rounds with additions with at least 0.01 support: 0; clusters: 31985
polytomy of size 5; rounds with additions with at least 0.01 support: 0; clusters: 31985
polytomy of size 3; rounds with additions with at least 0.01 support: 0; clusters: 31985
polytomy of size 3; rounds with additions with at least 0.01 support: 0; clusters: 31985
polytomy of size 3; rounds with additions with at least 0.01 support: 0; clusters: 31985
polytomy of size 4; rounds with additions with at least 0.01 support: 0; clusters: 31985
polytomy of size 9; rounds with additions with at least 0.01 support: 0; clusters: 31985
Threshold 0.3333333333333333:
polytomy of size 3; rounds with additions with at least 0.01 support: 0; clusters: 31985
polytomy of size 4; rounds with additions with at least 0.01 support: 0; clusters: 31985
polytomy of size 5; rounds with additions with at least 0.01 support: 0; clusters: 31985
polytomy of size 4; rounds with additions with at least 0.01 support: 0; clusters: 31985
polytomy of size 3; rounds with additions with at least 0.01 support: 0; clusters: 31985
polytomy of size 5; rounds with additions with at least 0.01 support: 0; clusters: 31985
polytomy of size 6; rounds with additions with at least 0.01 support: 0; clusters: 31985
polytomy of size 4; rounds with additions with at least 0.01 support: 0; clusters: 31985
polytomy of size 8; rounds with additions with at least 0.01 support: 0; clusters: 31987
polytomy of size 3; rounds with additions with at least 0.01 support: 0; clusters: 31987
polytomy of size 16; rounds with additions with at least 0.01 support: 0; clusters: 32361
polytomy of size 4; rounds with additions with at least 0.01 support: 0; clusters: 32361
Number of Clusters after addition by greedy: 32361
partitions formed in 8.603 secs
Dynamic Programming starting after 8.603 secs
Size of largest cluster: 101
Size of largest cluster: 101
Total Number of elements weighted: 118722
Normalized score (portion of input quartet trees satisfied): NaN
Final optimization score: 0
Calculated 100000 weights; time (seconds): 17
Total Number of elements weighted: 118722
Normalized score (portion of input quartet trees satisfied): 0.7065151633969693
Final optimization score: 2154267688
Optimal tree inferred in 22.31 secs.
(40,((70,(28,39)),((10,83),(55,(47,((6,(72,((18,80),(54,(62,42))))),(((77,67),(35,(92,(((4,24),(45,71)),(44,(84,(78,(14,(73,59))))))))),((0,(((52,(66,22)),((36,88),(63,(89,(9,25))))),(7,((53,(81,26)),((97,(49,41)),(((3,99),(82,13)),((19,(2,(90,27))),((69,87),(86,(5,68)))))))))),((((58,(29,46)),((21,61),(43,(23,57)))),((94,79),(8,(51,((17,16),(11,50)))))),((32,(74,(37,30))),((20,((33,75),(96,((38,1),(65,56))))),(12,((15,48),(((31,76),(91,(34,95))),((60,(64,100)),(85,(93,98)))))))))))))))));
Quartet score is: 2154267688
Normalized quartet score is: 0.7065151633969693
ASTRAL finished in 25.441 secs
