
================== ASTRAL ===================== 

This is ASTRAL version 4.10.7
Gene trees are treated as unrooted
1000 trees read from ASTRALDATA/model.100.2000000.0.000001/10/estimatedgenetre.halfresolved
All output trees will be *arbitrarily* rooted at 19

======== Running the main analysis
Number of taxa: 101 (101 species)
Taxa: [19, 11, 70, 64, 57, 68, 95, 13, 34, 85, 15, 77, 63, 74, 54, 3, 76, 36, 37, 44, 27, 99, 98, 2, 88, 12, 69, 20, 42, 78, 6, 33, 39, 71, 58, 97, 83, 25, 79, 86, 50, 90, 56, 59, 16, 53, 38, 91, 9, 67, 66, 32, 89, 26, 28, 84, 55, 46, 81, 61, 14, 47, 45, 22, 10, 60, 87, 51, 73, 7, 17, 92, 96, 31, 35, 30, 5, 75, 43, 82, 0, 21, 93, 62, 48, 65, 18, 49, 72, 40, 41, 94, 23, 24, 29, 80, 4, 1, 100, 52, 8]
Number of gene trees: 1000
0 trees have missing taxa
Calculating quartet distance matrix (for completion of X)
Species tree distances calculated ...
Building set of clusters (X) from gene trees 
Using tree-based weight calculation.
Number of Default Clusters: 20817
Number of quartet trees in the gene trees: 4082924510
calculating extra bipartitions to be added at level 1 ...
Number of Clusters after addition by distance: 20817
Adding to X using resolutions of greedy consensus ...
Threshold 0.0:
Threshold 0.01:
Threshold 0.02:
Threshold 0.05:
polytomy of size 3; rounds with additions with at least 0.01 support: 0; clusters: 20817
polytomy of size 3; rounds with additions with at least 0.01 support: 0; clusters: 20817
Threshold 0.1:
polytomy of size 5; rounds with additions with at least 0.01 support: 0; clusters: 20817
Threshold 0.2:
polytomy of size 3; rounds with additions with at least 0.01 support: 0; clusters: 20817
polytomy of size 4; rounds with additions with at least 0.01 support: 0; clusters: 20817
polytomy of size 3; rounds with additions with at least 0.01 support: 0; clusters: 20817
polytomy of size 9; rounds with additions with at least 0.01 support: 0; clusters: 20817
polytomy of size 3; rounds with additions with at least 0.01 support: 0; clusters: 20817
Threshold 0.3333333333333333:
polytomy of size 4; rounds with additions with at least 0.01 support: 0; clusters: 20817
polytomy of size 3; rounds with additions with at least 0.01 support: 0; clusters: 20817
polytomy of size 3; rounds with additions with at least 0.01 support: 0; clusters: 20817
polytomy of size 3; rounds with additions with at least 0.01 support: 0; clusters: 20817
polytomy of size 3; rounds with additions with at least 0.01 support: 0; clusters: 20817
polytomy of size 3; rounds with additions with at least 0.01 support: 0; clusters: 20817
polytomy of size 3; rounds with additions with at least 0.01 support: 0; clusters: 20817
polytomy of size 4; rounds with additions with at least 0.01 support: 0; clusters: 20817
polytomy of size 3; rounds with additions with at least 0.01 support: 0; clusters: 20817
polytomy of size 3; rounds with additions with at least 0.01 support: 0; clusters: 20817
polytomy of size 3; rounds with additions with at least 0.01 support: 0; clusters: 20817
polytomy of size 4; rounds with additions with at least 0.01 support: 0; clusters: 20817
polytomy of size 7; rounds with additions with at least 0.01 support: 0; clusters: 20817
polytomy of size 12; rounds with additions with at least 0.01 support: 0; clusters: 20899
Number of Clusters after addition by greedy: 20899
partitions formed in 7.974 secs
Dynamic Programming starting after 7.974 secs
Size of largest cluster: 101
Calculated 100000 weights; time (seconds): 389
Total Number of elements weighted: 100976
Normalized score (portion of input quartet trees satisfied): 0.7627793919216987
Final optimization score: 3114370675
Optimal tree inferred in 393.73 secs.
(29,(80,((4,(1,100)),(24,((52,8),((0,(((21,93),(48,(62,(65,18)))),((49,72),((94,23),(40,41))))),(((61,(47,(14,45))),(22,(10,(60,87)))),((81,(((75,(43,82)),(5,(35,30))),((96,31),(92,(17,(7,(51,73))))))),((((44,27),(54,(74,((76,36),(3,37))))),((70,64),(11,(19,(57,((68,(15,77)),(63,((95,13),(34,85))))))))),(((42,(69,20)),((33,39),(78,6))),((99,98),((90,((86,(71,(58,97))),(50,(83,(25,79))))),((46,((28,(84,55)),(88,(2,12)))),((91,(9,(67,66))),(26,((32,89),(56,((53,38),(59,16)))))))))))))))))));
Quartet score is: 3114370675
Normalized quartet score is: 0.7627793919216987
ASTRAL finished in 396.247 secs
