
================== ASTRAL ===================== 

This is ASTRAL version 4.10.10
Gene trees are treated as unrooted
1000 trees read from ASTRALDATA/model.500.2000000.0.000001/11/estimatedgenetre.halfresolved
All output trees will be *arbitrarily* rooted at 404

======== Running the main analysis
Number of taxa: 501 (501 species)
Taxa: [404, 15, 160, 48, 55, 213, 108, 271, 376, 76, 247, 200, 276, 345, 71, 312, 485, 499, 52, 255, 193, 270, 392, 229, 245, 472, 40, 439, 131, 152, 325, 183, 427, 6, 148, 25, 89, 450, 199, 258, 432, 246, 101, 63, 119, 144, 491, 114, 77, 451, 23, 21, 100, 254, 141, 414, 26, 474, 423, 469, 313, 231, 259, 165, 70, 32, 109, 327, 180, 138, 188, 135, 264, 375, 69, 88, 374, 159, 483, 484, 471, 380, 74, 121, 293, 391, 285, 33, 424, 105, 464, 98, 56, 347, 401, 174, 280, 467, 85, 295, 154, 45, 498, 225, 49, 388, 453, 433, 289, 198, 341, 311, 459, 251, 117, 358, 252, 320, 204, 155, 241, 137, 172, 46, 80, 93, 240, 460, 142, 228, 66, 426, 481, 67, 425, 390, 357, 53, 123, 340, 42, 429, 87, 184, 310, 226, 354, 163, 373, 102, 364, 4, 372, 378, 400, 31, 92, 129, 348, 106, 421, 51, 82, 19, 224, 286, 284, 218, 190, 479, 14, 125, 500, 356, 368, 461, 274, 94, 305, 17, 399, 411, 296, 157, 316, 50, 11, 314, 145, 2, 297, 328, 168, 130, 446, 118, 443, 250, 456, 181, 99, 329, 84, 267, 57, 476, 486, 346, 248, 5, 379, 282, 68, 323, 409, 177, 398, 197, 480, 417, 497, 317, 203, 336, 309, 488, 122, 175, 64, 430, 298, 369, 448, 140, 38, 462, 366, 377, 110, 365, 90, 143, 244, 96, 132, 371, 83, 1, 18, 179, 454, 91, 104, 237, 367, 306, 43, 113, 73, 492, 41, 192, 482, 436, 466, 97, 283, 222, 120, 20, 239, 277, 294, 216, 301, 370, 465, 489, 308, 107, 214, 300, 86, 39, 384, 290, 339, 116, 234, 493, 187, 206, 37, 435, 470, 253, 103, 62, 412, 12, 278, 9, 395, 361, 7, 169, 249, 334, 170, 330, 303, 333, 422, 127, 477, 30, 242, 164, 321, 431, 75, 149, 215, 275, 407, 212, 418, 362, 403, 72, 269, 167, 35, 24, 81, 156, 178, 458, 115, 318, 447, 79, 455, 440, 415, 27, 420, 16, 233, 449, 437, 236, 478, 419, 136, 353, 281, 34, 219, 173, 268, 468, 182, 438, 13, 171, 256, 150, 352, 405, 153, 387, 490, 266, 396, 209, 337, 363, 238, 444, 495, 158, 393, 260, 360, 342, 230, 349, 287, 10, 402, 350, 8, 428, 304, 473, 161, 0, 194, 44, 319, 265, 207, 385, 95, 338, 211, 162, 299, 232, 146, 322, 133, 59, 307, 36, 195, 202, 416, 166, 217, 126, 54, 386, 389, 196, 315, 302, 288, 176, 331, 235, 263, 397, 475, 332, 406, 221, 441, 262, 139, 61, 205, 408, 344, 243, 78, 58, 124, 442, 28, 128, 261, 151, 208, 381, 273, 185, 29, 191, 201, 494, 434, 111, 220, 210, 60, 359, 394, 47, 452, 463, 410, 223, 324, 351, 112, 134, 65, 279, 457, 189, 355, 382, 257, 383, 496, 292, 291, 487, 343, 147, 272, 413, 3, 326, 186, 22, 335, 445, 227]
Taxon occupancy: {338=1000, 339=1000, 332=1000, 333=1000, 159=1000, 330=1000, 331=1000, 158=1000, 157=1000, 336=1000, 156=1000, 337=1000, 155=1000, 334=1000, 335=1000, 154=1000, 152=1000, 153=1000, 150=1000, 151=1000, 202=1000, 349=1000, 203=1000, 204=1000, 205=1000, 200=1000, 201=1000, 341=1000, 342=1000, 169=1000, 343=1000, 344=1000, 166=1000, 345=1000, 206=1000, 207=1000, 165=1000, 346=1000, 208=1000, 347=1000, 168=1000, 348=1000, 167=1000, 209=1000, 3=1000, 161=1000, 409=1000, 408=1000, 162=1000, 2=1000, 163=1000, 1=1000, 0=1000, 164=1000, 7=1000, 405=1000, 6=1000, 404=1000, 340=1000, 5=1000, 407=1000, 406=1000, 4=1000, 160=1000, 401=1000, 400=1000, 9=1000, 403=1000, 8=1000, 402=1000, 211=1000, 212=1000, 210=1000, 215=1000, 318=1000, 319=1000, 216=1000, 316=1000, 213=1000, 317=1000, 214=1000, 314=1000, 179=1000, 219=1000, 315=1000, 178=1000, 217=1000, 312=1000, 177=1000, 176=1000, 218=1000, 313=1000, 310=1000, 311=1000, 170=1000, 418=1000, 417=1000, 171=1000, 416=1000, 415=1000, 174=1000, 175=1000, 172=1000, 419=1000, 173=1000, 410=1000, 414=1000, 413=1000, 412=1000, 411=1000, 220=1000, 221=1000, 222=1000, 223=1000, 224=1000, 327=1000, 328=1000, 225=1000, 226=1000, 329=1000, 227=1000, 228=1000, 188=1000, 323=1000, 324=1000, 229=1000, 187=1000, 325=1000, 326=1000, 189=1000, 320=1000, 321=1000, 322=1000, 427=1000, 426=1000, 180=1000, 429=1000, 181=1000, 428=1000, 182=1000, 183=1000, 184=1000, 185=1000, 186=1000, 421=1000, 420=1000, 423=1000, 422=1000, 425=1000, 424=1000, 116=1000, 117=1000, 114=1000, 115=1000, 112=1000, 113=1000, 110=1000, 111=1000, 118=1000, 119=1000, 435=1000, 436=1000, 433=1000, 434=1000, 431=1000, 432=1000, 430=1000, 439=1000, 437=1000, 438=1000, 125=1000, 126=1000, 300=1000, 127=1000, 128=1000, 302=1000, 121=1000, 122=1000, 301=1000, 304=1000, 123=1000, 124=1000, 303=1000, 306=1000, 305=1000, 308=1000, 307=1000, 129=1000, 309=1000, 444=1000, 445=1000, 446=1000, 447=1000, 440=1000, 441=1000, 442=1000, 443=1000, 120=1000, 448=1000, 449=1000, 134=1000, 135=1000, 132=1000, 133=1000, 138=1000, 139=1000, 136=1000, 137=1000, 450=1000, 453=1000, 454=1000, 451=1000, 452=1000, 457=1000, 458=1000, 455=1000, 456=1000, 459=1000, 131=1000, 130=1000, 143=1000, 144=1000, 145=1000, 146=1000, 147=1000, 148=1000, 149=1000, 461=1000, 460=1000, 462=1000, 463=1000, 464=1000, 465=1000, 466=1000, 467=1000, 468=1000, 469=1000, 140=1000, 142=1000, 141=1000, 195=1000, 194=1000, 197=1000, 196=1000, 191=1000, 190=1000, 193=1000, 192=1000, 198=1000, 199=1000, 500=1000, 35=1000, 36=1000, 33=1000, 34=1000, 39=1000, 37=1000, 38=1000, 43=1000, 42=1000, 41=1000, 40=1000, 22=1000, 23=1000, 24=1000, 25=1000, 26=1000, 27=1000, 28=1000, 29=1000, 30=1000, 32=1000, 31=1000, 19=1000, 17=1000, 18=1000, 15=1000, 16=1000, 13=1000, 14=1000, 11=1000, 12=1000, 21=1000, 20=1000, 10=1000, 79=1000, 78=1000, 77=1000, 82=1000, 83=1000, 80=1000, 81=1000, 86=1000, 87=1000, 84=1000, 85=1000, 67=1000, 66=1000, 69=1000, 68=1000, 70=1000, 71=1000, 72=1000, 73=1000, 74=1000, 75=1000, 76=1000, 59=1000, 58=1000, 57=1000, 56=1000, 55=1000, 64=1000, 65=1000, 62=1000, 63=1000, 60=1000, 61=1000, 49=1000, 48=1000, 45=1000, 44=1000, 47=1000, 46=1000, 51=1000, 52=1000, 53=1000, 54=1000, 50=1000, 487=1000, 281=1000, 280=1000, 486=1000, 485=1000, 484=1000, 285=1000, 284=1000, 283=1000, 489=1000, 282=1000, 488=1000, 288=1000, 289=1000, 286=1000, 287=1000, 482=1000, 483=1000, 480=1000, 481=1000, 474=1000, 473=1000, 270=1000, 476=1000, 475=1000, 272=1000, 478=1000, 271=1000, 477=1000, 274=1000, 273=1000, 479=1000, 275=1000, 276=1000, 277=1000, 278=1000, 279=1000, 470=1000, 471=1000, 472=1000, 109=1000, 108=1000, 107=1000, 106=1000, 105=1000, 104=1000, 103=1000, 102=1000, 99=1000, 101=1000, 100=1000, 98=1000, 97=1000, 391=1000, 96=1000, 95=1000, 390=1000, 94=1000, 393=1000, 93=1000, 392=1000, 92=1000, 395=1000, 394=1000, 91=1000, 90=1000, 294=1000, 499=1000, 293=1000, 296=1000, 295=1000, 496=1000, 290=1000, 495=1000, 292=1000, 498=1000, 291=1000, 497=1000, 491=1000, 492=1000, 493=1000, 494=1000, 297=1000, 298=1000, 299=1000, 490=1000, 396=1000, 397=1000, 398=1000, 399=1000, 88=1000, 89=1000, 240=1000, 241=1000, 383=1000, 384=1000, 381=1000, 382=1000, 380=1000, 389=1000, 388=1000, 387=1000, 386=1000, 385=1000, 245=1000, 244=1000, 243=1000, 242=1000, 249=1000, 248=1000, 247=1000, 246=1000, 230=1000, 370=1000, 371=1000, 372=1000, 373=1000, 379=1000, 378=1000, 239=1000, 375=1000, 374=1000, 377=1000, 376=1000, 232=1000, 231=1000, 234=1000, 233=1000, 236=1000, 235=1000, 238=1000, 237=1000, 262=1000, 263=1000, 260=1000, 261=1000, 361=1000, 362=1000, 360=1000, 366=1000, 365=1000, 364=1000, 363=1000, 369=1000, 368=1000, 367=1000, 269=1000, 268=1000, 267=1000, 266=1000, 265=1000, 264=1000, 250=1000, 251=1000, 252=1000, 350=1000, 351=1000, 353=1000, 352=1000, 355=1000, 354=1000, 357=1000, 356=1000, 359=1000, 358=1000, 258=1000, 257=1000, 259=1000, 254=1000, 253=1000, 256=1000, 255=1000}
Number of gene trees: 1000
0 trees have missing taxa
Calculating quartet distance matrix (for completion of X)
Species tree distances calculated ...
Building set of clusters (X) from gene trees 
Using tree-based weight calculation.
Number of Default Clusters: 93911
Number of quartet trees in the gene trees: 2593739625000
calculating extra bipartitions to be added at level 1 ...
Number of Clusters after addition by distance: 93913
Adding to X using resolutions of greedy consensus ...
Threshold 0.0:
Threshold 0.01:
polytomy of size 7; rounds with additions with at least 0.01 support: 2; clusters: 93973
Threshold 0.02:
polytomy of size 3; rounds with additions with at least 0.01 support: 0; clusters: 93973
polytomy of size 7; rounds with additions with at least 0.01 support: 0; clusters: 93983
Threshold 0.05:
polytomy of size 13; rounds with additions with at least 0.01 support: 0; clusters: 93985
Threshold 0.1:
polytomy of size 3; rounds with additions with at least 0.01 support: 0; clusters: 93985
polytomy of size 3; rounds with additions with at least 0.01 support: 0; clusters: 93985
polytomy of size 4; rounds with additions with at least 0.01 support: 0; clusters: 93985
polytomy of size 3; rounds with additions with at least 0.01 support: 0; clusters: 93985
polytomy of size 16; rounds with additions with at least 0.01 support: 0; clusters: 93987
Threshold 0.2:
polytomy of size 4; rounds with additions with at least 0.01 support: 0; clusters: 93987
polytomy of size 6; rounds with additions with at least 0.01 support: 0; clusters: 93987
polytomy of size 3; rounds with additions with at least 0.01 support: 0; clusters: 93987
polytomy of size 3; rounds with additions with at least 0.01 support: 0; clusters: 93987
polytomy of size 3; rounds with additions with at least 0.01 support: 0; clusters: 93987
polytomy of size 4; rounds with additions with at least 0.01 support: 0; clusters: 93987
polytomy of size 3; rounds with additions with at least 0.01 support: 0; clusters: 93987
polytomy of size 4; rounds with additions with at least 0.01 support: 0; clusters: 93987
polytomy of size 5; rounds with additions with at least 0.01 support: 0; clusters: 93987
polytomy of size 6; rounds with additions with at least 0.01 support: 0; clusters: 93987
polytomy of size 26; rounds with additions with at least 0.01 support: 0; clusters: 93989
Threshold 0.3333333333333333:
polytomy of size 3; rounds with additions with at least 0.01 support: 0; clusters: 93989
polytomy of size 3; rounds with additions with at least 0.01 support: 0; clusters: 93989
polytomy of size 6; rounds with additions with at least 0.01 support: 0; clusters: 93989
polytomy of size 4; rounds with additions with at least 0.01 support: 0; clusters: 93989
polytomy of size 7; rounds with additions with at least 0.01 support: 0; clusters: 93989
polytomy of size 4; rounds with additions with at least 0.01 support: 0; clusters: 93989
polytomy of size 3; rounds with additions with at least 0.01 support: 0; clusters: 93989
polytomy of size 3; rounds with additions with at least 0.01 support: 0; clusters: 93989
polytomy of size 3; rounds with additions with at least 0.01 support: 0; clusters: 93989
polytomy of size 3; rounds with additions with at least 0.01 support: 0; clusters: 93989
polytomy of size 3; rounds with additions with at least 0.01 support: 0; clusters: 93989
polytomy of size 4; rounds with additions with at least 0.01 support: 0; clusters: 93989
polytomy of size 3; rounds with additions with at least 0.01 support: 0; clusters: 93989
polytomy of size 3; rounds with additions with at least 0.01 support: 0; clusters: 93989
polytomy of size 5; rounds with additions with at least 0.01 support: 0; clusters: 93989
polytomy of size 3; rounds with additions with at least 0.01 support: 0; clusters: 93989
polytomy of size 4; rounds with additions with at least 0.01 support: 0; clusters: 93989
polytomy of size 4; rounds with additions with at least 0.01 support: 0; clusters: 93989
polytomy of size 3; rounds with additions with at least 0.01 support: 0; clusters: 93989
polytomy of size 4; rounds with additions with at least 0.01 support: 0; clusters: 93989
polytomy of size 3; rounds with additions with at least 0.01 support: 0; clusters: 93989
polytomy of size 3; rounds with additions with at least 0.01 support: 0; clusters: 93989
polytomy of size 7; rounds with additions with at least 0.01 support: 0; clusters: 93989
polytomy of size 3; rounds with additions with at least 0.01 support: 0; clusters: 93989
polytomy of size 3; rounds with additions with at least 0.01 support: 0; clusters: 93989
polytomy of size 4; rounds with additions with at least 0.01 support: 0; clusters: 93989
polytomy of size 3; rounds with additions with at least 0.01 support: 0; clusters: 93989
polytomy of size 3; rounds with additions with at least 0.01 support: 0; clusters: 93989
polytomy of size 6; rounds with additions with at least 0.01 support: 0; clusters: 93989
polytomy of size 36; rounds with additions with at least 0.01 support: 0; clusters: 96045
Number of Clusters after addition by greedy: 96045
partitions formed in 135.918 secs
Dynamic Programming starting after 135.918 secs
Size of largest cluster: 501
Calculated 100000 weights; time (seconds): 1608
Calculated 200000 weights; time (seconds): 1482
Calculated 300000 weights; time (seconds): 1486
Total Number of elements weighted: 311606
Normalized score (portion of input quartet trees satisfied): 0.6697376774929751
Final optimization score: 1737125152469
Optimal tree inferred in 4757.585 secs.
(116,(206,(234,((493,187),((37,(435,470)),(253,(103,((490,266),((405,(153,387)),((438,(182,((13,171),(352,(256,150))))),(((((301,370),(465,489)),(((339,(294,216)),(((107,214),(300,86)),((239,277),(39,(308,(384,290)))))),((20,((91,104),((436,(222,120)),(97,(466,283))))),((41,192),(482,((306,43),((113,73),(492,(237,367))))))))),(((161,((304,473),(428,(350,8)))),((396,(209,337)),((238,444),((495,158),(((393,260),(360,342)),(363,(402,((230,349),(287,10))))))))),(((362,((407,212),(418,(215,275)))),(75,(149,(((169,249),(7,(334,170))),((330,(303,333)),(422,((127,477),(164,(431,(242,(30,321))))))))))),((62,((395,361),(278,(9,(412,12))))),(((458,(156,178)),((403,(24,81)),(72,(269,(167,35))))),((236,(((478,34),(219,173)),((136,(353,281)),(419,(268,468))))),(((27,420),(16,(233,(449,437)))),(415,(440,((318,447),(455,(115,79)))))))))))),((((377,110),((90,(365,143)),((132,371),(244,96)))),((18,(179,454)),((83,1),(((305,(274,94)),((17,296),(399,411))),(((145,2),(297,328)),((157,316),(50,(11,314)))))))),(((386,((126,54),(389,196))),(((273,185),(29,191)),(208,(201,((494,(381,434)),((463,(324,(410,223))),((47,(452,(210,60))),((111,220),(359,394))))))))),(((295,(154,45)),(((181,(194,44)),((416,(166,217)),((59,307),(((202,(36,195)),((211,162),(232,(299,146)))),((319,(265,207)),((322,133),(95,(385,338)))))))),((((310,(226,354)),(364,(102,(163,373)))),((498,(225,(388,(49,453)))),((429,87),(184,(123,(340,42)))))),((((198,341),(289,351)),(99,(433,(38,(462,366))))),(((329,(84,267)),((80,93),(66,(240,((460,(142,228)),((426,(481,67)),(357,(53,(425,390))))))))),(((311,459),((172,(46,(241,137))),((251,(117,358)),((204,155),(252,320))))),((448,(140,(57,(476,486)))),(((346,(248,(5,(379,282)))),(197,(398,(203,((497,317),(480,417)))))),((68,(323,(409,177))),(336,(309,((369,(430,298)),((175,64),(488,122)))))))))))))),(0,(((445,227),(((284,(286,218)),((14,(479,125)),((500,356),(368,461)))),(190,((4,372),((378,(400,31)),((106,(129,348)),((19,224),(92,(51,(421,82)))))))))),((((130,(446,118)),(168,(443,250))),(456,((((355,(189,382)),(257,((487,343),(383,(291,(496,292)))))),(((112,134),(65,(279,457))),((186,(22,335)),((3,326),(147,(272,413)))))),(((235,((397,332),(263,475))),((406,221),((205,408),(61,(441,(262,139)))))),(((124,(442,28)),(331,(128,261))),((58,(344,(243,78))),(302,(176,(315,288))))))))),(((404,(55,(15,(160,48)))),(((392,(270,229)),(499,(193,(52,255)))),((71,(312,485)),((200,(276,345)),((376,(76,247)),(213,(108,271))))))),(((432,246),(((450,(199,258)),(25,(148,89))),(188,(69,((264,375),(88,(135,374))))))),((((325,(6,(183,427))),((131,152),((40,439),(245,472)))),(((347,401),(174,(85,(280,467)))),((101,(63,119)),((464,(98,56)),(391,(105,(285,(33,424)))))))),(((254,(26,(141,414))),(((327,138),(231,(259,165))),((109,(70,32)),((474,180),(423,(469,313)))))),((77,(114,(451,(21,(23,100))))),((159,(483,484)),(151,(471,((144,491),(293,(121,(380,74)))))))))))))))))))))))))))));
Quartet score is: 1737125152469
Normalized quartet score is: 0.6697376774929751
ASTRAL finished in 4802.123 secs
