
================== ASTRAL ===================== 

This is ASTRAL version 4.10.10
Gene trees are treated as unrooted
1000 trees read from ASTRALDATA/model.200.2000000.0.000001/42/estimatedgenetre.halfresolved
All output trees will be *arbitrarily* rooted at 113

======== Running the main analysis
Number of taxa: 201 (201 species)
Taxa: [113, 67, 37, 196, 24, 1, 85, 143, 188, 137, 132, 124, 193, 92, 42, 157, 168, 149, 115, 46, 158, 197, 34, 101, 17, 55, 2, 60, 96, 98, 16, 127, 53, 107, 56, 33, 31, 0, 41, 146, 135, 125, 128, 104, 129, 167, 68, 106, 82, 151, 18, 198, 184, 103, 3, 22, 26, 74, 189, 154, 105, 155, 47, 4, 178, 199, 161, 7, 75, 91, 21, 14, 139, 144, 90, 25, 30, 191, 142, 66, 12, 186, 112, 169, 102, 153, 174, 187, 35, 29, 50, 20, 116, 58, 97, 159, 79, 54, 120, 164, 64, 138, 195, 131, 121, 182, 175, 152, 192, 141, 180, 11, 59, 133, 162, 126, 111, 86, 185, 63, 108, 117, 183, 5, 6, 118, 80, 77, 99, 32, 39, 171, 114, 44, 177, 123, 19, 70, 9, 87, 176, 71, 65, 130, 73, 51, 23, 179, 134, 52, 122, 140, 40, 93, 166, 49, 156, 48, 83, 10, 28, 88, 172, 150, 170, 200, 95, 45, 72, 173, 36, 76, 148, 181, 62, 100, 8, 43, 160, 57, 81, 165, 94, 61, 38, 194, 69, 190, 136, 27, 13, 110, 89, 163, 119, 84, 78, 15, 147, 109, 145]
Taxon occupancy: {35=1000, 36=1000, 159=1000, 33=1000, 34=1000, 158=1000, 157=1000, 39=1000, 156=1000, 155=1000, 37=1000, 154=1000, 38=1000, 152=1000, 153=1000, 150=1000, 151=1000, 43=1000, 42=1000, 41=1000, 40=1000, 200=1000, 22=1000, 169=1000, 23=1000, 24=1000, 25=1000, 26=1000, 166=1000, 165=1000, 27=1000, 168=1000, 28=1000, 29=1000, 167=1000, 161=1000, 3=1000, 2=1000, 162=1000, 163=1000, 1=1000, 0=1000, 164=1000, 30=1000, 7=1000, 6=1000, 5=1000, 32=1000, 4=1000, 31=1000, 160=1000, 9=1000, 8=1000, 19=1000, 17=1000, 179=1000, 178=1000, 18=1000, 15=1000, 177=1000, 16=1000, 176=1000, 13=1000, 14=1000, 11=1000, 12=1000, 21=1000, 170=1000, 20=1000, 171=1000, 174=1000, 175=1000, 172=1000, 173=1000, 188=1000, 187=1000, 189=1000, 180=1000, 10=1000, 181=1000, 182=1000, 183=1000, 184=1000, 185=1000, 186=1000, 116=1000, 79=1000, 117=1000, 78=1000, 114=1000, 115=1000, 77=1000, 112=1000, 113=1000, 110=1000, 111=1000, 118=1000, 119=1000, 82=1000, 83=1000, 80=1000, 81=1000, 86=1000, 87=1000, 84=1000, 85=1000, 67=1000, 125=1000, 66=1000, 126=1000, 127=1000, 69=1000, 128=1000, 68=1000, 121=1000, 122=1000, 123=1000, 124=1000, 129=1000, 70=1000, 120=1000, 71=1000, 72=1000, 73=1000, 74=1000, 75=1000, 76=1000, 134=1000, 135=1000, 132=1000, 59=1000, 133=1000, 58=1000, 138=1000, 139=1000, 57=1000, 56=1000, 136=1000, 137=1000, 55=1000, 64=1000, 65=1000, 62=1000, 63=1000, 60=1000, 131=1000, 130=1000, 61=1000, 143=1000, 49=1000, 144=1000, 48=1000, 145=1000, 146=1000, 147=1000, 45=1000, 44=1000, 148=1000, 47=1000, 149=1000, 46=1000, 51=1000, 52=1000, 53=1000, 54=1000, 140=1000, 142=1000, 50=1000, 141=1000, 109=1000, 108=1000, 107=1000, 106=1000, 105=1000, 104=1000, 103=1000, 102=1000, 99=1000, 101=1000, 100=1000, 98=1000, 97=1000, 96=1000, 95=1000, 94=1000, 93=1000, 92=1000, 91=1000, 90=1000, 88=1000, 89=1000, 195=1000, 194=1000, 197=1000, 196=1000, 191=1000, 190=1000, 193=1000, 192=1000, 198=1000, 199=1000}
Number of gene trees: 1000
0 trees have missing taxa
Calculating quartet distance matrix (for completion of X)
Species tree distances calculated ...
Building set of clusters (X) from gene trees 
Using tree-based weight calculation.
Number of Default Clusters: 46579
Number of quartet trees in the gene trees: 65998349010
calculating extra bipartitions to be added at level 1 ...
Number of Clusters after addition by distance: 46579
Adding to X using resolutions of greedy consensus ...
Threshold 0.0:
Threshold 0.01:
Threshold 0.02:
Threshold 0.05:
polytomy of size 3; rounds with additions with at least 0.01 support: 0; clusters: 46579
Threshold 0.1:
polytomy of size 3; rounds with additions with at least 0.01 support: 0; clusters: 46579
polytomy of size 3; rounds with additions with at least 0.01 support: 0; clusters: 46579
polytomy of size 3; rounds with additions with at least 0.01 support: 0; clusters: 46579
polytomy of size 4; rounds with additions with at least 0.01 support: 0; clusters: 46579
Threshold 0.2:
polytomy of size 3; rounds with additions with at least 0.01 support: 0; clusters: 46579
polytomy of size 5; rounds with additions with at least 0.01 support: 0; clusters: 46579
polytomy of size 6; rounds with additions with at least 0.01 support: 0; clusters: 46579
polytomy of size 16; rounds with additions with at least 0.01 support: 0; clusters: 46579
Threshold 0.3333333333333333:
polytomy of size 3; rounds with additions with at least 0.01 support: 0; clusters: 46579
polytomy of size 4; rounds with additions with at least 0.01 support: 0; clusters: 46579
polytomy of size 3; rounds with additions with at least 0.01 support: 0; clusters: 46579
polytomy of size 3; rounds with additions with at least 0.01 support: 0; clusters: 46579
polytomy of size 4; rounds with additions with at least 0.01 support: 0; clusters: 46579
polytomy of size 4; rounds with additions with at least 0.01 support: 0; clusters: 46579
polytomy of size 6; rounds with additions with at least 0.01 support: 0; clusters: 46579
polytomy of size 3; rounds with additions with at least 0.01 support: 0; clusters: 46579
polytomy of size 3; rounds with additions with at least 0.01 support: 0; clusters: 46579
polytomy of size 4; rounds with additions with at least 0.01 support: 0; clusters: 46579
polytomy of size 3; rounds with additions with at least 0.01 support: 0; clusters: 46579
polytomy of size 30; rounds with additions with at least 0.01 support: 0; clusters: 47203
polytomy of size 3; rounds with additions with at least 0.01 support: 0; clusters: 47203
Number of Clusters after addition by greedy: 47203
partitions formed in 24.035 secs
Dynamic Programming starting after 24.035 secs
Size of largest cluster: 201
Calculated 100000 weights; time (seconds): 633
Total Number of elements weighted: 197468
Normalized score (portion of input quartet trees satisfied): 0.807772490444
Final optimization score: 53311650745
Optimal tree inferred in 1241.019 secs.
(97,((159,79),((133,162),((54,(120,164)),(11,((59,(126,111)),(58,(((64,(138,(121,(195,131)))),(175,((182,152),(192,(141,180))))),(183,((((5,6),(118,(80,77))),(((99,32),((186,112),(39,171))),((174,(153,187)),(116,(35,(29,(50,20))))))),(((169,102),((47,(4,178)),(12,((66,(191,(30,142))),(((21,14),(91,139)),((90,(144,25)),((7,75),(199,161)))))))),((117,((19,(114,(123,(44,177)))),(((179,(134,(52,122))),((200,(95,45)),(150,(88,((10,28),(172,170)))))),(((72,173),(140,((40,166),(48,(83,(156,(93,49))))))),((87,(70,9)),(176,(71,((130,73),(65,(51,23)))))))))),(0,((((147,(109,145)),(15,(113,67))),(((36,76),(86,(13,((89,163),(110,(84,(119,78))))))),(((185,63),(146,(41,(135,125)))),((165,(94,61)),((160,(57,81)),(38,(((136,27),(194,(69,190))),((148,43),(181,(62,(100,8))))))))))),(((37,(137,(132,(124,(193,92))))),(196,(188,(24,(143,(1,85)))))),((107,(56,(33,31))),((((168,149),(158,(115,46))),(((42,157),(101,(197,34))),((16,(127,53)),((60,(17,96)),(2,(55,98)))))),((155,((129,167),(68,(106,82)))),((151,(18,198)),((128,104),((26,(103,(3,22))),(108,(189,(74,(105,(184,154))))))))))))))))))))))))));
Quartet score is: 53311650745
Normalized quartet score is: 0.807772490444
ASTRAL finished in 1249.402 secs
