
================== ASTRAL ===================== 

This is ASTRAL version 4.10.8
Gene trees are treated as unrooted
1000 trees read from model.500.2000000.0.000001/13/estimatedgenetre.halfresolved
All outputted trees will be *arbitrarily* rooted at 456

======== Running the main analysis
Number of taxa: 501 (501 species)
Taxa: [456, 472, 205, 179, 299, 225, 399, 180, 494, 72, 371, 186, 135, 443, 435, 14, 257, 441, 446, 353, 43, 210, 48, 152, 491, 215, 430, 49, 359, 239, 62, 338, 283, 258, 277, 131, 19, 385, 87, 305, 481, 27, 310, 350, 88, 276, 440, 255, 405, 347, 256, 376, 237, 449, 190, 197, 254, 105, 94, 412, 140, 278, 120, 66, 121, 198, 167, 96, 165, 287, 5, 169, 16, 453, 119, 231, 234, 233, 84, 294, 143, 271, 334, 148, 471, 451, 77, 7, 150, 113, 370, 262, 357, 219, 20, 487, 461, 173, 378, 479, 431, 375, 89, 34, 333, 362, 220, 259, 437, 342, 450, 364, 213, 495, 354, 473, 191, 159, 318, 326, 428, 203, 459, 136, 462, 242, 9, 64, 12, 426, 69, 76, 0, 92, 199, 107, 250, 155, 153, 116, 170, 67, 227, 201, 265, 409, 298, 55, 410, 319, 389, 386, 328, 432, 415, 445, 73, 95, 175, 448, 25, 29, 416, 403, 139, 28, 352, 427, 391, 285, 360, 331, 164, 343, 110, 99, 452, 238, 486, 50, 125, 123, 301, 218, 103, 396, 361, 282, 413, 56, 41, 145, 31, 189, 496, 104, 324, 61, 248, 329, 194, 134, 246, 98, 85, 455, 476, 498, 439, 147, 332, 2, 137, 209, 127, 464, 79, 228, 393, 81, 253, 35, 339, 270, 108, 490, 37, 212, 58, 160, 268, 382, 261, 245, 126, 316, 82, 429, 372, 264, 236, 284, 144, 162, 467, 345, 247, 181, 297, 229, 216, 168, 288, 274, 366, 46, 454, 267, 68, 433, 151, 373, 6, 349, 17, 166, 400, 337, 335, 390, 289, 457, 480, 74, 308, 425, 380, 8, 4, 286, 252, 39, 320, 260, 52, 54, 317, 475, 240, 11, 172, 224, 323, 466, 53, 300, 263, 161, 407, 211, 122, 493, 251, 15, 315, 208, 465, 384, 106, 398, 47, 406, 272, 91, 313, 365, 93, 138, 492, 1, 226, 374, 111, 235, 10, 36, 71, 187, 24, 269, 223, 22, 23, 423, 204, 117, 468, 346, 221, 295, 420, 291, 344, 45, 163, 293, 418, 497, 244, 306, 217, 309, 80, 377, 460, 109, 444, 368, 394, 141, 132, 129, 279, 322, 90, 241, 195, 206, 488, 214, 395, 302, 387, 177, 174, 178, 207, 133, 200, 463, 154, 128, 185, 442, 304, 402, 124, 60, 477, 397, 292, 434, 280, 196, 33, 458, 51, 146, 303, 115, 290, 358, 482, 436, 249, 325, 275, 193, 100, 321, 383, 3, 341, 421, 21, 192, 340, 424, 273, 381, 379, 230, 355, 83, 411, 118, 351, 112, 414, 369, 330, 13, 367, 336, 42, 474, 438, 408, 130, 243, 202, 75, 157, 499, 114, 222, 485, 312, 182, 176, 489, 183, 401, 419, 388, 417, 86, 500, 281, 483, 102, 447, 232, 484, 307, 392, 40, 296, 469, 142, 44, 149, 171, 57, 65, 158, 404, 32, 422, 184, 26, 156, 70, 188, 314, 266, 30, 470, 311, 97, 78, 59, 18, 363, 348, 478, 327, 356, 101, 38, 63]
Taxon occupancy: {338=1000, 339=1000, 332=1000, 333=1000, 330=1000, 159=1000, 158=1000, 331=1000, 157=1000, 336=1000, 156=1000, 337=1000, 155=1000, 334=1000, 335=1000, 154=1000, 152=1000, 153=1000, 150=1000, 151=1000, 202=1000, 349=1000, 203=1000, 204=1000, 205=1000, 200=1000, 201=1000, 341=1000, 342=1000, 169=1000, 343=1000, 344=1000, 345=1000, 166=1000, 206=1000, 165=1000, 346=1000, 207=1000, 347=1000, 168=1000, 208=1000, 348=1000, 167=1000, 209=1000, 3=1000, 409=1000, 161=1000, 408=1000, 2=1000, 162=1000, 1=1000, 163=1000, 164=1000, 0=1000, 405=1000, 7=1000, 404=1000, 6=1000, 340=1000, 5=1000, 407=1000, 160=1000, 4=1000, 406=1000, 401=1000, 400=1000, 403=1000, 9=1000, 402=1000, 8=1000, 211=1000, 212=1000, 210=1000, 318=1000, 215=1000, 319=1000, 216=1000, 213=1000, 316=1000, 317=1000, 214=1000, 314=1000, 179=1000, 219=1000, 315=1000, 178=1000, 312=1000, 217=1000, 177=1000, 176=1000, 218=1000, 313=1000, 310=1000, 311=1000, 170=1000, 418=1000, 171=1000, 417=1000, 416=1000, 415=1000, 174=1000, 175=1000, 172=1000, 419=1000, 173=1000, 410=1000, 414=1000, 413=1000, 412=1000, 411=1000, 220=1000, 221=1000, 222=1000, 223=1000, 327=1000, 224=1000, 328=1000, 225=1000, 329=1000, 226=1000, 227=1000, 188=1000, 228=1000, 323=1000, 324=1000, 229=1000, 187=1000, 325=1000, 326=1000, 189=1000, 320=1000, 321=1000, 322=1000, 427=1000, 426=1000, 180=1000, 429=1000, 181=1000, 182=1000, 428=1000, 183=1000, 184=1000, 185=1000, 186=1000, 421=1000, 420=1000, 423=1000, 422=1000, 425=1000, 424=1000, 116=1000, 117=1000, 114=1000, 115=1000, 112=1000, 113=1000, 110=1000, 111=1000, 118=1000, 119=1000, 435=1000, 436=1000, 433=1000, 434=1000, 431=1000, 432=1000, 430=1000, 439=1000, 437=1000, 438=1000, 125=1000, 126=1000, 127=1000, 300=1000, 128=1000, 121=1000, 302=1000, 301=1000, 122=1000, 304=1000, 123=1000, 303=1000, 124=1000, 306=1000, 305=1000, 308=1000, 307=1000, 129=1000, 309=1000, 444=1000, 445=1000, 446=1000, 447=1000, 440=1000, 441=1000, 442=1000, 443=1000, 120=1000, 448=1000, 449=1000, 134=1000, 135=1000, 132=1000, 133=1000, 138=1000, 139=1000, 136=1000, 137=1000, 450=1000, 453=1000, 454=1000, 451=1000, 452=1000, 457=1000, 458=1000, 455=1000, 456=1000, 459=1000, 131=1000, 130=1000, 143=1000, 144=1000, 145=1000, 146=1000, 147=1000, 148=1000, 149=1000, 461=1000, 460=1000, 462=1000, 463=1000, 464=1000, 465=1000, 466=1000, 467=1000, 468=1000, 469=1000, 140=1000, 142=1000, 141=1000, 195=1000, 194=1000, 197=1000, 196=1000, 191=1000, 190=1000, 193=1000, 192=1000, 198=1000, 199=1000, 500=1000, 35=1000, 36=1000, 33=1000, 34=1000, 39=1000, 37=1000, 38=1000, 43=1000, 42=1000, 41=1000, 40=1000, 22=1000, 23=1000, 24=1000, 25=1000, 26=1000, 27=1000, 28=1000, 29=1000, 30=1000, 32=1000, 31=1000, 19=1000, 17=1000, 18=1000, 15=1000, 16=1000, 13=1000, 14=1000, 11=1000, 12=1000, 21=1000, 20=1000, 10=1000, 79=1000, 78=1000, 77=1000, 82=1000, 83=1000, 80=1000, 81=1000, 86=1000, 87=1000, 84=1000, 85=1000, 67=1000, 66=1000, 69=1000, 68=1000, 70=1000, 71=1000, 72=1000, 73=1000, 74=1000, 75=1000, 76=1000, 59=1000, 58=1000, 57=1000, 56=1000, 55=1000, 64=1000, 65=1000, 62=1000, 63=1000, 60=1000, 61=1000, 49=1000, 48=1000, 45=1000, 44=1000, 47=1000, 46=1000, 51=1000, 52=1000, 53=1000, 54=1000, 50=1000, 281=1000, 487=1000, 280=1000, 486=1000, 485=1000, 484=1000, 285=1000, 284=1000, 489=1000, 283=1000, 282=1000, 488=1000, 288=1000, 289=1000, 286=1000, 287=1000, 482=1000, 483=1000, 480=1000, 481=1000, 474=1000, 473=1000, 476=1000, 270=1000, 475=1000, 478=1000, 272=1000, 477=1000, 271=1000, 274=1000, 273=1000, 479=1000, 275=1000, 276=1000, 277=1000, 278=1000, 279=1000, 470=1000, 471=1000, 472=1000, 109=1000, 108=1000, 107=1000, 106=1000, 105=1000, 104=1000, 103=1000, 102=1000, 99=1000, 101=1000, 100=1000, 98=1000, 97=1000, 391=1000, 96=1000, 95=1000, 390=1000, 94=1000, 393=1000, 392=1000, 93=1000, 92=1000, 395=1000, 91=1000, 394=1000, 294=1000, 90=1000, 499=1000, 293=1000, 296=1000, 295=1000, 290=1000, 496=1000, 495=1000, 292=1000, 498=1000, 291=1000, 497=1000, 491=1000, 492=1000, 493=1000, 494=1000, 297=1000, 298=1000, 299=1000, 490=1000, 396=1000, 397=1000, 398=1000, 399=1000, 88=1000, 89=1000, 240=1000, 241=1000, 383=1000, 384=1000, 381=1000, 382=1000, 380=1000, 389=1000, 388=1000, 387=1000, 386=1000, 385=1000, 245=1000, 244=1000, 243=1000, 242=1000, 249=1000, 248=1000, 247=1000, 246=1000, 230=1000, 370=1000, 371=1000, 372=1000, 373=1000, 379=1000, 378=1000, 239=1000, 375=1000, 374=1000, 377=1000, 376=1000, 232=1000, 231=1000, 234=1000, 233=1000, 236=1000, 235=1000, 238=1000, 237=1000, 262=1000, 263=1000, 260=1000, 261=1000, 361=1000, 362=1000, 360=1000, 366=1000, 365=1000, 364=1000, 363=1000, 369=1000, 368=1000, 367=1000, 269=1000, 268=1000, 267=1000, 266=1000, 265=1000, 264=1000, 250=1000, 251=1000, 252=1000, 350=1000, 351=1000, 353=1000, 352=1000, 355=1000, 354=1000, 357=1000, 356=1000, 359=1000, 358=1000, 258=1000, 257=1000, 259=1000, 254=1000, 253=1000, 256=1000, 255=1000}
Number of gene trees: 1000
0 trees have missing taxa
Calculating quartet distance matrix (for completion of X)
Species tree distances calculated ...
Building set of clusters (X) from gene trees 
Using tree-based weight calculation.
Number of Default Clusters: 105441
Number of quartet trees in the gene trees: 2593739605083
calculating extra bipartitions to be added at level 1 ...
Number of Clusters after addition by distance: 105447
Adding to X using resolutions of greedy consensus ...
Threshold 0.0:
polytomy of size 3; rounds with additions with at least 0.01 support: 0; clusters: 105453
Threshold 0.01:
polytomy of size 8; rounds with additions with at least 0.01 support: 8; clusters: 105565
Threshold 0.02:
polytomy of size 8; rounds with additions with at least 0.01 support: 0; clusters: 105585
Threshold 0.05:
polytomy of size 11; rounds with additions with at least 0.01 support: 0; clusters: 105605
Threshold 0.1:
polytomy of size 3; rounds with additions with at least 0.01 support: 0; clusters: 105605
polytomy of size 3; rounds with additions with at least 0.01 support: 0; clusters: 105605
polytomy of size 8; rounds with additions with at least 0.01 support: 0; clusters: 105607
polytomy of size 13; rounds with additions with at least 0.01 support: 0; clusters: 105611
polytomy of size 5; rounds with additions with at least 0.01 support: 0; clusters: 105611
Threshold 0.2:
polytomy of size 4; rounds with additions with at least 0.01 support: 0; clusters: 105611
polytomy of size 4; rounds with additions with at least 0.01 support: 0; clusters: 105611
polytomy of size 4; rounds with additions with at least 0.01 support: 0; clusters: 105611
polytomy of size 4; rounds with additions with at least 0.01 support: 0; clusters: 105611
polytomy of size 3; rounds with additions with at least 0.01 support: 0; clusters: 105611
polytomy of size 3; rounds with additions with at least 0.01 support: 0; clusters: 105611
polytomy of size 3; rounds with additions with at least 0.01 support: 0; clusters: 105611
polytomy of size 3; rounds with additions with at least 0.01 support: 0; clusters: 105611
polytomy of size 3; rounds with additions with at least 0.01 support: 0; clusters: 105611
polytomy of size 4; rounds with additions with at least 0.01 support: 0; clusters: 105611
polytomy of size 3; rounds with additions with at least 0.01 support: 0; clusters: 105611
polytomy of size 4; rounds with additions with at least 0.01 support: 0; clusters: 105611
polytomy of size 3; rounds with additions with at least 0.01 support: 0; clusters: 105611
polytomy of size 6; rounds with additions with at least 0.01 support: 0; clusters: 105611
polytomy of size 3; rounds with additions with at least 0.01 support: 0; clusters: 105611
polytomy of size 4; rounds with additions with at least 0.01 support: 0; clusters: 105611
polytomy of size 6; rounds with additions with at least 0.01 support: 0; clusters: 105611
polytomy of size 4; rounds with additions with at least 0.01 support: 0; clusters: 105611
polytomy of size 23; rounds with additions with at least 0.01 support: 0; clusters: 105613
polytomy of size 5; rounds with additions with at least 0.01 support: 0; clusters: 105613
Threshold 0.3333333333333333:
polytomy of size 3; rounds with additions with at least 0.01 support: 0; clusters: 105613
polytomy of size 4; rounds with additions with at least 0.01 support: 0; clusters: 105613
polytomy of size 3; rounds with additions with at least 0.01 support: 0; clusters: 105613
polytomy of size 3; rounds with additions with at least 0.01 support: 0; clusters: 105613
polytomy of size 4; rounds with additions with at least 0.01 support: 0; clusters: 105613
polytomy of size 6; rounds with additions with at least 0.01 support: 0; clusters: 105613
polytomy of size 4; rounds with additions with at least 0.01 support: 0; clusters: 105613
polytomy of size 3; rounds with additions with at least 0.01 support: 0; clusters: 105613
polytomy of size 3; rounds with additions with at least 0.01 support: 0; clusters: 105613
polytomy of size 3; rounds with additions with at least 0.01 support: 0; clusters: 105613
polytomy of size 3; rounds with additions with at least 0.01 support: 0; clusters: 105613
polytomy of size 4; rounds with additions with at least 0.01 support: 0; clusters: 105613
polytomy of size 3; rounds with additions with at least 0.01 support: 0; clusters: 105613
polytomy of size 4; rounds with additions with at least 0.01 support: 0; clusters: 105613
polytomy of size 4; rounds with additions with at least 0.01 support: 0; clusters: 105613
polytomy of size 3; rounds with additions with at least 0.01 support: 0; clusters: 105613
polytomy of size 4; rounds with additions with at least 0.01 support: 0; clusters: 105613
polytomy of size 5; rounds with additions with at least 0.01 support: 0; clusters: 105613
polytomy of size 3; rounds with additions with at least 0.01 support: 0; clusters: 105613
polytomy of size 3; rounds with additions with at least 0.01 support: 0; clusters: 105613
polytomy of size 4; rounds with additions with at least 0.01 support: 0; clusters: 105613
polytomy of size 3; rounds with additions with at least 0.01 support: 0; clusters: 105613
polytomy of size 3; rounds with additions with at least 0.01 support: 0; clusters: 105613
polytomy of size 3; rounds with additions with at least 0.01 support: 0; clusters: 105613
polytomy of size 3; rounds with additions with at least 0.01 support: 0; clusters: 105613
polytomy of size 4; rounds with additions with at least 0.01 support: 0; clusters: 105613
polytomy of size 3; rounds with additions with at least 0.01 support: 0; clusters: 105613
polytomy of size 3; rounds with additions with at least 0.01 support: 0; clusters: 105613
polytomy of size 5; rounds with additions with at least 0.01 support: 0; clusters: 105613
polytomy of size 3; rounds with additions with at least 0.01 support: 0; clusters: 105613
polytomy of size 4; rounds with additions with at least 0.01 support: 0; clusters: 105613
polytomy of size 6; rounds with additions with at least 0.01 support: 0; clusters: 105613
polytomy of size 4; rounds with additions with at least 0.01 support: 0; clusters: 105613
polytomy of size 6; rounds with additions with at least 0.01 support: 0; clusters: 105613
polytomy of size 3; rounds with additions with at least 0.01 support: 0; clusters: 105613
polytomy of size 6; rounds with additions with at least 0.01 support: 0; clusters: 105613
polytomy of size 4; rounds with additions with at least 0.01 support: 0; clusters: 105613
polytomy of size 4; rounds with additions with at least 0.01 support: 0; clusters: 105613
polytomy of size 3; rounds with additions with at least 0.01 support: 0; clusters: 105613
polytomy of size 47; rounds with additions with at least 0.01 support: 0; clusters: 109427
polytomy of size 5; rounds with additions with at least 0.01 support: 0; clusters: 109427
Number of Clusters after addition by greedy: 109427
partitions formed in 159.42 secs
Dynamic Programming starting after 159.42 secs
Size of largest cluster: 501
Size of largest cluster: 501
Total Number of elements weighted: 367952
Normalized score (portion of input quartet trees satisfied): NaN
Final optimization score: 0
Calculated 100000 weights; time (seconds): 224
Calculated 200000 weights; time (seconds): 61
Calculated 300000 weights; time (seconds): 62
Total Number of elements weighted: 367952
Normalized score (portion of input quartet trees satisfied): 0.6130962346893388
Final optimization score: 1590211985641
Optimal tree inferred in 394.641 secs.
(456,(472,(205,((179,(299,225)),(416,((135,(443,(435,14))),((403,((371,186),((257,441),(399,(494,(180,72)))))),(((491,215),(152,(430,49))),((446,((436,249),(353,(43,210)))),(479,(((442,((327,356),(478,(363,348)))),((198,(66,121)),(48,(101,(38,63))))),((((341,421),(21,(340,(192,424)))),(3,(100,(325,(275,(193,(321,383))))))),((((190,197),(254,(94,(105,412)))),(((477,(397,(304,(60,(402,124))))),((458,(51,(115,(146,303)))),((290,358),((292,280),(434,(196,33)))))),(((74,((308,425),(380,(8,4)))),(((286,252),(39,(320,260))),(52,((475,240),(54,317))))),((449,(120,(140,278))),((466,(211,(407,122))),(((224,323),(11,172)),(53,(300,(263,161))))))))),(0,(((((367,336),((243,(75,(130,202))),(42,((330,13),(474,(438,408)))))),((381,(379,(230,355))),(273,((411,369),(83,(414,(351,(118,112)))))))),(((256,((405,347),(376,237))),((255,(385,(87,(305,481)))),(((88,276),(440,(27,(310,350)))),(359,((338,(62,277)),(283,(131,(239,(258,19))))))))),((154,(128,185)),((((36,71),(235,10)),((138,((1,(91,(313,492))),((365,93),(226,(374,111))))),((493,251),((406,272),((398,47),((15,(315,106)),(208,(465,384)))))))),(((204,(24,269)),((117,468),(223,(187,(22,(23,423)))))),(200,((346,221),(((195,206),((279,(322,(90,241))),((420,291),(214,(295,(133,(488,463))))))),((174,((178,207),(395,(302,(387,177))))),((344,45),((394,141),(((163,293),(418,497)),(306,((132,129),((244,217),((377,(309,80)),(368,(460,(109,444))))))))))))))))))),(((((400,(166,(337,335))),(318,((203,459),((191,159),(326,428))))),(301,(((110,99),(396,361)),((331,(164,343)),((452,50),((238,486),((218,103),(125,123)))))))),((((392,40),(281,((483,(232,484)),(102,(447,307))))),((157,(499,114)),((500,(388,(417,86))),(489,((183,(401,419)),((222,182),(176,(485,312)))))))),(((498,(439,147)),(482,((61,476),(246,((329,134),(248,194)))))),(((46,(454,267)),(68,(433,151))),(366,(((((37,212),(108,490)),((58,160),(268,(382,261)))),((332,2),(35,((79,((81,253),(228,393))),((137,270),(339,(464,(209,127)))))))),(((216,168),((467,(144,345)),((373,6),(162,((297,229),(247,181)))))),(((349,17),(85,(98,455))),((288,274),((126,(82,(245,316))),((236,284),(372,(429,264))))))))))))),((((294,271),(451,(334,(143,(77,(148,471)))))),(((70,(266,(188,314))),((30,470),(78,(311,97)))),(469,(((26,156),(59,18)),(422,((296,44),((184,(149,171)),(142,(65,(57,(32,(158,404)))))))))))),((((104,324),(390,289)),((282,413),((31,496),(56,(189,(41,145)))))),(((457,480),(((64,(242,(462,9))),(136,(12,(426,69)))),(29,((431,375),(34,(89,((354,((437,473),(333,(362,220)))),(259,(213,(364,(450,(342,495)))))))))))),(((167,(((453,119),(234,(84,(231,233)))),((96,165),((287,5),(169,16))))),(((262,(113,370)),(357,(7,150))),((285,360),(219,((20,487),(461,(173,378))))))),(((448,(432,415)),(25,(445,(73,(95,175))))),(((139,391),(28,(352,427))),(107,(((250,319),(155,(153,(170,(76,116))))),((92,199),((389,(386,328)),(227,((67,410),(55,(409,(298,(201,265))))))))))))))))))))))))))))))));
Quartet score is: 1590211985641
Normalized quartet score is: 0.6130962346893388
ASTRAL finished in 443.475 secs
