
================== ASTRAL ===================== 

This is ASTRAL version 4.10.8
Gene trees are treated as unrooted
1000 trees read from ASTRALDATA/model.1000.2000000.0.000001/07/estimatedgenetre.halfresolved
All outputted trees will be *arbitrarily* rooted at 174

======== Running the main analysis
Number of taxa: 1001 (1001 species)
Taxa: [174, 377, 780, 624, 180, 494, 153, 128, 68, 515, 839, 988, 339, 750, 517, 566, 387, 837, 183, 544, 338, 58, 815, 195, 559, 219, 773, 79, 661, 854, 267, 673, 285, 119, 451, 313, 151, 247, 15, 41, 129, 789, 328, 568, 471, 506, 354, 538, 286, 706, 440, 620, 333, 178, 614, 691, 552, 246, 755, 690, 688, 813, 666, 283, 102, 649, 29, 752, 602, 771, 495, 984, 74, 762, 573, 512, 327, 704, 175, 983, 756, 900, 999, 477, 353, 861, 66, 533, 329, 674, 784, 346, 684, 942, 249, 365, 994, 591, 364, 770, 57, 539, 705, 925, 929, 63, 669, 644, 474, 845, 564, 875, 932, 600, 742, 355, 268, 565, 158, 7, 610, 858, 585, 843, 468, 698, 179, 25, 601, 827, 612, 212, 965, 881, 2, 82, 847, 946, 479, 832, 88, 223, 446, 794, 415, 288, 535, 257, 359, 985, 914, 753, 260, 171, 667, 777, 696, 530, 135, 476, 397, 456, 73, 814, 420, 78, 592, 185, 810, 35, 913, 458, 181, 391, 683, 44, 918, 110, 791, 874, 536, 51, 970, 734, 561, 828, 677, 928, 197, 502, 120, 616, 912, 903, 867, 556, 380, 136, 332, 146, 373, 362, 437, 233, 449, 80, 461, 775, 701, 113, 656, 891, 889, 266, 280, 699, 594, 825, 478, 107, 852, 574, 682, 646, 972, 856, 126, 681, 736, 997, 196, 598, 911, 981, 87, 214, 609, 961, 263, 309, 67, 39, 941, 503, 529, 525, 933, 967, 46, 184, 199, 589, 606, 262, 23, 805, 144, 141, 670, 176, 868, 123, 693, 798, 4, 26, 301, 253, 541, 966, 863, 193, 378, 206, 282, 633, 398, 623, 401, 305, 710, 12, 971, 587, 31, 725, 947, 545, 801, 272, 651, 728, 108, 30, 652, 177, 50, 989, 676, 582, 857, 608, 952, 617, 432, 421, 194, 823, 726, 442, 27, 570, 5, 709, 973, 381, 945, 331, 189, 163, 470, 226, 519, 53, 987, 164, 872, 203, 72, 819, 124, 389, 438, 917, 96, 394, 744, 483, 279, 465, 234, 357, 422, 774, 650, 60, 330, 278, 584, 898, 998, 385, 81, 786, 672, 190, 336, 3, 92, 0, 888, 367, 405, 244, 427, 811, 148, 840, 275, 351, 658, 350, 172, 245, 769, 230, 497, 425, 36, 291, 89, 71, 382, 481, 90, 14, 708, 117, 340, 99, 778, 156, 679, 884, 735, 909, 718, 604, 492, 851, 105, 824, 523, 406, 243, 218, 834, 49, 697, 871, 758, 686, 154, 964, 660, 269, 54, 647, 98, 372, 836, 896, 664, 399, 9, 284, 326, 740, 721, 222, 882, 968, 217, 132, 314, 142, 293, 147, 352, 452, 298, 959, 578, 433, 453, 32, 441, 931, 524, 43, 297, 225, 583, 294, 457, 963, 277, 334, 833, 259, 22, 793, 550, 104, 821, 796, 287, 878, 258, 170, 371, 829, 91, 127, 923, 641, 386, 746, 590, 115, 276, 251, 466, 290, 776, 751, 157, 300, 804, 493, 77, 188, 657, 210, 689, 995, 17, 271, 759, 198, 161, 943, 167, 444, 496, 991, 232, 940, 938, 727, 808, 83, 95, 768, 13, 722, 723, 393, 307, 145, 311, 548, 622, 764, 835, 186, 799, 241, 560, 469, 443, 169, 116, 134, 191, 306, 256, 980, 635, 830, 905, 954, 707, 779, 919, 949, 462, 542, 862, 844, 611, 950, 204, 869, 937, 463, 877, 455, 413, 16, 902, 472, 509, 956, 593, 576, 555, 948, 281, 510, 265, 822, 760, 934, 546, 765, 962, 986, 580, 149, 252, 886, 11, 480, 341, 692, 507, 289, 859, 557, 182, 209, 133, 419, 1, 37, 916, 632, 407, 577, 921, 475, 21, 114, 150, 528, 597, 18, 514, 213, 363, 488, 749, 634, 490, 160, 264, 318, 893, 955, 687, 944, 958, 59, 1000, 781, 636, 516, 671, 890, 248, 782, 711, 400, 369, 957, 370, 396, 322, 738, 412, 870, 562, 713, 864, 299, 894, 680, 766, 93, 763, 719, 990, 518, 761, 678, 907, 979, 820, 866, 892, 70, 308, 501, 211, 800, 714, 969, 270, 40, 274, 809, 368, 24, 395, 402, 28, 511, 977, 498, 976, 806, 242, 61, 818, 255, 434, 356, 94, 168, 625, 273, 229, 935, 645, 323, 202, 303, 816, 467, 482, 581, 915, 52, 605, 118, 668, 261, 849, 613, 109, 130, 450, 885, 47, 908, 409, 410, 220, 887, 741, 358, 201, 703, 906, 553, 86, 315, 939, 974, 143, 787, 48, 579, 599, 596, 19, 317, 125, 663, 236, 65, 927, 675, 489, 737, 361, 588, 685, 901, 817, 344, 122, 788, 842, 321, 460, 739, 414, 424, 694, 930, 238, 499, 513, 520, 435, 221, 910, 665, 418, 899, 505, 62, 464, 436, 783, 700, 375, 215, 337, 216, 575, 712, 554, 629, 880, 304, 426, 487, 111, 521, 549, 100, 292, 42, 802, 121, 895, 448, 227, 642, 101, 56, 951, 531, 431, 795, 85, 724, 131, 417, 975, 558, 349, 627, 982, 626, 841, 807, 319, 403, 717, 876, 473, 595, 996, 312, 140, 853, 897, 508, 106, 848, 165, 75, 504, 803, 348, 922, 8, 643, 551, 205, 745, 527, 240, 69, 325, 162, 250, 345, 390, 743, 757, 360, 484, 860, 139, 103, 659, 459, 76, 879, 207, 254, 295, 384, 732, 423, 865, 662, 38, 430, 296, 873, 34, 342, 485, 55, 812, 404, 540, 376, 152, 522, 733, 347, 534, 491, 655, 850, 392, 45, 64, 343, 302, 316, 631, 428, 826, 953, 208, 20, 166, 567, 654, 772, 159, 785, 904, 618, 235, 547, 603, 747, 716, 231, 797, 366, 10, 607, 640, 926, 924, 33, 200, 187, 754, 855, 454, 720, 84, 993, 526, 846, 748, 695, 383, 155, 630, 702, 374, 621, 543, 586, 429, 978, 883, 97, 138, 228, 767, 439, 838, 112, 445, 411, 619, 408, 637, 324, 992, 563, 569, 936, 239, 639, 831, 715, 416, 571, 615, 388, 447, 6, 653, 173, 137, 790, 192, 486, 379, 628, 729, 532, 237, 648, 335, 638, 730, 310, 320, 960, 920, 224, 792, 500, 731, 537, 572]
Taxon occupancy: {338=1000, 339=1000, 941=1000, 942=1000, 940=1000, 945=1000, 332=1000, 333=1000, 946=1000, 330=1000, 943=1000, 331=1000, 944=1000, 336=1000, 949=1000, 337=1000, 947=1000, 334=1000, 335=1000, 948=1000, 748=1000, 531=1000, 747=1000, 530=1000, 746=1000, 745=1000, 535=1000, 534=1000, 533=1000, 532=1000, 749=1000, 539=1000, 740=1000, 538=1000, 537=1000, 536=1000, 744=1000, 743=1000, 742=1000, 741=1000, 349=1000, 930=1000, 931=1000, 932=1000, 341=1000, 342=1000, 933=1000, 343=1000, 934=1000, 935=1000, 344=1000, 936=1000, 345=1000, 346=1000, 937=1000, 347=1000, 938=1000, 348=1000, 939=1000, 540=1000, 3=1000, 735=1000, 929=1000, 2=1000, 734=1000, 542=1000, 1=1000, 737=1000, 0=1000, 541=1000, 736=1000, 544=1000, 7=1000, 739=1000, 6=1000, 543=1000, 738=1000, 5=1000, 340=1000, 546=1000, 545=1000, 4=1000, 548=1000, 547=1000, 9=1000, 8=1000, 549=1000, 731=1000, 730=1000, 733=1000, 732=1000, 920=1000, 318=1000, 319=1000, 316=1000, 317=1000, 314=1000, 927=1000, 928=1000, 315=1000, 312=1000, 925=1000, 926=1000, 313=1000, 310=1000, 923=1000, 924=1000, 311=1000, 921=1000, 922=1000, 513=1000, 729=1000, 512=1000, 728=1000, 511=1000, 727=1000, 510=1000, 726=1000, 725=1000, 724=1000, 919=1000, 918=1000, 723=1000, 722=1000, 721=1000, 720=1000, 519=1000, 518=1000, 517=1000, 516=1000, 515=1000, 514=1000, 327=1000, 328=1000, 329=1000, 914=1000, 323=1000, 324=1000, 915=1000, 325=1000, 916=1000, 917=1000, 326=1000, 910=1000, 709=1000, 320=1000, 911=1000, 912=1000, 321=1000, 913=1000, 322=1000, 522=1000, 717=1000, 716=1000, 521=1000, 524=1000, 719=1000, 718=1000, 523=1000, 713=1000, 908=1000, 712=1000, 907=1000, 715=1000, 520=1000, 909=1000, 714=1000, 529=1000, 711=1000, 710=1000, 526=1000, 525=1000, 528=1000, 527=1000, 989=1000, 988=1000, 987=1000, 571=1000, 570=1000, 982=1000, 981=1000, 980=1000, 986=1000, 985=1000, 984=1000, 983=1000, 700=1000, 574=1000, 703=1000, 575=1000, 704=1000, 572=1000, 701=1000, 702=1000, 573=1000, 578=1000, 707=1000, 708=1000, 579=1000, 705=1000, 576=1000, 706=1000, 577=1000, 977=1000, 976=1000, 300=1000, 979=1000, 978=1000, 302=1000, 580=1000, 301=1000, 304=1000, 582=1000, 303=1000, 581=1000, 306=1000, 305=1000, 971=1000, 308=1000, 970=1000, 307=1000, 973=1000, 309=1000, 972=1000, 975=1000, 974=1000, 583=1000, 584=1000, 585=1000, 586=1000, 587=1000, 588=1000, 589=1000, 969=1000, 968=1000, 967=1000, 966=1000, 965=1000, 964=1000, 963=1000, 962=1000, 961=1000, 960=1000, 558=1000, 559=1000, 556=1000, 557=1000, 554=1000, 555=1000, 552=1000, 553=1000, 550=1000, 551=1000, 959=1000, 958=1000, 560=1000, 955=1000, 954=1000, 957=1000, 956=1000, 951=1000, 950=1000, 953=1000, 952=1000, 569=1000, 565=1000, 566=1000, 567=1000, 568=1000, 561=1000, 562=1000, 563=1000, 564=1000, 799=1000, 798=1000, 797=1000, 796=1000, 795=1000, 794=1000, 793=1000, 792=1000, 790=1000, 996=1000, 997=1000, 791=1000, 994=1000, 995=1000, 992=1000, 993=1000, 990=1000, 991=1000, 998=1000, 999=1000, 781=1000, 782=1000, 783=1000, 784=1000, 785=1000, 786=1000, 787=1000, 788=1000, 789=1000, 780=1000, 772=1000, 505=1000, 773=1000, 506=1000, 503=1000, 770=1000, 504=1000, 771=1000, 776=1000, 509=1000, 777=1000, 774=1000, 507=1000, 508=1000, 775=1000, 778=1000, 779=1000, 501=1000, 502=1000, 500=1000, 763=1000, 764=1000, 765=1000, 766=1000, 760=1000, 761=1000, 762=1000, 767=1000, 768=1000, 769=1000, 754=1000, 755=1000, 752=1000, 753=1000, 750=1000, 751=1000, 758=1000, 759=1000, 756=1000, 757=1000, 595=1000, 594=1000, 391=1000, 597=1000, 390=1000, 596=1000, 393=1000, 599=1000, 392=1000, 598=1000, 395=1000, 394=1000, 396=1000, 397=1000, 398=1000, 399=1000, 590=1000, 591=1000, 592=1000, 593=1000, 383=1000, 384=1000, 381=1000, 382=1000, 380=1000, 389=1000, 388=1000, 387=1000, 386=1000, 385=1000, 370=1000, 371=1000, 372=1000, 373=1000, 379=1000, 378=1000, 375=1000, 374=1000, 377=1000, 376=1000, 361=1000, 362=1000, 360=1000, 366=1000, 365=1000, 364=1000, 363=1000, 369=1000, 368=1000, 367=1000, 350=1000, 351=1000, 353=1000, 352=1000, 355=1000, 354=1000, 357=1000, 356=1000, 359=1000, 358=1000, 806=1000, 807=1000, 804=1000, 805=1000, 802=1000, 803=1000, 800=1000, 801=1000, 159=1000, 158=1000, 157=1000, 156=1000, 155=1000, 154=1000, 152=1000, 601=1000, 153=1000, 600=1000, 150=1000, 151=1000, 609=1000, 608=1000, 607=1000, 606=1000, 605=1000, 604=1000, 603=1000, 602=1000, 202=1000, 203=1000, 204=1000, 205=1000, 200=1000, 201=1000, 169=1000, 166=1000, 206=1000, 207=1000, 165=1000, 208=1000, 168=1000, 167=1000, 209=1000, 161=1000, 409=1000, 408=1000, 162=1000, 163=1000, 164=1000, 405=1000, 404=1000, 407=1000, 406=1000, 160=1000, 401=1000, 400=1000, 403=1000, 402=1000, 824=1000, 211=1000, 825=1000, 212=1000, 822=1000, 823=1000, 210=1000, 215=1000, 828=1000, 216=1000, 829=1000, 826=1000, 213=1000, 214=1000, 827=1000, 219=1000, 179=1000, 178=1000, 177=1000, 217=1000, 176=1000, 218=1000, 820=1000, 821=1000, 418=1000, 170=1000, 417=1000, 171=1000, 416=1000, 415=1000, 623=1000, 174=1000, 175=1000, 622=1000, 621=1000, 172=1000, 173=1000, 620=1000, 419=1000, 627=1000, 410=1000, 626=1000, 625=1000, 819=1000, 624=1000, 414=1000, 413=1000, 629=1000, 412=1000, 628=1000, 411=1000, 811=1000, 220=1000, 812=1000, 221=1000, 813=1000, 222=1000, 223=1000, 814=1000, 224=1000, 815=1000, 225=1000, 816=1000, 226=1000, 817=1000, 227=1000, 818=1000, 228=1000, 188=1000, 187=1000, 229=1000, 189=1000, 810=1000, 427=1000, 426=1000, 180=1000, 429=1000, 181=1000, 428=1000, 182=1000, 183=1000, 610=1000, 184=1000, 612=1000, 185=1000, 186=1000, 611=1000, 614=1000, 809=1000, 808=1000, 613=1000, 421=1000, 616=1000, 615=1000, 420=1000, 618=1000, 423=1000, 422=1000, 617=1000, 425=1000, 619=1000, 424=1000, 843=1000, 116=1000, 117=1000, 842=1000, 841=1000, 114=1000, 840=1000, 115=1000, 112=1000, 113=1000, 110=1000, 111=1000, 849=1000, 848=1000, 847=1000, 846=1000, 845=1000, 118=1000, 119=1000, 844=1000, 435=1000, 436=1000, 433=1000, 434=1000, 431=1000, 432=1000, 430=1000, 439=1000, 437=1000, 438=1000, 830=1000, 125=1000, 126=1000, 832=1000, 127=1000, 831=1000, 128=1000, 121=1000, 122=1000, 123=1000, 124=1000, 838=1000, 837=1000, 839=1000, 129=1000, 834=1000, 833=1000, 836=1000, 835=1000, 444=1000, 445=1000, 446=1000, 447=1000, 440=1000, 441=1000, 442=1000, 443=1000, 120=1000, 448=1000, 449=1000, 861=1000, 134=1000, 860=1000, 135=1000, 132=1000, 133=1000, 138=1000, 865=1000, 139=1000, 864=1000, 863=1000, 136=1000, 137=1000, 862=1000, 869=1000, 868=1000, 867=1000, 866=1000, 450=1000, 453=1000, 454=1000, 451=1000, 452=1000, 457=1000, 458=1000, 455=1000, 456=1000, 459=1000, 131=1000, 130=1000, 143=1000, 144=1000, 850=1000, 145=1000, 146=1000, 852=1000, 147=1000, 148=1000, 851=1000, 854=1000, 149=1000, 853=1000, 856=1000, 855=1000, 858=1000, 857=1000, 859=1000, 461=1000, 460=1000, 462=1000, 463=1000, 464=1000, 465=1000, 466=1000, 467=1000, 468=1000, 469=1000, 140=1000, 142=1000, 141=1000, 687=1000, 686=1000, 689=1000, 688=1000, 683=1000, 682=1000, 685=1000, 684=1000, 888=1000, 889=1000, 884=1000, 885=1000, 886=1000, 680=1000, 681=1000, 887=1000, 880=1000, 881=1000, 882=1000, 883=1000, 678=1000, 677=1000, 676=1000, 675=1000, 674=1000, 673=1000, 672=1000, 671=1000, 679=1000, 879=1000, 877=1000, 878=1000, 875=1000, 876=1000, 670=1000, 873=1000, 874=1000, 871=1000, 872=1000, 870=1000, 696=1000, 695=1000, 694=1000, 693=1000, 890=1000, 699=1000, 698=1000, 697=1000, 899=1000, 893=1000, 894=1000, 891=1000, 892=1000, 897=1000, 691=1000, 898=1000, 692=1000, 895=1000, 690=1000, 896=1000, 646=1000, 647=1000, 648=1000, 649=1000, 642=1000, 195=1000, 643=1000, 194=1000, 644=1000, 197=1000, 196=1000, 645=1000, 191=1000, 190=1000, 640=1000, 193=1000, 192=1000, 641=1000, 198=1000, 199=1000, 639=1000, 637=1000, 638=1000, 635=1000, 636=1000, 633=1000, 634=1000, 631=1000, 632=1000, 630=1000, 668=1000, 669=1000, 660=1000, 661=1000, 662=1000, 663=1000, 664=1000, 665=1000, 666=1000, 667=1000, 659=1000, 657=1000, 658=1000, 651=1000, 652=1000, 650=1000, 655=1000, 656=1000, 653=1000, 654=1000, 35=1000, 36=1000, 33=1000, 34=1000, 39=1000, 37=1000, 38=1000, 43=1000, 42=1000, 41=1000, 40=1000, 22=1000, 23=1000, 24=1000, 25=1000, 26=1000, 27=1000, 28=1000, 29=1000, 30=1000, 32=1000, 31=1000, 19=1000, 17=1000, 18=1000, 15=1000, 16=1000, 13=1000, 14=1000, 11=1000, 12=1000, 21=1000, 20=1000, 10=1000, 79=1000, 78=1000, 77=1000, 82=1000, 83=1000, 80=1000, 81=1000, 86=1000, 87=1000, 84=1000, 85=1000, 67=1000, 66=1000, 69=1000, 68=1000, 70=1000, 71=1000, 72=1000, 73=1000, 74=1000, 75=1000, 76=1000, 59=1000, 58=1000, 57=1000, 56=1000, 55=1000, 64=1000, 65=1000, 62=1000, 63=1000, 60=1000, 61=1000, 49=1000, 48=1000, 45=1000, 44=1000, 47=1000, 46=1000, 51=1000, 52=1000, 53=1000, 54=1000, 50=1000, 487=1000, 281=1000, 486=1000, 280=1000, 485=1000, 484=1000, 285=1000, 284=1000, 283=1000, 489=1000, 282=1000, 488=1000, 288=1000, 289=1000, 286=1000, 287=1000, 482=1000, 483=1000, 480=1000, 481=1000, 474=1000, 473=1000, 476=1000, 270=1000, 475=1000, 272=1000, 478=1000, 477=1000, 271=1000, 274=1000, 479=1000, 273=1000, 275=1000, 276=1000, 277=1000, 278=1000, 279=1000, 470=1000, 471=1000, 472=1000, 1000=1000, 109=1000, 108=1000, 107=1000, 106=1000, 105=1000, 104=1000, 103=1000, 102=1000, 99=1000, 101=1000, 100=1000, 98=1000, 97=1000, 96=1000, 95=1000, 94=1000, 93=1000, 92=1000, 91=1000, 90=1000, 294=1000, 293=1000, 499=1000, 296=1000, 295=1000, 290=1000, 496=1000, 495=1000, 292=1000, 498=1000, 291=1000, 497=1000, 491=1000, 492=1000, 493=1000, 494=1000, 297=1000, 298=1000, 299=1000, 490=1000, 88=1000, 89=1000, 240=1000, 241=1000, 245=1000, 244=1000, 243=1000, 242=1000, 249=1000, 248=1000, 247=1000, 246=1000, 230=1000, 239=1000, 232=1000, 231=1000, 234=1000, 233=1000, 236=1000, 235=1000, 238=1000, 237=1000, 262=1000, 263=1000, 260=1000, 261=1000, 269=1000, 268=1000, 267=1000, 266=1000, 265=1000, 264=1000, 250=1000, 251=1000, 252=1000, 904=1000, 258=1000, 903=1000, 257=1000, 906=1000, 259=1000, 905=1000, 254=1000, 900=1000, 253=1000, 256=1000, 902=1000, 255=1000, 901=1000}
Number of gene trees: 1000
0 trees have missing taxa
Calculating quartet distance matrix (for completion of X)
Species tree distances calculated ...
Building set of clusters (X) from gene trees 
Using tree-based weight calculation.
Number of Default Clusters: 277195
Number of quartet trees in the gene trees: 41583291724052
calculating extra bipartitions to be added at level 1 ...
Number of Clusters after addition by distance: 277217
Adding to X using resolutions of greedy consensus ...
Threshold 0.0:
polytomy of size 11; rounds with additions with at least 0.01 support: 6; clusters: 277637
Threshold 0.01:
polytomy of size 21; rounds with additions with at least 0.01 support: 2; clusters: 280031
Threshold 0.02:
polytomy of size 30; rounds with additions with at least 0.01 support: 2; clusters: 285537
Threshold 0.05:
polytomy of size 3; rounds with additions with at least 0.01 support: 0; clusters: 285537
polytomy of size 3; rounds with additions with at least 0.01 support: 0; clusters: 285537
polytomy of size 3; rounds with additions with at least 0.01 support: 0; clusters: 285537
polytomy of size 3; rounds with additions with at least 0.01 support: 0; clusters: 285537
polytomy of size 3; rounds with additions with at least 0.01 support: 0; clusters: 285537
polytomy of size 37; rounds with additions with at least 0.01 support: 1; clusters: 285675
Threshold 0.1:
polytomy of size 3; rounds with additions with at least 0.01 support: 0; clusters: 285675
polytomy of size 4; rounds with additions with at least 0.01 support: 0; clusters: 285675
polytomy of size 3; rounds with additions with at least 0.01 support: 0; clusters: 285675
polytomy of size 5; rounds with additions with at least 0.01 support: 0; clusters: 285675
polytomy of size 3; rounds with additions with at least 0.01 support: 0; clusters: 285675
polytomy of size 4; rounds with additions with at least 0.01 support: 0; clusters: 285675
polytomy of size 58; rounds with additions with at least 0.01 support: 2; clusters: 285887
Threshold 0.2:
polytomy of size 4; rounds with additions with at least 0.01 support: 0; clusters: 285887
polytomy of size 4; rounds with additions with at least 0.01 support: 0; clusters: 285887
polytomy of size 3; rounds with additions with at least 0.01 support: 0; clusters: 285887
polytomy of size 5; rounds with additions with at least 0.01 support: 0; clusters: 285887
polytomy of size 4; rounds with additions with at least 0.01 support: 0; clusters: 285887
polytomy of size 3; rounds with additions with at least 0.01 support: 0; clusters: 285887
polytomy of size 4; rounds with additions with at least 0.01 support: 0; clusters: 285887
polytomy of size 4; rounds with additions with at least 0.01 support: 0; clusters: 285887
polytomy of size 7; rounds with additions with at least 0.01 support: 0; clusters: 285887
polytomy of size 4; rounds with additions with at least 0.01 support: 0; clusters: 285887
polytomy of size 3; rounds with additions with at least 0.01 support: 0; clusters: 285887
polytomy of size 3; rounds with additions with at least 0.01 support: 0; clusters: 285887
polytomy of size 6; rounds with additions with at least 0.01 support: 0; clusters: 285887
polytomy of size 3; rounds with additions with at least 0.01 support: 0; clusters: 285887
polytomy of size 3; rounds with additions with at least 0.01 support: 0; clusters: 285887
polytomy of size 7; rounds with additions with at least 0.01 support: 0; clusters: 285887
polytomy of size 86; rounds with additions with at least 0.01 support: 0; clusters: 285943
Threshold 0.3333333333333333:
polytomy of size 3; rounds with additions with at least 0.01 support: 0; clusters: 285943
polytomy of size 3; rounds with additions with at least 0.01 support: 0; clusters: 285943
polytomy of size 3; rounds with additions with at least 0.01 support: 0; clusters: 285943
polytomy of size 3; rounds with additions with at least 0.01 support: 0; clusters: 285943
polytomy of size 4; rounds with additions with at least 0.01 support: 0; clusters: 285943
polytomy of size 3; rounds with additions with at least 0.01 support: 0; clusters: 285943
polytomy of size 3; rounds with additions with at least 0.01 support: 0; clusters: 285943
polytomy of size 3; rounds with additions with at least 0.01 support: 0; clusters: 285943
polytomy of size 6; rounds with additions with at least 0.01 support: 0; clusters: 285943
polytomy of size 3; rounds with additions with at least 0.01 support: 0; clusters: 285943
polytomy of size 5; rounds with additions with at least 0.01 support: 0; clusters: 285943
polytomy of size 3; rounds with additions with at least 0.01 support: 0; clusters: 285943
polytomy of size 3; rounds with additions with at least 0.01 support: 0; clusters: 285943
polytomy of size 3; rounds with additions with at least 0.01 support: 0; clusters: 285943
polytomy of size 3; rounds with additions with at least 0.01 support: 0; clusters: 285943
polytomy of size 3; rounds with additions with at least 0.01 support: 0; clusters: 285943
polytomy of size 3; rounds with additions with at least 0.01 support: 0; clusters: 285943
polytomy of size 3; rounds with additions with at least 0.01 support: 0; clusters: 285943
polytomy of size 3; rounds with additions with at least 0.01 support: 0; clusters: 285943
polytomy of size 4; rounds with additions with at least 0.01 support: 0; clusters: 285943
polytomy of size 4; rounds with additions with at least 0.01 support: 0; clusters: 285943
polytomy of size 3; rounds with additions with at least 0.01 support: 0; clusters: 285943
polytomy of size 5; rounds with additions with at least 0.01 support: 0; clusters: 285943
polytomy of size 3; rounds with additions with at least 0.01 support: 0; clusters: 285943
polytomy of size 4; rounds with additions with at least 0.01 support: 0; clusters: 285943
polytomy of size 3; rounds with additions with at least 0.01 support: 0; clusters: 285943
polytomy of size 3; rounds with additions with at least 0.01 support: 0; clusters: 285943
polytomy of size 4; rounds with additions with at least 0.01 support: 0; clusters: 285943
polytomy of size 3; rounds with additions with at least 0.01 support: 0; clusters: 285943
polytomy of size 3; rounds with additions with at least 0.01 support: 0; clusters: 285943
polytomy of size 3; rounds with additions with at least 0.01 support: 0; clusters: 285943
polytomy of size 4; rounds with additions with at least 0.01 support: 0; clusters: 285943
polytomy of size 3; rounds with additions with at least 0.01 support: 0; clusters: 285943
polytomy of size 3; rounds with additions with at least 0.01 support: 0; clusters: 285943
polytomy of size 5; rounds with additions with at least 0.01 support: 0; clusters: 285943
polytomy of size 3; rounds with additions with at least 0.01 support: 0; clusters: 285943
polytomy of size 3; rounds with additions with at least 0.01 support: 0; clusters: 285943
polytomy of size 3; rounds with additions with at least 0.01 support: 0; clusters: 285943
polytomy of size 3; rounds with additions with at least 0.01 support: 0; clusters: 285943
polytomy of size 8; rounds with additions with at least 0.01 support: 0; clusters: 285949
polytomy of size 4; rounds with additions with at least 0.01 support: 0; clusters: 285949
polytomy of size 3; rounds with additions with at least 0.01 support: 0; clusters: 285949
polytomy of size 5; rounds with additions with at least 0.01 support: 0; clusters: 285949
polytomy of size 3; rounds with additions with at least 0.01 support: 0; clusters: 285949
polytomy of size 3; rounds with additions with at least 0.01 support: 0; clusters: 285949
polytomy of size 3; rounds with additions with at least 0.01 support: 0; clusters: 285949
polytomy of size 3; rounds with additions with at least 0.01 support: 0; clusters: 285949
polytomy of size 4; rounds with additions with at least 0.01 support: 0; clusters: 285949
polytomy of size 3; rounds with additions with at least 0.01 support: 0; clusters: 285949
polytomy of size 4; rounds with additions with at least 0.01 support: 0; clusters: 285949
polytomy of size 4; rounds with additions with at least 0.01 support: 0; clusters: 285949
polytomy of size 3; rounds with additions with at least 0.01 support: 0; clusters: 285949
polytomy of size 3; rounds with additions with at least 0.01 support: 0; clusters: 285949
polytomy of size 4; rounds with additions with at least 0.01 support: 0; clusters: 285949
polytomy of size 3; rounds with additions with at least 0.01 support: 0; clusters: 285949
polytomy of size 4; rounds with additions with at least 0.01 support: 0; clusters: 285949
polytomy of size 3; rounds with additions with at least 0.01 support: 0; clusters: 285949
polytomy of size 3; rounds with additions with at least 0.01 support: 0; clusters: 285949
polytomy of size 3; rounds with additions with at least 0.01 support: 0; clusters: 285949
polytomy of size 3; rounds with additions with at least 0.01 support: 0; clusters: 285949
polytomy of size 3; rounds with additions with at least 0.01 support: 0; clusters: 285949
polytomy of size 3; rounds with additions with at least 0.01 support: 0; clusters: 285949
polytomy of size 4; rounds with additions with at least 0.01 support: 0; clusters: 285949
polytomy of size 4; rounds with additions with at least 0.01 support: 0; clusters: 285949
polytomy of size 5; rounds with additions with at least 0.01 support: 0; clusters: 285949
polytomy of size 3; rounds with additions with at least 0.01 support: 0; clusters: 285949
polytomy of size 3; rounds with additions with at least 0.01 support: 0; clusters: 285949
polytomy of size 8; rounds with additions with at least 0.01 support: 0; clusters: 285949
polytomy of size 135; rounds with additions with at least 0.01 support: 0; clusters: 462085
polytomy of size 4; rounds with additions with at least 0.01 support: 0; clusters: 462085
Number of Clusters after addition by greedy: 462085
partitions formed in 801.419 secs
Dynamic Programming starting after 801.419 secs
Size of largest cluster: 1001
Size of largest cluster: 1001
Calculated 100000 weights; time (seconds): 937
Calculated 200000 weights; time (seconds): 126
Calculated 300000 weights; time (seconds): 130
Calculated 400000 weights; time (seconds): 132
Calculated 500000 weights; time (seconds): 128
Calculated 600000 weights; time (seconds): 199
Calculated 700000 weights; time (seconds): 131
Calculated 800000 weights; time (seconds): 168
Calculated 900000 weights; time (seconds): 423
Calculated 1000000 weights; time (seconds): 647
Total Number of elements weighted: 1111019
Normalized score (portion of input quartet trees satisfied): NaN
Final optimization score: 0
Calculated 1100000 weights; time (seconds): 485
Total Number of elements weighted: 1111019
Normalized score (portion of input quartet trees satisfied): 0.5343174929995164
Final optimization score: 22218680184663
Optimal tree inferred in 3569.098 secs.
(174,((377,780),((153,(128,68)),(624,(((180,494),(515,839)),(((566,(988,339)),(387,(750,517))),((((50,989),((728,(651,177)),(652,(108,30)))),(798,(((4,26),(301,(253,541))),((633,((206,282),(966,(378,(863,193))))),((401,((305,710),(398,623))),(12,((801,272),((725,947),(971,(31,(587,545))))))))))),((((855,(754,(454,720))),(748,(993,(84,(526,846))))),((843,(693,(313,((129,((41,506),(354,538))),((151,(247,15)),((568,471),(789,328))))))),(451,((690,688),((813,((183,(544,338)),(837,(58,815)))),(((195,559),((661,854),(79,(219,773)))),((267,(673,(285,119))),(((691,552),(246,755)),((706,(286,440)),(620,(333,(178,614)))))))))))),((904,(618,(235,547))),((556,(((120,616),(903,(912,867))),((((146,373),(380,(136,332))),(825,(107,(852,(478,574))))),((461,((449,80),(233,(362,437)))),(((701,113),(775,(889,(656,891)))),(((266,280),(699,594)),((682,646),(126,(972,856))))))))),(237,((((((342,(485,55)),(812,(404,(540,376)))),(((320,920),(960,(224,792))),(((970,734),(51,(874,536))),((838,112),(423,(767,(439,((97,228),(883,138))))))))),((((185,810),((563,569),((35,391),(458,(913,181))))),((791,(110,(44,918))),(683,(831,(639,(936,239)))))),((257,(359,985)),((914,(753,(260,171))),((592,(420,78)),(((667,777),(696,530)),(476,((135,397),(456,(73,814)))))))))),(((677,928),((724,(121,(42,802))),((56,(((795,85),(431,(951,531))),((642,101),(227,(895,448))))),(((850,(392,45)),(64,(343,302))),((316,631),(208,(428,(826,953)))))))),(603,(((858,585),((666,283),(390,(743,757)))),((190,(336,(998,((898,385),(786,(81,672)))))),(((144,141),(176,(868,(670,123)))),(((774,650),((941,503),(529,(525,933)))),(((828,978),(262,23)),((967,46),(199,(184,(589,606)))))))))))),(((350,(245,(172,769))),(((626,841),(807,319)),(((630,((702,374),(695,(383,155)))),((152,(522,733)),(534,(347,(491,655))))),((((500,731),(537,572)),(982,(131,(627,(349,(558,(417,975))))))),(((648,335),(197,502)),(((797,366),(640,((33,187),(926,(200,(924,(10,607))))))),(((445,411),(637,(324,992))),(429,((619,408),(543,(621,586))))))))))),(0,(((((213,(318,((264,(18,514)),((490,160),((363,634),(488,749)))))),(645,(((323,202),(434,356)),(303,((94,168),(229,(273,(625,935)))))))),(((643,(579,(19,(317,(48,(599,596)))))),(((162,(325,(250,345))),(551,((205,745),(527,(240,69))))),(787,(766,(((685,901),(817,(842,(788,(344,122))))),((322,(370,396)),((588,(361,(675,(489,737)))),(125,(927,(236,(663,65))))))))))),((((719,990),(840,((321,460),(275,351)))),(8,((518,(818,255)),((957,761),((678,907),(820,(979,866))))))),(((976,(61,(806,242))),((892,(24,((809,368),(511,(28,(395,402)))))),(70,((977,(274,(40,498))),((270,(714,969)),((308,800),(501,211))))))),(((369,(915,52)),(816,(581,(467,482)))),(315,((358,(201,703)),(((553,86),(906,(220,(887,741)))),(((605,(118,668)),(974,(939,143))),((849,(261,(613,109))),((130,409),(410,(450,(885,(47,908))))))))))))))),((93,763),(((103,(((659,(459,76)),(254,((384,732),(295,(879,207))))),((360,(860,(484,139))),(34,(662,(38,((430,296),(865,873)))))))),((742,(600,355)),((994,((66,(533,(329,674))),((365,(942,249)),(784,(346,684))))),(((7,610),(591,((57,539),(364,770)))),(((705,669),(925,(929,63))),(644,((875,932),(845,(474,564))))))))),((((433,453),((524,43),(32,(441,931)))),((959,578),(314,(((298,(352,452)),(142,(293,147))),((222,882),((968,217),(721,132))))))),(((528,597),(100,292)),(((297,(583,(225,294))),(((22,821),(793,(550,104))),((371,829),((796,287),(170,(878,258)))))),(((665,(418,(899,(505,62)))),((513,(520,(435,(221,910)))),(((426,487),(880,304)),((739,414),(238,(694,(499,(424,930)))))))),((((783,375),(700,(464,436))),(216,(575,(554,(712,629))))),(((215,337),(111,(521,549))),((833,259),((963,277),(457,334)))))))))))),(((((3,92),(((39,(309,67)),(214,(263,(609,961)))),((911,981),(681,(736,((997,87),(196,598))))))),(((468,698),(179,(25,601))),((446,(479,(832,(88,223)))),(612,(((288,535),(794,415)),(827,((965,(212,881)),((847,946),(2,82))))))))),(((711,400),(((636,516),((248,782),(671,890))),((1000,781),((921,(475,21)),((407,577),(114,150)))))),((888,(148,((367,405),(244,(427,811))))),((422,(((567,654),(166,(772,(20,(159,785))))),(805,(676,((857,(617,(432,421))),((582,194),(608,952))))))),(((561,60),((330,(278,584)),(310,(638,730)))),(((53,(987,(164,872))),((96,394),(((438,(124,389)),(917,(72,(203,819)))),((226,519),((465,234),(744,(357,(483,279)))))))),((900,((999,(477,(353,861))),((327,(512,(762,573))),(983,(756,(704,175)))))),(((102,(649,29)),((752,602),(984,(74,(771,495))))),((163,470),((189,(945,331)),((823,(726,(442,27))),(381,((5,709),(570,973)))))))))))))),((268,(565,158)),((((958,59),(944,(893,(955,687)))),(((738,(412,870)),(562,((713,864),(680,(299,894))))),(((413,(455,(937,(463,877)))),(542,((204,869),((862,844),(611,950))))),((16,(((348,922),(848,(165,(75,(504,803))))),((916,632),(((117,340),(89,(99,(778,(156,679))))),((36,291),(14,((481,90),(71,(382,708))))))))),((686,(((49,(758,(697,871))),((154,964),(91,127))),(((508,106),(853,897)),((717,312),(140,((595,996),(876,(403,473)))))))),(((884,(735,(406,(834,(243,218))))),((909,(718,604)),((824,523),(105,(492,851))))),(((425,(230,497)),((399,9),(284,(326,740)))),((896,664),(660,(54,(269,((372,836),(647,98))))))))))))),(((((281,510),((722,723),(393,(307,(145,(311,548)))))),(((443,134),(306,(191,(169,116)))),(((799,241),(560,469)),(186,(622,(764,835)))))),((590,((77,(804,493)),(300,(751,(776,157))))),((((768,13),(991,(232,940))),(83,(95,(808,(938,727))))),((188,657),((444,496),((115,((276,251),(466,290))),((210,(689,995)),((943,167),((17,271),(198,(759,161))))))))))),(((256,((830,905),(980,635))),(919,((707,462),(779,(954,949))))),(((715,(416,571)),((902,((576,555),((472,509),(956,(593,948))))),(((729,532),(628,(747,(716,231)))),((173,(653,137)),((486,379),((790,192),(615,(388,(447,6))))))))),((923,((641,(386,746)),(265,(822,760)))),(149,(((765,962),(934,546)),((((133,419),(658,37)),(209,(1,(580,(986,182))))),((507,(886,(252,692))),((289,(859,557)),(341,(11,480)))))))))))))))))))))))))))));
Quartet score is: 22218680184663
Normalized quartet score is: 0.5343174929995164
ASTRAL finished in 3757.737 secs
