
================== ASTRAL ===================== 

This is ASTRAL version 4.10.8
Gene trees are treated as unrooted
931 trees read from model.200.500000.0.000001/20/estimatedgenetre.halfresolved
All outputted trees will be *arbitrarily* rooted at 41

======== Running the main analysis
Number of taxa: 201 (201 species)
Taxa: [41, 93, 162, 49, 16, 29, 165, 62, 65, 97, 200, 18, 84, 17, 196, 43, 176, 40, 133, 166, 182, 24, 103, 170, 30, 167, 127, 27, 186, 56, 2, 199, 124, 26, 79, 37, 157, 107, 74, 98, 3, 0, 101, 44, 48, 120, 32, 185, 169, 193, 80, 64, 75, 99, 159, 96, 187, 105, 60, 70, 174, 19, 72, 160, 172, 12, 119, 100, 71, 36, 179, 173, 20, 34, 14, 168, 106, 46, 23, 25, 149, 156, 13, 92, 67, 192, 73, 58, 57, 198, 4, 147, 171, 1, 131, 86, 197, 116, 128, 184, 122, 81, 54, 113, 181, 61, 139, 39, 151, 10, 11, 28, 126, 115, 161, 190, 94, 136, 21, 177, 135, 6, 109, 183, 142, 87, 95, 52, 191, 148, 69, 141, 78, 110, 89, 82, 121, 180, 146, 144, 51, 154, 175, 129, 7, 8, 85, 145, 132, 35, 123, 59, 22, 47, 150, 38, 178, 15, 5, 108, 88, 153, 143, 55, 114, 140, 50, 53, 91, 77, 188, 138, 134, 102, 163, 63, 112, 152, 45, 189, 125, 33, 137, 90, 194, 130, 31, 66, 83, 195, 164, 68, 9, 111, 155, 117, 158, 76, 42, 104, 118]
Taxon occupancy: {35=931, 36=931, 159=931, 33=931, 158=931, 34=931, 157=931, 39=931, 156=931, 155=931, 37=931, 154=931, 38=931, 152=931, 153=931, 150=931, 151=931, 43=931, 42=931, 41=931, 40=931, 200=931, 22=931, 23=931, 169=931, 24=931, 25=931, 166=931, 26=931, 165=931, 27=931, 168=931, 28=931, 29=931, 167=931, 3=931, 161=931, 162=931, 2=931, 1=931, 163=931, 0=931, 164=931, 30=931, 7=931, 6=931, 32=931, 5=931, 4=931, 160=931, 31=931, 9=931, 8=931, 19=931, 179=931, 17=931, 18=931, 178=931, 177=931, 15=931, 176=931, 16=931, 13=931, 14=931, 11=931, 12=931, 170=931, 21=931, 171=931, 20=931, 174=931, 175=931, 172=931, 173=931, 188=931, 187=931, 189=931, 180=931, 181=931, 10=931, 182=931, 183=931, 184=931, 185=931, 186=931, 116=931, 117=931, 79=931, 78=931, 114=931, 115=931, 77=931, 112=931, 113=931, 110=931, 111=931, 118=931, 119=931, 82=931, 83=931, 80=931, 81=931, 86=931, 87=931, 84=931, 85=931, 67=931, 125=931, 126=931, 66=931, 127=931, 69=931, 128=931, 68=931, 121=931, 122=931, 123=931, 124=931, 129=931, 70=931, 71=931, 120=931, 72=931, 73=931, 74=931, 75=931, 76=931, 134=931, 135=931, 132=931, 133=931, 59=931, 58=931, 138=931, 57=931, 139=931, 56=931, 136=931, 55=931, 137=931, 64=931, 65=931, 62=931, 63=931, 131=931, 60=931, 61=931, 130=931, 49=931, 143=931, 48=931, 144=931, 145=931, 146=931, 147=931, 45=931, 44=931, 148=931, 149=931, 47=931, 46=931, 51=931, 52=931, 53=931, 54=931, 140=931, 142=931, 141=931, 50=931, 109=931, 108=931, 107=931, 106=931, 105=931, 104=931, 103=931, 99=931, 102=931, 101=931, 100=931, 98=931, 97=931, 96=931, 95=931, 94=931, 93=931, 92=931, 91=931, 90=931, 88=931, 89=931, 195=931, 194=931, 197=931, 196=931, 191=931, 190=931, 193=931, 192=931, 198=931, 199=931}
Number of gene trees: 931
0 trees have missing taxa
Calculating quartet distance matrix (for completion of X)
Species tree distances calculated ...
Building set of clusters (X) from gene trees 
Using tree-based weight calculation.
Number of Default Clusters: 172569
Number of quartet trees in the gene trees: 61310205282
calculating extra bipartitions to be added at level 1 ...
Number of Clusters after addition by distance: 172605
Adding to X using resolutions of greedy consensus ...
Threshold 0.0:
polytomy of size 15; rounds with additions with at least 0.01 support: 15; clusters: 174003
Threshold 0.01:
polytomy of size 35; rounds with additions with at least 0.01 support: 8; clusters: 185301
Threshold 0.02:
polytomy of size 43; rounds with additions with at least 0.01 support: 5; clusters: 202177
Threshold 0.05:
polytomy of size 3; rounds with additions with at least 0.01 support: 0; clusters: 202177
polytomy of size 55; rounds with additions with at least 0.01 support: 0; clusters: 202327
Threshold 0.1:
polytomy of size 77; rounds with additions with at least 0.01 support: 1; clusters: 202621
Threshold 0.2:
polytomy of size 3; rounds with additions with at least 0.01 support: 0; clusters: 202621
polytomy of size 3; rounds with additions with at least 0.01 support: 0; clusters: 202621
polytomy of size 3; rounds with additions with at least 0.01 support: 0; clusters: 202621
Threshold 0.3333333333333333:
polytomy of size 3; rounds with additions with at least 0.01 support: 0; clusters: 202621
polytomy of size 3; rounds with additions with at least 0.01 support: 0; clusters: 202621
polytomy of size 3; rounds with additions with at least 0.01 support: 0; clusters: 202621
polytomy of size 3; rounds with additions with at least 0.01 support: 0; clusters: 202621
polytomy of size 3; rounds with additions with at least 0.01 support: 0; clusters: 202621
polytomy of size 4; rounds with additions with at least 0.01 support: 0; clusters: 202621
polytomy of size 3; rounds with additions with at least 0.01 support: 0; clusters: 202621
Number of Clusters after addition by greedy: 202621
partitions formed in 115.965 secs
Dynamic Programming starting after 115.965 secs
Size of largest cluster: 201
Size of largest cluster: 201
Calculated 100000 weights; time (seconds): 146
Calculated 200000 weights; time (seconds): 33
Calculated 300000 weights; time (seconds): 57
Total Number of elements weighted: 413374
Normalized score (portion of input quartet trees satisfied): NaN
Final optimization score: 0
Calculated 400000 weights; time (seconds): 62
Total Number of elements weighted: 413374
Normalized score (portion of input quartet trees satisfied): 0.46248082485746717
Final optimization score: 28354794311
Optimal tree inferred in 308.384 secs.
(41,((57,198),((4,147),(82,((((140,(92,114)),((131,(75,99)),((171,1),(80,64)))),((192,((73,58),(74,(98,3)))),((145,(154,175)),((7,8),(129,((144,51),(121,(180,146)))))))),((((156,(149,195)),((38,178),(132,(78,(110,89))))),((37,(107,(79,157))),(108,((15,(88,153)),(5,(143,55)))))),(0,((((20,34),((87,(95,(52,191))),((43,(164,68)),((84,196),(40,(17,176)))))),(((13,((22,(59,47)),(172,(160,(12,119))))),((101,150),((105,9),(102,((72,(19,(111,155))),(60,(174,(70,134)))))))),(((14,(168,86)),((193,100),((29,165),((48,169),(185,(120,32)))))),((71,148),((25,(23,((162,106),(46,(49,16))))),((173,(36,179)),(44,(18,(65,(97,(62,200))))))))))),((96,(159,187)),((((69,141),(130,(194,(137,90)))),((33,117),(67,((39,83),(35,123))))),(((42,(158,(104,(76,118)))),(93,(30,(26,((186,(167,56)),(27,(2,(199,(127,124))))))))),(((197,(116,(128,184))),(((177,135),(133,(113,(6,(181,109))))),((122,(81,54)),((139,183),(142,(166,61)))))),((170,((190,(94,136)),(21,(24,(182,103))))),((163,(188,(77,138))),(((53,(50,91)),(28,(126,115))),((161,(45,(189,125))),((10,(151,11)),(85,((112,152),(31,(63,66)))))))))))))))))))));
Quartet score is: 28354794311
Normalized quartet score is: 0.46248082485746717
ASTRAL finished in 325.882 secs
