
================== ASTRAL ===================== 

This is ASTRAL version 4.10.10
Gene trees are treated as unrooted
999 trees read from ASTRALDATA/model.50.2000000.0.000001/42/estimatedgenetre.halfresolved
All output trees will be *arbitrarily* rooted at 43

======== Running the main analysis
Number of taxa: 51 (51 species)
Taxa: [43, 32, 5, 17, 11, 8, 42, 19, 13, 4, 2, 18, 31, 1, 21, 44, 50, 6, 33, 38, 29, 20, 9, 26, 35, 47, 10, 22, 15, 34, 30, 23, 49, 0, 36, 37, 46, 16, 39, 40, 12, 3, 7, 25, 48, 27, 41, 24, 45, 28, 14]
Taxon occupancy: {19=999, 35=999, 17=999, 36=999, 18=999, 15=999, 33=999, 16=999, 34=999, 39=999, 13=999, 14=999, 37=999, 11=999, 12=999, 38=999, 21=999, 20=999, 43=999, 42=999, 41=999, 40=999, 49=999, 48=999, 45=999, 44=999, 47=999, 46=999, 22=999, 23=999, 24=999, 25=999, 26=999, 27=999, 28=999, 29=999, 3=999, 2=999, 10=999, 1=999, 0=999, 7=999, 30=999, 6=999, 5=999, 32=999, 4=999, 31=999, 9=999, 8=999, 50=999}
Number of gene trees: 999
0 trees have missing taxa
Calculating quartet distance matrix (for completion of X)
Species tree distances calculated ...
Building set of clusters (X) from gene trees 
Using tree-based weight calculation.
Number of Default Clusters: 4977
Number of quartet trees in the gene trees: 249612768
calculating extra bipartitions to be added at level 1 ...
Number of Clusters after addition by distance: 4977
Adding to X using resolutions of greedy consensus ...
Threshold 0.0:
Threshold 0.01:
Threshold 0.02:
Threshold 0.05:
Threshold 0.1:
Threshold 0.2:
polytomy of size 3; rounds with additions with at least 0.01 support: 0; clusters: 4977
polytomy of size 4; rounds with additions with at least 0.01 support: 0; clusters: 4977
Threshold 0.3333333333333333:
polytomy of size 3; rounds with additions with at least 0.01 support: 0; clusters: 4977
polytomy of size 5; rounds with additions with at least 0.01 support: 0; clusters: 4977
polytomy of size 4; rounds with additions with at least 0.01 support: 0; clusters: 4977
polytomy of size 3; rounds with additions with at least 0.01 support: 0; clusters: 4977
polytomy of size 4; rounds with additions with at least 0.01 support: 0; clusters: 4977
Number of Clusters after addition by greedy: 4977
partitions formed in 2.8 secs
Dynamic Programming starting after 2.8 secs
Size of largest cluster: 51
Total Number of elements weighted: 25061
Normalized score (portion of input quartet trees satisfied): 0.8663811860777891
Final optimization score: 216259806
Optimal tree inferred in 40.534 secs.
(13,(19,(4,(2,(11,((8,42),(17,(((1,(21,44)),((32,5),(43,(18,31)))),((30,(23,49)),((50,((6,33),((47,(20,(9,(26,35)))),((22,15),(10,(38,29)))))),((0,(36,(37,46))),(16,(((48,(27,41)),(28,(14,(24,45)))),(34,((7,25),((39,3),(40,12)))))))))))))))));
Quartet score is: 216259806
Normalized quartet score is: 0.8663811860777891
ASTRAL finished in 41.554 secs
