
================== ASTRAL ===================== 

This is ASTRAL version 4.10.8
Gene trees are treated as unrooted
959 trees read from model.200.10000000.0.0000001/35/estimatedgenetre.halfresolved
All outputted trees will be *arbitrarily* rooted at 180

======== Running the main analysis
Number of taxa: 201 (201 species)
Taxa: [180, 32, 113, 164, 95, 61, 139, 106, 17, 84, 39, 4, 149, 66, 0, 132, 110, 98, 97, 71, 35, 38, 33, 89, 60, 81, 189, 127, 168, 34, 48, 90, 174, 142, 169, 25, 16, 152, 155, 133, 46, 150, 72, 151, 154, 12, 91, 118, 50, 53, 27, 19, 15, 134, 197, 58, 126, 69, 44, 119, 78, 198, 70, 1, 85, 10, 138, 159, 8, 175, 21, 13, 94, 182, 183, 87, 171, 73, 40, 157, 59, 156, 96, 83, 36, 117, 196, 116, 184, 68, 167, 30, 29, 42, 111, 23, 114, 105, 161, 191, 31, 45, 145, 47, 28, 18, 109, 104, 195, 67, 88, 43, 147, 49, 2, 172, 194, 160, 121, 130, 112, 55, 136, 108, 165, 192, 188, 103, 193, 26, 52, 6, 56, 190, 82, 181, 173, 101, 137, 93, 92, 102, 24, 54, 74, 107, 158, 141, 176, 63, 135, 123, 62, 125, 148, 124, 177, 20, 179, 86, 3, 11, 51, 140, 80, 178, 153, 129, 5, 7, 14, 185, 79, 146, 75, 144, 200, 186, 166, 163, 120, 131, 22, 162, 170, 65, 99, 128, 41, 57, 76, 100, 122, 187, 115, 199, 37, 64, 9, 77, 143]
Taxon occupancy: {35=959, 36=959, 159=959, 33=959, 34=959, 158=959, 157=959, 39=959, 156=959, 37=959, 155=959, 38=959, 154=959, 152=959, 153=959, 150=959, 151=959, 43=959, 42=959, 41=959, 40=959, 200=959, 22=959, 23=959, 169=959, 24=959, 25=959, 26=959, 166=959, 27=959, 165=959, 168=959, 28=959, 29=959, 167=959, 161=959, 3=959, 2=959, 162=959, 1=959, 163=959, 0=959, 164=959, 30=959, 7=959, 6=959, 32=959, 5=959, 4=959, 31=959, 160=959, 9=959, 8=959, 19=959, 17=959, 179=959, 18=959, 178=959, 15=959, 177=959, 16=959, 176=959, 13=959, 14=959, 11=959, 12=959, 21=959, 170=959, 171=959, 20=959, 174=959, 175=959, 172=959, 173=959, 188=959, 187=959, 189=959, 180=959, 10=959, 181=959, 182=959, 183=959, 184=959, 185=959, 186=959, 116=959, 117=959, 79=959, 78=959, 114=959, 77=959, 115=959, 112=959, 113=959, 110=959, 111=959, 118=959, 119=959, 82=959, 83=959, 80=959, 81=959, 86=959, 87=959, 84=959, 85=959, 67=959, 125=959, 126=959, 66=959, 69=959, 127=959, 68=959, 128=959, 121=959, 122=959, 123=959, 124=959, 129=959, 70=959, 71=959, 120=959, 72=959, 73=959, 74=959, 75=959, 76=959, 134=959, 135=959, 132=959, 59=959, 133=959, 138=959, 58=959, 139=959, 57=959, 136=959, 56=959, 55=959, 137=959, 64=959, 65=959, 62=959, 63=959, 60=959, 131=959, 61=959, 130=959, 143=959, 49=959, 48=959, 144=959, 145=959, 146=959, 45=959, 147=959, 44=959, 148=959, 149=959, 47=959, 46=959, 51=959, 52=959, 53=959, 54=959, 140=959, 142=959, 50=959, 141=959, 109=959, 108=959, 107=959, 106=959, 105=959, 104=959, 103=959, 102=959, 99=959, 101=959, 100=959, 98=959, 97=959, 96=959, 95=959, 94=959, 93=959, 92=959, 91=959, 90=959, 88=959, 89=959, 195=959, 194=959, 197=959, 196=959, 191=959, 190=959, 193=959, 192=959, 198=959, 199=959}
Number of gene trees: 959
0 trees have missing taxa
Calculating quartet distance matrix (for completion of X)
Species tree distances calculated ...
Building set of clusters (X) from gene trees 
Using tree-based weight calculation.
Number of Default Clusters: 117259
Number of quartet trees in the gene trees: 62953192032
calculating extra bipartitions to be added at level 1 ...
Number of Clusters after addition by distance: 117259
Adding to X using resolutions of greedy consensus ...
Threshold 0.0:
Threshold 0.01:
Threshold 0.02:
polytomy of size 5; rounds with additions with at least 0.01 support: 0; clusters: 117263
polytomy of size 3; rounds with additions with at least 0.01 support: 0; clusters: 117263
polytomy of size 3; rounds with additions with at least 0.01 support: 0; clusters: 117263
Threshold 0.05:
polytomy of size 5; rounds with additions with at least 0.01 support: 0; clusters: 117263
polytomy of size 4; rounds with additions with at least 0.01 support: 0; clusters: 117263
polytomy of size 3; rounds with additions with at least 0.01 support: 0; clusters: 117263
polytomy of size 4; rounds with additions with at least 0.01 support: 0; clusters: 117263
polytomy of size 3; rounds with additions with at least 0.01 support: 0; clusters: 117263
polytomy of size 3; rounds with additions with at least 0.01 support: 0; clusters: 117263
polytomy of size 5; rounds with additions with at least 0.01 support: 0; clusters: 117263
Threshold 0.1:
polytomy of size 3; rounds with additions with at least 0.01 support: 0; clusters: 117263
polytomy of size 3; rounds with additions with at least 0.01 support: 0; clusters: 117263
polytomy of size 4; rounds with additions with at least 0.01 support: 0; clusters: 117263
polytomy of size 3; rounds with additions with at least 0.01 support: 0; clusters: 117263
polytomy of size 7; rounds with additions with at least 0.01 support: 1; clusters: 117265
polytomy of size 10; rounds with additions with at least 0.01 support: 0; clusters: 117265
polytomy of size 8; rounds with additions with at least 0.01 support: 0; clusters: 117265
polytomy of size 9; rounds with additions with at least 0.01 support: 0; clusters: 117265
Threshold 0.2:
polytomy of size 3; rounds with additions with at least 0.01 support: 0; clusters: 117265
polytomy of size 3; rounds with additions with at least 0.01 support: 0; clusters: 117265
polytomy of size 3; rounds with additions with at least 0.01 support: 0; clusters: 117265
polytomy of size 3; rounds with additions with at least 0.01 support: 0; clusters: 117265
polytomy of size 4; rounds with additions with at least 0.01 support: 0; clusters: 117265
polytomy of size 3; rounds with additions with at least 0.01 support: 0; clusters: 117265
polytomy of size 3; rounds with additions with at least 0.01 support: 0; clusters: 117265
polytomy of size 5; rounds with additions with at least 0.01 support: 0; clusters: 117265
polytomy of size 51; rounds with additions with at least 0.01 support: 0; clusters: 117265
Threshold 0.3333333333333333:
polytomy of size 3; rounds with additions with at least 0.01 support: 0; clusters: 117265
polytomy of size 3; rounds with additions with at least 0.01 support: 0; clusters: 117265
polytomy of size 3; rounds with additions with at least 0.01 support: 0; clusters: 117265
polytomy of size 3; rounds with additions with at least 0.01 support: 0; clusters: 117265
polytomy of size 6; rounds with additions with at least 0.01 support: 0; clusters: 117265
polytomy of size 3; rounds with additions with at least 0.01 support: 0; clusters: 117265
polytomy of size 3; rounds with additions with at least 0.01 support: 0; clusters: 117265
polytomy of size 3; rounds with additions with at least 0.01 support: 0; clusters: 117265
polytomy of size 5; rounds with additions with at least 0.01 support: 0; clusters: 117265
polytomy of size 3; rounds with additions with at least 0.01 support: 0; clusters: 117265
polytomy of size 3; rounds with additions with at least 0.01 support: 0; clusters: 117265
polytomy of size 3; rounds with additions with at least 0.01 support: 0; clusters: 117265
polytomy of size 3; rounds with additions with at least 0.01 support: 0; clusters: 117265
polytomy of size 4; rounds with additions with at least 0.01 support: 0; clusters: 117265
polytomy of size 4; rounds with additions with at least 0.01 support: 0; clusters: 117265
polytomy of size 3; rounds with additions with at least 0.01 support: 0; clusters: 117265
polytomy of size 71; rounds with additions with at least 0.01 support: 0; clusters: 149689
Number of Clusters after addition by greedy: 149689
partitions formed in 65.84 secs
Dynamic Programming starting after 65.84 secs
Size of largest cluster: 201
Size of largest cluster: 201
Calculated 100000 weights; time (seconds): 109
Calculated 200000 weights; time (seconds): 52
Total Number of elements weighted: 379508
Normalized score (portion of input quartet trees satisfied): NaN
Final optimization score: 0
Calculated 300000 weights; time (seconds): 69
Total Number of elements weighted: 379508
Normalized score (portion of input quartet trees satisfied): 0.6083499887588353
Final optimization score: 38297573665
Optimal tree inferred in 311.9 secs.
(180,((164,(32,113)),((((89,(60,81)),((71,35),(38,33))),(140,((80,(51,178)),((3,11),(179,86))))),((107,(((148,(124,(177,20))),(141,((176,63),(135,123)))),((173,(158,(62,(102,(24,54))))),(125,(74,(92,(101,(137,93)))))))),(((130,(112,55)),((156,(157,59)),(40,(73,96)))),(((23,114),((78,198),(44,119))),((144,(109,((31,(45,(191,(105,161)))),((47,(145,(28,18))),((67,88),(104,195)))))),(162,((((27,(19,15)),(126,(134,(197,58)))),((0,((77,(75,128)),((149,66),(146,((160,37),(79,65)))))),(70,((155,(16,152)),(((91,(154,12)),(46,(150,(72,151)))),(159,(21,((13,(8,175)),((10,138),(1,85)))))))))),(((174,(90,142)),((169,(189,127)),(48,(168,34)))),(200,(((29,42),(84,(118,22))),(((9,(26,((57,(41,76)),(100,(122,187))))),(99,(((121,(115,143)),(64,(7,(14,185)))),(((136,(108,165)),(192,(188,(103,193)))),(186,((129,5),((117,167),(196,((83,(36,30)),(116,(184,68))))))))))),((69,((194,166),(171,(183,87)))),((39,(25,(((2,172),(43,(147,49))),((199,(4,131)),(120,(111,170)))))),((95,(61,139)),(((106,17),(153,((50,53),(94,182)))),((132,(110,98)),(163,((97,133),((52,(6,56)),(190,(82,181)))))))))))))))))))))));
Quartet score is: 38297573665
Normalized quartet score is: 0.6083499887588353
ASTRAL finished in 339.777 secs
