
================== ASTRAL ===================== 

This is ASTRAL version 4.10.10
Gene trees are treated as unrooted
1000 trees read from ASTRALDATA/model.200.500000.0.0000001/31/estimatedgenetre.halfresolved
All output trees will be *arbitrarily* rooted at 166

======== Running the main analysis
Number of taxa: 201 (201 species)
Taxa: [166, 54, 160, 145, 147, 119, 113, 89, 194, 38, 3, 2, 82, 187, 50, 195, 189, 180, 77, 29, 130, 137, 117, 151, 129, 59, 43, 158, 93, 100, 39, 97, 154, 15, 26, 142, 173, 42, 73, 165, 175, 155, 128, 106, 61, 121, 71, 148, 164, 99, 159, 49, 162, 20, 65, 35, 63, 4, 135, 37, 127, 8, 193, 14, 68, 133, 196, 66, 76, 6, 55, 120, 156, 48, 116, 122, 52, 83, 181, 150, 188, 176, 47, 118, 13, 169, 140, 98, 124, 132, 183, 157, 199, 182, 60, 141, 84, 21, 90, 104, 111, 200, 125, 72, 36, 134, 138, 177, 7, 191, 185, 114, 115, 198, 95, 46, 44, 74, 102, 57, 79, 9, 179, 27, 186, 33, 75, 184, 17, 153, 10, 123, 31, 28, 161, 103, 62, 87, 101, 80, 16, 163, 25, 170, 109, 197, 70, 172, 126, 110, 24, 108, 131, 91, 51, 56, 94, 5, 30, 81, 178, 149, 45, 139, 167, 40, 171, 192, 168, 64, 41, 23, 136, 85, 143, 96, 22, 11, 32, 86, 58, 78, 146, 19, 174, 69, 34, 152, 92, 144, 105, 0, 1, 112, 53, 190, 67, 12, 107, 18, 88]
Taxon occupancy: {35=1000, 36=1000, 159=1000, 33=1000, 158=1000, 34=1000, 157=1000, 39=1000, 156=1000, 37=1000, 155=1000, 38=1000, 154=1000, 152=1000, 153=1000, 150=1000, 151=1000, 43=1000, 42=1000, 41=1000, 40=1000, 200=1000, 22=1000, 169=1000, 23=1000, 24=1000, 25=1000, 166=1000, 26=1000, 165=1000, 27=1000, 28=1000, 168=1000, 29=1000, 167=1000, 3=1000, 161=1000, 162=1000, 2=1000, 1=1000, 163=1000, 164=1000, 0=1000, 7=1000, 30=1000, 6=1000, 5=1000, 32=1000, 4=1000, 160=1000, 31=1000, 9=1000, 8=1000, 19=1000, 179=1000, 17=1000, 18=1000, 178=1000, 15=1000, 177=1000, 176=1000, 16=1000, 13=1000, 14=1000, 11=1000, 12=1000, 21=1000, 170=1000, 20=1000, 171=1000, 174=1000, 175=1000, 172=1000, 173=1000, 188=1000, 187=1000, 189=1000, 180=1000, 181=1000, 10=1000, 182=1000, 183=1000, 184=1000, 185=1000, 186=1000, 116=1000, 117=1000, 79=1000, 114=1000, 78=1000, 77=1000, 115=1000, 112=1000, 113=1000, 110=1000, 111=1000, 118=1000, 119=1000, 82=1000, 83=1000, 80=1000, 81=1000, 86=1000, 87=1000, 84=1000, 85=1000, 67=1000, 125=1000, 66=1000, 126=1000, 127=1000, 69=1000, 68=1000, 128=1000, 121=1000, 122=1000, 123=1000, 124=1000, 129=1000, 70=1000, 120=1000, 71=1000, 72=1000, 73=1000, 74=1000, 75=1000, 76=1000, 134=1000, 135=1000, 132=1000, 133=1000, 59=1000, 138=1000, 58=1000, 57=1000, 139=1000, 56=1000, 136=1000, 55=1000, 137=1000, 64=1000, 65=1000, 62=1000, 63=1000, 60=1000, 131=1000, 130=1000, 61=1000, 49=1000, 143=1000, 48=1000, 144=1000, 145=1000, 146=1000, 147=1000, 45=1000, 148=1000, 44=1000, 47=1000, 149=1000, 46=1000, 51=1000, 52=1000, 53=1000, 54=1000, 140=1000, 142=1000, 141=1000, 50=1000, 109=1000, 108=1000, 107=1000, 106=1000, 105=1000, 104=1000, 103=1000, 99=1000, 102=1000, 101=1000, 100=1000, 98=1000, 97=1000, 96=1000, 95=1000, 94=1000, 93=1000, 92=1000, 91=1000, 90=1000, 88=1000, 89=1000, 195=1000, 194=1000, 197=1000, 196=1000, 191=1000, 190=1000, 193=1000, 192=1000, 198=1000, 199=1000}
Number of gene trees: 1000
0 trees have missing taxa
Calculating quartet distance matrix (for completion of X)
Species tree distances calculated ...
Building set of clusters (X) from gene trees 
Using tree-based weight calculation.
Number of Default Clusters: 159057
Number of quartet trees in the gene trees: 65997930330
calculating extra bipartitions to be added at level 1 ...
Number of Clusters after addition by distance: 159081
Adding to X using resolutions of greedy consensus ...
Threshold 0.0:
polytomy of size 14; rounds with additions with at least 0.01 support: 8; clusters: 160139
Threshold 0.01:
polytomy of size 3; rounds with additions with at least 0.01 support: 0; clusters: 160139
polytomy of size 27; rounds with additions with at least 0.01 support: 9; clusters: 166377
Threshold 0.02:
polytomy of size 38; rounds with additions with at least 0.01 support: 2; clusters: 178205
Threshold 0.05:
polytomy of size 51; rounds with additions with at least 0.01 support: 0; clusters: 178321
Threshold 0.1:
polytomy of size 3; rounds with additions with at least 0.01 support: 0; clusters: 178321
polytomy of size 60; rounds with additions with at least 0.01 support: 1; clusters: 178427
Threshold 0.2:
polytomy of size 5; rounds with additions with at least 0.01 support: 0; clusters: 178427
polytomy of size 3; rounds with additions with at least 0.01 support: 0; clusters: 178427
polytomy of size 3; rounds with additions with at least 0.01 support: 0; clusters: 178427
polytomy of size 83; rounds with additions with at least 0.01 support: 0; clusters: 178587
Threshold 0.3333333333333333:
polytomy of size 6; rounds with additions with at least 0.01 support: 0; clusters: 178587
polytomy of size 3; rounds with additions with at least 0.01 support: 0; clusters: 178587
polytomy of size 3; rounds with additions with at least 0.01 support: 0; clusters: 178587
polytomy of size 3; rounds with additions with at least 0.01 support: 0; clusters: 178587
polytomy of size 3; rounds with additions with at least 0.01 support: 0; clusters: 178587
polytomy of size 3; rounds with additions with at least 0.01 support: 0; clusters: 178587
polytomy of size 3; rounds with additions with at least 0.01 support: 0; clusters: 178587
polytomy of size 3; rounds with additions with at least 0.01 support: 0; clusters: 178587
polytomy of size 3; rounds with additions with at least 0.01 support: 0; clusters: 178587
polytomy of size 5; rounds with additions with at least 0.01 support: 0; clusters: 178587
Number of Clusters after addition by greedy: 178587
partitions formed in 110.771 secs
Dynamic Programming starting after 110.771 secs
Size of largest cluster: 201
Calculated 100000 weights; time (seconds): 762
Calculated 200000 weights; time (seconds): 651
Calculated 300000 weights; time (seconds): 657
Total Number of elements weighted: 376795
Normalized score (portion of input quartet trees satisfied): 0.4614317735075557
Final optimization score: 30453542040
Optimal tree inferred in 2598.001 secs.
(60,((42,73),(49,((((76,((41,23),(136,(168,64)))),(171,((40,192),(167,(6,55))))),(120,((((17,(153,10)),(87,(184,62))),(((47,103),(176,75)),(139,((123,161),((2,82),(187,(31,28))))))),(((117,151),((5,30),(137,94))),((3,((149,45),(81,178))),((51,56),((119,((113,89),(194,(38,156)))),((91,(29,(77,130))),((48,116),((145,147),(54,160))))))))))),((((36,(141,84)),(200,(((21,152),(90,(104,111))),((196,66),((68,133),(14,(8,193))))))),((144,(((44,102),((198,46),(95,(74,57)))),((146,(19,34)),(118,((174,69),(115,(78,(86,(58,(32,1)))))))))),((105,(138,(185,(191,(177,7))))),((85,(93,(158,11))),((92,(26,(15,142))),((143,(72,(22,(125,96)))),((59,43),(100,(154,(39,(97,114))))))))))),(((((163,25),(101,(80,16))),((127,(173,37)),(27,(179,((79,9),(33,(157,186))))))),((88,(50,(195,(189,180)))),((199,(108,131)),((109,(197,70)),((170,172),(182,(24,(126,110)))))))),((0,(((12,(107,18)),(67,(134,190))),(122,((52,188),(150,(112,(83,(181,53)))))))),((((164,162),((166,129),(99,159))),((4,135),(20,(35,(65,63))))),((165,(175,155)),(((132,183),(128,(98,124))),((106,61),(13,(169,(71,(121,(148,140))))))))))))))));
Quartet score is: 30453542040
Normalized quartet score is: 0.4614317735075557
ASTRAL finished in 2606.172 secs
