
================== ASTRAL ===================== 

This is ASTRAL version 4.10.8
Gene trees are treated as unrooted
744 trees read from model.200.500000.0.0000001/34/estimatedgenetre.halfresolved
All outputted trees will be *arbitrarily* rooted at 118

======== Running the main analysis
Number of taxa: 201 (201 species)
Taxa: [118, 132, 165, 162, 92, 153, 167, 148, 57, 104, 192, 108, 138, 130, 46, 66, 126, 103, 168, 90, 41, 144, 52, 5, 43, 47, 68, 141, 172, 69, 102, 37, 10, 176, 117, 189, 61, 49, 77, 133, 58, 35, 89, 31, 142, 44, 8, 156, 127, 27, 20, 99, 80, 15, 199, 121, 147, 12, 91, 116, 84, 146, 73, 150, 125, 33, 193, 105, 51, 4, 131, 182, 26, 139, 2, 136, 63, 173, 170, 178, 122, 119, 82, 200, 93, 78, 17, 3, 179, 1, 83, 158, 13, 194, 151, 161, 60, 62, 40, 11, 171, 186, 32, 181, 115, 110, 67, 114, 25, 64, 24, 163, 50, 19, 159, 196, 45, 100, 94, 9, 34, 36, 188, 97, 23, 42, 81, 38, 39, 79, 16, 137, 185, 28, 55, 180, 29, 76, 184, 112, 191, 174, 56, 86, 157, 88, 187, 140, 96, 101, 120, 190, 111, 21, 0, 177, 18, 75, 134, 53, 54, 123, 160, 65, 95, 72, 6, 164, 87, 197, 149, 195, 152, 74, 129, 124, 14, 7, 128, 143, 155, 107, 71, 145, 175, 106, 48, 22, 113, 109, 30, 135, 59, 198, 154, 169, 183, 85, 166, 70, 98]
Taxon occupancy: {35=744, 36=744, 33=744, 159=744, 158=744, 34=744, 39=744, 157=744, 156=744, 37=744, 155=744, 154=744, 38=744, 152=744, 153=744, 150=744, 151=744, 43=744, 42=744, 41=744, 40=744, 200=744, 22=744, 169=744, 23=744, 24=744, 25=744, 166=744, 26=744, 27=744, 165=744, 168=744, 28=744, 167=744, 29=744, 161=744, 3=744, 2=744, 162=744, 1=744, 163=744, 0=744, 164=744, 7=744, 30=744, 6=744, 5=744, 32=744, 4=744, 31=744, 160=744, 9=744, 8=744, 19=744, 179=744, 17=744, 178=744, 18=744, 15=744, 177=744, 176=744, 16=744, 13=744, 14=744, 11=744, 12=744, 170=744, 21=744, 20=744, 171=744, 174=744, 175=744, 172=744, 173=744, 188=744, 187=744, 189=744, 180=744, 10=744, 181=744, 182=744, 183=744, 184=744, 185=744, 186=744, 116=744, 117=744, 79=744, 78=744, 114=744, 77=744, 115=744, 112=744, 113=744, 110=744, 111=744, 118=744, 119=744, 82=744, 83=744, 80=744, 81=744, 86=744, 87=744, 84=744, 85=744, 125=744, 67=744, 126=744, 66=744, 127=744, 69=744, 68=744, 128=744, 121=744, 122=744, 123=744, 124=744, 129=744, 70=744, 120=744, 71=744, 72=744, 73=744, 74=744, 75=744, 76=744, 134=744, 135=744, 132=744, 59=744, 133=744, 138=744, 58=744, 139=744, 57=744, 136=744, 56=744, 137=744, 55=744, 64=744, 65=744, 62=744, 63=744, 131=744, 60=744, 130=744, 61=744, 49=744, 143=744, 144=744, 48=744, 145=744, 146=744, 147=744, 45=744, 148=744, 44=744, 47=744, 149=744, 46=744, 51=744, 52=744, 53=744, 54=744, 140=744, 142=744, 141=744, 50=744, 109=744, 108=744, 107=744, 106=744, 105=744, 104=744, 103=744, 99=744, 102=744, 101=744, 100=744, 98=744, 97=744, 96=744, 95=744, 94=744, 93=744, 92=744, 91=744, 90=744, 88=744, 89=744, 195=744, 194=744, 197=744, 196=744, 191=744, 190=744, 193=744, 192=744, 198=744, 199=744}
Number of gene trees: 744
0 trees have missing taxa
Calculating quartet distance matrix (for completion of X)
Species tree distances calculated ...
Building set of clusters (X) from gene trees 
Using tree-based weight calculation.
Number of Default Clusters: 168303
Number of quartet trees in the gene trees: 48657528279
calculating extra bipartitions to be added at level 1 ...
Number of Clusters after addition by distance: 168345
Adding to X using resolutions of greedy consensus ...
Threshold 0.0:
polytomy of size 19; rounds with additions with at least 0.01 support: 21; clusters: 172823
Threshold 0.01:
polytomy of size 4; rounds with additions with at least 0.01 support: 0; clusters: 172825
polytomy of size 41; rounds with additions with at least 0.01 support: 13; clusters: 199107
Threshold 0.02:
polytomy of size 3; rounds with additions with at least 0.01 support: 0; clusters: 199107
polytomy of size 54; rounds with additions with at least 0.01 support: 4; clusters: 244263
Threshold 0.05:
polytomy of size 4; rounds with additions with at least 0.01 support: 0; clusters: 244263
polytomy of size 3; rounds with additions with at least 0.01 support: 0; clusters: 244263
polytomy of size 65; rounds with additions with at least 0.01 support: 2; clusters: 244753
Threshold 0.1:
polytomy of size 3; rounds with additions with at least 0.01 support: 0; clusters: 244753
polytomy of size 94; rounds with additions with at least 0.01 support: 0; clusters: 245219
Threshold 0.2:
polytomy of size 3; rounds with additions with at least 0.01 support: 0; clusters: 245219
Threshold 0.3333333333333333:
polytomy of size 3; rounds with additions with at least 0.01 support: 0; clusters: 245219
polytomy of size 3; rounds with additions with at least 0.01 support: 0; clusters: 245219
polytomy of size 3; rounds with additions with at least 0.01 support: 0; clusters: 245219
polytomy of size 3; rounds with additions with at least 0.01 support: 0; clusters: 245219
polytomy of size 3; rounds with additions with at least 0.01 support: 0; clusters: 245219
Number of Clusters after addition by greedy: 245219
partitions formed in 118.039 secs
Dynamic Programming starting after 118.039 secs
Size of largest cluster: 201
Size of largest cluster: 201
Calculated 100000 weights; time (seconds): 168
Calculated 200000 weights; time (seconds): 70
Total Number of elements weighted: 391482
Normalized score (portion of input quartet trees satisfied): NaN
Final optimization score: 0
Calculated 300000 weights; time (seconds): 88
Total Number of elements weighted: 391482
Normalized score (portion of input quartet trees satisfied): 0.4414355222246286
Final optimization score: 21479161406
Optimal tree inferred in 404.491 secs.
(118,((57,135),(167,(((92,22),((179,9),((3,83),((1,159),(173,(63,170)))))),((100,(45,71)),(((67,(110,(158,(33,13)))),(((192,194),(104,(131,(26,(108,(182,139)))))),(((21,(107,145)),((171,(80,15)),(161,(20,(138,27))))),((95,113),((11,(73,(150,125))),((91,65),((62,40),((147,60),(196,((109,30),(153,160))))))))))),((((132,(136,(84,146))),(38,(((119,82),(99,(102,37))),((178,122),(10,(46,(176,117))))))),(4,((200,(116,93)),((185,(81,137)),(((188,(86,85)),(198,(123,154))),((79,(94,(70,(56,166)))),((190,(157,(191,174))),((169,183),(98,(36,39)))))))))),((151,(199,(78,17))),((((43,(7,128)),((143,155),(47,(68,141)))),((172,((52,(144,152)),((74,129),(156,(66,8))))),((32,(97,(19,(149,(51,197))))),(((148,41),((193,105),(59,(162,14)))),((2,186),((164,(87,(72,6))),(34,(126,((5,(127,(23,111))),((181,115),((106,48),(42,175)))))))))))),(0,(((114,25),(165,(64,24))),(((12,((121,163),(50,16))),((177,75),(53,(54,(18,134))))),((133,((35,89),((58,195),(69,124)))),(((103,(168,90)),((184,112),(61,(120,(49,77))))),(((130,189),(101,(55,180))),((28,(96,(140,(88,187)))),(29,(31,(76,(142,44))))))))))))))))))));
Quartet score is: 21479161406
Normalized quartet score is: 0.4414355222246286
ASTRAL finished in 437.551 secs
