
================== ASTRAL ===================== 

This is ASTRAL version 4.10.7
Gene trees are treated as unrooted
1000 trees read from ASTRALDATA/model.200.10000000.0.000001/09/estimatedgenetre.halfresolved
All output trees will be *arbitrarily* rooted at 138

======== Running the main analysis
Number of taxa: 201 (201 species)
Taxa: [138, 6, 28, 124, 63, 10, 153, 82, 167, 180, 139, 130, 75, 72, 80, 32, 190, 83, 158, 145, 1, 96, 62, 71, 186, 40, 74, 60, 52, 85, 91, 98, 192, 198, 174, 184, 56, 162, 126, 11, 193, 151, 200, 48, 34, 159, 13, 18, 182, 12, 129, 131, 102, 128, 53, 106, 0, 5, 132, 89, 123, 78, 54, 114, 163, 23, 149, 15, 166, 178, 173, 142, 171, 9, 110, 81, 45, 51, 140, 101, 172, 55, 150, 121, 84, 195, 122, 157, 59, 160, 111, 104, 26, 103, 154, 94, 176, 66, 196, 46, 109, 146, 189, 93, 49, 61, 95, 38, 17, 181, 31, 16, 143, 47, 27, 105, 79, 44, 41, 68, 20, 156, 92, 119, 30, 57, 42, 67, 43, 113, 107, 169, 134, 73, 199, 36, 127, 87, 191, 168, 179, 136, 37, 14, 155, 125, 64, 58, 88, 117, 147, 118, 120, 76, 99, 33, 29, 161, 77, 144, 194, 115, 183, 3, 100, 185, 86, 97, 164, 39, 35, 2, 8, 152, 137, 148, 116, 165, 50, 90, 133, 25, 24, 187, 135, 65, 21, 108, 112, 4, 177, 19, 22, 69, 197, 70, 170, 175, 188, 141, 7]
Number of gene trees: 1000
0 trees have missing taxa
Calculating quartet distance matrix (for completion of X)
Species tree distances calculated ...
Building set of clusters (X) from gene trees 
Using tree-based weight calculation.
Number of Default Clusters: 9377
Number of quartet trees in the gene trees: 65998350000
calculating extra bipartitions to be added at level 1 ...
Number of Clusters after addition by distance: 9377
Adding to X using resolutions of greedy consensus ...
Threshold 0.0:
Threshold 0.01:
Threshold 0.02:
Threshold 0.05:
Threshold 0.1:
Threshold 0.2:
polytomy of size 3; rounds with additions with at least 0.01 support: 0; clusters: 9377
polytomy of size 4; rounds with additions with at least 0.01 support: 0; clusters: 9377
Threshold 0.3333333333333333:
polytomy of size 4; rounds with additions with at least 0.01 support: 0; clusters: 9377
polytomy of size 3; rounds with additions with at least 0.01 support: 0; clusters: 9377
polytomy of size 4; rounds with additions with at least 0.01 support: 0; clusters: 9377
polytomy of size 3; rounds with additions with at least 0.01 support: 0; clusters: 9377
polytomy of size 4; rounds with additions with at least 0.01 support: 0; clusters: 9377
polytomy of size 5; rounds with additions with at least 0.01 support: 0; clusters: 9377
polytomy of size 3; rounds with additions with at least 0.01 support: 0; clusters: 9377
polytomy of size 3; rounds with additions with at least 0.01 support: 0; clusters: 9377
polytomy of size 3; rounds with additions with at least 0.01 support: 0; clusters: 9377
Number of Clusters after addition by greedy: 9377
partitions formed in 9.8 secs
Dynamic Programming starting after 9.8 secs
Size of largest cluster: 201
Total Number of elements weighted: 35105
Normalized score (portion of input quartet trees satisfied): 0.9515006345613186
Final optimization score: 62797471905
Optimal tree inferred in 262.587 secs.
(154,(103,(104,(26,(((160,111),(157,(122,59))),((((94,176),((121,(84,195)),((172,(55,150)),(45,(51,(140,101)))))),((142,171),((9,(110,81)),((149,(178,173)),((15,166),(114,(163,23))))))),((54,((123,78),(5,(132,89)))),(0,((106,((151,(193,200)),((11,(162,126)),((18,(34,(159,13))),(48,((182,12),(131,(129,(102,(128,53)))))))))),((((35,(2,(8,152))),((187,135),((25,24),((165,(50,90)),(133,(137,(148,116))))))),((174,(184,56)),(((124,(6,(138,(28,63)))),(((170,175),(197,70)),(69,(21,(108,(65,(22,(112,(19,(4,177)))))))))),((10,(198,(188,(141,7)))),((91,(98,192)),((153,((180,139),((82,167),(130,75)))),(((85,(40,74)),(52,(60,(71,186)))),((1,(96,62)),((145,(83,158)),(190,(80,(72,32)))))))))))),((66,(196,46)),(((61,(95,38)),((109,146),(49,(189,93)))),(((27,((105,(79,(44,41))),(17,((181,31),(47,(16,143)))))),(68,(20,((156,(119,(92,30))),(57,((42,67),(43,113))))))),(((107,169),((14,(155,125)),((179,(136,37)),(127,(87,(191,168)))))),((164,39),(134,((36,(73,199)),(97,((64,((88,117),(58,(147,118)))),((120,(76,99)),((100,185),(86,((77,(144,194)),((33,(29,161)),(3,(115,183))))))))))))))))))))))))));
Quartet score is: 62797471905
Normalized quartet score is: 0.9515006345613186
ASTRAL finished in 270.702 secs
