
================== ASTRAL ===================== 

This is ASTRAL version 4.10.8
Gene trees are treated as unrooted
997 trees read from model.200.2000000.0.0000001/21/estimatedgenetre.halfresolved
All outputted trees will be *arbitrarily* rooted at 4

======== Running the main analysis
Number of taxa: 201 (201 species)
Taxa: [4, 104, 167, 102, 21, 115, 107, 95, 78, 152, 84, 140, 7, 20, 114, 53, 137, 194, 174, 28, 179, 122, 87, 157, 56, 94, 182, 70, 111, 16, 147, 52, 39, 74, 61, 27, 154, 47, 170, 106, 32, 126, 165, 138, 17, 40, 198, 90, 166, 42, 19, 2, 136, 15, 184, 171, 132, 120, 199, 161, 36, 67, 163, 164, 176, 38, 189, 125, 0, 77, 196, 109, 69, 64, 96, 30, 100, 139, 71, 193, 31, 113, 143, 123, 86, 101, 72, 58, 65, 128, 63, 186, 116, 12, 135, 10, 62, 145, 185, 178, 41, 134, 188, 8, 73, 180, 25, 68, 150, 75, 190, 148, 173, 14, 85, 197, 141, 99, 133, 49, 23, 92, 79, 105, 130, 149, 119, 89, 191, 88, 46, 172, 1, 187, 54, 117, 200, 103, 183, 121, 29, 129, 160, 158, 168, 93, 83, 57, 131, 80, 9, 151, 162, 112, 81, 48, 60, 5, 34, 33, 11, 97, 175, 181, 50, 91, 156, 177, 108, 124, 169, 142, 45, 82, 146, 159, 55, 35, 44, 18, 144, 26, 24, 192, 155, 76, 22, 110, 51, 13, 6, 118, 153, 98, 3, 59, 127, 66, 37, 195, 43]
Taxon occupancy: {35=997, 36=997, 33=997, 159=997, 158=997, 34=997, 157=997, 39=997, 156=997, 37=997, 155=997, 38=997, 154=997, 152=997, 153=997, 150=997, 151=997, 43=997, 42=997, 41=997, 40=997, 200=997, 22=997, 23=997, 169=997, 24=997, 25=997, 166=997, 26=997, 27=997, 165=997, 28=997, 168=997, 167=997, 29=997, 3=997, 161=997, 2=997, 162=997, 163=997, 1=997, 0=997, 164=997, 30=997, 7=997, 6=997, 32=997, 5=997, 31=997, 4=997, 160=997, 9=997, 8=997, 19=997, 179=997, 17=997, 178=997, 18=997, 15=997, 177=997, 176=997, 16=997, 13=997, 14=997, 11=997, 12=997, 21=997, 170=997, 171=997, 20=997, 174=997, 175=997, 172=997, 173=997, 188=997, 187=997, 189=997, 180=997, 10=997, 181=997, 182=997, 183=997, 184=997, 185=997, 186=997, 116=997, 79=997, 117=997, 114=997, 78=997, 77=997, 115=997, 112=997, 113=997, 110=997, 111=997, 118=997, 119=997, 82=997, 83=997, 80=997, 81=997, 86=997, 87=997, 84=997, 85=997, 125=997, 67=997, 66=997, 126=997, 127=997, 69=997, 128=997, 68=997, 121=997, 122=997, 123=997, 124=997, 129=997, 70=997, 71=997, 120=997, 72=997, 73=997, 74=997, 75=997, 76=997, 134=997, 135=997, 132=997, 59=997, 133=997, 58=997, 138=997, 139=997, 57=997, 136=997, 56=997, 137=997, 55=997, 64=997, 65=997, 62=997, 63=997, 131=997, 60=997, 61=997, 130=997, 143=997, 49=997, 48=997, 144=997, 145=997, 146=997, 147=997, 45=997, 148=997, 44=997, 47=997, 149=997, 46=997, 51=997, 52=997, 53=997, 54=997, 140=997, 142=997, 141=997, 50=997, 109=997, 108=997, 107=997, 106=997, 105=997, 104=997, 103=997, 102=997, 99=997, 101=997, 100=997, 98=997, 97=997, 96=997, 95=997, 94=997, 93=997, 92=997, 91=997, 90=997, 88=997, 89=997, 195=997, 194=997, 197=997, 196=997, 191=997, 190=997, 193=997, 192=997, 198=997, 199=997}
Number of gene trees: 997
0 trees have missing taxa
Calculating quartet distance matrix (for completion of X)
Species tree distances calculated ...
Building set of clusters (X) from gene trees 
Using tree-based weight calculation.
Number of Default Clusters: 51771
Number of quartet trees in the gene trees: 65791158573
calculating extra bipartitions to be added at level 1 ...
Number of Clusters after addition by distance: 51771
Adding to X using resolutions of greedy consensus ...
Threshold 0.0:
polytomy of size 3; rounds with additions with at least 0.01 support: 0; clusters: 51777
Threshold 0.01:
polytomy of size 7; rounds with additions with at least 0.01 support: 3; clusters: 51855
Threshold 0.02:
polytomy of size 9; rounds with additions with at least 0.01 support: 1; clusters: 51987
Threshold 0.05:
polytomy of size 3; rounds with additions with at least 0.01 support: 0; clusters: 51987
polytomy of size 11; rounds with additions with at least 0.01 support: 0; clusters: 51987
Threshold 0.1:
polytomy of size 17; rounds with additions with at least 0.01 support: 0; clusters: 51991
Threshold 0.2:
polytomy of size 4; rounds with additions with at least 0.01 support: 0; clusters: 51991
polytomy of size 21; rounds with additions with at least 0.01 support: 0; clusters: 51991
Threshold 0.3333333333333333:
polytomy of size 4; rounds with additions with at least 0.01 support: 0; clusters: 51991
polytomy of size 4; rounds with additions with at least 0.01 support: 0; clusters: 51991
polytomy of size 3; rounds with additions with at least 0.01 support: 0; clusters: 51991
polytomy of size 5; rounds with additions with at least 0.01 support: 0; clusters: 51991
polytomy of size 3; rounds with additions with at least 0.01 support: 0; clusters: 51991
polytomy of size 3; rounds with additions with at least 0.01 support: 0; clusters: 51991
polytomy of size 3; rounds with additions with at least 0.01 support: 0; clusters: 51991
polytomy of size 3; rounds with additions with at least 0.01 support: 0; clusters: 51991
polytomy of size 26; rounds with additions with at least 0.01 support: 0; clusters: 53407
Number of Clusters after addition by greedy: 53407
partitions formed in 26.832 secs
Dynamic Programming starting after 26.832 secs
Size of largest cluster: 201
Size of largest cluster: 201
Total Number of elements weighted: 136687
Normalized score (portion of input quartet trees satisfied): NaN
Final optimization score: 0
Calculated 100000 weights; time (seconds): 50
Total Number of elements weighted: 136687
Normalized score (portion of input quartet trees satisfied): 0.6048106226895036
Final optimization score: 39791191584
Optimal tree inferred in 59.602 secs.
(4,((104,167),(((183,121),(((151,(5,34)),((48,60),(81,(162,112)))),((93,83),(((129,160),(158,168)),(29,((80,9),(57,131))))))),(((161,36),((67,(163,164)),(125,(176,(38,189))))),(((195,(43,((35,44),((18,144),(26,(24,(192,155))))))),((159,55),((45,(82,146)),((50,(91,(156,177))),(181,(108,(124,(169,142)))))))),(0,(((21,115),((107,95),((78,(152,84)),((140,7),((20,114),(53,(137,(194,174)))))))),((((76,22),(51,(110,13))),((88,(46,172)),((133,191),((149,119),((23,89),(49,(130,(92,(79,105))))))))),((((184,(199,(120,(171,132)))),(31,(((113,143),(58,65)),((101,72),(123,86))))),(102,(((193,(96,30)),(157,(122,(179,87)))),(((126,165),(42,19)),((28,(2,136)),(56,((100,139),((94,71),(182,((106,32),((47,(154,170)),(70,((61,(74,(52,39))),(111,(27,(16,147)))))))))))))))),((((77,196),(109,(69,64))),(((117,(200,103)),(153,(6,118))),((59,(127,(66,37))),((98,3),(1,(187,54)))))),(((33,(11,(97,175))),((148,(173,14)),(((25,68),(150,(75,190))),((85,197),((141,99),(188,(73,(8,180)))))))),(((62,145),(12,(128,((135,10),(116,(63,186)))))),((185,(178,(41,134))),((138,15),(17,(90,(198,(40,166))))))))))))))))));
Quartet score is: 39791191584
Normalized quartet score is: 0.6048106226895036
ASTRAL finished in 69.34 secs
