
================== ASTRAL ===================== 

This is ASTRAL version 4.10.8
Gene trees are treated as unrooted
999 trees read from model.50.2000000.0.000001/38/estimatedgenetre.halfresolved
All outputted trees will be *arbitrarily* rooted at 19

======== Running the main analysis
Number of taxa: 51 (51 species)
Taxa: [19, 5, 35, 43, 40, 1, 46, 12, 37, 25, 0, 28, 42, 14, 21, 33, 48, 17, 2, 10, 27, 31, 47, 44, 38, 7, 11, 30, 23, 49, 26, 18, 29, 36, 15, 4, 9, 32, 22, 39, 3, 6, 45, 41, 24, 50, 34, 8, 20, 13, 16]
Taxon occupancy: {35=999, 36=999, 33=999, 34=999, 39=999, 37=999, 38=999, 43=999, 42=999, 41=999, 40=999, 22=999, 23=999, 24=999, 25=999, 26=999, 27=999, 28=999, 29=999, 3=999, 2=999, 1=999, 0=999, 7=999, 30=999, 6=999, 5=999, 32=999, 31=999, 4=999, 9=999, 8=999, 19=999, 17=999, 18=999, 15=999, 16=999, 13=999, 14=999, 11=999, 12=999, 21=999, 20=999, 49=999, 48=999, 45=999, 44=999, 47=999, 46=999, 10=999, 50=999}
Number of gene trees: 999
0 trees have missing taxa
Calculating quartet distance matrix (for completion of X)
Species tree distances calculated ...
Building set of clusters (X) from gene trees 
Using tree-based weight calculation.
Number of Default Clusters: 4603
Number of quartet trees in the gene trees: 249644955
calculating extra bipartitions to be added at level 1 ...
Number of Clusters after addition by distance: 4603
Adding to X using resolutions of greedy consensus ...
Threshold 0.0:
Threshold 0.01:
Threshold 0.02:
Threshold 0.05:
Threshold 0.1:
Threshold 0.2:
Threshold 0.3333333333333333:
polytomy of size 5; rounds with additions with at least 0.01 support: 0; clusters: 4603
Number of Clusters after addition by greedy: 4603
partitions formed in 1.912 secs
Dynamic Programming starting after 1.912 secs
Size of largest cluster: 51
Size of largest cluster: 51
Total Number of elements weighted: 18719
Normalized score (portion of input quartet trees satisfied): NaN
Final optimization score: 0
Total Number of elements weighted: 18719
Normalized score (portion of input quartet trees satisfied): 0.8905871500587704
Final optimization score: 222330589
Optimal tree inferred in 3.384 secs.
(19,((5,35),((12,(37,25)),(((21,33),((28,(42,14)),((43,40),(1,46)))),(0,((((50,34),((20,13),(8,16))),((4,(32,(9,22))),((39,3),(24,(6,(45,41)))))),((2,10),(((27,31),(47,44)),((48,17),((38,(18,(29,36))),(30,((26,(23,49)),(15,(7,11))))))))))))));
Quartet score is: 222330589
Normalized quartet score is: 0.8905871500587704
ASTRAL finished in 4.748 secs
