
================== ASTRAL ===================== 

This is ASTRAL version 4.10.10
Gene trees are treated as unrooted
1000 trees read from ASTRALDATA/model.200.10000000.0.000001/17/estimatedgenetre.halfresolved
All output trees will be *arbitrarily* rooted at 8

======== Running the main analysis
Number of taxa: 201 (201 species)
Taxa: [8, 140, 156, 119, 22, 59, 142, 196, 42, 7, 135, 88, 132, 70, 104, 111, 112, 105, 110, 106, 76, 5, 44, 96, 11, 126, 60, 51, 13, 116, 54, 159, 66, 188, 186, 195, 151, 100, 131, 138, 28, 150, 160, 136, 64, 178, 0, 108, 72, 158, 18, 74, 101, 190, 107, 15, 182, 162, 161, 139, 199, 172, 176, 155, 187, 114, 124, 145, 102, 50, 95, 118, 10, 128, 177, 115, 40, 169, 65, 91, 23, 122, 99, 198, 185, 89, 123, 113, 183, 133, 4, 120, 63, 125, 165, 191, 149, 166, 52, 129, 68, 35, 55, 37, 144, 83, 57, 81, 97, 48, 146, 154, 47, 20, 53, 3, 73, 181, 71, 87, 6, 9, 147, 36, 170, 85, 62, 157, 84, 2, 19, 98, 179, 184, 56, 46, 32, 90, 134, 45, 38, 141, 130, 67, 175, 75, 16, 163, 164, 82, 103, 41, 30, 78, 152, 34, 117, 58, 92, 171, 189, 180, 86, 33, 127, 173, 1, 79, 143, 193, 17, 121, 137, 80, 77, 39, 27, 168, 31, 25, 192, 148, 12, 14, 109, 167, 94, 61, 93, 194, 200, 29, 69, 49, 26, 43, 197, 24, 153, 174, 21]
Taxon occupancy: {35=1000, 36=1000, 159=1000, 33=1000, 158=1000, 34=1000, 157=1000, 39=1000, 156=1000, 155=1000, 37=1000, 154=1000, 38=1000, 152=1000, 153=1000, 150=1000, 151=1000, 43=1000, 42=1000, 41=1000, 40=1000, 200=1000, 22=1000, 23=1000, 169=1000, 24=1000, 25=1000, 26=1000, 166=1000, 165=1000, 27=1000, 28=1000, 168=1000, 167=1000, 29=1000, 161=1000, 3=1000, 162=1000, 2=1000, 163=1000, 1=1000, 0=1000, 164=1000, 7=1000, 30=1000, 6=1000, 5=1000, 32=1000, 4=1000, 160=1000, 31=1000, 9=1000, 8=1000, 19=1000, 179=1000, 17=1000, 18=1000, 178=1000, 177=1000, 15=1000, 176=1000, 16=1000, 13=1000, 14=1000, 11=1000, 12=1000, 21=1000, 170=1000, 20=1000, 171=1000, 174=1000, 175=1000, 172=1000, 173=1000, 188=1000, 187=1000, 189=1000, 180=1000, 10=1000, 181=1000, 182=1000, 183=1000, 184=1000, 185=1000, 186=1000, 116=1000, 117=1000, 79=1000, 114=1000, 78=1000, 115=1000, 77=1000, 112=1000, 113=1000, 110=1000, 111=1000, 118=1000, 119=1000, 82=1000, 83=1000, 80=1000, 81=1000, 86=1000, 87=1000, 84=1000, 85=1000, 125=1000, 67=1000, 126=1000, 66=1000, 69=1000, 127=1000, 128=1000, 68=1000, 121=1000, 122=1000, 123=1000, 124=1000, 129=1000, 70=1000, 120=1000, 71=1000, 72=1000, 73=1000, 74=1000, 75=1000, 76=1000, 134=1000, 135=1000, 132=1000, 133=1000, 59=1000, 138=1000, 58=1000, 139=1000, 57=1000, 136=1000, 56=1000, 55=1000, 137=1000, 64=1000, 65=1000, 62=1000, 63=1000, 60=1000, 131=1000, 130=1000, 61=1000, 49=1000, 143=1000, 144=1000, 48=1000, 145=1000, 146=1000, 147=1000, 45=1000, 44=1000, 148=1000, 149=1000, 47=1000, 46=1000, 51=1000, 52=1000, 53=1000, 54=1000, 140=1000, 142=1000, 50=1000, 141=1000, 109=1000, 108=1000, 107=1000, 106=1000, 105=1000, 104=1000, 103=1000, 99=1000, 102=1000, 101=1000, 100=1000, 98=1000, 97=1000, 96=1000, 95=1000, 94=1000, 93=1000, 92=1000, 91=1000, 90=1000, 88=1000, 89=1000, 195=1000, 194=1000, 197=1000, 196=1000, 191=1000, 190=1000, 193=1000, 192=1000, 198=1000, 199=1000}
Number of gene trees: 1000
0 trees have missing taxa
Calculating quartet distance matrix (for completion of X)
Species tree distances calculated ...
Building set of clusters (X) from gene trees 
Using tree-based weight calculation.
Number of Default Clusters: 6739
Number of quartet trees in the gene trees: 65998347426
calculating extra bipartitions to be added at level 1 ...
Number of Clusters after addition by distance: 6739
Adding to X using resolutions of greedy consensus ...
Threshold 0.0:
Threshold 0.01:
Threshold 0.02:
Threshold 0.05:
Threshold 0.1:
Threshold 0.2:
polytomy of size 3; rounds with additions with at least 0.01 support: 0; clusters: 6739
polytomy of size 3; rounds with additions with at least 0.01 support: 0; clusters: 6739
Threshold 0.3333333333333333:
polytomy of size 3; rounds with additions with at least 0.01 support: 0; clusters: 6739
polytomy of size 3; rounds with additions with at least 0.01 support: 0; clusters: 6739
polytomy of size 3; rounds with additions with at least 0.01 support: 0; clusters: 6739
polytomy of size 4; rounds with additions with at least 0.01 support: 0; clusters: 6739
polytomy of size 3; rounds with additions with at least 0.01 support: 0; clusters: 6739
polytomy of size 3; rounds with additions with at least 0.01 support: 0; clusters: 6739
polytomy of size 3; rounds with additions with at least 0.01 support: 0; clusters: 6739
polytomy of size 3; rounds with additions with at least 0.01 support: 0; clusters: 6739
polytomy of size 3; rounds with additions with at least 0.01 support: 0; clusters: 6739
polytomy of size 3; rounds with additions with at least 0.01 support: 0; clusters: 6739
Number of Clusters after addition by greedy: 6739
partitions formed in 9.086 secs
Dynamic Programming starting after 9.087 secs
Size of largest cluster: 201
Total Number of elements weighted: 21306
Normalized score (portion of input quartet trees satisfied): 0.9679805233097777
Final optimization score: 63885114879
Optimal tree inferred in 133.809 secs.
(165,(125,(63,((191,149),(((4,120),((183,133),((198,185),(89,(123,113))))),((122,99),((169,(65,(91,23))),(40,((68,((83,(57,81)),((97,(48,146)),(35,(55,(37,144)))))),((52,(166,129)),(((154,53),(47,20)),(((6,(87,(9,147))),(98,((36,170),((62,157),(85,(19,(84,2))))))),((115,(73,(3,(181,71)))),(((108,72),((((114,124),(145,102)),((50,95),(118,(128,(10,177))))),(((139,(199,172)),(176,(155,187))),((182,(15,(162,161))),((190,107),(158,(18,(74,101)))))))),(0,((((186,(188,195)),((138,28),((151,(100,131)),(150,(160,136))))),(((156,(8,140)),((54,(159,66)),((105,(11,(44,(96,(76,5))))),((110,106),(126,(51,(13,(60,116)))))))),(((69,(43,(49,26))),((197,24),(153,(174,21)))),((194,(200,29)),(((196,(142,42)),(59,(119,22))),(((70,104),(111,112)),(7,(132,(135,88))))))))),(((64,178),((192,148),((109,(12,14)),((167,94),(61,93))))),(((27,(168,(31,25))),((38,(175,(164,(16,(75,163))))),((130,(141,67)),((134,45),((184,(179,56)),(90,(46,32))))))),((17,(121,(39,(137,(80,77))))),((86,(33,((143,193),(127,(79,(173,1)))))),(82,((41,(78,(103,30))),((171,(189,180)),(92,((117,58),(152,34))))))))))))))))))))))))));
Quartet score is: 63885114879
Normalized quartet score is: 0.9679805233097777
ASTRAL finished in 142.612 secs
