
================== ASTRAL ===================== 

This is ASTRAL version 4.10.7
Gene trees are treated as unrooted
1000 trees read from ASTRALDATA/model.200.2000000.0.0000001/06/estimatedgenetre.halfresolved
All output trees will be *arbitrarily* rooted at 178

======== Running the main analysis
Number of taxa: 201 (201 species)
Taxa: [178, 102, 82, 133, 175, 73, 158, 97, 123, 183, 195, 143, 189, 40, 62, 42, 155, 166, 151, 69, 186, 53, 187, 2, 115, 19, 144, 180, 113, 126, 46, 109, 18, 3, 145, 159, 6, 100, 84, 103, 54, 184, 121, 162, 33, 174, 149, 134, 49, 12, 36, 119, 96, 117, 57, 157, 141, 37, 78, 132, 0, 172, 182, 35, 43, 48, 200, 10, 13, 107, 142, 191, 112, 111, 147, 190, 110, 135, 118, 152, 23, 7, 154, 165, 76, 30, 16, 55, 130, 61, 14, 185, 169, 44, 153, 88, 194, 51, 164, 81, 122, 94, 93, 89, 105, 63, 41, 120, 38, 25, 85, 171, 5, 75, 163, 29, 22, 50, 60, 138, 87, 148, 150, 56, 92, 66, 64, 131, 197, 11, 71, 136, 83, 32, 8, 129, 173, 59, 31, 27, 99, 58, 104, 52, 9, 47, 108, 15, 198, 161, 128, 70, 181, 177, 91, 199, 101, 188, 39, 176, 139, 34, 79, 124, 17, 21, 67, 45, 193, 196, 80, 95, 106, 160, 140, 137, 116, 114, 146, 26, 167, 86, 1, 192, 68, 170, 74, 127, 20, 98, 179, 72, 77, 168, 90, 28, 65, 156, 24, 4, 125]
Number of gene trees: 1000
0 trees have missing taxa
Calculating quartet distance matrix (for completion of X)
Species tree distances calculated ...
Building set of clusters (X) from gene trees 
Using tree-based weight calculation.
Number of Default Clusters: 123483
Number of quartet trees in the gene trees: 65996546127
calculating extra bipartitions to be added at level 1 ...
Number of Clusters after addition by distance: 123497
Adding to X using resolutions of greedy consensus ...
Threshold 0.0:
polytomy of size 9; rounds with additions with at least 0.01 support: 9; clusters: 123809
Threshold 0.01:
polytomy of size 5; rounds with additions with at least 0.01 support: 0; clusters: 123819
polytomy of size 15; rounds with additions with at least 0.01 support: 4; clusters: 124883
Threshold 0.02:
polytomy of size 22; rounds with additions with at least 0.01 support: 0; clusters: 127155
Threshold 0.05:
polytomy of size 28; rounds with additions with at least 0.01 support: 0; clusters: 127249
Threshold 0.1:
polytomy of size 3; rounds with additions with at least 0.01 support: 0; clusters: 127249
polytomy of size 42; rounds with additions with at least 0.01 support: 0; clusters: 127287
Threshold 0.2:
polytomy of size 3; rounds with additions with at least 0.01 support: 0; clusters: 127287
polytomy of size 4; rounds with additions with at least 0.01 support: 0; clusters: 127287
polytomy of size 3; rounds with additions with at least 0.01 support: 0; clusters: 127287
polytomy of size 3; rounds with additions with at least 0.01 support: 0; clusters: 127287
polytomy of size 54; rounds with additions with at least 0.01 support: 0; clusters: 127335
Threshold 0.3333333333333333:
polytomy of size 5; rounds with additions with at least 0.01 support: 0; clusters: 127335
polytomy of size 3; rounds with additions with at least 0.01 support: 0; clusters: 127335
polytomy of size 4; rounds with additions with at least 0.01 support: 0; clusters: 127335
polytomy of size 4; rounds with additions with at least 0.01 support: 0; clusters: 127335
polytomy of size 3; rounds with additions with at least 0.01 support: 0; clusters: 127335
polytomy of size 4; rounds with additions with at least 0.01 support: 0; clusters: 127335
polytomy of size 4; rounds with additions with at least 0.01 support: 0; clusters: 127335
polytomy of size 3; rounds with additions with at least 0.01 support: 0; clusters: 127335
polytomy of size 3; rounds with additions with at least 0.01 support: 0; clusters: 127335
polytomy of size 72; rounds with additions with at least 0.01 support: 1; clusters: 162243
polytomy of size 3; rounds with additions with at least 0.01 support: 0; clusters: 162243
Number of Clusters after addition by greedy: 162243
partitions formed in 84.026 secs
Dynamic Programming starting after 84.026 secs
Size of largest cluster: 201
Calculated 100000 weights; time (seconds): 871
Calculated 200000 weights; time (seconds): 812
Calculated 300000 weights; time (seconds): 857
Total Number of elements weighted: 374498
Normalized score (portion of input quartet trees satisfied): 0.5223068235672066
Final optimization score: 34470446374
Optimal tree inferred in 3194.95 secs.
(153,((164,(81,122)),((((88,194),((149,51),(75,163))),((138,((171,5),(85,((22,60),(29,50))))),(93,((89,38),(94,((105,25),(41,(63,120)))))))),(((87,(148,(150,56))),((169,(185,44)),((55,130),(16,(61,14))))),((66,(92,(131,((64,83),(197,(71,136)))))),((((67,45),(49,7)),(76,(30,(154,165)))),((((182,((161,(198,128)),(9,(15,(47,108))))),(139,((172,(188,(199,101))),((39,176),(70,(177,(181,91))))))),((11,((200,10),(35,(43,48)))),((173,(59,31)),((180,(178,((102,82),(133,(175,73))))),(72,(77,(168,((36,119),(90,(28,65)))))))))),(0,(((12,((58,52),(104,(27,99)))),(32,((96,(117,57)),((157,132),(141,(37,78)))))),(191,((((107,(13,142)),(17,(124,(21,(34,79))))),(8,((134,((112,(95,(80,(193,196)))),((135,118),(111,(147,((152,23),(190,110))))))),(129,(((170,74),(192,68)),((86,1),((106,(140,(160,137))),(116,(167,(114,(146,26))))))))))),((20,(98,179)),((((69,186),((53,187),(42,(166,(155,151))))),(((2,115),(19,144)),((62,(143,(189,40))),(158,(123,(97,(183,195))))))),(127,((156,(24,(4,125))),(113,(174,((126,(109,(18,(3,((145,159),(6,100)))))),(46,((121,(162,33)),(84,(54,(103,184)))))))))))))))))))))));
Quartet score is: 34470446374
Normalized quartet score is: 0.5223068235672066
ASTRAL finished in 3203.504 secs
