
================== ASTRAL ===================== 

This is ASTRAL version 4.10.8
Gene trees are treated as unrooted
1000 trees read from model.1000.2000000.0.000001/05/estimatedgenetre.halfresolved
All outputted trees will be *arbitrarily* rooted at 210

======== Running the main analysis
Number of taxa: 1001 (1001 species)
Taxa: [210, 893, 282, 367, 861, 29, 116, 220, 427, 352, 301, 75, 807, 167, 680, 869, 80, 627, 101, 393, 818, 315, 647, 741, 416, 915, 349, 809, 552, 395, 102, 769, 406, 561, 348, 120, 985, 577, 284, 904, 308, 448, 546, 39, 183, 683, 989, 480, 650, 289, 330, 511, 298, 270, 386, 897, 888, 609, 529, 502, 291, 660, 957, 202, 862, 439, 605, 784, 445, 180, 257, 613, 18, 216, 433, 293, 670, 331, 356, 800, 136, 374, 283, 450, 498, 927, 831, 474, 366, 190, 558, 515, 740, 750, 99, 541, 341, 580, 436, 545, 310, 937, 783, 184, 868, 974, 798, 296, 57, 204, 649, 594, 287, 369, 355, 151, 304, 788, 624, 581, 844, 64, 218, 148, 46, 346, 952, 947, 408, 313, 16, 421, 585, 243, 81, 86, 19, 482, 615, 401, 200, 115, 666, 917, 774, 155, 181, 943, 811, 69, 521, 496, 850, 143, 297, 520, 900, 470, 206, 730, 626, 926, 336, 913, 147, 761, 731, 31, 322, 165, 961, 685, 382, 637, 776, 720, 954, 255, 353, 551, 778, 484, 203, 299, 342, 781, 964, 977, 61, 797, 425, 948, 628, 134, 92, 854, 443, 407, 573, 500, 946, 87, 588, 688, 38, 292, 621, 664, 940, 760, 880, 328, 863, 258, 718, 6, 510, 958, 256, 912, 681, 317, 616, 307, 978, 848, 56, 274, 804, 538, 335, 117, 956, 876, 526, 171, 820, 131, 411, 814, 481, 329, 55, 385, 877, 455, 579, 855, 687, 593, 42, 499, 772, 333, 205, 780, 14, 672, 201, 440, 998, 59, 547, 423, 676, 312, 789, 795, 843, 704, 645, 192, 428, 597, 306, 935, 272, 663, 955, 656, 490, 74, 751, 824, 234, 883, 88, 970, 816, 111, 447, 911, 138, 362, 539, 905, 758, 343, 7, 33, 493, 271, 130, 992, 668, 468, 364, 379, 518, 146, 701, 821, 168, 456, 503, 555, 870, 768, 582, 90, 199, 302, 489, 618, 263, 612, 725, 135, 894, 678, 213, 244, 159, 884, 504, 754, 596, 389, 942, 208, 154, 991, 118, 525, 219, 294, 140, 419, 825, 44, 878, 478, 553, 273, 23, 173, 936, 458, 604, 707, 533, 639, 632, 430, 188, 334, 278, 438, 903, 487, 361, 217, 390, 32, 517, 78, 700, 93, 185, 238, 486, 679, 465, 542, 158, 268, 968, 771, 381, 384, 836, 264, 756, 110, 697, 373, 51, 747, 908, 981, 417, 160, 463, 575, 512, 608, 544, 9, 108, 8, 327, 790, 607, 516, 572, 691, 501, 11, 779, 25, 404, 972, 801, 835, 938, 930, 986, 622, 464, 983, 583, 988, 359, 592, 543, 175, 791, 485, 314, 671, 1, 527, 323, 318, 753, 661, 237, 483, 742, 191, 402, 859, 866, 695, 714, 300, 13, 933, 901, 619, 246, 916, 113, 285, 437, 879, 976, 35, 689, 711, 142, 528, 129, 606, 141, 449, 94, 923, 277, 610, 638, 567, 629, 514, 907, 215, 178, 472, 432, 73, 717, 631, 889, 466, 422, 971, 350, 212, 100, 24, 250, 920, 669, 398, 441, 568, 259, 640, 982, 770, 737, 97, 340, 540, 867, 76, 698, 557, 899, 625, 560, 149, 802, 523, 719, 817, 225, 22, 881, 106, 728, 252, 337, 371, 492, 556, 469, 674, 932, 58, 887, 279, 570, 749, 759, 72, 172, 85, 0, 563, 794, 673, 562, 799, 409, 729, 713, 121, 636, 479, 21, 127, 48, 654, 70, 925, 453, 182, 595, 227, 895, 885, 152, 549, 858, 653, 28, 860, 655, 132, 967, 344, 739, 5, 351, 941, 460, 744, 193, 782, 476, 537, 644, 15, 851, 721, 414, 966, 457, 524, 383, 785, 66, 267, 705, 144, 953, 10, 412, 773, 230, 614, 239, 648, 254, 815, 849, 686, 207, 984, 950, 214, 91, 251, 40, 34, 603, 133, 170, 536, 890, 675, 303, 828, 709, 598, 805, 507, 922, 832, 508, 658, 975, 2, 360, 838, 830, 886, 787, 497, 280, 368, 677, 240, 95, 103, 990, 471, 63, 319, 43, 186, 910, 295, 564, 413, 657, 123, 589, 316, 973, 248, 712, 745, 559, 67, 765, 767, 377, 488, 3, 987, 949, 391, 924, 162, 426, 505, 746, 659, 914, 233, 726, 777, 380, 803, 667, 724, 266, 662, 755, 262, 602, 375, 733, 83, 339, 710, 174, 531, 600, 261, 846, 793, 763, 792, 766, 324, 125, 311, 738, 137, 620, 68, 153, 82, 532, 365, 12, 736, 145, 41, 692, 980, 682, 882, 635, 309, 960, 509, 224, 157, 410, 164, 112, 565, 929, 415, 715, 796, 962, 47, 891, 716, 399, 775, 748, 98, 45, 642, 569, 822, 122, 446, 53, 611, 812, 829, 84, 226, 20, 665, 808, 865, 321, 345, 354, 235, 491, 806, 534, 241, 473, 288, 530, 52, 290, 833, 477, 864, 245, 150, 420, 187, 584, 357, 762, 764, 856, 931, 96, 253, 107, 71, 4, 332, 434, 722, 286, 696, 435, 690, 461, 197, 222, 652, 752, 378, 513, 305, 275, 892, 126, 810, 634, 643, 194, 223, 708, 36, 535, 813, 60, 633, 62, 161, 996, 247, 979, 826, 392, 921, 934, 462, 706, 587, 451, 852, 590, 623, 265, 1000, 703, 939, 189, 699, 281, 896, 554, 566, 519, 405, 387, 995, 229, 969, 388, 617, 276, 221, 89, 872, 156, 743, 139, 757, 906, 641, 232, 475, 965, 77, 236, 376, 228, 50, 963, 732, 997, 727, 442, 418, 841, 176, 49, 574, 105, 928, 630, 571, 578, 231, 684, 249, 786, 326, 548, 370, 735, 260, 209, 363, 242, 54, 17, 601, 834, 372, 163, 459, 104, 586, 944, 195, 338, 177, 842, 839, 269, 522, 857, 452, 847, 124, 394, 959, 169, 431, 871, 454, 994, 902, 827, 396, 694, 495, 424, 320, 591, 819, 467, 723, 918, 823, 734, 873, 429, 37, 397, 919, 403, 114, 196, 550, 65, 198, 27, 119, 444, 494, 179, 646, 909, 853, 576, 400, 874, 845, 651, 358, 79, 30, 999, 211, 945, 951, 693, 347, 325, 840, 993, 109, 702, 128, 166, 898, 506, 837, 875, 26, 599]
Taxon occupancy: {338=1000, 339=1000, 941=1000, 942=1000, 940=1000, 945=1000, 332=1000, 333=1000, 946=1000, 330=1000, 943=1000, 944=1000, 331=1000, 336=1000, 949=1000, 337=1000, 334=1000, 947=1000, 335=1000, 948=1000, 531=1000, 748=1000, 530=1000, 747=1000, 746=1000, 745=1000, 535=1000, 534=1000, 533=1000, 749=1000, 532=1000, 539=1000, 740=1000, 538=1000, 537=1000, 536=1000, 744=1000, 743=1000, 742=1000, 741=1000, 349=1000, 930=1000, 931=1000, 341=1000, 932=1000, 342=1000, 933=1000, 934=1000, 343=1000, 935=1000, 344=1000, 345=1000, 936=1000, 937=1000, 346=1000, 347=1000, 938=1000, 939=1000, 348=1000, 735=1000, 540=1000, 3=1000, 734=1000, 2=1000, 929=1000, 542=1000, 1=1000, 737=1000, 541=1000, 0=1000, 736=1000, 7=1000, 544=1000, 739=1000, 6=1000, 543=1000, 738=1000, 546=1000, 340=1000, 5=1000, 4=1000, 545=1000, 548=1000, 547=1000, 9=1000, 8=1000, 549=1000, 731=1000, 730=1000, 733=1000, 732=1000, 920=1000, 318=1000, 319=1000, 316=1000, 317=1000, 927=1000, 314=1000, 928=1000, 315=1000, 312=1000, 925=1000, 313=1000, 926=1000, 310=1000, 923=1000, 924=1000, 311=1000, 921=1000, 922=1000, 513=1000, 512=1000, 729=1000, 511=1000, 728=1000, 727=1000, 510=1000, 726=1000, 725=1000, 919=1000, 724=1000, 918=1000, 723=1000, 722=1000, 721=1000, 519=1000, 720=1000, 518=1000, 517=1000, 516=1000, 515=1000, 514=1000, 327=1000, 328=1000, 329=1000, 323=1000, 914=1000, 915=1000, 324=1000, 325=1000, 916=1000, 326=1000, 917=1000, 709=1000, 910=1000, 320=1000, 911=1000, 321=1000, 912=1000, 913=1000, 322=1000, 522=1000, 717=1000, 521=1000, 716=1000, 719=1000, 524=1000, 718=1000, 523=1000, 908=1000, 713=1000, 907=1000, 712=1000, 520=1000, 715=1000, 909=1000, 714=1000, 529=1000, 711=1000, 710=1000, 526=1000, 525=1000, 528=1000, 527=1000, 989=1000, 988=1000, 987=1000, 571=1000, 570=1000, 982=1000, 981=1000, 980=1000, 986=1000, 985=1000, 984=1000, 983=1000, 700=1000, 574=1000, 703=1000, 704=1000, 575=1000, 701=1000, 572=1000, 702=1000, 573=1000, 578=1000, 707=1000, 708=1000, 579=1000, 576=1000, 705=1000, 706=1000, 577=1000, 977=1000, 976=1000, 979=1000, 300=1000, 978=1000, 302=1000, 580=1000, 301=1000, 582=1000, 304=1000, 581=1000, 303=1000, 306=1000, 305=1000, 308=1000, 971=1000, 970=1000, 307=1000, 973=1000, 972=1000, 309=1000, 975=1000, 974=1000, 583=1000, 584=1000, 585=1000, 586=1000, 587=1000, 588=1000, 589=1000, 969=1000, 968=1000, 967=1000, 966=1000, 965=1000, 964=1000, 963=1000, 962=1000, 961=1000, 960=1000, 558=1000, 559=1000, 556=1000, 557=1000, 554=1000, 555=1000, 552=1000, 553=1000, 550=1000, 551=1000, 959=1000, 958=1000, 560=1000, 955=1000, 954=1000, 957=1000, 956=1000, 951=1000, 950=1000, 953=1000, 952=1000, 569=1000, 565=1000, 566=1000, 567=1000, 568=1000, 561=1000, 562=1000, 563=1000, 564=1000, 799=1000, 798=1000, 797=1000, 796=1000, 795=1000, 794=1000, 793=1000, 792=1000, 996=1000, 790=1000, 997=1000, 791=1000, 994=1000, 995=1000, 992=1000, 993=1000, 990=1000, 991=1000, 998=1000, 999=1000, 781=1000, 782=1000, 783=1000, 784=1000, 785=1000, 786=1000, 787=1000, 788=1000, 789=1000, 780=1000, 772=1000, 505=1000, 506=1000, 773=1000, 503=1000, 770=1000, 504=1000, 771=1000, 776=1000, 509=1000, 777=1000, 774=1000, 507=1000, 508=1000, 775=1000, 778=1000, 779=1000, 501=1000, 502=1000, 500=1000, 763=1000, 764=1000, 765=1000, 766=1000, 760=1000, 761=1000, 762=1000, 767=1000, 768=1000, 769=1000, 754=1000, 755=1000, 752=1000, 753=1000, 750=1000, 751=1000, 758=1000, 759=1000, 756=1000, 757=1000, 595=1000, 594=1000, 597=1000, 391=1000, 390=1000, 596=1000, 599=1000, 393=1000, 392=1000, 598=1000, 395=1000, 394=1000, 396=1000, 397=1000, 398=1000, 399=1000, 590=1000, 591=1000, 592=1000, 593=1000, 383=1000, 384=1000, 381=1000, 382=1000, 380=1000, 389=1000, 388=1000, 387=1000, 386=1000, 385=1000, 370=1000, 371=1000, 372=1000, 373=1000, 379=1000, 378=1000, 375=1000, 374=1000, 377=1000, 376=1000, 361=1000, 362=1000, 360=1000, 366=1000, 365=1000, 364=1000, 363=1000, 369=1000, 368=1000, 367=1000, 350=1000, 351=1000, 353=1000, 352=1000, 355=1000, 354=1000, 357=1000, 356=1000, 359=1000, 358=1000, 806=1000, 807=1000, 804=1000, 805=1000, 802=1000, 803=1000, 800=1000, 801=1000, 159=1000, 158=1000, 157=1000, 156=1000, 155=1000, 154=1000, 601=1000, 152=1000, 600=1000, 153=1000, 150=1000, 151=1000, 609=1000, 608=1000, 607=1000, 606=1000, 605=1000, 604=1000, 603=1000, 602=1000, 202=1000, 203=1000, 204=1000, 205=1000, 200=1000, 201=1000, 169=1000, 166=1000, 206=1000, 165=1000, 207=1000, 208=1000, 168=1000, 209=1000, 167=1000, 161=1000, 409=1000, 408=1000, 162=1000, 163=1000, 164=1000, 405=1000, 404=1000, 407=1000, 406=1000, 160=1000, 401=1000, 400=1000, 403=1000, 402=1000, 211=1000, 824=1000, 825=1000, 212=1000, 822=1000, 823=1000, 210=1000, 215=1000, 828=1000, 216=1000, 829=1000, 826=1000, 213=1000, 827=1000, 214=1000, 179=1000, 219=1000, 178=1000, 177=1000, 217=1000, 176=1000, 218=1000, 820=1000, 821=1000, 418=1000, 170=1000, 171=1000, 417=1000, 416=1000, 415=1000, 623=1000, 174=1000, 622=1000, 175=1000, 621=1000, 172=1000, 173=1000, 419=1000, 620=1000, 627=1000, 410=1000, 626=1000, 625=1000, 819=1000, 624=1000, 414=1000, 413=1000, 629=1000, 412=1000, 411=1000, 628=1000, 220=1000, 811=1000, 221=1000, 812=1000, 813=1000, 222=1000, 223=1000, 814=1000, 815=1000, 224=1000, 816=1000, 225=1000, 226=1000, 817=1000, 818=1000, 227=1000, 228=1000, 188=1000, 229=1000, 187=1000, 189=1000, 810=1000, 427=1000, 180=1000, 426=1000, 429=1000, 181=1000, 428=1000, 182=1000, 183=1000, 610=1000, 184=1000, 185=1000, 612=1000, 186=1000, 611=1000, 809=1000, 614=1000, 808=1000, 613=1000, 616=1000, 421=1000, 420=1000, 615=1000, 618=1000, 423=1000, 617=1000, 422=1000, 425=1000, 424=1000, 619=1000, 843=1000, 116=1000, 842=1000, 117=1000, 114=1000, 841=1000, 840=1000, 115=1000, 112=1000, 113=1000, 110=1000, 111=1000, 849=1000, 848=1000, 847=1000, 846=1000, 845=1000, 118=1000, 119=1000, 844=1000, 435=1000, 436=1000, 433=1000, 434=1000, 431=1000, 432=1000, 430=1000, 439=1000, 437=1000, 438=1000, 830=1000, 125=1000, 126=1000, 127=1000, 832=1000, 128=1000, 831=1000, 121=1000, 122=1000, 123=1000, 124=1000, 838=1000, 837=1000, 839=1000, 834=1000, 129=1000, 833=1000, 836=1000, 835=1000, 444=1000, 445=1000, 446=1000, 447=1000, 440=1000, 441=1000, 442=1000, 443=1000, 120=1000, 448=1000, 449=1000, 134=1000, 861=1000, 135=1000, 860=1000, 132=1000, 133=1000, 865=1000, 138=1000, 139=1000, 864=1000, 863=1000, 136=1000, 862=1000, 137=1000, 869=1000, 868=1000, 867=1000, 866=1000, 450=1000, 453=1000, 454=1000, 451=1000, 452=1000, 457=1000, 458=1000, 455=1000, 456=1000, 459=1000, 131=1000, 130=1000, 143=1000, 144=1000, 850=1000, 145=1000, 146=1000, 852=1000, 147=1000, 148=1000, 851=1000, 854=1000, 149=1000, 853=1000, 856=1000, 855=1000, 858=1000, 857=1000, 859=1000, 461=1000, 460=1000, 462=1000, 463=1000, 464=1000, 465=1000, 466=1000, 467=1000, 468=1000, 469=1000, 140=1000, 142=1000, 141=1000, 687=1000, 686=1000, 689=1000, 688=1000, 683=1000, 682=1000, 685=1000, 684=1000, 888=1000, 889=1000, 884=1000, 885=1000, 680=1000, 886=1000, 681=1000, 887=1000, 880=1000, 881=1000, 882=1000, 883=1000, 678=1000, 677=1000, 676=1000, 675=1000, 674=1000, 673=1000, 672=1000, 671=1000, 679=1000, 879=1000, 877=1000, 878=1000, 875=1000, 876=1000, 670=1000, 873=1000, 874=1000, 871=1000, 872=1000, 870=1000, 696=1000, 695=1000, 694=1000, 693=1000, 890=1000, 699=1000, 698=1000, 697=1000, 899=1000, 893=1000, 894=1000, 891=1000, 892=1000, 897=1000, 691=1000, 898=1000, 692=1000, 895=1000, 896=1000, 690=1000, 646=1000, 647=1000, 648=1000, 649=1000, 195=1000, 642=1000, 194=1000, 643=1000, 197=1000, 644=1000, 196=1000, 645=1000, 191=1000, 190=1000, 640=1000, 193=1000, 641=1000, 192=1000, 198=1000, 199=1000, 639=1000, 637=1000, 638=1000, 635=1000, 636=1000, 633=1000, 634=1000, 631=1000, 632=1000, 630=1000, 668=1000, 669=1000, 660=1000, 661=1000, 662=1000, 663=1000, 664=1000, 665=1000, 666=1000, 667=1000, 659=1000, 657=1000, 658=1000, 651=1000, 652=1000, 650=1000, 655=1000, 656=1000, 653=1000, 654=1000, 35=1000, 36=1000, 33=1000, 34=1000, 39=1000, 37=1000, 38=1000, 43=1000, 42=1000, 41=1000, 40=1000, 22=1000, 23=1000, 24=1000, 25=1000, 26=1000, 27=1000, 28=1000, 29=1000, 30=1000, 32=1000, 31=1000, 19=1000, 17=1000, 18=1000, 15=1000, 16=1000, 13=1000, 14=1000, 11=1000, 12=1000, 21=1000, 20=1000, 10=1000, 79=1000, 78=1000, 77=1000, 82=1000, 83=1000, 80=1000, 81=1000, 86=1000, 87=1000, 84=1000, 85=1000, 67=1000, 66=1000, 69=1000, 68=1000, 70=1000, 71=1000, 72=1000, 73=1000, 74=1000, 75=1000, 76=1000, 59=1000, 58=1000, 57=1000, 56=1000, 55=1000, 64=1000, 65=1000, 62=1000, 63=1000, 60=1000, 61=1000, 49=1000, 48=1000, 45=1000, 44=1000, 47=1000, 46=1000, 51=1000, 52=1000, 53=1000, 54=1000, 50=1000, 281=1000, 487=1000, 486=1000, 280=1000, 485=1000, 484=1000, 285=1000, 284=1000, 489=1000, 283=1000, 282=1000, 488=1000, 288=1000, 289=1000, 286=1000, 287=1000, 482=1000, 483=1000, 480=1000, 481=1000, 474=1000, 473=1000, 270=1000, 476=1000, 475=1000, 478=1000, 272=1000, 477=1000, 271=1000, 274=1000, 273=1000, 479=1000, 275=1000, 276=1000, 277=1000, 278=1000, 279=1000, 470=1000, 471=1000, 472=1000, 1000=1000, 109=1000, 108=1000, 107=1000, 106=1000, 105=1000, 104=1000, 103=1000, 99=1000, 102=1000, 101=1000, 100=1000, 98=1000, 97=1000, 96=1000, 95=1000, 94=1000, 93=1000, 92=1000, 91=1000, 294=1000, 90=1000, 499=1000, 293=1000, 296=1000, 295=1000, 290=1000, 496=1000, 495=1000, 292=1000, 498=1000, 291=1000, 497=1000, 491=1000, 492=1000, 493=1000, 494=1000, 297=1000, 298=1000, 299=1000, 490=1000, 88=1000, 89=1000, 240=1000, 241=1000, 245=1000, 244=1000, 243=1000, 242=1000, 249=1000, 248=1000, 247=1000, 246=1000, 230=1000, 239=1000, 232=1000, 231=1000, 234=1000, 233=1000, 236=1000, 235=1000, 238=1000, 237=1000, 262=1000, 263=1000, 260=1000, 261=1000, 269=1000, 268=1000, 267=1000, 266=1000, 265=1000, 264=1000, 250=1000, 251=1000, 252=1000, 258=1000, 904=1000, 903=1000, 257=1000, 906=1000, 905=1000, 259=1000, 900=1000, 254=1000, 253=1000, 902=1000, 256=1000, 255=1000, 901=1000}
Number of gene trees: 1000
0 trees have missing taxa
Calculating quartet distance matrix (for completion of X)
Species tree distances calculated ...
Building set of clusters (X) from gene trees 
Using tree-based weight calculation.
Number of Default Clusters: 235823
Number of quartet trees in the gene trees: 41583291698116
calculating extra bipartitions to be added at level 1 ...
Number of Clusters after addition by distance: 235837
Adding to X using resolutions of greedy consensus ...
Threshold 0.0:
polytomy of size 7; rounds with additions with at least 0.01 support: 3; clusters: 235971
Threshold 0.01:
polytomy of size 3; rounds with additions with at least 0.01 support: 0; clusters: 235971
polytomy of size 22; rounds with additions with at least 0.01 support: 3; clusters: 238237
Threshold 0.02:
polytomy of size 27; rounds with additions with at least 0.01 support: 3; clusters: 240605
Threshold 0.05:
polytomy of size 3; rounds with additions with at least 0.01 support: 0; clusters: 240605
polytomy of size 4; rounds with additions with at least 0.01 support: 0; clusters: 240605
polytomy of size 34; rounds with additions with at least 0.01 support: 0; clusters: 240643
Threshold 0.1:
polytomy of size 3; rounds with additions with at least 0.01 support: 0; clusters: 240643
polytomy of size 5; rounds with additions with at least 0.01 support: 0; clusters: 240643
polytomy of size 3; rounds with additions with at least 0.01 support: 0; clusters: 240643
polytomy of size 3; rounds with additions with at least 0.01 support: 0; clusters: 240643
polytomy of size 47; rounds with additions with at least 0.01 support: 0; clusters: 240695
Threshold 0.2:
polytomy of size 3; rounds with additions with at least 0.01 support: 0; clusters: 240695
polytomy of size 3; rounds with additions with at least 0.01 support: 0; clusters: 240695
polytomy of size 4; rounds with additions with at least 0.01 support: 0; clusters: 240695
polytomy of size 4; rounds with additions with at least 0.01 support: 0; clusters: 240695
polytomy of size 5; rounds with additions with at least 0.01 support: 0; clusters: 240695
polytomy of size 3; rounds with additions with at least 0.01 support: 0; clusters: 240695
polytomy of size 3; rounds with additions with at least 0.01 support: 0; clusters: 240695
polytomy of size 3; rounds with additions with at least 0.01 support: 0; clusters: 240695
polytomy of size 4; rounds with additions with at least 0.01 support: 0; clusters: 240695
polytomy of size 3; rounds with additions with at least 0.01 support: 0; clusters: 240695
polytomy of size 3; rounds with additions with at least 0.01 support: 0; clusters: 240695
polytomy of size 4; rounds with additions with at least 0.01 support: 0; clusters: 240695
polytomy of size 4; rounds with additions with at least 0.01 support: 0; clusters: 240695
polytomy of size 4; rounds with additions with at least 0.01 support: 0; clusters: 240695
polytomy of size 3; rounds with additions with at least 0.01 support: 0; clusters: 240695
polytomy of size 3; rounds with additions with at least 0.01 support: 0; clusters: 240695
polytomy of size 3; rounds with additions with at least 0.01 support: 0; clusters: 240695
polytomy of size 3; rounds with additions with at least 0.01 support: 0; clusters: 240695
polytomy of size 79; rounds with additions with at least 0.01 support: 0; clusters: 240747
Threshold 0.3333333333333333:
polytomy of size 3; rounds with additions with at least 0.01 support: 0; clusters: 240747
polytomy of size 4; rounds with additions with at least 0.01 support: 0; clusters: 240747
polytomy of size 4; rounds with additions with at least 0.01 support: 0; clusters: 240747
polytomy of size 4; rounds with additions with at least 0.01 support: 0; clusters: 240747
polytomy of size 4; rounds with additions with at least 0.01 support: 0; clusters: 240747
polytomy of size 3; rounds with additions with at least 0.01 support: 0; clusters: 240747
polytomy of size 5; rounds with additions with at least 0.01 support: 0; clusters: 240747
polytomy of size 3; rounds with additions with at least 0.01 support: 0; clusters: 240747
polytomy of size 3; rounds with additions with at least 0.01 support: 0; clusters: 240747
polytomy of size 3; rounds with additions with at least 0.01 support: 0; clusters: 240747
polytomy of size 3; rounds with additions with at least 0.01 support: 0; clusters: 240747
polytomy of size 4; rounds with additions with at least 0.01 support: 0; clusters: 240747
polytomy of size 4; rounds with additions with at least 0.01 support: 0; clusters: 240747
polytomy of size 4; rounds with additions with at least 0.01 support: 0; clusters: 240747
polytomy of size 3; rounds with additions with at least 0.01 support: 0; clusters: 240747
polytomy of size 3; rounds with additions with at least 0.01 support: 0; clusters: 240747
polytomy of size 3; rounds with additions with at least 0.01 support: 0; clusters: 240747
polytomy of size 3; rounds with additions with at least 0.01 support: 0; clusters: 240747
polytomy of size 3; rounds with additions with at least 0.01 support: 0; clusters: 240747
polytomy of size 3; rounds with additions with at least 0.01 support: 0; clusters: 240747
polytomy of size 3; rounds with additions with at least 0.01 support: 0; clusters: 240747
polytomy of size 3; rounds with additions with at least 0.01 support: 0; clusters: 240747
polytomy of size 3; rounds with additions with at least 0.01 support: 0; clusters: 240747
polytomy of size 3; rounds with additions with at least 0.01 support: 0; clusters: 240747
polytomy of size 4; rounds with additions with at least 0.01 support: 0; clusters: 240747
polytomy of size 3; rounds with additions with at least 0.01 support: 0; clusters: 240747
polytomy of size 3; rounds with additions with at least 0.01 support: 0; clusters: 240747
polytomy of size 3; rounds with additions with at least 0.01 support: 0; clusters: 240747
polytomy of size 3; rounds with additions with at least 0.01 support: 0; clusters: 240747
polytomy of size 3; rounds with additions with at least 0.01 support: 0; clusters: 240747
polytomy of size 3; rounds with additions with at least 0.01 support: 0; clusters: 240747
polytomy of size 3; rounds with additions with at least 0.01 support: 0; clusters: 240747
polytomy of size 5; rounds with additions with at least 0.01 support: 0; clusters: 240747
polytomy of size 3; rounds with additions with at least 0.01 support: 0; clusters: 240747
polytomy of size 3; rounds with additions with at least 0.01 support: 0; clusters: 240747
polytomy of size 3; rounds with additions with at least 0.01 support: 0; clusters: 240747
polytomy of size 4; rounds with additions with at least 0.01 support: 0; clusters: 240747
polytomy of size 3; rounds with additions with at least 0.01 support: 0; clusters: 240747
polytomy of size 3; rounds with additions with at least 0.01 support: 0; clusters: 240747
polytomy of size 3; rounds with additions with at least 0.01 support: 0; clusters: 240747
polytomy of size 3; rounds with additions with at least 0.01 support: 0; clusters: 240747
polytomy of size 3; rounds with additions with at least 0.01 support: 0; clusters: 240747
polytomy of size 6; rounds with additions with at least 0.01 support: 0; clusters: 240747
polytomy of size 3; rounds with additions with at least 0.01 support: 0; clusters: 240747
polytomy of size 3; rounds with additions with at least 0.01 support: 0; clusters: 240747
polytomy of size 3; rounds with additions with at least 0.01 support: 0; clusters: 240747
polytomy of size 3; rounds with additions with at least 0.01 support: 0; clusters: 240747
polytomy of size 4; rounds with additions with at least 0.01 support: 0; clusters: 240747
polytomy of size 3; rounds with additions with at least 0.01 support: 0; clusters: 240747
polytomy of size 3; rounds with additions with at least 0.01 support: 0; clusters: 240747
polytomy of size 10; rounds with additions with at least 0.01 support: 0; clusters: 240867
polytomy of size 5; rounds with additions with at least 0.01 support: 0; clusters: 240867
polytomy of size 3; rounds with additions with at least 0.01 support: 0; clusters: 240867
polytomy of size 4; rounds with additions with at least 0.01 support: 0; clusters: 240867
polytomy of size 3; rounds with additions with at least 0.01 support: 0; clusters: 240867
polytomy of size 3; rounds with additions with at least 0.01 support: 0; clusters: 240867
polytomy of size 3; rounds with additions with at least 0.01 support: 0; clusters: 240867
polytomy of size 4; rounds with additions with at least 0.01 support: 0; clusters: 240867
polytomy of size 3; rounds with additions with at least 0.01 support: 0; clusters: 240867
polytomy of size 3; rounds with additions with at least 0.01 support: 0; clusters: 240867
polytomy of size 5; rounds with additions with at least 0.01 support: 0; clusters: 240867
polytomy of size 3; rounds with additions with at least 0.01 support: 0; clusters: 240867
polytomy of size 4; rounds with additions with at least 0.01 support: 0; clusters: 240867
polytomy of size 6; rounds with additions with at least 0.01 support: 0; clusters: 240867
polytomy of size 3; rounds with additions with at least 0.01 support: 0; clusters: 240867
polytomy of size 117; rounds with additions with at least 0.01 support: 0; clusters: 360229
Number of Clusters after addition by greedy: 360229
partitions formed in 716.853 secs
Dynamic Programming starting after 716.853 secs
Size of largest cluster: 1001
Size of largest cluster: 1001
Calculated 100000 weights; time (seconds): 853
Calculated 200000 weights; time (seconds): 122
Calculated 300000 weights; time (seconds): 127
Calculated 400000 weights; time (seconds): 128
Calculated 500000 weights; time (seconds): 127
Calculated 600000 weights; time (seconds): 125
Calculated 700000 weights; time (seconds): 140
Total Number of elements weighted: 974856
Normalized score (portion of input quartet trees satisfied): NaN
Final optimization score: 0
Calculated 800000 weights; time (seconds): 244
Calculated 900000 weights; time (seconds): 274
Total Number of elements weighted: 974856
Normalized score (portion of input quartet trees satisfied): 0.5688430331906288
Final optimization score: 23654365779607
Optimal tree inferred in 2404.977 secs.
(210,(((279,(570,749)),((29,(116,220)),(893,(861,(282,367))))),((((577,((284,904),(348,(120,985)))),((680,(869,80)),((352,301),(75,(427,807))))),((647,((741,416),(315,(627,(101,(393,818)))))),((561,(167,(769,406))),((395,102),(915,(552,(349,809))))))),((((448,(39,(546,183))),(308,(480,(683,989)))),((800,(356,(136,374))),(((450,(283,498)),((927,831),(474,366))),((((330,511),(650,289)),((298,270),((897,(386,888)),(609,(529,502))))),((784,445),(((862,(439,605)),((957,202),(291,660))),((257,(180,331)),((613,18),(433,(216,(293,670))))))))))),(((((247,979),(62,(161,996))),(((106,(22,881)),((469,(674,932)),((728,(252,337)),(371,(492,556))))),(((540,((669,398),(920,(24,250)))),((441,(259,(568,640))),(97,((982,340),(770,737))))),(899,(((528,(129,(606,141))),((698,557),((867,76),(802,(625,((560,149),(523,(719,(817,225))))))))),((434,722),(((212,100),(717,(73,((907,215),(178,(472,432)))))),((422,(631,(889,466))),((971,350),((567,(638,(629,514))),((923,610),(277,(449,94))))))))))))),(((286,((435,690),(696,(461,197)))),(((652,(222,752)),(275,(892,126))),((378,(513,305)),((813,60),((535,633),(634,(810,(643,((194,223),(708,36)))))))))),(((723,(918,(823,734))),((429,(320,873)),(591,(819,467)))),((635,((626,926),(826,(((451,852),(706,587)),(392,(921,(934,462))))))),((((37,(397,919)),(196,(403,114))),((909,((845,651),(79,((853,576),(874,(400,358)))))),((179,(646,(550,65))),((444,494),(198,(27,119)))))),(((759,(245,150)),((420,187),((253,(584,357)),(762,(764,(856,(931,96))))))),(((226,20),(665,(808,865))),((716,(98,(748,(399,775)))),(((321,(345,354)),((477,(864,(491,(235,806)))),(((290,(812,(829,84))),(833,(446,(53,611)))),((288,((530,52),(534,(241,473)))),(590,(960,(45,((569,122),(642,822))))))))),((((72,(172,85)),((415,715),((47,891),(796,962)))),(309,((424,(431,495)),((694,(827,396)),(902,(454,(871,994))))))),(((452,(857,(169,((394,959),(847,124))))),((509,224),(887,(157,((565,929),(112,(410,164))))))),((839,(842,(269,522))),((((586,944),(195,(338,177))),(104,(834,(372,(163,459))))),(((370,601),(17,(242,54))),((684,(249,786)),((209,363),((735,260),(326,548)))))))))))))))))),(0,(((506,((898,875),(837,(26,599)))),(((693,347),(951,(128,166))),(702,(109,(325,(840,993)))))),((((725,(263,(618,612))),((208,(154,991)),((389,942),((135,894),((118,525),(219,(419,(294,140)))))))),(((((903,487),(278,(438,361))),((517,((93,185),(78,700))),((390,(238,486)),(32,(217,(679,465)))))),(((901,619),(714,(13,(300,933)))),((553,((878,478),(44,(23,(825,273))))),((458,(936,(173,(604,707)))),((188,334),(430,(533,(639,632)))))))),((622,((678,(213,244)),(464,(983,(583,988))))),(((((771,381),(384,836)),(264,(801,(835,938)))),((968,(268,(542,158))),(25,((930,986),(501,(11,(779,(404,972)))))))),((108,(8,327)),((110,(697,373)),(((756,790),((572,691),(607,516))),(((51,747),(908,(981,417))),((160,463),(512,(575,(608,(544,9))))))))))))),(((((30,999),(211,945)),((107,(71,(4,332))),((859,((866,695),((359,592),(543,((485,314),(175,791)))))),(671,(1,(((742,402),(323,191)),((527,318),(753,(237,(661,483)))))))))),((((563,(265,(1000,703))),(519,((554,566),(939,(189,(699,(281,896))))))),(((965,77),((139,(757,906)),((641,(232,475)),((50,(376,228)),(236,(963,(732,997))))))),((((872,156),(617,743)),(276,(89,(388,(969,221))))),((231,((928,630),(995,(405,387)))),((727,442),(229,(418,((841,(176,49)),((574,105),(571,578)))))))))),(((((676,312),(547,(59,423))),(((579,(877,455)),(855,(385,(329,55)))),((672,(201,(440,998))),((780,14),((333,205),(772,((42,499),(687,593)))))))),(((((171,820),(131,411)),(481,(814,(876,526)))),((510,(718,(258,6))),((681,317),(912,(958,256))))),(((789,795),(863,(843,(704,(645,192))))),((616,((307,978),(848,56))),(274,((804,538),(335,(117,956)))))))),((((940,(760,(880,328))),(443,(407,(573,500)))),(946,((87,664),((292,621),(688,(588,38)))))),((((781,(964,977)),(134,((92,854),(628,(61,(425,(797,948))))))),((428,((31,(322,165)),((336,913),(147,(761,731))))),((637,((961,(685,382)),(776,(720,954)))),((484,(203,(299,342))),(353,(255,(551,778))))))),((((159,884),(596,(504,754))),((821,(168,(456,503))),((489,(555,870)),(768,((582,90),(199,302)))))),((955,((272,663),(597,(306,935)))),((539,((992,668),((271,130),(905,((343,7),(33,(758,493))))))),(((656,490),(74,(751,(824,234)))),(((146,701),(364,(468,(379,518)))),((911,(883,88)),(138,((111,447),(362,(970,816))))))))))))))),(((692,980),(682,882)),(((794,673),((145,41),(((181,(850,143)),(((943,811),(69,(521,496))),((155,(615,401)),(200,(774,(115,(482,(666,917)))))))),(((730,(470,206)),(297,(520,900))),((46,(218,148)),((243,(64,(81,(86,19)))),((408,313),((346,(952,947)),(421,(16,585)))))))))),((623,(246,(916,113))),(((287,((649,594),((151,304),(369,355)))),((562,(799,409)),(295,(910,(186,564))))),(((((413,657),(123,589)),(((316,973),(248,712)),((559,67),(745,(765,(767,(377,488))))))),((((922,832),(508,658)),((507,(83,339)),(710,((3,987),((659,(914,233)),((949,(505,746)),(924,(162,(391,426))))))))),((((380,803),(667,724)),(58,((266,662),((726,777),((755,262),(733,(602,375))))))),((344,(739,(5,351))),((858,(941,(193,(460,744)))),(28,(860,(132,(655,(653,967)))))))))),(((174,(531,600)),((437,(285,((879,976),((35,689),(711,142))))),(((261,846),((792,766),(793,(763,(324,125))))),((137,(311,738)),(736,((620,12),((532,365),(153,(68,82))))))))),((788,(624,(581,844))),(((975,2),((((497,280),(360,(838,(830,(886,787))))),(((990,471),(63,319)),(43,((95,103),(368,(677,240)))))),(((654,70),((21,127),(479,48))),(((729,713),(121,636)),((925,(227,895)),((182,595),((453,549),(885,152)))))))),((545,(436,((558,(190,515)),(750,(740,(99,(541,(341,580)))))))),(((974,(798,(296,(57,204)))),(782,((414,(524,(966,457))),((851,721),(476,(15,(537,644))))))),((383,(267,((705,144),((953,10),(785,66))))),(((412,(773,230)),(614,(239,648))),(((310,937),(783,(184,868))),(((828,(709,(598,(303,805)))),(675,((536,890),(603,(133,170))))),(((214,91),(34,(251,40))),((849,(984,950)),(207,(686,(254,815))))))))))))))))))))))))))));
Quartet score is: 23654365779607
Normalized quartet score is: 0.5688430331906288
ASTRAL finished in 2601.967 secs
