
================== ASTRAL ===================== 

This is ASTRAL version 4.10.8
Gene trees are treated as unrooted
1000 trees read from model.200.2000000.0.0000001/29/estimatedgenetre.halfresolved
All outputted trees will be *arbitrarily* rooted at 29

======== Running the main analysis
Number of taxa: 201 (201 species)
Taxa: [29, 43, 131, 42, 91, 61, 157, 96, 163, 39, 113, 120, 128, 62, 38, 159, 143, 184, 125, 5, 97, 21, 77, 121, 101, 58, 110, 193, 180, 69, 169, 18, 48, 46, 138, 133, 189, 87, 71, 20, 118, 7, 94, 1, 134, 51, 66, 63, 30, 147, 12, 150, 31, 70, 22, 173, 178, 145, 8, 52, 161, 35, 86, 17, 85, 88, 3, 82, 81, 142, 166, 36, 191, 132, 105, 80, 152, 127, 55, 9, 0, 103, 10, 67, 107, 90, 108, 19, 100, 151, 84, 41, 167, 146, 4, 14, 185, 79, 144, 72, 194, 2, 126, 32, 186, 50, 168, 182, 164, 56, 136, 175, 74, 68, 181, 16, 93, 106, 141, 123, 139, 198, 192, 200, 78, 60, 95, 25, 102, 162, 98, 195, 75, 148, 44, 137, 140, 119, 149, 47, 197, 160, 115, 24, 111, 89, 114, 174, 199, 40, 196, 34, 116, 156, 45, 99, 49, 124, 92, 76, 188, 135, 59, 109, 130, 177, 155, 104, 73, 122, 83, 172, 53, 176, 158, 112, 153, 15, 171, 28, 13, 23, 129, 33, 37, 57, 154, 11, 165, 54, 117, 26, 183, 27, 190, 170, 179, 64, 6, 187, 65]
Taxon occupancy: {35=1000, 36=1000, 159=1000, 33=1000, 34=1000, 158=1000, 157=1000, 39=1000, 156=1000, 155=1000, 37=1000, 38=1000, 154=1000, 152=1000, 153=1000, 150=1000, 151=1000, 43=1000, 42=1000, 41=1000, 40=1000, 200=1000, 22=1000, 169=1000, 23=1000, 24=1000, 25=1000, 166=1000, 26=1000, 27=1000, 165=1000, 168=1000, 28=1000, 167=1000, 29=1000, 3=1000, 161=1000, 2=1000, 162=1000, 163=1000, 1=1000, 0=1000, 164=1000, 30=1000, 7=1000, 6=1000, 5=1000, 32=1000, 4=1000, 31=1000, 160=1000, 9=1000, 8=1000, 19=1000, 179=1000, 17=1000, 178=1000, 18=1000, 177=1000, 15=1000, 16=1000, 176=1000, 13=1000, 14=1000, 11=1000, 12=1000, 170=1000, 21=1000, 20=1000, 171=1000, 174=1000, 175=1000, 172=1000, 173=1000, 188=1000, 187=1000, 189=1000, 180=1000, 10=1000, 181=1000, 182=1000, 183=1000, 184=1000, 185=1000, 186=1000, 116=1000, 79=1000, 117=1000, 78=1000, 114=1000, 77=1000, 115=1000, 112=1000, 113=1000, 110=1000, 111=1000, 118=1000, 119=1000, 82=1000, 83=1000, 80=1000, 81=1000, 86=1000, 87=1000, 84=1000, 85=1000, 67=1000, 125=1000, 66=1000, 126=1000, 127=1000, 69=1000, 128=1000, 68=1000, 121=1000, 122=1000, 123=1000, 124=1000, 129=1000, 70=1000, 120=1000, 71=1000, 72=1000, 73=1000, 74=1000, 75=1000, 76=1000, 134=1000, 135=1000, 132=1000, 133=1000, 59=1000, 58=1000, 138=1000, 139=1000, 57=1000, 56=1000, 136=1000, 55=1000, 137=1000, 64=1000, 65=1000, 62=1000, 63=1000, 131=1000, 60=1000, 61=1000, 130=1000, 143=1000, 49=1000, 48=1000, 144=1000, 145=1000, 146=1000, 147=1000, 45=1000, 148=1000, 44=1000, 149=1000, 47=1000, 46=1000, 51=1000, 52=1000, 53=1000, 54=1000, 140=1000, 142=1000, 50=1000, 141=1000, 109=1000, 108=1000, 107=1000, 106=1000, 105=1000, 104=1000, 103=1000, 102=1000, 99=1000, 101=1000, 100=1000, 98=1000, 97=1000, 96=1000, 95=1000, 94=1000, 93=1000, 92=1000, 91=1000, 90=1000, 88=1000, 89=1000, 195=1000, 194=1000, 197=1000, 196=1000, 191=1000, 190=1000, 193=1000, 192=1000, 198=1000, 199=1000}
Number of gene trees: 1000
0 trees have missing taxa
Calculating quartet distance matrix (for completion of X)
Species tree distances calculated ...
Building set of clusters (X) from gene trees 
Using tree-based weight calculation.
Number of Default Clusters: 71271
Number of quartet trees in the gene trees: 65998350000
calculating extra bipartitions to be added at level 1 ...
Number of Clusters after addition by distance: 71279
Adding to X using resolutions of greedy consensus ...
Threshold 0.0:
polytomy of size 4; rounds with additions with at least 0.01 support: 1; clusters: 71297
Threshold 0.01:
polytomy of size 9; rounds with additions with at least 0.01 support: 4; clusters: 71581
Threshold 0.02:
polytomy of size 11; rounds with additions with at least 0.01 support: 3; clusters: 71917
Threshold 0.05:
polytomy of size 17; rounds with additions with at least 0.01 support: 1; clusters: 71923
Threshold 0.1:
polytomy of size 26; rounds with additions with at least 0.01 support: 0; clusters: 71927
Threshold 0.2:
polytomy of size 3; rounds with additions with at least 0.01 support: 0; clusters: 71927
polytomy of size 3; rounds with additions with at least 0.01 support: 0; clusters: 71927
polytomy of size 3; rounds with additions with at least 0.01 support: 0; clusters: 71927
polytomy of size 3; rounds with additions with at least 0.01 support: 0; clusters: 71927
polytomy of size 36; rounds with additions with at least 0.01 support: 0; clusters: 71927
Threshold 0.3333333333333333:
polytomy of size 4; rounds with additions with at least 0.01 support: 0; clusters: 71927
polytomy of size 3; rounds with additions with at least 0.01 support: 0; clusters: 71927
polytomy of size 3; rounds with additions with at least 0.01 support: 0; clusters: 71927
polytomy of size 3; rounds with additions with at least 0.01 support: 0; clusters: 71927
polytomy of size 4; rounds with additions with at least 0.01 support: 0; clusters: 71927
polytomy of size 4; rounds with additions with at least 0.01 support: 0; clusters: 71927
polytomy of size 4; rounds with additions with at least 0.01 support: 0; clusters: 71927
polytomy of size 47; rounds with additions with at least 0.01 support: 0; clusters: 84259
Number of Clusters after addition by greedy: 84259
partitions formed in 41.497 secs
Dynamic Programming starting after 41.497 secs
Size of largest cluster: 201
Size of largest cluster: 201
Calculated 100000 weights; time (seconds): 64
Total Number of elements weighted: 187950
Normalized score (portion of input quartet trees satisfied): NaN
Final optimization score: 0
Total Number of elements weighted: 187950
Normalized score (portion of input quartet trees satisfied): 0.5873315653800436
Final optimization score: 38762914218
Optimal tree inferred in 88.784 secs.
(29,(43,((((107,(90,108)),(67,(164,(136,(56,175))))),((10,(41,(19,(100,(151,84))))),((50,(168,182)),((9,(167,146)),((4,(185,(14,(79,144)))),((32,186),(2,(194,(72,126))))))))),(((42,(91,(61,157))),((96,163),(39,113))),((131,(120,(128,62))),((((169,18),((58,(69,73)),(180,(110,193)))),(((155,104),(38,(159,(143,184)))),(48,((94,((118,7),(20,(1,134)))),(71,(46,((138,133),(189,87)))))))),(((65,((196,(34,((174,124),(156,(116,(49,(45,99))))))),((125,(165,54)),((92,(76,188)),((199,40),(135,(109,(59,(130,177))))))))),(((75,(148,44)),(137,((98,195),(140,((162,119),((149,47),(197,160))))))),((102,((183,27),(25,(139,(95,((198,192),(200,(78,60)))))))),((64,(170,(190,179))),((117,26),((33,37),(57,(154,11)))))))),(0,((123,(((103,16),(181,((74,68),(93,(106,141))))),(153,(((6,187),(28,(23,(13,129)))),((15,171),(122,(53,((172,176),(83,(158,112)))))))))),((166,(36,191)),((((132,55),(105,(80,(152,127)))),((30,(147,12)),(51,(66,63)))),((24,(115,(111,(89,114)))),(178,(((121,101),(5,(97,(21,77)))),((150,(173,(22,(31,70)))),(145,(((3,82),(81,142)),((86,(161,35)),((8,52),(17,(85,88)))))))))))))))))))));
Quartet score is: 38762914218
Normalized quartet score is: 0.5873315653800436
ASTRAL finished in 97.62 secs
