
================== ASTRAL ===================== 

This is ASTRAL version 4.10.8
Gene trees are treated as unrooted
994 trees read from model.50.2000000.0.000001/03/estimatedgenetre.halfresolved
All outputted trees will be *arbitrarily* rooted at 24

======== Running the main analysis
Number of taxa: 51 (51 species)
Taxa: [24, 48, 38, 30, 11, 18, 12, 45, 20, 5, 39, 34, 1, 40, 37, 15, 50, 26, 2, 42, 25, 10, 3, 23, 8, 17, 4, 36, 47, 28, 9, 16, 32, 0, 6, 35, 43, 31, 21, 14, 22, 19, 7, 33, 13, 27, 29, 49, 41, 44, 46]
Taxon occupancy: {19=994, 35=994, 17=994, 36=994, 18=994, 33=994, 15=994, 16=994, 34=994, 13=994, 39=994, 14=994, 11=994, 37=994, 12=994, 38=994, 21=994, 20=994, 43=994, 42=994, 41=994, 40=994, 49=994, 48=994, 45=994, 44=994, 47=994, 46=994, 22=994, 23=994, 24=994, 25=994, 26=994, 27=994, 28=994, 29=994, 3=994, 2=994, 1=994, 10=994, 0=994, 7=994, 30=994, 6=994, 32=994, 5=994, 31=994, 4=994, 9=994, 8=994, 50=994}
Number of gene trees: 994
0 trees have missing taxa
Calculating quartet distance matrix (for completion of X)
Species tree distances calculated ...
Building set of clusters (X) from gene trees 
Using tree-based weight calculation.
Number of Default Clusters: 13081
Number of quartet trees in the gene trees: 248025645
calculating extra bipartitions to be added at level 1 ...
Number of Clusters after addition by distance: 13081
Adding to X using resolutions of greedy consensus ...
Threshold 0.0:
Threshold 0.01:
Threshold 0.02:
Threshold 0.05:
Threshold 0.1:
Threshold 0.2:
polytomy of size 3; rounds with additions with at least 0.01 support: 0; clusters: 13081
polytomy of size 5; rounds with additions with at least 0.01 support: 0; clusters: 13081
polytomy of size 3; rounds with additions with at least 0.01 support: 0; clusters: 13081
polytomy of size 5; rounds with additions with at least 0.01 support: 0; clusters: 13081
Threshold 0.3333333333333333:
polytomy of size 5; rounds with additions with at least 0.01 support: 0; clusters: 13081
polytomy of size 3; rounds with additions with at least 0.01 support: 0; clusters: 13081
polytomy of size 3; rounds with additions with at least 0.01 support: 0; clusters: 13081
polytomy of size 3; rounds with additions with at least 0.01 support: 0; clusters: 13081
polytomy of size 5; rounds with additions with at least 0.01 support: 0; clusters: 13081
polytomy of size 13; rounds with additions with at least 0.01 support: 0; clusters: 13153
Number of Clusters after addition by greedy: 13153
partitions formed in 3.773 secs
Dynamic Programming starting after 3.773 secs
Size of largest cluster: 51
Size of largest cluster: 51
Total Number of elements weighted: 68716
Normalized score (portion of input quartet trees satisfied): NaN
Final optimization score: 0
Total Number of elements weighted: 68716
Normalized score (portion of input quartet trees satisfied): 0.8156082126104339
Final optimization score: 202291753
Optimal tree inferred in 7.204 secs.
(24,((27,(49,(29,(45,(12,20))))),((38,(11,(48,30))),(18,((43,((44,46),(31,41))),((22,(21,14)),((7,(19,(33,13))),(35,(((5,39),(34,1)),(((50,(26,2)),(40,(37,15))),(0,(((25,10),(42,3)),((32,(6,(16,(28,9)))),((17,4),(36,(23,(8,47)))))))))))))))));
Quartet score is: 202291753
Normalized quartet score is: 0.8156082126104339
ASTRAL finished in 9.061 secs
