
================== ASTRAL ===================== 

This is ASTRAL version 4.10.7
Gene trees are treated as unrooted
1000 trees read from ASTRALDATA/model.100.2000000.0.000001/02/estimatedgenetre.halfresolved
All output trees will be *arbitrarily* rooted at 32

======== Running the main analysis
Number of taxa: 101 (101 species)
Taxa: [32, 43, 84, 29, 52, 54, 95, 70, 56, 72, 30, 67, 13, 96, 19, 45, 65, 37, 25, 39, 58, 14, 42, 68, 82, 44, 33, 46, 77, 88, 94, 34, 9, 7, 61, 64, 12, 73, 98, 57, 62, 17, 28, 92, 40, 100, 41, 81, 11, 48, 31, 4, 36, 0, 99, 83, 71, 47, 91, 23, 15, 21, 49, 2, 53, 93, 69, 85, 87, 59, 75, 16, 26, 89, 74, 55, 5, 63, 97, 51, 18, 78, 10, 66, 80, 79, 24, 76, 27, 20, 6, 3, 22, 38, 86, 1, 90, 8, 50, 35, 60]
Number of gene trees: 1000
0 trees have missing taxa
Calculating quartet distance matrix (for completion of X)
Species tree distances calculated ...
Building set of clusters (X) from gene trees 
Using tree-based weight calculation.
Number of Default Clusters: 17423
Number of quartet trees in the gene trees: 4082925000
calculating extra bipartitions to be added at level 1 ...
Number of Clusters after addition by distance: 17423
Adding to X using resolutions of greedy consensus ...
Threshold 0.0:
Threshold 0.01:
Threshold 0.02:
Threshold 0.05:
polytomy of size 3; rounds with additions with at least 0.01 support: 0; clusters: 17423
Threshold 0.1:
polytomy of size 4; rounds with additions with at least 0.01 support: 0; clusters: 17423
polytomy of size 5; rounds with additions with at least 0.01 support: 0; clusters: 17423
Threshold 0.2:
polytomy of size 3; rounds with additions with at least 0.01 support: 0; clusters: 17423
polytomy of size 3; rounds with additions with at least 0.01 support: 0; clusters: 17423
polytomy of size 5; rounds with additions with at least 0.01 support: 0; clusters: 17423
polytomy of size 6; rounds with additions with at least 0.01 support: 0; clusters: 17423
Threshold 0.3333333333333333:
polytomy of size 4; rounds with additions with at least 0.01 support: 0; clusters: 17423
polytomy of size 3; rounds with additions with at least 0.01 support: 0; clusters: 17423
polytomy of size 3; rounds with additions with at least 0.01 support: 0; clusters: 17423
polytomy of size 3; rounds with additions with at least 0.01 support: 0; clusters: 17423
polytomy of size 6; rounds with additions with at least 0.01 support: 0; clusters: 17423
polytomy of size 8; rounds with additions with at least 0.01 support: 0; clusters: 17423
Number of Clusters after addition by greedy: 17423
partitions formed in 6.398 secs
Dynamic Programming starting after 6.398 secs
Size of largest cluster: 101
Total Number of elements weighted: 92545
Normalized score (portion of input quartet trees satisfied): 0.7911594001849165
Final optimization score: 3230244494
Optimal tree inferred in 357.886 secs.
(86,(38,(22,((1,90),((3,(29,52)),(6,(20,(((32,43),(84,(8,(50,35)))),(60,(((79,24),(76,27)),(((99,((57,(98,62)),(17,(28,92)))),(0,(40,((31,(4,36)),(48,(11,(100,(41,81)))))))),((((88,(9,(94,34))),(7,((12,73),(61,64)))),((49,(2,53)),((83,71),(47,((15,21),(91,23)))))),((13,(((54,95),((70,56),(30,(72,67)))),((19,(96,(45,(65,37)))),(39,(25,((68,82),(58,(14,42)))))))),((33,(44,(46,77))),((55,((59,(75,16)),(93,(85,(69,87))))),((5,63),(((97,51),(26,(89,74))),((18,78),(10,(66,80))))))))))))))))))));
Quartet score is: 3230244494
Normalized quartet score is: 0.7911594001849165
ASTRAL finished in 360.341 secs
