
================== ASTRAL ===================== 

This is ASTRAL version 4.10.8
Gene trees are treated as unrooted
1000 trees read from model.100.2000000.0.000001/32/estimatedgenetre.halfresolved
All outputted trees will be *arbitrarily* rooted at 22

======== Running the main analysis
Number of taxa: 101 (101 species)
Taxa: [22, 81, 19, 86, 87, 37, 67, 25, 64, 88, 42, 4, 6, 46, 91, 94, 30, 53, 18, 44, 95, 5, 50, 47, 31, 85, 17, 34, 14, 100, 55, 52, 98, 1, 58, 10, 76, 16, 96, 43, 33, 48, 78, 36, 21, 51, 99, 28, 57, 75, 63, 27, 9, 69, 90, 66, 45, 71, 68, 15, 2, 92, 24, 77, 56, 26, 3, 72, 29, 12, 65, 79, 11, 83, 40, 89, 23, 8, 35, 13, 49, 59, 32, 60, 41, 82, 84, 54, 39, 73, 93, 7, 61, 38, 97, 0, 80, 70, 74, 20, 62]
Taxon occupancy: {79=1000, 78=1000, 77=1000, 35=1000, 36=1000, 33=1000, 34=1000, 39=1000, 37=1000, 38=1000, 43=1000, 42=1000, 41=1000, 40=1000, 82=1000, 83=1000, 80=1000, 81=1000, 86=1000, 87=1000, 84=1000, 85=1000, 67=1000, 66=1000, 69=1000, 68=1000, 22=1000, 23=1000, 24=1000, 25=1000, 26=1000, 27=1000, 28=1000, 29=1000, 3=1000, 2=1000, 1=1000, 0=1000, 7=1000, 30=1000, 6=1000, 32=1000, 5=1000, 4=1000, 31=1000, 70=1000, 71=1000, 9=1000, 8=1000, 72=1000, 73=1000, 74=1000, 75=1000, 76=1000, 59=1000, 58=1000, 57=1000, 56=1000, 19=1000, 55=1000, 17=1000, 18=1000, 15=1000, 16=1000, 13=1000, 14=1000, 11=1000, 12=1000, 21=1000, 20=1000, 64=1000, 65=1000, 62=1000, 63=1000, 60=1000, 99=1000, 61=1000, 100=1000, 49=1000, 98=1000, 97=1000, 48=1000, 96=1000, 95=1000, 45=1000, 94=1000, 93=1000, 44=1000, 92=1000, 47=1000, 91=1000, 46=1000, 90=1000, 10=1000, 51=1000, 52=1000, 53=1000, 54=1000, 88=1000, 89=1000, 50=1000}
Number of gene trees: 1000
0 trees have missing taxa
Calculating quartet distance matrix (for completion of X)
Species tree distances calculated ...
Building set of clusters (X) from gene trees 
Using tree-based weight calculation.
Number of Default Clusters: 13169
Number of quartet trees in the gene trees: 4082924804
calculating extra bipartitions to be added at level 1 ...
Number of Clusters after addition by distance: 13169
Adding to X using resolutions of greedy consensus ...
Threshold 0.0:
Threshold 0.01:
Threshold 0.02:
Threshold 0.05:
Threshold 0.1:
Threshold 0.2:
polytomy of size 3; rounds with additions with at least 0.01 support: 0; clusters: 13169
polytomy of size 5; rounds with additions with at least 0.01 support: 0; clusters: 13169
polytomy of size 3; rounds with additions with at least 0.01 support: 0; clusters: 13169
polytomy of size 4; rounds with additions with at least 0.01 support: 0; clusters: 13169
polytomy of size 3; rounds with additions with at least 0.01 support: 0; clusters: 13169
Threshold 0.3333333333333333:
polytomy of size 5; rounds with additions with at least 0.01 support: 0; clusters: 13169
polytomy of size 3; rounds with additions with at least 0.01 support: 0; clusters: 13169
polytomy of size 3; rounds with additions with at least 0.01 support: 0; clusters: 13169
polytomy of size 3; rounds with additions with at least 0.01 support: 0; clusters: 13169
polytomy of size 4; rounds with additions with at least 0.01 support: 0; clusters: 13169
polytomy of size 3; rounds with additions with at least 0.01 support: 0; clusters: 13169
polytomy of size 3; rounds with additions with at least 0.01 support: 0; clusters: 13169
polytomy of size 5; rounds with additions with at least 0.01 support: 0; clusters: 13169
polytomy of size 3; rounds with additions with at least 0.01 support: 0; clusters: 13169
polytomy of size 3; rounds with additions with at least 0.01 support: 0; clusters: 13169
polytomy of size 6; rounds with additions with at least 0.01 support: 0; clusters: 13169
Number of Clusters after addition by greedy: 13169
partitions formed in 6.438 secs
Dynamic Programming starting after 6.438 secs
Size of largest cluster: 101
Size of largest cluster: 101
Total Number of elements weighted: 65205
Normalized score (portion of input quartet trees satisfied): NaN
Final optimization score: 0
Total Number of elements weighted: 65205
Normalized score (portion of input quartet trees satisfied): 0.831197269583611
Final optimization score: 3393715949
Optimal tree inferred in 12.701 secs.
(22,(((6,17),((81,(19,(86,((67,(42,(88,4))),(64,(25,(87,37))))))),(((52,98),((31,(1,58)),((100,55),(85,(34,14))))),((50,47),(91,(53,((94,44),((46,5),(30,(18,95)))))))))),((45,((71,(68,15)),((23,8),((89,49),(35,13))))),((0,((62,((74,20),(80,70))),((7,((38,(61,97)),(93,(39,73)))),((82,(84,54)),(59,(60,(32,41))))))),(((10,((16,43),(76,96))),((92,24),((77,3),(72,(56,26))))),(((2,29),((83,40),(12,(79,(65,11))))),((33,48),((78,36),((9,((90,66),(27,69))),((75,63),((21,99),(51,(28,57)))))))))))));
Quartet score is: 3393715949
Normalized quartet score is: 0.831197269583611
ASTRAL finished in 15.835 secs
