
================== ASTRAL ===================== 

This is ASTRAL version 4.10.8
Gene trees are treated as unrooted
1000 trees read from model.200.500000.0.000001/26/estimatedgenetre.halfresolved
All outputted trees will be *arbitrarily* rooted at 159

======== Running the main analysis
Number of taxa: 201 (201 species)
Taxa: [159, 6, 16, 88, 68, 171, 48, 189, 106, 60, 26, 41, 97, 81, 28, 36, 158, 79, 73, 116, 92, 143, 167, 124, 18, 105, 30, 112, 160, 38, 108, 89, 166, 181, 179, 67, 134, 10, 57, 65, 20, 100, 52, 62, 156, 74, 195, 125, 91, 11, 63, 14, 34, 54, 169, 176, 0, 96, 138, 163, 76, 45, 50, 182, 59, 5, 194, 8, 69, 71, 129, 155, 3, 161, 32, 148, 99, 87, 193, 98, 115, 31, 140, 70, 121, 188, 146, 147, 178, 66, 150, 22, 157, 187, 141, 56, 29, 39, 164, 94, 132, 131, 177, 107, 86, 145, 165, 49, 21, 47, 152, 175, 80, 151, 46, 103, 72, 53, 185, 120, 154, 95, 199, 197, 12, 77, 61, 93, 119, 101, 173, 133, 128, 190, 102, 1, 123, 2, 113, 168, 7, 24, 9, 58, 191, 198, 118, 180, 110, 184, 43, 144, 23, 186, 40, 104, 117, 78, 83, 64, 126, 75, 127, 122, 25, 183, 35, 84, 136, 15, 149, 200, 196, 142, 114, 51, 111, 192, 37, 162, 170, 13, 90, 44, 109, 82, 85, 55, 33, 27, 139, 172, 135, 17, 130, 19, 137, 42, 174, 4, 153]
Taxon occupancy: {35=1000, 36=1000, 159=1000, 33=1000, 34=1000, 158=1000, 157=1000, 39=1000, 156=1000, 155=1000, 37=1000, 38=1000, 154=1000, 152=1000, 153=1000, 150=1000, 151=1000, 43=1000, 42=1000, 41=1000, 40=1000, 200=1000, 22=1000, 169=1000, 23=1000, 24=1000, 25=1000, 26=1000, 166=1000, 165=1000, 27=1000, 28=1000, 168=1000, 167=1000, 29=1000, 161=1000, 3=1000, 2=1000, 162=1000, 163=1000, 1=1000, 0=1000, 164=1000, 30=1000, 7=1000, 6=1000, 32=1000, 5=1000, 4=1000, 31=1000, 160=1000, 9=1000, 8=1000, 19=1000, 17=1000, 179=1000, 178=1000, 18=1000, 177=1000, 15=1000, 176=1000, 16=1000, 13=1000, 14=1000, 11=1000, 12=1000, 21=1000, 170=1000, 171=1000, 20=1000, 174=1000, 175=1000, 172=1000, 173=1000, 188=1000, 187=1000, 189=1000, 180=1000, 181=1000, 10=1000, 182=1000, 183=1000, 184=1000, 185=1000, 186=1000, 116=1000, 79=1000, 117=1000, 78=1000, 114=1000, 115=1000, 77=1000, 112=1000, 113=1000, 110=1000, 111=1000, 118=1000, 119=1000, 82=1000, 83=1000, 80=1000, 81=1000, 86=1000, 87=1000, 84=1000, 85=1000, 67=1000, 125=1000, 66=1000, 126=1000, 69=1000, 127=1000, 68=1000, 128=1000, 121=1000, 122=1000, 123=1000, 124=1000, 129=1000, 70=1000, 71=1000, 120=1000, 72=1000, 73=1000, 74=1000, 75=1000, 76=1000, 134=1000, 135=1000, 132=1000, 59=1000, 133=1000, 138=1000, 58=1000, 57=1000, 139=1000, 56=1000, 136=1000, 137=1000, 55=1000, 64=1000, 65=1000, 62=1000, 63=1000, 60=1000, 131=1000, 130=1000, 61=1000, 143=1000, 49=1000, 48=1000, 144=1000, 145=1000, 146=1000, 147=1000, 45=1000, 148=1000, 44=1000, 47=1000, 149=1000, 46=1000, 51=1000, 52=1000, 53=1000, 54=1000, 140=1000, 142=1000, 141=1000, 50=1000, 109=1000, 108=1000, 107=1000, 106=1000, 105=1000, 104=1000, 103=1000, 99=1000, 102=1000, 101=1000, 100=1000, 98=1000, 97=1000, 96=1000, 95=1000, 94=1000, 93=1000, 92=1000, 91=1000, 90=1000, 88=1000, 89=1000, 195=1000, 194=1000, 197=1000, 196=1000, 191=1000, 190=1000, 193=1000, 192=1000, 198=1000, 199=1000}
Number of gene trees: 1000
0 trees have missing taxa
Calculating quartet distance matrix (for completion of X)
Species tree distances calculated ...
Building set of clusters (X) from gene trees 
Using tree-based weight calculation.
Number of Default Clusters: 149421
Number of quartet trees in the gene trees: 65998153719
calculating extra bipartitions to be added at level 1 ...
Number of Clusters after addition by distance: 149445
Adding to X using resolutions of greedy consensus ...
Threshold 0.0:
polytomy of size 12; rounds with additions with at least 0.01 support: 4; clusters: 149945
Threshold 0.01:
polytomy of size 4; rounds with additions with at least 0.01 support: 0; clusters: 149947
polytomy of size 3; rounds with additions with at least 0.01 support: 0; clusters: 149949
polytomy of size 21; rounds with additions with at least 0.01 support: 5; clusters: 151875
Threshold 0.02:
polytomy of size 4; rounds with additions with at least 0.01 support: 0; clusters: 151875
polytomy of size 34; rounds with additions with at least 0.01 support: 2; clusters: 157777
Threshold 0.05:
polytomy of size 49; rounds with additions with at least 0.01 support: 0; clusters: 157925
Threshold 0.1:
polytomy of size 3; rounds with additions with at least 0.01 support: 0; clusters: 157925
polytomy of size 58; rounds with additions with at least 0.01 support: 0; clusters: 157989
Threshold 0.2:
polytomy of size 3; rounds with additions with at least 0.01 support: 0; clusters: 157989
polytomy of size 3; rounds with additions with at least 0.01 support: 0; clusters: 157989
polytomy of size 4; rounds with additions with at least 0.01 support: 0; clusters: 157989
polytomy of size 5; rounds with additions with at least 0.01 support: 0; clusters: 157989
polytomy of size 76; rounds with additions with at least 0.01 support: 0; clusters: 158149
polytomy of size 4; rounds with additions with at least 0.01 support: 0; clusters: 158149
Threshold 0.3333333333333333:
polytomy of size 4; rounds with additions with at least 0.01 support: 0; clusters: 158149
polytomy of size 3; rounds with additions with at least 0.01 support: 0; clusters: 158149
polytomy of size 4; rounds with additions with at least 0.01 support: 0; clusters: 158149
polytomy of size 5; rounds with additions with at least 0.01 support: 0; clusters: 158149
polytomy of size 3; rounds with additions with at least 0.01 support: 0; clusters: 158149
polytomy of size 3; rounds with additions with at least 0.01 support: 0; clusters: 158149
polytomy of size 3; rounds with additions with at least 0.01 support: 0; clusters: 158149
polytomy of size 4; rounds with additions with at least 0.01 support: 0; clusters: 158149
Number of Clusters after addition by greedy: 158149
partitions formed in 97.623 secs
Dynamic Programming starting after 97.623 secs
Size of largest cluster: 201
Size of largest cluster: 201
Calculated 100000 weights; time (seconds): 120
Calculated 200000 weights; time (seconds): 21
Calculated 300000 weights; time (seconds): 22
Total Number of elements weighted: 393028
Normalized score (portion of input quartet trees satisfied): NaN
Final optimization score: 0
Total Number of elements weighted: 393028
Normalized score (portion of input quartet trees satisfied): 0.5014012305691724
Final optimization score: 33091555490
Optimal tree inferred in 225.692 secs.
(159,(((6,16),(171,(88,(68,48)))),(((183,35),((25,(39,164)),(132,(94,(107,(177,(131,86))))))),(56,(((54,(114,(200,(176,(196,142))))),(111,(150,((187,141),(51,(22,157)))))),(((182,59),(((161,55),((136,15),((87,(148,99)),((98,115),((140,70),(193,31)))))),((192,(3,(119,(101,173)))),((32,(84,149)),(194,(((129,155),(5,(8,178))),((69,(138,163)),(71,(76,(45,50)))))))))),(0,((((18,105),((166,(89,(167,124))),((38,108),(((57,65),(112,160)),((172,(135,17)),(133,(20,100))))))),(((30,96),(42,(128,((102,(190,168)),(123,(2,(1,113))))))),((37,(162,170)),(((24,(7,(26,41))),((52,(27,139)),(33,(121,188)))),((67,134),((10,((181,179),(85,(82,(44,109))))),(((81,28),(116,(158,(79,73)))),((90,(97,13)),(36,(92,143)))))))))),((((60,191),(189,29)),(((74,14),(21,47)),((106,34),((169,(156,63)),(195,(125,(91,11))))))),(((72,(53,(130,(19,137)))),(((4,(174,153)),(77,(120,154))),((62,61),(93,(185,(95,(199,(197,12)))))))),(49,(((66,(145,165)),((146,147),(80,(152,175)))),(((9,64),((184,43),(198,(151,58)))),((46,(118,(126,(75,(180,127))))),(103,((122,(110,(144,23))),((104,83),((186,40),(117,78)))))))))))))))))));
Quartet score is: 33091555490
Normalized quartet score is: 0.5014012305691724
ASTRAL finished in 235.702 secs
