
================== ASTRAL ===================== 

This is ASTRAL version 4.10.10
Gene trees are treated as unrooted
1000 trees read from ASTRALDATA/model.50.2000000.0.000001/45/estimatedgenetre.halfresolved
All output trees will be *arbitrarily* rooted at 28

======== Running the main analysis
Number of taxa: 51 (51 species)
Taxa: [28, 46, 19, 8, 14, 38, 45, 34, 43, 17, 23, 2, 41, 33, 15, 32, 40, 30, 4, 39, 9, 25, 22, 20, 18, 13, 49, 21, 6, 44, 24, 37, 0, 48, 3, 26, 1, 5, 10, 36, 31, 16, 35, 29, 47, 12, 50, 42, 27, 7, 11]
Taxon occupancy: {35=1000, 36=1000, 33=1000, 34=1000, 39=1000, 37=1000, 38=1000, 43=1000, 42=1000, 41=1000, 40=1000, 22=1000, 23=1000, 24=1000, 25=1000, 26=1000, 27=1000, 28=1000, 29=1000, 3=1000, 2=1000, 1=1000, 0=1000, 7=1000, 30=1000, 6=1000, 32=1000, 5=1000, 4=1000, 31=1000, 9=1000, 8=1000, 19=1000, 17=1000, 18=1000, 15=1000, 16=1000, 13=1000, 14=1000, 11=1000, 12=1000, 21=1000, 20=1000, 49=1000, 48=1000, 45=1000, 44=1000, 47=1000, 46=1000, 10=1000, 50=1000}
Number of gene trees: 1000
0 trees have missing taxa
Calculating quartet distance matrix (for completion of X)
Species tree distances calculated ...
Building set of clusters (X) from gene trees 
Using tree-based weight calculation.
Number of Default Clusters: 4841
Number of quartet trees in the gene trees: 249899808
calculating extra bipartitions to be added at level 1 ...
Number of Clusters after addition by distance: 4841
Adding to X using resolutions of greedy consensus ...
Threshold 0.0:
Threshold 0.01:
Threshold 0.02:
Threshold 0.05:
Threshold 0.1:
Threshold 0.2:
polytomy of size 4; rounds with additions with at least 0.01 support: 0; clusters: 4841
Threshold 0.3333333333333333:
polytomy of size 4; rounds with additions with at least 0.01 support: 0; clusters: 4841
polytomy of size 5; rounds with additions with at least 0.01 support: 0; clusters: 4841
polytomy of size 5; rounds with additions with at least 0.01 support: 0; clusters: 4841
polytomy of size 4; rounds with additions with at least 0.01 support: 0; clusters: 4841
Number of Clusters after addition by greedy: 4841
partitions formed in 2.508 secs
Dynamic Programming starting after 2.508 secs
Size of largest cluster: 51
Total Number of elements weighted: 26278
Normalized score (portion of input quartet trees satisfied): 0.8770833869548231
Final optimization score: 219182970
Optimal tree inferred in 42.898 secs.
(43,((8,(14,((27,(7,11)),(38,(28,((45,34),(46,19))))))),((23,(17,2)),((41,(33,15)),(32,(((25,22),((39,9),(4,(40,30)))),(10,(((47,12),(50,(42,(36,(31,(29,(16,35))))))),(((1,5),(3,(48,26))),(0,((20,(18,13)),((49,(21,6)),(37,(44,24))))))))))))));
Quartet score is: 219182970
Normalized quartet score is: 0.8770833869548231
ASTRAL finished in 43.9 secs
