
================== ASTRAL ===================== 

This is ASTRAL version 4.10.10
Gene trees are treated as unrooted
984 trees read from ASTRALDATA/model.200.500000.0.000001/02/estimatedgenetre.halfresolved
All output trees will be *arbitrarily* rooted at 57

======== Running the main analysis
Number of taxa: 201 (201 species)
Taxa: [57, 7, 181, 129, 14, 32, 87, 39, 193, 70, 11, 62, 156, 5, 166, 118, 59, 146, 186, 143, 199, 111, 164, 147, 30, 124, 170, 68, 35, 152, 9, 168, 43, 73, 61, 98, 27, 184, 20, 101, 120, 58, 153, 187, 189, 47, 154, 86, 180, 78, 107, 155, 91, 81, 165, 138, 71, 110, 33, 0, 15, 171, 177, 163, 141, 67, 83, 104, 108, 149, 191, 127, 139, 22, 37, 17, 41, 25, 75, 21, 28, 74, 55, 34, 195, 133, 54, 65, 105, 94, 116, 19, 90, 185, 148, 80, 160, 77, 159, 63, 114, 23, 69, 175, 196, 8, 142, 188, 140, 178, 122, 134, 144, 136, 151, 183, 18, 137, 53, 157, 176, 167, 109, 16, 100, 40, 131, 132, 85, 45, 125, 192, 44, 198, 82, 31, 162, 52, 4, 172, 95, 173, 126, 112, 102, 66, 51, 158, 97, 72, 60, 13, 93, 64, 121, 24, 50, 197, 92, 150, 79, 3, 29, 194, 42, 182, 88, 76, 6, 179, 48, 49, 130, 103, 36, 106, 169, 200, 84, 56, 161, 115, 135, 145, 174, 99, 26, 190, 2, 119, 89, 96, 117, 113, 38, 10, 128, 1, 12, 123, 46]
Taxon occupancy: {35=984, 36=984, 33=984, 159=984, 34=984, 158=984, 39=984, 157=984, 156=984, 37=984, 155=984, 38=984, 154=984, 152=984, 153=984, 150=984, 151=984, 43=984, 42=984, 41=984, 40=984, 200=984, 22=984, 23=984, 169=984, 24=984, 25=984, 166=984, 26=984, 165=984, 27=984, 28=984, 168=984, 167=984, 29=984, 3=984, 161=984, 162=984, 2=984, 1=984, 163=984, 0=984, 164=984, 7=984, 30=984, 6=984, 5=984, 32=984, 160=984, 31=984, 4=984, 9=984, 8=984, 19=984, 17=984, 179=984, 178=984, 18=984, 177=984, 15=984, 176=984, 16=984, 13=984, 14=984, 11=984, 12=984, 21=984, 170=984, 171=984, 20=984, 174=984, 175=984, 172=984, 173=984, 188=984, 187=984, 189=984, 180=984, 10=984, 181=984, 182=984, 183=984, 184=984, 185=984, 186=984, 116=984, 117=984, 79=984, 78=984, 114=984, 77=984, 115=984, 112=984, 113=984, 110=984, 111=984, 118=984, 119=984, 82=984, 83=984, 80=984, 81=984, 86=984, 87=984, 84=984, 85=984, 67=984, 125=984, 126=984, 66=984, 127=984, 69=984, 128=984, 68=984, 121=984, 122=984, 123=984, 124=984, 129=984, 70=984, 71=984, 120=984, 72=984, 73=984, 74=984, 75=984, 76=984, 134=984, 135=984, 132=984, 133=984, 59=984, 138=984, 58=984, 139=984, 57=984, 136=984, 56=984, 55=984, 137=984, 64=984, 65=984, 62=984, 63=984, 131=984, 60=984, 61=984, 130=984, 143=984, 49=984, 144=984, 48=984, 145=984, 146=984, 147=984, 45=984, 148=984, 44=984, 149=984, 47=984, 46=984, 51=984, 52=984, 53=984, 54=984, 140=984, 142=984, 141=984, 50=984, 109=984, 108=984, 107=984, 106=984, 105=984, 104=984, 103=984, 102=984, 99=984, 101=984, 100=984, 98=984, 97=984, 96=984, 95=984, 94=984, 93=984, 92=984, 91=984, 90=984, 88=984, 89=984, 195=984, 194=984, 197=984, 196=984, 191=984, 190=984, 193=984, 192=984, 198=984, 199=984}
Number of gene trees: 984
0 trees have missing taxa
Calculating quartet distance matrix (for completion of X)
Species tree distances calculated ...
Building set of clusters (X) from gene trees 
Using tree-based weight calculation.
Number of Default Clusters: 166679
Number of quartet trees in the gene trees: 64818310122
calculating extra bipartitions to be added at level 1 ...
Number of Clusters after addition by distance: 166697
Adding to X using resolutions of greedy consensus ...
Threshold 0.0:
polytomy of size 11; rounds with additions with at least 0.01 support: 6; clusters: 167181
Threshold 0.01:
polytomy of size 24; rounds with additions with at least 0.01 support: 11; clusters: 170755
Threshold 0.02:
polytomy of size 28; rounds with additions with at least 0.01 support: 1; clusters: 175559
Threshold 0.05:
polytomy of size 48; rounds with additions with at least 0.01 support: 0; clusters: 175601
Threshold 0.1:
polytomy of size 4; rounds with additions with at least 0.01 support: 0; clusters: 175601
polytomy of size 4; rounds with additions with at least 0.01 support: 0; clusters: 175601
polytomy of size 3; rounds with additions with at least 0.01 support: 0; clusters: 175601
polytomy of size 3; rounds with additions with at least 0.01 support: 0; clusters: 175601
polytomy of size 62; rounds with additions with at least 0.01 support: 0; clusters: 175653
Threshold 0.2:
polytomy of size 3; rounds with additions with at least 0.01 support: 0; clusters: 175653
polytomy of size 4; rounds with additions with at least 0.01 support: 0; clusters: 175653
polytomy of size 4; rounds with additions with at least 0.01 support: 0; clusters: 175653
polytomy of size 90; rounds with additions with at least 0.01 support: 0; clusters: 175705
Threshold 0.3333333333333333:
polytomy of size 4; rounds with additions with at least 0.01 support: 0; clusters: 175705
polytomy of size 3; rounds with additions with at least 0.01 support: 0; clusters: 175705
polytomy of size 3; rounds with additions with at least 0.01 support: 0; clusters: 175705
polytomy of size 4; rounds with additions with at least 0.01 support: 0; clusters: 175705
polytomy of size 4; rounds with additions with at least 0.01 support: 0; clusters: 175705
polytomy of size 3; rounds with additions with at least 0.01 support: 0; clusters: 175705
Number of Clusters after addition by greedy: 175705
partitions formed in 106.235 secs
Dynamic Programming starting after 106.235 secs
Size of largest cluster: 201
Calculated 100000 weights; time (seconds): 736
Calculated 200000 weights; time (seconds): 635
Calculated 300000 weights; time (seconds): 695
Total Number of elements weighted: 370257
Normalized score (portion of input quartet trees satisfied): 0.4889483100893606
Final optimization score: 31692803197
Optimal tree inferred in 2558.58 secs.
(148,(144,(134,(122,((80,160),((((156,17),((120,(47,154)),(86,(58,(153,187))))),(((55,34),((195,133),(54,65))),((((1,12),(33,(110,128))),((116,90),((19,185),(105,94)))),(((118,59),(37,(74,(166,41)))),((103,36),((138,21),((75,28),(5,25)))))))),(((177,((163,141),(67,(15,171)))),((((111,(143,199)),(62,(31,162))),(87,((39,193),(181,(129,(14,32)))))),(((95,112),(66,(102,(173,(57,(126,123)))))),((2,((72,64),(93,(121,(24,50))))),(190,((13,119),(117,(89,(60,96))))))))),(0,(((51,(97,79)),((11,(70,161)),(174,(7,((197,145),(113,(38,(135,10)))))))),((((172,(52,4)),((155,18),((189,137),(127,(149,191))))),(((77,(159,63)),(107,(40,(180,78)))),(((178,56),(83,(169,(200,84)))),((108,22),((106,(198,82)),(104,(139,115))))))),(((158,(165,(91,81))),((44,(99,26)),((136,151),(183,150)))),(46,(((147,114),((23,(69,8)),(27,((164,140),(124,(170,(184,(30,20)))))))),((53,(131,132)),((68,35),(((196,(71,175)),(146,((85,45),(142,(186,101))))),(((61,(98,192)),((188,3),(43,73))),(((49,130),(125,92)),(((157,(176,42)),(194,((152,29),(9,168)))),((109,(167,48)),(182,(6,(88,(179,(76,(16,100))))))))))))))))))))))))));
Quartet score is: 31692803197
Normalized quartet score is: 0.4889483100893606
ASTRAL finished in 2573.991 secs
