
================== ASTRAL ===================== 

This is ASTRAL version 4.10.10
Gene trees are treated as unrooted
1000 trees read from ASTRALDATA/model.200.10000000.0.0000001/27/estimatedgenetre.halfresolved
All output trees will be *arbitrarily* rooted at 43

======== Running the main analysis
Number of taxa: 201 (201 species)
Taxa: [43, 172, 70, 192, 39, 16, 133, 121, 20, 159, 178, 83, 170, 196, 6, 85, 4, 110, 116, 32, 77, 34, 87, 179, 126, 122, 47, 152, 45, 95, 67, 186, 117, 185, 64, 182, 180, 82, 102, 147, 176, 108, 125, 187, 14, 199, 28, 86, 173, 69, 40, 200, 140, 7, 100, 80, 105, 171, 111, 38, 174, 66, 160, 93, 127, 44, 59, 131, 135, 148, 151, 22, 81, 71, 129, 134, 163, 0, 13, 50, 8, 106, 15, 143, 1, 90, 75, 35, 18, 114, 89, 98, 190, 97, 55, 165, 37, 161, 132, 76, 21, 48, 96, 162, 19, 84, 124, 79, 27, 141, 3, 57, 175, 138, 112, 5, 56, 150, 154, 128, 167, 46, 2, 146, 11, 58, 158, 65, 194, 169, 118, 10, 36, 53, 12, 119, 113, 197, 166, 49, 142, 184, 94, 92, 23, 164, 181, 101, 42, 54, 198, 51, 109, 188, 91, 24, 120, 137, 74, 99, 195, 156, 26, 29, 155, 144, 62, 61, 153, 30, 193, 17, 191, 177, 183, 115, 123, 139, 9, 25, 63, 104, 88, 73, 41, 136, 68, 149, 145, 78, 189, 52, 168, 33, 31, 157, 107, 103, 130, 60, 72]
Taxon occupancy: {35=1000, 36=1000, 33=1000, 159=1000, 34=1000, 158=1000, 157=1000, 39=1000, 156=1000, 37=1000, 155=1000, 38=1000, 154=1000, 152=1000, 153=1000, 150=1000, 151=1000, 43=1000, 42=1000, 41=1000, 40=1000, 200=1000, 22=1000, 169=1000, 23=1000, 24=1000, 25=1000, 166=1000, 26=1000, 165=1000, 27=1000, 168=1000, 28=1000, 167=1000, 29=1000, 161=1000, 3=1000, 162=1000, 2=1000, 1=1000, 163=1000, 0=1000, 164=1000, 7=1000, 30=1000, 6=1000, 32=1000, 5=1000, 31=1000, 160=1000, 4=1000, 9=1000, 8=1000, 19=1000, 179=1000, 17=1000, 18=1000, 178=1000, 15=1000, 177=1000, 16=1000, 176=1000, 13=1000, 14=1000, 11=1000, 12=1000, 170=1000, 21=1000, 171=1000, 20=1000, 174=1000, 175=1000, 172=1000, 173=1000, 188=1000, 187=1000, 189=1000, 180=1000, 10=1000, 181=1000, 182=1000, 183=1000, 184=1000, 185=1000, 186=1000, 116=1000, 117=1000, 79=1000, 114=1000, 78=1000, 77=1000, 115=1000, 112=1000, 113=1000, 110=1000, 111=1000, 118=1000, 119=1000, 82=1000, 83=1000, 80=1000, 81=1000, 86=1000, 87=1000, 84=1000, 85=1000, 67=1000, 125=1000, 66=1000, 126=1000, 127=1000, 69=1000, 128=1000, 68=1000, 121=1000, 122=1000, 123=1000, 124=1000, 129=1000, 70=1000, 71=1000, 120=1000, 72=1000, 73=1000, 74=1000, 75=1000, 76=1000, 134=1000, 135=1000, 132=1000, 59=1000, 133=1000, 138=1000, 58=1000, 57=1000, 139=1000, 56=1000, 136=1000, 55=1000, 137=1000, 64=1000, 65=1000, 62=1000, 63=1000, 60=1000, 131=1000, 130=1000, 61=1000, 143=1000, 49=1000, 48=1000, 144=1000, 145=1000, 146=1000, 45=1000, 147=1000, 148=1000, 44=1000, 47=1000, 149=1000, 46=1000, 51=1000, 52=1000, 53=1000, 54=1000, 140=1000, 142=1000, 50=1000, 141=1000, 109=1000, 108=1000, 107=1000, 106=1000, 105=1000, 104=1000, 103=1000, 102=1000, 99=1000, 101=1000, 100=1000, 98=1000, 97=1000, 96=1000, 95=1000, 94=1000, 93=1000, 92=1000, 91=1000, 90=1000, 88=1000, 89=1000, 195=1000, 194=1000, 197=1000, 196=1000, 191=1000, 190=1000, 193=1000, 192=1000, 198=1000, 199=1000}
Number of gene trees: 1000
0 trees have missing taxa
Calculating quartet distance matrix (for completion of X)
Species tree distances calculated ...
Building set of clusters (X) from gene trees 
Using tree-based weight calculation.
Number of Default Clusters: 8411
Number of quartet trees in the gene trees: 65998349406
calculating extra bipartitions to be added at level 1 ...
Number of Clusters after addition by distance: 8411
Adding to X using resolutions of greedy consensus ...
Threshold 0.0:
Threshold 0.01:
Threshold 0.02:
Threshold 0.05:
Threshold 0.1:
Threshold 0.2:
polytomy of size 3; rounds with additions with at least 0.01 support: 0; clusters: 8411
polytomy of size 5; rounds with additions with at least 0.01 support: 0; clusters: 8411
Threshold 0.3333333333333333:
polytomy of size 3; rounds with additions with at least 0.01 support: 0; clusters: 8411
polytomy of size 3; rounds with additions with at least 0.01 support: 0; clusters: 8411
polytomy of size 4; rounds with additions with at least 0.01 support: 0; clusters: 8411
polytomy of size 3; rounds with additions with at least 0.01 support: 0; clusters: 8411
polytomy of size 3; rounds with additions with at least 0.01 support: 0; clusters: 8411
polytomy of size 6; rounds with additions with at least 0.01 support: 0; clusters: 8411
Number of Clusters after addition by greedy: 8411
partitions formed in 8.664 secs
Dynamic Programming starting after 8.665 secs
Size of largest cluster: 201
Total Number of elements weighted: 30174
Normalized score (portion of input quartet trees satisfied): 0.9157931629954558
Final optimization score: 60440837155
Optimal tree inferred in 177.775 secs.
(55,((165,37),((98,(190,97)),(((143,1),(90,(75,(35,(89,(18,114)))))),((((48,96),((161,132),(76,21))),((13,(50,(8,(106,15)))),(0,(((22,(81,(71,(129,(134,163))))),((43,(172,70)),(192,((39,(16,133)),((159,178),(121,20)))))),(((83,(170,196)),((4,110),(6,85))),((((116,32),(87,(77,34))),(179,((152,45),(126,(122,47))))),((95,(67,(186,117))),(((185,64),(182,(180,82))),(((140,7),((40,200),(86,(173,69)))),(((187,(14,199)),(28,((108,125),(102,(147,176))))),((100,(80,(105,171))),((135,(148,151)),(111,((38,(174,66)),((160,(93,127)),(44,(59,131))))))))))))))))),((155,(((153,(30,(193,17))),(191,(25,((123,(139,9)),(177,(183,115)))))),((144,(62,61)),((63,((104,88),(73,41))),((149,(145,(136,68))),((31,(78,(189,(168,(52,33))))),(157,(107,(130,(103,(60,72))))))))))),(((162,19),(84,(124,(79,27)))),(((99,(195,(156,(26,29)))),((120,(137,74)),(181,((101,(42,(54,198))),((51,109),(188,(91,24))))))),((164,((119,113),(197,((94,(92,23)),((166,49),(142,184)))))),((194,(169,(118,(10,36)))),((53,12),(((57,(175,138)),((141,3),(112,5))),((146,(11,(58,(158,65)))),((167,(46,2)),(56,(150,(154,128)))))))))))))))));
Quartet score is: 60440837155
Normalized quartet score is: 0.9157931629954558
ASTRAL finished in 185.838 secs
