
================== ASTRAL ===================== 

This is ASTRAL version 4.10.8
Gene trees are treated as unrooted
1000 trees read from model.200.10000000.0.0000001/01/estimatedgenetre.halfresolved
All outputted trees will be *arbitrarily* rooted at 72

======== Running the main analysis
Number of taxa: 201 (201 species)
Taxa: [72, 119, 184, 143, 188, 149, 49, 134, 157, 92, 38, 132, 154, 75, 24, 88, 26, 106, 78, 137, 43, 99, 146, 109, 118, 83, 148, 74, 186, 98, 123, 107, 195, 131, 168, 104, 124, 51, 79, 76, 81, 130, 45, 198, 12, 47, 9, 136, 95, 121, 15, 62, 193, 3, 66, 102, 151, 165, 41, 6, 153, 44, 159, 156, 22, 196, 19, 13, 185, 42, 183, 173, 111, 40, 110, 14, 31, 128, 8, 10, 50, 100, 87, 126, 122, 59, 23, 120, 16, 67, 158, 29, 96, 71, 180, 147, 11, 27, 145, 48, 63, 34, 0, 125, 64, 133, 97, 177, 129, 144, 35, 194, 115, 155, 116, 91, 90, 170, 174, 164, 103, 73, 112, 4, 56, 140, 2, 5, 55, 101, 84, 189, 163, 80, 1, 33, 190, 21, 57, 139, 25, 114, 167, 58, 36, 172, 178, 39, 65, 68, 166, 86, 60, 113, 53, 82, 179, 28, 69, 18, 32, 191, 20, 94, 192, 160, 138, 197, 200, 141, 52, 162, 108, 54, 17, 93, 142, 117, 175, 105, 150, 152, 187, 181, 85, 70, 46, 77, 30, 89, 182, 61, 37, 7, 161, 135, 127, 169, 199, 171, 176]
Taxon occupancy: {35=1000, 36=1000, 159=1000, 33=1000, 158=1000, 34=1000, 157=1000, 39=1000, 156=1000, 37=1000, 155=1000, 154=1000, 38=1000, 152=1000, 153=1000, 150=1000, 151=1000, 43=1000, 42=1000, 41=1000, 40=1000, 200=1000, 22=1000, 169=1000, 23=1000, 24=1000, 25=1000, 26=1000, 166=1000, 165=1000, 27=1000, 168=1000, 28=1000, 29=1000, 167=1000, 161=1000, 3=1000, 2=1000, 162=1000, 163=1000, 1=1000, 0=1000, 164=1000, 7=1000, 30=1000, 6=1000, 5=1000, 32=1000, 31=1000, 4=1000, 160=1000, 9=1000, 8=1000, 19=1000, 179=1000, 17=1000, 178=1000, 18=1000, 15=1000, 177=1000, 176=1000, 16=1000, 13=1000, 14=1000, 11=1000, 12=1000, 170=1000, 21=1000, 171=1000, 20=1000, 174=1000, 175=1000, 172=1000, 173=1000, 188=1000, 187=1000, 189=1000, 180=1000, 10=1000, 181=1000, 182=1000, 183=1000, 184=1000, 185=1000, 186=1000, 116=1000, 79=1000, 117=1000, 78=1000, 114=1000, 115=1000, 77=1000, 112=1000, 113=1000, 110=1000, 111=1000, 118=1000, 119=1000, 82=1000, 83=1000, 80=1000, 81=1000, 86=1000, 87=1000, 84=1000, 85=1000, 67=1000, 125=1000, 126=1000, 66=1000, 127=1000, 69=1000, 128=1000, 68=1000, 121=1000, 122=1000, 123=1000, 124=1000, 129=1000, 70=1000, 71=1000, 120=1000, 72=1000, 73=1000, 74=1000, 75=1000, 76=1000, 134=1000, 135=1000, 132=1000, 59=1000, 133=1000, 58=1000, 138=1000, 57=1000, 139=1000, 136=1000, 56=1000, 137=1000, 55=1000, 64=1000, 65=1000, 62=1000, 63=1000, 131=1000, 60=1000, 130=1000, 61=1000, 143=1000, 49=1000, 48=1000, 144=1000, 145=1000, 146=1000, 147=1000, 45=1000, 44=1000, 148=1000, 149=1000, 47=1000, 46=1000, 51=1000, 52=1000, 53=1000, 54=1000, 140=1000, 142=1000, 50=1000, 141=1000, 109=1000, 108=1000, 107=1000, 106=1000, 105=1000, 104=1000, 103=1000, 102=1000, 99=1000, 101=1000, 100=1000, 98=1000, 97=1000, 96=1000, 95=1000, 94=1000, 93=1000, 92=1000, 91=1000, 90=1000, 88=1000, 89=1000, 195=1000, 194=1000, 197=1000, 196=1000, 191=1000, 190=1000, 193=1000, 192=1000, 198=1000, 199=1000}
Number of gene trees: 1000
0 trees have missing taxa
Calculating quartet distance matrix (for completion of X)
Species tree distances calculated ...
Building set of clusters (X) from gene trees 
Using tree-based weight calculation.
Number of Default Clusters: 69173
Number of quartet trees in the gene trees: 65998349802
calculating extra bipartitions to be added at level 1 ...
Number of Clusters after addition by distance: 69175
Adding to X using resolutions of greedy consensus ...
Threshold 0.0:
Threshold 0.01:
polytomy of size 7; rounds with additions with at least 0.01 support: 0; clusters: 69217
Threshold 0.02:
polytomy of size 10; rounds with additions with at least 0.01 support: 1; clusters: 69327
Threshold 0.05:
polytomy of size 18; rounds with additions with at least 0.01 support: 1; clusters: 69331
Threshold 0.1:
polytomy of size 22; rounds with additions with at least 0.01 support: 1; clusters: 69337
Threshold 0.2:
polytomy of size 3; rounds with additions with at least 0.01 support: 0; clusters: 69337
polytomy of size 6; rounds with additions with at least 0.01 support: 0; clusters: 69337
polytomy of size 3; rounds with additions with at least 0.01 support: 0; clusters: 69337
polytomy of size 28; rounds with additions with at least 0.01 support: 0; clusters: 69337
Threshold 0.3333333333333333:
polytomy of size 3; rounds with additions with at least 0.01 support: 0; clusters: 69337
polytomy of size 3; rounds with additions with at least 0.01 support: 0; clusters: 69337
polytomy of size 7; rounds with additions with at least 0.01 support: 0; clusters: 69337
polytomy of size 3; rounds with additions with at least 0.01 support: 0; clusters: 69337
polytomy of size 5; rounds with additions with at least 0.01 support: 0; clusters: 69337
polytomy of size 3; rounds with additions with at least 0.01 support: 0; clusters: 69337
polytomy of size 40; rounds with additions with at least 0.01 support: 0; clusters: 73295
Number of Clusters after addition by greedy: 73295
partitions formed in 35.541 secs
Dynamic Programming starting after 35.541 secs
Size of largest cluster: 201
Size of largest cluster: 201
Total Number of elements weighted: 194095
Normalized score (portion of input quartet trees satisfied): NaN
Final optimization score: 0
Calculated 100000 weights; time (seconds): 58
Total Number of elements weighted: 194095
Normalized score (portion of input quartet trees satisfied): 0.7385445381169653
Final optimization score: 48742720771
Optimal tree inferred in 83.951 secs.
(72,(49,(((188,149),(119,(184,143))),((134,(157,82)),(31,((((8,(10,50)),((24,88),((92,38),(132,(154,75))))),(16,(66,((83,((148,74),(146,(109,118)))),((((44,159),(153,53)),((42,183),((22,196),((19,(40,(110,14))),((173,111),(156,(13,185))))))),(((62,(15,193)),((43,99),(26,(106,(78,137))))),((3,(102,(151,165))),(((9,136),(95,121)),(((6,(41,67)),(81,((130,45),(198,(12,47))))),(186,((76,(124,(51,79))),(98,(123,((107,195),(131,(168,104)))))))))))))))),(128,(0,(((69,(((96,71),(158,29)),((179,28),((100,87),((126,122),(59,(23,120))))))),((181,((77,30),(152,(70,(85,46))))),((150,(187,(61,37))),((89,182),(161,(7,135)))))),((((63,34),(36,113)),((172,178),((39,65),(68,(166,(86,60)))))),(((145,48),((127,(169,(171,(199,176)))),((32,(18,191)),(180,((142,(105,(117,175))),(((17,93),((52,162),(108,54))),((20,94),((192,160),(138,(197,(200,141))))))))))),((((58,(114,167)),(57,(139,25))),(2,(((190,21),(1,33)),(5,((163,80),(55,(101,(84,189)))))))),((147,11),(((73,112),(56,(4,140))),(91,((64,(125,((90,170),(174,(164,103))))),((35,((155,116),(194,115))),((133,97),((27,177),(129,144))))))))))))))))))));
Quartet score is: 48742720771
Normalized quartet score is: 0.7385445381169653
ASTRAL finished in 92.977 secs
