
================== ASTRAL ===================== 

This is ASTRAL version 4.10.10
Gene trees are treated as unrooted
1000 trees read from ASTRALDATA/model.100.2000000.0.000001/46/estimatedgenetre.halfresolved
All output trees will be *arbitrarily* rooted at 39

======== Running the main analysis
Number of taxa: 101 (101 species)
Taxa: [39, 2, 69, 79, 92, 83, 11, 93, 23, 34, 44, 48, 54, 18, 99, 70, 98, 10, 88, 85, 46, 66, 61, 7, 90, 41, 81, 87, 95, 51, 97, 94, 55, 36, 74, 58, 4, 0, 26, 86, 30, 53, 73, 57, 42, 29, 49, 65, 80, 15, 40, 63, 38, 3, 25, 16, 20, 47, 84, 27, 75, 71, 8, 96, 1, 82, 64, 17, 78, 21, 37, 60, 67, 32, 43, 12, 56, 13, 72, 76, 62, 5, 19, 89, 31, 100, 14, 59, 9, 35, 24, 22, 50, 52, 91, 28, 45, 33, 68, 6, 77]
Taxon occupancy: {35=1000, 36=1000, 33=1000, 34=1000, 39=1000, 37=1000, 38=1000, 43=1000, 42=1000, 41=1000, 40=1000, 22=1000, 23=1000, 24=1000, 25=1000, 26=1000, 27=1000, 28=1000, 29=1000, 3=1000, 2=1000, 1=1000, 0=1000, 30=1000, 7=1000, 6=1000, 32=1000, 5=1000, 4=1000, 31=1000, 9=1000, 8=1000, 19=1000, 17=1000, 18=1000, 15=1000, 16=1000, 13=1000, 14=1000, 11=1000, 12=1000, 21=1000, 20=1000, 99=1000, 100=1000, 98=1000, 97=1000, 96=1000, 95=1000, 94=1000, 93=1000, 92=1000, 91=1000, 90=1000, 10=1000, 88=1000, 89=1000, 79=1000, 78=1000, 77=1000, 82=1000, 83=1000, 80=1000, 81=1000, 86=1000, 87=1000, 84=1000, 85=1000, 67=1000, 66=1000, 69=1000, 68=1000, 70=1000, 71=1000, 72=1000, 73=1000, 74=1000, 75=1000, 76=1000, 59=1000, 58=1000, 57=1000, 56=1000, 55=1000, 64=1000, 65=1000, 62=1000, 63=1000, 60=1000, 61=1000, 49=1000, 48=1000, 45=1000, 44=1000, 47=1000, 46=1000, 51=1000, 52=1000, 53=1000, 54=1000, 50=1000}
Number of gene trees: 1000
0 trees have missing taxa
Calculating quartet distance matrix (for completion of X)
Species tree distances calculated ...
Building set of clusters (X) from gene trees 
Using tree-based weight calculation.
Number of Default Clusters: 12225
Number of quartet trees in the gene trees: 4082925000
calculating extra bipartitions to be added at level 1 ...
Number of Clusters after addition by distance: 12225
Adding to X using resolutions of greedy consensus ...
Threshold 0.0:
Threshold 0.01:
Threshold 0.02:
Threshold 0.05:
Threshold 0.1:
polytomy of size 3; rounds with additions with at least 0.01 support: 0; clusters: 12225
Threshold 0.2:
polytomy of size 3; rounds with additions with at least 0.01 support: 0; clusters: 12225
polytomy of size 6; rounds with additions with at least 0.01 support: 0; clusters: 12225
Threshold 0.3333333333333333:
polytomy of size 3; rounds with additions with at least 0.01 support: 0; clusters: 12225
polytomy of size 3; rounds with additions with at least 0.01 support: 0; clusters: 12225
polytomy of size 5; rounds with additions with at least 0.01 support: 0; clusters: 12225
polytomy of size 4; rounds with additions with at least 0.01 support: 0; clusters: 12225
polytomy of size 3; rounds with additions with at least 0.01 support: 0; clusters: 12225
polytomy of size 4; rounds with additions with at least 0.01 support: 0; clusters: 12225
polytomy of size 3; rounds with additions with at least 0.01 support: 0; clusters: 12225
polytomy of size 4; rounds with additions with at least 0.01 support: 0; clusters: 12225
polytomy of size 7; rounds with additions with at least 0.01 support: 0; clusters: 12227
Number of Clusters after addition by greedy: 12227
partitions formed in 5.573 secs
Dynamic Programming starting after 5.573 secs
Size of largest cluster: 101
Total Number of elements weighted: 58291
Normalized score (portion of input quartet trees satisfied): 0.7973636471402242
Final optimization score: 3255575969
Optimal tree inferred in 183.05 secs.
(91,(28,(52,((6,77),((68,(45,33)),(0,((((59,9),((22,50),((100,14),(35,((76,24),(19,(89,(31,(62,5))))))))),(((71,(75,(84,27))),((20,47),((3,25),(40,(16,(63,38)))))),((26,86),((30,53),((57,(73,42)),(49,(29,(65,(80,15))))))))),(((10,((46,66),(98,(88,85)))),((13,72),(8,((32,(43,(12,56))),((37,(60,67)),((96,(1,82)),(64,(17,(78,21))))))))),(((54,(18,(99,70))),(83,((11,93),(48,(23,(34,44)))))),((39,2),((69,(79,92)),((97,(95,51)),((74,(58,4)),((94,(55,36)),((61,7),(90,(41,(81,87))))))))))))))))));
Quartet score is: 3255575969
Normalized quartet score is: 0.7973636471402242
ASTRAL finished in 185.531 secs
