
================== ASTRAL ===================== 

This is ASTRAL version 4.10.10
Gene trees are treated as unrooted
1000 trees read from ASTRALDATA/model.200.500000.0.0000001/16/estimatedgenetre.halfresolved
All output trees will be *arbitrarily* rooted at 108

======== Running the main analysis
Number of taxa: 201 (201 species)
Taxa: [108, 70, 87, 107, 7, 130, 42, 89, 111, 156, 169, 9, 64, 25, 173, 26, 145, 199, 140, 16, 184, 106, 66, 37, 102, 18, 76, 144, 56, 44, 131, 174, 97, 164, 22, 195, 83, 177, 0, 31, 197, 77, 47, 181, 10, 48, 142, 163, 139, 162, 149, 8, 153, 67, 176, 91, 180, 5, 168, 36, 35, 95, 6, 133, 196, 137, 39, 178, 45, 104, 17, 85, 74, 151, 46, 186, 59, 94, 128, 55, 170, 121, 52, 38, 138, 92, 61, 57, 11, 19, 117, 78, 34, 150, 123, 185, 120, 143, 65, 28, 171, 166, 58, 21, 114, 160, 68, 71, 60, 136, 49, 193, 88, 122, 54, 33, 132, 194, 113, 109, 23, 125, 43, 200, 62, 1, 147, 157, 24, 198, 30, 192, 84, 103, 32, 127, 141, 73, 86, 82, 14, 183, 98, 189, 159, 105, 100, 93, 4, 40, 187, 29, 112, 50, 63, 72, 191, 175, 75, 134, 110, 152, 161, 118, 13, 51, 148, 126, 79, 99, 124, 81, 129, 27, 135, 41, 182, 154, 115, 165, 155, 158, 146, 188, 20, 96, 167, 172, 90, 80, 119, 69, 53, 116, 2, 3, 15, 12, 190, 101, 179]
Taxon occupancy: {35=1000, 36=1000, 33=1000, 159=1000, 34=1000, 158=1000, 39=1000, 157=1000, 156=1000, 37=1000, 155=1000, 38=1000, 154=1000, 152=1000, 153=1000, 150=1000, 151=1000, 43=1000, 42=1000, 41=1000, 40=1000, 200=1000, 22=1000, 169=1000, 23=1000, 24=1000, 25=1000, 26=1000, 166=1000, 27=1000, 165=1000, 168=1000, 28=1000, 29=1000, 167=1000, 3=1000, 161=1000, 2=1000, 162=1000, 163=1000, 1=1000, 164=1000, 0=1000, 7=1000, 30=1000, 6=1000, 5=1000, 32=1000, 31=1000, 160=1000, 4=1000, 9=1000, 8=1000, 19=1000, 179=1000, 17=1000, 178=1000, 18=1000, 15=1000, 177=1000, 176=1000, 16=1000, 13=1000, 14=1000, 11=1000, 12=1000, 170=1000, 21=1000, 171=1000, 20=1000, 174=1000, 175=1000, 172=1000, 173=1000, 188=1000, 187=1000, 189=1000, 180=1000, 181=1000, 10=1000, 182=1000, 183=1000, 184=1000, 185=1000, 186=1000, 116=1000, 117=1000, 79=1000, 78=1000, 114=1000, 77=1000, 115=1000, 112=1000, 113=1000, 110=1000, 111=1000, 118=1000, 119=1000, 82=1000, 83=1000, 80=1000, 81=1000, 86=1000, 87=1000, 84=1000, 85=1000, 67=1000, 125=1000, 66=1000, 126=1000, 127=1000, 69=1000, 128=1000, 68=1000, 121=1000, 122=1000, 123=1000, 124=1000, 129=1000, 70=1000, 120=1000, 71=1000, 72=1000, 73=1000, 74=1000, 75=1000, 76=1000, 134=1000, 135=1000, 132=1000, 59=1000, 133=1000, 138=1000, 58=1000, 57=1000, 139=1000, 56=1000, 136=1000, 55=1000, 137=1000, 64=1000, 65=1000, 62=1000, 63=1000, 131=1000, 60=1000, 61=1000, 130=1000, 143=1000, 49=1000, 144=1000, 48=1000, 145=1000, 146=1000, 45=1000, 147=1000, 44=1000, 148=1000, 149=1000, 47=1000, 46=1000, 51=1000, 52=1000, 53=1000, 54=1000, 140=1000, 142=1000, 141=1000, 50=1000, 109=1000, 108=1000, 107=1000, 106=1000, 105=1000, 104=1000, 103=1000, 102=1000, 99=1000, 101=1000, 100=1000, 98=1000, 97=1000, 96=1000, 95=1000, 94=1000, 93=1000, 92=1000, 91=1000, 90=1000, 88=1000, 89=1000, 195=1000, 194=1000, 197=1000, 196=1000, 191=1000, 190=1000, 193=1000, 192=1000, 198=1000, 199=1000}
Number of gene trees: 1000
0 trees have missing taxa
Calculating quartet distance matrix (for completion of X)
Species tree distances calculated ...
Building set of clusters (X) from gene trees 
Using tree-based weight calculation.
Number of Default Clusters: 167799
Number of quartet trees in the gene trees: 65991801690
calculating extra bipartitions to be added at level 1 ...
Number of Clusters after addition by distance: 167837
Adding to X using resolutions of greedy consensus ...
Threshold 0.0:
polytomy of size 17; rounds with additions with at least 0.01 support: 10; clusters: 170473
Threshold 0.01:
polytomy of size 3; rounds with additions with at least 0.01 support: 0; clusters: 170473
polytomy of size 30; rounds with additions with at least 0.01 support: 17; clusters: 179151
Threshold 0.02:
polytomy of size 3; rounds with additions with at least 0.01 support: 0; clusters: 179151
polytomy of size 38; rounds with additions with at least 0.01 support: 8; clusters: 192765
Threshold 0.05:
polytomy of size 5; rounds with additions with at least 0.01 support: 0; clusters: 192765
polytomy of size 47; rounds with additions with at least 0.01 support: 2; clusters: 193161
Threshold 0.1:
polytomy of size 3; rounds with additions with at least 0.01 support: 0; clusters: 193161
polytomy of size 68; rounds with additions with at least 0.01 support: 0; clusters: 193389
Threshold 0.2:
polytomy of size 3; rounds with additions with at least 0.01 support: 0; clusters: 193389
polytomy of size 3; rounds with additions with at least 0.01 support: 0; clusters: 193389
polytomy of size 3; rounds with additions with at least 0.01 support: 0; clusters: 193389
polytomy of size 3; rounds with additions with at least 0.01 support: 0; clusters: 193389
polytomy of size 89; rounds with additions with at least 0.01 support: 0; clusters: 193585
Threshold 0.3333333333333333:
polytomy of size 4; rounds with additions with at least 0.01 support: 0; clusters: 193585
polytomy of size 5; rounds with additions with at least 0.01 support: 0; clusters: 193585
polytomy of size 3; rounds with additions with at least 0.01 support: 0; clusters: 193585
polytomy of size 3; rounds with additions with at least 0.01 support: 0; clusters: 193585
polytomy of size 3; rounds with additions with at least 0.01 support: 0; clusters: 193585
Number of Clusters after addition by greedy: 193585
partitions formed in 133.546 secs
Dynamic Programming starting after 133.546 secs
Size of largest cluster: 201
Calculated 100000 weights; time (seconds): 799
Calculated 200000 weights; time (seconds): 657
Calculated 300000 weights; time (seconds): 684
Calculated 400000 weights; time (seconds): 705
Total Number of elements weighted: 435378
Normalized score (portion of input quartet trees satisfied): 0.4641223225860376
Final optimization score: 30628268272
Optimal tree inferred in 3098.284 secs.
(123,((17,78),((114,192),((((134,110),(194,90)),(((156,(73,(96,(167,172)))),((185,152),(161,(89,(13,(51,(126,(104,(118,148))))))))),(((97,164),(16,((58,21),(140,166)))),((199,(77,(26,145))),(34,((169,85),(25,(64,(9,173))))))))),(150,((30,((35,(6,(95,133))),(143,(65,(28,171))))),((((179,((184,(106,80)),((47,74),(198,(22,195))))),(151,(((46,186),(128,55)),(((61,57),(92,(59,94))),((11,19),((170,117),((121,52),(38,138)))))))),((18,(14,(130,82))),((160,(193,88)),((10,(108,(70,7))),((49,(3,15)),(((109,40),(87,(1,(147,(157,24))))),(2,(120,(((29,(112,191)),((50,63),(187,(72,175)))),((168,(176,(67,36))),(136,((5,(153,(149,8))),(101,(68,(71,60))))))))))))))),((141,((182,((154,115),(135,41))),((163,(142,81)),(129,(27,(155,(158,146))))))),((91,(((139,162),((32,(197,127)),(189,(98,(159,105))))),(((144,86),(54,(45,(122,33)))),(116,((178,(119,69)),(39,(196,137))))))),(0,((((107,23),(53,((125,43),(200,62)))),((12,190),((84,103),(183,(181,(93,(100,4))))))),(((42,180),(31,(76,(174,(113,(83,132)))))),(((37,102),((99,124),(75,(165,20)))),((111,48),((79,(177,188)),((66,56),(44,131)))))))))))))))));
Quartet score is: 30628268272
Normalized quartet score is: 0.4641223225860376
ASTRAL finished in 3106.965 secs
