
================== ASTRAL ===================== 

This is ASTRAL version 4.10.8
Gene trees are treated as unrooted
1000 trees read from model.200.500000.0.0000001/21/estimatedgenetre.halfresolved
All outputted trees will be *arbitrarily* rooted at 52

======== Running the main analysis
Number of taxa: 201 (201 species)
Taxa: [52, 173, 195, 65, 163, 193, 19, 135, 32, 151, 18, 100, 176, 28, 149, 6, 38, 93, 112, 15, 188, 63, 145, 16, 121, 53, 3, 73, 137, 84, 131, 50, 174, 155, 77, 45, 116, 186, 85, 60, 142, 200, 119, 180, 29, 158, 111, 72, 165, 150, 78, 12, 25, 134, 94, 169, 199, 102, 44, 61, 101, 166, 56, 175, 31, 79, 41, 127, 91, 113, 132, 92, 58, 13, 48, 184, 97, 118, 187, 2, 156, 76, 144, 178, 182, 57, 198, 98, 109, 162, 126, 30, 27, 43, 21, 122, 133, 115, 146, 138, 196, 14, 104, 139, 114, 171, 47, 82, 26, 129, 70, 23, 141, 87, 64, 35, 74, 181, 68, 42, 107, 95, 157, 8, 153, 33, 86, 0, 106, 96, 69, 168, 143, 103, 192, 40, 55, 108, 191, 71, 90, 105, 39, 123, 37, 177, 22, 11, 36, 9, 54, 197, 88, 189, 59, 5, 4, 160, 128, 62, 154, 190, 117, 67, 99, 66, 24, 185, 164, 51, 167, 75, 80, 136, 130, 120, 124, 140, 7, 125, 17, 194, 1, 152, 183, 83, 34, 10, 148, 20, 49, 172, 161, 81, 179, 110, 170, 159, 147, 46, 89]
Taxon occupancy: {35=1000, 36=1000, 159=1000, 33=1000, 158=1000, 34=1000, 157=1000, 39=1000, 156=1000, 155=1000, 37=1000, 38=1000, 154=1000, 152=1000, 153=1000, 150=1000, 151=1000, 43=1000, 42=1000, 41=1000, 40=1000, 200=1000, 22=1000, 169=1000, 23=1000, 24=1000, 25=1000, 166=1000, 26=1000, 27=1000, 165=1000, 28=1000, 168=1000, 29=1000, 167=1000, 161=1000, 3=1000, 162=1000, 2=1000, 163=1000, 1=1000, 0=1000, 164=1000, 30=1000, 7=1000, 6=1000, 32=1000, 5=1000, 31=1000, 4=1000, 160=1000, 9=1000, 8=1000, 19=1000, 179=1000, 17=1000, 178=1000, 18=1000, 15=1000, 177=1000, 16=1000, 176=1000, 13=1000, 14=1000, 11=1000, 12=1000, 170=1000, 21=1000, 171=1000, 20=1000, 174=1000, 175=1000, 172=1000, 173=1000, 188=1000, 187=1000, 189=1000, 180=1000, 181=1000, 10=1000, 182=1000, 183=1000, 184=1000, 185=1000, 186=1000, 116=1000, 79=1000, 117=1000, 78=1000, 114=1000, 77=1000, 115=1000, 112=1000, 113=1000, 110=1000, 111=1000, 118=1000, 119=1000, 82=1000, 83=1000, 80=1000, 81=1000, 86=1000, 87=1000, 84=1000, 85=1000, 67=1000, 125=1000, 126=1000, 66=1000, 127=1000, 69=1000, 68=1000, 128=1000, 121=1000, 122=1000, 123=1000, 124=1000, 129=1000, 70=1000, 71=1000, 120=1000, 72=1000, 73=1000, 74=1000, 75=1000, 76=1000, 134=1000, 135=1000, 132=1000, 133=1000, 59=1000, 58=1000, 138=1000, 57=1000, 139=1000, 56=1000, 136=1000, 137=1000, 55=1000, 64=1000, 65=1000, 62=1000, 63=1000, 131=1000, 60=1000, 61=1000, 130=1000, 143=1000, 49=1000, 144=1000, 48=1000, 145=1000, 146=1000, 147=1000, 45=1000, 44=1000, 148=1000, 149=1000, 47=1000, 46=1000, 51=1000, 52=1000, 53=1000, 54=1000, 140=1000, 142=1000, 50=1000, 141=1000, 109=1000, 108=1000, 107=1000, 106=1000, 105=1000, 104=1000, 103=1000, 102=1000, 99=1000, 101=1000, 100=1000, 98=1000, 97=1000, 96=1000, 95=1000, 94=1000, 93=1000, 92=1000, 91=1000, 90=1000, 88=1000, 89=1000, 195=1000, 194=1000, 197=1000, 196=1000, 191=1000, 190=1000, 193=1000, 192=1000, 198=1000, 199=1000}
Number of gene trees: 1000
0 trees have missing taxa
Calculating quartet distance matrix (for completion of X)
Species tree distances calculated ...
Building set of clusters (X) from gene trees 
Using tree-based weight calculation.
Number of Default Clusters: 160311
Number of quartet trees in the gene trees: 65998299489
calculating extra bipartitions to be added at level 1 ...
Number of Clusters after addition by distance: 160353
Adding to X using resolutions of greedy consensus ...
Threshold 0.0:
polytomy of size 18; rounds with additions with at least 0.01 support: 12; clusters: 162353
Threshold 0.01:
polytomy of size 30; rounds with additions with at least 0.01 support: 5; clusters: 169291
Threshold 0.02:
polytomy of size 36; rounds with additions with at least 0.01 support: 6; clusters: 178535
Threshold 0.05:
polytomy of size 3; rounds with additions with at least 0.01 support: 0; clusters: 178535
polytomy of size 3; rounds with additions with at least 0.01 support: 0; clusters: 178535
polytomy of size 3; rounds with additions with at least 0.01 support: 0; clusters: 178535
polytomy of size 44; rounds with additions with at least 0.01 support: 6; clusters: 178979
Threshold 0.1:
polytomy of size 3; rounds with additions with at least 0.01 support: 0; clusters: 178979
polytomy of size 60; rounds with additions with at least 0.01 support: 3; clusters: 179337
Threshold 0.2:
polytomy of size 3; rounds with additions with at least 0.01 support: 0; clusters: 179337
polytomy of size 4; rounds with additions with at least 0.01 support: 0; clusters: 179337
polytomy of size 3; rounds with additions with at least 0.01 support: 0; clusters: 179337
polytomy of size 3; rounds with additions with at least 0.01 support: 0; clusters: 179337
polytomy of size 4; rounds with additions with at least 0.01 support: 0; clusters: 179337
polytomy of size 4; rounds with additions with at least 0.01 support: 0; clusters: 179337
polytomy of size 6; rounds with additions with at least 0.01 support: 0; clusters: 179337
polytomy of size 79; rounds with additions with at least 0.01 support: 0; clusters: 179605
Threshold 0.3333333333333333:
polytomy of size 3; rounds with additions with at least 0.01 support: 0; clusters: 179605
polytomy of size 5; rounds with additions with at least 0.01 support: 0; clusters: 179605
polytomy of size 3; rounds with additions with at least 0.01 support: 0; clusters: 179605
Number of Clusters after addition by greedy: 179605
partitions formed in 127.646 secs
Dynamic Programming starting after 127.646 secs
Size of largest cluster: 201
Size of largest cluster: 201
Calculated 100000 weights; time (seconds): 151
Calculated 200000 weights; time (seconds): 23
Calculated 300000 weights; time (seconds): 33
Total Number of elements weighted: 393146
Normalized score (portion of input quartet trees satisfied): NaN
Final optimization score: 0
Total Number of elements weighted: 393146
Normalized score (portion of input quartet trees satisfied): 0.46722981330965246
Final optimization score: 30836373149
Optimal tree inferred in 271.038 secs.
(52,(134,(25,(165,(((181,197),(189,(74,88))),(((158,((51,136),(167,75))),((190,(125,17)),((59,(36,(73,(137,(84,131))))),(54,((91,113),(7,(194,(152,(140,1))))))))),(((126,(35,4)),(69,((110,170),(179,(160,128))))),((76,((98,109),(144,((169,(57,198)),(162,(178,182)))))),((((106,96),(153,33)),((117,(72,(43,(156,(58,27))))),(8,(42,(184,(95,(97,107))))))),(((199,(48,((132,13),(30,(118,21))))),((((161,81),(187,2)),(((12,122),(133,115)),(61,(121,(53,3))))),(((86,80),(150,(130,120))),((102,((26,(47,82)),(146,(185,(164,124))))),(((67,99),(((138,196),(14,(41,127))),(79,((104,114),(171,(31,139)))))),((87,(23,141)),(((78,101),(175,(166,56))),((92,64),((70,66),(129,24)))))))))),(0,((((62,(34,20)),((10,148),(154,(68,(157,5))))),(((32,16),(145,(151,(18,(176,(100,63)))))),((119,(200,29)),(44,(172,((15,(93,112)),(6,(188,(28,(149,38)))))))))),((9,49),(((50,111),((45,116),((85,(186,60)),((174,77),(155,159))))),(((94,192),((19,(135,180)),(168,(143,103)))),(((195,(173,65)),(11,(147,(46,89)))),((163,193),((39,((90,105),(191,83))),((71,(108,22)),((40,55),(183,(37,(123,(142,177))))))))))))))))))))))));
Quartet score is: 30836373149
Normalized quartet score is: 0.46722981330965246
ASTRAL finished in 282.723 secs
