
================== ASTRAL ===================== 

This is ASTRAL version 4.10.10
Gene trees are treated as unrooted
1000 trees read from ASTRALDATA/model.200.2000000.0.0000001/48/estimatedgenetre.halfresolved
All output trees will be *arbitrarily* rooted at 167

======== Running the main analysis
Number of taxa: 201 (201 species)
Taxa: [167, 44, 20, 96, 4, 18, 95, 34, 22, 187, 24, 159, 58, 131, 98, 125, 179, 124, 54, 9, 66, 39, 13, 168, 141, 184, 114, 45, 79, 25, 151, 46, 123, 189, 8, 26, 2, 137, 158, 108, 181, 116, 91, 192, 152, 16, 133, 102, 176, 85, 64, 111, 142, 129, 29, 12, 146, 180, 7, 21, 178, 195, 89, 53, 186, 36, 194, 164, 112, 145, 80, 71, 51, 130, 162, 170, 19, 155, 1, 120, 150, 81, 148, 197, 174, 161, 118, 23, 177, 69, 182, 38, 169, 93, 172, 60, 48, 6, 52, 106, 37, 75, 166, 0, 70, 200, 59, 149, 41, 11, 3, 147, 144, 77, 78, 27, 40, 138, 61, 35, 86, 143, 14, 115, 191, 154, 47, 196, 139, 165, 65, 171, 185, 50, 88, 122, 10, 109, 140, 157, 198, 163, 160, 105, 99, 57, 83, 100, 5, 84, 72, 101, 94, 49, 103, 56, 126, 117, 113, 107, 97, 134, 104, 175, 63, 136, 183, 199, 173, 110, 42, 193, 68, 128, 135, 55, 31, 119, 190, 87, 74, 188, 73, 15, 32, 132, 62, 153, 121, 92, 43, 90, 30, 28, 127, 156, 33, 76, 82, 17, 67]
Taxon occupancy: {35=1000, 36=1000, 33=1000, 159=1000, 34=1000, 158=1000, 39=1000, 157=1000, 156=1000, 155=1000, 37=1000, 38=1000, 154=1000, 152=1000, 153=1000, 150=1000, 151=1000, 43=1000, 42=1000, 41=1000, 40=1000, 200=1000, 22=1000, 169=1000, 23=1000, 24=1000, 25=1000, 26=1000, 166=1000, 27=1000, 165=1000, 28=1000, 168=1000, 29=1000, 167=1000, 161=1000, 3=1000, 162=1000, 2=1000, 1=1000, 163=1000, 164=1000, 0=1000, 30=1000, 7=1000, 6=1000, 5=1000, 32=1000, 4=1000, 160=1000, 31=1000, 9=1000, 8=1000, 19=1000, 17=1000, 179=1000, 178=1000, 18=1000, 177=1000, 15=1000, 176=1000, 16=1000, 13=1000, 14=1000, 11=1000, 12=1000, 170=1000, 21=1000, 20=1000, 171=1000, 174=1000, 175=1000, 172=1000, 173=1000, 188=1000, 187=1000, 189=1000, 180=1000, 181=1000, 10=1000, 182=1000, 183=1000, 184=1000, 185=1000, 186=1000, 116=1000, 79=1000, 117=1000, 114=1000, 78=1000, 77=1000, 115=1000, 112=1000, 113=1000, 110=1000, 111=1000, 118=1000, 119=1000, 82=1000, 83=1000, 80=1000, 81=1000, 86=1000, 87=1000, 84=1000, 85=1000, 67=1000, 125=1000, 66=1000, 126=1000, 127=1000, 69=1000, 68=1000, 128=1000, 121=1000, 122=1000, 123=1000, 124=1000, 129=1000, 70=1000, 120=1000, 71=1000, 72=1000, 73=1000, 74=1000, 75=1000, 76=1000, 134=1000, 135=1000, 132=1000, 133=1000, 59=1000, 58=1000, 138=1000, 139=1000, 57=1000, 56=1000, 136=1000, 137=1000, 55=1000, 64=1000, 65=1000, 62=1000, 63=1000, 60=1000, 131=1000, 130=1000, 61=1000, 143=1000, 49=1000, 48=1000, 144=1000, 145=1000, 146=1000, 45=1000, 147=1000, 148=1000, 44=1000, 149=1000, 47=1000, 46=1000, 51=1000, 52=1000, 53=1000, 54=1000, 140=1000, 142=1000, 141=1000, 50=1000, 109=1000, 108=1000, 107=1000, 106=1000, 105=1000, 104=1000, 103=1000, 102=1000, 99=1000, 101=1000, 100=1000, 98=1000, 97=1000, 96=1000, 95=1000, 94=1000, 93=1000, 92=1000, 91=1000, 90=1000, 88=1000, 89=1000, 195=1000, 194=1000, 197=1000, 196=1000, 191=1000, 190=1000, 193=1000, 192=1000, 198=1000, 199=1000}
Number of gene trees: 1000
0 trees have missing taxa
Calculating quartet distance matrix (for completion of X)
Species tree distances calculated ...
Building set of clusters (X) from gene trees 
Using tree-based weight calculation.
Number of Default Clusters: 66185
Number of quartet trees in the gene trees: 65998349604
calculating extra bipartitions to be added at level 1 ...
Number of Clusters after addition by distance: 66193
Adding to X using resolutions of greedy consensus ...
Threshold 0.0:
polytomy of size 6; rounds with additions with at least 0.01 support: 1; clusters: 66283
Threshold 0.01:
polytomy of size 10; rounds with additions with at least 0.01 support: 3; clusters: 66629
Threshold 0.02:
polytomy of size 14; rounds with additions with at least 0.01 support: 2; clusters: 67519
Threshold 0.05:
polytomy of size 16; rounds with additions with at least 0.01 support: 0; clusters: 67521
Threshold 0.1:
polytomy of size 23; rounds with additions with at least 0.01 support: 0; clusters: 67533
Threshold 0.2:
polytomy of size 4; rounds with additions with at least 0.01 support: 0; clusters: 67533
polytomy of size 4; rounds with additions with at least 0.01 support: 0; clusters: 67533
polytomy of size 28; rounds with additions with at least 0.01 support: 0; clusters: 67543
Threshold 0.3333333333333333:
polytomy of size 3; rounds with additions with at least 0.01 support: 0; clusters: 67543
polytomy of size 3; rounds with additions with at least 0.01 support: 0; clusters: 67543
polytomy of size 3; rounds with additions with at least 0.01 support: 0; clusters: 67543
polytomy of size 3; rounds with additions with at least 0.01 support: 0; clusters: 67543
polytomy of size 4; rounds with additions with at least 0.01 support: 0; clusters: 67543
polytomy of size 3; rounds with additions with at least 0.01 support: 0; clusters: 67543
polytomy of size 3; rounds with additions with at least 0.01 support: 0; clusters: 67543
polytomy of size 40; rounds with additions with at least 0.01 support: 0; clusters: 74167
Number of Clusters after addition by greedy: 74167
partitions formed in 36.277 secs
Dynamic Programming starting after 36.277 secs
Size of largest cluster: 201
Calculated 100000 weights; time (seconds): 647
Total Number of elements weighted: 161869
Normalized score (portion of input quartet trees satisfied): 0.5590278337621323
Final optimization score: 36894914411
Optimal tree inferred in 1036.629 secs.
(172,(60,((((174,48),(6,52)),(37,(75,((69,(182,(38,169))),((93,106),(23,(177,(161,118)))))))),((((105,28),((144,77),(149,((3,147),(59,(41,11)))))),(166,(((176,145),(80,(71,51))),(((192,(152,16)),(8,(26,(2,137)))),((186,36),((164,(194,112)),(102,(148,197)))))))),(((117,((113,107),((78,27),((40,138),(61,35))))),(((82,(17,67)),(((33,76),(121,(92,43))),((190,(87,74)),((188,(73,15)),((32,153),(132,62)))))),(((31,119),(68,(128,(135,55)))),((99,(57,83)),((97,(134,(104,175))),((63,136),(183,((173,110),(42,(199,193)))))))))),((140,(109,(157,(122,10)))),(((((70,200),(86,(47,(115,(191,154))))),((39,198),((159,13),(46,((25,(79,151)),(45,((168,141),(184,114)))))))),((127,156),(((20,(96,4)),((167,18),((44,133),(22,(95,34))))),((187,24),((100,5),((84,(72,101)),((94,49),(103,(56,126))))))))),(0,(((64,111),(50,(88,((196,139),(165,(185,(65,171))))))),((((123,189),(143,14)),((9,66),(54,((58,124),((131,98),(125,179)))))),((163,(85,160)),((91,130),((7,(((29,12),(146,180)),((142,129),(21,(178,(195,(89,53))))))),((90,30),((19,(1,(81,(120,150)))),((162,170),(155,(158,(108,(181,116))))))))))))))))))));
Quartet score is: 36894914411
Normalized quartet score is: 0.5590278337621323
ASTRAL finished in 1044.443 secs
