
================== ASTRAL ===================== 

This is ASTRAL version 4.10.8
Gene trees are treated as unrooted
678 trees read from model.200.10000000.0.000001/45/estimatedgenetre.halfresolved
All outputted trees will be *arbitrarily* rooted at 73

======== Running the main analysis
Number of taxa: 201 (201 species)
Taxa: [73, 145, 64, 199, 196, 74, 155, 121, 139, 149, 47, 11, 69, 81, 170, 130, 144, 54, 175, 78, 93, 186, 76, 157, 32, 42, 184, 133, 85, 200, 58, 31, 49, 124, 2, 51, 158, 189, 79, 135, 91, 33, 100, 109, 118, 125, 1, 22, 90, 24, 173, 134, 180, 116, 25, 148, 6, 88, 141, 9, 43, 154, 136, 120, 174, 36, 101, 147, 29, 57, 179, 41, 160, 98, 197, 156, 107, 113, 23, 106, 182, 15, 82, 166, 84, 86, 143, 75, 190, 5, 71, 161, 80, 140, 138, 0, 18, 122, 159, 142, 66, 194, 61, 52, 63, 165, 14, 112, 151, 102, 191, 35, 127, 187, 46, 150, 172, 132, 34, 119, 39, 13, 17, 177, 152, 168, 83, 162, 7, 181, 68, 128, 167, 20, 104, 183, 26, 50, 137, 99, 171, 103, 97, 114, 92, 178, 105, 27, 87, 117, 195, 198, 21, 40, 53, 188, 72, 10, 95, 59, 60, 126, 164, 65, 123, 111, 67, 70, 115, 56, 4, 89, 62, 163, 176, 131, 38, 146, 108, 185, 28, 12, 110, 19, 153, 3, 37, 94, 77, 45, 192, 96, 30, 169, 44, 129, 8, 193, 16, 55, 48]
Taxon occupancy: {35=678, 36=678, 33=678, 159=678, 158=678, 34=678, 157=678, 39=678, 156=678, 155=678, 37=678, 154=678, 38=678, 152=678, 153=678, 150=678, 151=678, 43=678, 42=678, 41=678, 40=678, 200=678, 22=678, 169=678, 23=678, 24=678, 25=678, 166=678, 26=678, 165=678, 27=678, 168=678, 28=678, 29=678, 167=678, 161=678, 3=678, 2=678, 162=678, 1=678, 163=678, 0=678, 164=678, 30=678, 7=678, 6=678, 5=678, 32=678, 160=678, 31=678, 4=678, 9=678, 8=678, 19=678, 179=678, 17=678, 18=678, 178=678, 15=678, 177=678, 16=678, 176=678, 13=678, 14=678, 11=678, 12=678, 170=678, 21=678, 20=678, 171=678, 174=678, 175=678, 172=678, 173=678, 188=678, 187=678, 189=678, 180=678, 181=678, 10=678, 182=678, 183=678, 184=678, 185=678, 186=678, 116=678, 79=678, 117=678, 78=678, 114=678, 115=678, 77=678, 112=678, 113=678, 110=678, 111=678, 118=678, 119=678, 82=678, 83=678, 80=678, 81=678, 86=678, 87=678, 84=678, 85=678, 125=678, 67=678, 66=678, 126=678, 69=678, 127=678, 68=678, 128=678, 121=678, 122=678, 123=678, 124=678, 129=678, 70=678, 71=678, 120=678, 72=678, 73=678, 74=678, 75=678, 76=678, 134=678, 135=678, 132=678, 133=678, 59=678, 138=678, 58=678, 57=678, 139=678, 136=678, 56=678, 55=678, 137=678, 64=678, 65=678, 62=678, 63=678, 60=678, 131=678, 130=678, 61=678, 143=678, 49=678, 48=678, 144=678, 145=678, 146=678, 147=678, 45=678, 44=678, 148=678, 149=678, 47=678, 46=678, 51=678, 52=678, 53=678, 54=678, 140=678, 142=678, 141=678, 50=678, 109=678, 108=678, 107=678, 106=678, 105=678, 104=678, 103=678, 102=678, 99=678, 101=678, 100=678, 98=678, 97=678, 96=678, 95=678, 94=678, 93=678, 92=678, 91=678, 90=678, 88=678, 89=678, 195=678, 194=678, 197=678, 196=678, 191=678, 190=678, 193=678, 192=678, 198=678, 199=678}
Number of gene trees: 678
0 trees have missing taxa
Calculating quartet distance matrix (for completion of X)
Species tree distances calculated ...
Building set of clusters (X) from gene trees 
Using tree-based weight calculation.
Number of Default Clusters: 29131
Number of quartet trees in the gene trees: 44724127557
calculating extra bipartitions to be added at level 1 ...
Number of Clusters after addition by distance: 29131
Adding to X using resolutions of greedy consensus ...
Threshold 0.0:
Threshold 0.01:
Threshold 0.02:
Threshold 0.05:
Threshold 0.1:
polytomy of size 3; rounds with additions with at least 0.01 support: 0; clusters: 29131
polytomy of size 4; rounds with additions with at least 0.01 support: 0; clusters: 29131
polytomy of size 3; rounds with additions with at least 0.01 support: 0; clusters: 29131
Threshold 0.2:
polytomy of size 3; rounds with additions with at least 0.01 support: 0; clusters: 29131
polytomy of size 4; rounds with additions with at least 0.01 support: 0; clusters: 29131
polytomy of size 4; rounds with additions with at least 0.01 support: 0; clusters: 29131
polytomy of size 5; rounds with additions with at least 0.01 support: 0; clusters: 29131
polytomy of size 3; rounds with additions with at least 0.01 support: 0; clusters: 29131
polytomy of size 5; rounds with additions with at least 0.01 support: 0; clusters: 29131
polytomy of size 5; rounds with additions with at least 0.01 support: 0; clusters: 29131
polytomy of size 4; rounds with additions with at least 0.01 support: 0; clusters: 29131
polytomy of size 3; rounds with additions with at least 0.01 support: 0; clusters: 29131
polytomy of size 3; rounds with additions with at least 0.01 support: 0; clusters: 29131
Threshold 0.3333333333333333:
polytomy of size 3; rounds with additions with at least 0.01 support: 0; clusters: 29131
polytomy of size 4; rounds with additions with at least 0.01 support: 0; clusters: 29131
polytomy of size 4; rounds with additions with at least 0.01 support: 0; clusters: 29131
polytomy of size 4; rounds with additions with at least 0.01 support: 0; clusters: 29131
polytomy of size 3; rounds with additions with at least 0.01 support: 0; clusters: 29131
polytomy of size 3; rounds with additions with at least 0.01 support: 0; clusters: 29131
polytomy of size 3; rounds with additions with at least 0.01 support: 0; clusters: 29131
polytomy of size 9; rounds with additions with at least 0.01 support: 0; clusters: 29151
polytomy of size 4; rounds with additions with at least 0.01 support: 0; clusters: 29151
polytomy of size 5; rounds with additions with at least 0.01 support: 0; clusters: 29151
polytomy of size 3; rounds with additions with at least 0.01 support: 0; clusters: 29151
polytomy of size 3; rounds with additions with at least 0.01 support: 0; clusters: 29151
polytomy of size 3; rounds with additions with at least 0.01 support: 0; clusters: 29151
polytomy of size 3; rounds with additions with at least 0.01 support: 0; clusters: 29151
polytomy of size 3; rounds with additions with at least 0.01 support: 0; clusters: 29151
polytomy of size 3; rounds with additions with at least 0.01 support: 0; clusters: 29151
polytomy of size 4; rounds with additions with at least 0.01 support: 0; clusters: 29151
polytomy of size 13; rounds with additions with at least 0.01 support: 0; clusters: 29261
polytomy of size 3; rounds with additions with at least 0.01 support: 0; clusters: 29261
polytomy of size 4; rounds with additions with at least 0.01 support: 0; clusters: 29261
polytomy of size 3; rounds with additions with at least 0.01 support: 0; clusters: 29261
polytomy of size 3; rounds with additions with at least 0.01 support: 0; clusters: 29261
polytomy of size 3; rounds with additions with at least 0.01 support: 0; clusters: 29261
polytomy of size 5; rounds with additions with at least 0.01 support: 0; clusters: 29261
polytomy of size 3; rounds with additions with at least 0.01 support: 0; clusters: 29261
polytomy of size 4; rounds with additions with at least 0.01 support: 0; clusters: 29261
polytomy of size 3; rounds with additions with at least 0.01 support: 0; clusters: 29261
polytomy of size 3; rounds with additions with at least 0.01 support: 0; clusters: 29261
polytomy of size 3; rounds with additions with at least 0.01 support: 0; clusters: 29261
polytomy of size 5; rounds with additions with at least 0.01 support: 0; clusters: 29261
polytomy of size 3; rounds with additions with at least 0.01 support: 0; clusters: 29261
Number of Clusters after addition by greedy: 29261
partitions formed in 155.132 secs
Dynamic Programming starting after 155.133 secs
Size of largest cluster: 201
Size of largest cluster: 201
Calculated 100000 weights; time (seconds): 187
Total Number of elements weighted: 111771
Normalized score (portion of input quartet trees satisfied): NaN
Final optimization score: 0
Total Number of elements weighted: 111771
Normalized score (portion of input quartet trees satisfied): 0.9267956123274322
Final optimization score: 41450125185
Optimal tree inferred in 208.257 secs.
(73,(149,(139,(47,(((74,(155,121)),((145,196),(64,199))),(((11,44),(169,(30,48))),(((129,55),(16,(8,193))),((69,(81,(170,130))),((144,(76,((54,175),(78,(93,186))))),(31,((157,(184,((32,42),((133,200),(85,58))))),((0,(((60,(126,164)),((40,((53,188),(72,(59,(10,95))))),((56,(65,123)),(115,(70,(111,67)))))),((142,(159,(18,122))),(66,((((63,(165,14)),(112,(52,(194,61)))),((39,(119,13)),(127,((187,(132,34)),(46,(150,172)))))),(((191,35),(151,102)),((21,(171,((117,(195,198)),(87,((114,(92,178)),((103,97),(105,27))))))),((50,(137,99)),(((104,183),(167,20)),(26,((152,(128,(162,7))),(181,((17,177),(83,(168,68))))))))))))))),(((124,2),((51,158),((91,(135,33)),(49,(189,79))))),((((94,(37,77)),(3,(45,(192,96)))),((12,(19,(110,153))),((163,(62,176)),((108,(185,28)),((131,38),(146,(4,89))))))),(((166,84),((161,(80,(140,138))),((86,143),((5,71),(75,190))))),(((182,(15,82)),(23,(113,106))),(101,((((147,179),(29,(57,41))),((197,156),(107,(160,98)))),(((174,36),(120,((43,136),(154,(88,(141,9)))))),(((148,6),(116,25)),(180,(109,(100,((125,(118,134)),(173,((1,22),(90,24)))))))))))))))))))))))))));
Quartet score is: 41450125185
Normalized quartet score is: 0.9267956123274322
ASTRAL finished in 278.071 secs
