
================== ASTRAL ===================== 

This is ASTRAL version 4.10.10
Gene trees are treated as unrooted
1000 trees read from ASTRALDATA/model.500.2000000.0.000001/03/estimatedgenetre.halfresolved
All output trees will be *arbitrarily* rooted at 386

======== Running the main analysis
Number of taxa: 501 (501 species)
Taxa: [386, 497, 493, 44, 434, 253, 34, 313, 220, 311, 230, 391, 69, 323, 433, 197, 276, 344, 271, 10, 270, 419, 339, 319, 122, 16, 160, 422, 468, 47, 132, 412, 167, 290, 260, 55, 301, 320, 304, 349, 142, 198, 420, 11, 500, 454, 273, 436, 405, 97, 206, 222, 228, 456, 12, 491, 93, 477, 45, 312, 85, 367, 212, 269, 388, 417, 266, 109, 382, 418, 447, 162, 479, 208, 252, 404, 234, 482, 326, 494, 337, 168, 329, 466, 299, 300, 1, 84, 101, 190, 193, 303, 156, 345, 286, 155, 435, 40, 135, 374, 201, 429, 61, 428, 41, 3, 361, 214, 33, 460, 448, 357, 427, 475, 317, 170, 307, 453, 381, 219, 111, 18, 486, 148, 238, 408, 315, 91, 467, 399, 138, 342, 88, 278, 291, 496, 137, 158, 202, 71, 348, 430, 180, 343, 296, 210, 42, 425, 52, 29, 205, 310, 143, 383, 473, 495, 78, 24, 79, 359, 239, 263, 100, 432, 439, 94, 484, 492, 169, 225, 177, 366, 297, 39, 370, 187, 298, 104, 183, 48, 131, 27, 314, 401, 499, 424, 360, 112, 463, 224, 362, 284, 98, 213, 457, 209, 373, 126, 288, 83, 36, 28, 250, 458, 163, 471, 280, 139, 179, 398, 364, 174, 103, 134, 173, 175, 63, 294, 50, 226, 431, 350, 325, 247, 285, 4, 30, 211, 0, 67, 306, 289, 324, 347, 407, 365, 64, 488, 259, 136, 235, 70, 282, 77, 335, 413, 372, 265, 227, 181, 133, 25, 107, 23, 446, 150, 410, 437, 321, 80, 166, 470, 153, 13, 7, 442, 305, 115, 380, 245, 481, 487, 462, 32, 72, 322, 87, 86, 393, 426, 242, 379, 440, 264, 272, 368, 31, 204, 450, 196, 309, 117, 65, 123, 14, 73, 354, 485, 49, 316, 415, 146, 355, 489, 46, 371, 57, 445, 254, 231, 102, 20, 215, 110, 268, 293, 249, 218, 302, 140, 406, 267, 216, 217, 423, 356, 189, 159, 275, 89, 203, 461, 363, 241, 141, 92, 120, 251, 292, 261, 341, 392, 188, 75, 352, 66, 331, 416, 60, 6, 113, 59, 172, 125, 2, 395, 233, 438, 243, 232, 43, 332, 400, 118, 414, 318, 480, 281, 229, 444, 82, 116, 68, 390, 452, 330, 358, 474, 346, 389, 377, 449, 192, 199, 185, 130, 207, 338, 351, 328, 287, 385, 255, 152, 108, 277, 403, 396, 279, 443, 26, 8, 53, 121, 151, 237, 308, 157, 147, 334, 236, 258, 186, 295, 119, 145, 221, 472, 469, 394, 38, 62, 451, 274, 244, 498, 161, 99, 378, 76, 176, 384, 369, 340, 35, 37, 240, 223, 129, 459, 483, 96, 114, 421, 256, 95, 194, 283, 184, 9, 171, 105, 58, 248, 465, 54, 200, 56, 74, 387, 409, 476, 262, 178, 195, 128, 90, 5, 164, 441, 353, 51, 246, 464, 336, 127, 455, 375, 81, 154, 376, 191, 327, 17, 333, 402, 21, 149, 19, 182, 490, 257, 106, 15, 397, 22, 478, 124, 411, 165, 144]
Taxon occupancy: {338=1000, 339=1000, 332=1000, 333=1000, 159=1000, 330=1000, 158=1000, 331=1000, 336=1000, 157=1000, 337=1000, 156=1000, 334=1000, 155=1000, 154=1000, 335=1000, 152=1000, 153=1000, 150=1000, 151=1000, 202=1000, 349=1000, 203=1000, 204=1000, 205=1000, 200=1000, 201=1000, 341=1000, 169=1000, 342=1000, 343=1000, 344=1000, 206=1000, 345=1000, 166=1000, 165=1000, 207=1000, 346=1000, 208=1000, 168=1000, 347=1000, 348=1000, 167=1000, 209=1000, 409=1000, 161=1000, 3=1000, 408=1000, 162=1000, 2=1000, 1=1000, 163=1000, 164=1000, 0=1000, 405=1000, 7=1000, 404=1000, 6=1000, 5=1000, 340=1000, 407=1000, 160=1000, 4=1000, 406=1000, 401=1000, 400=1000, 9=1000, 403=1000, 402=1000, 8=1000, 211=1000, 212=1000, 210=1000, 215=1000, 318=1000, 319=1000, 216=1000, 213=1000, 316=1000, 317=1000, 214=1000, 314=1000, 219=1000, 179=1000, 178=1000, 315=1000, 177=1000, 312=1000, 217=1000, 176=1000, 313=1000, 218=1000, 310=1000, 311=1000, 170=1000, 418=1000, 171=1000, 417=1000, 416=1000, 415=1000, 174=1000, 175=1000, 172=1000, 419=1000, 173=1000, 410=1000, 414=1000, 413=1000, 412=1000, 411=1000, 220=1000, 221=1000, 222=1000, 223=1000, 327=1000, 224=1000, 328=1000, 225=1000, 329=1000, 226=1000, 227=1000, 323=1000, 228=1000, 188=1000, 187=1000, 324=1000, 229=1000, 325=1000, 326=1000, 189=1000, 320=1000, 321=1000, 322=1000, 427=1000, 180=1000, 426=1000, 429=1000, 181=1000, 182=1000, 428=1000, 183=1000, 184=1000, 185=1000, 186=1000, 421=1000, 420=1000, 423=1000, 422=1000, 425=1000, 424=1000, 116=1000, 117=1000, 114=1000, 115=1000, 112=1000, 113=1000, 110=1000, 111=1000, 118=1000, 119=1000, 435=1000, 436=1000, 433=1000, 434=1000, 431=1000, 432=1000, 430=1000, 439=1000, 437=1000, 438=1000, 125=1000, 126=1000, 127=1000, 300=1000, 128=1000, 121=1000, 302=1000, 301=1000, 122=1000, 304=1000, 123=1000, 124=1000, 303=1000, 306=1000, 305=1000, 308=1000, 307=1000, 129=1000, 309=1000, 444=1000, 445=1000, 446=1000, 447=1000, 440=1000, 441=1000, 442=1000, 443=1000, 120=1000, 448=1000, 449=1000, 134=1000, 135=1000, 132=1000, 133=1000, 138=1000, 139=1000, 136=1000, 137=1000, 450=1000, 453=1000, 454=1000, 451=1000, 452=1000, 457=1000, 458=1000, 455=1000, 456=1000, 459=1000, 131=1000, 130=1000, 143=1000, 144=1000, 145=1000, 146=1000, 147=1000, 148=1000, 149=1000, 461=1000, 460=1000, 462=1000, 463=1000, 464=1000, 465=1000, 466=1000, 467=1000, 468=1000, 469=1000, 140=1000, 142=1000, 141=1000, 195=1000, 194=1000, 197=1000, 196=1000, 191=1000, 190=1000, 193=1000, 192=1000, 198=1000, 199=1000, 500=1000, 35=1000, 36=1000, 33=1000, 34=1000, 39=1000, 37=1000, 38=1000, 43=1000, 42=1000, 41=1000, 40=1000, 22=1000, 23=1000, 24=1000, 25=1000, 26=1000, 27=1000, 28=1000, 29=1000, 30=1000, 32=1000, 31=1000, 19=1000, 17=1000, 18=1000, 15=1000, 16=1000, 13=1000, 14=1000, 11=1000, 12=1000, 21=1000, 20=1000, 10=1000, 79=1000, 78=1000, 77=1000, 82=1000, 83=1000, 80=1000, 81=1000, 86=1000, 87=1000, 84=1000, 85=1000, 67=1000, 66=1000, 69=1000, 68=1000, 70=1000, 71=1000, 72=1000, 73=1000, 74=1000, 75=1000, 76=1000, 59=1000, 58=1000, 57=1000, 56=1000, 55=1000, 64=1000, 65=1000, 62=1000, 63=1000, 60=1000, 61=1000, 49=1000, 48=1000, 45=1000, 44=1000, 47=1000, 46=1000, 51=1000, 52=1000, 53=1000, 54=1000, 50=1000, 487=1000, 281=1000, 486=1000, 280=1000, 485=1000, 484=1000, 285=1000, 284=1000, 283=1000, 489=1000, 488=1000, 282=1000, 288=1000, 289=1000, 286=1000, 287=1000, 482=1000, 483=1000, 480=1000, 481=1000, 474=1000, 473=1000, 476=1000, 270=1000, 475=1000, 478=1000, 272=1000, 271=1000, 477=1000, 274=1000, 273=1000, 479=1000, 275=1000, 276=1000, 277=1000, 278=1000, 279=1000, 470=1000, 471=1000, 472=1000, 109=1000, 108=1000, 107=1000, 106=1000, 105=1000, 104=1000, 103=1000, 99=1000, 102=1000, 101=1000, 100=1000, 98=1000, 97=1000, 96=1000, 391=1000, 95=1000, 390=1000, 94=1000, 393=1000, 93=1000, 392=1000, 92=1000, 395=1000, 394=1000, 91=1000, 90=1000, 294=1000, 499=1000, 293=1000, 296=1000, 295=1000, 496=1000, 290=1000, 495=1000, 498=1000, 292=1000, 291=1000, 497=1000, 491=1000, 492=1000, 493=1000, 494=1000, 297=1000, 298=1000, 299=1000, 490=1000, 396=1000, 397=1000, 398=1000, 399=1000, 88=1000, 89=1000, 240=1000, 241=1000, 383=1000, 384=1000, 381=1000, 382=1000, 380=1000, 389=1000, 388=1000, 387=1000, 386=1000, 385=1000, 245=1000, 244=1000, 243=1000, 242=1000, 249=1000, 248=1000, 247=1000, 246=1000, 230=1000, 370=1000, 371=1000, 372=1000, 373=1000, 379=1000, 378=1000, 239=1000, 375=1000, 374=1000, 377=1000, 376=1000, 232=1000, 231=1000, 234=1000, 233=1000, 236=1000, 235=1000, 238=1000, 237=1000, 262=1000, 263=1000, 260=1000, 261=1000, 361=1000, 362=1000, 360=1000, 366=1000, 365=1000, 364=1000, 363=1000, 369=1000, 368=1000, 367=1000, 269=1000, 268=1000, 267=1000, 266=1000, 265=1000, 264=1000, 250=1000, 251=1000, 252=1000, 350=1000, 351=1000, 353=1000, 352=1000, 355=1000, 354=1000, 357=1000, 356=1000, 359=1000, 358=1000, 258=1000, 257=1000, 259=1000, 254=1000, 253=1000, 256=1000, 255=1000}
Number of gene trees: 1000
0 trees have missing taxa
Calculating quartet distance matrix (for completion of X)
Species tree distances calculated ...
Building set of clusters (X) from gene trees 
Using tree-based weight calculation.
Number of Default Clusters: 204989
Number of quartet trees in the gene trees: 2593739625000
calculating extra bipartitions to be added at level 1 ...
Number of Clusters after addition by distance: 205003
Adding to X using resolutions of greedy consensus ...
Threshold 0.0:
polytomy of size 5; rounds with additions with at least 0.01 support: 4; clusters: 205045
polytomy of size 3; rounds with additions with at least 0.01 support: 0; clusters: 205049
Threshold 0.01:
polytomy of size 22; rounds with additions with at least 0.01 support: 6; clusters: 206281
Threshold 0.02:
polytomy of size 24; rounds with additions with at least 0.01 support: 0; clusters: 207109
Threshold 0.05:
polytomy of size 4; rounds with additions with at least 0.01 support: 0; clusters: 207109
polytomy of size 32; rounds with additions with at least 0.01 support: 2; clusters: 207191
Threshold 0.1:
polytomy of size 3; rounds with additions with at least 0.01 support: 0; clusters: 207191
polytomy of size 3; rounds with additions with at least 0.01 support: 0; clusters: 207191
polytomy of size 4; rounds with additions with at least 0.01 support: 0; clusters: 207191
polytomy of size 3; rounds with additions with at least 0.01 support: 0; clusters: 207191
polytomy of size 50; rounds with additions with at least 0.01 support: 1; clusters: 207253
Threshold 0.2:
polytomy of size 4; rounds with additions with at least 0.01 support: 0; clusters: 207253
polytomy of size 3; rounds with additions with at least 0.01 support: 0; clusters: 207253
polytomy of size 4; rounds with additions with at least 0.01 support: 0; clusters: 207253
polytomy of size 4; rounds with additions with at least 0.01 support: 0; clusters: 207253
polytomy of size 3; rounds with additions with at least 0.01 support: 0; clusters: 207253
polytomy of size 3; rounds with additions with at least 0.01 support: 0; clusters: 207253
polytomy of size 5; rounds with additions with at least 0.01 support: 0; clusters: 207253
polytomy of size 3; rounds with additions with at least 0.01 support: 0; clusters: 207253
polytomy of size 3; rounds with additions with at least 0.01 support: 0; clusters: 207253
polytomy of size 4; rounds with additions with at least 0.01 support: 0; clusters: 207253
polytomy of size 5; rounds with additions with at least 0.01 support: 0; clusters: 207253
polytomy of size 3; rounds with additions with at least 0.01 support: 0; clusters: 207253
polytomy of size 5; rounds with additions with at least 0.01 support: 0; clusters: 207253
polytomy of size 3; rounds with additions with at least 0.01 support: 0; clusters: 207253
polytomy of size 3; rounds with additions with at least 0.01 support: 0; clusters: 207253
polytomy of size 4; rounds with additions with at least 0.01 support: 0; clusters: 207253
polytomy of size 73; rounds with additions with at least 0.01 support: 0; clusters: 207285
Threshold 0.3333333333333333:
polytomy of size 5; rounds with additions with at least 0.01 support: 0; clusters: 207285
polytomy of size 3; rounds with additions with at least 0.01 support: 0; clusters: 207285
polytomy of size 3; rounds with additions with at least 0.01 support: 0; clusters: 207285
polytomy of size 3; rounds with additions with at least 0.01 support: 0; clusters: 207285
polytomy of size 3; rounds with additions with at least 0.01 support: 0; clusters: 207285
polytomy of size 4; rounds with additions with at least 0.01 support: 0; clusters: 207285
polytomy of size 4; rounds with additions with at least 0.01 support: 0; clusters: 207285
polytomy of size 3; rounds with additions with at least 0.01 support: 0; clusters: 207285
polytomy of size 3; rounds with additions with at least 0.01 support: 0; clusters: 207285
polytomy of size 3; rounds with additions with at least 0.01 support: 0; clusters: 207285
polytomy of size 3; rounds with additions with at least 0.01 support: 0; clusters: 207285
polytomy of size 3; rounds with additions with at least 0.01 support: 0; clusters: 207285
polytomy of size 4; rounds with additions with at least 0.01 support: 0; clusters: 207285
polytomy of size 4; rounds with additions with at least 0.01 support: 0; clusters: 207285
polytomy of size 4; rounds with additions with at least 0.01 support: 0; clusters: 207285
polytomy of size 4; rounds with additions with at least 0.01 support: 0; clusters: 207285
polytomy of size 5; rounds with additions with at least 0.01 support: 0; clusters: 207285
polytomy of size 5; rounds with additions with at least 0.01 support: 0; clusters: 207285
polytomy of size 4; rounds with additions with at least 0.01 support: 0; clusters: 207285
polytomy of size 5; rounds with additions with at least 0.01 support: 0; clusters: 207285
polytomy of size 6; rounds with additions with at least 0.01 support: 0; clusters: 207285
polytomy of size 4; rounds with additions with at least 0.01 support: 0; clusters: 207285
polytomy of size 5; rounds with additions with at least 0.01 support: 0; clusters: 207285
polytomy of size 3; rounds with additions with at least 0.01 support: 0; clusters: 207285
polytomy of size 3; rounds with additions with at least 0.01 support: 0; clusters: 207285
polytomy of size 4; rounds with additions with at least 0.01 support: 0; clusters: 207285
polytomy of size 3; rounds with additions with at least 0.01 support: 0; clusters: 207285
polytomy of size 4; rounds with additions with at least 0.01 support: 0; clusters: 207285
polytomy of size 3; rounds with additions with at least 0.01 support: 0; clusters: 207285
polytomy of size 118; rounds with additions with at least 0.01 support: 0; clusters: 297005
Number of Clusters after addition by greedy: 297005
partitions formed in 287.605 secs
Dynamic Programming starting after 287.605 secs
Size of largest cluster: 501
Calculated 100000 weights; time (seconds): 1799
Calculated 200000 weights; time (seconds): 1510
Calculated 300000 weights; time (seconds): 1526
Calculated 400000 weights; time (seconds): 1501
Calculated 500000 weights; time (seconds): 1585
Calculated 600000 weights; time (seconds): 1597
Calculated 700000 weights; time (seconds): 1681
Total Number of elements weighted: 780332
Normalized score (portion of input quartet trees satisfied): 0.6468590284466198
Final optimization score: 1677783893871
Optimal tree inferred in 12551.248 secs.
(204,((196,(31,450)),(426,((272,368),((((350,325),(247,285)),((86,393),(32,(322,87)))),((380,245),((481,(487,462)),(((372,(25,(265,(227,(181,133))))),((407,(488,(365,64))),(((13,(7,442)),(153,((470,(410,437)),((446,150),(107,23))))),(471,((280,139),((179,(398,(364,174))),((175,63),(294,(50,(134,173)))))))))),((305,115),(((440,264),(242,379)),(((461,363),(73,(423,356))),(((((189,(205,310)),((249,218),(302,(216,(140,(406,267)))))),((80,(321,166)),((416,(188,((66,331),(75,352)))),((341,(392,(292,261))),((241,141),(92,(120,251))))))),((((200,56),(54,74)),(((248,465),(129,(459,(483,96)))),((114,421),((283,(256,(95,194))),(58,(171,(105,(184,9)))))))),(113,(((((318,(480,281)),((229,68),(444,(82,116)))),((60,6),(2,((118,414),((332,400),((395,(233,328)),((438,243),(232,43)))))))),(29,(387,(((144,(226,431)),(262,((15,(411,165)),(397,(22,(478,124)))))),((((5,164),(455,(336,127))),(441,((353,246),(51,464)))),(((90,(476,128)),(125,(59,172))),((178,195),(409,((327,17),((154,(376,191)),(81,(72,375)))))))))))),(147,((217,186),((((258,(334,236)),(157,((53,121),(308,(151,237))))),((351,(402,(257,(333,(106,((19,182),(490,(21,149)))))))),((403,(279,443)),((277,(26,8)),(396,((152,108),(255,(287,385)))))))),((295,(145,(119,221))),(((346,(389,377)),((199,(185,(338,(130,207)))),((390,(358,474)),(330,(452,(449,192)))))),((240,223),(((340,35),((176,384),(76,(369,37)))),((62,451),((274,(244,(498,161))),((472,469),((394,38),(99,378)))))))))))))))),((297,((259,(136,(70,(235,282)))),(((159,(275,(89,203))),((309,117),(14,(65,123)))),(((57,231),((445,254),((110,(102,268)),(293,(20,215))))),(415,(316,((354,(485,49)),((46,371),(146,(355,489)))))))))),(0,((((289,(306,(324,(67,347)))),((77,(335,413)),(222,(12,(491,(228,456)))))),(342,((453,(381,(219,111))),(((137,158),((278,(291,496)),((18,486),(238,(148,408))))),(((315,91),(467,(399,138))),(42,(((180,343),(296,210)),((71,348),(202,(88,430)))))))))),((((466,(482,326)),(494,(168,(337,329)))),(((429,(61,428)),((155,201),(374,(135,(435,40))))),(((93,212),((477,367),(85,(45,312)))),(((156,345),(299,286)),((190,(193,303)),(300,(101,(1,84)))))))),((((3,(41,361)),(33,(214,460))),((366,(39,370)),((373,(83,(288,(126,36)))),((27,28),(131,((314,((457,209),(104,((183,48),(187,298))))),((112,(224,(463,362))),(284,(499,(401,((424,360),(98,213)))))))))))),(((273,(454,425)),((475,(317,170)),(307,(427,(448,357))))),(458,(((52,163),((263,(100,432)),((169,(94,(484,492))),((439,177),(225,250))))),((103,(4,(143,383))),((422,468),(((78,(359,(79,(24,239)))),((473,495),((162,479),(234,(404,(208,252)))))),((((11,500),((320,(55,301)),(349,(260,304)))),((290,((47,132),(412,167))),(436,((405,(97,206)),(323,((30,211),(391,69))))))),(((142,(198,420)),((269,388),((417,266),(447,(418,(109,382)))))),((((386,497),(493,(44,434))),(253,(34,(313,(311,(220,230)))))),(((276,344),((433,197),(271,10))),((339,(270,419)),(160,(16,(319,122)))))))))))))))))))))))))))))));
Quartet score is: 1677783893871
Normalized quartet score is: 0.6468590284466198
ASTRAL finished in 12597.921 secs
