
================== ASTRAL ===================== 

This is ASTRAL version 4.10.8
Gene trees are treated as unrooted
1000 trees read from model.500.2000000.0.000001/40/estimatedgenetre.halfresolved
All outputted trees will be *arbitrarily* rooted at 488

======== Running the main analysis
Number of taxa: 501 (501 species)
Taxa: [488, 20, 385, 7, 321, 6, 75, 364, 207, 299, 481, 57, 495, 328, 109, 91, 241, 9, 375, 498, 407, 168, 423, 324, 118, 35, 425, 356, 268, 347, 476, 96, 172, 242, 131, 88, 359, 499, 363, 188, 217, 82, 79, 376, 32, 397, 419, 388, 253, 87, 438, 135, 461, 271, 187, 341, 133, 290, 257, 214, 450, 73, 307, 266, 239, 192, 148, 291, 473, 112, 243, 198, 413, 71, 380, 141, 330, 49, 441, 399, 202, 448, 232, 98, 443, 449, 368, 313, 101, 113, 400, 398, 418, 270, 412, 230, 362, 373, 60, 405, 355, 282, 234, 25, 452, 108, 333, 125, 33, 394, 303, 65, 416, 455, 238, 280, 334, 213, 431, 460, 114, 402, 144, 206, 203, 406, 40, 391, 255, 329, 277, 228, 384, 424, 447, 2, 31, 197, 81, 467, 437, 479, 275, 23, 156, 298, 429, 289, 332, 434, 164, 100, 245, 395, 367, 468, 127, 215, 12, 162, 36, 110, 306, 94, 179, 442, 308, 300, 93, 161, 387, 21, 78, 451, 46, 154, 389, 466, 316, 86, 83, 414, 191, 76, 358, 18, 74, 185, 372, 14, 369, 167, 39, 260, 212, 403, 262, 314, 139, 183, 309, 196, 302, 171, 216, 111, 193, 16, 482, 494, 178, 381, 59, 116, 227, 175, 84, 95, 42, 489, 211, 19, 119, 433, 464, 272, 85, 166, 229, 249, 184, 92, 142, 153, 99, 37, 408, 458, 120, 126, 383, 258, 374, 41, 487, 56, 158, 331, 264, 267, 181, 69, 360, 354, 247, 346, 248, 34, 170, 236, 365, 317, 401, 474, 428, 305, 269, 155, 293, 8, 136, 281, 235, 390, 326, 103, 371, 378, 491, 13, 265, 426, 137, 233, 311, 237, 123, 304, 205, 250, 469, 72, 480, 129, 263, 254, 122, 80, 485, 273, 5, 422, 44, 327, 259, 348, 493, 310, 392, 24, 337, 145, 288, 151, 342, 377, 486, 459, 169, 410, 10, 496, 149, 256, 186, 48, 66, 150, 339, 335, 190, 201, 322, 130, 470, 67, 379, 357, 27, 396, 338, 435, 17, 500, 325, 174, 200, 340, 30, 471, 446, 436, 222, 475, 251, 453, 208, 430, 345, 43, 26, 182, 463, 53, 411, 336, 261, 225, 89, 54, 417, 350, 462, 52, 323, 444, 226, 366, 252, 121, 209, 457, 176, 312, 147, 382, 68, 58, 221, 22, 370, 204, 320, 47, 415, 160, 159, 146, 180, 352, 70, 63, 11, 445, 297, 38, 343, 124, 104, 106, 55, 292, 210, 3, 497, 107, 472, 90, 163, 165, 440, 409, 224, 361, 231, 218, 439, 484, 427, 61, 117, 301, 295, 28, 456, 102, 128, 296, 77, 51, 15, 478, 62, 349, 404, 393, 220, 152, 294, 177, 50, 276, 477, 138, 194, 143, 344, 285, 115, 45, 240, 105, 315, 454, 490, 1, 318, 244, 97, 132, 278, 157, 492, 386, 351, 134, 353, 279, 421, 319, 0, 219, 283, 189, 140, 274, 465, 287, 432, 286, 173, 246, 284, 199, 195, 29, 64, 420, 4, 223, 483]
Taxon occupancy: {338=1000, 339=1000, 332=1000, 333=1000, 159=1000, 330=1000, 158=1000, 331=1000, 157=1000, 336=1000, 156=1000, 337=1000, 334=1000, 155=1000, 154=1000, 335=1000, 152=1000, 153=1000, 150=1000, 151=1000, 349=1000, 202=1000, 203=1000, 204=1000, 205=1000, 200=1000, 201=1000, 341=1000, 342=1000, 169=1000, 343=1000, 344=1000, 206=1000, 166=1000, 345=1000, 165=1000, 207=1000, 346=1000, 347=1000, 168=1000, 208=1000, 167=1000, 348=1000, 209=1000, 409=1000, 3=1000, 161=1000, 162=1000, 2=1000, 408=1000, 1=1000, 163=1000, 0=1000, 164=1000, 405=1000, 7=1000, 404=1000, 6=1000, 407=1000, 5=1000, 340=1000, 4=1000, 160=1000, 406=1000, 401=1000, 400=1000, 9=1000, 403=1000, 402=1000, 8=1000, 211=1000, 212=1000, 210=1000, 318=1000, 215=1000, 319=1000, 216=1000, 316=1000, 213=1000, 214=1000, 317=1000, 219=1000, 179=1000, 314=1000, 315=1000, 178=1000, 177=1000, 217=1000, 312=1000, 218=1000, 313=1000, 176=1000, 310=1000, 311=1000, 418=1000, 170=1000, 171=1000, 417=1000, 416=1000, 415=1000, 174=1000, 175=1000, 172=1000, 173=1000, 419=1000, 410=1000, 414=1000, 413=1000, 412=1000, 411=1000, 220=1000, 221=1000, 222=1000, 223=1000, 224=1000, 327=1000, 328=1000, 225=1000, 329=1000, 226=1000, 227=1000, 228=1000, 188=1000, 323=1000, 324=1000, 187=1000, 229=1000, 325=1000, 189=1000, 326=1000, 320=1000, 321=1000, 322=1000, 427=1000, 180=1000, 426=1000, 429=1000, 181=1000, 428=1000, 182=1000, 183=1000, 184=1000, 185=1000, 186=1000, 421=1000, 420=1000, 423=1000, 422=1000, 425=1000, 424=1000, 116=1000, 117=1000, 114=1000, 115=1000, 112=1000, 113=1000, 110=1000, 111=1000, 118=1000, 119=1000, 435=1000, 436=1000, 433=1000, 434=1000, 431=1000, 432=1000, 430=1000, 439=1000, 437=1000, 438=1000, 125=1000, 126=1000, 300=1000, 127=1000, 128=1000, 302=1000, 121=1000, 301=1000, 122=1000, 123=1000, 304=1000, 124=1000, 303=1000, 306=1000, 305=1000, 308=1000, 307=1000, 129=1000, 309=1000, 444=1000, 445=1000, 446=1000, 447=1000, 440=1000, 441=1000, 442=1000, 443=1000, 120=1000, 448=1000, 449=1000, 134=1000, 135=1000, 132=1000, 133=1000, 138=1000, 139=1000, 136=1000, 137=1000, 450=1000, 453=1000, 454=1000, 451=1000, 452=1000, 457=1000, 458=1000, 455=1000, 456=1000, 459=1000, 131=1000, 130=1000, 143=1000, 144=1000, 145=1000, 146=1000, 147=1000, 148=1000, 149=1000, 461=1000, 460=1000, 462=1000, 463=1000, 464=1000, 465=1000, 466=1000, 467=1000, 468=1000, 469=1000, 140=1000, 142=1000, 141=1000, 195=1000, 194=1000, 197=1000, 196=1000, 191=1000, 190=1000, 193=1000, 192=1000, 198=1000, 199=1000, 500=1000, 35=1000, 36=1000, 33=1000, 34=1000, 39=1000, 37=1000, 38=1000, 43=1000, 42=1000, 41=1000, 40=1000, 22=1000, 23=1000, 24=1000, 25=1000, 26=1000, 27=1000, 28=1000, 29=1000, 30=1000, 32=1000, 31=1000, 19=1000, 17=1000, 18=1000, 15=1000, 16=1000, 13=1000, 14=1000, 11=1000, 12=1000, 21=1000, 20=1000, 10=1000, 79=1000, 78=1000, 77=1000, 82=1000, 83=1000, 80=1000, 81=1000, 86=1000, 87=1000, 84=1000, 85=1000, 67=1000, 66=1000, 69=1000, 68=1000, 70=1000, 71=1000, 72=1000, 73=1000, 74=1000, 75=1000, 76=1000, 59=1000, 58=1000, 57=1000, 56=1000, 55=1000, 64=1000, 65=1000, 62=1000, 63=1000, 60=1000, 61=1000, 49=1000, 48=1000, 45=1000, 44=1000, 47=1000, 46=1000, 51=1000, 52=1000, 53=1000, 54=1000, 50=1000, 487=1000, 281=1000, 280=1000, 486=1000, 485=1000, 484=1000, 285=1000, 284=1000, 283=1000, 489=1000, 282=1000, 488=1000, 288=1000, 289=1000, 286=1000, 287=1000, 482=1000, 483=1000, 480=1000, 481=1000, 474=1000, 473=1000, 476=1000, 270=1000, 475=1000, 478=1000, 272=1000, 477=1000, 271=1000, 274=1000, 479=1000, 273=1000, 275=1000, 276=1000, 277=1000, 278=1000, 279=1000, 470=1000, 471=1000, 472=1000, 109=1000, 108=1000, 107=1000, 106=1000, 105=1000, 104=1000, 103=1000, 102=1000, 99=1000, 101=1000, 100=1000, 98=1000, 97=1000, 391=1000, 96=1000, 95=1000, 390=1000, 393=1000, 94=1000, 93=1000, 392=1000, 395=1000, 92=1000, 394=1000, 91=1000, 294=1000, 90=1000, 499=1000, 293=1000, 296=1000, 295=1000, 290=1000, 496=1000, 495=1000, 292=1000, 498=1000, 497=1000, 291=1000, 491=1000, 492=1000, 493=1000, 494=1000, 297=1000, 298=1000, 299=1000, 490=1000, 396=1000, 397=1000, 398=1000, 399=1000, 88=1000, 89=1000, 240=1000, 241=1000, 383=1000, 384=1000, 381=1000, 382=1000, 380=1000, 389=1000, 388=1000, 387=1000, 386=1000, 385=1000, 245=1000, 244=1000, 243=1000, 242=1000, 249=1000, 248=1000, 247=1000, 246=1000, 230=1000, 370=1000, 371=1000, 372=1000, 373=1000, 379=1000, 239=1000, 378=1000, 375=1000, 374=1000, 377=1000, 376=1000, 232=1000, 231=1000, 234=1000, 233=1000, 236=1000, 235=1000, 238=1000, 237=1000, 262=1000, 263=1000, 260=1000, 261=1000, 361=1000, 362=1000, 360=1000, 366=1000, 365=1000, 364=1000, 363=1000, 369=1000, 368=1000, 367=1000, 269=1000, 268=1000, 267=1000, 266=1000, 265=1000, 264=1000, 250=1000, 251=1000, 252=1000, 350=1000, 351=1000, 353=1000, 352=1000, 355=1000, 354=1000, 357=1000, 356=1000, 359=1000, 358=1000, 258=1000, 257=1000, 259=1000, 254=1000, 253=1000, 256=1000, 255=1000}
Number of gene trees: 1000
0 trees have missing taxa
Calculating quartet distance matrix (for completion of X)
Species tree distances calculated ...
Building set of clusters (X) from gene trees 
Using tree-based weight calculation.
Number of Default Clusters: 102515
Number of quartet trees in the gene trees: 2593739617533
calculating extra bipartitions to be added at level 1 ...
Number of Clusters after addition by distance: 102515
Adding to X using resolutions of greedy consensus ...
Threshold 0.0:
Threshold 0.01:
polytomy of size 3; rounds with additions with at least 0.01 support: 0; clusters: 102515
polytomy of size 7; rounds with additions with at least 0.01 support: 6; clusters: 102567
Threshold 0.02:
polytomy of size 4; rounds with additions with at least 0.01 support: 0; clusters: 102567
polytomy of size 10; rounds with additions with at least 0.01 support: 1; clusters: 102661
Threshold 0.05:
polytomy of size 6; rounds with additions with at least 0.01 support: 0; clusters: 102661
polytomy of size 14; rounds with additions with at least 0.01 support: 0; clusters: 102663
Threshold 0.1:
polytomy of size 8; rounds with additions with at least 0.01 support: 0; clusters: 102663
polytomy of size 3; rounds with additions with at least 0.01 support: 0; clusters: 102663
polytomy of size 3; rounds with additions with at least 0.01 support: 0; clusters: 102663
polytomy of size 17; rounds with additions with at least 0.01 support: 0; clusters: 102669
Threshold 0.2:
polytomy of size 5; rounds with additions with at least 0.01 support: 0; clusters: 102669
polytomy of size 4; rounds with additions with at least 0.01 support: 0; clusters: 102669
polytomy of size 3; rounds with additions with at least 0.01 support: 0; clusters: 102669
polytomy of size 3; rounds with additions with at least 0.01 support: 0; clusters: 102669
polytomy of size 3; rounds with additions with at least 0.01 support: 0; clusters: 102669
polytomy of size 11; rounds with additions with at least 0.01 support: 0; clusters: 102669
polytomy of size 3; rounds with additions with at least 0.01 support: 0; clusters: 102669
polytomy of size 3; rounds with additions with at least 0.01 support: 0; clusters: 102669
polytomy of size 7; rounds with additions with at least 0.01 support: 0; clusters: 102669
polytomy of size 21; rounds with additions with at least 0.01 support: 0; clusters: 102669
Threshold 0.3333333333333333:
polytomy of size 3; rounds with additions with at least 0.01 support: 0; clusters: 102669
polytomy of size 4; rounds with additions with at least 0.01 support: 0; clusters: 102669
polytomy of size 4; rounds with additions with at least 0.01 support: 0; clusters: 102669
polytomy of size 3; rounds with additions with at least 0.01 support: 0; clusters: 102669
polytomy of size 3; rounds with additions with at least 0.01 support: 0; clusters: 102669
polytomy of size 8; rounds with additions with at least 0.01 support: 0; clusters: 102693
polytomy of size 3; rounds with additions with at least 0.01 support: 0; clusters: 102693
polytomy of size 3; rounds with additions with at least 0.01 support: 0; clusters: 102693
polytomy of size 3; rounds with additions with at least 0.01 support: 0; clusters: 102693
polytomy of size 5; rounds with additions with at least 0.01 support: 0; clusters: 102693
polytomy of size 3; rounds with additions with at least 0.01 support: 0; clusters: 102693
polytomy of size 3; rounds with additions with at least 0.01 support: 0; clusters: 102693
polytomy of size 3; rounds with additions with at least 0.01 support: 0; clusters: 102693
polytomy of size 3; rounds with additions with at least 0.01 support: 0; clusters: 102693
polytomy of size 4; rounds with additions with at least 0.01 support: 0; clusters: 102693
polytomy of size 4; rounds with additions with at least 0.01 support: 0; clusters: 102693
polytomy of size 3; rounds with additions with at least 0.01 support: 0; clusters: 102693
polytomy of size 3; rounds with additions with at least 0.01 support: 0; clusters: 102693
polytomy of size 3; rounds with additions with at least 0.01 support: 0; clusters: 102693
polytomy of size 3; rounds with additions with at least 0.01 support: 0; clusters: 102693
polytomy of size 3; rounds with additions with at least 0.01 support: 0; clusters: 102693
polytomy of size 3; rounds with additions with at least 0.01 support: 0; clusters: 102693
polytomy of size 4; rounds with additions with at least 0.01 support: 0; clusters: 102693
polytomy of size 4; rounds with additions with at least 0.01 support: 0; clusters: 102693
polytomy of size 6; rounds with additions with at least 0.01 support: 0; clusters: 102693
polytomy of size 3; rounds with additions with at least 0.01 support: 0; clusters: 102693
polytomy of size 4; rounds with additions with at least 0.01 support: 0; clusters: 102693
polytomy of size 3; rounds with additions with at least 0.01 support: 0; clusters: 102693
polytomy of size 4; rounds with additions with at least 0.01 support: 0; clusters: 102693
polytomy of size 3; rounds with additions with at least 0.01 support: 0; clusters: 102693
polytomy of size 3; rounds with additions with at least 0.01 support: 0; clusters: 102693
polytomy of size 43; rounds with additions with at least 0.01 support: 0; clusters: 104707
Number of Clusters after addition by greedy: 104707
partitions formed in 151.728 secs
Dynamic Programming starting after 151.728 secs
Size of largest cluster: 501
Size of largest cluster: 501
Total Number of elements weighted: 347574
Normalized score (portion of input quartet trees satisfied): NaN
Final optimization score: 0
Calculated 100000 weights; time (seconds): 216
Calculated 200000 weights; time (seconds): 63
Calculated 300000 weights; time (seconds): 62
Total Number of elements weighted: 347574
Normalized score (portion of input quartet trees satisfied): 0.6759503976480761
Final optimization score: 1753239325867
Optimal tree inferred in 384.641 secs.
(488,((20,385),(((7,299),((364,207),(6,(321,75)))),(195,((212,403),((((399,(202,448)),(98,(232,443))),((199,(286,(173,(246,284)))),((116,(227,175)),((193,((16,482),(178,(381,(494,59))))),((183,(309,((171,216),(196,302)))),((85,(166,(229,249))),((262,314),(139,((464,272),((42,(489,19)),((84,95),(433,(211,119))))))))))))),((((288,151),((24,337),(392,145))),((491,(13,265)),(((339,335),(((190,201),(322,(130,470))),(67,(379,(27,((357,396),(338,435))))))),((((496,149),((256,186),(48,(66,150)))),((10,(410,((377,486),(169,(342,459))))),((264,(267,(181,69))),((41,487),(158,(56,331)))))),(465,(((123,(311,237)),(((137,(426,233)),(310,(493,((422,44),(259,(327,348)))))),((469,(72,480)),((122,(80,(485,(273,5)))),((129,(263,254)),(205,(304,250))))))),(274,(360,((354,293),(((136,(390,(281,235))),((8,103),(326,(371,378)))),((428,(365,(401,(317,474)))),((247,(34,170)),((346,236),(248,(305,(269,155)))))))))))))))),(((((323,(444,226)),(52,(462,(417,350)))),((17,((500,(325,174)),(200,(340,(30,(471,446)))))),(((453,43),(208,(430,345))),((475,251),((261,(225,(89,54))),(436,(26,((222,(182,463)),(53,(411,336)))))))))),(0,((((92,142),(184,(153,99))),((223,(420,(64,(29,4)))),((258,374),((126,383),(37,(120,(408,458))))))),(((111,(287,432)),(((106,(70,((124,104),(63,(343,(11,445)))))),((180,(146,(352,297))),((55,163),((472,(107,90)),(3,(210,(292,497))))))),((38,(22,370)),((382,((366,252),((121,209),(312,(147,(457,176)))))),((204,(68,(58,221))),(320,(415,(160,(47,159))))))))),((172,((241,9),((168,((423,324),(118,35))),(375,((96,(347,476)),(268,((498,407),(425,356)))))))),((((82,79),((242,(359,499)),((131,88),(217,(363,188))))),((376,(32,397)),((87,(438,135)),((271,187),(461,(388,253)))))),((419,(198,(((243,141),(473,112)),(413,(330,(49,441)))))),((239,(148,(192,291))),((341,(71,380)),(257,((133,290),(214,((450,73),(307,266)))))))))))))),((((219,283),(189,140)),((328,109),(91,(481,(57,495))))),(((((105,315),(115,(45,240))),(((276,477),((138,285),(194,(143,344)))),((386,351),((177,50),((62,349),(404,((152,294),(393,220)))))))),(((278,(157,492)),(490,((97,132),(244,(1,318))))),(454,(((484,(427,61)),((295,28),(117,301))),(102,(456,(128,((15,478),(296,(77,51)))))))))),((((134,353),(279,(421,319))),(439,((361,(231,218)),(224,(165,(440,409)))))),((((260,(167,39)),(185,(372,(14,369)))),((125,(108,333)),((74,(358,18)),(76,(25,452))))),(((213,(334,483)),((455,(238,280)),(33,((65,416),(394,303))))),((((437,(479,275)),((384,(329,(277,228))),((197,(424,447)),(467,(81,(2,31)))))),((23,((289,332),(298,(156,429)))),((434,(164,(100,245))),(395,((162,(36,(110,306))),(367,(468,(215,(127,12))))))))),(((406,40),(203,(391,255))),((94,((442,(308,300)),(179,((387,21),(93,161))))),(((114,(431,460)),(402,(144,206))),((((60,405),(355,(282,234))),(373,((418,362),(270,(412,230))))),(191,((449,((368,313),(113,(400,(101,398))))),(78,(((46,154),(451,466)),(389,((83,414),(316,86)))))))))))))))))))))))));
Quartet score is: 1753239325867
Normalized quartet score is: 0.6759503976480761
ASTRAL finished in 434.164 secs
