
================== ASTRAL ===================== 

This is ASTRAL version 4.10.8
Gene trees are treated as unrooted
839 trees read from model.200.500000.0.000001/32/estimatedgenetre.halfresolved
All outputted trees will be *arbitrarily* rooted at 16

======== Running the main analysis
Number of taxa: 201 (201 species)
Taxa: [16, 46, 180, 97, 164, 162, 124, 111, 11, 76, 52, 88, 136, 7, 87, 144, 81, 133, 175, 189, 29, 36, 192, 30, 163, 106, 10, 187, 143, 96, 69, 64, 165, 55, 94, 22, 193, 62, 66, 137, 5, 2, 157, 21, 177, 27, 40, 155, 12, 117, 179, 72, 130, 59, 82, 65, 105, 35, 39, 70, 43, 18, 170, 92, 147, 38, 194, 122, 183, 14, 129, 19, 150, 152, 161, 3, 58, 54, 68, 25, 0, 128, 198, 173, 63, 116, 118, 127, 41, 8, 188, 195, 199, 85, 93, 119, 151, 67, 77, 61, 95, 47, 158, 131, 91, 73, 139, 168, 45, 103, 44, 86, 185, 145, 110, 113, 126, 108, 49, 200, 120, 190, 109, 100, 167, 125, 99, 132, 182, 135, 1, 31, 166, 33, 83, 159, 160, 101, 172, 80, 169, 181, 57, 4, 197, 148, 42, 89, 9, 17, 140, 26, 6, 176, 15, 53, 196, 75, 74, 84, 142, 50, 71, 51, 154, 171, 104, 79, 153, 23, 156, 186, 13, 60, 115, 191, 107, 32, 138, 90, 37, 112, 98, 121, 34, 114, 20, 48, 102, 56, 174, 123, 78, 24, 134, 178, 184, 28, 146, 141, 149]
Taxon occupancy: {35=839, 36=839, 33=839, 159=839, 158=839, 34=839, 39=839, 157=839, 156=839, 155=839, 37=839, 38=839, 154=839, 152=839, 153=839, 150=839, 151=839, 43=839, 42=839, 41=839, 40=839, 200=839, 22=839, 169=839, 23=839, 24=839, 25=839, 166=839, 26=839, 165=839, 27=839, 28=839, 168=839, 29=839, 167=839, 3=839, 161=839, 162=839, 2=839, 163=839, 1=839, 0=839, 164=839, 30=839, 7=839, 6=839, 5=839, 32=839, 31=839, 160=839, 4=839, 9=839, 8=839, 19=839, 179=839, 17=839, 178=839, 18=839, 177=839, 15=839, 16=839, 176=839, 13=839, 14=839, 11=839, 12=839, 170=839, 21=839, 171=839, 20=839, 174=839, 175=839, 172=839, 173=839, 188=839, 187=839, 189=839, 180=839, 10=839, 181=839, 182=839, 183=839, 184=839, 185=839, 186=839, 116=839, 117=839, 79=839, 78=839, 114=839, 77=839, 115=839, 112=839, 113=839, 110=839, 111=839, 118=839, 119=839, 82=839, 83=839, 80=839, 81=839, 86=839, 87=839, 84=839, 85=839, 67=839, 125=839, 66=839, 126=839, 127=839, 69=839, 128=839, 68=839, 121=839, 122=839, 123=839, 124=839, 129=839, 70=839, 120=839, 71=839, 72=839, 73=839, 74=839, 75=839, 76=839, 134=839, 135=839, 132=839, 59=839, 133=839, 58=839, 138=839, 139=839, 57=839, 136=839, 56=839, 55=839, 137=839, 64=839, 65=839, 62=839, 63=839, 131=839, 60=839, 130=839, 61=839, 143=839, 49=839, 144=839, 48=839, 145=839, 146=839, 147=839, 45=839, 44=839, 148=839, 149=839, 47=839, 46=839, 51=839, 52=839, 53=839, 54=839, 140=839, 142=839, 141=839, 50=839, 109=839, 108=839, 107=839, 106=839, 105=839, 104=839, 103=839, 99=839, 102=839, 101=839, 100=839, 98=839, 97=839, 96=839, 95=839, 94=839, 93=839, 92=839, 91=839, 90=839, 88=839, 89=839, 195=839, 194=839, 197=839, 196=839, 191=839, 190=839, 193=839, 192=839, 198=839, 199=839}
Number of gene trees: 839
0 trees have missing taxa
Calculating quartet distance matrix (for completion of X)
Species tree distances calculated ...
Building set of clusters (X) from gene trees 
Using tree-based weight calculation.
Number of Default Clusters: 160693
Number of quartet trees in the gene trees: 55169388564
calculating extra bipartitions to be added at level 1 ...
Number of Clusters after addition by distance: 160733
Adding to X using resolutions of greedy consensus ...
Threshold 0.0:
polytomy of size 19; rounds with additions with at least 0.01 support: 8; clusters: 163529
Threshold 0.01:
polytomy of size 30; rounds with additions with at least 0.01 support: 9; clusters: 173485
Threshold 0.02:
polytomy of size 37; rounds with additions with at least 0.01 support: 4; clusters: 188535
polytomy of size 3; rounds with additions with at least 0.01 support: 0; clusters: 188535
Threshold 0.05:
polytomy of size 3; rounds with additions with at least 0.01 support: 0; clusters: 188535
polytomy of size 51; rounds with additions with at least 0.01 support: 1; clusters: 188683
polytomy of size 4; rounds with additions with at least 0.01 support: 0; clusters: 188683
Threshold 0.1:
polytomy of size 3; rounds with additions with at least 0.01 support: 0; clusters: 188683
polytomy of size 4; rounds with additions with at least 0.01 support: 0; clusters: 188683
polytomy of size 3; rounds with additions with at least 0.01 support: 0; clusters: 188683
polytomy of size 4; rounds with additions with at least 0.01 support: 0; clusters: 188683
polytomy of size 3; rounds with additions with at least 0.01 support: 0; clusters: 188683
polytomy of size 3; rounds with additions with at least 0.01 support: 0; clusters: 188683
polytomy of size 77; rounds with additions with at least 0.01 support: 0; clusters: 188921
Threshold 0.2:
polytomy of size 6; rounds with additions with at least 0.01 support: 0; clusters: 188921
polytomy of size 6; rounds with additions with at least 0.01 support: 0; clusters: 188921
polytomy of size 4; rounds with additions with at least 0.01 support: 0; clusters: 188921
polytomy of size 3; rounds with additions with at least 0.01 support: 0; clusters: 188921
polytomy of size 3; rounds with additions with at least 0.01 support: 0; clusters: 188921
polytomy of size 5; rounds with additions with at least 0.01 support: 0; clusters: 188921
polytomy of size 4; rounds with additions with at least 0.01 support: 0; clusters: 188921
Threshold 0.3333333333333333:
polytomy of size 3; rounds with additions with at least 0.01 support: 0; clusters: 188921
polytomy of size 3; rounds with additions with at least 0.01 support: 0; clusters: 188921
polytomy of size 3; rounds with additions with at least 0.01 support: 0; clusters: 188921
Number of Clusters after addition by greedy: 188921
partitions formed in 94.916 secs
Dynamic Programming starting after 94.916 secs
Size of largest cluster: 201
Size of largest cluster: 201
Calculated 100000 weights; time (seconds): 125
Calculated 200000 weights; time (seconds): 37
Calculated 300000 weights; time (seconds): 59
Total Number of elements weighted: 385564
Normalized score (portion of input quartet trees satisfied): NaN
Final optimization score: 0
Total Number of elements weighted: 385564
Normalized score (portion of input quartet trees satisfied): 0.4573363637650338
Final optimization score: 25230967557
Optimal tree inferred in 282.136 secs.
(16,((24,134),(178,(184,(((98,(36,(37,112))),(28,(189,(175,192)))),(((108,((126,186),(49,200))),((13,191),(107,(156,(60,115))))),(((128,((90,((131,138),(80,(104,153)))),((148,(18,42)),(((62,66),(170,92)),((70,(14,197)),(9,(32,(74,84)))))))),(((188,91),(118,(116,((63,127),(41,8))))),(0,((((69,22),(196,(53,142))),((75,79),((71,171),((169,181),(51,154))))),(33,((96,83),(((97,(166,(26,50))),((122,(15,(6,176))),(55,(165,(64,94))))),((172,(101,(159,160))),(((105,194),(193,89)),((4,(57,140)),((17,23),(147,38)))))))))))),(((12,183),(((132,(125,(99,135))),(25,((54,68),(182,((146,(20,48)),(58,(1,31))))))),((56,(163,174)),((78,(30,123)),(29,(102,((187,143),(180,(3,(46,34)))))))))),((65,(19,((129,152),(150,(106,161))))),(((40,155),(((198,173),((77,167),(61,95))),((67,(47,73)),((119,100),(139,(151,168)))))),((((87,144),(121,(124,(162,114)))),((113,(164,(44,(86,185)))),(43,(195,((103,(145,(45,110))),((85,190),(120,(199,109)))))))),((111,(157,(141,(81,(133,149))))),(((27,(158,(93,(117,179)))),((72,(130,82)),(59,(137,5)))),((10,2),((21,177),((11,(76,52)),(88,(39,(7,(136,35))))))))))))))))))));
Quartet score is: 25230967557
Normalized quartet score is: 0.4573363637650338
ASTRAL finished in 303.383 secs
