
================== ASTRAL ===================== 

This is ASTRAL version 4.10.7
Gene trees are treated as unrooted
994 trees read from ASTRALDATA/model.1000.2000000.0.000001/09/estimatedgenetre.halfresolved
All output trees will be *arbitrarily* rooted at 52

======== Running the main analysis
Number of taxa: 1001 (1001 species)
Taxa: [52, 810, 426, 416, 742, 970, 890, 302, 775, 489, 876, 524, 55, 575, 754, 617, 441, 892, 340, 962, 338, 561, 863, 20, 380, 802, 260, 927, 594, 515, 782, 378, 366, 986, 827, 363, 300, 452, 901, 950, 299, 864, 367, 768, 213, 889, 27, 42, 290, 681, 635, 428, 645, 30, 707, 633, 347, 940, 834, 498, 442, 360, 453, 231, 314, 685, 933, 904, 505, 811, 611, 335, 793, 534, 386, 973, 201, 312, 971, 303, 219, 370, 248, 95, 425, 236, 373, 275, 371, 112, 568, 19, 895, 563, 952, 630, 126, 709, 316, 11, 573, 711, 478, 349, 43, 171, 906, 240, 26, 686, 523, 35, 0, 706, 601, 664, 232, 182, 708, 587, 77, 761, 449, 946, 666, 333, 339, 898, 582, 956, 116, 155, 647, 618, 830, 131, 710, 529, 650, 808, 668, 833, 480, 636, 508, 734, 414, 356, 521, 651, 820, 788, 381, 220, 64, 653, 372, 174, 953, 732, 413, 130, 857, 604, 975, 410, 120, 702, 722, 87, 214, 589, 731, 813, 848, 941, 368, 96, 63, 935, 350, 200, 671, 513, 205, 177, 409, 800, 784, 266, 51, 401, 115, 842, 304, 243, 586, 526, 443, 225, 315, 562, 640, 696, 121, 245, 557, 398, 954, 461, 288, 917, 45, 7, 175, 997, 12, 914, 412, 584, 757, 10, 459, 429, 119, 622, 652, 634, 613, 450, 196, 287, 850, 193, 697, 600, 499, 719, 256, 39, 824, 239, 737, 496, 540, 692, 268, 846, 203, 183, 543, 227, 424, 990, 141, 134, 109, 923, 676, 483, 698, 384, 407, 658, 53, 31, 725, 391, 963, 278, 612, 75, 337, 345, 749, 172, 694, 76, 93, 599, 845, 507, 860, 1, 995, 477, 375, 847, 59, 869, 325, 142, 518, 785, 67, 358, 99, 799, 379, 481, 74, 187, 15, 964, 352, 609, 831, 918, 743, 806, 736, 535, 309, 548, 649, 994, 955, 717, 128, 495, 330, 451, 297, 741, 90, 124, 704, 359, 512, 415, 840, 984, 750, 537, 341, 71, 628, 8, 374, 572, 796, 866, 406, 670, 282, 880, 660, 494, 555, 509, 839, 560, 695, 129, 916, 764, 485, 486, 271, 817, 625, 968, 320, 858, 331, 577, 226, 552, 468, 156, 816, 403, 44, 996, 85, 787, 684, 661, 313, 161, 667, 148, 36, 286, 292, 531, 712, 693, 215, 269, 875, 365, 547, 40, 16, 475, 838, 978, 896, 759, 691, 852, 91, 280, 285, 705, 819, 436, 530, 910, 392, 656, 528, 94, 88, 735, 659, 204, 772, 430, 843, 574, 593, 69, 756, 136, 627, 724, 980, 783, 311, 472, 92, 253, 753, 233, 544, 619, 566, 987, 752, 25, 106, 960, 837, 471, 665, 541, 145, 958, 336, 125, 631, 525, 835, 951, 361, 139, 621, 334, 362, 578, 123, 853, 417, 38, 790, 186, 237, 603, 886, 490, 321, 714, 879, 355, 14, 488, 197, 50, 54, 885, 803, 462, 897, 228, 585, 931, 146, 137, 550, 795, 870, 328, 167, 646, 3, 178, 399, 680, 270, 56, 149, 444, 579, 402, 549, 223, 169, 318, 942, 730, 930, 390, 460, 894, 602, 909, 400, 329, 4, 755, 798, 463, 431, 61, 421, 404, 520, 538, 644, 570, 789, 569, 797, 926, 326, 983, 878, 274, 597, 492, 632, 41, 687, 773, 551, 212, 281, 317, 118, 620, 107, 638, 408, 738, 188, 699, 504, 104, 301, 580, 81, 470, 152, 826, 395, 185, 133, 581, 445, 629, 17, 241, 794, 263, 60, 733, 180, 957, 189, 397, 89, 310, 138, 893, 394, 179, 999, 170, 965, 740, 936, 744, 354, 387, 273, 767, 804, 564, 46, 674, 637, 295, 411, 289, 258, 590, 648, 805, 623, 238, 84, 323, 21, 624, 262, 836, 195, 522, 22, 68, 908, 132, 511, 192, 364, 377, 163, 912, 874, 565, 446, 713, 887, 657, 851, 947, 497, 945, 881, 491, 23, 748, 758, 305, 66, 224, 249, 346, 703, 202, 419, 873, 729, 209, 433, 859, 961, 422, 229, 307, 592, 73, 70, 610, 503, 771, 191, 98, 662, 250, 596, 482, 140, 777, 938, 162, 882, 396, 682, 934, 440, 122, 276, 247, 168, 823, 679, 861, 905, 466, 966, 57, 465, 272, 127, 720, 113, 37, 49, 308, 324, 82, 985, 501, 607, 464, 65, 47, 715, 1000, 479, 234, 854, 454, 388, 907, 420, 993, 267, 252, 939, 102, 919, 868, 977, 216, 437, 988, 542, 867, 343, 920, 721, 844, 519, 792, 872, 259, 217, 29, 457, 427, 673, 83, 322, 351, 554, 114, 779, 447, 669, 265, 105, 989, 944, 556, 432, 208, 701, 210, 423, 34, 78, 591, 143, 976, 467, 571, 284, 101, 117, 900, 100, 821, 298, 855, 606, 5, 97, 221, 672, 598, 376, 655, 883, 700, 871, 405, 626, 567, 181, 913, 595, 937, 151, 558, 199, 991, 546, 473, 616, 825, 818, 642, 517, 786, 553, 678, 439, 218, 801, 747, 588, 33, 502, 723, 979, 812, 28, 48, 164, 763, 474, 605, 760, 385, 745, 809, 166, 154, 176, 774, 506, 862, 319, 781, 9, 726, 807, 614, 948, 190, 545, 58, 306, 62, 514, 235, 688, 981, 158, 110, 877, 778, 418, 476, 469, 32, 972, 911, 389, 86, 6, 998, 150, 639, 899, 841, 434, 207, 206, 160, 369, 888, 242, 856, 677, 264, 690, 527, 780, 348, 641, 902, 153, 13, 791, 261, 510, 291, 80, 583, 608, 383, 828, 173, 849, 296, 559, 716, 770, 974, 903, 254, 294, 500, 746, 487, 279, 929, 822, 727, 382, 344, 230, 516, 157, 135, 251, 762, 144, 159, 456, 165, 928, 615, 829, 776, 925, 533, 72, 967, 448, 675, 769, 924, 283, 277, 198, 815, 435, 943, 222, 532, 194, 576, 832, 493, 342, 739, 959, 949, 327, 728, 244, 932, 293, 257, 536, 353, 982, 891, 921, 108, 663, 246, 751, 969, 211, 357, 539, 393, 455, 147, 111, 922, 2, 184, 484, 718, 915, 683, 255, 103, 766, 24, 438, 458, 79, 884, 18, 689, 643, 654, 992, 765, 865, 814, 332]
Number of gene trees: 994
0 trees have missing taxa
Calculating quartet distance matrix (for completion of X)
Species tree distances calculated ...
Building set of clusters (X) from gene trees 
Using tree-based weight calculation.
Number of Default Clusters: 277303
Number of quartet trees in the gene trees: 41328399824415
calculating extra bipartitions to be added at level 1 ...
Number of Clusters after addition by distance: 277321
Adding to X using resolutions of greedy consensus ...
Threshold 0.0:
polytomy of size 9; rounds with additions with at least 0.01 support: 20; clusters: 277625
Threshold 0.01:
polytomy of size 22; rounds with additions with at least 0.01 support: 3; clusters: 280903
Threshold 0.02:
polytomy of size 27; rounds with additions with at least 0.01 support: 3; clusters: 285539
Threshold 0.05:
polytomy of size 3; rounds with additions with at least 0.01 support: 0; clusters: 285539
polytomy of size 4; rounds with additions with at least 0.01 support: 0; clusters: 285539
polytomy of size 37; rounds with additions with at least 0.01 support: 0; clusters: 285583
Threshold 0.1:
polytomy of size 3; rounds with additions with at least 0.01 support: 0; clusters: 285583
polytomy of size 3; rounds with additions with at least 0.01 support: 0; clusters: 285583
polytomy of size 3; rounds with additions with at least 0.01 support: 0; clusters: 285583
polytomy of size 4; rounds with additions with at least 0.01 support: 0; clusters: 285583
polytomy of size 3; rounds with additions with at least 0.01 support: 0; clusters: 285583
polytomy of size 3; rounds with additions with at least 0.01 support: 0; clusters: 285583
polytomy of size 5; rounds with additions with at least 0.01 support: 0; clusters: 285583
polytomy of size 47; rounds with additions with at least 0.01 support: 0; clusters: 285627
Threshold 0.2:
polytomy of size 3; rounds with additions with at least 0.01 support: 0; clusters: 285627
polytomy of size 3; rounds with additions with at least 0.01 support: 0; clusters: 285627
polytomy of size 3; rounds with additions with at least 0.01 support: 0; clusters: 285627
polytomy of size 3; rounds with additions with at least 0.01 support: 0; clusters: 285627
polytomy of size 3; rounds with additions with at least 0.01 support: 0; clusters: 285627
polytomy of size 3; rounds with additions with at least 0.01 support: 0; clusters: 285627
polytomy of size 3; rounds with additions with at least 0.01 support: 0; clusters: 285627
polytomy of size 3; rounds with additions with at least 0.01 support: 0; clusters: 285627
polytomy of size 3; rounds with additions with at least 0.01 support: 0; clusters: 285627
polytomy of size 4; rounds with additions with at least 0.01 support: 0; clusters: 285627
polytomy of size 3; rounds with additions with at least 0.01 support: 0; clusters: 285627
polytomy of size 3; rounds with additions with at least 0.01 support: 0; clusters: 285627
polytomy of size 3; rounds with additions with at least 0.01 support: 0; clusters: 285627
polytomy of size 4; rounds with additions with at least 0.01 support: 0; clusters: 285627
polytomy of size 3; rounds with additions with at least 0.01 support: 0; clusters: 285627
polytomy of size 3; rounds with additions with at least 0.01 support: 0; clusters: 285627
polytomy of size 3; rounds with additions with at least 0.01 support: 0; clusters: 285627
polytomy of size 4; rounds with additions with at least 0.01 support: 0; clusters: 285627
polytomy of size 3; rounds with additions with at least 0.01 support: 0; clusters: 285627
polytomy of size 3; rounds with additions with at least 0.01 support: 0; clusters: 285627
polytomy of size 3; rounds with additions with at least 0.01 support: 0; clusters: 285627
polytomy of size 4; rounds with additions with at least 0.01 support: 0; clusters: 285627
polytomy of size 3; rounds with additions with at least 0.01 support: 0; clusters: 285627
polytomy of size 4; rounds with additions with at least 0.01 support: 0; clusters: 285627
polytomy of size 4; rounds with additions with at least 0.01 support: 0; clusters: 285627
polytomy of size 4; rounds with additions with at least 0.01 support: 0; clusters: 285627
polytomy of size 3; rounds with additions with at least 0.01 support: 0; clusters: 285627
polytomy of size 3; rounds with additions with at least 0.01 support: 0; clusters: 285627
polytomy of size 3; rounds with additions with at least 0.01 support: 0; clusters: 285627
polytomy of size 3; rounds with additions with at least 0.01 support: 0; clusters: 285627
polytomy of size 5; rounds with additions with at least 0.01 support: 0; clusters: 285627
polytomy of size 73; rounds with additions with at least 0.01 support: 0; clusters: 285683
polytomy of size 3; rounds with additions with at least 0.01 support: 0; clusters: 285683
Threshold 0.3333333333333333:
polytomy of size 3; rounds with additions with at least 0.01 support: 0; clusters: 285683
polytomy of size 6; rounds with additions with at least 0.01 support: 0; clusters: 285683
polytomy of size 4; rounds with additions with at least 0.01 support: 0; clusters: 285683
polytomy of size 3; rounds with additions with at least 0.01 support: 0; clusters: 285683
polytomy of size 3; rounds with additions with at least 0.01 support: 0; clusters: 285683
polytomy of size 3; rounds with additions with at least 0.01 support: 0; clusters: 285683
polytomy of size 5; rounds with additions with at least 0.01 support: 0; clusters: 285683
polytomy of size 3; rounds with additions with at least 0.01 support: 0; clusters: 285683
polytomy of size 3; rounds with additions with at least 0.01 support: 0; clusters: 285683
polytomy of size 3; rounds with additions with at least 0.01 support: 0; clusters: 285683
polytomy of size 3; rounds with additions with at least 0.01 support: 0; clusters: 285683
polytomy of size 4; rounds with additions with at least 0.01 support: 0; clusters: 285683
polytomy of size 3; rounds with additions with at least 0.01 support: 0; clusters: 285683
polytomy of size 3; rounds with additions with at least 0.01 support: 0; clusters: 285683
polytomy of size 3; rounds with additions with at least 0.01 support: 0; clusters: 285683
polytomy of size 3; rounds with additions with at least 0.01 support: 0; clusters: 285683
polytomy of size 3; rounds with additions with at least 0.01 support: 0; clusters: 285683
polytomy of size 3; rounds with additions with at least 0.01 support: 0; clusters: 285683
polytomy of size 3; rounds with additions with at least 0.01 support: 0; clusters: 285683
polytomy of size 3; rounds with additions with at least 0.01 support: 0; clusters: 285683
polytomy of size 3; rounds with additions with at least 0.01 support: 0; clusters: 285683
polytomy of size 3; rounds with additions with at least 0.01 support: 0; clusters: 285683
polytomy of size 5; rounds with additions with at least 0.01 support: 0; clusters: 285683
polytomy of size 4; rounds with additions with at least 0.01 support: 0; clusters: 285683
polytomy of size 3; rounds with additions with at least 0.01 support: 0; clusters: 285683
polytomy of size 5; rounds with additions with at least 0.01 support: 0; clusters: 285683
polytomy of size 3; rounds with additions with at least 0.01 support: 0; clusters: 285683
polytomy of size 6; rounds with additions with at least 0.01 support: 0; clusters: 285683
polytomy of size 3; rounds with additions with at least 0.01 support: 0; clusters: 285683
polytomy of size 3; rounds with additions with at least 0.01 support: 0; clusters: 285683
polytomy of size 3; rounds with additions with at least 0.01 support: 0; clusters: 285683
polytomy of size 3; rounds with additions with at least 0.01 support: 0; clusters: 285683
polytomy of size 4; rounds with additions with at least 0.01 support: 0; clusters: 285683
polytomy of size 3; rounds with additions with at least 0.01 support: 0; clusters: 285683
polytomy of size 4; rounds with additions with at least 0.01 support: 0; clusters: 285683
polytomy of size 3; rounds with additions with at least 0.01 support: 0; clusters: 285683
polytomy of size 3; rounds with additions with at least 0.01 support: 0; clusters: 285683
polytomy of size 3; rounds with additions with at least 0.01 support: 0; clusters: 285683
polytomy of size 3; rounds with additions with at least 0.01 support: 0; clusters: 285683
polytomy of size 3; rounds with additions with at least 0.01 support: 0; clusters: 285683
polytomy of size 3; rounds with additions with at least 0.01 support: 0; clusters: 285683
polytomy of size 6; rounds with additions with at least 0.01 support: 0; clusters: 285683
polytomy of size 4; rounds with additions with at least 0.01 support: 0; clusters: 285683
polytomy of size 4; rounds with additions with at least 0.01 support: 0; clusters: 285683
polytomy of size 4; rounds with additions with at least 0.01 support: 0; clusters: 285683
polytomy of size 3; rounds with additions with at least 0.01 support: 0; clusters: 285683
polytomy of size 4; rounds with additions with at least 0.01 support: 0; clusters: 285683
polytomy of size 7; rounds with additions with at least 0.01 support: 0; clusters: 285683
polytomy of size 3; rounds with additions with at least 0.01 support: 0; clusters: 285683
polytomy of size 3; rounds with additions with at least 0.01 support: 0; clusters: 285683
polytomy of size 6; rounds with additions with at least 0.01 support: 0; clusters: 285683
polytomy of size 3; rounds with additions with at least 0.01 support: 0; clusters: 285683
polytomy of size 3; rounds with additions with at least 0.01 support: 0; clusters: 285683
polytomy of size 3; rounds with additions with at least 0.01 support: 0; clusters: 285683
polytomy of size 3; rounds with additions with at least 0.01 support: 0; clusters: 285683
polytomy of size 3; rounds with additions with at least 0.01 support: 0; clusters: 285683
polytomy of size 3; rounds with additions with at least 0.01 support: 0; clusters: 285683
polytomy of size 5; rounds with additions with at least 0.01 support: 0; clusters: 285683
polytomy of size 4; rounds with additions with at least 0.01 support: 0; clusters: 285683
polytomy of size 3; rounds with additions with at least 0.01 support: 0; clusters: 285683
polytomy of size 4; rounds with additions with at least 0.01 support: 0; clusters: 285683
polytomy of size 3; rounds with additions with at least 0.01 support: 0; clusters: 285683
polytomy of size 3; rounds with additions with at least 0.01 support: 0; clusters: 285683
polytomy of size 4; rounds with additions with at least 0.01 support: 0; clusters: 285683
polytomy of size 3; rounds with additions with at least 0.01 support: 0; clusters: 285683
polytomy of size 4; rounds with additions with at least 0.01 support: 0; clusters: 285683
polytomy of size 3; rounds with additions with at least 0.01 support: 0; clusters: 285683
polytomy of size 4; rounds with additions with at least 0.01 support: 0; clusters: 285683
polytomy of size 3; rounds with additions with at least 0.01 support: 0; clusters: 285683
polytomy of size 4; rounds with additions with at least 0.01 support: 0; clusters: 285683
polytomy of size 5; rounds with additions with at least 0.01 support: 0; clusters: 285683
polytomy of size 3; rounds with additions with at least 0.01 support: 0; clusters: 285683
polytomy of size 4; rounds with additions with at least 0.01 support: 0; clusters: 285683
polytomy of size 3; rounds with additions with at least 0.01 support: 0; clusters: 285683
polytomy of size 3; rounds with additions with at least 0.01 support: 0; clusters: 285683
polytomy of size 6; rounds with additions with at least 0.01 support: 0; clusters: 285683
polytomy of size 3; rounds with additions with at least 0.01 support: 0; clusters: 285683
polytomy of size 116; rounds with additions with at least 0.01 support: 0; clusters: 421879
polytomy of size 7; rounds with additions with at least 0.01 support: 0; clusters: 421881
Number of Clusters after addition by greedy: 421881
partitions formed in 786.146 secs
Dynamic Programming starting after 786.146 secs
Size of largest cluster: 1001
Calculated 100000 weights; time (seconds): 4770
Calculated 200000 weights; time (seconds): 4006
Calculated 300000 weights; time (seconds): 4084
Calculated 400000 weights; time (seconds): 4152
Calculated 500000 weights; time (seconds): 4374
Calculated 600000 weights; time (seconds): 4893
Calculated 700000 weights; time (seconds): 5201
Calculated 800000 weights; time (seconds): 5472
Calculated 900000 weights; time (seconds): 5529
Total Number of elements weighted: 988911
Normalized score (portion of input quartet trees satisfied): 0.5338490949923513
Final optimization score: 22063128843746
Optimal tree inferred in 47277.173 secs.
(211,(969,((751,(393,455)),((357,539),((891,((921,108),(663,246))),((252,939),((((147,(484,(718,915))),(184,(2,(111,922)))),(((689,643),(654,(992,765))),(18,((982,((79,884),(257,(536,353)))),((24,(438,458)),((103,766),(683,255))))))),(76,(((102,919),(((854,454),((57,(127,(465,272))),(861,(905,(466,966))))),((720,(113,(37,((49,308),(324,82))))),(((993,267),(388,(907,420))),(((985,501),(479,234)),((47,1000),((65,715),(607,464)))))))),((344,(399,(680,(270,56)))),((((290,681),(30,((707,633),(635,(428,645))))),(((730,610),(((162,882),((482,140),(777,938))),((440,122),((396,(682,934)),(276,((247,823),(168,679))))))),(((20,(260,927)),((380,802),(889,(((901,(950,213)),(768,(299,864))),((594,(367,(782,(515,378)))),((300,452),((827,363),(366,986)))))))),(70,((229,(592,(307,73))),((((713,887),(657,(851,((945,881),(947,497))))),((874,(446,(912,565))),((491,224),(249,(23,(748,(758,(305,66)))))))),(((346,(419,((873,729),((703,202),(209,433))))),((961,422),(859,((767,564),((273,804),(354,387)))))),((258,(623,(238,(590,(648,805))))),(((132,(377,163)),(511,(192,364))),(((46,289),((674,637),(295,411))),(84,(((68,908),(522,22)),((21,624),(323,(262,(836,195)))))))))))))))),(((((326,983),(926,(569,(789,797)))),((61,520),((421,404),(570,(538,644))))),(((((737,(496,(268,(540,692)))),((856,677),((160,(207,369)),(206,(888,242))))),(((995,(333,618)),((727,382),(822,((294,500),(746,(487,(279,929))))))),(((726,807),((614,(948,(190,545))),(514,(235,(58,(306,62)))))),(((407,658),(227,(384,(483,698)))),((923,676),(990,((134,109),(424,141)))))))),((641,(690,((527,780),((264,348),(902,(153,13)))))),((((688,981),(296,(903,(770,(254,(974,(559,716))))))),((510,(791,261)),((173,849),(828,(291,((80,583),(608,383))))))),((572,(670,((866,406),(796,282)))),(((157,(230,516)),(135,(251,(762,144)))),(((946,666),(761,449)),((71,(628,(8,374))),((124,704),((359,(537,341)),(512,(415,(984,(840,750))))))))))))),((110,((975,410),((413,158),(130,(857,604))))),(((503,(662,((250,596),(771,(191,98))))),((317,(212,281)),((878,(687,773)),((41,551),((492,632),(274,597)))))),(((297,(741,90)),(128,(495,(330,451)))),((((469,(32,972)),((911,(877,(418,(778,476)))),((639,(899,(841,434))),(150,((389,86),(6,998)))))),(((159,456),(165,(928,(615,829)))),((533,(72,(776,925))),((200,671),(350,((941,935),(96,(368,63)))))))),(((722,(87,214)),(409,((800,(784,266)),((622,652),((10,459),((634,613),(429,119))))))),(((848,(731,813)),(589,((256,(824,239)),((499,719),((697,600),((287,193),(850,39))))))),((513,(205,177)),((((51,401),(115,(842,304))),((914,412),(757,(584,(7,175))))),((997,12),((((461,288),(917,45)),((586,526),(243,(443,225)))),((315,(562,(640,696))),(398,((557,954),(121,245)))))))))))))))),(((170,(744,(942,(965,(740,936))))),((((673,(83,322)),(((265,105),(989,944)),((114,779),((447,669),(351,554))))),(((423,(701,210)),(78,((143,976),(467,(591,571))))),((34,(556,(432,208))),(427,(259,(872,(792,(217,(29,457))))))))),((((339,898),(((460,894),(930,390)),((463,431),((602,(755,798)),(4,(329,(909,400))))))),(((142,518),(((437,988),(868,(977,216))),((542,867),(343,(721,(920,(844,519))))))),((717,(955,(785,67))),(((358,99),((649,994),(535,(309,548)))),((799,(74,(187,(15,964)))),((379,481),((609,(352,831)),(743,(918,(806,736)))))))))),((((558,199),((991,546),(473,616))),((138,(179,(999,(893,394)))),(((826,(395,185)),(151,(470,(81,152)))),(118,((169,318),(((733,(60,(180,957))),(189,(89,(397,310)))),((581,(133,445)),(263,(629,(17,(241,794))))))))))),(((298,(821,855)),((117,(900,100)),((284,101),(606,(5,97))))),(((638,(620,107)),(580,((104,301),((699,504),(188,(408,738)))))),((402,(149,((444,579),(549,223)))),(((405,(626,567)),((595,937),(181,913))),((871,(672,598)),((221,655),(376,(883,700)))))))))))),(((880,((886,(237,603)),((490,14),(321,(355,(714,879)))))),(((790,186),(578,(123,(38,(853,417))))),(((660,494),(555,((560,695),(509,839)))),((585,931),((803,(228,(462,897))),(((54,885),(488,(197,50))),(178,((146,137),((795,167),(550,((646,3),(870,328)))))))))))),((((332,(865,814)),((371,895),(568,(112,19)))),((43,((240,26),(686,(523,35)))),(825,(((630,126),((563,952),(171,906))),((709,(316,11)),(573,(478,(711,349)))))))),(0,((((53,(27,42)),(((172,694),(345,(337,749))),(31,((725,963),(391,(278,(612,75))))))),((((712,(693,215)),(531,((148,292),(36,286)))),((((25,106),((544,752),(566,(619,987)))),((253,(92,753)),(233,((783,311),(980,472))))),(960,((837,471),((593,(69,(136,(724,(756,627))))),(430,(772,((88,(94,735)),(204,(574,(659,843))))))))))),(((365,547),((145,958),(665,541))),(((661,((787,684),(667,(313,161)))),((621,(334,362)),(336,(951,(139,((631,361),(525,(125,835)))))))),(((269,875),(40,(475,(16,838)))),((759,((691,852),(896,(978,91)))),((280,(285,705)),(656,((530,(910,392)),(528,(819,436))))))))))),(((293,(((723,(502,979)),(164,((48,(812,28)),((474,605),(763,(760,385)))))),((((561,863),(338,(244,932))),((283,277),(924,(967,(448,(675,769)))))),((959,(949,(327,728))),((832,(493,(342,739))),((198,(815,435)),(943,(222,(532,(194,576)))))))))),(((973,(314,685)),((933,904),((505,(811,611)),(386,(335,(793,534)))))),((373,275),((((425,236),(248,95)),((971,(219,370)),(303,(201,312)))),(((347,818),(940,(231,(498,(442,(834,(360,453))))))),(((553,678),(642,(517,786))),((439,(218,801)),(747,(588,33))))))))),(((52,(((524,(302,489)),((775,876),(754,(55,575)))),((810,(970,890)),((962,(441,(892,340))),(617,(416,(426,742))))))),(129,((((331,85),(485,(764,(916,44)))),(996,(((468,156),(816,403)),(858,(226,(577,552)))))),((506,(862,(319,(781,9)))),((486,(271,(625,(817,(968,320))))),(745,((176,774),(809,(166,154))))))))),((450,(869,(325,(847,59)))),((477,375),(((830,((372,(174,(953,732))),((529,(131,710)),((668,833),(650,808))))),(480,((636,(521,651)),(((381,220),(414,356)),((508,734),(788,(820,(64,653)))))))),(((155,647),(93,((846,(203,(183,543))),(599,(845,(1,(507,860))))))),(((120,702),(582,(956,116))),((706,196),((601,664),(182,(232,(708,(587,77))))))))))))))))))))))))))))));
Quartet score is: 22063128843746
Normalized quartet score is: 0.5338490949923513
ASTRAL finished in 47735.309 secs
