
================== ASTRAL ===================== 

This is ASTRAL version 4.10.8
Gene trees are treated as unrooted
1000 trees read from ASTRALDATA/model.1000.2000000.0.000001/01/estimatedgenetre.halfresolved
All outputted trees will be *arbitrarily* rooted at 156

======== Running the main analysis
Number of taxa: 1001 (1001 species)
Taxa: [156, 212, 948, 177, 134, 901, 741, 970, 689, 243, 135, 120, 463, 82, 756, 57, 304, 672, 266, 499, 5, 803, 822, 374, 513, 78, 269, 405, 630, 10, 857, 987, 105, 154, 415, 844, 611, 223, 800, 567, 435, 404, 469, 47, 949, 627, 609, 167, 476, 873, 530, 65, 802, 654, 777, 125, 375, 481, 126, 789, 151, 362, 443, 676, 570, 807, 196, 919, 881, 465, 474, 169, 175, 392, 793, 460, 540, 978, 541, 264, 495, 483, 593, 589, 995, 767, 954, 275, 431, 461, 173, 876, 160, 962, 883, 816, 487, 643, 387, 176, 202, 322, 795, 40, 943, 737, 422, 198, 722, 113, 667, 365, 452, 790, 106, 945, 424, 74, 552, 408, 267, 56, 932, 937, 273, 377, 343, 579, 854, 759, 839, 383, 292, 480, 182, 203, 428, 204, 314, 28, 623, 32, 591, 815, 486, 67, 890, 647, 98, 661, 564, 131, 622, 834, 668, 51, 967, 271, 913, 687, 889, 599, 922, 117, 640, 328, 164, 608, 333, 453, 515, 454, 706, 384, 413, 315, 263, 709, 905, 703, 517, 929, 320, 813, 208, 688, 535, 161, 475, 222, 733, 997, 684, 229, 493, 224, 804, 124, 877, 137, 128, 34, 150, 457, 205, 912, 651, 673, 50, 655, 414, 850, 865, 926, 875, 572, 936, 2, 482, 812, 601, 855, 542, 746, 399, 829, 874, 584, 991, 617, 240, 282, 356, 902, 900, 632, 289, 181, 33, 485, 531, 144, 152, 20, 799, 447, 739, 260, 871, 488, 247, 998, 44, 410, 675, 201, 951, 671, 796, 248, 562, 46, 293, 352, 397, 77, 950, 388, 477, 234, 484, 189, 801, 30, 526, 882, 265, 979, 319, 699, 217, 11, 346, 118, 258, 956, 988, 31, 394, 61, 920, 595, 734, 26, 445, 546, 245, 957, 645, 994, 653, 335, 141, 963, 735, 466, 351, 92, 847, 69, 253, 765, 843, 281, 353, 101, 25, 473, 244, 344, 846, 835, 286, 770, 170, 440, 16, 521, 425, 732, 879, 24, 301, 342, 87, 220, 13, 459, 946, 325, 162, 489, 8, 933, 84, 602, 965, 966, 449, 207, 200, 88, 110, 48, 239, 94, 958, 529, 556, 334, 518, 345, 95, 197, 597, 764, 730, 369, 149, 29, 183, 619, 505, 446, 386, 116, 329, 715, 251, 745, 860, 681, 506, 398, 996, 129, 191, 982, 646, 502, 305, 600, 791, 824, 754, 193, 749, 631, 573, 690, 165, 89, 79, 959, 376, 158, 390, 827, 323, 659, 964, 792, 83, 717, 555, 426, 206, 678, 370, 379, 133, 888, 225, 41, 543, 184, 607, 708, 519, 885, 427, 620, 130, 694, 300, 219, 856, 455, 650, 613, 157, 853, 587, 307, 347, 148, 872, 781, 231, 458, 19, 153, 549, 514, 100, 391, 504, 785, 336, 395, 524, 809, 635, 496, 571, 691, 179, 339, 569, 557, 656, 330, 418, 311, 71, 637, 729, 437, 805, 109, 969, 237, 714, 934, 86, 382, 819, 360, 318, 444, 806, 624, 436, 547, 911, 539, 298, 45, 313, 430, 199, 884, 73, 209, 1000, 187, 138, 704, 139, 974, 119, 560, 12, 788, 491, 753, 768, 660, 947, 188, 317, 296, 532, 972, 574, 893, 59, 364, 523, 598, 614, 563, 692, 603, 107, 407, 232, 497, 227, 648, 55, 429, 70, 910, 783, 142, 368, 682, 434, 898, 636, 580, 302, 606, 721, 779, 720, 565, 861, 700, 60, 625, 507, 615, 80, 973, 618, 132, 309, 378, 925, 576, 859, 862, 214, 511, 331, 136, 942, 22, 626, 662, 841, 0, 18, 280, 255, 774, 166, 848, 54, 226, 211, 371, 288, 652, 236, 62, 818, 490, 285, 359, 400, 908, 842, 906, 354, 938, 711, 989, 559, 561, 68, 594, 726, 870, 393, 114, 971, 409, 642, 112, 985, 658, 825, 438, 808, 568, 705, 797, 432, 218, 712, 278, 241, 123, 641, 259, 442, 122, 367, 680, 52, 536, 903, 663, 3, 820, 740, 899, 657, 510, 702, 456, 927, 470, 213, 37, 886, 670, 451, 256, 503, 867, 38, 716, 909, 758, 685, 981, 462, 468, 750, 403, 272, 357, 748, 628, 416, 953, 975, 242, 983, 744, 665, 479, 340, 707, 35, 639, 833, 761, 784, 751, 538, 512, 316, 411, 324, 917, 233, 553, 664, 471, 1, 102, 439, 140, 868, 976, 551, 961, 261, 821, 9, 284, 840, 992, 693, 534, 423, 527, 96, 550, 616, 686, 596, 337, 828, 762, 402, 742, 738, 500, 39, 960, 993, 195, 724, 575, 916, 773, 338, 878, 238, 419, 544, 516, 782, 76, 578, 604, 85, 582, 72, 736, 66, 155, 928, 115, 42, 294, 252, 683, 99, 832, 955, 417, 180, 341, 257, 944, 923, 941, 817, 723, 174, 719, 23, 811, 629, 763, 915, 121, 674, 677, 924, 798, 246, 952, 36, 633, 380, 837, 192, 215, 279, 268, 508, 823, 590, 592, 921, 977, 274, 605, 558, 277, 441, 366, 731, 776, 931, 401, 644, 299, 743, 990, 537, 21, 583, 528, 14, 794, 97, 866, 283, 918, 159, 887, 891, 863, 914, 638, 907, 698, 520, 826, 145, 533, 494, 771, 727, 372, 433, 728, 350, 895, 355, 634, 838, 939, 358, 228, 864, 755, 249, 588, 168, 566, 147, 373, 363, 81, 478, 43, 111, 297, 760, 697, 262, 295, 999, 216, 310, 836, 291, 104, 649, 896, 17, 103, 27, 396, 772, 194, 757, 747, 326, 172, 6, 221, 146, 986, 235, 15, 849, 75, 250, 585, 171, 327, 381, 621, 472, 7, 108, 780, 980, 492, 509, 270, 904, 880, 93, 186, 58, 498, 968, 577, 412, 420, 63, 185, 892, 610, 669, 190, 810, 851, 869, 321, 385, 769, 710, 554, 406, 545, 90, 831, 210, 787, 91, 312, 501, 548, 830, 254, 287, 332, 64, 4, 448, 701, 586, 778, 935, 845, 984, 230, 666, 718, 361, 276, 713, 814, 290, 303, 695, 522, 581, 143, 348, 464, 858, 525, 766, 306, 127, 450, 775, 752, 163, 679, 940, 389, 308, 852, 178, 696, 349, 467, 612, 894, 725, 786, 421, 930, 49, 897, 53]
Taxon occupancy: {338=1000, 339=1000, 941=1000, 942=1000, 940=1000, 332=1000, 945=1000, 946=1000, 333=1000, 943=1000, 330=1000, 944=1000, 331=1000, 949=1000, 336=1000, 337=1000, 334=1000, 947=1000, 335=1000, 948=1000, 531=1000, 748=1000, 747=1000, 530=1000, 746=1000, 745=1000, 535=1000, 534=1000, 533=1000, 749=1000, 532=1000, 539=1000, 740=1000, 538=1000, 537=1000, 536=1000, 744=1000, 743=1000, 742=1000, 741=1000, 349=1000, 930=1000, 931=1000, 341=1000, 932=1000, 933=1000, 342=1000, 343=1000, 934=1000, 935=1000, 344=1000, 345=1000, 936=1000, 346=1000, 937=1000, 347=1000, 938=1000, 348=1000, 939=1000, 735=1000, 540=1000, 3=1000, 734=1000, 2=1000, 929=1000, 542=1000, 737=1000, 1=1000, 541=1000, 0=1000, 736=1000, 7=1000, 739=1000, 544=1000, 6=1000, 543=1000, 738=1000, 546=1000, 5=1000, 340=1000, 4=1000, 545=1000, 548=1000, 547=1000, 9=1000, 8=1000, 549=1000, 731=1000, 730=1000, 733=1000, 732=1000, 920=1000, 318=1000, 319=1000, 316=1000, 317=1000, 314=1000, 927=1000, 315=1000, 928=1000, 312=1000, 925=1000, 926=1000, 313=1000, 310=1000, 923=1000, 924=1000, 311=1000, 921=1000, 922=1000, 513=1000, 729=1000, 512=1000, 728=1000, 511=1000, 727=1000, 510=1000, 726=1000, 725=1000, 919=1000, 724=1000, 918=1000, 723=1000, 722=1000, 721=1000, 519=1000, 720=1000, 518=1000, 517=1000, 516=1000, 515=1000, 514=1000, 327=1000, 328=1000, 329=1000, 914=1000, 323=1000, 915=1000, 324=1000, 325=1000, 916=1000, 326=1000, 917=1000, 709=1000, 910=1000, 320=1000, 911=1000, 321=1000, 912=1000, 322=1000, 913=1000, 522=1000, 717=1000, 521=1000, 716=1000, 719=1000, 524=1000, 718=1000, 523=1000, 713=1000, 908=1000, 907=1000, 712=1000, 520=1000, 715=1000, 714=1000, 909=1000, 529=1000, 711=1000, 710=1000, 526=1000, 525=1000, 528=1000, 527=1000, 989=1000, 988=1000, 987=1000, 571=1000, 570=1000, 982=1000, 981=1000, 980=1000, 986=1000, 985=1000, 984=1000, 983=1000, 700=1000, 703=1000, 574=1000, 704=1000, 575=1000, 701=1000, 572=1000, 573=1000, 702=1000, 707=1000, 578=1000, 579=1000, 708=1000, 576=1000, 705=1000, 577=1000, 706=1000, 977=1000, 976=1000, 979=1000, 300=1000, 978=1000, 580=1000, 302=1000, 301=1000, 304=1000, 582=1000, 581=1000, 303=1000, 306=1000, 305=1000, 308=1000, 971=1000, 970=1000, 307=1000, 973=1000, 972=1000, 309=1000, 975=1000, 974=1000, 583=1000, 584=1000, 585=1000, 586=1000, 587=1000, 588=1000, 589=1000, 969=1000, 968=1000, 967=1000, 966=1000, 965=1000, 964=1000, 963=1000, 962=1000, 961=1000, 960=1000, 558=1000, 559=1000, 556=1000, 557=1000, 554=1000, 555=1000, 552=1000, 553=1000, 550=1000, 551=1000, 959=1000, 958=1000, 560=1000, 955=1000, 954=1000, 957=1000, 956=1000, 951=1000, 950=1000, 953=1000, 952=1000, 569=1000, 565=1000, 566=1000, 567=1000, 568=1000, 561=1000, 562=1000, 563=1000, 564=1000, 799=1000, 798=1000, 797=1000, 796=1000, 795=1000, 794=1000, 793=1000, 792=1000, 790=1000, 996=1000, 997=1000, 791=1000, 994=1000, 995=1000, 992=1000, 993=1000, 990=1000, 991=1000, 998=1000, 999=1000, 781=1000, 782=1000, 783=1000, 784=1000, 785=1000, 786=1000, 787=1000, 788=1000, 789=1000, 780=1000, 772=1000, 505=1000, 506=1000, 773=1000, 770=1000, 503=1000, 771=1000, 504=1000, 509=1000, 776=1000, 777=1000, 507=1000, 774=1000, 775=1000, 508=1000, 778=1000, 779=1000, 501=1000, 502=1000, 500=1000, 763=1000, 764=1000, 765=1000, 766=1000, 760=1000, 761=1000, 762=1000, 767=1000, 768=1000, 769=1000, 754=1000, 755=1000, 752=1000, 753=1000, 750=1000, 751=1000, 758=1000, 759=1000, 756=1000, 757=1000, 595=1000, 594=1000, 597=1000, 391=1000, 390=1000, 596=1000, 599=1000, 393=1000, 392=1000, 598=1000, 395=1000, 394=1000, 396=1000, 397=1000, 398=1000, 399=1000, 590=1000, 591=1000, 592=1000, 593=1000, 383=1000, 384=1000, 381=1000, 382=1000, 380=1000, 389=1000, 388=1000, 387=1000, 386=1000, 385=1000, 370=1000, 371=1000, 372=1000, 373=1000, 379=1000, 378=1000, 375=1000, 374=1000, 377=1000, 376=1000, 361=1000, 362=1000, 360=1000, 366=1000, 365=1000, 364=1000, 363=1000, 369=1000, 368=1000, 367=1000, 350=1000, 351=1000, 353=1000, 352=1000, 355=1000, 354=1000, 357=1000, 356=1000, 359=1000, 358=1000, 806=1000, 807=1000, 804=1000, 805=1000, 802=1000, 803=1000, 800=1000, 801=1000, 159=1000, 158=1000, 157=1000, 156=1000, 155=1000, 154=1000, 152=1000, 601=1000, 600=1000, 153=1000, 150=1000, 151=1000, 609=1000, 608=1000, 607=1000, 606=1000, 605=1000, 604=1000, 603=1000, 602=1000, 202=1000, 203=1000, 204=1000, 205=1000, 200=1000, 201=1000, 169=1000, 206=1000, 166=1000, 207=1000, 165=1000, 168=1000, 208=1000, 167=1000, 209=1000, 161=1000, 409=1000, 162=1000, 408=1000, 163=1000, 164=1000, 405=1000, 404=1000, 407=1000, 406=1000, 160=1000, 401=1000, 400=1000, 403=1000, 402=1000, 824=1000, 211=1000, 212=1000, 825=1000, 822=1000, 210=1000, 823=1000, 215=1000, 828=1000, 216=1000, 829=1000, 826=1000, 213=1000, 827=1000, 214=1000, 219=1000, 179=1000, 178=1000, 217=1000, 177=1000, 176=1000, 218=1000, 820=1000, 821=1000, 170=1000, 418=1000, 171=1000, 417=1000, 416=1000, 415=1000, 174=1000, 623=1000, 175=1000, 622=1000, 621=1000, 172=1000, 173=1000, 620=1000, 419=1000, 410=1000, 627=1000, 626=1000, 625=1000, 819=1000, 624=1000, 414=1000, 413=1000, 412=1000, 629=1000, 628=1000, 411=1000, 811=1000, 220=1000, 221=1000, 812=1000, 813=1000, 222=1000, 814=1000, 223=1000, 224=1000, 815=1000, 816=1000, 225=1000, 817=1000, 226=1000, 227=1000, 818=1000, 228=1000, 188=1000, 229=1000, 187=1000, 189=1000, 810=1000, 427=1000, 180=1000, 426=1000, 181=1000, 429=1000, 182=1000, 428=1000, 610=1000, 183=1000, 184=1000, 612=1000, 185=1000, 186=1000, 611=1000, 809=1000, 614=1000, 613=1000, 808=1000, 421=1000, 616=1000, 420=1000, 615=1000, 618=1000, 423=1000, 617=1000, 422=1000, 425=1000, 619=1000, 424=1000, 116=1000, 843=1000, 117=1000, 842=1000, 841=1000, 114=1000, 840=1000, 115=1000, 112=1000, 113=1000, 110=1000, 111=1000, 849=1000, 848=1000, 847=1000, 846=1000, 845=1000, 118=1000, 844=1000, 119=1000, 435=1000, 436=1000, 433=1000, 434=1000, 431=1000, 432=1000, 430=1000, 439=1000, 437=1000, 438=1000, 830=1000, 125=1000, 126=1000, 127=1000, 832=1000, 831=1000, 128=1000, 121=1000, 122=1000, 123=1000, 124=1000, 838=1000, 837=1000, 839=1000, 834=1000, 129=1000, 833=1000, 836=1000, 835=1000, 444=1000, 445=1000, 446=1000, 447=1000, 440=1000, 441=1000, 442=1000, 443=1000, 120=1000, 448=1000, 449=1000, 134=1000, 861=1000, 860=1000, 135=1000, 132=1000, 133=1000, 865=1000, 138=1000, 864=1000, 139=1000, 863=1000, 136=1000, 137=1000, 862=1000, 869=1000, 868=1000, 867=1000, 866=1000, 450=1000, 453=1000, 454=1000, 451=1000, 452=1000, 457=1000, 458=1000, 455=1000, 456=1000, 459=1000, 131=1000, 130=1000, 143=1000, 144=1000, 145=1000, 850=1000, 146=1000, 852=1000, 147=1000, 851=1000, 148=1000, 149=1000, 854=1000, 853=1000, 856=1000, 855=1000, 858=1000, 857=1000, 859=1000, 461=1000, 460=1000, 462=1000, 463=1000, 464=1000, 465=1000, 466=1000, 467=1000, 468=1000, 469=1000, 140=1000, 142=1000, 141=1000, 687=1000, 686=1000, 689=1000, 688=1000, 683=1000, 682=1000, 685=1000, 684=1000, 888=1000, 889=1000, 884=1000, 885=1000, 680=1000, 886=1000, 887=1000, 681=1000, 880=1000, 881=1000, 882=1000, 883=1000, 678=1000, 677=1000, 676=1000, 675=1000, 674=1000, 673=1000, 672=1000, 671=1000, 679=1000, 879=1000, 877=1000, 878=1000, 875=1000, 876=1000, 670=1000, 873=1000, 874=1000, 871=1000, 872=1000, 870=1000, 696=1000, 695=1000, 694=1000, 693=1000, 890=1000, 699=1000, 698=1000, 697=1000, 899=1000, 893=1000, 894=1000, 891=1000, 892=1000, 897=1000, 691=1000, 692=1000, 898=1000, 895=1000, 896=1000, 690=1000, 646=1000, 647=1000, 648=1000, 649=1000, 642=1000, 195=1000, 194=1000, 643=1000, 644=1000, 197=1000, 645=1000, 196=1000, 191=1000, 190=1000, 640=1000, 193=1000, 192=1000, 641=1000, 198=1000, 199=1000, 639=1000, 637=1000, 638=1000, 635=1000, 636=1000, 633=1000, 634=1000, 631=1000, 632=1000, 630=1000, 668=1000, 669=1000, 660=1000, 661=1000, 662=1000, 663=1000, 664=1000, 665=1000, 666=1000, 667=1000, 659=1000, 657=1000, 658=1000, 651=1000, 652=1000, 650=1000, 655=1000, 656=1000, 653=1000, 654=1000, 35=1000, 36=1000, 33=1000, 34=1000, 39=1000, 37=1000, 38=1000, 43=1000, 42=1000, 41=1000, 40=1000, 22=1000, 23=1000, 24=1000, 25=1000, 26=1000, 27=1000, 28=1000, 29=1000, 30=1000, 32=1000, 31=1000, 19=1000, 17=1000, 18=1000, 15=1000, 16=1000, 13=1000, 14=1000, 11=1000, 12=1000, 21=1000, 20=1000, 10=1000, 79=1000, 78=1000, 77=1000, 82=1000, 83=1000, 80=1000, 81=1000, 86=1000, 87=1000, 84=1000, 85=1000, 67=1000, 66=1000, 69=1000, 68=1000, 70=1000, 71=1000, 72=1000, 73=1000, 74=1000, 75=1000, 76=1000, 59=1000, 58=1000, 57=1000, 56=1000, 55=1000, 64=1000, 65=1000, 62=1000, 63=1000, 60=1000, 61=1000, 49=1000, 48=1000, 45=1000, 44=1000, 47=1000, 46=1000, 51=1000, 52=1000, 53=1000, 54=1000, 50=1000, 281=1000, 487=1000, 486=1000, 280=1000, 485=1000, 484=1000, 285=1000, 284=1000, 283=1000, 489=1000, 488=1000, 282=1000, 288=1000, 289=1000, 286=1000, 287=1000, 482=1000, 483=1000, 480=1000, 481=1000, 474=1000, 473=1000, 270=1000, 476=1000, 475=1000, 478=1000, 272=1000, 477=1000, 271=1000, 274=1000, 273=1000, 479=1000, 275=1000, 276=1000, 277=1000, 278=1000, 279=1000, 470=1000, 471=1000, 472=1000, 1000=1000, 109=1000, 108=1000, 107=1000, 106=1000, 105=1000, 104=1000, 103=1000, 102=1000, 99=1000, 101=1000, 100=1000, 98=1000, 97=1000, 96=1000, 95=1000, 94=1000, 93=1000, 92=1000, 91=1000, 90=1000, 294=1000, 293=1000, 499=1000, 296=1000, 295=1000, 290=1000, 496=1000, 495=1000, 498=1000, 292=1000, 291=1000, 497=1000, 491=1000, 492=1000, 493=1000, 494=1000, 297=1000, 298=1000, 299=1000, 490=1000, 88=1000, 89=1000, 240=1000, 241=1000, 245=1000, 244=1000, 243=1000, 242=1000, 249=1000, 248=1000, 247=1000, 246=1000, 230=1000, 239=1000, 232=1000, 231=1000, 234=1000, 233=1000, 236=1000, 235=1000, 238=1000, 237=1000, 262=1000, 263=1000, 260=1000, 261=1000, 269=1000, 268=1000, 267=1000, 266=1000, 265=1000, 264=1000, 250=1000, 251=1000, 252=1000, 904=1000, 258=1000, 257=1000, 903=1000, 906=1000, 905=1000, 259=1000, 254=1000, 900=1000, 253=1000, 902=1000, 256=1000, 901=1000, 255=1000}
Number of gene trees: 1000
0 trees have missing taxa
Calculating quartet distance matrix (for completion of X)
Species tree distances calculated ...
Building set of clusters (X) from gene trees 
Using tree-based weight calculation.
Number of Default Clusters: 232841
Number of quartet trees in the gene trees: 41583291748004
calculating extra bipartitions to be added at level 1 ...
Number of Clusters after addition by distance: 232859
Adding to X using resolutions of greedy consensus ...
Threshold 0.0:
polytomy of size 10; rounds with additions with at least 0.01 support: 6; clusters: 233213
Threshold 0.01:
polytomy of size 3; rounds with additions with at least 0.01 support: 0; clusters: 233213
polytomy of size 19; rounds with additions with at least 0.01 support: 1; clusters: 234531
Threshold 0.02:
polytomy of size 3; rounds with additions with at least 0.01 support: 0; clusters: 234531
polytomy of size 24; rounds with additions with at least 0.01 support: 1; clusters: 236387
Threshold 0.05:
polytomy of size 4; rounds with additions with at least 0.01 support: 0; clusters: 236387
polytomy of size 3; rounds with additions with at least 0.01 support: 0; clusters: 236387
polytomy of size 28; rounds with additions with at least 0.01 support: 1; clusters: 236485
Threshold 0.1:
polytomy of size 3; rounds with additions with at least 0.01 support: 0; clusters: 236485
polytomy of size 6; rounds with additions with at least 0.01 support: 0; clusters: 236485
polytomy of size 3; rounds with additions with at least 0.01 support: 0; clusters: 236485
polytomy of size 3; rounds with additions with at least 0.01 support: 0; clusters: 236485
polytomy of size 35; rounds with additions with at least 0.01 support: 1; clusters: 236587
Threshold 0.2:
polytomy of size 3; rounds with additions with at least 0.01 support: 0; clusters: 236587
polytomy of size 3; rounds with additions with at least 0.01 support: 0; clusters: 236587
polytomy of size 4; rounds with additions with at least 0.01 support: 0; clusters: 236587
polytomy of size 3; rounds with additions with at least 0.01 support: 0; clusters: 236587
polytomy of size 4; rounds with additions with at least 0.01 support: 0; clusters: 236587
polytomy of size 5; rounds with additions with at least 0.01 support: 0; clusters: 236587
polytomy of size 3; rounds with additions with at least 0.01 support: 0; clusters: 236587
polytomy of size 5; rounds with additions with at least 0.01 support: 0; clusters: 236587
polytomy of size 3; rounds with additions with at least 0.01 support: 0; clusters: 236587
polytomy of size 4; rounds with additions with at least 0.01 support: 0; clusters: 236587
polytomy of size 4; rounds with additions with at least 0.01 support: 0; clusters: 236587
polytomy of size 6; rounds with additions with at least 0.01 support: 0; clusters: 236587
polytomy of size 3; rounds with additions with at least 0.01 support: 0; clusters: 236587
polytomy of size 4; rounds with additions with at least 0.01 support: 0; clusters: 236587
polytomy of size 3; rounds with additions with at least 0.01 support: 0; clusters: 236587
polytomy of size 3; rounds with additions with at least 0.01 support: 0; clusters: 236587
polytomy of size 3; rounds with additions with at least 0.01 support: 0; clusters: 236587
polytomy of size 3; rounds with additions with at least 0.01 support: 0; clusters: 236587
polytomy of size 3; rounds with additions with at least 0.01 support: 0; clusters: 236587
polytomy of size 3; rounds with additions with at least 0.01 support: 0; clusters: 236587
polytomy of size 6; rounds with additions with at least 0.01 support: 0; clusters: 236587
polytomy of size 3; rounds with additions with at least 0.01 support: 0; clusters: 236587
polytomy of size 3; rounds with additions with at least 0.01 support: 0; clusters: 236587
polytomy of size 4; rounds with additions with at least 0.01 support: 0; clusters: 236587
polytomy of size 69; rounds with additions with at least 0.01 support: 0; clusters: 236599
Threshold 0.3333333333333333:
polytomy of size 3; rounds with additions with at least 0.01 support: 0; clusters: 236599
polytomy of size 4; rounds with additions with at least 0.01 support: 0; clusters: 236599
polytomy of size 3; rounds with additions with at least 0.01 support: 0; clusters: 236599
polytomy of size 4; rounds with additions with at least 0.01 support: 0; clusters: 236599
polytomy of size 4; rounds with additions with at least 0.01 support: 0; clusters: 236599
polytomy of size 3; rounds with additions with at least 0.01 support: 0; clusters: 236599
polytomy of size 3; rounds with additions with at least 0.01 support: 0; clusters: 236599
polytomy of size 3; rounds with additions with at least 0.01 support: 0; clusters: 236599
polytomy of size 3; rounds with additions with at least 0.01 support: 0; clusters: 236599
polytomy of size 3; rounds with additions with at least 0.01 support: 0; clusters: 236599
polytomy of size 4; rounds with additions with at least 0.01 support: 0; clusters: 236599
polytomy of size 4; rounds with additions with at least 0.01 support: 0; clusters: 236599
polytomy of size 5; rounds with additions with at least 0.01 support: 0; clusters: 236599
polytomy of size 4; rounds with additions with at least 0.01 support: 0; clusters: 236599
polytomy of size 4; rounds with additions with at least 0.01 support: 0; clusters: 236599
polytomy of size 4; rounds with additions with at least 0.01 support: 0; clusters: 236599
polytomy of size 4; rounds with additions with at least 0.01 support: 0; clusters: 236599
polytomy of size 3; rounds with additions with at least 0.01 support: 0; clusters: 236599
polytomy of size 3; rounds with additions with at least 0.01 support: 0; clusters: 236599
polytomy of size 3; rounds with additions with at least 0.01 support: 0; clusters: 236599
polytomy of size 3; rounds with additions with at least 0.01 support: 0; clusters: 236599
polytomy of size 3; rounds with additions with at least 0.01 support: 0; clusters: 236599
polytomy of size 3; rounds with additions with at least 0.01 support: 0; clusters: 236599
polytomy of size 4; rounds with additions with at least 0.01 support: 0; clusters: 236599
polytomy of size 3; rounds with additions with at least 0.01 support: 0; clusters: 236599
polytomy of size 3; rounds with additions with at least 0.01 support: 0; clusters: 236599
polytomy of size 4; rounds with additions with at least 0.01 support: 0; clusters: 236599
polytomy of size 4; rounds with additions with at least 0.01 support: 0; clusters: 236599
polytomy of size 3; rounds with additions with at least 0.01 support: 0; clusters: 236599
polytomy of size 3; rounds with additions with at least 0.01 support: 0; clusters: 236599
polytomy of size 3; rounds with additions with at least 0.01 support: 0; clusters: 236599
polytomy of size 5; rounds with additions with at least 0.01 support: 0; clusters: 236599
polytomy of size 3; rounds with additions with at least 0.01 support: 0; clusters: 236599
polytomy of size 6; rounds with additions with at least 0.01 support: 0; clusters: 236599
polytomy of size 3; rounds with additions with at least 0.01 support: 0; clusters: 236599
polytomy of size 5; rounds with additions with at least 0.01 support: 0; clusters: 236599
polytomy of size 5; rounds with additions with at least 0.01 support: 0; clusters: 236599
polytomy of size 3; rounds with additions with at least 0.01 support: 0; clusters: 236599
polytomy of size 3; rounds with additions with at least 0.01 support: 0; clusters: 236599
polytomy of size 4; rounds with additions with at least 0.01 support: 0; clusters: 236599
polytomy of size 5; rounds with additions with at least 0.01 support: 0; clusters: 236599
polytomy of size 3; rounds with additions with at least 0.01 support: 0; clusters: 236599
polytomy of size 5; rounds with additions with at least 0.01 support: 0; clusters: 236599
polytomy of size 3; rounds with additions with at least 0.01 support: 0; clusters: 236599
polytomy of size 3; rounds with additions with at least 0.01 support: 0; clusters: 236599
polytomy of size 3; rounds with additions with at least 0.01 support: 0; clusters: 236599
polytomy of size 5; rounds with additions with at least 0.01 support: 0; clusters: 236599
polytomy of size 3; rounds with additions with at least 0.01 support: 0; clusters: 236599
polytomy of size 5; rounds with additions with at least 0.01 support: 0; clusters: 236599
polytomy of size 3; rounds with additions with at least 0.01 support: 0; clusters: 236599
polytomy of size 8; rounds with additions with at least 0.01 support: 0; clusters: 236599
polytomy of size 4; rounds with additions with at least 0.01 support: 0; clusters: 236599
polytomy of size 3; rounds with additions with at least 0.01 support: 0; clusters: 236599
polytomy of size 4; rounds with additions with at least 0.01 support: 0; clusters: 236599
polytomy of size 3; rounds with additions with at least 0.01 support: 0; clusters: 236599
polytomy of size 3; rounds with additions with at least 0.01 support: 0; clusters: 236599
polytomy of size 5; rounds with additions with at least 0.01 support: 0; clusters: 236599
polytomy of size 3; rounds with additions with at least 0.01 support: 0; clusters: 236599
polytomy of size 5; rounds with additions with at least 0.01 support: 0; clusters: 236599
polytomy of size 3; rounds with additions with at least 0.01 support: 0; clusters: 236599
polytomy of size 3; rounds with additions with at least 0.01 support: 0; clusters: 236599
polytomy of size 3; rounds with additions with at least 0.01 support: 0; clusters: 236599
polytomy of size 4; rounds with additions with at least 0.01 support: 0; clusters: 236599
polytomy of size 4; rounds with additions with at least 0.01 support: 0; clusters: 236599
polytomy of size 6; rounds with additions with at least 0.01 support: 0; clusters: 236599
polytomy of size 3; rounds with additions with at least 0.01 support: 0; clusters: 236599
polytomy of size 3; rounds with additions with at least 0.01 support: 0; clusters: 236599
polytomy of size 115; rounds with additions with at least 0.01 support: 0; clusters: 340441
Number of Clusters after addition by greedy: 340441
partitions formed in 5689.992 secs
Dynamic Programming starting after 5689.992 secs
Size of largest cluster: 1001
Size of largest cluster: 1001
Calculated 100000 weights; time (seconds): 5822
Calculated 200000 weights; time (seconds): 135
Calculated 300000 weights; time (seconds): 125
Calculated 400000 weights; time (seconds): 126
Calculated 500000 weights; time (seconds): 119
Calculated 600000 weights; time (seconds): 353
Calculated 700000 weights; time (seconds): 989
Calculated 800000 weights; time (seconds): 2117
Total Number of elements weighted: 902043
Normalized score (portion of input quartet trees satisfied): NaN
Final optimization score: 0
Calculated 900000 weights; time (seconds): 2623
Total Number of elements weighted: 902043
Normalized score (portion of input quartet trees satisfied): 0.5466841373156367
Final optimization score: 22732925976002
Optimal tree inferred in 12463.117 secs.
(156,((962,(883,816)),(((212,948),((134,901),(177,(741,(970,689))))),((((930,49),(421,(897,53))),(((898,(368,(682,434))),((70,910),(783,(429,142)))),((606,(861,700)),(721,((636,720),(302,(779,(580,565)))))))),((611,(((((774,166),((338,544),(238,(878,419)))),((309,378),((925,576),(973,(618,132))))),((662,841),(195,((18,(280,255)),(859,((22,626),((136,(511,331)),(862,(214,942))))))))),(((724,(561,68)),((594,(726,(870,393))),((114,971),((642,(409,112)),(354,((989,559),(938,711))))))),(701,(568,(((211,(288,(371,652))),(985,(658,(825,(438,808))))),((236,62),(818,((908,(842,906)),((490,285),(359,400))))))))))),((((811,((763,(629,279)),(215,((192,(380,837)),((36,633),((915,121),((674,677),(924,(798,(246,952)))))))))),((426,206),(((678,370),(683,((888,(225,41)),(543,(379,133))))),((719,23),((99,(832,(417,(955,180)))),((723,(923,(941,817))),((257,944),(341,174)))))))),((((819,786),(360,(318,444))),((539,((806,911),(624,(436,547)))),((790,(729,437)),((714,(934,(86,382))),(969,(237,(805,109))))))),(((245,(920,(546,((394,61),(595,(734,(26,445))))))),(((407,232),((73,(199,884)),((55,(497,(227,648))),((603,107),(313,430))))),(((296,(532,972)),(947,(660,(188,317)))),(389,(((614,(563,692)),((574,893),((59,364),(523,598)))),((209,(1000,187)),((119,560),((138,704),((491,(139,974)),(768,(753,(12,788)))))))))))),((153,((812,(850,865)),(482,((936,2),(875,(926,572)))))),((((759,839),(854,(579,((377,343),(937,273))))),(932,((945,(424,74)),((106,552),(56,(408,267)))))),((308,((32,(591,725)),((229,493),((383,292),(480,182))))),(((((673,50),(124,877)),((224,804),(((150,457),(137,34)),(205,(128,(651,(655,(912,414)))))))),((661,(203,(428,204))),(314,((28,623),((815,486),((67,890),(384,((315,263),(413,(647,98)))))))))),(((709,(905,(703,733))),((475,222),((535,161),((813,(208,688)),(517,(929,320)))))),(((131,622),(834,668)),((564,(454,(515,706))),((997,684),(51,((913,((889,599),(271,(967,687)))),(453,((608,333),(164,(922,(640,(117,328))))))))))))))))))),((((((705,797),(45,((916,(575,773)),(848,(54,226))))),((248,(562,46)),(352,(293,((950,388),(397,77)))))),(((118,258),(956,(988,31))),((477,((234,484),(526,(801,(189,30))))),((882,(979,(265,319))),(699,(217,(11,346))))))),((549,514),((((785,(391,504)),((336,395),(524,809))),(100,(((557,637),(339,569)),(571,(((691,179),(635,496)),(71,(330,(656,(418,311))))))))),((((148,(708,519)),((231,(458,19)),((885,427),(872,781)))),((307,347),((620,130),(((775,752),(163,679)),((694,300),(((613,157),(853,587)),((219,856),(455,650)))))))),((184,607),(((601,(855,542)),((671,796),(746,(399,829)))),(((991,617),(((240,282),(356,902)),(900,(289,(632,(181,33)))))),((485,(531,(144,152))),(584,(874,(((739,(799,447)),(20,(260,871))),((44,(247,998)),(951,(488,(410,(675,201)))))))))))))))),(0,(((85,(((499,(((756,57),(304,672)),(266,((463,82),(120,(243,135)))))),(857,(((415,844),(987,(105,154))),((269,405),((630,10),((5,(513,78)),(803,(822,374)))))))),((654,(873,((530,(65,802)),(469,((476,(609,167)),(47,(949,627))))))),(((479,233),((917,(751,(538,512))),((316,(411,324)),((340,(707,35)),(516,(639,(761,(833,784)))))))),((993,(((840,(551,961)),(821,(284,(261,9)))),((664,(553,(471,1))),(102,((140,868),(439,976)))))),(960,(((39,(738,500)),((423,527),(693,(992,534)))),((96,550),(616,((337,(596,828)),(686,(742,(762,402))))))))))))),((((355,(350,895)),((838,939),((358,588),(634,(249,(864,(228,755))))))),(((349,467),(612,894)),((362,((431,(275,(461,(173,876)))),(264,(995,(767,(589,(954,(593,(495,483))))))))),(541,((443,(196,(807,(676,570)))),((852,(178,696)),((919,881),((465,(169,(474,175))),((392,793),(978,(460,540))))))))))),(((387,(176,202)),((((361,276),(666,718)),(778,(643,((586,935),(845,(984,230)))))),(160,((40,(322,795)),((943,(422,198)),(737,(722,(113,(452,(667,365)))))))))),((777,(487,((125,375),(481,(126,789))))),((((536,903),(416,((242,983),(953,(975,(744,665)))))),((52,(432,218)),((367,680),((278,(241,123)),(712,(641,(259,(442,122)))))))),((151,(940,(713,814))),((223,((143,(522,581)),(290,(303,695)))),((663,(740,(3,820))),((899,657),(((468,(685,(981,462))),((748,628),(750,(403,(272,357))))),((37,(510,((470,213),(927,(702,456))))),((38,716),((451,(886,670)),(758,(909,(256,(503,867))))))))))))))))),(((604,(((332,64),(4,448)),(((968,577),(186,(58,498))),((190,(669,(610,(810,(851,869))))),((321,((769,(710,554)),(831,(385,(90,(406,545)))))),((412,(63,(420,(185,892)))),(787,((91,312),((210,501),(287,(254,(548,830)))))))))))),(((268,((508,823),(590,(592,921)))),(((80,(60,625)),((782,76),(507,615))),(298,((348,(464,((450,(306,127)),(525,(858,766))))),((977,(274,605)),(((558,277),(441,366)),((537,21),((299,(743,990)),((401,644),(731,(776,931))))))))))),(((373,(363,81)),((168,(566,147)),((478,43),((262,295),(697,(760,(111,297))))))),((492,((472,(621,108)),(((7,980),(15,(849,75))),(780,((171,327),(381,(250,585))))))),((((999,216),(291,(310,836))),((104,649),((896,27),(17,103)))),((396,((509,270),(904,(880,93)))),((6,(326,172)),((772,(747,(194,757))),(235,(221,(146,986))))))))))),((((918,159),((887,891),(863,(914,(698,(638,907)))))),((520,(404,(435,(800,567)))),((583,528),((283,(794,(97,866))),(14,((372,(433,728)),((826,727),(145,(533,(494,771)))))))))),((((957,645),(994,653)),(963,((843,(281,353)),(((835,286),(344,846)),((101,(25,(473,244))),((253,765),(((466,(735,351)),((879,24),(92,(847,69)))),((301,(342,87)),((770,(425,732)),(170,(440,(16,521)))))))))))),((((79,(792,(83,717))),(754,((193,749),((165,89),(690,(631,573)))))),((555,((115,42),((155,928),(66,(582,(72,736)))))),(((191,982),(646,((502,305),(824,(600,791))))),((294,252),(964,((827,(323,659)),(390,(959,(376,158))))))))),((110,48),(((220,13),(459,(325,(946,(162,(489,8)))))),(((996,(129,(745,(681,(860,(506,398)))))),((329,(715,251)),(578,(505,(446,(386,116)))))),(((933,(84,602)),(88,(200,(965,((335,141),(449,(966,207))))))),(((345,95),(764,(730,(197,597)))),((369,(619,(149,(29,183)))),((334,518),(239,(556,(94,(958,529))))))))))))))))))))))));
Quartet score is: 22732925976002
Normalized quartet score is: 0.5466841373156367
ASTRAL finished in 14143.213 secs
