
================== ASTRAL ===================== 

This is ASTRAL version 4.10.8
Gene trees are treated as unrooted
1000 trees read from model.200.10000000.0.000001/44/estimatedgenetre.halfresolved
All outputted trees will be *arbitrarily* rooted at 160

======== Running the main analysis
Number of taxa: 201 (201 species)
Taxa: [160, 186, 53, 10, 28, 150, 144, 39, 118, 175, 167, 84, 190, 19, 31, 0, 112, 200, 96, 25, 151, 49, 138, 109, 67, 70, 88, 199, 91, 147, 107, 79, 169, 1, 75, 111, 125, 47, 5, 82, 76, 97, 62, 131, 55, 188, 192, 157, 119, 170, 149, 189, 140, 33, 38, 83, 117, 51, 45, 87, 113, 153, 60, 27, 116, 56, 17, 16, 9, 42, 136, 135, 89, 22, 105, 18, 72, 163, 57, 93, 148, 90, 110, 141, 50, 58, 171, 32, 174, 65, 61, 183, 12, 37, 123, 23, 3, 92, 74, 185, 64, 99, 69, 146, 166, 7, 80, 34, 184, 4, 143, 137, 46, 86, 176, 14, 41, 77, 132, 194, 129, 11, 20, 66, 63, 103, 164, 182, 108, 13, 158, 181, 94, 15, 73, 24, 102, 36, 178, 121, 196, 142, 44, 43, 106, 162, 197, 133, 26, 30, 120, 179, 59, 8, 115, 165, 124, 139, 191, 68, 54, 52, 180, 78, 156, 173, 101, 159, 172, 152, 6, 2, 127, 95, 134, 98, 187, 155, 126, 145, 29, 71, 198, 114, 130, 85, 161, 177, 193, 168, 100, 104, 128, 35, 195, 81, 122, 48, 40, 21, 154]
Taxon occupancy: {35=1000, 36=1000, 33=1000, 159=1000, 34=1000, 158=1000, 39=1000, 157=1000, 156=1000, 37=1000, 155=1000, 154=1000, 38=1000, 152=1000, 153=1000, 150=1000, 151=1000, 43=1000, 42=1000, 41=1000, 40=1000, 200=1000, 22=1000, 23=1000, 169=1000, 24=1000, 25=1000, 166=1000, 26=1000, 27=1000, 165=1000, 28=1000, 168=1000, 167=1000, 29=1000, 3=1000, 161=1000, 162=1000, 2=1000, 163=1000, 1=1000, 0=1000, 164=1000, 7=1000, 30=1000, 6=1000, 32=1000, 5=1000, 31=1000, 160=1000, 4=1000, 9=1000, 8=1000, 19=1000, 17=1000, 179=1000, 18=1000, 178=1000, 15=1000, 177=1000, 16=1000, 176=1000, 13=1000, 14=1000, 11=1000, 12=1000, 21=1000, 170=1000, 171=1000, 20=1000, 174=1000, 175=1000, 172=1000, 173=1000, 188=1000, 187=1000, 189=1000, 180=1000, 10=1000, 181=1000, 182=1000, 183=1000, 184=1000, 185=1000, 186=1000, 116=1000, 117=1000, 79=1000, 78=1000, 114=1000, 77=1000, 115=1000, 112=1000, 113=1000, 110=1000, 111=1000, 118=1000, 119=1000, 82=1000, 83=1000, 80=1000, 81=1000, 86=1000, 87=1000, 84=1000, 85=1000, 67=1000, 125=1000, 66=1000, 126=1000, 69=1000, 127=1000, 128=1000, 68=1000, 121=1000, 122=1000, 123=1000, 124=1000, 129=1000, 70=1000, 120=1000, 71=1000, 72=1000, 73=1000, 74=1000, 75=1000, 76=1000, 134=1000, 135=1000, 132=1000, 133=1000, 59=1000, 58=1000, 138=1000, 57=1000, 139=1000, 136=1000, 56=1000, 55=1000, 137=1000, 64=1000, 65=1000, 62=1000, 63=1000, 60=1000, 131=1000, 61=1000, 130=1000, 49=1000, 143=1000, 48=1000, 144=1000, 145=1000, 146=1000, 45=1000, 147=1000, 148=1000, 44=1000, 149=1000, 47=1000, 46=1000, 51=1000, 52=1000, 53=1000, 54=1000, 140=1000, 142=1000, 50=1000, 141=1000, 109=1000, 108=1000, 107=1000, 106=1000, 105=1000, 104=1000, 103=1000, 99=1000, 102=1000, 101=1000, 100=1000, 98=1000, 97=1000, 96=1000, 95=1000, 94=1000, 93=1000, 92=1000, 91=1000, 90=1000, 88=1000, 89=1000, 195=1000, 194=1000, 197=1000, 196=1000, 191=1000, 190=1000, 193=1000, 192=1000, 198=1000, 199=1000}
Number of gene trees: 1000
0 trees have missing taxa
Calculating quartet distance matrix (for completion of X)
Species tree distances calculated ...
Building set of clusters (X) from gene trees 
Using tree-based weight calculation.
Number of Default Clusters: 6629
Number of quartet trees in the gene trees: 65998349802
calculating extra bipartitions to be added at level 1 ...
Number of Clusters after addition by distance: 6629
Adding to X using resolutions of greedy consensus ...
Threshold 0.0:
Threshold 0.01:
Threshold 0.02:
Threshold 0.05:
Threshold 0.1:
Threshold 0.2:
Threshold 0.3333333333333333:
polytomy of size 3; rounds with additions with at least 0.01 support: 0; clusters: 6629
polytomy of size 3; rounds with additions with at least 0.01 support: 0; clusters: 6629
polytomy of size 3; rounds with additions with at least 0.01 support: 0; clusters: 6629
polytomy of size 3; rounds with additions with at least 0.01 support: 0; clusters: 6629
polytomy of size 3; rounds with additions with at least 0.01 support: 0; clusters: 6629
polytomy of size 4; rounds with additions with at least 0.01 support: 0; clusters: 6629
polytomy of size 5; rounds with additions with at least 0.01 support: 0; clusters: 6629
polytomy of size 4; rounds with additions with at least 0.01 support: 0; clusters: 6629
Number of Clusters after addition by greedy: 6629
partitions formed in 8.246 secs
Dynamic Programming starting after 8.247 secs
Size of largest cluster: 201
Size of largest cluster: 201
Total Number of elements weighted: 18924
Normalized score (portion of input quartet trees satisfied): NaN
Final optimization score: 0
Total Number of elements weighted: 18924
Normalized score (portion of input quartet trees satisfied): 0.9788680678958773
Final optimization score: 64603677155
Optimal tree inferred in 12.962 secs.
(160,(186,((53,(10,28)),(150,((144,((19,31),((167,(84,190)),(118,(39,175))))),(195,((((52,(180,(78,156))),((173,101),(172,(159,(152,6))))),(((100,104),((177,(193,168)),(161,(128,35)))),(((95,134),((2,127),(98,(187,155)))),((71,(198,114)),(130,(85,(126,(145,29)))))))),(((68,54),((122,40),(21,(48,(81,154))))),(((139,191),(115,(165,124))),(((196,(142,(162,((44,(43,106)),((197,(59,8)),(179,(133,(26,(30,120))))))))),(121,((36,178),(((94,15),(73,(24,102))),((181,(13,158)),((66,164),((63,103),(182,108)))))))),((((65,61),(171,((32,174),(50,58)))),((183,((12,37),(123,23))),((3,(92,(74,185))),((((166,7),(80,34)),((69,146),(64,99))),(((20,(129,11)),(77,(132,194))),((4,143),(184,(46,(137,(14,(41,(86,176)))))))))))),(0,(((38,83),((117,51),((105,((18,(72,163)),(57,((93,148),(90,(110,141)))))),(((60,27),((113,153),(116,(45,87)))),((89,22),((56,17),(16,((136,135),(9,42))))))))),((112,(200,96)),((((170,(157,119)),(55,(188,192))),((169,(1,75)),((82,(76,97)),(111,(125,(47,5)))))),((149,(140,(189,33))),((62,131),((107,79),((49,(138,109)),((25,151),(67,((70,88),(199,(91,147))))))))))))))))))))))));
Quartet score is: 64603677155
Normalized quartet score is: 0.9788680678958773
ASTRAL finished in 22.745 secs
