
================== ASTRAL ===================== 

This is ASTRAL version 4.10.10
Gene trees are treated as unrooted
1000 trees read from ASTRALDATA/model.100.2000000.0.000001/07/estimatedgenetre.halfresolved
All output trees will be *arbitrarily* rooted at 58

======== Running the main analysis
Number of taxa: 101 (101 species)
Taxa: [58, 13, 4, 11, 53, 5, 30, 27, 32, 41, 60, 34, 74, 17, 99, 61, 36, 49, 25, 20, 83, 84, 48, 95, 86, 94, 40, 19, 26, 10, 15, 16, 18, 42, 35, 89, 46, 77, 45, 54, 8, 55, 1, 3, 93, 68, 50, 7, 80, 12, 38, 6, 56, 63, 43, 44, 24, 65, 96, 37, 64, 97, 76, 59, 69, 9, 81, 57, 39, 98, 2, 31, 92, 71, 33, 72, 14, 62, 82, 91, 79, 70, 90, 100, 52, 0, 85, 78, 22, 67, 88, 75, 47, 21, 87, 23, 28, 51, 66, 29, 73]
Taxon occupancy: {79=1000, 78=1000, 77=1000, 35=1000, 36=1000, 33=1000, 34=1000, 39=1000, 37=1000, 38=1000, 43=1000, 42=1000, 41=1000, 40=1000, 82=1000, 83=1000, 80=1000, 81=1000, 86=1000, 87=1000, 84=1000, 85=1000, 67=1000, 66=1000, 69=1000, 68=1000, 22=1000, 23=1000, 24=1000, 25=1000, 26=1000, 27=1000, 28=1000, 29=1000, 3=1000, 2=1000, 1=1000, 0=1000, 30=1000, 7=1000, 6=1000, 5=1000, 32=1000, 31=1000, 4=1000, 70=1000, 71=1000, 9=1000, 72=1000, 8=1000, 73=1000, 74=1000, 75=1000, 76=1000, 59=1000, 58=1000, 57=1000, 56=1000, 19=1000, 55=1000, 17=1000, 18=1000, 15=1000, 16=1000, 13=1000, 14=1000, 11=1000, 12=1000, 21=1000, 20=1000, 64=1000, 65=1000, 62=1000, 63=1000, 99=1000, 60=1000, 61=1000, 100=1000, 98=1000, 49=1000, 97=1000, 48=1000, 96=1000, 95=1000, 94=1000, 45=1000, 44=1000, 93=1000, 47=1000, 92=1000, 91=1000, 46=1000, 90=1000, 10=1000, 51=1000, 52=1000, 53=1000, 54=1000, 88=1000, 89=1000, 50=1000}
Number of gene trees: 1000
0 trees have missing taxa
Calculating quartet distance matrix (for completion of X)
Species tree distances calculated ...
Building set of clusters (X) from gene trees 
Using tree-based weight calculation.
Number of Default Clusters: 14131
Number of quartet trees in the gene trees: 4082925000
calculating extra bipartitions to be added at level 1 ...
Number of Clusters after addition by distance: 14131
Adding to X using resolutions of greedy consensus ...
Threshold 0.0:
Threshold 0.01:
Threshold 0.02:
Threshold 0.05:
Threshold 0.1:
Threshold 0.2:
polytomy of size 4; rounds with additions with at least 0.01 support: 0; clusters: 14131
polytomy of size 3; rounds with additions with at least 0.01 support: 0; clusters: 14131
polytomy of size 3; rounds with additions with at least 0.01 support: 0; clusters: 14131
Threshold 0.3333333333333333:
polytomy of size 3; rounds with additions with at least 0.01 support: 0; clusters: 14131
polytomy of size 5; rounds with additions with at least 0.01 support: 0; clusters: 14131
polytomy of size 3; rounds with additions with at least 0.01 support: 0; clusters: 14131
polytomy of size 4; rounds with additions with at least 0.01 support: 0; clusters: 14131
polytomy of size 4; rounds with additions with at least 0.01 support: 0; clusters: 14131
polytomy of size 3; rounds with additions with at least 0.01 support: 0; clusters: 14131
polytomy of size 4; rounds with additions with at least 0.01 support: 0; clusters: 14131
polytomy of size 4; rounds with additions with at least 0.01 support: 0; clusters: 14131
polytomy of size 4; rounds with additions with at least 0.01 support: 0; clusters: 14131
polytomy of size 4; rounds with additions with at least 0.01 support: 0; clusters: 14131
polytomy of size 3; rounds with additions with at least 0.01 support: 0; clusters: 14131
Number of Clusters after addition by greedy: 14131
partitions formed in 5.979 secs
Dynamic Programming starting after 5.979 secs
Size of largest cluster: 101
Total Number of elements weighted: 75617
Normalized score (portion of input quartet trees satisfied): 0.8562044504858649
Final optimization score: 3495818556
Optimal tree inferred in 238.107 secs.
(87,((47,21),(((85,78),((88,75),(22,67))),(23,((((79,70),(90,(100,52))),((33,72),((82,91),(62,(71,14))))),(((97,(76,(59,69))),(64,((9,(98,2)),((31,92),(81,(57,39)))))),((0,(66,((29,73),(28,51)))),(((10,15),(((63,43),(16,56)),(18,((7,(80,(12,(38,6)))),((93,(68,50)),(((46,1),(55,3)),((89,8),((77,54),(35,(42,45)))))))))),((40,(19,26)),(((65,(96,37)),((17,99),(44,(74,24)))),((86,94),((32,(27,(41,60))),((84,(83,(48,95))),((58,(13,4)),((53,(5,30)),(34,(11,((36,20),(25,(61,49))))))))))))))))))));
Quartet score is: 3495818556
Normalized quartet score is: 0.8562044504858649
ASTRAL finished in 240.536 secs
