
================== ASTRAL ===================== 

This is ASTRAL version 4.10.10
Gene trees are treated as unrooted
999 trees read from ASTRALDATA/model.200.10000000.0.0000001/48/estimatedgenetre.halfresolved
All output trees will be *arbitrarily* rooted at 115

======== Running the main analysis
Number of taxa: 201 (201 species)
Taxa: [115, 68, 47, 111, 59, 102, 129, 161, 108, 191, 152, 176, 74, 82, 18, 72, 11, 87, 99, 67, 1, 96, 84, 19, 168, 136, 120, 25, 95, 132, 117, 125, 37, 157, 57, 22, 149, 189, 114, 147, 146, 5, 118, 167, 144, 21, 159, 51, 86, 151, 35, 113, 44, 38, 17, 94, 71, 128, 160, 180, 158, 142, 60, 75, 20, 41, 101, 98, 110, 9, 66, 100, 188, 26, 62, 27, 177, 148, 121, 155, 195, 127, 28, 104, 141, 76, 197, 198, 52, 171, 116, 156, 112, 122, 123, 36, 14, 31, 32, 33, 150, 65, 81, 56, 124, 10, 15, 63, 50, 7, 181, 172, 184, 79, 178, 169, 91, 78, 133, 4, 70, 12, 46, 69, 196, 166, 64, 185, 139, 103, 49, 80, 34, 40, 174, 183, 135, 58, 190, 85, 0, 54, 194, 140, 130, 153, 8, 24, 23, 192, 182, 143, 186, 88, 162, 61, 73, 145, 16, 107, 92, 154, 163, 90, 29, 165, 199, 45, 39, 55, 164, 137, 93, 48, 97, 109, 30, 134, 200, 126, 138, 131, 119, 53, 175, 179, 89, 13, 6, 105, 170, 3, 2, 193, 42, 83, 187, 106, 43, 77, 173]
Taxon occupancy: {35=999, 36=999, 159=999, 33=999, 158=999, 34=999, 157=999, 39=999, 156=999, 155=999, 37=999, 38=999, 154=999, 152=999, 153=999, 150=999, 151=999, 43=999, 42=999, 41=999, 40=999, 200=999, 22=999, 169=999, 23=999, 24=999, 25=999, 26=999, 166=999, 27=999, 165=999, 28=999, 168=999, 167=999, 29=999, 161=999, 3=999, 2=999, 162=999, 1=999, 163=999, 0=999, 164=999, 7=999, 30=999, 6=999, 5=999, 32=999, 160=999, 31=999, 4=999, 9=999, 8=999, 19=999, 17=999, 179=999, 18=999, 178=999, 177=999, 15=999, 176=999, 16=999, 13=999, 14=999, 11=999, 12=999, 21=999, 170=999, 171=999, 20=999, 174=999, 175=999, 172=999, 173=999, 188=999, 187=999, 189=999, 180=999, 10=999, 181=999, 182=999, 183=999, 184=999, 185=999, 186=999, 116=999, 117=999, 79=999, 114=999, 78=999, 77=999, 115=999, 112=999, 113=999, 110=999, 111=999, 118=999, 119=999, 82=999, 83=999, 80=999, 81=999, 86=999, 87=999, 84=999, 85=999, 67=999, 125=999, 66=999, 126=999, 127=999, 69=999, 128=999, 68=999, 121=999, 122=999, 123=999, 124=999, 129=999, 70=999, 71=999, 120=999, 72=999, 73=999, 74=999, 75=999, 76=999, 134=999, 135=999, 132=999, 59=999, 133=999, 58=999, 138=999, 57=999, 139=999, 136=999, 56=999, 55=999, 137=999, 64=999, 65=999, 62=999, 63=999, 60=999, 131=999, 130=999, 61=999, 49=999, 143=999, 144=999, 48=999, 145=999, 146=999, 147=999, 45=999, 148=999, 44=999, 47=999, 149=999, 46=999, 51=999, 52=999, 53=999, 54=999, 140=999, 142=999, 141=999, 50=999, 109=999, 108=999, 107=999, 106=999, 105=999, 104=999, 103=999, 99=999, 102=999, 101=999, 100=999, 98=999, 97=999, 96=999, 95=999, 94=999, 93=999, 92=999, 91=999, 90=999, 88=999, 89=999, 195=999, 194=999, 197=999, 196=999, 191=999, 190=999, 193=999, 192=999, 198=999, 199=999}
Number of gene trees: 999
0 trees have missing taxa
Calculating quartet distance matrix (for completion of X)
Species tree distances calculated ...
Building set of clusters (X) from gene trees 
Using tree-based weight calculation.
Number of Default Clusters: 12433
Number of quartet trees in the gene trees: 65932321713
calculating extra bipartitions to be added at level 1 ...
Number of Clusters after addition by distance: 12433
Adding to X using resolutions of greedy consensus ...
Threshold 0.0:
Threshold 0.01:
Threshold 0.02:
Threshold 0.05:
Threshold 0.1:
Threshold 0.2:
polytomy of size 3; rounds with additions with at least 0.01 support: 0; clusters: 12433
polytomy of size 4; rounds with additions with at least 0.01 support: 0; clusters: 12433
polytomy of size 3; rounds with additions with at least 0.01 support: 0; clusters: 12433
polytomy of size 3; rounds with additions with at least 0.01 support: 0; clusters: 12433
Threshold 0.3333333333333333:
polytomy of size 4; rounds with additions with at least 0.01 support: 0; clusters: 12433
polytomy of size 5; rounds with additions with at least 0.01 support: 0; clusters: 12433
polytomy of size 4; rounds with additions with at least 0.01 support: 0; clusters: 12433
polytomy of size 3; rounds with additions with at least 0.01 support: 0; clusters: 12433
polytomy of size 8; rounds with additions with at least 0.01 support: 0; clusters: 12439
polytomy of size 4; rounds with additions with at least 0.01 support: 0; clusters: 12439
polytomy of size 3; rounds with additions with at least 0.01 support: 0; clusters: 12439
polytomy of size 3; rounds with additions with at least 0.01 support: 0; clusters: 12439
Number of Clusters after addition by greedy: 12439
partitions formed in 11.144 secs
Dynamic Programming starting after 11.144 secs
Size of largest cluster: 201
Total Number of elements weighted: 40252
Normalized score (portion of input quartet trees satisfied): 0.8710802151636646
Final optimization score: 57432340984
Optimal tree inferred in 249.514 secs.
(123,(36,(122,((156,112),((14,(31,(32,(33,150)))),((56,(65,81)),((124,10),((197,(198,(52,(171,116)))),((69,((196,166),(64,(185,(139,(103,49)))))),(((((169,91),(78,(133,(4,70)))),(178,(79,((172,184),(15,((63,50),(7,181))))))),((93,(48,97)),(((109,30),(53,((138,(131,119)),(134,(200,126))))),((89,(13,6)),((175,179),(105,((42,(193,(3,2))),(170,((77,173),(43,(83,(187,106)))))))))))),(0,((((85,(12,46)),((135,58),(190,(183,(80,(34,(40,174))))))),(((54,(194,(140,130))),((163,90),(107,(92,154)))),((((199,45),(29,165)),(137,(164,(39,55)))),((153,((8,24),(23,(192,(182,143))))),((73,(145,16)),((162,61),(186,88))))))),(((25,(((132,(95,157)),(117,(125,37))),((57,22),(118,(149,((146,5),(189,(114,147)))))))),(((136,120),(1,(96,(168,(84,19))))),(((115,(68,(47,111))),(59,(102,(108,(129,161))))),(191,((87,(99,67)),((11,(18,72)),(82,(152,(176,74))))))))),((148,((121,155),((27,177),(62,((9,66),(100,(188,26))))))),(((141,76),((127,28),(195,104))),(((51,86),((144,21),(167,159))),((17,94),(((71,128),(160,((180,158),(142,60)))),(((151,35),(38,(113,44))),(75,((98,110),(101,(20,41)))))))))))))))))))))));
Quartet score is: 57432340984
Normalized quartet score is: 0.8710802151636646
ASTRAL finished in 257.841 secs
