
================== ASTRAL ===================== 

This is ASTRAL version 4.10.10
Gene trees are treated as unrooted
893 trees read from ASTRALDATA/model.200.500000.0.0000001/20/estimatedgenetre.halfresolved
All output trees will be *arbitrarily* rooted at 128

======== Running the main analysis
Number of taxa: 201 (201 species)
Taxa: [128, 106, 20, 95, 61, 32, 169, 34, 80, 182, 124, 76, 75, 174, 83, 129, 97, 73, 87, 180, 140, 37, 157, 92, 93, 19, 13, 119, 118, 57, 18, 29, 8, 159, 175, 120, 110, 14, 60, 198, 181, 78, 4, 79, 164, 3, 111, 112, 6, 103, 28, 15, 178, 150, 160, 62, 24, 59, 176, 148, 105, 192, 108, 30, 33, 188, 199, 155, 68, 43, 85, 114, 100, 136, 26, 1, 145, 2, 156, 138, 104, 99, 149, 122, 42, 165, 170, 5, 189, 191, 90, 123, 98, 130, 166, 49, 47, 132, 31, 183, 190, 163, 107, 142, 72, 131, 82, 50, 27, 9, 11, 141, 197, 54, 168, 144, 127, 0, 10, 35, 139, 172, 162, 196, 151, 45, 91, 65, 69, 51, 12, 39, 17, 89, 143, 154, 117, 25, 77, 55, 53, 153, 173, 56, 16, 126, 71, 177, 38, 7, 86, 84, 194, 185, 44, 134, 94, 167, 88, 133, 66, 195, 23, 184, 96, 147, 46, 152, 81, 161, 102, 135, 64, 179, 70, 21, 58, 74, 186, 187, 200, 113, 22, 171, 52, 158, 125, 146, 36, 115, 101, 121, 41, 116, 63, 48, 67, 193, 109, 137, 40]
Taxon occupancy: {35=893, 36=893, 33=893, 159=893, 34=893, 158=893, 157=893, 39=893, 156=893, 155=893, 37=893, 154=893, 38=893, 152=893, 153=893, 150=893, 151=893, 43=893, 42=893, 41=893, 40=893, 200=893, 22=893, 169=893, 23=893, 24=893, 25=893, 166=893, 26=893, 165=893, 27=893, 28=893, 168=893, 29=893, 167=893, 3=893, 161=893, 2=893, 162=893, 1=893, 163=893, 164=893, 0=893, 30=893, 7=893, 6=893, 5=893, 32=893, 160=893, 4=893, 31=893, 9=893, 8=893, 19=893, 17=893, 179=893, 178=893, 18=893, 15=893, 177=893, 176=893, 16=893, 13=893, 14=893, 11=893, 12=893, 170=893, 21=893, 20=893, 171=893, 174=893, 175=893, 172=893, 173=893, 188=893, 187=893, 189=893, 180=893, 181=893, 10=893, 182=893, 183=893, 184=893, 185=893, 186=893, 116=893, 79=893, 117=893, 114=893, 78=893, 77=893, 115=893, 112=893, 113=893, 110=893, 111=893, 118=893, 119=893, 82=893, 83=893, 80=893, 81=893, 86=893, 87=893, 84=893, 85=893, 67=893, 125=893, 126=893, 66=893, 127=893, 69=893, 68=893, 128=893, 121=893, 122=893, 123=893, 124=893, 129=893, 70=893, 120=893, 71=893, 72=893, 73=893, 74=893, 75=893, 76=893, 134=893, 135=893, 132=893, 59=893, 133=893, 138=893, 58=893, 57=893, 139=893, 136=893, 56=893, 137=893, 55=893, 64=893, 65=893, 62=893, 63=893, 60=893, 131=893, 130=893, 61=893, 49=893, 143=893, 48=893, 144=893, 145=893, 146=893, 45=893, 147=893, 148=893, 44=893, 149=893, 47=893, 46=893, 51=893, 52=893, 53=893, 54=893, 140=893, 142=893, 50=893, 141=893, 109=893, 108=893, 107=893, 106=893, 105=893, 104=893, 103=893, 99=893, 102=893, 101=893, 100=893, 98=893, 97=893, 96=893, 95=893, 94=893, 93=893, 92=893, 91=893, 90=893, 88=893, 89=893, 195=893, 194=893, 197=893, 196=893, 191=893, 190=893, 193=893, 192=893, 198=893, 199=893}
Number of gene trees: 893
0 trees have missing taxa
Calculating quartet distance matrix (for completion of X)
Species tree distances calculated ...
Building set of clusters (X) from gene trees 
Using tree-based weight calculation.
Number of Default Clusters: 219905
Number of quartet trees in the gene trees: 57780670635
calculating extra bipartitions to be added at level 1 ...
Number of Clusters after addition by distance: 219959
Adding to X using resolutions of greedy consensus ...
Threshold 0.0:
polytomy of size 3; rounds with additions with at least 0.01 support: 0; clusters: 219965
polytomy of size 24; rounds with additions with at least 0.01 support: 39; clusters: 232821
Threshold 0.01:
polytomy of size 45; rounds with additions with at least 0.01 support: 32; clusters: 271861
Threshold 0.02:
polytomy of size 3; rounds with additions with at least 0.01 support: 0; clusters: 271861
polytomy of size 55; rounds with additions with at least 0.01 support: 19; clusters: 325997
Threshold 0.05:
polytomy of size 3; rounds with additions with at least 0.01 support: 0; clusters: 325997
polytomy of size 76; rounds with additions with at least 0.01 support: 5; clusters: 327247
Threshold 0.1:
polytomy of size 3; rounds with additions with at least 0.01 support: 0; clusters: 327247
polytomy of size 5; rounds with additions with at least 0.01 support: 0; clusters: 327247
Threshold 0.2:
polytomy of size 3; rounds with additions with at least 0.01 support: 0; clusters: 327247
polytomy of size 3; rounds with additions with at least 0.01 support: 0; clusters: 327247
Threshold 0.3333333333333333:
polytomy of size 3; rounds with additions with at least 0.01 support: 0; clusters: 327247
polytomy of size 3; rounds with additions with at least 0.01 support: 0; clusters: 327247
Number of Clusters after addition by greedy: 327247
partitions formed in 193.381 secs
Dynamic Programming starting after 193.381 secs
Size of largest cluster: 201
Calculated 100000 weights; time (seconds): 785
Calculated 200000 weights; time (seconds): 844
Calculated 300000 weights; time (seconds): 845
Calculated 400000 weights; time (seconds): 724
Total Number of elements weighted: 441876
Normalized score (portion of input quartet trees satisfied): 0.39002327060823666
Final optimization score: 22535806139
Optimal tree inferred in 3488.03 secs.
(166,(92,((132,173),((25,113),(12,(((39,(34,56)),(((93,(55,53)),(77,(134,40))),(((88,158),(167,(125,146))),((45,(91,65)),(80,(153,(196,151))))))),(((19,(47,186)),((82,(72,131)),(36,((41,116),(32,169))))),(((185,(71,(38,(128,177)))),(((154,117),(48,67)),(97,(95,(61,(50,143)))))),((((18,187),((46,(102,(152,58))),((179,70),(74,(133,66))))),(((180,(17,89)),((31,(141,200)),(22,(94,(68,44))))),((198,(100,156)),(((79,(30,33)),(188,(59,((24,(199,130)),(104,(15,178)))))),((106,160),((7,(121,(101,137))),((172,(163,(190,142))),((11,69),(107,(183,51)))))))))),(((140,((63,(20,16)),(126,(73,87)))),(((161,(54,(197,168))),((157,64),(37,135))),(21,((99,(127,195)),(((27,9),(26,49)),((194,96),((184,147),(23,(139,((144,81),(10,35))))))))))),((115,(193,109)),(((120,(181,(110,14))),((29,(145,(8,159))),((192,((13,108),(119,57))),((62,((176,148),(191,(90,98)))),((118,123),((171,52),(105,((138,122),(170,(42,(149,165))))))))))),(0,(((129,(162,(86,84))),((1,(78,4)),(2,(60,(85,114))))),(((150,136),((182,(174,83)),(76,(124,(75,164))))),(3,((175,155),((6,(28,43)),((111,103),(189,(112,5)))))))))))))))))))));
Quartet score is: 22535806139
Normalized quartet score is: 0.39002327060823666
ASTRAL finished in 3562.47 secs
