
================== ASTRAL ===================== 

This is ASTRAL version 4.10.8
Gene trees are treated as unrooted
993 trees read from model.200.10000000.0.000001/25/estimatedgenetre.halfresolved
All outputted trees will be *arbitrarily* rooted at 158

======== Running the main analysis
Number of taxa: 201 (201 species)
Taxa: [158, 56, 166, 103, 162, 68, 174, 89, 5, 79, 73, 101, 41, 25, 17, 109, 146, 39, 24, 129, 137, 13, 138, 135, 83, 177, 47, 154, 189, 151, 133, 161, 112, 80, 184, 118, 77, 113, 40, 194, 91, 195, 173, 69, 97, 178, 96, 127, 185, 64, 48, 35, 200, 156, 130, 183, 14, 86, 9, 100, 198, 134, 132, 18, 160, 95, 117, 52, 62, 32, 179, 110, 199, 165, 114, 191, 108, 88, 93, 55, 8, 0, 98, 180, 148, 34, 33, 45, 196, 187, 90, 126, 122, 143, 149, 27, 66, 175, 87, 169, 1, 30, 107, 128, 46, 20, 168, 3, 12, 193, 22, 104, 23, 147, 54, 75, 163, 155, 53, 43, 7, 50, 192, 36, 58, 120, 197, 11, 60, 37, 159, 150, 119, 31, 136, 152, 44, 181, 153, 70, 142, 61, 106, 144, 92, 172, 94, 49, 121, 99, 115, 67, 10, 176, 170, 42, 171, 167, 6, 190, 131, 21, 4, 124, 182, 38, 145, 78, 140, 157, 111, 125, 84, 57, 105, 2, 76, 123, 186, 116, 16, 15, 65, 74, 164, 188, 139, 102, 141, 28, 59, 81, 72, 85, 26, 71, 51, 19, 63, 29, 82]
Taxon occupancy: {35=993, 36=993, 33=993, 159=993, 34=993, 158=993, 39=993, 157=993, 156=993, 155=993, 37=993, 154=993, 38=993, 152=993, 153=993, 150=993, 151=993, 43=993, 42=993, 41=993, 40=993, 200=993, 22=993, 169=993, 23=993, 24=993, 25=993, 26=993, 166=993, 27=993, 165=993, 168=993, 28=993, 29=993, 167=993, 161=993, 3=993, 162=993, 2=993, 1=993, 163=993, 0=993, 164=993, 30=993, 7=993, 6=993, 32=993, 5=993, 160=993, 31=993, 4=993, 9=993, 8=993, 19=993, 179=993, 17=993, 18=993, 178=993, 177=993, 15=993, 176=993, 16=993, 13=993, 14=993, 11=993, 12=993, 170=993, 21=993, 20=993, 171=993, 174=993, 175=993, 172=993, 173=993, 188=993, 187=993, 189=993, 180=993, 181=993, 10=993, 182=993, 183=993, 184=993, 185=993, 186=993, 116=993, 117=993, 79=993, 114=993, 78=993, 77=993, 115=993, 112=993, 113=993, 110=993, 111=993, 118=993, 119=993, 82=993, 83=993, 80=993, 81=993, 86=993, 87=993, 84=993, 85=993, 67=993, 125=993, 126=993, 66=993, 69=993, 127=993, 68=993, 128=993, 121=993, 122=993, 123=993, 124=993, 129=993, 70=993, 71=993, 120=993, 72=993, 73=993, 74=993, 75=993, 76=993, 134=993, 135=993, 132=993, 133=993, 59=993, 138=993, 58=993, 57=993, 139=993, 56=993, 136=993, 55=993, 137=993, 64=993, 65=993, 62=993, 63=993, 60=993, 131=993, 130=993, 61=993, 143=993, 49=993, 48=993, 144=993, 145=993, 146=993, 45=993, 147=993, 148=993, 44=993, 149=993, 47=993, 46=993, 51=993, 52=993, 53=993, 54=993, 140=993, 142=993, 50=993, 141=993, 109=993, 108=993, 107=993, 106=993, 105=993, 104=993, 103=993, 99=993, 102=993, 101=993, 100=993, 98=993, 97=993, 96=993, 95=993, 94=993, 93=993, 92=993, 91=993, 90=993, 88=993, 89=993, 195=993, 194=993, 197=993, 196=993, 191=993, 190=993, 193=993, 192=993, 198=993, 199=993}
Number of gene trees: 993
0 trees have missing taxa
Calculating quartet distance matrix (for completion of X)
Species tree distances calculated ...
Building set of clusters (X) from gene trees 
Using tree-based weight calculation.
Number of Default Clusters: 7333
Number of quartet trees in the gene trees: 65535594951
calculating extra bipartitions to be added at level 1 ...
Number of Clusters after addition by distance: 7333
Adding to X using resolutions of greedy consensus ...
Threshold 0.0:
Threshold 0.01:
Threshold 0.02:
Threshold 0.05:
Threshold 0.1:
Threshold 0.2:
polytomy of size 3; rounds with additions with at least 0.01 support: 0; clusters: 7333
polytomy of size 4; rounds with additions with at least 0.01 support: 0; clusters: 7333
Threshold 0.3333333333333333:
polytomy of size 4; rounds with additions with at least 0.01 support: 0; clusters: 7333
polytomy of size 3; rounds with additions with at least 0.01 support: 0; clusters: 7333
polytomy of size 3; rounds with additions with at least 0.01 support: 0; clusters: 7333
polytomy of size 3; rounds with additions with at least 0.01 support: 0; clusters: 7333
polytomy of size 3; rounds with additions with at least 0.01 support: 0; clusters: 7333
polytomy of size 5; rounds with additions with at least 0.01 support: 0; clusters: 7333
polytomy of size 3; rounds with additions with at least 0.01 support: 0; clusters: 7333
polytomy of size 3; rounds with additions with at least 0.01 support: 0; clusters: 7333
polytomy of size 3; rounds with additions with at least 0.01 support: 0; clusters: 7333
Number of Clusters after addition by greedy: 7333
partitions formed in 8.951 secs
Dynamic Programming starting after 8.951 secs
Size of largest cluster: 201
Size of largest cluster: 201
Total Number of elements weighted: 19723
Normalized score (portion of input quartet trees satisfied): NaN
Final optimization score: 0
Total Number of elements weighted: 19723
Normalized score (portion of input quartet trees satisfied): 0.9711982798445442
Final optimization score: 63648057085
Optimal tree inferred in 13.78 secs.
(158,((56,166),(102,(((65,74),(164,(188,139))),(((16,15),(116,(123,186))),(((2,76),((157,(140,111)),(105,(84,(125,57))))),(((81,(72,85)),((141,(28,59)),((26,71),(29,(51,(19,(63,82))))))),((((146,39),(24,((137,138),(129,13)))),((162,(103,(68,(174,89)))),((25,(17,109)),((73,101),(41,(5,79)))))),((((185,((64,48),(35,(156,(200,130))))),(((86,(183,14)),((100,134),(9,198))),(132,((18,(160,95)),(117,(110,(179,(52,(62,32))))))))),((177,((135,83),(154,(47,189)))),(((69,(194,91)),(195,(173,(77,(113,40))))),(151,((178,(127,(97,96))),(133,(161,((184,118),(112,80))))))))),(((199,165),((55,8),((88,93),(114,(191,108))))),(0,((148,((98,180),(34,(33,45)))),(((106,((94,(49,121)),(144,(92,172)))),((99,((42,171),((176,170),(10,(115,67))))),((167,(6,190)),(131,((38,(145,78)),((21,4),(124,182))))))),((((155,53),((43,7),((50,192),(120,(36,58))))),(163,(75,((168,3),(12,((193,22),(54,(104,(23,147))))))))),(((197,((11,60),(37,159))),(((31,136),(150,119)),((142,61),((152,44),(181,(153,70)))))),(((169,1),((30,107),(128,(46,20)))),((196,(187,90)),((126,122),(143,((149,66),(175,(27,87))))))))))))))))))))));
Quartet score is: 63648057085
Normalized quartet score is: 0.9711982798445442
ASTRAL finished in 23.759 secs
