
================== ASTRAL ===================== 

This is ASTRAL version 4.10.8
Gene trees are treated as unrooted
995 trees read from model.100.2000000.0.000001/24/estimatedgenetre.halfresolved
All outputted trees will be *arbitrarily* rooted at 82

======== Running the main analysis
Number of taxa: 101 (101 species)
Taxa: [82, 75, 15, 77, 21, 74, 4, 32, 97, 11, 90, 51, 23, 20, 52, 94, 9, 3, 67, 48, 61, 12, 13, 83, 85, 8, 66, 55, 68, 63, 95, 39, 7, 64, 35, 73, 36, 30, 2, 59, 96, 47, 6, 70, 89, 24, 41, 43, 99, 93, 80, 62, 78, 19, 0, 25, 27, 86, 50, 49, 81, 60, 22, 79, 44, 72, 56, 26, 37, 42, 69, 84, 100, 92, 16, 57, 65, 17, 40, 28, 98, 46, 1, 76, 10, 58, 53, 91, 14, 18, 54, 33, 88, 5, 29, 45, 31, 34, 71, 87, 38]
Taxon occupancy: {35=995, 36=995, 33=995, 34=995, 39=995, 37=995, 38=995, 43=995, 42=995, 41=995, 40=995, 22=995, 23=995, 24=995, 25=995, 26=995, 27=995, 28=995, 29=995, 3=995, 2=995, 1=995, 0=995, 30=995, 7=995, 6=995, 32=995, 5=995, 31=995, 4=995, 9=995, 8=995, 19=995, 17=995, 18=995, 15=995, 16=995, 13=995, 14=995, 11=995, 12=995, 21=995, 20=995, 99=995, 100=995, 98=995, 97=995, 96=995, 95=995, 94=995, 93=995, 92=995, 91=995, 90=995, 10=995, 88=995, 89=995, 79=995, 78=995, 77=995, 82=995, 83=995, 80=995, 81=995, 86=995, 87=995, 84=995, 85=995, 67=995, 66=995, 69=995, 68=995, 70=995, 71=995, 72=995, 73=995, 74=995, 75=995, 76=995, 59=995, 58=995, 57=995, 56=995, 55=995, 64=995, 65=995, 62=995, 63=995, 60=995, 61=995, 49=995, 48=995, 45=995, 44=995, 47=995, 46=995, 51=995, 52=995, 53=995, 54=995, 50=995}
Number of gene trees: 995
0 trees have missing taxa
Calculating quartet distance matrix (for completion of X)
Species tree distances calculated ...
Building set of clusters (X) from gene trees 
Using tree-based weight calculation.
Number of Default Clusters: 41827
Number of quartet trees in the gene trees: 4057889072
calculating extra bipartitions to be added at level 1 ...
Number of Clusters after addition by distance: 41827
Adding to X using resolutions of greedy consensus ...
Threshold 0.0:
Threshold 0.01:
Threshold 0.02:
polytomy of size 3; rounds with additions with at least 0.01 support: 0; clusters: 41827
Threshold 0.05:
polytomy of size 3; rounds with additions with at least 0.01 support: 0; clusters: 41827
polytomy of size 4; rounds with additions with at least 0.01 support: 0; clusters: 41827
Threshold 0.1:
polytomy of size 7; rounds with additions with at least 0.01 support: 0; clusters: 41827
polytomy of size 5; rounds with additions with at least 0.01 support: 0; clusters: 41827
polytomy of size 4; rounds with additions with at least 0.01 support: 0; clusters: 41827
polytomy of size 4; rounds with additions with at least 0.01 support: 0; clusters: 41827
Threshold 0.2:
polytomy of size 3; rounds with additions with at least 0.01 support: 0; clusters: 41827
polytomy of size 3; rounds with additions with at least 0.01 support: 0; clusters: 41827
polytomy of size 7; rounds with additions with at least 0.01 support: 0; clusters: 41827
polytomy of size 12; rounds with additions with at least 0.01 support: 0; clusters: 41827
polytomy of size 5; rounds with additions with at least 0.01 support: 0; clusters: 41827
Threshold 0.3333333333333333:
polytomy of size 3; rounds with additions with at least 0.01 support: 0; clusters: 41827
polytomy of size 3; rounds with additions with at least 0.01 support: 0; clusters: 41827
polytomy of size 3; rounds with additions with at least 0.01 support: 0; clusters: 41827
polytomy of size 3; rounds with additions with at least 0.01 support: 0; clusters: 41827
polytomy of size 3; rounds with additions with at least 0.01 support: 0; clusters: 41827
polytomy of size 3; rounds with additions with at least 0.01 support: 0; clusters: 41827
polytomy of size 5; rounds with additions with at least 0.01 support: 0; clusters: 41827
polytomy of size 3; rounds with additions with at least 0.01 support: 0; clusters: 41827
polytomy of size 3; rounds with additions with at least 0.01 support: 0; clusters: 41827
polytomy of size 3; rounds with additions with at least 0.01 support: 0; clusters: 41827
polytomy of size 4; rounds with additions with at least 0.01 support: 0; clusters: 41827
polytomy of size 3; rounds with additions with at least 0.01 support: 0; clusters: 41827
polytomy of size 8; rounds with additions with at least 0.01 support: 0; clusters: 41837
polytomy of size 23; rounds with additions with at least 0.01 support: 0; clusters: 42315
Number of Clusters after addition by greedy: 42315
partitions formed in 11.919 secs
Dynamic Programming starting after 11.919 secs
Size of largest cluster: 101
Size of largest cluster: 101
Total Number of elements weighted: 181279
Normalized score (portion of input quartet trees satisfied): NaN
Final optimization score: 0
Calculated 100000 weights; time (seconds): 22
Total Number of elements weighted: 181279
Normalized score (portion of input quartet trees satisfied): 0.707669407923135
Final optimization score: 2871643957
Optimal tree inferred in 33.666 secs.
(82,((75,15),((1,76),(((77,21),(27,(64,25))),(((65,17),(98,(40,28))),((((44,56),(72,26)),((79,57),((37,42),((69,84),(16,(100,92)))))),(((31,((87,38),(71,(29,(45,34))))),(0,((3,(52,(94,9))),(((32,(4,(23,20))),(74,(97,(11,(90,51))))),((8,(66,(48,61))),(67,((13,85),(83,(12,55))))))))),((78,((99,93),(80,62))),(14,(((68,(63,(95,39))),(19,(91,(58,53)))),(((86,50),((46,10),(7,((49,81),(60,22))))),(((18,88),(5,(54,33))),(41,((73,(35,36)),((30,43),((6,70),(24,(59,((47,89),(2,96))))))))))))))))))));
Quartet score is: 2871643957
Normalized quartet score is: 0.707669407923135
ASTRAL finished in 36.971 secs
