
================== ASTRAL ===================== 

This is ASTRAL version 4.10.10
Gene trees are treated as unrooted
735 trees read from ASTRALDATA/model.200.500000.0.000001/42/estimatedgenetre.halfresolved
All output trees will be *arbitrarily* rooted at 18

======== Running the main analysis
Number of taxa: 201 (201 species)
Taxa: [18, 85, 185, 96, 5, 45, 190, 6, 199, 147, 90, 131, 33, 38, 16, 172, 148, 117, 87, 56, 71, 136, 160, 196, 144, 156, 24, 192, 162, 77, 46, 98, 113, 138, 168, 123, 3, 135, 72, 193, 55, 31, 112, 19, 125, 124, 155, 177, 69, 26, 191, 47, 110, 151, 109, 186, 173, 53, 58, 184, 104, 74, 99, 20, 120, 107, 134, 13, 114, 17, 66, 61, 189, 34, 59, 154, 143, 152, 174, 178, 145, 139, 51, 52, 93, 175, 32, 10, 88, 116, 12, 119, 86, 161, 200, 15, 140, 48, 54, 187, 95, 27, 97, 81, 42, 82, 108, 35, 50, 25, 159, 57, 94, 180, 7, 9, 105, 149, 130, 44, 76, 137, 80, 133, 169, 122, 121, 157, 176, 22, 195, 132, 89, 39, 170, 41, 142, 37, 101, 63, 198, 84, 111, 150, 43, 127, 102, 126, 0, 197, 118, 128, 163, 60, 153, 188, 194, 182, 28, 11, 30, 62, 115, 92, 40, 91, 21, 106, 79, 29, 165, 100, 167, 68, 141, 65, 181, 8, 14, 73, 83, 70, 146, 49, 1, 164, 103, 4, 23, 36, 64, 171, 2, 166, 78, 179, 75, 183, 129, 67, 158]
Taxon occupancy: {35=735, 36=735, 33=735, 159=735, 158=735, 34=735, 157=735, 39=735, 156=735, 155=735, 37=735, 154=735, 38=735, 152=735, 153=735, 150=735, 151=735, 43=735, 42=735, 41=735, 40=735, 200=735, 22=735, 169=735, 23=735, 24=735, 25=735, 166=735, 26=735, 27=735, 165=735, 168=735, 28=735, 29=735, 167=735, 161=735, 3=735, 2=735, 162=735, 163=735, 1=735, 0=735, 164=735, 7=735, 30=735, 6=735, 32=735, 5=735, 160=735, 31=735, 4=735, 9=735, 8=735, 19=735, 179=735, 17=735, 178=735, 18=735, 15=735, 177=735, 16=735, 176=735, 13=735, 14=735, 11=735, 12=735, 170=735, 21=735, 20=735, 171=735, 174=735, 175=735, 172=735, 173=735, 188=735, 187=735, 189=735, 180=735, 10=735, 181=735, 182=735, 183=735, 184=735, 185=735, 186=735, 116=735, 117=735, 79=735, 78=735, 114=735, 77=735, 115=735, 112=735, 113=735, 110=735, 111=735, 118=735, 119=735, 82=735, 83=735, 80=735, 81=735, 86=735, 87=735, 84=735, 85=735, 67=735, 125=735, 66=735, 126=735, 69=735, 127=735, 128=735, 68=735, 121=735, 122=735, 123=735, 124=735, 129=735, 70=735, 120=735, 71=735, 72=735, 73=735, 74=735, 75=735, 76=735, 134=735, 135=735, 132=735, 59=735, 133=735, 58=735, 138=735, 139=735, 57=735, 136=735, 56=735, 55=735, 137=735, 64=735, 65=735, 62=735, 63=735, 131=735, 60=735, 61=735, 130=735, 143=735, 49=735, 144=735, 48=735, 145=735, 146=735, 45=735, 147=735, 148=735, 44=735, 47=735, 149=735, 46=735, 51=735, 52=735, 53=735, 54=735, 140=735, 142=735, 50=735, 141=735, 109=735, 108=735, 107=735, 106=735, 105=735, 104=735, 103=735, 99=735, 102=735, 101=735, 100=735, 98=735, 97=735, 96=735, 95=735, 94=735, 93=735, 92=735, 91=735, 90=735, 88=735, 89=735, 195=735, 194=735, 197=735, 196=735, 191=735, 190=735, 193=735, 192=735, 198=735, 199=735}
Number of gene trees: 735
0 trees have missing taxa
Calculating quartet distance matrix (for completion of X)
Species tree distances calculated ...
Building set of clusters (X) from gene trees 
Using tree-based weight calculation.
Number of Default Clusters: 163087
Number of quartet trees in the gene trees: 48028742226
calculating extra bipartitions to be added at level 1 ...
Number of Clusters after addition by distance: 163125
Adding to X using resolutions of greedy consensus ...
Threshold 0.0:
polytomy of size 3; rounds with additions with at least 0.01 support: 0; clusters: 163129
polytomy of size 18; rounds with additions with at least 0.01 support: 17; clusters: 167031
Threshold 0.01:
polytomy of size 39; rounds with additions with at least 0.01 support: 24; clusters: 191201
Threshold 0.02:
polytomy of size 3; rounds with additions with at least 0.01 support: 0; clusters: 191201
polytomy of size 47; rounds with additions with at least 0.01 support: 4; clusters: 223823
Threshold 0.05:
polytomy of size 63; rounds with additions with at least 0.01 support: 4; clusters: 224475
Threshold 0.1:
polytomy of size 5; rounds with additions with at least 0.01 support: 0; clusters: 224475
polytomy of size 3; rounds with additions with at least 0.01 support: 0; clusters: 224475
polytomy of size 3; rounds with additions with at least 0.01 support: 0; clusters: 224475
polytomy of size 3; rounds with additions with at least 0.01 support: 0; clusters: 224475
polytomy of size 4; rounds with additions with at least 0.01 support: 0; clusters: 224475
polytomy of size 81; rounds with additions with at least 0.01 support: 0; clusters: 224829
Threshold 0.2:
polytomy of size 4; rounds with additions with at least 0.01 support: 0; clusters: 224829
polytomy of size 4; rounds with additions with at least 0.01 support: 0; clusters: 224829
polytomy of size 7; rounds with additions with at least 0.01 support: 0; clusters: 224829
Threshold 0.3333333333333333:
polytomy of size 3; rounds with additions with at least 0.01 support: 0; clusters: 224829
polytomy of size 3; rounds with additions with at least 0.01 support: 0; clusters: 224829
polytomy of size 3; rounds with additions with at least 0.01 support: 0; clusters: 224829
Number of Clusters after addition by greedy: 224829
partitions formed in 116.106 secs
Dynamic Programming starting after 116.106 secs
Size of largest cluster: 201
Calculated 100000 weights; time (seconds): 626
Calculated 200000 weights; time (seconds): 677
Calculated 300000 weights; time (seconds): 616
Total Number of elements weighted: 368700
Normalized score (portion of input quartet trees satisfied): 0.4292833614917909
Final optimization score: 20617939911
Optimal tree inferred in 2327.005 secs.
(200,(53,(161,((155,(26,(119,86))),((19,(124,(112,125))),(3,((95,(177,69)),(12,(((88,(116,27)),((15,140),(186,((32,(191,((47,109),(110,(31,151))))),((178,(145,(93,175))),((51,52),(139,10))))))),((((30,(28,11)),((99,(61,189)),((6,(34,59)),((114,(74,17)),((134,(107,13)),(66,(20,120))))))),(((164,((40,91),(62,(33,(90,131))))),((184,(154,(194,182))),(64,(104,(135,72))))),(((38,115),((108,(50,57)),(25,(35,159)))),((((185,180),(85,82)),((4,(87,(199,156))),((190,(96,147)),(148,(172,(16,117)))))),(((18,23),((49,1),(168,((5,45),(113,(123,(46,98))))))),((146,(97,81)),((54,187),(((73,83),(48,70)),((163,(56,7)),(2,(103,36))))))))))),(((((126,141),(65,(181,8))),((127,102),((43,128),(197,118)))),(((78,179),(122,(169,121))),((195,(157,176)),(132,(22,150))))),(((42,94),((71,162),(193,55))),(((89,39),((79,(149,((105,133),(9,80)))),(137,((130,44),(76,(152,(143,174))))))),(((111,(136,160)),(142,(170,(63,((41,37),(101,(198,84))))))),(0,((((24,192),(21,106)),((29,166),(14,(171,((153,92),(60,188)))))),((173,58),((196,((67,158),(183,129))),((100,(167,68)),(165,(138,(75,(144,77)))))))))))))))))))))));
Quartet score is: 20617939911
Normalized quartet score is: 0.4292833614917909
ASTRAL finished in 2360.777 secs
