
================== ASTRAL ===================== 

This is ASTRAL version 4.10.10
Gene trees are treated as unrooted
715 trees read from ASTRALDATA/model.1000.2000000.0.000001/06/estimatedgenetre.halfresolved
All output trees will be *arbitrarily* rooted at 508

======== Running the main analysis
Number of taxa: 1001 (1001 species)
Taxa: [508, 184, 638, 813, 942, 989, 42, 970, 823, 691, 381, 510, 351, 777, 657, 892, 621, 67, 547, 833, 480, 562, 623, 2, 316, 417, 708, 122, 604, 819, 158, 59, 773, 745, 969, 124, 944, 280, 661, 781, 196, 914, 356, 854, 949, 142, 118, 319, 154, 593, 651, 706, 162, 20, 289, 727, 426, 525, 282, 555, 677, 213, 230, 664, 654, 125, 784, 827, 298, 991, 557, 643, 204, 870, 907, 848, 145, 373, 54, 422, 545, 499, 294, 534, 375, 419, 274, 609, 864, 832, 953, 214, 675, 53, 1000, 228, 360, 682, 516, 998, 526, 229, 315, 973, 307, 890, 32, 327, 234, 715, 713, 851, 408, 52, 227, 140, 699, 152, 143, 254, 687, 164, 413, 964, 397, 30, 49, 453, 821, 639, 794, 663, 566, 385, 872, 370, 243, 150, 753, 458, 390, 98, 712, 107, 323, 771, 787, 85, 99, 789, 893, 121, 311, 68, 930, 723, 63, 277, 625, 622, 506, 216, 465, 696, 108, 730, 151, 883, 357, 39, 530, 751, 345, 611, 434, 25, 656, 523, 410, 513, 975, 69, 317, 596, 495, 885, 700, 310, 728, 55, 552, 801, 341, 238, 705, 929, 74, 469, 106, 262, 524, 990, 236, 758, 624, 584, 431, 828, 641, 689, 606, 383, 533, 630, 871, 512, 931, 725, 258, 826, 3, 178, 520, 927, 740, 363, 803, 741, 587, 203, 816, 788, 429, 937, 97, 354, 208, 17, 814, 84, 602, 834, 359, 565, 78, 967, 810, 812, 774, 799, 350, 486, 211, 6, 488, 676, 586, 16, 92, 769, 599, 430, 707, 780, 940, 404, 347, 749, 748, 573, 470, 35, 147, 899, 840, 514, 343, 459, 697, 860, 21, 447, 578, 824, 288, 837, 209, 501, 322, 433, 575, 285, 369, 894, 302, 614, 724, 252, 752, 811, 659, 541, 531, 284, 558, 540, 920, 471, 256, 766, 690, 831, 206, 239, 263, 884, 634, 131, 539, 129, 126, 391, 344, 974, 352, 613, 221, 972, 223, 399, 710, 22, 764, 435, 23, 818, 984, 681, 336, 116, 692, 12, 389, 308, 194, 957, 635, 695, 924, 878, 648, 755, 538, 418, 772, 436, 149, 958, 14, 111, 515, 798, 802, 468, 475, 226, 41, 997, 563, 709, 483, 377, 328, 179, 186, 168, 219, 303, 646, 138, 934, 472, 922, 441, 449, 304, 770, 585, 36, 497, 694, 318, 313, 231, 115, 454, 652, 671, 504, 600, 825, 332, 792, 919, 626, 237, 601, 744, 591, 491, 424, 633, 891, 366, 496, 207, 329, 5, 210, 776, 123, 94, 60, 61, 943, 134, 822, 44, 493, 610, 908, 542, 400, 169, 117, 217, 747, 414, 985, 835, 10, 617, 847, 37, 398, 926, 170, 581, 72, 200, 201, 797, 446, 674, 887, 861, 326, 912, 806, 159, 365, 412, 401, 901, 473, 175, 842, 309, 240, 64, 264, 583, 845, 271, 76, 679, 785, 267, 405, 598, 618, 305, 564, 698, 979, 245, 19, 628, 128, 567, 166, 0, 183, 921, 153, 571, 925, 718, 371, 255, 139, 976, 163, 947, 349, 191, 767, 198, 396, 993, 981, 791, 91, 101, 378, 137, 873, 342, 112, 338, 439, 251, 146, 688, 673, 982, 757, 165, 113, 754, 790, 548, 225, 423, 923, 46, 47, 577, 536, 380, 197, 553, 529, 485, 463, 649, 270, 212, 276, 362, 594, 612, 296, 148, 494, 961, 81, 763, 403, 933, 90, 199, 550, 339, 395, 556, 450, 570, 910, 292, 616, 737, 938, 415, 248, 815, 735, 71, 778, 257, 9, 960, 87, 368, 167, 56, 714, 278, 171, 193, 665, 82, 62, 951, 188, 120, 775, 464, 1, 829, 862, 849, 176, 954, 253, 467, 983, 886, 678, 70, 48, 726, 888, 660, 173, 693, 590, 281, 79, 572, 856, 936, 192, 838, 58, 384, 683, 518, 579, 502, 182, 421, 109, 177, 394, 904, 409, 80, 720, 325, 376, 104, 965, 461, 561, 666, 736, 866, 732, 796, 38, 608, 476, 358, 653, 959, 662, 685, 592, 314, 917, 321, 768, 286, 546, 24, 266, 31, 588, 451, 647, 364, 379, 66, 549, 843, 29, 734, 928, 595, 742, 222, 918, 857, 172, 93, 667, 15, 703, 425, 244, 155, 859, 456, 479, 28, 224, 490, 941, 320, 950, 215, 680, 26, 839, 73, 980, 858, 631, 903, 783, 867, 782, 382, 312, 597, 853, 528, 905, 293, 386, 324, 582, 242, 265, 202, 185, 875, 40, 637, 249, 762, 190, 333, 335, 133, 246, 440, 620, 102, 241, 437, 444, 306, 945, 442, 902, 174, 195, 392, 881, 132, 7, 650, 642, 711, 804, 704, 34, 906, 955, 895, 387, 805, 809, 367, 416, 898, 844, 820, 702, 507, 130, 232, 759, 297, 290, 141, 259, 218, 632, 877, 978, 729, 963, 655, 992, 438, 915, 466, 161, 543, 779, 11, 279, 669, 348, 852, 353, 96, 739, 658, 994, 962, 786, 900, 756, 95, 110, 986, 560, 574, 89, 273, 18, 537, 946, 889, 952, 27, 760, 855, 233, 750, 576, 478, 987, 607, 913, 701, 968, 719, 615, 75, 247, 33, 489, 684, 517, 966, 86, 260, 448, 482, 932, 330, 580, 181, 261, 738, 874, 627, 909, 250, 103, 527, 492, 761, 830, 743, 841, 77, 187, 427, 722, 388, 445, 509, 817, 43, 83, 487, 156, 846, 879, 340, 532, 603, 346, 868, 645, 105, 4, 746, 272, 189, 911, 589, 205, 498, 505, 220, 407, 13, 793, 127, 916, 731, 295, 800, 374, 88, 551, 897, 519, 355, 474, 100, 948, 733, 503, 299, 8, 361, 420, 268, 452, 443, 477, 51, 119, 428, 160, 765, 411, 795, 808, 50, 180, 863, 880, 337, 457, 269, 629, 455, 283, 406, 717, 301, 865, 568, 135, 977, 484, 876, 45, 65, 807, 636, 544, 275, 522, 57, 287, 640, 481, 554, 331, 235, 291, 999, 686, 988, 896, 716, 393, 511, 136, 939, 334, 672, 300, 995, 114, 432, 668, 535, 569, 462, 460, 670, 836, 971, 500, 402, 372, 869, 619, 144, 521, 882, 956, 935, 559, 996, 644, 721, 157, 850, 605]
Taxon occupancy: {338=715, 339=715, 941=715, 942=715, 940=715, 332=715, 945=715, 946=715, 333=715, 330=715, 943=715, 331=715, 944=715, 336=715, 949=715, 337=715, 334=715, 947=715, 948=715, 335=715, 531=715, 748=715, 530=715, 747=715, 746=715, 745=715, 535=715, 534=715, 533=715, 532=715, 749=715, 539=715, 740=715, 538=715, 537=715, 536=715, 744=715, 743=715, 742=715, 741=715, 349=715, 930=715, 931=715, 932=715, 341=715, 342=715, 933=715, 934=715, 343=715, 935=715, 344=715, 345=715, 936=715, 346=715, 937=715, 347=715, 938=715, 939=715, 348=715, 540=715, 3=715, 735=715, 929=715, 2=715, 734=715, 542=715, 737=715, 1=715, 541=715, 0=715, 736=715, 544=715, 739=715, 7=715, 738=715, 543=715, 6=715, 340=715, 5=715, 546=715, 4=715, 545=715, 548=715, 547=715, 9=715, 8=715, 549=715, 731=715, 730=715, 733=715, 732=715, 920=715, 318=715, 319=715, 316=715, 317=715, 927=715, 314=715, 315=715, 928=715, 925=715, 312=715, 313=715, 926=715, 310=715, 923=715, 924=715, 311=715, 921=715, 922=715, 513=715, 729=715, 512=715, 511=715, 728=715, 727=715, 510=715, 726=715, 725=715, 724=715, 919=715, 723=715, 918=715, 722=715, 721=715, 519=715, 720=715, 518=715, 517=715, 516=715, 515=715, 514=715, 327=715, 328=715, 329=715, 914=715, 323=715, 915=715, 324=715, 916=715, 325=715, 326=715, 917=715, 709=715, 910=715, 911=715, 320=715, 912=715, 321=715, 913=715, 322=715, 522=715, 717=715, 521=715, 716=715, 719=715, 524=715, 523=715, 718=715, 713=715, 908=715, 907=715, 712=715, 520=715, 715=715, 909=715, 714=715, 529=715, 711=715, 710=715, 526=715, 525=715, 528=715, 527=715, 989=715, 988=715, 987=715, 571=715, 570=715, 982=715, 981=715, 980=715, 986=715, 985=715, 984=715, 983=715, 700=715, 574=715, 703=715, 575=715, 704=715, 701=715, 572=715, 702=715, 573=715, 578=715, 707=715, 708=715, 579=715, 576=715, 705=715, 706=715, 577=715, 977=715, 976=715, 300=715, 979=715, 978=715, 580=715, 302=715, 301=715, 304=715, 582=715, 303=715, 581=715, 306=715, 305=715, 971=715, 308=715, 970=715, 307=715, 973=715, 972=715, 309=715, 975=715, 974=715, 583=715, 584=715, 585=715, 586=715, 587=715, 588=715, 589=715, 969=715, 968=715, 967=715, 966=715, 965=715, 964=715, 963=715, 962=715, 961=715, 960=715, 558=715, 559=715, 556=715, 557=715, 554=715, 555=715, 552=715, 553=715, 550=715, 551=715, 959=715, 958=715, 560=715, 955=715, 954=715, 957=715, 956=715, 951=715, 950=715, 953=715, 952=715, 569=715, 565=715, 566=715, 567=715, 568=715, 561=715, 562=715, 563=715, 564=715, 799=715, 798=715, 797=715, 796=715, 795=715, 794=715, 793=715, 792=715, 996=715, 790=715, 997=715, 791=715, 994=715, 995=715, 992=715, 993=715, 990=715, 991=715, 998=715, 999=715, 781=715, 782=715, 783=715, 784=715, 785=715, 786=715, 787=715, 788=715, 789=715, 780=715, 505=715, 772=715, 773=715, 506=715, 503=715, 770=715, 771=715, 504=715, 509=715, 776=715, 777=715, 507=715, 774=715, 508=715, 775=715, 778=715, 779=715, 501=715, 502=715, 500=715, 763=715, 764=715, 765=715, 766=715, 760=715, 761=715, 762=715, 767=715, 768=715, 769=715, 754=715, 755=715, 752=715, 753=715, 750=715, 751=715, 758=715, 759=715, 756=715, 757=715, 595=715, 594=715, 391=715, 597=715, 390=715, 596=715, 393=715, 599=715, 598=715, 392=715, 395=715, 394=715, 396=715, 397=715, 398=715, 399=715, 590=715, 591=715, 592=715, 593=715, 383=715, 384=715, 381=715, 382=715, 380=715, 389=715, 388=715, 387=715, 386=715, 385=715, 370=715, 371=715, 372=715, 373=715, 379=715, 378=715, 375=715, 374=715, 377=715, 376=715, 361=715, 362=715, 360=715, 366=715, 365=715, 364=715, 363=715, 369=715, 368=715, 367=715, 350=715, 351=715, 353=715, 352=715, 355=715, 354=715, 357=715, 356=715, 359=715, 358=715, 806=715, 807=715, 804=715, 805=715, 802=715, 803=715, 800=715, 801=715, 159=715, 158=715, 157=715, 156=715, 155=715, 154=715, 152=715, 601=715, 600=715, 153=715, 150=715, 151=715, 609=715, 608=715, 607=715, 606=715, 605=715, 604=715, 603=715, 602=715, 202=715, 203=715, 204=715, 205=715, 200=715, 201=715, 169=715, 206=715, 166=715, 207=715, 165=715, 168=715, 208=715, 209=715, 167=715, 161=715, 409=715, 162=715, 408=715, 163=715, 164=715, 405=715, 404=715, 407=715, 406=715, 160=715, 401=715, 400=715, 403=715, 402=715, 824=715, 211=715, 825=715, 212=715, 822=715, 823=715, 210=715, 828=715, 215=715, 216=715, 829=715, 826=715, 213=715, 214=715, 827=715, 219=715, 179=715, 178=715, 217=715, 177=715, 218=715, 176=715, 820=715, 821=715, 418=715, 170=715, 417=715, 171=715, 416=715, 415=715, 623=715, 174=715, 622=715, 175=715, 621=715, 172=715, 419=715, 173=715, 620=715, 627=715, 410=715, 626=715, 625=715, 624=715, 819=715, 414=715, 413=715, 629=715, 412=715, 411=715, 628=715, 220=715, 811=715, 221=715, 812=715, 813=715, 222=715, 223=715, 814=715, 815=715, 224=715, 816=715, 225=715, 817=715, 226=715, 818=715, 227=715, 228=715, 188=715, 187=715, 229=715, 189=715, 810=715, 427=715, 180=715, 426=715, 181=715, 429=715, 428=715, 182=715, 610=715, 183=715, 184=715, 612=715, 185=715, 186=715, 611=715, 614=715, 809=715, 808=715, 613=715, 616=715, 421=715, 420=715, 615=715, 618=715, 423=715, 422=715, 617=715, 425=715, 619=715, 424=715, 116=715, 843=715, 117=715, 842=715, 114=715, 841=715, 840=715, 115=715, 112=715, 113=715, 110=715, 111=715, 849=715, 848=715, 847=715, 846=715, 118=715, 845=715, 119=715, 844=715, 435=715, 436=715, 433=715, 434=715, 431=715, 432=715, 430=715, 439=715, 437=715, 438=715, 830=715, 125=715, 126=715, 127=715, 832=715, 831=715, 128=715, 121=715, 122=715, 123=715, 124=715, 838=715, 837=715, 839=715, 129=715, 834=715, 833=715, 836=715, 835=715, 444=715, 445=715, 446=715, 447=715, 440=715, 441=715, 442=715, 443=715, 120=715, 448=715, 449=715, 134=715, 861=715, 135=715, 860=715, 132=715, 133=715, 865=715, 138=715, 864=715, 139=715, 136=715, 863=715, 137=715, 862=715, 869=715, 868=715, 867=715, 866=715, 450=715, 453=715, 454=715, 451=715, 452=715, 457=715, 458=715, 455=715, 456=715, 459=715, 131=715, 130=715, 143=715, 144=715, 850=715, 145=715, 146=715, 852=715, 147=715, 851=715, 148=715, 149=715, 854=715, 853=715, 856=715, 855=715, 858=715, 857=715, 859=715, 461=715, 460=715, 462=715, 463=715, 464=715, 465=715, 466=715, 467=715, 468=715, 469=715, 140=715, 142=715, 141=715, 687=715, 686=715, 689=715, 688=715, 683=715, 682=715, 685=715, 684=715, 888=715, 889=715, 884=715, 885=715, 886=715, 680=715, 681=715, 887=715, 880=715, 881=715, 882=715, 883=715, 678=715, 677=715, 676=715, 675=715, 674=715, 673=715, 672=715, 671=715, 679=715, 879=715, 877=715, 878=715, 875=715, 670=715, 876=715, 873=715, 874=715, 871=715, 872=715, 870=715, 696=715, 695=715, 694=715, 693=715, 890=715, 699=715, 698=715, 697=715, 899=715, 893=715, 894=715, 891=715, 892=715, 897=715, 691=715, 692=715, 898=715, 895=715, 896=715, 690=715, 646=715, 647=715, 648=715, 649=715, 195=715, 642=715, 194=715, 643=715, 644=715, 197=715, 645=715, 196=715, 191=715, 190=715, 640=715, 193=715, 641=715, 192=715, 198=715, 199=715, 639=715, 637=715, 638=715, 635=715, 636=715, 633=715, 634=715, 631=715, 632=715, 630=715, 668=715, 669=715, 660=715, 661=715, 662=715, 663=715, 664=715, 665=715, 666=715, 667=715, 659=715, 657=715, 658=715, 651=715, 652=715, 650=715, 655=715, 656=715, 653=715, 654=715, 35=715, 36=715, 33=715, 34=715, 39=715, 37=715, 38=715, 43=715, 42=715, 41=715, 40=715, 22=715, 23=715, 24=715, 25=715, 26=715, 27=715, 28=715, 29=715, 30=715, 32=715, 31=715, 19=715, 17=715, 18=715, 15=715, 16=715, 13=715, 14=715, 11=715, 12=715, 21=715, 20=715, 10=715, 79=715, 78=715, 77=715, 82=715, 83=715, 80=715, 81=715, 86=715, 87=715, 84=715, 85=715, 67=715, 66=715, 69=715, 68=715, 70=715, 71=715, 72=715, 73=715, 74=715, 75=715, 76=715, 59=715, 58=715, 57=715, 56=715, 55=715, 64=715, 65=715, 62=715, 63=715, 60=715, 61=715, 49=715, 48=715, 45=715, 44=715, 47=715, 46=715, 51=715, 52=715, 53=715, 54=715, 50=715, 487=715, 281=715, 486=715, 280=715, 485=715, 484=715, 285=715, 284=715, 283=715, 489=715, 488=715, 282=715, 288=715, 289=715, 286=715, 287=715, 482=715, 483=715, 480=715, 481=715, 474=715, 473=715, 270=715, 476=715, 475=715, 272=715, 478=715, 477=715, 271=715, 274=715, 273=715, 479=715, 275=715, 276=715, 277=715, 278=715, 279=715, 470=715, 471=715, 472=715, 1000=715, 109=715, 108=715, 107=715, 106=715, 105=715, 104=715, 103=715, 99=715, 102=715, 101=715, 100=715, 98=715, 97=715, 96=715, 95=715, 94=715, 93=715, 92=715, 91=715, 294=715, 90=715, 499=715, 293=715, 296=715, 295=715, 290=715, 496=715, 495=715, 498=715, 292=715, 291=715, 497=715, 491=715, 492=715, 493=715, 494=715, 297=715, 298=715, 299=715, 490=715, 88=715, 89=715, 240=715, 241=715, 245=715, 244=715, 243=715, 242=715, 249=715, 248=715, 247=715, 246=715, 230=715, 239=715, 232=715, 231=715, 234=715, 233=715, 236=715, 235=715, 238=715, 237=715, 262=715, 263=715, 260=715, 261=715, 269=715, 268=715, 267=715, 266=715, 265=715, 264=715, 250=715, 251=715, 252=715, 258=715, 904=715, 257=715, 903=715, 906=715, 259=715, 905=715, 900=715, 254=715, 253=715, 256=715, 902=715, 901=715, 255=715}
Number of gene trees: 715
0 trees have missing taxa
Calculating quartet distance matrix (for completion of X)
Species tree distances calculated ...
Building set of clusters (X) from gene trees 
Using tree-based weight calculation.
Number of Default Clusters: 592711
Number of quartet trees in the gene trees: 29607434114221
calculating extra bipartitions to be added at level 1 ...
Number of Clusters after addition by distance: 592745
Adding to X using resolutions of greedy consensus ...
Threshold 0.0:
polytomy of size 17; rounds with additions with at least 0.01 support: 14; clusters: 597677
Threshold 0.01:
polytomy of size 3; rounds with additions with at least 0.01 support: 0; clusters: 597677
polytomy of size 37; rounds with additions with at least 0.01 support: 24; clusters: 623423
Threshold 0.02:
polytomy of size 3; rounds with additions with at least 0.01 support: 0; clusters: 623423
polytomy of size 3; rounds with additions with at least 0.01 support: 0; clusters: 623423
polytomy of size 3; rounds with additions with at least 0.01 support: 0; clusters: 623423
polytomy of size 3; rounds with additions with at least 0.01 support: 0; clusters: 623423
polytomy of size 4; rounds with additions with at least 0.01 support: 0; clusters: 623423
polytomy of size 3; rounds with additions with at least 0.01 support: 0; clusters: 623423
polytomy of size 3; rounds with additions with at least 0.01 support: 0; clusters: 623423
polytomy of size 50; rounds with additions with at least 0.01 support: 5; clusters: 667379
Threshold 0.05:
polytomy of size 3; rounds with additions with at least 0.01 support: 0; clusters: 667379
polytomy of size 3; rounds with additions with at least 0.01 support: 0; clusters: 667379
polytomy of size 3; rounds with additions with at least 0.01 support: 0; clusters: 667379
polytomy of size 5; rounds with additions with at least 0.01 support: 0; clusters: 667379
polytomy of size 8; rounds with additions with at least 0.01 support: 0; clusters: 667379
polytomy of size 3; rounds with additions with at least 0.01 support: 0; clusters: 667379
polytomy of size 4; rounds with additions with at least 0.01 support: 0; clusters: 667379
polytomy of size 3; rounds with additions with at least 0.01 support: 0; clusters: 667379
polytomy of size 3; rounds with additions with at least 0.01 support: 0; clusters: 667379
polytomy of size 4; rounds with additions with at least 0.01 support: 0; clusters: 667379
polytomy of size 3; rounds with additions with at least 0.01 support: 0; clusters: 667379
polytomy of size 3; rounds with additions with at least 0.01 support: 0; clusters: 667379
polytomy of size 6; rounds with additions with at least 0.01 support: 0; clusters: 667379
polytomy of size 4; rounds with additions with at least 0.01 support: 0; clusters: 667379
polytomy of size 3; rounds with additions with at least 0.01 support: 0; clusters: 667379
polytomy of size 6; rounds with additions with at least 0.01 support: 0; clusters: 667379
polytomy of size 3; rounds with additions with at least 0.01 support: 0; clusters: 667379
polytomy of size 3; rounds with additions with at least 0.01 support: 0; clusters: 667379
polytomy of size 82; rounds with additions with at least 0.01 support: 1; clusters: 667759
polytomy of size 3; rounds with additions with at least 0.01 support: 0; clusters: 667759
polytomy of size 3; rounds with additions with at least 0.01 support: 0; clusters: 667759
Threshold 0.1:
polytomy of size 3; rounds with additions with at least 0.01 support: 0; clusters: 667759
polytomy of size 3; rounds with additions with at least 0.01 support: 0; clusters: 667759
polytomy of size 4; rounds with additions with at least 0.01 support: 0; clusters: 667759
polytomy of size 5; rounds with additions with at least 0.01 support: 0; clusters: 667759
polytomy of size 4; rounds with additions with at least 0.01 support: 0; clusters: 667759
polytomy of size 3; rounds with additions with at least 0.01 support: 0; clusters: 667759
polytomy of size 3; rounds with additions with at least 0.01 support: 0; clusters: 667759
polytomy of size 5; rounds with additions with at least 0.01 support: 0; clusters: 667759
polytomy of size 3; rounds with additions with at least 0.01 support: 0; clusters: 667759
polytomy of size 3; rounds with additions with at least 0.01 support: 0; clusters: 667759
polytomy of size 3; rounds with additions with at least 0.01 support: 0; clusters: 667759
polytomy of size 3; rounds with additions with at least 0.01 support: 0; clusters: 667759
polytomy of size 4; rounds with additions with at least 0.01 support: 0; clusters: 667759
polytomy of size 4; rounds with additions with at least 0.01 support: 0; clusters: 667759
polytomy of size 3; rounds with additions with at least 0.01 support: 0; clusters: 667759
polytomy of size 5; rounds with additions with at least 0.01 support: 0; clusters: 667759
polytomy of size 5; rounds with additions with at least 0.01 support: 0; clusters: 667759
polytomy of size 3; rounds with additions with at least 0.01 support: 0; clusters: 667759
polytomy of size 3; rounds with additions with at least 0.01 support: 0; clusters: 667759
polytomy of size 3; rounds with additions with at least 0.01 support: 0; clusters: 667759
polytomy of size 3; rounds with additions with at least 0.01 support: 0; clusters: 667759
polytomy of size 8; rounds with additions with at least 0.01 support: 0; clusters: 667759
polytomy of size 3; rounds with additions with at least 0.01 support: 0; clusters: 667759
polytomy of size 5; rounds with additions with at least 0.01 support: 0; clusters: 667759
polytomy of size 3; rounds with additions with at least 0.01 support: 0; clusters: 667759
polytomy of size 3; rounds with additions with at least 0.01 support: 0; clusters: 667759
polytomy of size 3; rounds with additions with at least 0.01 support: 0; clusters: 667759
polytomy of size 3; rounds with additions with at least 0.01 support: 0; clusters: 667759
polytomy of size 5; rounds with additions with at least 0.01 support: 0; clusters: 667759
polytomy of size 3; rounds with additions with at least 0.01 support: 0; clusters: 667759
polytomy of size 4; rounds with additions with at least 0.01 support: 0; clusters: 667759
polytomy of size 3; rounds with additions with at least 0.01 support: 0; clusters: 667759
polytomy of size 8; rounds with additions with at least 0.01 support: 0; clusters: 667759
polytomy of size 5; rounds with additions with at least 0.01 support: 0; clusters: 667759
polytomy of size 3; rounds with additions with at least 0.01 support: 0; clusters: 667759
polytomy of size 5; rounds with additions with at least 0.01 support: 0; clusters: 667759
polytomy of size 3; rounds with additions with at least 0.01 support: 0; clusters: 667759
polytomy of size 138; rounds with additions with at least 0.01 support: 0; clusters: 667885
polytomy of size 3; rounds with additions with at least 0.01 support: 0; clusters: 667885
polytomy of size 5; rounds with additions with at least 0.01 support: 0; clusters: 667885
polytomy of size 5; rounds with additions with at least 0.01 support: 0; clusters: 667885
polytomy of size 3; rounds with additions with at least 0.01 support: 0; clusters: 667885
Threshold 0.2:
polytomy of size 5; rounds with additions with at least 0.01 support: 0; clusters: 667885
polytomy of size 5; rounds with additions with at least 0.01 support: 0; clusters: 667885
polytomy of size 3; rounds with additions with at least 0.01 support: 0; clusters: 667885
polytomy of size 5; rounds with additions with at least 0.01 support: 0; clusters: 667885
polytomy of size 4; rounds with additions with at least 0.01 support: 0; clusters: 667885
polytomy of size 3; rounds with additions with at least 0.01 support: 0; clusters: 667885
polytomy of size 3; rounds with additions with at least 0.01 support: 0; clusters: 667885
polytomy of size 4; rounds with additions with at least 0.01 support: 0; clusters: 667885
polytomy of size 6; rounds with additions with at least 0.01 support: 0; clusters: 667885
polytomy of size 3; rounds with additions with at least 0.01 support: 0; clusters: 667885
polytomy of size 4; rounds with additions with at least 0.01 support: 0; clusters: 667885
polytomy of size 3; rounds with additions with at least 0.01 support: 0; clusters: 667885
polytomy of size 7; rounds with additions with at least 0.01 support: 0; clusters: 667885
polytomy of size 3; rounds with additions with at least 0.01 support: 0; clusters: 667885
polytomy of size 3; rounds with additions with at least 0.01 support: 0; clusters: 667885
polytomy of size 4; rounds with additions with at least 0.01 support: 0; clusters: 667885
polytomy of size 8; rounds with additions with at least 0.01 support: 0; clusters: 667885
polytomy of size 5; rounds with additions with at least 0.01 support: 0; clusters: 667885
polytomy of size 3; rounds with additions with at least 0.01 support: 0; clusters: 667885
polytomy of size 3; rounds with additions with at least 0.01 support: 0; clusters: 667885
polytomy of size 9; rounds with additions with at least 0.01 support: 0; clusters: 667885
polytomy of size 3; rounds with additions with at least 0.01 support: 0; clusters: 667885
polytomy of size 5; rounds with additions with at least 0.01 support: 0; clusters: 667885
polytomy of size 3; rounds with additions with at least 0.01 support: 0; clusters: 667885
polytomy of size 3; rounds with additions with at least 0.01 support: 0; clusters: 667885
polytomy of size 3; rounds with additions with at least 0.01 support: 0; clusters: 667885
polytomy of size 4; rounds with additions with at least 0.01 support: 0; clusters: 667885
polytomy of size 3; rounds with additions with at least 0.01 support: 0; clusters: 667885
polytomy of size 5; rounds with additions with at least 0.01 support: 0; clusters: 667885
polytomy of size 4; rounds with additions with at least 0.01 support: 0; clusters: 667885
polytomy of size 3; rounds with additions with at least 0.01 support: 0; clusters: 667885
polytomy of size 3; rounds with additions with at least 0.01 support: 0; clusters: 667885
polytomy of size 3; rounds with additions with at least 0.01 support: 0; clusters: 667885
polytomy of size 3; rounds with additions with at least 0.01 support: 0; clusters: 667885
polytomy of size 4; rounds with additions with at least 0.01 support: 0; clusters: 667885
polytomy of size 3; rounds with additions with at least 0.01 support: 0; clusters: 667885
polytomy of size 3; rounds with additions with at least 0.01 support: 0; clusters: 667885
polytomy of size 4; rounds with additions with at least 0.01 support: 0; clusters: 667885
polytomy of size 7; rounds with additions with at least 0.01 support: 0; clusters: 667885
polytomy of size 3; rounds with additions with at least 0.01 support: 0; clusters: 667885
polytomy of size 3; rounds with additions with at least 0.01 support: 0; clusters: 667885
polytomy of size 3; rounds with additions with at least 0.01 support: 0; clusters: 667885
polytomy of size 4; rounds with additions with at least 0.01 support: 0; clusters: 667885
polytomy of size 3; rounds with additions with at least 0.01 support: 0; clusters: 667885
polytomy of size 5; rounds with additions with at least 0.01 support: 0; clusters: 667885
polytomy of size 3; rounds with additions with at least 0.01 support: 0; clusters: 667885
polytomy of size 3; rounds with additions with at least 0.01 support: 0; clusters: 667885
polytomy of size 3; rounds with additions with at least 0.01 support: 0; clusters: 667885
polytomy of size 3; rounds with additions with at least 0.01 support: 0; clusters: 667885
polytomy of size 4; rounds with additions with at least 0.01 support: 0; clusters: 667885
polytomy of size 7; rounds with additions with at least 0.01 support: 0; clusters: 667885
polytomy of size 4; rounds with additions with at least 0.01 support: 0; clusters: 667885
polytomy of size 4; rounds with additions with at least 0.01 support: 0; clusters: 667885
polytomy of size 3; rounds with additions with at least 0.01 support: 0; clusters: 667885
polytomy of size 3; rounds with additions with at least 0.01 support: 0; clusters: 667885
polytomy of size 9; rounds with additions with at least 0.01 support: 0; clusters: 667885
polytomy of size 3; rounds with additions with at least 0.01 support: 0; clusters: 667885
polytomy of size 3; rounds with additions with at least 0.01 support: 0; clusters: 667885
polytomy of size 4; rounds with additions with at least 0.01 support: 0; clusters: 667885
polytomy of size 3; rounds with additions with at least 0.01 support: 0; clusters: 667885
polytomy of size 3; rounds with additions with at least 0.01 support: 0; clusters: 667885
polytomy of size 3; rounds with additions with at least 0.01 support: 0; clusters: 667885
polytomy of size 3; rounds with additions with at least 0.01 support: 0; clusters: 667885
polytomy of size 3; rounds with additions with at least 0.01 support: 0; clusters: 667885
polytomy of size 4; rounds with additions with at least 0.01 support: 0; clusters: 667885
polytomy of size 10; rounds with additions with at least 0.01 support: 0; clusters: 667885
polytomy of size 4; rounds with additions with at least 0.01 support: 0; clusters: 667885
polytomy of size 3; rounds with additions with at least 0.01 support: 0; clusters: 667885
polytomy of size 3; rounds with additions with at least 0.01 support: 0; clusters: 667885
polytomy of size 3; rounds with additions with at least 0.01 support: 0; clusters: 667885
polytomy of size 4; rounds with additions with at least 0.01 support: 0; clusters: 667885
polytomy of size 3; rounds with additions with at least 0.01 support: 0; clusters: 667885
polytomy of size 3; rounds with additions with at least 0.01 support: 0; clusters: 667885
polytomy of size 3; rounds with additions with at least 0.01 support: 0; clusters: 667885
polytomy of size 4; rounds with additions with at least 0.01 support: 0; clusters: 667885
polytomy of size 3; rounds with additions with at least 0.01 support: 0; clusters: 667885
polytomy of size 5; rounds with additions with at least 0.01 support: 0; clusters: 667885
polytomy of size 5; rounds with additions with at least 0.01 support: 0; clusters: 667885
polytomy of size 7; rounds with additions with at least 0.01 support: 0; clusters: 667885
polytomy of size 3; rounds with additions with at least 0.01 support: 0; clusters: 667885
polytomy of size 3; rounds with additions with at least 0.01 support: 0; clusters: 667885
polytomy of size 3; rounds with additions with at least 0.01 support: 0; clusters: 667885
polytomy of size 5; rounds with additions with at least 0.01 support: 0; clusters: 667885
polytomy of size 3; rounds with additions with at least 0.01 support: 0; clusters: 667885
polytomy of size 8; rounds with additions with at least 0.01 support: 0; clusters: 667885
polytomy of size 3; rounds with additions with at least 0.01 support: 0; clusters: 667885
polytomy of size 3; rounds with additions with at least 0.01 support: 0; clusters: 667885
Threshold 0.3333333333333333:
polytomy of size 3; rounds with additions with at least 0.01 support: 0; clusters: 667885
polytomy of size 3; rounds with additions with at least 0.01 support: 0; clusters: 667885
polytomy of size 3; rounds with additions with at least 0.01 support: 0; clusters: 667885
polytomy of size 3; rounds with additions with at least 0.01 support: 0; clusters: 667885
polytomy of size 6; rounds with additions with at least 0.01 support: 0; clusters: 667885
polytomy of size 3; rounds with additions with at least 0.01 support: 0; clusters: 667885
polytomy of size 3; rounds with additions with at least 0.01 support: 0; clusters: 667885
polytomy of size 5; rounds with additions with at least 0.01 support: 0; clusters: 667885
polytomy of size 3; rounds with additions with at least 0.01 support: 0; clusters: 667885
polytomy of size 3; rounds with additions with at least 0.01 support: 0; clusters: 667885
polytomy of size 4; rounds with additions with at least 0.01 support: 0; clusters: 667885
polytomy of size 3; rounds with additions with at least 0.01 support: 0; clusters: 667885
polytomy of size 9; rounds with additions with at least 0.01 support: 0; clusters: 667905
polytomy of size 5; rounds with additions with at least 0.01 support: 0; clusters: 667905
polytomy of size 4; rounds with additions with at least 0.01 support: 0; clusters: 667905
polytomy of size 3; rounds with additions with at least 0.01 support: 0; clusters: 667905
polytomy of size 3; rounds with additions with at least 0.01 support: 0; clusters: 667905
polytomy of size 3; rounds with additions with at least 0.01 support: 0; clusters: 667905
polytomy of size 3; rounds with additions with at least 0.01 support: 0; clusters: 667905
polytomy of size 3; rounds with additions with at least 0.01 support: 0; clusters: 667905
polytomy of size 5; rounds with additions with at least 0.01 support: 0; clusters: 667905
polytomy of size 4; rounds with additions with at least 0.01 support: 0; clusters: 667905
polytomy of size 3; rounds with additions with at least 0.01 support: 0; clusters: 667905
polytomy of size 4; rounds with additions with at least 0.01 support: 0; clusters: 667905
polytomy of size 3; rounds with additions with at least 0.01 support: 0; clusters: 667905
polytomy of size 3; rounds with additions with at least 0.01 support: 0; clusters: 667905
polytomy of size 4; rounds with additions with at least 0.01 support: 0; clusters: 667905
polytomy of size 3; rounds with additions with at least 0.01 support: 0; clusters: 667905
polytomy of size 8; rounds with additions with at least 0.01 support: 0; clusters: 667909
polytomy of size 4; rounds with additions with at least 0.01 support: 0; clusters: 667909
polytomy of size 3; rounds with additions with at least 0.01 support: 0; clusters: 667909
polytomy of size 5; rounds with additions with at least 0.01 support: 0; clusters: 667909
polytomy of size 4; rounds with additions with at least 0.01 support: 0; clusters: 667909
polytomy of size 3; rounds with additions with at least 0.01 support: 0; clusters: 667909
polytomy of size 10; rounds with additions with at least 0.01 support: 0; clusters: 667981
polytomy of size 3; rounds with additions with at least 0.01 support: 0; clusters: 667981
polytomy of size 3; rounds with additions with at least 0.01 support: 0; clusters: 667981
polytomy of size 3; rounds with additions with at least 0.01 support: 0; clusters: 667981
polytomy of size 3; rounds with additions with at least 0.01 support: 0; clusters: 667981
polytomy of size 4; rounds with additions with at least 0.01 support: 0; clusters: 667981
polytomy of size 3; rounds with additions with at least 0.01 support: 0; clusters: 667981
polytomy of size 4; rounds with additions with at least 0.01 support: 0; clusters: 667981
polytomy of size 8; rounds with additions with at least 0.01 support: 0; clusters: 667985
polytomy of size 4; rounds with additions with at least 0.01 support: 0; clusters: 667985
polytomy of size 4; rounds with additions with at least 0.01 support: 0; clusters: 667985
polytomy of size 3; rounds with additions with at least 0.01 support: 0; clusters: 667985
polytomy of size 10; rounds with additions with at least 0.01 support: 0; clusters: 668019
polytomy of size 3; rounds with additions with at least 0.01 support: 0; clusters: 668019
polytomy of size 3; rounds with additions with at least 0.01 support: 0; clusters: 668019
polytomy of size 5; rounds with additions with at least 0.01 support: 0; clusters: 668019
polytomy of size 3; rounds with additions with at least 0.01 support: 0; clusters: 668019
polytomy of size 3; rounds with additions with at least 0.01 support: 0; clusters: 668019
polytomy of size 5; rounds with additions with at least 0.01 support: 0; clusters: 668019
polytomy of size 3; rounds with additions with at least 0.01 support: 0; clusters: 668019
polytomy of size 4; rounds with additions with at least 0.01 support: 0; clusters: 668019
polytomy of size 4; rounds with additions with at least 0.01 support: 0; clusters: 668019
polytomy of size 10; rounds with additions with at least 0.01 support: 0; clusters: 668057
polytomy of size 4; rounds with additions with at least 0.01 support: 0; clusters: 668057
polytomy of size 3; rounds with additions with at least 0.01 support: 0; clusters: 668057
polytomy of size 6; rounds with additions with at least 0.01 support: 0; clusters: 668057
polytomy of size 4; rounds with additions with at least 0.01 support: 0; clusters: 668057
polytomy of size 3; rounds with additions with at least 0.01 support: 0; clusters: 668057
polytomy of size 3; rounds with additions with at least 0.01 support: 0; clusters: 668057
polytomy of size 4; rounds with additions with at least 0.01 support: 0; clusters: 668057
polytomy of size 3; rounds with additions with at least 0.01 support: 0; clusters: 668057
polytomy of size 4; rounds with additions with at least 0.01 support: 0; clusters: 668057
polytomy of size 3; rounds with additions with at least 0.01 support: 0; clusters: 668057
polytomy of size 5; rounds with additions with at least 0.01 support: 0; clusters: 668057
polytomy of size 6; rounds with additions with at least 0.01 support: 0; clusters: 668057
polytomy of size 4; rounds with additions with at least 0.01 support: 0; clusters: 668057
polytomy of size 3; rounds with additions with at least 0.01 support: 0; clusters: 668057
polytomy of size 3; rounds with additions with at least 0.01 support: 0; clusters: 668057
polytomy of size 6; rounds with additions with at least 0.01 support: 0; clusters: 668057
polytomy of size 5; rounds with additions with at least 0.01 support: 0; clusters: 668057
polytomy of size 3; rounds with additions with at least 0.01 support: 0; clusters: 668057
polytomy of size 3; rounds with additions with at least 0.01 support: 0; clusters: 668057
polytomy of size 8; rounds with additions with at least 0.01 support: 0; clusters: 668085
polytomy of size 4; rounds with additions with at least 0.01 support: 0; clusters: 668085
polytomy of size 5; rounds with additions with at least 0.01 support: 0; clusters: 668085
polytomy of size 3; rounds with additions with at least 0.01 support: 0; clusters: 668085
polytomy of size 4; rounds with additions with at least 0.01 support: 0; clusters: 668085
polytomy of size 7; rounds with additions with at least 0.01 support: 0; clusters: 668101
polytomy of size 3; rounds with additions with at least 0.01 support: 0; clusters: 668101
polytomy of size 4; rounds with additions with at least 0.01 support: 0; clusters: 668101
polytomy of size 3; rounds with additions with at least 0.01 support: 0; clusters: 668101
polytomy of size 4; rounds with additions with at least 0.01 support: 0; clusters: 668101
Number of Clusters after addition by greedy: 668101
partitions formed in 1144.682 secs
Dynamic Programming starting after 1144.682 secs
Size of largest cluster: 1001
Calculated 100000 weights; time (seconds): 3449
Calculated 200000 weights; time (seconds): 2337
Calculated 300000 weights; time (seconds): 2280
Calculated 400000 weights; time (seconds): 2508
Calculated 500000 weights; time (seconds): 2278
Calculated 600000 weights; time (seconds): 2338
Calculated 700000 weights; time (seconds): 2404
Calculated 800000 weights; time (seconds): 8817
Calculated 900000 weights; time (seconds): 4855
Calculated 1000000 weights; time (seconds): 3159
Calculated 1100000 weights; time (seconds): 3129
Total Number of elements weighted: 1110740
Normalized score (portion of input quartet trees satisfied): 0.4186849654097476
Final optimization score: 12396187527984
Optimal tree inferred in 37909.952 secs.
(334,(((912,(326,367)),((802,(468,475)),((309,240),((486,(117,217)),((747,414),((988,896),(999,686))))))),((400,(169,961)),((((822,(44,(147,493))),((733,717),(668,(535,569)))),(((955,(711,804)),(34,(704,906))),((522,(498,(542,806))),((610,908),(572,(281,79)))))),(((835,((847,(199,114)),((10,617),((442,174),(902,(195,392)))))),(((680,((306,632),((26,839),(858,(73,980))))),(((123,321),(697,494)),((447,578),(505,(210,776))))),((((943,(61,134)),(812,(967,810))),(35,(939,((60,982),(288,(767,198)))))),((((957,635),(12,(308,(389,194)))),((300,995),(11,(466,(779,(161,543)))))),((842,(772,94)),((520,363),((178,(826,3)),((725,258),(927,(740,803)))))))))),(((((((695,714),(924,878)),((401,977),(605,(631,903)))),(((956,935),(446,674)),((716,393),(645,(511,136))))),(((396,(993,981)),((887,(676,539)),(387,(541,(376,104))))),((490,(224,(667,15))),(((244,479),(859,(155,456))),(93,(425,(28,(703,941)))))))),((5,((220,(407,13)),(642,((731,897),((295,(800,374)),(88,(551,(519,355)))))))),(366,((((283,135),(329,(450,(292,(570,910))))),((412,(159,365)),(559,((182,421),(619,(144,521)))))),(((496,207),((156,846),((487,879),((817,43),((722,509),(388,445)))))),(232,((942,(42,(989,970))),((507,290),((130,(141,(259,218))),((759,297),((416,702),(898,(844,820))))))))))))),(((390,98),(((422,((534,(375,419)),(789,(85,99)))),(((289,(282,555)),(525,(727,426))),((54,(145,(55,(373,728)))),((523,(596,495)),(656,(513,((410,317),(975,69)))))))),(((677,213),(((230,251),(439,146)),((784,((654,125),(661,664))),((274,(864,832)),(609,(675,(953,214))))))),((643,((108,730),((723,(465,696)),(216,(622,506))))),((357,(991,(298,557))),((294,(545,499)),(319,(724,(651,827))))))))),((((154,((944,(280,625)),(751,(25,(611,(345,434)))))),((((316,(417,708)),(895,(911,589))),((342,(873,112)),((378,137),(338,(91,101))))),(((833,480),((593,(907,848)),(883,(20,(39,530))))),((627,((268,452),((899,514),(840,343)))),(((857,172),((362,(649,270)),(264,(594,(212,276))))),((351,(823,(691,(381,510)))),((301,865),(477,(443,(51,(119,(160,(428,765))))))))))))),(((985,(660,(173,693))),((877,(978,(438,915))),(((963,655),(729,992)),(670,((775,464),(997,(226,41))))))),(((587,(203,816)),(((325,(720,(409,80))),(518,(502,(683,579)))),((((657,892),(215,(320,950))),(736,((770,272),(47,577)))),(((304,((97,78),(565,(208,359)))),((354,(17,814)),((774,799),(788,(602,834))))),(((449,((1,205),(170,(829,862)))),(((876,45),(484,65)),(183,((926,882),(37,398))))),((884,(831,206)),((690,(263,(284,239))),((634,(256,766)),(558,(471,(920,(531,540)))))))))))),(((100,(474,948)),((781,854),((196,(914,356)),(949,(142,118))))),((798,(395,(((167,(87,368)),(148,(612,296))),(((36,(585,460)),(673,(688,(165,113)))),((318,650),((710,(497,694)),(791,(7,(881,132))))))))),(((672,(581,(72,200))),(606,(((383,871),(533,(689,630))),((102,945),(931,(620,444)))))),((797,(201,(6,(595,(211,488))))),((757,463),((930,(63,277)),(84,(180,(880,(863,(337,457)))))))))))))),(((14,((441,(90,420)),(922,((934,472),(138,440))))),(((561,666),(824,(860,21))),((391,(223,((974,(126,344)),((129,399),(352,(972,(613,221))))))),((909,(568,((492,(761,830)),((77,(103,527)),(250,(743,841)))))),((659,(437,(241,((745,969),(158,(819,(59,773))))))),((601,(48,726)),((313,231),((512,((508,184),(111,515))),((124,((825,332),(638,(504,600)))),((792,(459,237)),((919,(626,462)),(671,(874,(115,((246,738),(454,(652,56))))))))))))))))),((((888,(361,(299,8))),((983,886),((678,70),(849,(954,(176,253)))))),((((771,787),(323,(712,107))),((68,(121,(893,311))),((870,53),(204,1000)))),(((753,458),(928,((836,971),((500,869),(402,372))))),(((614,(648,((157,850),(644,721)))),(209,(433,(837,((369,894),(322,(501,(575,285)))))))),(151,(((813,(424,(633,891))),(467,((951,(188,(193,120))),(665,(171,(278,(82,62))))))),((556,(746,((429,937),(734,(843,29))))),(((698,(305,564)),((933,550),(763,(81,403)))),((618,(405,598)),((979,19),(567,((628,128),(245,166))))))))))))),(0,(((((302,105),((890,872),(663,(566,385)))),(((32,327),(((973,307),(234,715)),((713,227),(140,(851,(408,52)))))),((315,((687,164),(143,254))),(((998,526),(360,682)),((228,516),(964,(453,((794,(370,(413,(699,(229,152))))),(30,((821,(397,639)),(49,(243,150)))))))))))),(((805,(768,(286,546))),(604,(46,(67,(621,547))))),(((744,(591,491)),(741,((((131,984),(116,(692,(681,336)))),((679,(785,267)),(764,(271,(76,(583,845)))))),(22,((435,23),(((778,9),(960,(71,257))),(818,((938,415),(815,(248,735)))))))))),((760,(279,348)),(((737,(339,616)),((968,(75,(719,247))),((580,(181,261)),((448,932),(330,(260,482)))))),(((750,615),((855,233),((576,478),(86,((684,517),(489,(33,966))))))),(((701,(913,(189,(987,607)))),(994,((739,658),(96,(852,353))))),((962,(756,(986,(95,110)))),((560,(900,(273,(89,(574,18))))),((786,(537,889)),(946,(952,27)))))))))))),((((394,904),((965,461),(((31,451),(24,(266,588))),((379,66),(364,(647,549)))))),(((536,427),(485,((423,(548,225)),(380,(553,(197,529)))))),((432,(((755,(538,418)),(133,(175,(901,473)))),(((563,83),(64,(754,790))),((554,(640,481)),(331,(235,291)))))),(((106,262),(236,((74,469),(524,990)))),((885,(700,310)),(((624,584),(641,(431,(758,828)))),((552,(801,341)),(238,(705,929))))))))),(((109,(177,((269,406),(629,455)))),(((996,(958,(777,646))),(303,((918,(742,222)),(2,(122,(562,623)))))),((350,861),((436,149),((187,(809,((662,685),((476,959),(314,917))))),(866,((608,653),(732,((796,38),(358,592)))))))))),((((252,752),((573,470),((856,936),(((16,769),(599,749)),(430,((586,347),((92,404),(940,(707,(780,748)))))))))),(((57,(807,636)),(219,((544,275),(811,(590,287))))),((868,((340,346),(603,(532,4)))),(((186,168),(923,669)),(709,((483,503),(377,(328,179)))))))),(((916,(706,(162,(793,127)))),(255,(411,((808,50),(((921,153),(571,925)),((718,371),((795,(139,976)),(163,(947,(349,191)))))))))),(((185,(875,(40,637))),(((853,242),(265,202)),((528,190),(905,(293,386))))),((333,335),(((783,582),(867,782)),(((249,762),(382,324)),(312,((58,384),(597,(192,838))))))))))))))))))))))));
Quartet score is: 12396187527984
Normalized quartet score is: 0.4186849654097476
ASTRAL finished in 44148.098 secs
