
================== ASTRAL ===================== 

This is ASTRAL version 4.10.10
Gene trees are treated as unrooted
1000 trees read from ASTRALDATA/model.200.500000.0.0000001/45/estimatedgenetre.halfresolved
All output trees will be *arbitrarily* rooted at 5

======== Running the main analysis
Number of taxa: 201 (201 species)
Taxa: [5, 11, 134, 116, 198, 38, 112, 12, 140, 58, 118, 56, 172, 40, 137, 153, 170, 192, 188, 24, 122, 161, 181, 67, 107, 28, 189, 10, 145, 45, 130, 178, 42, 81, 0, 47, 71, 101, 72, 129, 69, 54, 75, 180, 91, 138, 97, 83, 115, 70, 155, 109, 46, 66, 131, 182, 63, 139, 43, 37, 59, 73, 126, 57, 29, 103, 184, 36, 164, 77, 68, 74, 111, 27, 82, 35, 48, 32, 89, 18, 120, 95, 21, 55, 30, 200, 143, 147, 196, 22, 146, 123, 136, 191, 144, 16, 39, 194, 162, 148, 41, 173, 121, 128, 44, 171, 174, 79, 108, 119, 157, 165, 114, 158, 93, 33, 85, 150, 151, 197, 117, 87, 177, 60, 26, 20, 132, 179, 80, 92, 3, 135, 127, 15, 53, 152, 125, 176, 104, 142, 133, 84, 7, 187, 149, 6, 25, 167, 141, 199, 49, 64, 52, 23, 156, 193, 88, 106, 113, 13, 50, 90, 190, 2, 31, 100, 160, 166, 99, 62, 8, 195, 76, 17, 102, 34, 9, 168, 169, 96, 105, 14, 159, 183, 65, 124, 1, 86, 61, 94, 51, 78, 154, 185, 19, 98, 163, 186, 110, 4, 175]
Taxon occupancy: {35=1000, 36=1000, 33=1000, 159=1000, 158=1000, 34=1000, 39=1000, 157=1000, 156=1000, 37=1000, 155=1000, 154=1000, 38=1000, 152=1000, 153=1000, 150=1000, 151=1000, 43=1000, 42=1000, 41=1000, 40=1000, 200=1000, 22=1000, 23=1000, 169=1000, 24=1000, 25=1000, 26=1000, 166=1000, 27=1000, 165=1000, 28=1000, 168=1000, 29=1000, 167=1000, 161=1000, 3=1000, 162=1000, 2=1000, 163=1000, 1=1000, 164=1000, 0=1000, 30=1000, 7=1000, 6=1000, 32=1000, 5=1000, 4=1000, 31=1000, 160=1000, 9=1000, 8=1000, 19=1000, 179=1000, 17=1000, 18=1000, 178=1000, 177=1000, 15=1000, 16=1000, 176=1000, 13=1000, 14=1000, 11=1000, 12=1000, 21=1000, 170=1000, 171=1000, 20=1000, 174=1000, 175=1000, 172=1000, 173=1000, 188=1000, 187=1000, 189=1000, 180=1000, 181=1000, 10=1000, 182=1000, 183=1000, 184=1000, 185=1000, 186=1000, 116=1000, 79=1000, 117=1000, 114=1000, 78=1000, 77=1000, 115=1000, 112=1000, 113=1000, 110=1000, 111=1000, 118=1000, 119=1000, 82=1000, 83=1000, 80=1000, 81=1000, 86=1000, 87=1000, 84=1000, 85=1000, 67=1000, 125=1000, 126=1000, 66=1000, 69=1000, 127=1000, 68=1000, 128=1000, 121=1000, 122=1000, 123=1000, 124=1000, 129=1000, 70=1000, 120=1000, 71=1000, 72=1000, 73=1000, 74=1000, 75=1000, 76=1000, 134=1000, 135=1000, 132=1000, 59=1000, 133=1000, 58=1000, 138=1000, 57=1000, 139=1000, 136=1000, 56=1000, 55=1000, 137=1000, 64=1000, 65=1000, 62=1000, 63=1000, 131=1000, 60=1000, 130=1000, 61=1000, 143=1000, 49=1000, 144=1000, 48=1000, 145=1000, 146=1000, 147=1000, 45=1000, 148=1000, 44=1000, 47=1000, 149=1000, 46=1000, 51=1000, 52=1000, 53=1000, 54=1000, 140=1000, 142=1000, 141=1000, 50=1000, 109=1000, 108=1000, 107=1000, 106=1000, 105=1000, 104=1000, 103=1000, 99=1000, 102=1000, 101=1000, 100=1000, 98=1000, 97=1000, 96=1000, 95=1000, 94=1000, 93=1000, 92=1000, 91=1000, 90=1000, 88=1000, 89=1000, 195=1000, 194=1000, 197=1000, 196=1000, 191=1000, 190=1000, 193=1000, 192=1000, 198=1000, 199=1000}
Number of gene trees: 1000
0 trees have missing taxa
Calculating quartet distance matrix (for completion of X)
Species tree distances calculated ...
Building set of clusters (X) from gene trees 
Using tree-based weight calculation.
Number of Default Clusters: 167697
Number of quartet trees in the gene trees: 65998323741
calculating extra bipartitions to be added at level 1 ...
Number of Clusters after addition by distance: 167725
Adding to X using resolutions of greedy consensus ...
Threshold 0.0:
polytomy of size 11; rounds with additions with at least 0.01 support: 7; clusters: 168347
Threshold 0.01:
polytomy of size 29; rounds with additions with at least 0.01 support: 4; clusters: 174523
Threshold 0.02:
polytomy of size 3; rounds with additions with at least 0.01 support: 0; clusters: 174523
polytomy of size 35; rounds with additions with at least 0.01 support: 0; clusters: 182861
Threshold 0.05:
polytomy of size 5; rounds with additions with at least 0.01 support: 0; clusters: 182861
polytomy of size 4; rounds with additions with at least 0.01 support: 0; clusters: 182861
polytomy of size 48; rounds with additions with at least 0.01 support: 3; clusters: 183023
Threshold 0.1:
polytomy of size 4; rounds with additions with at least 0.01 support: 0; clusters: 183023
polytomy of size 74; rounds with additions with at least 0.01 support: 1; clusters: 183215
Threshold 0.2:
polytomy of size 5; rounds with additions with at least 0.01 support: 0; clusters: 183215
polytomy of size 4; rounds with additions with at least 0.01 support: 0; clusters: 183215
polytomy of size 3; rounds with additions with at least 0.01 support: 0; clusters: 183215
Threshold 0.3333333333333333:
polytomy of size 3; rounds with additions with at least 0.01 support: 0; clusters: 183215
polytomy of size 4; rounds with additions with at least 0.01 support: 0; clusters: 183215
polytomy of size 4; rounds with additions with at least 0.01 support: 0; clusters: 183215
polytomy of size 7; rounds with additions with at least 0.01 support: 0; clusters: 183215
Number of Clusters after addition by greedy: 183215
partitions formed in 94.671 secs
Dynamic Programming starting after 94.671 secs
Size of largest cluster: 201
Calculated 100000 weights; time (seconds): 730
Calculated 200000 weights; time (seconds): 645
Calculated 300000 weights; time (seconds): 644
Calculated 400000 weights; time (seconds): 669
Total Number of elements weighted: 476545
Normalized score (portion of input quartet trees satisfied): 0.4800064937606852
Final optimization score: 31679623973
Optimal tree inferred in 3223.598 secs.
(144,(189,(((162,(148,(37,136))),((191,194),(116,198))),((112,39),((((80,(79,(157,(108,119)))),(91,(11,(10,((41,93),((150,60),(197,(151,20)))))))),(((51,78),(120,((21,(95,55)),(180,((117,(87,177)),(75,(69,(54,(72,129))))))))),(((187,(5,84)),(((101,182),(131,(97,83))),(138,((42,81),(178,(47,71)))))),((90,(24,((153,170),(192,((188,181),(161,(122,67))))))),((((12,145),((43,1),(86,(107,124)))),((172,(63,33)),((137,175),(61,94)))),((143,65),(183,(((134,16),(140,(45,85))),((118,56),((115,139),(38,((155,109),(123,(46,(58,(70,66)))))))))))))))),(((48,62),((130,8),(((27,76),((100,(160,169)),((9,168),((96,105),(195,(99,(34,(17,102)))))))),(((82,(35,32)),(29,(40,(126,57)))),(73,(36,(59,((103,(89,18)),(111,(184,(68,(74,(164,77))))))))))))),(0,(((132,179),((25,(6,(149,(167,31)))),(141,(49,(133,((15,104),(7,(176,((152,125),(53,(142,199))))))))))),(((92,(3,190)),(135,(127,166))),((50,(14,((23,(2,(52,156))),((186,(64,163)),((110,4),(193,(113,(106,(88,13))))))))),(159,(((158,(147,44)),(173,(121,(146,128)))),((26,(28,(196,22))),(((19,98),(154,185)),(114,((30,200),(171,(174,165))))))))))))))))));
Quartet score is: 31679623973
Normalized quartet score is: 0.4800064937606852
ASTRAL finished in 3231.685 secs
