
================== ASTRAL ===================== 

This is ASTRAL version 4.10.8
Gene trees are treated as unrooted
1000 trees read from model.200.2000000.0.0000001/22/estimatedgenetre.halfresolved
All outputted trees will be *arbitrarily* rooted at 100

======== Running the main analysis
Number of taxa: 201 (201 species)
Taxa: [100, 127, 198, 13, 200, 86, 2, 115, 25, 67, 65, 80, 62, 133, 193, 131, 82, 190, 36, 18, 98, 19, 55, 33, 187, 61, 114, 17, 39, 89, 103, 109, 8, 194, 83, 53, 49, 138, 135, 92, 15, 117, 130, 41, 120, 78, 20, 99, 164, 59, 112, 4, 191, 139, 90, 32, 149, 51, 160, 29, 171, 125, 71, 174, 16, 129, 157, 184, 3, 199, 10, 88, 52, 73, 77, 132, 91, 97, 5, 195, 35, 119, 136, 102, 175, 150, 70, 154, 60, 23, 6, 173, 113, 134, 183, 81, 9, 153, 50, 144, 178, 43, 28, 180, 87, 44, 172, 105, 146, 163, 101, 57, 66, 116, 47, 106, 75, 122, 94, 197, 85, 30, 96, 151, 156, 24, 170, 177, 14, 162, 141, 147, 37, 111, 74, 196, 12, 68, 167, 123, 21, 179, 38, 1, 72, 45, 31, 34, 182, 155, 176, 124, 137, 166, 42, 189, 93, 7, 76, 161, 48, 110, 121, 26, 143, 79, 181, 40, 159, 69, 192, 142, 11, 54, 148, 27, 84, 46, 140, 63, 104, 64, 22, 58, 0, 186, 152, 185, 169, 158, 168, 107, 126, 145, 188, 95, 108, 165, 56, 128, 118]
Taxon occupancy: {35=1000, 36=1000, 33=1000, 159=1000, 34=1000, 158=1000, 157=1000, 39=1000, 156=1000, 37=1000, 155=1000, 154=1000, 38=1000, 152=1000, 153=1000, 150=1000, 151=1000, 43=1000, 42=1000, 41=1000, 40=1000, 200=1000, 22=1000, 23=1000, 169=1000, 24=1000, 25=1000, 166=1000, 26=1000, 165=1000, 27=1000, 28=1000, 168=1000, 29=1000, 167=1000, 3=1000, 161=1000, 2=1000, 162=1000, 163=1000, 1=1000, 164=1000, 0=1000, 30=1000, 7=1000, 6=1000, 5=1000, 32=1000, 160=1000, 4=1000, 31=1000, 9=1000, 8=1000, 19=1000, 17=1000, 179=1000, 18=1000, 178=1000, 15=1000, 177=1000, 16=1000, 176=1000, 13=1000, 14=1000, 11=1000, 12=1000, 170=1000, 21=1000, 171=1000, 20=1000, 174=1000, 175=1000, 172=1000, 173=1000, 188=1000, 187=1000, 189=1000, 180=1000, 10=1000, 181=1000, 182=1000, 183=1000, 184=1000, 185=1000, 186=1000, 116=1000, 117=1000, 79=1000, 114=1000, 78=1000, 77=1000, 115=1000, 112=1000, 113=1000, 110=1000, 111=1000, 118=1000, 119=1000, 82=1000, 83=1000, 80=1000, 81=1000, 86=1000, 87=1000, 84=1000, 85=1000, 125=1000, 67=1000, 126=1000, 66=1000, 127=1000, 69=1000, 128=1000, 68=1000, 121=1000, 122=1000, 123=1000, 124=1000, 129=1000, 70=1000, 71=1000, 120=1000, 72=1000, 73=1000, 74=1000, 75=1000, 76=1000, 134=1000, 135=1000, 132=1000, 59=1000, 133=1000, 138=1000, 58=1000, 139=1000, 57=1000, 56=1000, 136=1000, 55=1000, 137=1000, 64=1000, 65=1000, 62=1000, 63=1000, 60=1000, 131=1000, 61=1000, 130=1000, 49=1000, 143=1000, 144=1000, 48=1000, 145=1000, 146=1000, 147=1000, 45=1000, 44=1000, 148=1000, 149=1000, 47=1000, 46=1000, 51=1000, 52=1000, 53=1000, 54=1000, 140=1000, 142=1000, 50=1000, 141=1000, 109=1000, 108=1000, 107=1000, 106=1000, 105=1000, 104=1000, 103=1000, 102=1000, 99=1000, 101=1000, 100=1000, 98=1000, 97=1000, 96=1000, 95=1000, 94=1000, 93=1000, 92=1000, 91=1000, 90=1000, 88=1000, 89=1000, 195=1000, 194=1000, 197=1000, 196=1000, 191=1000, 190=1000, 193=1000, 192=1000, 198=1000, 199=1000}
Number of gene trees: 1000
0 trees have missing taxa
Calculating quartet distance matrix (for completion of X)
Species tree distances calculated ...
Building set of clusters (X) from gene trees 
Using tree-based weight calculation.
Number of Default Clusters: 72095
Number of quartet trees in the gene trees: 65998350000
calculating extra bipartitions to be added at level 1 ...
Number of Clusters after addition by distance: 72095
Adding to X using resolutions of greedy consensus ...
Threshold 0.0:
polytomy of size 3; rounds with additions with at least 0.01 support: 0; clusters: 72101
Threshold 0.01:
polytomy of size 3; rounds with additions with at least 0.01 support: 0; clusters: 72101
polytomy of size 7; rounds with additions with at least 0.01 support: 4; clusters: 72159
Threshold 0.02:
polytomy of size 12; rounds with additions with at least 0.01 support: 1; clusters: 72401
Threshold 0.05:
polytomy of size 4; rounds with additions with at least 0.01 support: 0; clusters: 72401
polytomy of size 15; rounds with additions with at least 0.01 support: 1; clusters: 72413
Threshold 0.1:
polytomy of size 5; rounds with additions with at least 0.01 support: 0; clusters: 72413
polytomy of size 20; rounds with additions with at least 0.01 support: 0; clusters: 72413
polytomy of size 4; rounds with additions with at least 0.01 support: 0; clusters: 72413
Threshold 0.2:
polytomy of size 4; rounds with additions with at least 0.01 support: 0; clusters: 72413
polytomy of size 3; rounds with additions with at least 0.01 support: 0; clusters: 72413
polytomy of size 35; rounds with additions with at least 0.01 support: 0; clusters: 72413
Threshold 0.3333333333333333:
polytomy of size 4; rounds with additions with at least 0.01 support: 0; clusters: 72413
polytomy of size 3; rounds with additions with at least 0.01 support: 0; clusters: 72413
polytomy of size 3; rounds with additions with at least 0.01 support: 0; clusters: 72413
polytomy of size 4; rounds with additions with at least 0.01 support: 0; clusters: 72413
polytomy of size 3; rounds with additions with at least 0.01 support: 0; clusters: 72413
polytomy of size 3; rounds with additions with at least 0.01 support: 0; clusters: 72413
polytomy of size 48; rounds with additions with at least 0.01 support: 0; clusters: 77495
Number of Clusters after addition by greedy: 77495
partitions formed in 40.172 secs
Dynamic Programming starting after 40.172 secs
Size of largest cluster: 201
Size of largest cluster: 201
Calculated 100000 weights; time (seconds): 62
Total Number of elements weighted: 216647
Normalized score (portion of input quartet trees satisfied): NaN
Final optimization score: 0
Calculated 200000 weights; time (seconds): 26
Total Number of elements weighted: 216647
Normalized score (portion of input quartet trees satisfied): 0.6280501098133514
Final optimization score: 41450270965
Optimal tree inferred in 96.261 secs.
(100,((198,13),(127,(((15,117),(17,((114,92),((53,(138,(49,135))),(103,(109,(8,(194,83)))))))),((65,(39,89)),(((((6,173),(154,(70,(175,150)))),(((131,82),(193,(62,(80,133)))),((88,(52,(73,77))),((25,67),(86,(115,(200,2))))))),((10,((174,199),((160,16),((184,3),(129,157))))),((190,((55,(33,(187,61))),(36,(18,(98,19))))),((60,23),((71,(136,102)),(195,((35,119),(91,(132,(97,5)))))))))),(0,(((99,(125,(29,171))),((164,59),(((94,197),(85,(30,96))),((66,116),(106,(47,(75,122))))))),(((186,152),(((87,(172,(180,44))),((105,146),(28,(43,(178,(9,(153,(50,144)))))))),((163,(101,57)),(145,(((185,(107,126)),(169,(158,168))),((95,(108,165)),(188,(118,(56,128))))))))),((((120,149),(41,(90,32))),(((112,4),(191,139)),(51,((20,(130,78)),(181,(79,(40,159))))))),((151,(134,(113,(183,81)))),(((58,(22,(104,64))),((54,(148,27)),(84,(46,(140,63))))),(((121,(26,143)),((45,(31,34)),((7,(189,93)),(42,((124,(137,166)),(155,(182,176))))))),((69,(11,(192,142))),(((38,(1,72)),(76,(161,(48,110)))),(162,((177,14),(((156,(24,170)),(179,(123,21))),((147,(141,(37,111))),((74,196),(12,(68,167))))))))))))))))))))));
Quartet score is: 41450270965
Normalized quartet score is: 0.6280501098133514
ASTRAL finished in 105.014 secs
