
================== ASTRAL ===================== 

This is ASTRAL version 4.10.7
Gene trees are treated as unrooted
1000 trees read from ASTRALDATA/model.100.2000000.0.000001/05/estimatedgenetre.halfresolved
All output trees will be *arbitrarily* rooted at 20

======== Running the main analysis
Number of taxa: 101 (101 species)
Taxa: [20, 4, 54, 25, 62, 49, 59, 94, 5, 90, 47, 24, 58, 38, 92, 30, 60, 21, 63, 82, 99, 48, 55, 68, 78, 80, 44, 86, 23, 39, 51, 71, 65, 67, 95, 87, 12, 0, 32, 79, 89, 7, 37, 9, 77, 43, 74, 75, 34, 45, 31, 29, 91, 1, 41, 52, 11, 96, 97, 83, 56, 40, 26, 6, 85, 53, 81, 17, 76, 88, 28, 73, 42, 27, 57, 8, 100, 13, 84, 70, 18, 61, 72, 98, 66, 64, 33, 50, 10, 93, 15, 2, 3, 69, 46, 22, 16, 35, 36, 19, 14]
Number of gene trees: 1000
0 trees have missing taxa
Calculating quartet distance matrix (for completion of X)
Species tree distances calculated ...
Building set of clusters (X) from gene trees 
Using tree-based weight calculation.
Number of Default Clusters: 9197
Number of quartet trees in the gene trees: 4082925000
calculating extra bipartitions to be added at level 1 ...
Number of Clusters after addition by distance: 9197
Adding to X using resolutions of greedy consensus ...
Threshold 0.0:
Threshold 0.01:
Threshold 0.02:
Threshold 0.05:
Threshold 0.1:
Threshold 0.2:
polytomy of size 3; rounds with additions with at least 0.01 support: 0; clusters: 9197
polytomy of size 3; rounds with additions with at least 0.01 support: 0; clusters: 9197
polytomy of size 4; rounds with additions with at least 0.01 support: 0; clusters: 9197
Threshold 0.3333333333333333:
polytomy of size 3; rounds with additions with at least 0.01 support: 0; clusters: 9197
polytomy of size 4; rounds with additions with at least 0.01 support: 0; clusters: 9197
polytomy of size 3; rounds with additions with at least 0.01 support: 0; clusters: 9197
polytomy of size 4; rounds with additions with at least 0.01 support: 0; clusters: 9197
polytomy of size 5; rounds with additions with at least 0.01 support: 0; clusters: 9197
Number of Clusters after addition by greedy: 9197
partitions formed in 4.597 secs
Dynamic Programming starting after 4.597 secs
Size of largest cluster: 101
Total Number of elements weighted: 41692
Normalized score (portion of input quartet trees satisfied): 0.9075236591414243
Final optimization score: 3705351036
Optimal tree inferred in 160.753 secs.
(46,((22,(16,35)),((14,(36,19)),(((50,10),((2,3),(69,(93,15)))),((98,(66,(64,33))),(((72,(18,(70,61))),(((13,84),(81,17)),(76,((100,(88,28)),(73,((27,57),(42,8))))))),(0,(((85,53),((40,(26,6)),((32,(79,(89,7))),(52,((11,(56,(96,(97,83)))),((37,9),(((74,75),(77,43)),(31,((34,45),(29,(1,(91,41)))))))))))),(((87,12),(71,(65,(67,95)))),((23,(39,51)),(((20,(4,54)),(49,((25,62),(59,(94,5))))),((90,(47,(24,(58,38)))),(86,((44,(60,(92,30))),((78,80),((55,(21,68)),(63,(82,(99,48)))))))))))))))))));
Quartet score is: 3705351036
Normalized quartet score is: 0.9075236591414243
ASTRAL finished in 163.27 secs
