
================== ASTRAL ===================== 

This is ASTRAL version 4.10.7
Gene trees are treated as unrooted
1000 trees read from ASTRALDATA/model.200.500000.0.000001/04/estimatedgenetre.halfresolved
All output trees will be *arbitrarily* rooted at 186

======== Running the main analysis
Number of taxa: 201 (201 species)
Taxa: [186, 118, 28, 63, 105, 95, 81, 114, 165, 100, 181, 18, 21, 93, 59, 40, 128, 140, 137, 13, 194, 111, 154, 86, 174, 2, 27, 90, 48, 158, 62, 129, 6, 74, 51, 14, 15, 68, 24, 71, 146, 149, 195, 122, 126, 33, 56, 78, 30, 73, 58, 55, 178, 159, 193, 170, 188, 7, 67, 80, 116, 87, 199, 83, 8, 134, 26, 22, 145, 25, 139, 163, 143, 34, 64, 124, 57, 10, 1, 110, 29, 77, 141, 177, 72, 184, 182, 144, 31, 187, 23, 66, 175, 171, 189, 160, 185, 82, 167, 69, 115, 4, 120, 147, 96, 94, 183, 20, 197, 113, 53, 49, 91, 109, 61, 52, 44, 196, 11, 70, 84, 103, 191, 17, 172, 112, 179, 121, 190, 152, 155, 32, 162, 92, 46, 101, 127, 108, 16, 173, 150, 75, 76, 131, 88, 176, 79, 130, 117, 37, 161, 156, 107, 89, 125, 153, 106, 135, 65, 99, 50, 98, 47, 5, 104, 151, 42, 54, 102, 119, 9, 138, 85, 3, 45, 142, 60, 39, 164, 41, 168, 136, 166, 43, 12, 192, 157, 0, 169, 198, 35, 180, 148, 36, 200, 97, 123, 132, 19, 133, 38]
Number of gene trees: 1000
0 trees have missing taxa
Calculating quartet distance matrix (for completion of X)
Species tree distances calculated ...
Building set of clusters (X) from gene trees 
Using tree-based weight calculation.
Number of Default Clusters: 179843
Number of quartet trees in the gene trees: 65995347264
calculating extra bipartitions to be added at level 1 ...
Number of Clusters after addition by distance: 179873
Adding to X using resolutions of greedy consensus ...
Threshold 0.0:
polytomy of size 3; rounds with additions with at least 0.01 support: 0; clusters: 179877
polytomy of size 12; rounds with additions with at least 0.01 support: 9; clusters: 180527
Threshold 0.01:
polytomy of size 3; rounds with additions with at least 0.01 support: 0; clusters: 180527
polytomy of size 30; rounds with additions with at least 0.01 support: 4; clusters: 188445
Threshold 0.02:
polytomy of size 5; rounds with additions with at least 0.01 support: 0; clusters: 188449
polytomy of size 42; rounds with additions with at least 0.01 support: 1; clusters: 205337
Threshold 0.05:
polytomy of size 59; rounds with additions with at least 0.01 support: 0; clusters: 205449
Threshold 0.1:
polytomy of size 70; rounds with additions with at least 0.01 support: 0; clusters: 205501
Threshold 0.2:
polytomy of size 3; rounds with additions with at least 0.01 support: 0; clusters: 205501
polytomy of size 3; rounds with additions with at least 0.01 support: 0; clusters: 205501
Threshold 0.3333333333333333:
polytomy of size 4; rounds with additions with at least 0.01 support: 0; clusters: 205501
polytomy of size 3; rounds with additions with at least 0.01 support: 0; clusters: 205501
polytomy of size 3; rounds with additions with at least 0.01 support: 0; clusters: 205501
polytomy of size 3; rounds with additions with at least 0.01 support: 0; clusters: 205501
Number of Clusters after addition by greedy: 205501
partitions formed in 94.644 secs
Dynamic Programming starting after 94.644 secs
Size of largest cluster: 201
Calculated 100000 weights; time (seconds): 902
Calculated 200000 weights; time (seconds): 810
Calculated 300000 weights; time (seconds): 834
Calculated 400000 weights; time (seconds): 864
Total Number of elements weighted: 456837
Normalized score (portion of input quartet trees satisfied): 0.47845970235881385
Final optimization score: 31576114209
Optimal tree inferred in 3913.284 secs.
(189,((160,185),(182,(171,(144,((78,30),((((181,18),((31,187),(66,(23,175)))),((177,72),(((62,129),(158,101)),(2,(27,(90,48)))))),((((137,13),((140,111),(194,154))),((122,56),(65,(((135,60),(164,41)),((126,33),(142,(45,39))))))),((86,(195,(169,198))),((40,174),(((0,(14,15)),(((112,(159,193)),((34,157),(166,(43,(12,192))))),(155,(((82,167),(49,(91,109))),((32,(162,(92,46))),((115,(64,(183,(94,20)))),(124,((147,96),(4,120))))))))),(((((84,(141,70)),((57,10),(196,11))),((44,(61,(197,52))),((103,(17,172)),(113,((184,191),(69,53)))))),((176,((29,77),(1,110))),(((108,16),(128,88)),(99,((75,(173,150)),((131,(127,76)),(47,(5,(50,98))))))))),(((163,(73,(58,55))),((114,((186,((180,38),(133,(132,19)))),((93,59),((170,153),(143,(106,(79,130))))))),(((81,(95,(105,100))),((68,24),((71,146),(165,149)))),((148,(3,36)),((139,(200,97)),((188,7),(123,(21,35)))))))),(((63,(118,28)),((168,136),(152,(190,(179,121))))),(((104,151),(6,(74,51))),((((54,102),(145,25)),((89,(107,125)),(156,(37,(117,161))))),((116,(119,(85,(9,138)))),((178,42),((67,80),((134,26),(83,((8,22),(87,199)))))))))))))))))))))));
Quartet score is: 31576114209
Normalized quartet score is: 0.47845970235881385
ASTRAL finished in 3921.922 secs
