
================== ASTRAL ===================== 

This is ASTRAL version 4.10.10
Gene trees are treated as unrooted
1000 trees read from ASTRALDATA/model.200.500000.0.0000001/49/estimatedgenetre.halfresolved
All output trees will be *arbitrarily* rooted at 113

======== Running the main analysis
Number of taxa: 201 (201 species)
Taxa: [113, 95, 142, 138, 87, 193, 181, 11, 43, 93, 157, 108, 171, 97, 8, 139, 78, 5, 82, 88, 67, 158, 166, 128, 73, 196, 107, 22, 109, 172, 162, 111, 124, 41, 96, 58, 145, 1, 126, 104, 53, 71, 163, 185, 69, 0, 200, 120, 168, 31, 179, 176, 65, 92, 180, 110, 191, 175, 134, 129, 3, 99, 52, 66, 36, 160, 155, 130, 55, 62, 19, 187, 23, 17, 103, 186, 116, 61, 121, 27, 37, 114, 190, 70, 48, 81, 35, 119, 7, 101, 89, 91, 6, 64, 149, 68, 164, 117, 177, 102, 72, 45, 147, 15, 84, 173, 38, 183, 144, 79, 123, 21, 46, 188, 131, 54, 16, 74, 28, 161, 20, 40, 18, 10, 133, 34, 51, 184, 105, 156, 59, 169, 178, 63, 50, 159, 194, 98, 32, 49, 151, 136, 127, 47, 90, 150, 25, 26, 132, 122, 118, 39, 24, 152, 57, 83, 44, 140, 115, 60, 112, 153, 80, 76, 192, 30, 135, 77, 14, 170, 146, 137, 33, 29, 174, 167, 9, 148, 94, 85, 100, 165, 125, 75, 154, 189, 106, 197, 12, 143, 42, 141, 56, 199, 195, 2, 182, 86, 198, 13, 4]
Taxon occupancy: {35=1000, 36=1000, 159=1000, 33=1000, 158=1000, 34=1000, 157=1000, 39=1000, 156=1000, 37=1000, 155=1000, 38=1000, 154=1000, 152=1000, 153=1000, 150=1000, 151=1000, 43=1000, 42=1000, 41=1000, 40=1000, 200=1000, 22=1000, 23=1000, 169=1000, 24=1000, 25=1000, 166=1000, 26=1000, 27=1000, 165=1000, 168=1000, 28=1000, 29=1000, 167=1000, 3=1000, 161=1000, 2=1000, 162=1000, 1=1000, 163=1000, 0=1000, 164=1000, 7=1000, 30=1000, 6=1000, 5=1000, 32=1000, 4=1000, 160=1000, 31=1000, 9=1000, 8=1000, 19=1000, 17=1000, 179=1000, 18=1000, 178=1000, 177=1000, 15=1000, 176=1000, 16=1000, 13=1000, 14=1000, 11=1000, 12=1000, 21=1000, 170=1000, 171=1000, 20=1000, 174=1000, 175=1000, 172=1000, 173=1000, 188=1000, 187=1000, 189=1000, 180=1000, 181=1000, 10=1000, 182=1000, 183=1000, 184=1000, 185=1000, 186=1000, 116=1000, 117=1000, 79=1000, 114=1000, 78=1000, 115=1000, 77=1000, 112=1000, 113=1000, 110=1000, 111=1000, 118=1000, 119=1000, 82=1000, 83=1000, 80=1000, 81=1000, 86=1000, 87=1000, 84=1000, 85=1000, 67=1000, 125=1000, 66=1000, 126=1000, 69=1000, 127=1000, 68=1000, 128=1000, 121=1000, 122=1000, 123=1000, 124=1000, 129=1000, 70=1000, 71=1000, 120=1000, 72=1000, 73=1000, 74=1000, 75=1000, 76=1000, 134=1000, 135=1000, 132=1000, 133=1000, 59=1000, 138=1000, 58=1000, 139=1000, 57=1000, 56=1000, 136=1000, 55=1000, 137=1000, 64=1000, 65=1000, 62=1000, 63=1000, 131=1000, 60=1000, 61=1000, 130=1000, 49=1000, 143=1000, 48=1000, 144=1000, 145=1000, 146=1000, 45=1000, 147=1000, 44=1000, 148=1000, 149=1000, 47=1000, 46=1000, 51=1000, 52=1000, 53=1000, 54=1000, 140=1000, 142=1000, 50=1000, 141=1000, 109=1000, 108=1000, 107=1000, 106=1000, 105=1000, 104=1000, 103=1000, 99=1000, 102=1000, 101=1000, 100=1000, 98=1000, 97=1000, 96=1000, 95=1000, 94=1000, 93=1000, 92=1000, 91=1000, 90=1000, 88=1000, 89=1000, 195=1000, 194=1000, 197=1000, 196=1000, 191=1000, 190=1000, 193=1000, 192=1000, 198=1000, 199=1000}
Number of gene trees: 1000
0 trees have missing taxa
Calculating quartet distance matrix (for completion of X)
Species tree distances calculated ...
Building set of clusters (X) from gene trees 
Using tree-based weight calculation.
Number of Default Clusters: 149225
Number of quartet trees in the gene trees: 65998349604
calculating extra bipartitions to be added at level 1 ...
Number of Clusters after addition by distance: 149251
Adding to X using resolutions of greedy consensus ...
Threshold 0.0:
polytomy of size 14; rounds with additions with at least 0.01 support: 9; clusters: 150893
Threshold 0.01:
polytomy of size 32; rounds with additions with at least 0.01 support: 3; clusters: 163941
Threshold 0.02:
polytomy of size 3; rounds with additions with at least 0.01 support: 0; clusters: 163941
polytomy of size 35; rounds with additions with at least 0.01 support: 6; clusters: 177761
Threshold 0.05:
polytomy of size 3; rounds with additions with at least 0.01 support: 0; clusters: 177761
polytomy of size 51; rounds with additions with at least 0.01 support: 1; clusters: 178071
Threshold 0.1:
polytomy of size 4; rounds with additions with at least 0.01 support: 0; clusters: 178071
polytomy of size 58; rounds with additions with at least 0.01 support: 1; clusters: 178287
Threshold 0.2:
polytomy of size 3; rounds with additions with at least 0.01 support: 0; clusters: 178287
polytomy of size 3; rounds with additions with at least 0.01 support: 0; clusters: 178287
polytomy of size 5; rounds with additions with at least 0.01 support: 0; clusters: 178287
polytomy of size 3; rounds with additions with at least 0.01 support: 0; clusters: 178287
polytomy of size 4; rounds with additions with at least 0.01 support: 0; clusters: 178287
polytomy of size 80; rounds with additions with at least 0.01 support: 0; clusters: 178403
Threshold 0.3333333333333333:
polytomy of size 5; rounds with additions with at least 0.01 support: 0; clusters: 178403
polytomy of size 3; rounds with additions with at least 0.01 support: 0; clusters: 178403
polytomy of size 4; rounds with additions with at least 0.01 support: 0; clusters: 178403
polytomy of size 4; rounds with additions with at least 0.01 support: 0; clusters: 178403
polytomy of size 3; rounds with additions with at least 0.01 support: 0; clusters: 178403
polytomy of size 3; rounds with additions with at least 0.01 support: 0; clusters: 178403
polytomy of size 7; rounds with additions with at least 0.01 support: 0; clusters: 178403
Number of Clusters after addition by greedy: 178403
partitions formed in 104.874 secs
Dynamic Programming starting after 104.874 secs
Size of largest cluster: 201
Calculated 100000 weights; time (seconds): 749
Calculated 200000 weights; time (seconds): 635
Calculated 300000 weights; time (seconds): 649
Calculated 400000 weights; time (seconds): 683
Total Number of elements weighted: 458037
Normalized score (portion of input quartet trees satisfied): 0.46350414268762236
Final optimization score: 30590508452
Optimal tree inferred in 3140.147 secs.
(149,((91,(89,(6,64))),(122,((68,132),((101,(27,37)),((121,114),(39,(((119,7),(26,(61,118))),((123,((186,116),(190,(70,48)))),(0,((102,((32,(50,98)),(177,((105,(159,194)),(((161,20),(178,63)),((156,127),(((59,169),(40,18)),((10,133),(34,(51,184)))))))))),(((((164,79),(135,(109,172))),(150,((25,(85,100)),((151,136),((108,171),((157,(97,8)),((43,(11,93)),(181,(87,193))))))))),((5,(160,(((66,36),(200,120)),((3,155),((130,55),(99,52)))))),(((47,90),((21,46),(72,45))),(((19,187),(62,(23,17))),((82,(188,(28,(74,(54,(131,16)))))),((166,(192,30)),((128,(88,(67,158))),((147,84),(76,(168,15)))))))))),((((95,142),(33,(113,49))),(((80,(125,75)),((141,(199,(56,(143,42)))),((154,(189,106)),(197,(165,12))))),((((13,4),(86,198)),((2,182),(173,(195,(38,183))))),((103,(53,71)),((94,(9,148)),((29,174),(185,(163,167)))))))),(((117,(139,78)),(((107,77),(73,196)),(104,((146,137),(14,(22,170)))))),((126,((162,1),((111,(58,145)),(124,(41,96))))),(((138,140),(69,(81,35))),((31,(83,(44,(179,176)))),((65,(191,144)),((115,((112,153),(180,(110,60)))),((92,175),(24,(57,(152,(134,129))))))))))))))))))))))));
Quartet score is: 30590508452
Normalized quartet score is: 0.46350414268762236
ASTRAL finished in 3148.229 secs
