
================== ASTRAL ===================== 

This is ASTRAL version 4.10.10
Gene trees are treated as unrooted
1000 trees read from ASTRALDATA/model.200.2000000.0.000001/47/estimatedgenetre.halfresolved
All output trees will be *arbitrarily* rooted at 27

======== Running the main analysis
Number of taxa: 201 (201 species)
Taxa: [27, 86, 169, 82, 17, 173, 136, 96, 10, 149, 91, 48, 196, 18, 102, 115, 39, 126, 171, 122, 8, 178, 65, 9, 188, 189, 113, 53, 148, 63, 133, 191, 54, 38, 157, 164, 73, 141, 151, 12, 43, 37, 183, 14, 81, 2, 114, 94, 168, 158, 150, 95, 104, 167, 106, 3, 42, 146, 156, 92, 56, 107, 153, 29, 131, 177, 24, 180, 170, 93, 125, 176, 61, 76, 36, 140, 40, 79, 194, 129, 26, 83, 55, 23, 134, 120, 199, 35, 137, 124, 58, 45, 155, 88, 13, 163, 118, 30, 135, 186, 64, 59, 20, 100, 117, 33, 78, 179, 200, 84, 7, 187, 184, 144, 34, 32, 165, 6, 105, 142, 108, 22, 66, 72, 198, 190, 50, 98, 172, 75, 99, 51, 197, 185, 87, 162, 47, 80, 15, 195, 130, 71, 109, 193, 1, 16, 160, 60, 145, 166, 31, 5, 0, 181, 46, 49, 19, 4, 85, 143, 69, 128, 119, 90, 159, 44, 121, 123, 147, 68, 57, 127, 25, 70, 67, 74, 175, 111, 116, 110, 138, 62, 192, 152, 132, 11, 174, 154, 139, 182, 21, 103, 77, 52, 41, 112, 161, 89, 97, 101, 28]
Taxon occupancy: {35=1000, 36=1000, 33=1000, 159=1000, 158=1000, 34=1000, 39=1000, 157=1000, 156=1000, 155=1000, 37=1000, 38=1000, 154=1000, 152=1000, 153=1000, 150=1000, 151=1000, 43=1000, 42=1000, 41=1000, 40=1000, 200=1000, 22=1000, 23=1000, 169=1000, 24=1000, 25=1000, 26=1000, 166=1000, 27=1000, 165=1000, 28=1000, 168=1000, 29=1000, 167=1000, 161=1000, 3=1000, 2=1000, 162=1000, 163=1000, 1=1000, 164=1000, 0=1000, 30=1000, 7=1000, 6=1000, 32=1000, 5=1000, 160=1000, 31=1000, 4=1000, 9=1000, 8=1000, 19=1000, 17=1000, 179=1000, 178=1000, 18=1000, 177=1000, 15=1000, 176=1000, 16=1000, 13=1000, 14=1000, 11=1000, 12=1000, 170=1000, 21=1000, 171=1000, 20=1000, 174=1000, 175=1000, 172=1000, 173=1000, 188=1000, 187=1000, 189=1000, 180=1000, 10=1000, 181=1000, 182=1000, 183=1000, 184=1000, 185=1000, 186=1000, 116=1000, 79=1000, 117=1000, 114=1000, 78=1000, 77=1000, 115=1000, 112=1000, 113=1000, 110=1000, 111=1000, 118=1000, 119=1000, 82=1000, 83=1000, 80=1000, 81=1000, 86=1000, 87=1000, 84=1000, 85=1000, 125=1000, 67=1000, 126=1000, 66=1000, 69=1000, 127=1000, 128=1000, 68=1000, 121=1000, 122=1000, 123=1000, 124=1000, 129=1000, 70=1000, 120=1000, 71=1000, 72=1000, 73=1000, 74=1000, 75=1000, 76=1000, 134=1000, 135=1000, 132=1000, 133=1000, 59=1000, 58=1000, 138=1000, 57=1000, 139=1000, 56=1000, 136=1000, 137=1000, 55=1000, 64=1000, 65=1000, 62=1000, 63=1000, 131=1000, 60=1000, 61=1000, 130=1000, 49=1000, 143=1000, 48=1000, 144=1000, 145=1000, 146=1000, 45=1000, 147=1000, 148=1000, 44=1000, 149=1000, 47=1000, 46=1000, 51=1000, 52=1000, 53=1000, 54=1000, 140=1000, 142=1000, 141=1000, 50=1000, 109=1000, 108=1000, 107=1000, 106=1000, 105=1000, 104=1000, 103=1000, 102=1000, 99=1000, 101=1000, 100=1000, 98=1000, 97=1000, 96=1000, 95=1000, 94=1000, 93=1000, 92=1000, 91=1000, 90=1000, 88=1000, 89=1000, 195=1000, 194=1000, 197=1000, 196=1000, 191=1000, 190=1000, 193=1000, 192=1000, 198=1000, 199=1000}
Number of gene trees: 1000
0 trees have missing taxa
Calculating quartet distance matrix (for completion of X)
Species tree distances calculated ...
Building set of clusters (X) from gene trees 
Using tree-based weight calculation.
Number of Default Clusters: 34071
Number of quartet trees in the gene trees: 65998350000
calculating extra bipartitions to be added at level 1 ...
Number of Clusters after addition by distance: 34071
Adding to X using resolutions of greedy consensus ...
Threshold 0.0:
Threshold 0.01:
polytomy of size 4; rounds with additions with at least 0.01 support: 0; clusters: 34071
Threshold 0.02:
polytomy of size 4; rounds with additions with at least 0.01 support: 0; clusters: 34071
Threshold 0.05:
polytomy of size 3; rounds with additions with at least 0.01 support: 0; clusters: 34071
polytomy of size 6; rounds with additions with at least 0.01 support: 0; clusters: 34071
Threshold 0.1:
polytomy of size 3; rounds with additions with at least 0.01 support: 0; clusters: 34071
polytomy of size 4; rounds with additions with at least 0.01 support: 0; clusters: 34071
polytomy of size 8; rounds with additions with at least 0.01 support: 0; clusters: 34071
Threshold 0.2:
polytomy of size 3; rounds with additions with at least 0.01 support: 0; clusters: 34071
polytomy of size 4; rounds with additions with at least 0.01 support: 0; clusters: 34071
polytomy of size 4; rounds with additions with at least 0.01 support: 0; clusters: 34071
polytomy of size 5; rounds with additions with at least 0.01 support: 0; clusters: 34071
polytomy of size 8; rounds with additions with at least 0.01 support: 0; clusters: 34071
Threshold 0.3333333333333333:
polytomy of size 3; rounds with additions with at least 0.01 support: 0; clusters: 34071
polytomy of size 5; rounds with additions with at least 0.01 support: 0; clusters: 34071
polytomy of size 3; rounds with additions with at least 0.01 support: 0; clusters: 34071
polytomy of size 4; rounds with additions with at least 0.01 support: 0; clusters: 34071
polytomy of size 6; rounds with additions with at least 0.01 support: 0; clusters: 34071
polytomy of size 3; rounds with additions with at least 0.01 support: 0; clusters: 34071
polytomy of size 3; rounds with additions with at least 0.01 support: 0; clusters: 34071
polytomy of size 3; rounds with additions with at least 0.01 support: 0; clusters: 34071
polytomy of size 3; rounds with additions with at least 0.01 support: 0; clusters: 34071
polytomy of size 3; rounds with additions with at least 0.01 support: 0; clusters: 34071
polytomy of size 3; rounds with additions with at least 0.01 support: 0; clusters: 34071
polytomy of size 3; rounds with additions with at least 0.01 support: 0; clusters: 34071
polytomy of size 3; rounds with additions with at least 0.01 support: 0; clusters: 34071
polytomy of size 3; rounds with additions with at least 0.01 support: 0; clusters: 34071
polytomy of size 4; rounds with additions with at least 0.01 support: 0; clusters: 34071
polytomy of size 4; rounds with additions with at least 0.01 support: 0; clusters: 34071
polytomy of size 4; rounds with additions with at least 0.01 support: 0; clusters: 34071
polytomy of size 5; rounds with additions with at least 0.01 support: 0; clusters: 34071
polytomy of size 3; rounds with additions with at least 0.01 support: 0; clusters: 34071
polytomy of size 3; rounds with additions with at least 0.01 support: 0; clusters: 34071
polytomy of size 17; rounds with additions with at least 0.01 support: 0; clusters: 34107
Number of Clusters after addition by greedy: 34107
partitions formed in 21.954 secs
Dynamic Programming starting after 21.954 secs
Size of largest cluster: 201
Calculated 100000 weights; time (seconds): 619
Total Number of elements weighted: 169754
Normalized score (portion of input quartet trees satisfied): 0.7626792162531336
Final optimization score: 50335569852
Optimal tree inferred in 1036.11 secs.
(13,(163,(118,((88,(45,155)),(((84,7),((20,(179,200)),(((100,33),(117,78)),((30,135),(59,(186,64)))))),((124,58),((159,(116,(90,(119,((85,(143,(69,128))),(57,(((67,(70,74)),(44,(175,111))),(25,(127,((121,123),(147,68))))))))))),((46,(49,(181,(19,4)))),(110,((((160,60),((172,75),(99,(51,197)))),((((22,(142,108)),(165,(6,105))),((145,166),(187,(144,(34,(184,32)))))),((185,(87,(80,(162,47)))),((15,(1,(193,16))),(((195,130),(71,109)),(137,((120,199),(134,35)))))))),((((154,(132,(11,174))),(152,(62,(138,192)))),((139,((103,77),(182,21))),((66,72),((50,98),(198,190))))),((112,(41,(161,(52,((101,28),(89,97)))))),((((27,86),(169,(82,17))),((102,(173,136)),(((8,178),(115,(39,(126,(171,122))))),((191,((96,10),((196,18),(149,(91,48))))),(54,((157,164),(38,((73,141),(151,12))))))))),((0,((31,5),((93,125),(((43,37),(183,(14,(81,2)))),((65,(9,188)),(189,((63,133),(113,(53,148))))))))),(((176,61),(23,((26,(55,(129,83))),((76,36),(194,(79,(140,40))))))),((114,94),(168,(170,(42,(((150,95),(158,(167,(104,106)))),(3,((146,(156,(92,56))),((24,(153,29)),(180,(107,(131,177))))))))))))))))))))))))));
Quartet score is: 50335569852
Normalized quartet score is: 0.7626792162531336
ASTRAL finished in 1044.044 secs
