
================== ASTRAL ===================== 

This is ASTRAL version 4.10.10
Gene trees are treated as unrooted
1000 trees read from ASTRALDATA/model.50.2000000.0.000001/12/estimatedgenetre.halfresolved
All output trees will be *arbitrarily* rooted at 14

======== Running the main analysis
Number of taxa: 51 (51 species)
Taxa: [14, 45, 23, 28, 12, 19, 32, 18, 0, 37, 36, 5, 46, 1, 13, 20, 22, 38, 3, 24, 4, 27, 43, 48, 6, 35, 33, 21, 44, 11, 17, 15, 50, 7, 10, 42, 2, 9, 26, 29, 8, 49, 31, 41, 30, 34, 25, 16, 40, 47, 39]
Taxon occupancy: {35=1000, 36=1000, 33=1000, 34=1000, 39=1000, 37=1000, 38=1000, 43=1000, 42=1000, 41=1000, 40=1000, 22=1000, 23=1000, 24=1000, 25=1000, 26=1000, 27=1000, 28=1000, 29=1000, 3=1000, 2=1000, 1=1000, 0=1000, 7=1000, 30=1000, 6=1000, 32=1000, 5=1000, 4=1000, 31=1000, 9=1000, 8=1000, 19=1000, 17=1000, 18=1000, 15=1000, 16=1000, 13=1000, 14=1000, 11=1000, 12=1000, 21=1000, 20=1000, 49=1000, 48=1000, 45=1000, 44=1000, 47=1000, 46=1000, 10=1000, 50=1000}
Number of gene trees: 1000
0 trees have missing taxa
Calculating quartet distance matrix (for completion of X)
Species tree distances calculated ...
Building set of clusters (X) from gene trees 
Using tree-based weight calculation.
Number of Default Clusters: 4683
Number of quartet trees in the gene trees: 249899472
calculating extra bipartitions to be added at level 1 ...
Number of Clusters after addition by distance: 4683
Adding to X using resolutions of greedy consensus ...
Threshold 0.0:
Threshold 0.01:
Threshold 0.02:
Threshold 0.05:
Threshold 0.1:
polytomy of size 3; rounds with additions with at least 0.01 support: 0; clusters: 4683
Threshold 0.2:
polytomy of size 4; rounds with additions with at least 0.01 support: 0; clusters: 4683
Threshold 0.3333333333333333:
polytomy of size 3; rounds with additions with at least 0.01 support: 0; clusters: 4683
polytomy of size 4; rounds with additions with at least 0.01 support: 0; clusters: 4683
polytomy of size 5; rounds with additions with at least 0.01 support: 0; clusters: 4683
polytomy of size 7; rounds with additions with at least 0.01 support: 0; clusters: 4683
Number of Clusters after addition by greedy: 4683
partitions formed in 2.754 secs
Dynamic Programming starting after 2.754 secs
Size of largest cluster: 51
Total Number of elements weighted: 26739
Normalized score (portion of input quartet trees satisfied): 0.8937943814463122
Final optimization score: 223358744
Optimal tree inferred in 43.345 secs.
(0,(((3,24),((20,(22,38)),(37,((1,13),(46,(36,5)))))),((4,(27,(43,(48,(6,35))))),((23,((32,18),(19,(28,12)))),((45,((10,(42,(2,9))),(7,((44,(11,17)),(50,(15,(33,21))))))),((47,(29,(14,26))),((8,(39,(49,31))),(41,(30,(34,(25,(16,40))))))))))));
Quartet score is: 223358744
Normalized quartet score is: 0.8937943814463122
ASTRAL finished in 44.376 secs
