
================== ASTRAL ===================== 

This is ASTRAL version 4.10.10
Gene trees are treated as unrooted
1000 trees read from ASTRALDATA/model.200.10000000.0.0000001/05/estimatedgenetre.halfresolved
All output trees will be *arbitrarily* rooted at 5

======== Running the main analysis
Number of taxa: 201 (201 species)
Taxa: [5, 106, 56, 6, 105, 23, 91, 37, 99, 86, 155, 135, 162, 34, 103, 16, 133, 22, 9, 146, 64, 125, 153, 57, 84, 63, 50, 90, 82, 161, 188, 8, 7, 191, 109, 159, 92, 79, 115, 70, 108, 25, 49, 169, 160, 96, 128, 195, 163, 11, 43, 200, 138, 173, 192, 164, 102, 52, 140, 122, 68, 151, 0, 18, 87, 177, 13, 111, 81, 44, 98, 69, 75, 119, 67, 118, 144, 93, 24, 121, 180, 168, 186, 48, 72, 66, 46, 100, 184, 182, 199, 26, 47, 29, 134, 136, 4, 10, 35, 141, 126, 62, 165, 113, 58, 145, 197, 17, 12, 175, 124, 40, 123, 21, 45, 97, 36, 139, 127, 198, 178, 38, 60, 54, 110, 59, 31, 33, 131, 132, 73, 101, 104, 196, 194, 19, 189, 20, 15, 32, 152, 78, 176, 166, 2, 120, 142, 193, 158, 1, 143, 185, 179, 130, 42, 183, 71, 95, 117, 14, 149, 77, 148, 181, 41, 65, 129, 147, 174, 51, 74, 154, 187, 116, 171, 83, 94, 156, 30, 167, 39, 190, 53, 76, 114, 170, 27, 157, 3, 89, 85, 112, 28, 55, 150, 88, 107, 137, 61, 172, 80]
Taxon occupancy: {35=1000, 36=1000, 159=1000, 33=1000, 34=1000, 158=1000, 39=1000, 157=1000, 156=1000, 37=1000, 155=1000, 38=1000, 154=1000, 152=1000, 153=1000, 150=1000, 151=1000, 43=1000, 42=1000, 41=1000, 40=1000, 200=1000, 22=1000, 23=1000, 169=1000, 24=1000, 25=1000, 26=1000, 166=1000, 165=1000, 27=1000, 28=1000, 168=1000, 29=1000, 167=1000, 161=1000, 3=1000, 162=1000, 2=1000, 163=1000, 1=1000, 0=1000, 164=1000, 7=1000, 30=1000, 6=1000, 5=1000, 32=1000, 160=1000, 4=1000, 31=1000, 9=1000, 8=1000, 19=1000, 17=1000, 179=1000, 18=1000, 178=1000, 177=1000, 15=1000, 16=1000, 176=1000, 13=1000, 14=1000, 11=1000, 12=1000, 21=1000, 170=1000, 20=1000, 171=1000, 174=1000, 175=1000, 172=1000, 173=1000, 188=1000, 187=1000, 189=1000, 180=1000, 10=1000, 181=1000, 182=1000, 183=1000, 184=1000, 185=1000, 186=1000, 116=1000, 79=1000, 117=1000, 78=1000, 114=1000, 115=1000, 77=1000, 112=1000, 113=1000, 110=1000, 111=1000, 118=1000, 119=1000, 82=1000, 83=1000, 80=1000, 81=1000, 86=1000, 87=1000, 84=1000, 85=1000, 67=1000, 125=1000, 66=1000, 126=1000, 69=1000, 127=1000, 68=1000, 128=1000, 121=1000, 122=1000, 123=1000, 124=1000, 129=1000, 70=1000, 120=1000, 71=1000, 72=1000, 73=1000, 74=1000, 75=1000, 76=1000, 134=1000, 135=1000, 132=1000, 133=1000, 59=1000, 138=1000, 58=1000, 57=1000, 139=1000, 136=1000, 56=1000, 137=1000, 55=1000, 64=1000, 65=1000, 62=1000, 63=1000, 60=1000, 131=1000, 61=1000, 130=1000, 49=1000, 143=1000, 48=1000, 144=1000, 145=1000, 146=1000, 45=1000, 147=1000, 44=1000, 148=1000, 47=1000, 149=1000, 46=1000, 51=1000, 52=1000, 53=1000, 54=1000, 140=1000, 142=1000, 50=1000, 141=1000, 109=1000, 108=1000, 107=1000, 106=1000, 105=1000, 104=1000, 103=1000, 102=1000, 99=1000, 101=1000, 100=1000, 98=1000, 97=1000, 96=1000, 95=1000, 94=1000, 93=1000, 92=1000, 91=1000, 90=1000, 88=1000, 89=1000, 195=1000, 194=1000, 197=1000, 196=1000, 191=1000, 190=1000, 193=1000, 192=1000, 198=1000, 199=1000}
Number of gene trees: 1000
0 trees have missing taxa
Calculating quartet distance matrix (for completion of X)
Species tree distances calculated ...
Building set of clusters (X) from gene trees 
Using tree-based weight calculation.
Number of Default Clusters: 52997
Number of quartet trees in the gene trees: 65998350000
calculating extra bipartitions to be added at level 1 ...
Number of Clusters after addition by distance: 53001
Adding to X using resolutions of greedy consensus ...
Threshold 0.0:
Threshold 0.01:
polytomy of size 8; rounds with additions with at least 0.01 support: 1; clusters: 53135
Threshold 0.02:
polytomy of size 11; rounds with additions with at least 0.01 support: 1; clusters: 53435
Threshold 0.05:
polytomy of size 15; rounds with additions with at least 0.01 support: 2; clusters: 53453
Threshold 0.1:
polytomy of size 3; rounds with additions with at least 0.01 support: 0; clusters: 53453
polytomy of size 22; rounds with additions with at least 0.01 support: 0; clusters: 53471
Threshold 0.2:
polytomy of size 3; rounds with additions with at least 0.01 support: 0; clusters: 53471
polytomy of size 29; rounds with additions with at least 0.01 support: 0; clusters: 53475
Threshold 0.3333333333333333:
polytomy of size 4; rounds with additions with at least 0.01 support: 0; clusters: 53475
polytomy of size 3; rounds with additions with at least 0.01 support: 0; clusters: 53475
polytomy of size 3; rounds with additions with at least 0.01 support: 0; clusters: 53475
polytomy of size 3; rounds with additions with at least 0.01 support: 0; clusters: 53475
polytomy of size 3; rounds with additions with at least 0.01 support: 0; clusters: 53475
polytomy of size 3; rounds with additions with at least 0.01 support: 0; clusters: 53475
polytomy of size 37; rounds with additions with at least 0.01 support: 0; clusters: 58373
Number of Clusters after addition by greedy: 58373
partitions formed in 29.648 secs
Dynamic Programming starting after 29.648 secs
Size of largest cluster: 201
Calculated 100000 weights; time (seconds): 632
Total Number of elements weighted: 155711
Normalized score (portion of input quartet trees satisfied): 0.7125209972522041
Final optimization score: 47025210159
Optimal tree inferred in 981.561 secs.
(134,(136,(29,((((100,184),(182,199)),(168,(46,(66,(186,(48,72)))))),((26,47),(((154,(74,187)),((41,(116,(171,83))),(174,(51,(65,(129,147)))))),((39,(54,(110,59))),(((((1,(152,78)),(143,(185,179))),(((176,2),((166,158),(193,(120,142)))),((4,(157,88)),((67,118),((69,(75,119)),((44,98),(111,81))))))),((189,(32,(20,15))),((167,(156,30)),(((172,80),(198,(178,38))),(((127,(190,53)),((140,122),((130,(42,183)),(71,(95,117))))),((31,(18,(87,(177,13)))),((73,101),(104,(196,((194,19),(33,(131,132)))))))))))),(((151,14),(((123,170),(60,(93,(24,121)))),((21,(45,(97,(36,139)))),((126,(10,(35,141))),((124,40),((58,145),((197,(17,12)),(62,(175,(165,113)))))))))),((0,(68,(144,(3,89)))),((180,(((195,(163,11)),((28,55),(150,(85,112)))),(((76,114),((149,77),(148,181))),(((56,(5,106)),(6,((91,37),(105,23)))),(27,((43,200),((94,(138,173)),(192,(164,(102,52)))))))))),(((153,107),(((16,133),(135,(103,(162,34)))),((99,(86,155)),((146,64),(22,(9,125)))))),((57,(137,61)),(((115,(79,70)),(108,((160,(96,128)),(25,(49,169))))),((84,(63,(50,90))),((82,161),((188,8),((159,92),(191,(7,109))))))))))))))))))));
Quartet score is: 47025210159
Normalized quartet score is: 0.7125209972522041
ASTRAL finished in 989.38 secs
