
================== ASTRAL ===================== 

This is ASTRAL version 4.10.8
Gene trees are treated as unrooted
1000 trees read from ASTRALDATA/model.1000.2000000.0.000001/02/estimatedgenetre.halfresolved
All outputted trees will be *arbitrarily* rooted at 182

======== Running the main analysis
Number of taxa: 1001 (1001 species)
Taxa: [182, 563, 292, 402, 572, 736, 320, 150, 54, 554, 381, 310, 199, 858, 268, 956, 371, 879, 77, 509, 585, 155, 19, 394, 991, 0, 69, 754, 861, 542, 422, 217, 252, 276, 461, 701, 350, 361, 274, 471, 722, 270, 774, 881, 869, 111, 169, 871, 569, 822, 90, 886, 576, 930, 353, 413, 20, 976, 277, 475, 731, 608, 237, 318, 225, 469, 218, 105, 829, 899, 635, 184, 865, 138, 437, 323, 180, 868, 639, 378, 664, 338, 728, 33, 122, 699, 4, 167, 975, 998, 328, 734, 718, 644, 986, 979, 463, 920, 523, 684, 458, 68, 444, 302, 389, 212, 746, 231, 130, 213, 219, 325, 101, 801, 693, 247, 382, 996, 884, 403, 110, 405, 72, 468, 559, 434, 232, 646, 974, 545, 825, 667, 850, 263, 620, 845, 800, 544, 498, 216, 228, 477, 16, 959, 121, 707, 484, 745, 517, 808, 756, 623, 880, 193, 280, 63, 92, 515, 910, 322, 896, 860, 273, 702, 557, 451, 960, 198, 146, 209, 279, 536, 688, 790, 368, 709, 408, 406, 903, 571, 158, 792, 816, 494, 804, 97, 666, 809, 466, 373, 989, 936, 712, 679, 370, 757, 631, 922, 827, 610, 738, 48, 706, 248, 594, 716, 566, 720, 632, 915, 578, 342, 306, 526, 76, 836, 499, 876, 107, 117, 30, 196, 384, 724, 305, 441, 488, 192, 37, 425, 830, 24, 12, 513, 653, 602, 491, 79, 162, 538, 732, 427, 872, 134, 854, 719, 60, 457, 539, 762, 669, 686, 486, 726, 332, 227, 397, 902, 419, 781, 660, 357, 982, 13, 990, 220, 124, 336, 44, 944, 224, 335, 787, 870, 18, 416, 36, 41, 10, 233, 925, 874, 967, 711, 882, 91, 983, 766, 315, 764, 329, 505, 168, 638, 518, 923, 301, 414, 52, 420, 449, 786, 385, 135, 561, 649, 255, 968, 175, 129, 493, 562, 520, 627, 157, 689, 254, 142, 695, 668, 842, 300, 409, 984, 682, 136, 947, 913, 74, 455, 604, 761, 398, 948, 813, 153, 32, 721, 846, 131, 862, 386, 965, 887, 605, 355, 35, 713, 95, 5, 812, 700, 456, 788, 759, 285, 587, 7, 396, 599, 116, 625, 705, 739, 866, 552, 941, 814, 106, 295, 972, 737, 443, 424, 435, 636, 917, 478, 817, 470, 407, 258, 940, 907, 496, 662, 8, 423, 613, 25, 617, 547, 462, 236, 187, 201, 172, 665, 56, 189, 914, 784, 67, 326, 863, 284, 775, 269, 820, 265, 464, 15, 230, 909, 773, 532, 304, 938, 908, 704, 222, 479, 23, 900, 165, 128, 262, 38, 833, 535, 673, 215, 768, 952, 564, 511, 204, 299, 297, 548, 847, 641, 341, 214, 508, 148, 743, 916, 415, 928, 747, 921, 918, 634, 591, 540, 141, 780, 810, 966, 372, 894, 223, 516, 66, 963, 161, 460, 849, 549, 126, 365, 256, 853, 185, 980, 616, 410, 487, 950, 514, 376, 275, 26, 841, 851, 565, 647, 483, 826, 421, 391, 181, 633, 791, 340, 253, 88, 932, 271, 715, 937, 889, 929, 533, 717, 27, 593, 964, 678, 856, 349, 358, 418, 308, 34, 364, 611, 166, 388, 58, 83, 835, 303, 379, 951, 893, 579, 411, 383, 603, 28, 512, 815, 885, 742, 970, 226, 819, 692, 339, 96, 442, 492, 293, 114, 363, 21, 878, 776, 949, 971, 113, 609, 307, 592, 171, 73, 690, 93, 321, 289, 191, 43, 205, 551, 240, 803, 765, 241, 877, 109, 898, 447, 3, 359, 495, 294, 855, 821, 697, 658, 888, 823, 507, 675, 440, 906, 317, 580, 450, 430, 393, 503, 992, 621, 912, 767, 828, 1000, 156, 251, 343, 61, 843, 46, 650, 282, 607, 70, 454, 919, 943, 597, 65, 799, 352, 197, 805, 575, 250, 64, 14, 177, 793, 519, 806, 714, 637, 476, 794, 640, 840, 725, 935, 834, 186, 755, 40, 685, 80, 997, 733, 202, 589, 207, 763, 570, 160, 584, 890, 115, 779, 696, 939, 311, 490, 190, 648, 844, 81, 652, 588, 740, 537, 760, 848, 140, 708, 438, 467, 472, 558, 319, 857, 200, 390, 619, 298, 657, 573, 11, 748, 752, 497, 931, 698, 50, 401, 560, 1, 45, 567, 797, 875, 291, 112, 911, 624, 125, 501, 831, 954, 369, 147, 6, 244, 783, 387, 852, 550, 525, 170, 615, 324, 500, 663, 957, 139, 266, 87, 581, 174, 119, 978, 85, 999, 905, 628, 676, 404, 596, 522, 432, 287, 428, 347, 354, 49, 143, 173, 260, 598, 59, 278, 659, 99, 750, 330, 84, 392, 703, 108, 955, 103, 933, 802, 123, 995, 344, 546, 75, 981, 730, 151, 618, 17, 661, 691, 433, 429, 439, 481, 694, 574, 327, 313, 203, 590, 926, 824, 969, 655, 524, 137, 154, 164, 267, 281, 630, 89, 614, 296, 249, 183, 482, 221, 55, 626, 832, 985, 796, 229, 2, 741, 474, 62, 345, 687, 235, 744, 643, 288, 582, 362, 595, 86, 895, 465, 163, 459, 312, 528, 531, 583, 272, 735, 448, 973, 348, 527, 577, 749, 245, 374, 104, 864, 807, 283, 891, 962, 194, 98, 777, 839, 958, 504, 778, 9, 133, 179, 82, 942, 782, 859, 904, 901, 672, 144, 629, 333, 118, 445, 51, 758, 530, 883, 188, 145, 945, 568, 246, 553, 178, 993, 314, 366, 337, 242, 772, 671, 677, 795, 798, 651, 377, 367, 556, 351, 132, 127, 818, 873, 946, 436, 210, 57, 529, 953, 977, 987, 656, 988, 994, 120, 601, 239, 309, 102, 206, 375, 654, 642, 480, 555, 22, 670, 674, 785, 521, 502, 159, 645, 412, 431, 473, 622, 39, 789, 506, 897, 681, 751, 316, 400, 152, 934, 31, 838, 53, 29, 710, 261, 395, 208, 346, 446, 586, 100, 399, 727, 612, 257, 334, 360, 417, 94, 600, 770, 892, 729, 485, 837, 426, 453, 264, 176, 606, 47, 769, 195, 924, 510, 867, 71, 42, 331, 489, 927, 811, 723, 683, 380, 753, 356, 149, 543, 286, 243, 961, 771, 541, 290, 452, 78, 234, 680, 259, 238, 534, 211]
Taxon occupancy: {338=1000, 339=1000, 941=1000, 942=1000, 940=1000, 945=1000, 332=1000, 946=1000, 333=1000, 943=1000, 330=1000, 331=1000, 944=1000, 336=1000, 949=1000, 337=1000, 334=1000, 947=1000, 948=1000, 335=1000, 531=1000, 748=1000, 530=1000, 747=1000, 746=1000, 745=1000, 535=1000, 534=1000, 533=1000, 749=1000, 532=1000, 539=1000, 740=1000, 538=1000, 537=1000, 536=1000, 744=1000, 743=1000, 742=1000, 741=1000, 349=1000, 930=1000, 931=1000, 341=1000, 932=1000, 342=1000, 933=1000, 934=1000, 343=1000, 935=1000, 344=1000, 345=1000, 936=1000, 346=1000, 937=1000, 938=1000, 347=1000, 348=1000, 939=1000, 735=1000, 540=1000, 3=1000, 2=1000, 734=1000, 929=1000, 737=1000, 542=1000, 1=1000, 541=1000, 736=1000, 0=1000, 739=1000, 7=1000, 544=1000, 543=1000, 738=1000, 6=1000, 5=1000, 340=1000, 546=1000, 4=1000, 545=1000, 548=1000, 547=1000, 9=1000, 8=1000, 549=1000, 731=1000, 730=1000, 733=1000, 732=1000, 920=1000, 318=1000, 319=1000, 316=1000, 317=1000, 927=1000, 314=1000, 315=1000, 928=1000, 312=1000, 925=1000, 926=1000, 313=1000, 923=1000, 310=1000, 924=1000, 311=1000, 921=1000, 922=1000, 513=1000, 729=1000, 512=1000, 728=1000, 511=1000, 510=1000, 727=1000, 726=1000, 725=1000, 724=1000, 919=1000, 723=1000, 918=1000, 722=1000, 721=1000, 720=1000, 519=1000, 518=1000, 517=1000, 516=1000, 515=1000, 514=1000, 327=1000, 328=1000, 329=1000, 323=1000, 914=1000, 915=1000, 324=1000, 325=1000, 916=1000, 917=1000, 326=1000, 910=1000, 709=1000, 320=1000, 911=1000, 321=1000, 912=1000, 913=1000, 322=1000, 717=1000, 522=1000, 521=1000, 716=1000, 524=1000, 719=1000, 718=1000, 523=1000, 713=1000, 908=1000, 907=1000, 712=1000, 520=1000, 715=1000, 909=1000, 714=1000, 529=1000, 711=1000, 710=1000, 526=1000, 525=1000, 528=1000, 527=1000, 989=1000, 988=1000, 987=1000, 571=1000, 570=1000, 982=1000, 981=1000, 980=1000, 986=1000, 985=1000, 984=1000, 983=1000, 700=1000, 574=1000, 703=1000, 704=1000, 575=1000, 572=1000, 701=1000, 702=1000, 573=1000, 578=1000, 707=1000, 579=1000, 708=1000, 705=1000, 576=1000, 577=1000, 706=1000, 977=1000, 976=1000, 300=1000, 979=1000, 978=1000, 302=1000, 580=1000, 301=1000, 582=1000, 304=1000, 303=1000, 581=1000, 306=1000, 305=1000, 308=1000, 971=1000, 970=1000, 307=1000, 973=1000, 309=1000, 972=1000, 975=1000, 974=1000, 583=1000, 584=1000, 585=1000, 586=1000, 587=1000, 588=1000, 589=1000, 969=1000, 968=1000, 967=1000, 966=1000, 965=1000, 964=1000, 963=1000, 962=1000, 961=1000, 960=1000, 558=1000, 559=1000, 556=1000, 557=1000, 554=1000, 555=1000, 552=1000, 553=1000, 550=1000, 551=1000, 959=1000, 958=1000, 560=1000, 955=1000, 954=1000, 957=1000, 956=1000, 951=1000, 950=1000, 953=1000, 952=1000, 569=1000, 565=1000, 566=1000, 567=1000, 568=1000, 561=1000, 562=1000, 563=1000, 564=1000, 799=1000, 798=1000, 797=1000, 796=1000, 795=1000, 794=1000, 793=1000, 792=1000, 996=1000, 790=1000, 791=1000, 997=1000, 994=1000, 995=1000, 992=1000, 993=1000, 990=1000, 991=1000, 998=1000, 999=1000, 781=1000, 782=1000, 783=1000, 784=1000, 785=1000, 786=1000, 787=1000, 788=1000, 789=1000, 780=1000, 772=1000, 505=1000, 506=1000, 773=1000, 770=1000, 503=1000, 771=1000, 504=1000, 509=1000, 776=1000, 777=1000, 774=1000, 507=1000, 775=1000, 508=1000, 778=1000, 779=1000, 501=1000, 502=1000, 500=1000, 763=1000, 764=1000, 765=1000, 766=1000, 760=1000, 761=1000, 762=1000, 767=1000, 768=1000, 769=1000, 754=1000, 755=1000, 752=1000, 753=1000, 750=1000, 751=1000, 758=1000, 759=1000, 756=1000, 757=1000, 595=1000, 594=1000, 391=1000, 597=1000, 390=1000, 596=1000, 599=1000, 393=1000, 598=1000, 392=1000, 395=1000, 394=1000, 396=1000, 397=1000, 398=1000, 399=1000, 590=1000, 591=1000, 592=1000, 593=1000, 383=1000, 384=1000, 381=1000, 382=1000, 380=1000, 389=1000, 388=1000, 387=1000, 386=1000, 385=1000, 370=1000, 371=1000, 372=1000, 373=1000, 379=1000, 378=1000, 375=1000, 374=1000, 377=1000, 376=1000, 361=1000, 362=1000, 360=1000, 366=1000, 365=1000, 364=1000, 363=1000, 369=1000, 368=1000, 367=1000, 350=1000, 351=1000, 353=1000, 352=1000, 355=1000, 354=1000, 357=1000, 356=1000, 359=1000, 358=1000, 806=1000, 807=1000, 804=1000, 805=1000, 802=1000, 803=1000, 800=1000, 801=1000, 159=1000, 158=1000, 157=1000, 156=1000, 155=1000, 154=1000, 152=1000, 601=1000, 600=1000, 153=1000, 150=1000, 151=1000, 609=1000, 608=1000, 607=1000, 606=1000, 605=1000, 604=1000, 603=1000, 602=1000, 202=1000, 203=1000, 204=1000, 205=1000, 200=1000, 201=1000, 169=1000, 206=1000, 166=1000, 165=1000, 207=1000, 208=1000, 168=1000, 167=1000, 209=1000, 409=1000, 161=1000, 162=1000, 408=1000, 163=1000, 164=1000, 405=1000, 404=1000, 407=1000, 406=1000, 160=1000, 401=1000, 400=1000, 403=1000, 402=1000, 211=1000, 824=1000, 212=1000, 825=1000, 822=1000, 210=1000, 823=1000, 215=1000, 828=1000, 829=1000, 216=1000, 213=1000, 826=1000, 827=1000, 214=1000, 179=1000, 219=1000, 178=1000, 217=1000, 177=1000, 176=1000, 218=1000, 820=1000, 821=1000, 418=1000, 170=1000, 417=1000, 171=1000, 416=1000, 415=1000, 623=1000, 174=1000, 622=1000, 175=1000, 172=1000, 621=1000, 419=1000, 620=1000, 173=1000, 627=1000, 410=1000, 626=1000, 625=1000, 819=1000, 624=1000, 414=1000, 413=1000, 412=1000, 629=1000, 411=1000, 628=1000, 811=1000, 220=1000, 221=1000, 812=1000, 813=1000, 222=1000, 814=1000, 223=1000, 224=1000, 815=1000, 225=1000, 816=1000, 817=1000, 226=1000, 818=1000, 227=1000, 188=1000, 228=1000, 229=1000, 187=1000, 189=1000, 810=1000, 427=1000, 426=1000, 180=1000, 429=1000, 181=1000, 182=1000, 428=1000, 183=1000, 610=1000, 184=1000, 612=1000, 185=1000, 611=1000, 186=1000, 614=1000, 809=1000, 808=1000, 613=1000, 616=1000, 421=1000, 420=1000, 615=1000, 423=1000, 618=1000, 422=1000, 617=1000, 425=1000, 424=1000, 619=1000, 116=1000, 843=1000, 842=1000, 117=1000, 841=1000, 114=1000, 840=1000, 115=1000, 112=1000, 113=1000, 110=1000, 111=1000, 849=1000, 848=1000, 847=1000, 846=1000, 118=1000, 845=1000, 844=1000, 119=1000, 435=1000, 436=1000, 433=1000, 434=1000, 431=1000, 432=1000, 430=1000, 439=1000, 437=1000, 438=1000, 830=1000, 125=1000, 126=1000, 127=1000, 832=1000, 128=1000, 831=1000, 121=1000, 122=1000, 123=1000, 124=1000, 838=1000, 837=1000, 839=1000, 129=1000, 834=1000, 833=1000, 836=1000, 835=1000, 444=1000, 445=1000, 446=1000, 447=1000, 440=1000, 441=1000, 442=1000, 443=1000, 120=1000, 448=1000, 449=1000, 134=1000, 861=1000, 135=1000, 860=1000, 132=1000, 133=1000, 138=1000, 865=1000, 864=1000, 139=1000, 136=1000, 863=1000, 137=1000, 862=1000, 869=1000, 868=1000, 867=1000, 866=1000, 450=1000, 453=1000, 454=1000, 451=1000, 452=1000, 457=1000, 458=1000, 455=1000, 456=1000, 459=1000, 131=1000, 130=1000, 143=1000, 144=1000, 145=1000, 850=1000, 146=1000, 147=1000, 852=1000, 148=1000, 851=1000, 149=1000, 854=1000, 853=1000, 856=1000, 855=1000, 858=1000, 857=1000, 859=1000, 461=1000, 460=1000, 462=1000, 463=1000, 464=1000, 465=1000, 466=1000, 467=1000, 468=1000, 469=1000, 140=1000, 142=1000, 141=1000, 687=1000, 686=1000, 689=1000, 688=1000, 683=1000, 682=1000, 685=1000, 684=1000, 888=1000, 889=1000, 884=1000, 885=1000, 680=1000, 886=1000, 681=1000, 887=1000, 880=1000, 881=1000, 882=1000, 883=1000, 678=1000, 677=1000, 676=1000, 675=1000, 674=1000, 673=1000, 672=1000, 671=1000, 679=1000, 879=1000, 877=1000, 878=1000, 875=1000, 670=1000, 876=1000, 873=1000, 874=1000, 871=1000, 872=1000, 870=1000, 696=1000, 695=1000, 694=1000, 693=1000, 890=1000, 699=1000, 698=1000, 697=1000, 899=1000, 893=1000, 894=1000, 891=1000, 892=1000, 897=1000, 691=1000, 692=1000, 898=1000, 895=1000, 896=1000, 690=1000, 646=1000, 647=1000, 648=1000, 649=1000, 195=1000, 642=1000, 194=1000, 643=1000, 644=1000, 197=1000, 645=1000, 196=1000, 191=1000, 190=1000, 193=1000, 640=1000, 192=1000, 641=1000, 198=1000, 199=1000, 639=1000, 637=1000, 638=1000, 635=1000, 636=1000, 633=1000, 634=1000, 631=1000, 632=1000, 630=1000, 668=1000, 669=1000, 660=1000, 661=1000, 662=1000, 663=1000, 664=1000, 665=1000, 666=1000, 667=1000, 659=1000, 657=1000, 658=1000, 651=1000, 652=1000, 650=1000, 655=1000, 656=1000, 653=1000, 654=1000, 35=1000, 36=1000, 33=1000, 34=1000, 39=1000, 37=1000, 38=1000, 43=1000, 42=1000, 41=1000, 40=1000, 22=1000, 23=1000, 24=1000, 25=1000, 26=1000, 27=1000, 28=1000, 29=1000, 30=1000, 32=1000, 31=1000, 19=1000, 17=1000, 18=1000, 15=1000, 16=1000, 13=1000, 14=1000, 11=1000, 12=1000, 21=1000, 20=1000, 10=1000, 79=1000, 78=1000, 77=1000, 82=1000, 83=1000, 80=1000, 81=1000, 86=1000, 87=1000, 84=1000, 85=1000, 67=1000, 66=1000, 69=1000, 68=1000, 70=1000, 71=1000, 72=1000, 73=1000, 74=1000, 75=1000, 76=1000, 59=1000, 58=1000, 57=1000, 56=1000, 55=1000, 64=1000, 65=1000, 62=1000, 63=1000, 60=1000, 61=1000, 49=1000, 48=1000, 45=1000, 44=1000, 47=1000, 46=1000, 51=1000, 52=1000, 53=1000, 54=1000, 50=1000, 281=1000, 487=1000, 486=1000, 280=1000, 485=1000, 484=1000, 285=1000, 284=1000, 489=1000, 283=1000, 488=1000, 282=1000, 288=1000, 289=1000, 286=1000, 287=1000, 482=1000, 483=1000, 480=1000, 481=1000, 474=1000, 473=1000, 270=1000, 476=1000, 475=1000, 272=1000, 478=1000, 477=1000, 271=1000, 274=1000, 273=1000, 479=1000, 275=1000, 276=1000, 277=1000, 278=1000, 279=1000, 470=1000, 471=1000, 472=1000, 1000=1000, 109=1000, 108=1000, 107=1000, 106=1000, 105=1000, 104=1000, 103=1000, 102=1000, 99=1000, 101=1000, 100=1000, 98=1000, 97=1000, 96=1000, 95=1000, 94=1000, 93=1000, 92=1000, 91=1000, 90=1000, 294=1000, 499=1000, 293=1000, 296=1000, 295=1000, 290=1000, 496=1000, 495=1000, 292=1000, 498=1000, 497=1000, 291=1000, 491=1000, 492=1000, 493=1000, 494=1000, 297=1000, 298=1000, 299=1000, 490=1000, 88=1000, 89=1000, 240=1000, 241=1000, 245=1000, 244=1000, 243=1000, 242=1000, 249=1000, 248=1000, 247=1000, 246=1000, 230=1000, 239=1000, 232=1000, 231=1000, 234=1000, 233=1000, 236=1000, 235=1000, 238=1000, 237=1000, 262=1000, 263=1000, 260=1000, 261=1000, 269=1000, 268=1000, 267=1000, 266=1000, 265=1000, 264=1000, 250=1000, 251=1000, 252=1000, 904=1000, 258=1000, 257=1000, 903=1000, 906=1000, 259=1000, 905=1000, 254=1000, 900=1000, 253=1000, 902=1000, 256=1000, 901=1000, 255=1000}
Number of gene trees: 1000
0 trees have missing taxa
Calculating quartet distance matrix (for completion of X)
Species tree distances calculated ...
Building set of clusters (X) from gene trees 
Using tree-based weight calculation.
Number of Default Clusters: 453249
Number of quartet trees in the gene trees: 41583286825397
calculating extra bipartitions to be added at level 1 ...
Number of Clusters after addition by distance: 453349
Adding to X using resolutions of greedy consensus ...
Threshold 0.0:
polytomy of size 3; rounds with additions with at least 0.01 support: 0; clusters: 453355
polytomy of size 3; rounds with additions with at least 0.01 support: 0; clusters: 453359
polytomy of size 20; rounds with additions with at least 0.01 support: 41; clusters: 459495
Threshold 0.01:
polytomy of size 3; rounds with additions with at least 0.01 support: 0; clusters: 459495
polytomy of size 3; rounds with additions with at least 0.01 support: 0; clusters: 459495
polytomy of size 48; rounds with additions with at least 0.01 support: 29; clusters: 494597
Threshold 0.02:
polytomy of size 3; rounds with additions with at least 0.01 support: 0; clusters: 494597
polytomy of size 3; rounds with additions with at least 0.01 support: 0; clusters: 494597
polytomy of size 60; rounds with additions with at least 0.01 support: 8; clusters: 547393
Threshold 0.05:
polytomy of size 3; rounds with additions with at least 0.01 support: 0; clusters: 547393
polytomy of size 5; rounds with additions with at least 0.01 support: 0; clusters: 547393
polytomy of size 3; rounds with additions with at least 0.01 support: 0; clusters: 547393
polytomy of size 3; rounds with additions with at least 0.01 support: 0; clusters: 547393
polytomy of size 3; rounds with additions with at least 0.01 support: 0; clusters: 547393
polytomy of size 3; rounds with additions with at least 0.01 support: 0; clusters: 547393
polytomy of size 3; rounds with additions with at least 0.01 support: 0; clusters: 547393
polytomy of size 3; rounds with additions with at least 0.01 support: 0; clusters: 547393
polytomy of size 75; rounds with additions with at least 0.01 support: 11; clusters: 549503
Threshold 0.1:
polytomy of size 4; rounds with additions with at least 0.01 support: 0; clusters: 549503
polytomy of size 3; rounds with additions with at least 0.01 support: 0; clusters: 549503
polytomy of size 3; rounds with additions with at least 0.01 support: 0; clusters: 549503
polytomy of size 4; rounds with additions with at least 0.01 support: 0; clusters: 549503
polytomy of size 4; rounds with additions with at least 0.01 support: 0; clusters: 549503
polytomy of size 3; rounds with additions with at least 0.01 support: 0; clusters: 549503
polytomy of size 6; rounds with additions with at least 0.01 support: 0; clusters: 549503
polytomy of size 3; rounds with additions with at least 0.01 support: 0; clusters: 549503
polytomy of size 4; rounds with additions with at least 0.01 support: 0; clusters: 549503
polytomy of size 3; rounds with additions with at least 0.01 support: 0; clusters: 549503
polytomy of size 3; rounds with additions with at least 0.01 support: 0; clusters: 549503
polytomy of size 114; rounds with additions with at least 0.01 support: 1; clusters: 550257
Threshold 0.2:
polytomy of size 3; rounds with additions with at least 0.01 support: 0; clusters: 550257
polytomy of size 3; rounds with additions with at least 0.01 support: 0; clusters: 550257
polytomy of size 3; rounds with additions with at least 0.01 support: 0; clusters: 550257
polytomy of size 3; rounds with additions with at least 0.01 support: 0; clusters: 550257
polytomy of size 4; rounds with additions with at least 0.01 support: 0; clusters: 550257
polytomy of size 3; rounds with additions with at least 0.01 support: 0; clusters: 550257
polytomy of size 3; rounds with additions with at least 0.01 support: 0; clusters: 550257
polytomy of size 3; rounds with additions with at least 0.01 support: 0; clusters: 550257
polytomy of size 3; rounds with additions with at least 0.01 support: 0; clusters: 550257
polytomy of size 6; rounds with additions with at least 0.01 support: 0; clusters: 550257
polytomy of size 5; rounds with additions with at least 0.01 support: 0; clusters: 550257
polytomy of size 3; rounds with additions with at least 0.01 support: 0; clusters: 550257
polytomy of size 4; rounds with additions with at least 0.01 support: 0; clusters: 550257
polytomy of size 4; rounds with additions with at least 0.01 support: 0; clusters: 550257
polytomy of size 5; rounds with additions with at least 0.01 support: 0; clusters: 550257
polytomy of size 3; rounds with additions with at least 0.01 support: 0; clusters: 550257
polytomy of size 3; rounds with additions with at least 0.01 support: 0; clusters: 550257
polytomy of size 9; rounds with additions with at least 0.01 support: 0; clusters: 550257
polytomy of size 13; rounds with additions with at least 0.01 support: 0; clusters: 550257
polytomy of size 5; rounds with additions with at least 0.01 support: 0; clusters: 550257
polytomy of size 4; rounds with additions with at least 0.01 support: 0; clusters: 550257
polytomy of size 3; rounds with additions with at least 0.01 support: 0; clusters: 550257
polytomy of size 5; rounds with additions with at least 0.01 support: 0; clusters: 550257
polytomy of size 3; rounds with additions with at least 0.01 support: 0; clusters: 550257
polytomy of size 3; rounds with additions with at least 0.01 support: 0; clusters: 550257
Threshold 0.3333333333333333:
polytomy of size 3; rounds with additions with at least 0.01 support: 0; clusters: 550257
polytomy of size 5; rounds with additions with at least 0.01 support: 0; clusters: 550257
polytomy of size 3; rounds with additions with at least 0.01 support: 0; clusters: 550257
polytomy of size 6; rounds with additions with at least 0.01 support: 0; clusters: 550257
polytomy of size 3; rounds with additions with at least 0.01 support: 0; clusters: 550257
polytomy of size 3; rounds with additions with at least 0.01 support: 0; clusters: 550257
polytomy of size 3; rounds with additions with at least 0.01 support: 0; clusters: 550257
polytomy of size 3; rounds with additions with at least 0.01 support: 0; clusters: 550257
polytomy of size 3; rounds with additions with at least 0.01 support: 0; clusters: 550257
polytomy of size 3; rounds with additions with at least 0.01 support: 0; clusters: 550257
polytomy of size 4; rounds with additions with at least 0.01 support: 0; clusters: 550257
polytomy of size 3; rounds with additions with at least 0.01 support: 0; clusters: 550257
polytomy of size 3; rounds with additions with at least 0.01 support: 0; clusters: 550257
polytomy of size 5; rounds with additions with at least 0.01 support: 0; clusters: 550257
polytomy of size 3; rounds with additions with at least 0.01 support: 0; clusters: 550257
polytomy of size 4; rounds with additions with at least 0.01 support: 0; clusters: 550257
polytomy of size 4; rounds with additions with at least 0.01 support: 0; clusters: 550257
polytomy of size 4; rounds with additions with at least 0.01 support: 0; clusters: 550257
polytomy of size 3; rounds with additions with at least 0.01 support: 0; clusters: 550257
polytomy of size 3; rounds with additions with at least 0.01 support: 0; clusters: 550257
polytomy of size 3; rounds with additions with at least 0.01 support: 0; clusters: 550257
polytomy of size 4; rounds with additions with at least 0.01 support: 0; clusters: 550257
polytomy of size 5; rounds with additions with at least 0.01 support: 0; clusters: 550257
polytomy of size 3; rounds with additions with at least 0.01 support: 0; clusters: 550257
polytomy of size 3; rounds with additions with at least 0.01 support: 0; clusters: 550257
polytomy of size 3; rounds with additions with at least 0.01 support: 0; clusters: 550257
polytomy of size 3; rounds with additions with at least 0.01 support: 0; clusters: 550257
polytomy of size 3; rounds with additions with at least 0.01 support: 0; clusters: 550257
polytomy of size 4; rounds with additions with at least 0.01 support: 0; clusters: 550257
polytomy of size 3; rounds with additions with at least 0.01 support: 0; clusters: 550257
polytomy of size 3; rounds with additions with at least 0.01 support: 0; clusters: 550257
polytomy of size 3; rounds with additions with at least 0.01 support: 0; clusters: 550257
polytomy of size 3; rounds with additions with at least 0.01 support: 0; clusters: 550257
polytomy of size 4; rounds with additions with at least 0.01 support: 0; clusters: 550257
polytomy of size 3; rounds with additions with at least 0.01 support: 0; clusters: 550257
polytomy of size 3; rounds with additions with at least 0.01 support: 0; clusters: 550257
polytomy of size 4; rounds with additions with at least 0.01 support: 0; clusters: 550257
polytomy of size 3; rounds with additions with at least 0.01 support: 0; clusters: 550257
polytomy of size 3; rounds with additions with at least 0.01 support: 0; clusters: 550257
polytomy of size 3; rounds with additions with at least 0.01 support: 0; clusters: 550257
polytomy of size 3; rounds with additions with at least 0.01 support: 0; clusters: 550257
polytomy of size 3; rounds with additions with at least 0.01 support: 0; clusters: 550257
polytomy of size 4; rounds with additions with at least 0.01 support: 0; clusters: 550257
polytomy of size 3; rounds with additions with at least 0.01 support: 0; clusters: 550257
polytomy of size 3; rounds with additions with at least 0.01 support: 0; clusters: 550257
polytomy of size 3; rounds with additions with at least 0.01 support: 0; clusters: 550257
polytomy of size 4; rounds with additions with at least 0.01 support: 0; clusters: 550257
polytomy of size 3; rounds with additions with at least 0.01 support: 0; clusters: 550257
polytomy of size 3; rounds with additions with at least 0.01 support: 0; clusters: 550257
polytomy of size 3; rounds with additions with at least 0.01 support: 0; clusters: 550257
polytomy of size 5; rounds with additions with at least 0.01 support: 0; clusters: 550257
polytomy of size 4; rounds with additions with at least 0.01 support: 0; clusters: 550257
polytomy of size 3; rounds with additions with at least 0.01 support: 0; clusters: 550257
polytomy of size 4; rounds with additions with at least 0.01 support: 0; clusters: 550257
polytomy of size 3; rounds with additions with at least 0.01 support: 0; clusters: 550257
polytomy of size 3; rounds with additions with at least 0.01 support: 0; clusters: 550257
polytomy of size 3; rounds with additions with at least 0.01 support: 0; clusters: 550257
polytomy of size 4; rounds with additions with at least 0.01 support: 0; clusters: 550257
polytomy of size 3; rounds with additions with at least 0.01 support: 0; clusters: 550257
polytomy of size 3; rounds with additions with at least 0.01 support: 0; clusters: 550257
polytomy of size 3; rounds with additions with at least 0.01 support: 0; clusters: 550257
polytomy of size 3; rounds with additions with at least 0.01 support: 0; clusters: 550257
polytomy of size 3; rounds with additions with at least 0.01 support: 0; clusters: 550257
polytomy of size 5; rounds with additions with at least 0.01 support: 0; clusters: 550257
Number of Clusters after addition by greedy: 550257
partitions formed in 1163.727 secs
Dynamic Programming starting after 1163.727 secs
Size of largest cluster: 1001
Size of largest cluster: 1001
Calculated 100000 weights; time (seconds): 1305
Calculated 200000 weights; time (seconds): 126
Calculated 300000 weights; time (seconds): 131
Calculated 400000 weights; time (seconds): 125
Calculated 500000 weights; time (seconds): 130
Calculated 600000 weights; time (seconds): 125
Calculated 700000 weights; time (seconds): 130
Calculated 800000 weights; time (seconds): 140
Calculated 900000 weights; time (seconds): 154
Calculated 1000000 weights; time (seconds): 512
Calculated 1100000 weights; time (seconds): 928
Total Number of elements weighted: 1266612
Normalized score (portion of input quartet trees satisfied): NaN
Final optimization score: 0
Calculated 1200000 weights; time (seconds): 817
Total Number of elements weighted: 1266612
Normalized score (portion of input quartet trees satisfied): 0.48847807663821136
Final optimization score: 20312523968765
Optimal tree inferred in 5010.773 secs.
(182,((29,710),(991,((((563,676),(292,(320,150))),(115,((681,31),((316,400),(751,(152,934)))))),(395,((((281,630),(868,(58,426))),(897,(978,(581,(85,((999,905),(174,119))))))),(((687,(616,(410,(487,950)))),((62,345),((235,(595,(86,895))),((744,362),(288,(643,582)))))),((736,(402,572)),(((180,(838,53)),(((601,239),(309,(102,(206,375)))),((618,770),(892,(600,(729,(94,485))))))),(((171,(592,(307,73))),(837,((473,(789,506)),((476,(794,640)),((257,334),(360,417)))))),((514,376),((14,261),(((((832,(985,796)),(741,(474,(229,2)))),((488,(192,37)),((614,(89,296)),(249,(482,(183,(55,(221,626)))))))),(((412,(431,612)),(465,(0,(628,((453,264),(606,(176,47))))))),((890,((160,584),(851,(763,570)))),((740,537),(680,(((234,(238,(211,(259,534)))),((683,(380,(753,(811,723)))),(543,(243,(286,(356,149)))))),(769,(((78,(961,452)),(771,(541,290))),(195,(71,((924,(510,867)),(42,(331,(489,927)))))))))))))),(((((833,535),(663,(324,500))),(((97,666),(809,466)),((((844,81),(911,(624,125))),(387,((170,615),(525,(852,550))))),(((244,(147,6)),((501,783),(369,(831,954)))),((779,696),((341,(847,641)),((743,916),(((148,(918,634)),(591,(540,141))),((415,(214,508)),(928,(747,921))))))))))),((((240,803),(765,(551,241))),((43,205),(321,(289,191)))),(252,((565,((437,323),(490,(311,(190,648))))),(((((169,871),(881,(869,111))),((361,274),((471,722),(270,774)))),((422,((69,(754,861)),(542,((276,461),(350,(217,701)))))),((413,((886,475),((576,(930,353)),((822,(569,90)),(20,(976,277)))))),(184,((469,(690,93)),((608,(237,(318,225))),((731,(899,635)),(105,(218,829))))))))),(((564,(204,((297,548),(511,299)))),((215,(768,952)),((920,(165,673)),(38,(128,262))))),((900,(372,((894,223),(66,(516,963))))),((479,(704,(222,23))),((863,588),(((523,684),((914,784),(67,326))),((189,(665,56)),((284,(775,269)),((304,(938,908)),(532,((820,(230,909)),(265,(15,(464,773)))))))))))))))))),(((840,((805,(575,250)),((919,(70,454)),((799,(352,197)),((65,64),(943,597)))))),((325,101),(((801,693),(884,(996,(247,382)))),(((767,(828,1000)),(251,(912,156))),((343,61),((46,650),(843,(282,607)))))))),((804,161),(((521,(645,(502,159))),(468,(788,(24,((202,(589,207)),((685,80),(997,733))))))),((((444,(26,841)),((68,302),((213,219),(130,(231,(212,(389,746))))))),((760,848),(((699,975),(734,(998,328))),((122,((4,167),(644,(979,(986,463))))),(718,((338,(728,33)),(639,(378,664)))))))),(((83,(151,622)),(((670,(785,(22,674))),(642,(654,(480,555)))),((54,(310,(554,381))),(199,((509,((268,956),(371,(879,77)))),(858,((585,(155,(19,394))),((447,3),(877,(109,898)))))))))),(((39,(((524,137),((154,(164,267)),((755,40),(186,(834,(725,935)))))),(((208,346),(727,(100,(399,(446,586))))),((203,(590,926)),((824,969),((655,(17,(661,691))),((429,(481,694)),(433,(313,(574,(439,327))))))))))),((340,(253,(791,88))),((((738,48),(827,610)),(((342,306),(526,(76,836))),(706,((594,(915,578)),(248,(716,(566,(720,632)))))))),((724,(305,441)),(((499,876),(30,(107,117))),((196,384),((373,989),((712,679),(936,((370,757),(631,922))))))))))),((((393,992),(503,621)),(((821,697),(658,888)),((507,(823,(675,440))),((855,(495,(359,294))),(830,((450,430),(906,(317,580)))))))),((((458,652),(538,(732,427))),(((780,(939,(810,966))),(12,((513,653),((602,491),(79,162))))),(((163,459),(275,(((348,527),(528,(531,583))),((272,735),(312,(448,973)))))),(((((756,623),(800,(544,498))),((263,(667,850)),(825,(620,845)))),(((517,808),(((228,477),((959,121),(745,(707,484)))),(((216,16),(974,545)),(646,(559,(434,232)))))),(816,((709,((406,903),((408,494),(571,(158,792))))),((280,63),(((880,193),(790,(515,688))),((368,((960,198),(146,(451,(209,279))))),(536,((557,(92,702)),((910,322),(896,(860,273)))))))))))),((((647,421),(403,110)),((853,(185,980)),(126,(365,256)))),((((27,593),(889,(929,(533,717)))),((964,(937,((166,388),(271,715)))),(((678,358),(856,349)),((932,611),(418,(308,(34,364))))))),((907,((613,25),((236,187),((617,547),(462,201))))),(((172,(435,(636,(917,478)))),((587,(285,(7,396))),((423,((739,866),(424,((599,116),(496,(625,705)))))),(662,(552,((443,(941,814)),(106,((295,8),(972,737))))))))),((981,(75,730)),(((817,470),(407,(258,940))),((425,(344,546)),((123,995),(((802,(103,933)),((108,955),(392,(703,(84,(750,330)))))),((404,596),((260,(143,173)),((659,99),((598,(59,278)),((287,428),((522,432),(354,(347,49))))))))))))))))))))),(((((460,849),(865,138)),(957,(266,(139,87)))),((826,(21,(878,776))),(((131,(862,(386,965))),(5,((355,(95,(35,713))),(812,(605,(700,(887,456))))))),((((497,931),((11,(748,752)),((200,390),(573,(619,(298,657)))))),((875,(291,112)),((401,(560,(698,50))),(797,(1,(45,567)))))),(96,((363,(114,(949,(609,(971,113))))),(((379,951),(893,((970,692),((742,226),(819,339))))),(((835,303),(442,492)),((293,(579,(411,885))),(383,(28,(815,(603,512))))))))))))),(((549,((391,181),((57,(120,(988,994))),(977,(529,(953,(987,656))))))),((((577,749),((782,(179,(133,(82,942)))),(859,(839,(504,(958,(778,9))))))),(((553,178),(993,314)),(629,((188,(145,(945,(568,246)))),(51,(758,((530,883),(445,(333,118))))))))),(((132,(556,351)),((436,210),(818,(127,(873,946))))),(((367,(377,(798,651))),(366,((772,671),((677,795),(337,242))))),(((245,777),(98,(962,(891,194)))),(904,((374,104),((807,(864,283)),(144,(901,672)))))))))),((793,519),((140,((708,438),(72,((319,857),(472,(467,558)))))),(177,(633,((637,(714,(405,806))),(759,(721,(((419,483),(846,((813,(948,(398,(153,32)))),(((44,944),((124,336),((224,335),((787,870),(18,(41,(416,36))))))),((982,(660,357)),(719,((134,854),((872,781),(((457,539),(60,(13,(990,220)))),(902,((762,669),((332,227),(397,(726,(686,486))))))))))))))),((((968,(175,129)),(74,(761,(455,604)))),((10,(668,(842,300))),((493,562),((142,695),((689,254),(520,(627,157))))))),((136,(947,(913,(984,682)))),((255,((385,135),(561,649))),((420,(449,786)),(((91,983),((874,(967,711)),(925,(233,882)))),((764,(329,505)),((414,52),((766,315),(409,(168,((638,518),(923,301))))))))))))))))))))))))))))))))))))))))))));
Quartet score is: 20312523968765
Normalized quartet score is: 0.48847807663821136
ASTRAL finished in 5209.046 secs
