
================== ASTRAL ===================== 

This is ASTRAL version 4.10.10
Gene trees are treated as unrooted
1000 trees read from ASTRALDATA/model.200.2000000.0.0000001/20/estimatedgenetre.halfresolved
All output trees will be *arbitrarily* rooted at 118

======== Running the main analysis
Number of taxa: 201 (201 species)
Taxa: [118, 87, 57, 106, 28, 124, 101, 172, 125, 178, 0, 176, 153, 22, 137, 80, 72, 170, 151, 139, 94, 164, 179, 95, 111, 155, 156, 74, 24, 4, 160, 26, 154, 13, 50, 141, 157, 25, 37, 15, 41, 184, 180, 47, 107, 17, 84, 79, 130, 3, 78, 98, 133, 11, 183, 38, 188, 77, 86, 53, 161, 173, 39, 126, 134, 108, 65, 103, 197, 1, 189, 175, 68, 19, 167, 102, 35, 5, 59, 7, 140, 52, 115, 104, 143, 196, 45, 120, 147, 193, 6, 55, 34, 12, 138, 75, 149, 29, 177, 33, 190, 93, 56, 119, 49, 165, 60, 132, 166, 54, 116, 96, 99, 199, 69, 110, 20, 195, 97, 113, 70, 122, 44, 71, 191, 128, 121, 182, 174, 112, 90, 159, 61, 21, 185, 85, 105, 135, 8, 114, 136, 158, 30, 2, 142, 27, 91, 18, 42, 36, 51, 181, 145, 152, 14, 67, 194, 150, 73, 16, 46, 131, 109, 63, 76, 168, 82, 186, 123, 9, 146, 48, 163, 58, 32, 198, 200, 88, 81, 23, 92, 89, 162, 40, 62, 66, 64, 192, 187, 169, 127, 148, 129, 43, 117, 10, 31, 100, 83, 144, 171]
Taxon occupancy: {35=1000, 36=1000, 33=1000, 159=1000, 34=1000, 158=1000, 39=1000, 157=1000, 156=1000, 155=1000, 37=1000, 38=1000, 154=1000, 152=1000, 153=1000, 150=1000, 151=1000, 43=1000, 42=1000, 41=1000, 40=1000, 200=1000, 22=1000, 23=1000, 169=1000, 24=1000, 25=1000, 26=1000, 166=1000, 165=1000, 27=1000, 28=1000, 168=1000, 167=1000, 29=1000, 161=1000, 3=1000, 2=1000, 162=1000, 1=1000, 163=1000, 164=1000, 0=1000, 7=1000, 30=1000, 6=1000, 5=1000, 32=1000, 31=1000, 4=1000, 160=1000, 9=1000, 8=1000, 19=1000, 179=1000, 17=1000, 178=1000, 18=1000, 15=1000, 177=1000, 176=1000, 16=1000, 13=1000, 14=1000, 11=1000, 12=1000, 170=1000, 21=1000, 171=1000, 20=1000, 174=1000, 175=1000, 172=1000, 173=1000, 188=1000, 187=1000, 189=1000, 180=1000, 10=1000, 181=1000, 182=1000, 183=1000, 184=1000, 185=1000, 186=1000, 116=1000, 117=1000, 79=1000, 78=1000, 114=1000, 115=1000, 77=1000, 112=1000, 113=1000, 110=1000, 111=1000, 118=1000, 119=1000, 82=1000, 83=1000, 80=1000, 81=1000, 86=1000, 87=1000, 84=1000, 85=1000, 125=1000, 67=1000, 126=1000, 66=1000, 69=1000, 127=1000, 68=1000, 128=1000, 121=1000, 122=1000, 123=1000, 124=1000, 129=1000, 70=1000, 120=1000, 71=1000, 72=1000, 73=1000, 74=1000, 75=1000, 76=1000, 134=1000, 135=1000, 132=1000, 59=1000, 133=1000, 138=1000, 58=1000, 139=1000, 57=1000, 56=1000, 136=1000, 55=1000, 137=1000, 64=1000, 65=1000, 62=1000, 63=1000, 60=1000, 131=1000, 130=1000, 61=1000, 143=1000, 49=1000, 144=1000, 48=1000, 145=1000, 146=1000, 147=1000, 45=1000, 44=1000, 148=1000, 47=1000, 149=1000, 46=1000, 51=1000, 52=1000, 53=1000, 54=1000, 140=1000, 142=1000, 50=1000, 141=1000, 109=1000, 108=1000, 107=1000, 106=1000, 105=1000, 104=1000, 103=1000, 102=1000, 99=1000, 101=1000, 100=1000, 98=1000, 97=1000, 96=1000, 95=1000, 94=1000, 93=1000, 92=1000, 91=1000, 90=1000, 88=1000, 89=1000, 195=1000, 194=1000, 197=1000, 196=1000, 191=1000, 190=1000, 193=1000, 192=1000, 198=1000, 199=1000}
Number of gene trees: 1000
0 trees have missing taxa
Calculating quartet distance matrix (for completion of X)
Species tree distances calculated ...
Building set of clusters (X) from gene trees 
Using tree-based weight calculation.
Number of Default Clusters: 79401
Number of quartet trees in the gene trees: 65998338345
calculating extra bipartitions to be added at level 1 ...
Number of Clusters after addition by distance: 79407
Adding to X using resolutions of greedy consensus ...
Threshold 0.0:
polytomy of size 4; rounds with additions with at least 0.01 support: 1; clusters: 79425
Threshold 0.01:
polytomy of size 8; rounds with additions with at least 0.01 support: 2; clusters: 79551
Threshold 0.02:
polytomy of size 10; rounds with additions with at least 0.01 support: 3; clusters: 79697
Threshold 0.05:
polytomy of size 4; rounds with additions with at least 0.01 support: 0; clusters: 79697
polytomy of size 17; rounds with additions with at least 0.01 support: 0; clusters: 79703
Threshold 0.1:
polytomy of size 7; rounds with additions with at least 0.01 support: 0; clusters: 79703
polytomy of size 22; rounds with additions with at least 0.01 support: 0; clusters: 79703
Threshold 0.2:
polytomy of size 3; rounds with additions with at least 0.01 support: 0; clusters: 79703
polytomy of size 3; rounds with additions with at least 0.01 support: 0; clusters: 79703
polytomy of size 3; rounds with additions with at least 0.01 support: 0; clusters: 79703
polytomy of size 37; rounds with additions with at least 0.01 support: 0; clusters: 79705
Threshold 0.3333333333333333:
polytomy of size 3; rounds with additions with at least 0.01 support: 0; clusters: 79705
polytomy of size 3; rounds with additions with at least 0.01 support: 0; clusters: 79705
polytomy of size 4; rounds with additions with at least 0.01 support: 0; clusters: 79705
polytomy of size 3; rounds with additions with at least 0.01 support: 0; clusters: 79705
polytomy of size 3; rounds with additions with at least 0.01 support: 0; clusters: 79705
polytomy of size 3; rounds with additions with at least 0.01 support: 0; clusters: 79705
polytomy of size 3; rounds with additions with at least 0.01 support: 0; clusters: 79705
polytomy of size 4; rounds with additions with at least 0.01 support: 0; clusters: 79705
polytomy of size 3; rounds with additions with at least 0.01 support: 0; clusters: 79705
polytomy of size 3; rounds with additions with at least 0.01 support: 0; clusters: 79705
polytomy of size 46; rounds with additions with at least 0.01 support: 0; clusters: 87011
polytomy of size 5; rounds with additions with at least 0.01 support: 0; clusters: 87011
Number of Clusters after addition by greedy: 87011
partitions formed in 42.773 secs
Dynamic Programming starting after 42.773 secs
Size of largest cluster: 201
Calculated 100000 weights; time (seconds): 656
Calculated 200000 weights; time (seconds): 632
Total Number of elements weighted: 230253
Normalized score (portion of input quartet trees satisfied): 0.5982766861279831
Final optimization score: 39485267155
Optimal tree inferred in 1488.035 secs.
(138,(((33,(177,190)),(75,(149,29))),((181,145),((119,(49,(165,60))),((125,178),((93,56),((147,((120,193),(6,(12,(55,34))))),(97,(((19,((36,51),((64,(192,(187,169))),((99,127),((54,(166,(116,96))),(((87,(57,106)),(144,(83,171))),((43,(148,129)),((117,10),(31,100))))))))),(((22,139),((94,164),(137,(80,(170,(72,151)))))),(((157,(25,(37,15))),(197,(1,(189,175)))),(141,(((179,95),(111,(155,156))),((74,(24,4)),((13,50),(26,(160,154))))))))),(0,(((((107,17),(176,153)),(((84,79),(130,(3,78))),(14,((180,47),(41,184))))),(((16,(91,18)),(199,(69,(195,(110,20))))),((132,(68,(28,(124,(101,172))))),(((73,46),((109,(131,63)),((168,(82,186)),(76,(123,9))))),((194,150),(((58,(89,162)),(146,(48,163))),((23,92),((198,88),(81,(32,200)))))))))),(((((35,5),(167,102)),((115,(104,143)),((118,(196,45)),((59,140),(7,52))))),(42,((27,(112,(159,(90,(61,21))))),((185,(85,105)),((2,(114,136)),(30,(158,(135,8)))))))),((67,(121,((40,(62,66)),(98,(182,174))))),((173,(113,70)),(142,(((103,(39,(126,134))),((108,65),(128,(191,152)))),((44,(122,71)),(77,((161,(86,53)),((133,11),(183,(38,188))))))))))))))))))))));
Quartet score is: 39485267155
Normalized quartet score is: 0.5982766861279831
ASTRAL finished in 1496.055 secs
