
================== ASTRAL ===================== 

This is ASTRAL version 4.10.7
Gene trees are treated as unrooted
1000 trees read from ASTRALDATA/model.200.500000.0.000001/01/estimatedgenetre.halfresolved
All output trees will be *arbitrarily* rooted at 49

======== Running the main analysis
Number of taxa: 201 (201 species)
Taxa: [49, 48, 145, 88, 24, 53, 0, 96, 71, 31, 172, 178, 128, 166, 86, 60, 68, 39, 65, 4, 56, 140, 135, 150, 7, 161, 37, 61, 77, 89, 182, 181, 70, 46, 187, 85, 30, 36, 63, 34, 169, 138, 192, 160, 180, 20, 94, 127, 176, 171, 199, 16, 136, 9, 113, 186, 95, 121, 168, 131, 104, 193, 62, 15, 130, 43, 14, 40, 110, 153, 44, 111, 183, 42, 157, 82, 134, 72, 149, 152, 29, 59, 120, 23, 58, 25, 139, 57, 158, 126, 100, 87, 147, 69, 28, 179, 122, 133, 197, 105, 117, 175, 200, 141, 18, 32, 191, 52, 108, 54, 142, 162, 17, 93, 11, 125, 164, 103, 174, 64, 90, 170, 91, 73, 112, 97, 194, 116, 115, 155, 35, 27, 129, 177, 144, 114, 167, 2, 1, 5, 101, 84, 80, 163, 189, 55, 33, 190, 21, 165, 102, 3, 151, 6, 67, 41, 81, 98, 195, 76, 51, 124, 79, 123, 19, 173, 185, 13, 156, 22, 196, 159, 92, 38, 132, 75, 154, 10, 50, 146, 74, 148, 83, 118, 109, 26, 106, 78, 137, 8, 66, 99, 107, 45, 198, 12, 47, 143, 184, 119, 188]
Number of gene trees: 1000
0 trees have missing taxa
Calculating quartet distance matrix (for completion of X)
Species tree distances calculated ...
Building set of clusters (X) from gene trees 
Using tree-based weight calculation.
Number of Default Clusters: 146583
Number of quartet trees in the gene trees: 65998348614
calculating extra bipartitions to be added at level 1 ...
Number of Clusters after addition by distance: 146607
Adding to X using resolutions of greedy consensus ...
Threshold 0.0:
polytomy of size 13; rounds with additions with at least 0.01 support: 6; clusters: 147185
Threshold 0.01:
polytomy of size 3; rounds with additions with at least 0.01 support: 0; clusters: 147185
polytomy of size 24; rounds with additions with at least 0.01 support: 7; clusters: 149563
Threshold 0.02:
polytomy of size 3; rounds with additions with at least 0.01 support: 0; clusters: 149563
polytomy of size 4; rounds with additions with at least 0.01 support: 0; clusters: 149563
polytomy of size 26; rounds with additions with at least 0.01 support: 1; clusters: 152063
Threshold 0.05:
polytomy of size 3; rounds with additions with at least 0.01 support: 0; clusters: 152063
polytomy of size 7; rounds with additions with at least 0.01 support: 0; clusters: 152063
polytomy of size 41; rounds with additions with at least 0.01 support: 1; clusters: 152235
Threshold 0.1:
polytomy of size 4; rounds with additions with at least 0.01 support: 0; clusters: 152235
polytomy of size 5; rounds with additions with at least 0.01 support: 0; clusters: 152235
polytomy of size 53; rounds with additions with at least 0.01 support: 2; clusters: 152473
Threshold 0.2:
polytomy of size 3; rounds with additions with at least 0.01 support: 0; clusters: 152473
polytomy of size 3; rounds with additions with at least 0.01 support: 0; clusters: 152473
polytomy of size 3; rounds with additions with at least 0.01 support: 0; clusters: 152473
polytomy of size 80; rounds with additions with at least 0.01 support: 0; clusters: 152593
Threshold 0.3333333333333333:
polytomy of size 5; rounds with additions with at least 0.01 support: 0; clusters: 152593
polytomy of size 3; rounds with additions with at least 0.01 support: 0; clusters: 152593
polytomy of size 3; rounds with additions with at least 0.01 support: 0; clusters: 152593
polytomy of size 4; rounds with additions with at least 0.01 support: 0; clusters: 152593
polytomy of size 3; rounds with additions with at least 0.01 support: 0; clusters: 152593
polytomy of size 3; rounds with additions with at least 0.01 support: 0; clusters: 152593
polytomy of size 4; rounds with additions with at least 0.01 support: 0; clusters: 152593
Number of Clusters after addition by greedy: 152593
partitions formed in 93.504 secs
Dynamic Programming starting after 93.504 secs
Size of largest cluster: 201
Calculated 100000 weights; time (seconds): 872
Calculated 200000 weights; time (seconds): 791
Calculated 300000 weights; time (seconds): 773
Calculated 400000 weights; time (seconds): 819
Total Number of elements weighted: 428768
Normalized score (portion of input quartet trees satisfied): 0.5196541498422408
Final optimization score: 34296315740
Optimal tree inferred in 3501.619 secs.
(28,(179,(((100,87),((126,122),(59,(120,23)))),(((96,71),(29,158)),(69,(((181,(152,((77,30),(70,(46,85))))),((150,(187,(37,61))),((89,182),(161,(135,7))))),((128,((31,((134,(157,82)),((49,72),((149,188),(119,(143,184)))))),(((8,(10,50)),((88,24),((92,38),(132,(75,154))))),((83,((74,148),(146,(118,109)))),((((44,159),(53,153)),((183,42),((22,196),((19,(40,(14,110))),((111,173),(156,(185,13))))))),(((62,(193,15)),((43,99),(26,(106,(78,137))))),((66,(3,(102,(165,151)))),(16,((186,((76,(124,(51,79))),(98,((195,107),(123,(131,(168,104))))))),(((136,9),(95,121)),((6,(67,41)),(81,((130,45),(198,(12,47))))))))))))))),(0,((((36,113),(63,34)),((172,178),((39,65),(68,(166,(86,60)))))),(((48,145),((127,(169,(171,(176,199)))),((32,(18,191)),(180,((142,(105,(117,175))),(((17,93),((52,162),(108,54))),((20,94),((192,160),(138,(197,(200,141))))))))))),((((58,(114,167)),(57,(25,139))),(((190,21),(1,33)),(2,(5,((80,163),(55,(101,(84,189)))))))),(((73,112),(56,(4,140))),((147,11),(91,((35,((194,115),(116,155))),(((133,97),((129,144),(27,177))),(64,(125,((90,170),(174,(164,103)))))))))))))))))))));
Quartet score is: 34296315740
Normalized quartet score is: 0.5196541498422408
ASTRAL finished in 3509.972 secs
