
================== ASTRAL ===================== 

This is ASTRAL version 4.10.10
Gene trees are treated as unrooted
999 trees read from ASTRALDATA/model.200.500000.0.000001/30/estimatedgenetre.halfresolved
All output trees will be *arbitrarily* rooted at 172

======== Running the main analysis
Number of taxa: 201 (201 species)
Taxa: [172, 48, 2, 28, 45, 133, 160, 195, 176, 158, 142, 51, 92, 122, 27, 130, 174, 11, 21, 54, 112, 85, 61, 102, 87, 185, 83, 63, 135, 178, 19, 124, 157, 78, 91, 70, 118, 131, 116, 123, 57, 38, 159, 55, 186, 129, 145, 188, 106, 153, 86, 14, 68, 137, 146, 37, 29, 136, 31, 198, 79, 56, 62, 126, 117, 82, 77, 197, 26, 3, 98, 110, 114, 132, 156, 80, 140, 191, 121, 180, 189, 141, 32, 109, 164, 74, 196, 94, 147, 4, 97, 192, 90, 179, 161, 125, 93, 59, 0, 6, 7, 12, 73, 60, 171, 95, 10, 47, 139, 35, 71, 75, 194, 177, 151, 165, 34, 128, 41, 20, 170, 23, 113, 1, 24, 22, 105, 162, 53, 18, 101, 5, 25, 39, 17, 173, 193, 127, 58, 44, 183, 120, 149, 182, 175, 155, 69, 163, 144, 49, 166, 52, 134, 9, 64, 15, 200, 72, 42, 13, 148, 81, 190, 96, 50, 184, 88, 104, 150, 169, 30, 43, 143, 119, 187, 111, 36, 107, 181, 103, 89, 100, 108, 167, 46, 99, 199, 8, 138, 168, 67, 66, 76, 65, 154, 33, 152, 84, 115, 16, 40]
Taxon occupancy: {35=999, 36=999, 33=999, 159=999, 158=999, 34=999, 157=999, 39=999, 156=999, 37=999, 155=999, 154=999, 38=999, 152=999, 153=999, 150=999, 151=999, 43=999, 42=999, 41=999, 40=999, 200=999, 22=999, 23=999, 169=999, 24=999, 25=999, 26=999, 166=999, 27=999, 165=999, 28=999, 168=999, 29=999, 167=999, 161=999, 3=999, 2=999, 162=999, 1=999, 163=999, 164=999, 0=999, 7=999, 30=999, 6=999, 32=999, 5=999, 4=999, 31=999, 160=999, 9=999, 8=999, 19=999, 179=999, 17=999, 178=999, 18=999, 177=999, 15=999, 16=999, 176=999, 13=999, 14=999, 11=999, 12=999, 21=999, 170=999, 171=999, 20=999, 174=999, 175=999, 172=999, 173=999, 188=999, 187=999, 189=999, 180=999, 10=999, 181=999, 182=999, 183=999, 184=999, 185=999, 186=999, 116=999, 117=999, 79=999, 114=999, 78=999, 115=999, 77=999, 112=999, 113=999, 110=999, 111=999, 118=999, 119=999, 82=999, 83=999, 80=999, 81=999, 86=999, 87=999, 84=999, 85=999, 125=999, 67=999, 126=999, 66=999, 127=999, 69=999, 68=999, 128=999, 121=999, 122=999, 123=999, 124=999, 129=999, 70=999, 71=999, 120=999, 72=999, 73=999, 74=999, 75=999, 76=999, 134=999, 135=999, 132=999, 133=999, 59=999, 58=999, 138=999, 57=999, 139=999, 56=999, 136=999, 137=999, 55=999, 64=999, 65=999, 62=999, 63=999, 131=999, 60=999, 61=999, 130=999, 49=999, 143=999, 48=999, 144=999, 145=999, 146=999, 147=999, 45=999, 44=999, 148=999, 47=999, 149=999, 46=999, 51=999, 52=999, 53=999, 54=999, 140=999, 142=999, 141=999, 50=999, 109=999, 108=999, 107=999, 106=999, 105=999, 104=999, 103=999, 102=999, 99=999, 101=999, 100=999, 98=999, 97=999, 96=999, 95=999, 94=999, 93=999, 92=999, 91=999, 90=999, 88=999, 89=999, 195=999, 194=999, 197=999, 196=999, 191=999, 190=999, 193=999, 192=999, 198=999, 199=999}
Number of gene trees: 999
0 trees have missing taxa
Calculating quartet distance matrix (for completion of X)
Species tree distances calculated ...
Building set of clusters (X) from gene trees 
Using tree-based weight calculation.
Number of Default Clusters: 153789
Number of quartet trees in the gene trees: 65931856485
calculating extra bipartitions to be added at level 1 ...
Number of Clusters after addition by distance: 153827
Adding to X using resolutions of greedy consensus ...
Threshold 0.0:
polytomy of size 15; rounds with additions with at least 0.01 support: 5; clusters: 155483
Threshold 0.01:
polytomy of size 28; rounds with additions with at least 0.01 support: 8; clusters: 163399
Threshold 0.02:
polytomy of size 31; rounds with additions with at least 0.01 support: 4; clusters: 171649
Threshold 0.05:
polytomy of size 3; rounds with additions with at least 0.01 support: 0; clusters: 171649
polytomy of size 3; rounds with additions with at least 0.01 support: 0; clusters: 171649
polytomy of size 4; rounds with additions with at least 0.01 support: 0; clusters: 171649
polytomy of size 40; rounds with additions with at least 0.01 support: 1; clusters: 171891
Threshold 0.1:
polytomy of size 3; rounds with additions with at least 0.01 support: 0; clusters: 171891
polytomy of size 4; rounds with additions with at least 0.01 support: 0; clusters: 171891
polytomy of size 6; rounds with additions with at least 0.01 support: 0; clusters: 171891
polytomy of size 7; rounds with additions with at least 0.01 support: 0; clusters: 171891
polytomy of size 56; rounds with additions with at least 0.01 support: 0; clusters: 172075
Threshold 0.2:
polytomy of size 3; rounds with additions with at least 0.01 support: 0; clusters: 172075
polytomy of size 3; rounds with additions with at least 0.01 support: 0; clusters: 172075
polytomy of size 3; rounds with additions with at least 0.01 support: 0; clusters: 172075
polytomy of size 90; rounds with additions with at least 0.01 support: 0; clusters: 172281
Threshold 0.3333333333333333:
polytomy of size 3; rounds with additions with at least 0.01 support: 0; clusters: 172281
polytomy of size 3; rounds with additions with at least 0.01 support: 0; clusters: 172281
polytomy of size 3; rounds with additions with at least 0.01 support: 0; clusters: 172281
polytomy of size 3; rounds with additions with at least 0.01 support: 0; clusters: 172281
polytomy of size 4; rounds with additions with at least 0.01 support: 0; clusters: 172281
polytomy of size 4; rounds with additions with at least 0.01 support: 0; clusters: 172281
polytomy of size 3; rounds with additions with at least 0.01 support: 0; clusters: 172281
Number of Clusters after addition by greedy: 172281
partitions formed in 104.704 secs
Dynamic Programming starting after 104.704 secs
Size of largest cluster: 201
Calculated 100000 weights; time (seconds): 743
Calculated 200000 weights; time (seconds): 634
Calculated 300000 weights; time (seconds): 649
Calculated 400000 weights; time (seconds): 677
Total Number of elements weighted: 412315
Normalized score (portion of input quartet trees satisfied): 0.4667200440503416
Final optimization score: 30771718963
Optimal tree inferred in 2787.758 secs.
(161,(179,(15,(((90,(46,99)),(147,((4,43),((192,30),(97,(119,(187,(143,111)))))))),(((150,169),(104,(120,88))),(((148,(28,71)),((115,(75,194)),(((16,40),((48,84),((47,152),(2,(139,35))))),((199,(168,67)),((172,10),((8,138),(66,((76,65),(154,33))))))))),((((158,21),(160,(45,(176,(133,195))))),((27,(134,(92,52))),((51,130),(77,(82,((174,11),(142,122))))))),(0,((((112,(185,83)),((61,102),(85,(87,(81,190))))),(((9,64),((42,13),(200,72))),(((184,(171,95)),((32,((109,164),(141,(180,189)))),(6,((191,121),(60,(73,(7,12))))))),(((93,59),(58,(44,183))),((173,((96,50),(135,(63,17)))),(18,((127,(162,(39,(193,(53,101))))),((5,25),(105,(24,(1,22))))))))))),(((177,36),(((170,(23,113)),(197,(149,(41,(128,20))))),(125,(49,((144,(69,163)),(166,(182,(175,155)))))))),((178,78),(((3,98),((89,100),(107,(181,103)))),(((151,(34,(26,165))),(54,((196,94),(91,74)))),(((132,(110,114)),((124,(157,156)),(19,(80,140)))),(((29,(37,(137,146))),((86,(14,68)),((136,117),((198,(31,126)),(79,(56,62)))))),((108,167),((70,(123,57)),((186,(159,55)),((129,(118,38)),((106,(145,153)),(188,(131,116))))))))))))))))))))));
Quartet score is: 30771718963
Normalized quartet score is: 0.4667200440503416
ASTRAL finished in 2795.963 secs
