
================== ASTRAL ===================== 

This is ASTRAL version 4.10.8
Gene trees are treated as unrooted
1000 trees read from ASTRALDATA/model.1000.2000000.0.000001/20/estimatedgenetre.halfresolved
All outputted trees will be *arbitrarily* rooted at 528

======== Running the main analysis
Number of taxa: 1001 (1001 species)
Taxa: [528, 756, 449, 135, 434, 780, 492, 544, 645, 493, 850, 1000, 743, 733, 971, 353, 167, 911, 991, 540, 807, 841, 52, 908, 134, 851, 926, 67, 640, 23, 845, 498, 369, 487, 91, 219, 395, 749, 448, 314, 132, 97, 728, 51, 708, 940, 644, 593, 953, 776, 53, 237, 671, 609, 706, 806, 133, 191, 361, 817, 721, 385, 495, 104, 326, 956, 539, 529, 748, 45, 239, 899, 499, 265, 723, 962, 304, 479, 922, 523, 994, 173, 272, 241, 998, 691, 772, 488, 98, 190, 703, 372, 634, 85, 126, 664, 768, 578, 497, 12, 724, 174, 658, 37, 41, 751, 949, 680, 170, 350, 616, 19, 884, 38, 92, 607, 746, 228, 242, 46, 447, 886, 520, 826, 622, 379, 159, 24, 833, 566, 243, 864, 858, 54, 425, 206, 726, 754, 611, 766, 391, 547, 202, 120, 507, 958, 569, 87, 727, 687, 976, 383, 919, 685, 556, 810, 628, 204, 47, 269, 542, 481, 83, 677, 147, 704, 742, 79, 494, 559, 968, 903, 898, 548, 887, 13, 779, 244, 335, 920, 551, 9, 854, 130, 20, 747, 815, 140, 410, 148, 764, 980, 138, 81, 643, 374, 117, 396, 907, 226, 638, 188, 513, 946, 430, 500, 873, 407, 422, 793, 705, 377, 113, 996, 600, 66, 647, 597, 359, 635, 291, 972, 665, 802, 459, 28, 428, 223, 471, 30, 553, 180, 344, 510, 618, 536, 444, 895, 732, 639, 196, 905, 164, 264, 14, 682, 599, 284, 672, 408, 7, 152, 844, 319, 309, 352, 633, 550, 623, 781, 846, 849, 565, 993, 392, 673, 783, 336, 561, 763, 871, 296, 969, 458, 874, 414, 360, 78, 620, 146, 729, 900, 694, 367, 210, 43, 322, 601, 40, 288, 474, 404, 266, 503, 973, 717, 712, 405, 153, 413, 96, 299, 836, 987, 722, 378, 442, 73, 11, 652, 889, 175, 429, 460, 349, 707, 193, 674, 866, 590, 878, 855, 875, 663, 758, 901, 136, 185, 154, 144, 347, 933, 575, 195, 80, 305, 683, 621, 834, 323, 398, 997, 860, 572, 782, 522, 883, 838, 642, 596, 295, 740, 795, 108, 533, 615, 741, 750, 734, 143, 761, 256, 445, 137, 770, 868, 89, 461, 803, 755, 574, 821, 262, 35, 983, 88, 885, 570, 936, 964, 985, 686, 537, 585, 114, 637, 469, 17, 198, 36, 214, 789, 416, 881, 490, 505, 8, 526, 859, 837, 617, 963, 163, 400, 835, 945, 918, 156, 431, 260, 169, 362, 477, 271, 178, 307, 589, 814, 852, 200, 773, 316, 646, 419, 861, 116, 606, 455, 713, 959, 619, 654, 702, 624, 944, 546, 122, 275, 612, 63, 225, 525, 819, 960, 557, 848, 784, 988, 234, 825, 294, 64, 464, 388, 700, 230, 577, 443, 777, 297, 95, 303, 0, 840, 809, 679, 82, 501, 65, 338, 357, 769, 332, 31, 306, 278, 250, 470, 699, 311, 790, 370, 867, 695, 869, 558, 939, 334, 948, 287, 986, 457, 822, 22, 205, 320, 737, 1, 248, 482, 308, 549, 924, 231, 917, 292, 660, 4, 157, 583, 786, 346, 591, 688, 648, 25, 270, 681, 107, 165, 203, 879, 805, 249, 912, 124, 109, 49, 483, 930, 26, 657, 975, 999, 711, 891, 454, 759, 527, 273, 209, 177, 676, 820, 952, 739, 224, 989, 149, 992, 932, 832, 857, 44, 387, 15, 473, 720, 325, 76, 598, 928, 293, 829, 183, 192, 339, 937, 950, 697, 813, 450, 286, 626, 187, 212, 112, 29, 584, 938, 560, 246, 515, 870, 463, 475, 139, 18, 406, 736, 954, 110, 90, 923, 364, 340, 823, 227, 276, 587, 613, 893, 778, 752, 453, 554, 511, 456, 393, 913, 696, 604, 888, 127, 348, 808, 872, 310, 580, 571, 411, 70, 274, 824, 382, 160, 437, 788, 955, 521, 218, 602, 564, 118, 48, 974, 668, 670, 381, 93, 762, 333, 317, 254, 365, 2, 649, 785, 582, 259, 32, 532, 506, 318, 285, 730, 142, 896, 33, 267, 839, 909, 168, 189, 251, 735, 765, 812, 614, 791, 123, 446, 158, 978, 843, 229, 216, 517, 827, 573, 435, 555, 424, 792, 253, 630, 440, 401, 563, 417, 438, 384, 162, 476, 692, 171, 797, 261, 914, 302, 678, 432, 698, 215, 145, 141, 967, 238, 485, 890, 661, 709, 995, 897, 941, 656, 625, 418, 981, 300, 399, 902, 957, 894, 653, 632, 68, 984, 94, 877, 666, 129, 516, 313, 220, 236, 714, 331, 629, 636, 753, 771, 252, 512, 489, 328, 426, 876, 760, 468, 27, 588, 409, 368, 977, 258, 247, 689, 675, 397, 105, 375, 552, 862, 281, 100, 608, 543, 530, 800, 106, 662, 298, 767, 128, 390, 504, 531, 235, 355, 101, 929, 240, 329, 562, 545, 828, 155, 268, 324, 853, 257, 412, 965, 757, 669, 745, 738, 21, 39, 221, 568, 341, 847, 982, 865, 71, 421, 207, 451, 586, 831, 579, 420, 176, 351, 880, 842, 42, 402, 356, 655, 441, 990, 921, 603, 55, 199, 796, 535, 69, 16, 863, 327, 576, 462, 86, 62, 882, 321, 534, 794, 519, 486, 716, 201, 452, 315, 925, 103, 509, 312, 816, 172, 799, 371, 197, 798, 10, 282, 3, 943, 386, 715, 690, 58, 947, 232, 394, 99, 125, 718, 667, 72, 439, 84, 283, 961, 115, 50, 34, 403, 358, 684, 856, 659, 605, 641, 363, 56, 433, 934, 255, 376, 775, 581, 472, 693, 111, 927, 427, 102, 484, 651, 508, 77, 74, 245, 211, 966, 6, 592, 423, 5, 150, 277, 217, 478, 931, 910, 951, 725, 916, 496, 801, 279, 354, 610, 904, 119, 343, 131, 467, 830, 436, 970, 701, 213, 595, 415, 514, 208, 151, 811, 804, 892, 366, 342, 186, 61, 465, 330, 194, 380, 301, 466, 59, 942, 166, 541, 502, 280, 182, 627, 491, 979, 60, 184, 181, 935, 57, 744, 710, 818, 518, 719, 915, 263, 222, 631, 480, 345, 774, 906, 650, 389, 524, 787, 567, 731, 121, 538, 337, 233, 75, 594, 373, 289, 179, 290, 161]
Taxon occupancy: {338=1000, 339=1000, 941=1000, 942=1000, 940=1000, 945=1000, 332=1000, 946=1000, 333=1000, 330=1000, 943=1000, 944=1000, 331=1000, 336=1000, 949=1000, 337=1000, 947=1000, 334=1000, 335=1000, 948=1000, 531=1000, 748=1000, 530=1000, 747=1000, 746=1000, 745=1000, 535=1000, 534=1000, 533=1000, 749=1000, 532=1000, 740=1000, 539=1000, 538=1000, 537=1000, 536=1000, 744=1000, 743=1000, 742=1000, 741=1000, 349=1000, 930=1000, 931=1000, 341=1000, 932=1000, 342=1000, 933=1000, 343=1000, 934=1000, 935=1000, 344=1000, 345=1000, 936=1000, 346=1000, 937=1000, 347=1000, 938=1000, 939=1000, 348=1000, 3=1000, 540=1000, 735=1000, 929=1000, 734=1000, 2=1000, 542=1000, 737=1000, 1=1000, 541=1000, 0=1000, 736=1000, 7=1000, 544=1000, 739=1000, 6=1000, 738=1000, 543=1000, 5=1000, 546=1000, 340=1000, 545=1000, 4=1000, 548=1000, 547=1000, 9=1000, 8=1000, 549=1000, 731=1000, 730=1000, 733=1000, 732=1000, 920=1000, 318=1000, 319=1000, 316=1000, 317=1000, 927=1000, 314=1000, 315=1000, 928=1000, 312=1000, 925=1000, 926=1000, 313=1000, 923=1000, 310=1000, 311=1000, 924=1000, 921=1000, 922=1000, 513=1000, 729=1000, 512=1000, 728=1000, 511=1000, 510=1000, 727=1000, 726=1000, 725=1000, 724=1000, 919=1000, 723=1000, 918=1000, 722=1000, 721=1000, 519=1000, 720=1000, 518=1000, 517=1000, 516=1000, 515=1000, 514=1000, 327=1000, 328=1000, 329=1000, 323=1000, 914=1000, 915=1000, 324=1000, 916=1000, 325=1000, 326=1000, 917=1000, 910=1000, 709=1000, 911=1000, 320=1000, 321=1000, 912=1000, 322=1000, 913=1000, 522=1000, 717=1000, 716=1000, 521=1000, 524=1000, 719=1000, 718=1000, 523=1000, 908=1000, 713=1000, 712=1000, 907=1000, 715=1000, 520=1000, 909=1000, 714=1000, 529=1000, 711=1000, 710=1000, 526=1000, 525=1000, 528=1000, 527=1000, 989=1000, 988=1000, 987=1000, 571=1000, 570=1000, 982=1000, 981=1000, 980=1000, 986=1000, 985=1000, 984=1000, 983=1000, 700=1000, 574=1000, 703=1000, 575=1000, 704=1000, 701=1000, 572=1000, 702=1000, 573=1000, 707=1000, 578=1000, 579=1000, 708=1000, 576=1000, 705=1000, 706=1000, 577=1000, 977=1000, 976=1000, 979=1000, 300=1000, 978=1000, 580=1000, 302=1000, 301=1000, 304=1000, 582=1000, 581=1000, 303=1000, 306=1000, 305=1000, 971=1000, 308=1000, 970=1000, 307=1000, 973=1000, 309=1000, 972=1000, 975=1000, 974=1000, 583=1000, 584=1000, 585=1000, 586=1000, 587=1000, 588=1000, 589=1000, 969=1000, 968=1000, 967=1000, 966=1000, 965=1000, 964=1000, 963=1000, 962=1000, 961=1000, 960=1000, 558=1000, 559=1000, 556=1000, 557=1000, 554=1000, 555=1000, 552=1000, 553=1000, 550=1000, 551=1000, 959=1000, 958=1000, 560=1000, 955=1000, 954=1000, 957=1000, 956=1000, 951=1000, 950=1000, 953=1000, 952=1000, 569=1000, 565=1000, 566=1000, 567=1000, 568=1000, 561=1000, 562=1000, 563=1000, 564=1000, 799=1000, 798=1000, 797=1000, 796=1000, 795=1000, 794=1000, 793=1000, 792=1000, 996=1000, 790=1000, 997=1000, 791=1000, 994=1000, 995=1000, 992=1000, 993=1000, 990=1000, 991=1000, 998=1000, 999=1000, 781=1000, 782=1000, 783=1000, 784=1000, 785=1000, 786=1000, 787=1000, 788=1000, 789=1000, 780=1000, 772=1000, 505=1000, 773=1000, 506=1000, 770=1000, 503=1000, 504=1000, 771=1000, 509=1000, 776=1000, 777=1000, 774=1000, 507=1000, 508=1000, 775=1000, 778=1000, 779=1000, 501=1000, 502=1000, 500=1000, 763=1000, 764=1000, 765=1000, 766=1000, 760=1000, 761=1000, 762=1000, 767=1000, 768=1000, 769=1000, 754=1000, 755=1000, 752=1000, 753=1000, 750=1000, 751=1000, 758=1000, 759=1000, 756=1000, 757=1000, 595=1000, 594=1000, 597=1000, 391=1000, 390=1000, 596=1000, 599=1000, 393=1000, 392=1000, 598=1000, 395=1000, 394=1000, 396=1000, 397=1000, 398=1000, 399=1000, 590=1000, 591=1000, 592=1000, 593=1000, 383=1000, 384=1000, 381=1000, 382=1000, 380=1000, 389=1000, 388=1000, 387=1000, 386=1000, 385=1000, 370=1000, 371=1000, 372=1000, 373=1000, 379=1000, 378=1000, 375=1000, 374=1000, 377=1000, 376=1000, 361=1000, 362=1000, 360=1000, 366=1000, 365=1000, 364=1000, 363=1000, 369=1000, 368=1000, 367=1000, 350=1000, 351=1000, 353=1000, 352=1000, 355=1000, 354=1000, 357=1000, 356=1000, 359=1000, 358=1000, 806=1000, 807=1000, 804=1000, 805=1000, 802=1000, 803=1000, 800=1000, 801=1000, 159=1000, 158=1000, 157=1000, 156=1000, 155=1000, 154=1000, 601=1000, 152=1000, 153=1000, 600=1000, 150=1000, 151=1000, 609=1000, 608=1000, 607=1000, 606=1000, 605=1000, 604=1000, 603=1000, 602=1000, 202=1000, 203=1000, 204=1000, 205=1000, 200=1000, 201=1000, 169=1000, 166=1000, 206=1000, 207=1000, 165=1000, 208=1000, 168=1000, 167=1000, 209=1000, 161=1000, 409=1000, 408=1000, 162=1000, 163=1000, 164=1000, 405=1000, 404=1000, 407=1000, 406=1000, 160=1000, 401=1000, 400=1000, 403=1000, 402=1000, 211=1000, 824=1000, 825=1000, 212=1000, 822=1000, 210=1000, 823=1000, 828=1000, 215=1000, 829=1000, 216=1000, 213=1000, 826=1000, 214=1000, 827=1000, 179=1000, 219=1000, 178=1000, 217=1000, 177=1000, 176=1000, 218=1000, 820=1000, 821=1000, 170=1000, 418=1000, 417=1000, 171=1000, 416=1000, 415=1000, 623=1000, 174=1000, 175=1000, 622=1000, 172=1000, 621=1000, 620=1000, 173=1000, 419=1000, 627=1000, 410=1000, 626=1000, 625=1000, 624=1000, 819=1000, 414=1000, 413=1000, 412=1000, 629=1000, 628=1000, 411=1000, 811=1000, 220=1000, 221=1000, 812=1000, 222=1000, 813=1000, 223=1000, 814=1000, 815=1000, 224=1000, 816=1000, 225=1000, 226=1000, 817=1000, 818=1000, 227=1000, 188=1000, 228=1000, 187=1000, 229=1000, 189=1000, 810=1000, 427=1000, 180=1000, 426=1000, 181=1000, 429=1000, 182=1000, 428=1000, 610=1000, 183=1000, 184=1000, 185=1000, 612=1000, 186=1000, 611=1000, 809=1000, 614=1000, 613=1000, 808=1000, 421=1000, 616=1000, 420=1000, 615=1000, 423=1000, 618=1000, 422=1000, 617=1000, 425=1000, 619=1000, 424=1000, 116=1000, 843=1000, 842=1000, 117=1000, 841=1000, 114=1000, 115=1000, 840=1000, 112=1000, 113=1000, 110=1000, 111=1000, 849=1000, 848=1000, 847=1000, 846=1000, 845=1000, 118=1000, 119=1000, 844=1000, 435=1000, 436=1000, 433=1000, 434=1000, 431=1000, 432=1000, 430=1000, 439=1000, 437=1000, 438=1000, 830=1000, 125=1000, 126=1000, 832=1000, 127=1000, 831=1000, 128=1000, 121=1000, 122=1000, 123=1000, 124=1000, 838=1000, 837=1000, 839=1000, 834=1000, 129=1000, 833=1000, 836=1000, 835=1000, 444=1000, 445=1000, 446=1000, 447=1000, 440=1000, 441=1000, 442=1000, 443=1000, 120=1000, 448=1000, 449=1000, 134=1000, 861=1000, 860=1000, 135=1000, 132=1000, 133=1000, 865=1000, 138=1000, 864=1000, 139=1000, 863=1000, 136=1000, 137=1000, 862=1000, 869=1000, 868=1000, 867=1000, 866=1000, 450=1000, 453=1000, 454=1000, 451=1000, 452=1000, 457=1000, 458=1000, 455=1000, 456=1000, 459=1000, 131=1000, 130=1000, 143=1000, 144=1000, 850=1000, 145=1000, 146=1000, 147=1000, 852=1000, 851=1000, 148=1000, 854=1000, 149=1000, 853=1000, 856=1000, 855=1000, 858=1000, 857=1000, 859=1000, 461=1000, 460=1000, 462=1000, 463=1000, 464=1000, 465=1000, 466=1000, 467=1000, 468=1000, 469=1000, 140=1000, 142=1000, 141=1000, 687=1000, 686=1000, 689=1000, 688=1000, 683=1000, 682=1000, 685=1000, 684=1000, 888=1000, 889=1000, 884=1000, 885=1000, 680=1000, 886=1000, 887=1000, 681=1000, 880=1000, 881=1000, 882=1000, 883=1000, 678=1000, 677=1000, 676=1000, 675=1000, 674=1000, 673=1000, 672=1000, 671=1000, 679=1000, 879=1000, 877=1000, 878=1000, 875=1000, 670=1000, 876=1000, 873=1000, 874=1000, 871=1000, 872=1000, 870=1000, 696=1000, 695=1000, 694=1000, 693=1000, 890=1000, 699=1000, 698=1000, 697=1000, 899=1000, 893=1000, 894=1000, 891=1000, 892=1000, 691=1000, 897=1000, 898=1000, 692=1000, 895=1000, 690=1000, 896=1000, 646=1000, 647=1000, 648=1000, 649=1000, 642=1000, 195=1000, 194=1000, 643=1000, 197=1000, 644=1000, 196=1000, 645=1000, 191=1000, 190=1000, 193=1000, 640=1000, 641=1000, 192=1000, 198=1000, 199=1000, 639=1000, 637=1000, 638=1000, 635=1000, 636=1000, 633=1000, 634=1000, 631=1000, 632=1000, 630=1000, 668=1000, 669=1000, 660=1000, 661=1000, 662=1000, 663=1000, 664=1000, 665=1000, 666=1000, 667=1000, 659=1000, 657=1000, 658=1000, 651=1000, 652=1000, 650=1000, 655=1000, 656=1000, 653=1000, 654=1000, 35=1000, 36=1000, 33=1000, 34=1000, 39=1000, 37=1000, 38=1000, 43=1000, 42=1000, 41=1000, 40=1000, 22=1000, 23=1000, 24=1000, 25=1000, 26=1000, 27=1000, 28=1000, 29=1000, 30=1000, 32=1000, 31=1000, 19=1000, 17=1000, 18=1000, 15=1000, 16=1000, 13=1000, 14=1000, 11=1000, 12=1000, 21=1000, 20=1000, 10=1000, 79=1000, 78=1000, 77=1000, 82=1000, 83=1000, 80=1000, 81=1000, 86=1000, 87=1000, 84=1000, 85=1000, 67=1000, 66=1000, 69=1000, 68=1000, 70=1000, 71=1000, 72=1000, 73=1000, 74=1000, 75=1000, 76=1000, 59=1000, 58=1000, 57=1000, 56=1000, 55=1000, 64=1000, 65=1000, 62=1000, 63=1000, 60=1000, 61=1000, 49=1000, 48=1000, 45=1000, 44=1000, 47=1000, 46=1000, 51=1000, 52=1000, 53=1000, 54=1000, 50=1000, 487=1000, 281=1000, 280=1000, 486=1000, 485=1000, 484=1000, 285=1000, 284=1000, 283=1000, 489=1000, 282=1000, 488=1000, 288=1000, 289=1000, 286=1000, 287=1000, 482=1000, 483=1000, 480=1000, 481=1000, 474=1000, 473=1000, 270=1000, 476=1000, 475=1000, 478=1000, 272=1000, 477=1000, 271=1000, 274=1000, 479=1000, 273=1000, 275=1000, 276=1000, 277=1000, 278=1000, 279=1000, 470=1000, 471=1000, 472=1000, 1000=1000, 109=1000, 108=1000, 107=1000, 106=1000, 105=1000, 104=1000, 103=1000, 102=1000, 99=1000, 101=1000, 100=1000, 98=1000, 97=1000, 96=1000, 95=1000, 94=1000, 93=1000, 92=1000, 91=1000, 294=1000, 90=1000, 499=1000, 293=1000, 296=1000, 295=1000, 290=1000, 496=1000, 495=1000, 498=1000, 292=1000, 291=1000, 497=1000, 491=1000, 492=1000, 493=1000, 494=1000, 297=1000, 298=1000, 299=1000, 490=1000, 88=1000, 89=1000, 240=1000, 241=1000, 245=1000, 244=1000, 243=1000, 242=1000, 249=1000, 248=1000, 247=1000, 246=1000, 230=1000, 239=1000, 232=1000, 231=1000, 234=1000, 233=1000, 236=1000, 235=1000, 238=1000, 237=1000, 262=1000, 263=1000, 260=1000, 261=1000, 269=1000, 268=1000, 267=1000, 266=1000, 265=1000, 264=1000, 250=1000, 251=1000, 252=1000, 904=1000, 258=1000, 257=1000, 903=1000, 906=1000, 905=1000, 259=1000, 900=1000, 254=1000, 253=1000, 256=1000, 902=1000, 255=1000, 901=1000}
Number of gene trees: 1000
0 trees have missing taxa
Calculating quartet distance matrix (for completion of X)
Species tree distances calculated ...
Building set of clusters (X) from gene trees 
Using tree-based weight calculation.
Number of Default Clusters: 296027
Number of quartet trees in the gene trees: 41583009412271
calculating extra bipartitions to be added at level 1 ...
Number of Clusters after addition by distance: 296039
Adding to X using resolutions of greedy consensus ...
Threshold 0.0:
polytomy of size 6; rounds with additions with at least 0.01 support: 2; clusters: 296119
Threshold 0.01:
polytomy of size 4; rounds with additions with at least 0.01 support: 0; clusters: 296123
polytomy of size 16; rounds with additions with at least 0.01 support: 2; clusters: 296955
Threshold 0.02:
polytomy of size 3; rounds with additions with at least 0.01 support: 0; clusters: 296955
polytomy of size 6; rounds with additions with at least 0.01 support: 0; clusters: 296973
polytomy of size 3; rounds with additions with at least 0.01 support: 0; clusters: 296973
polytomy of size 3; rounds with additions with at least 0.01 support: 0; clusters: 296973
polytomy of size 18; rounds with additions with at least 0.01 support: 2; clusters: 297683
Threshold 0.05:
polytomy of size 4; rounds with additions with at least 0.01 support: 0; clusters: 297683
polytomy of size 4; rounds with additions with at least 0.01 support: 0; clusters: 297683
polytomy of size 3; rounds with additions with at least 0.01 support: 0; clusters: 297683
polytomy of size 4; rounds with additions with at least 0.01 support: 0; clusters: 297683
polytomy of size 6; rounds with additions with at least 0.01 support: 0; clusters: 297683
polytomy of size 36; rounds with additions with at least 0.01 support: 0; clusters: 297705
Threshold 0.1:
polytomy of size 4; rounds with additions with at least 0.01 support: 0; clusters: 297705
polytomy of size 3; rounds with additions with at least 0.01 support: 0; clusters: 297705
polytomy of size 5; rounds with additions with at least 0.01 support: 0; clusters: 297705
polytomy of size 3; rounds with additions with at least 0.01 support: 0; clusters: 297705
polytomy of size 60; rounds with additions with at least 0.01 support: 0; clusters: 297711
Threshold 0.2:
polytomy of size 3; rounds with additions with at least 0.01 support: 0; clusters: 297711
polytomy of size 3; rounds with additions with at least 0.01 support: 0; clusters: 297711
polytomy of size 3; rounds with additions with at least 0.01 support: 0; clusters: 297711
polytomy of size 3; rounds with additions with at least 0.01 support: 0; clusters: 297711
polytomy of size 3; rounds with additions with at least 0.01 support: 0; clusters: 297711
polytomy of size 3; rounds with additions with at least 0.01 support: 0; clusters: 297711
polytomy of size 3; rounds with additions with at least 0.01 support: 0; clusters: 297711
polytomy of size 4; rounds with additions with at least 0.01 support: 0; clusters: 297711
polytomy of size 3; rounds with additions with at least 0.01 support: 0; clusters: 297711
polytomy of size 4; rounds with additions with at least 0.01 support: 0; clusters: 297711
polytomy of size 3; rounds with additions with at least 0.01 support: 0; clusters: 297711
polytomy of size 4; rounds with additions with at least 0.01 support: 0; clusters: 297711
polytomy of size 3; rounds with additions with at least 0.01 support: 0; clusters: 297711
polytomy of size 4; rounds with additions with at least 0.01 support: 0; clusters: 297711
polytomy of size 3; rounds with additions with at least 0.01 support: 0; clusters: 297711
polytomy of size 3; rounds with additions with at least 0.01 support: 0; clusters: 297711
polytomy of size 3; rounds with additions with at least 0.01 support: 0; clusters: 297711
polytomy of size 3; rounds with additions with at least 0.01 support: 0; clusters: 297711
polytomy of size 3; rounds with additions with at least 0.01 support: 0; clusters: 297711
polytomy of size 4; rounds with additions with at least 0.01 support: 0; clusters: 297711
polytomy of size 3; rounds with additions with at least 0.01 support: 0; clusters: 297711
polytomy of size 7; rounds with additions with at least 0.01 support: 0; clusters: 297711
polytomy of size 3; rounds with additions with at least 0.01 support: 0; clusters: 297711
polytomy of size 3; rounds with additions with at least 0.01 support: 0; clusters: 297711
polytomy of size 4; rounds with additions with at least 0.01 support: 0; clusters: 297711
polytomy of size 4; rounds with additions with at least 0.01 support: 0; clusters: 297711
polytomy of size 4; rounds with additions with at least 0.01 support: 0; clusters: 297711
polytomy of size 4; rounds with additions with at least 0.01 support: 0; clusters: 297711
polytomy of size 93; rounds with additions with at least 0.01 support: 0; clusters: 297713
Threshold 0.3333333333333333:
polytomy of size 4; rounds with additions with at least 0.01 support: 0; clusters: 297713
polytomy of size 3; rounds with additions with at least 0.01 support: 0; clusters: 297713
polytomy of size 3; rounds with additions with at least 0.01 support: 0; clusters: 297713
polytomy of size 4; rounds with additions with at least 0.01 support: 0; clusters: 297713
polytomy of size 3; rounds with additions with at least 0.01 support: 0; clusters: 297713
polytomy of size 3; rounds with additions with at least 0.01 support: 0; clusters: 297713
polytomy of size 5; rounds with additions with at least 0.01 support: 0; clusters: 297713
polytomy of size 5; rounds with additions with at least 0.01 support: 0; clusters: 297713
polytomy of size 3; rounds with additions with at least 0.01 support: 0; clusters: 297713
polytomy of size 3; rounds with additions with at least 0.01 support: 0; clusters: 297713
polytomy of size 4; rounds with additions with at least 0.01 support: 0; clusters: 297713
polytomy of size 3; rounds with additions with at least 0.01 support: 0; clusters: 297713
polytomy of size 3; rounds with additions with at least 0.01 support: 0; clusters: 297713
polytomy of size 4; rounds with additions with at least 0.01 support: 0; clusters: 297713
polytomy of size 3; rounds with additions with at least 0.01 support: 0; clusters: 297713
polytomy of size 4; rounds with additions with at least 0.01 support: 0; clusters: 297713
polytomy of size 4; rounds with additions with at least 0.01 support: 0; clusters: 297713
polytomy of size 4; rounds with additions with at least 0.01 support: 0; clusters: 297713
polytomy of size 3; rounds with additions with at least 0.01 support: 0; clusters: 297713
polytomy of size 3; rounds with additions with at least 0.01 support: 0; clusters: 297713
polytomy of size 3; rounds with additions with at least 0.01 support: 0; clusters: 297713
polytomy of size 3; rounds with additions with at least 0.01 support: 0; clusters: 297713
polytomy of size 3; rounds with additions with at least 0.01 support: 0; clusters: 297713
polytomy of size 3; rounds with additions with at least 0.01 support: 0; clusters: 297713
polytomy of size 3; rounds with additions with at least 0.01 support: 0; clusters: 297713
polytomy of size 3; rounds with additions with at least 0.01 support: 0; clusters: 297713
polytomy of size 3; rounds with additions with at least 0.01 support: 0; clusters: 297713
polytomy of size 3; rounds with additions with at least 0.01 support: 0; clusters: 297713
polytomy of size 5; rounds with additions with at least 0.01 support: 0; clusters: 297713
polytomy of size 3; rounds with additions with at least 0.01 support: 0; clusters: 297713
polytomy of size 3; rounds with additions with at least 0.01 support: 0; clusters: 297713
polytomy of size 4; rounds with additions with at least 0.01 support: 0; clusters: 297713
polytomy of size 7; rounds with additions with at least 0.01 support: 0; clusters: 297713
polytomy of size 4; rounds with additions with at least 0.01 support: 0; clusters: 297713
polytomy of size 3; rounds with additions with at least 0.01 support: 0; clusters: 297713
polytomy of size 4; rounds with additions with at least 0.01 support: 0; clusters: 297713
polytomy of size 4; rounds with additions with at least 0.01 support: 0; clusters: 297713
polytomy of size 4; rounds with additions with at least 0.01 support: 0; clusters: 297713
polytomy of size 3; rounds with additions with at least 0.01 support: 0; clusters: 297713
polytomy of size 4; rounds with additions with at least 0.01 support: 0; clusters: 297713
polytomy of size 3; rounds with additions with at least 0.01 support: 0; clusters: 297713
polytomy of size 3; rounds with additions with at least 0.01 support: 0; clusters: 297713
polytomy of size 3; rounds with additions with at least 0.01 support: 0; clusters: 297713
polytomy of size 3; rounds with additions with at least 0.01 support: 0; clusters: 297713
polytomy of size 4; rounds with additions with at least 0.01 support: 0; clusters: 297713
polytomy of size 3; rounds with additions with at least 0.01 support: 0; clusters: 297713
polytomy of size 7; rounds with additions with at least 0.01 support: 0; clusters: 297713
polytomy of size 4; rounds with additions with at least 0.01 support: 0; clusters: 297713
polytomy of size 3; rounds with additions with at least 0.01 support: 0; clusters: 297713
polytomy of size 3; rounds with additions with at least 0.01 support: 0; clusters: 297713
polytomy of size 4; rounds with additions with at least 0.01 support: 0; clusters: 297713
polytomy of size 4; rounds with additions with at least 0.01 support: 0; clusters: 297713
polytomy of size 4; rounds with additions with at least 0.01 support: 0; clusters: 297713
polytomy of size 4; rounds with additions with at least 0.01 support: 0; clusters: 297713
polytomy of size 3; rounds with additions with at least 0.01 support: 0; clusters: 297713
polytomy of size 3; rounds with additions with at least 0.01 support: 0; clusters: 297713
polytomy of size 4; rounds with additions with at least 0.01 support: 0; clusters: 297713
polytomy of size 3; rounds with additions with at least 0.01 support: 0; clusters: 297713
polytomy of size 3; rounds with additions with at least 0.01 support: 0; clusters: 297713
polytomy of size 4; rounds with additions with at least 0.01 support: 0; clusters: 297713
polytomy of size 6; rounds with additions with at least 0.01 support: 0; clusters: 297713
polytomy of size 3; rounds with additions with at least 0.01 support: 0; clusters: 297713
polytomy of size 9; rounds with additions with at least 0.01 support: 0; clusters: 297743
polytomy of size 4; rounds with additions with at least 0.01 support: 0; clusters: 297743
polytomy of size 124; rounds with additions with at least 0.01 support: 0; clusters: 425155
Number of Clusters after addition by greedy: 425155
partitions formed in 857.428 secs
Dynamic Programming starting after 857.428 secs
Size of largest cluster: 1001
Size of largest cluster: 1001
Calculated 100000 weights; time (seconds): 989
Calculated 200000 weights; time (seconds): 125
Calculated 300000 weights; time (seconds): 128
Calculated 400000 weights; time (seconds): 123
Calculated 500000 weights; time (seconds): 129
Calculated 600000 weights; time (seconds): 130
Calculated 700000 weights; time (seconds): 123
Calculated 800000 weights; time (seconds): 232
Calculated 900000 weights; time (seconds): 203
Calculated 1000000 weights; time (seconds): 235
Calculated 1100000 weights; time (seconds): 499
Total Number of elements weighted: 1217630
Normalized score (portion of input quartet trees satisfied): NaN
Final optimization score: 0
Calculated 1200000 weights; time (seconds): 565
Total Number of elements weighted: 1217630
Normalized score (portion of input quartet trees satisfied): 0.5894082011633668
Final optimization score: 24509366776646
Optimal tree inferred in 3576.494 secs.
(528,((449,(135,434)),(((493,850),(353,(743,(1000,(733,971))))),((756,(780,(544,(492,645)))),(((52,(851,(926,(908,134)))),((991,540),(911,(841,(167,807))))),(((940,(708,(644,(593,953)))),((678,(432,(698,215))),(141,(967,(145,(238,485)))))),(((19,(884,38)),((656,(625,(418,981))),(890,(661,(709,(941,(995,897))))))),(((228,(242,46)),(776,(427,(53,(237,671))))),(((746,(92,607)),(609,(191,(806,(706,133))))),((((24,(833,(864,(566,243)))),((520,(447,886)),((826,622),(379,159)))),(((372,(703,(85,(634,126)))),((578,12),(497,(664,768)))),((395,749),((680,170),((350,616),(174,((658,(37,41)),(724,(751,949))))))))),(((((162,476),(692,(797,(171,261)))),((72,((961,115),((50,34),(439,(84,283))))),((403,358),((56,(433,(376,(934,255)))),(856,(363,(659,(641,(684,605))))))))),(((718,667),((947,(394,(232,99))),(452,(((943,(10,(282,3))),(386,(690,(715,58)))),((798,(371,(197,(172,799)))),(315,((103,816),(925,(509,312))))))))),(((965,757),(68,(573,(435,(555,424))))),((157,302),((583,((914,236),((129,(877,666)),(220,(516,313))))),(((329,(929,240)),((412,(853,257)),(562,((545,828),(155,(268,324)))))),((27,(588,409)),((714,(((760,468),(328,(426,876))),(((636,753),(331,629)),((252,489),(771,512))))),(((530,800),((368,977),(281,(100,(608,543))))),(((552,862),(258,((247,689),((675,105),(397,375))))),((106,(662,(298,767))),((390,504),((531,235),(128,(355,101))))))))))))))),(((448,314),(132,(97,(728,51)))),((((102,(484,651)),(23,(845,((498,369),(487,91))))),(((179,(289,(594,373))),((((67,640),(173,272)),((241,691),(998,(488,(772,(98,190)))))),(((962,(304,479)),(922,(523,994))),((265,(723,(899,499))),(((385,495),(326,(104,956))),((817,721),((45,239),(539,(361,529))))))))),((121,(731,((567,538),(337,(233,75))))),((((804,(892,(366,342))),(150,((277,(217,725)),(951,(910,(478,931)))))),((5,(423,(966,(6,592)))),((436,970),((213,((119,343),(830,(131,467)))),((208,(151,811)),((595,(415,514)),(701,(279,((496,801),((354,610),(916,904))))))))))),((((744,710),(181,(935,57))),((979,(60,184)),(389,((627,491),(524,787))))),(((508,((245,211),(77,74))),((818,(518,719)),((915,263),((480,345),(222,(631,(774,(906,650)))))))),((472,693),((330,(166,(194,((502,182),(280,(380,541)))))),((186,(61,465)),(111,((301,466),(59,942)))))))))))),((457,((308,(248,482)),((737,1),(320,(205,(822,22)))))),((0,(((300,(632,(653,(894,(957,(399,902)))))),(((216,(517,827)),(669,(745,738))),((107,(786,(591,688))),((270,681),(346,(648,25)))))),((7,152),(748,(((((873,407),(422,(793,705))),((377,113),((66,647),(996,600)))),(927,((503,973),((404,266),(40,((288,474),(43,(322,601)))))))),(((444,895),(732,((639,196),((905,(14,(164,264))),((672,408),(682,(599,284))))))),(((836,((987,378),(442,(299,722)))),((729,(146,(900,(694,(367,210))))),(73,((717,712),(405,(153,(413,96))))))),(((429,460),(11,(652,(889,175)))),(((844,319),(((291,(802,(972,665))),(597,((359,635),(459,28)))),((471,(223,(428,30))),((510,618),(536,(553,(180,344))))))),(((309,(352,633)),((550,623),(781,846))),((849,(78,620)),(((673,783),(296,969)),((458,(360,(874,414))),((565,(993,392)),((336,561),(763,871)))))))))))))))),(((867,695),((370,(250,(470,699))),((311,790),((287,986),((334,948),(869,(558,939))))))),(((((796,(984,94)),((882,321),(327,((576,(62,(462,86))),(863,(69,(535,16))))))),(((21,(39,221)),(982,(847,(568,341)))),((158,(125,(978,(229,((402,(356,655)),((441,990),(921,(199,(603,55))))))))),(((660,4),(549,((917,292),(924,231)))),(((451,586),(207,(865,(71,421)))),((880,(176,351)),((842,42),(831,(579,420))))))))),((((318,285),(532,(32,506))),(839,(33,(142,(896,(730,267)))))),(((534,794),((843,201),(519,(486,716)))),((785,((333,317),((582,259),(649,(254,(365,2)))))),((((888,(604,(393,(913,696)))),(((511,456),(453,554)),((893,(778,752)),((90,613),((110,(923,364)),(587,(227,(340,(823,276))))))))),(((348,(310,((580,571),(808,872)))),(127,(382,((70,274),(411,824))))),(564,((602,(521,(788,(955,218)))),((160,437),((118,(48,974)),(668,(762,(670,(381,93)))))))))),(((483,(930,(26,(975,(657,999))))),((249,(879,805)),((912,(124,109)),(165,(203,49))))),((((450,(286,626)),(697,(813,((829,950),(937,(339,(183,192))))))),((475,(187,(112,(212,29)))),(((736,954),(18,(139,406))),((584,938),(463,(560,(246,(515,870)))))))),(((676,820),((177,(454,209)),((711,891),(273,(759,527))))),(((149,992),((224,989),(952,739))),((932,(832,(857,(44,387)))),((15,(473,(720,325))),(76,(598,(928,293)))))))))))))),((((858,54),(909,(614,((735,(168,(189,251))),((765,812),(446,(791,123))))))),(((556,(810,628)),(120,((507,(919,685)),((383,(569,87)),(976,(687,(958,727))))))),(((219,(204,(47,269))),((742,(494,(79,559))),(677,((542,481),(83,(147,704)))))),(((547,202),(611,(754,766))),(((20,747),(425,(206,726))),((391,(130,(9,854))),(968,((920,(779,(244,335))),((887,13),(548,(903,898))))))))))),(((253,(792,(630,440))),((401,563),(417,(438,384)))),((((769,(707,332)),(((349,290),(31,(306,278))),((679,338),(357,(82,(501,65)))))),((((169,362),((477,178),(271,(307,589)))),(((156,260),(918,431)),(784,((95,(577,303)),(((443,777),(297,(464,(294,64)))),((775,581),((988,(234,825)),(700,(388,230))))))))),((840,809),((814,852),((200,(773,316)),(((606,(960,(225,(525,819)))),((122,(557,848)),(546,(612,(275,63))))),((624,((654,702),(646,944))),((419,(861,116)),(959,(619,(455,713))))))))))),((((513,946),(430,500)),(((148,764),(815,(140,410))),((980,188),((226,638),((396,907),(117,((643,374),(138,81)))))))),(((305,(80,(575,195))),((((782,522),(883,838)),((572,(398,(997,860))),((740,(596,295)),((834,323),(642,(683,621)))))),(((741,750),(734,(256,(143,761)))),((445,(615,(533,(795,108)))),(((461,803),(137,574)),((770,755),(868,89))))))),(((((590,878),(674,866)),(663,(758,(901,136)))),(551,(161,((859,837),((163,(617,963)),(400,(835,945))))))),(((855,875),((185,154),(144,(347,933)))),(193,(((8,526),((416,881),(36,(198,(214,(490,(789,505))))))),(262,((821,(983,(35,88))),((585,(469,(17,(114,637)))),(570,((885,985),(537,(686,(936,964))))))))))))))))))))))))))))))))));
Quartet score is: 24509366776646
Normalized quartet score is: 0.5894082011633668
ASTRAL finished in 3797.544 secs
