
================== ASTRAL ===================== 

This is ASTRAL version 4.10.10
Gene trees are treated as unrooted
995 trees read from ASTRALDATA/model.200.500000.0.0000001/33/estimatedgenetre.halfresolved
All output trees will be *arbitrarily* rooted at 139

======== Running the main analysis
Number of taxa: 201 (201 species)
Taxa: [139, 112, 194, 45, 178, 20, 8, 109, 173, 159, 172, 91, 200, 145, 114, 121, 98, 34, 60, 198, 105, 188, 177, 73, 138, 46, 85, 25, 104, 42, 171, 196, 113, 107, 27, 80, 47, 111, 126, 54, 168, 118, 3, 120, 71, 84, 164, 10, 165, 28, 160, 127, 21, 22, 62, 78, 136, 192, 89, 90, 149, 77, 97, 52, 93, 92, 163, 197, 100, 87, 26, 13, 40, 106, 99, 147, 186, 195, 36, 150, 133, 125, 116, 137, 156, 30, 33, 167, 86, 5, 29, 189, 135, 184, 14, 32, 174, 110, 141, 57, 96, 124, 182, 128, 119, 103, 72, 0, 75, 170, 140, 157, 131, 108, 130, 166, 16, 2, 6, 144, 190, 191, 180, 68, 59, 23, 151, 50, 7, 64, 88, 61, 31, 11, 38, 19, 179, 24, 1, 123, 199, 55, 154, 122, 155, 66, 51, 95, 17, 146, 82, 65, 161, 187, 49, 43, 79, 67, 39, 158, 44, 56, 193, 153, 181, 83, 53, 63, 37, 129, 152, 76, 169, 94, 58, 134, 148, 41, 117, 102, 70, 35, 101, 143, 74, 18, 12, 142, 115, 132, 69, 4, 183, 162, 185, 9, 48, 175, 176, 15, 81]
Taxon occupancy: {35=995, 36=995, 33=995, 159=995, 34=995, 158=995, 157=995, 39=995, 156=995, 155=995, 37=995, 38=995, 154=995, 152=995, 153=995, 150=995, 151=995, 43=995, 42=995, 41=995, 40=995, 200=995, 22=995, 23=995, 169=995, 24=995, 25=995, 26=995, 166=995, 165=995, 27=995, 28=995, 168=995, 29=995, 167=995, 3=995, 161=995, 162=995, 2=995, 163=995, 1=995, 164=995, 0=995, 30=995, 7=995, 6=995, 32=995, 5=995, 160=995, 31=995, 4=995, 9=995, 8=995, 19=995, 179=995, 17=995, 178=995, 18=995, 15=995, 177=995, 176=995, 16=995, 13=995, 14=995, 11=995, 12=995, 21=995, 170=995, 20=995, 171=995, 174=995, 175=995, 172=995, 173=995, 188=995, 187=995, 189=995, 180=995, 10=995, 181=995, 182=995, 183=995, 184=995, 185=995, 186=995, 116=995, 79=995, 117=995, 78=995, 114=995, 77=995, 115=995, 112=995, 113=995, 110=995, 111=995, 118=995, 119=995, 82=995, 83=995, 80=995, 81=995, 86=995, 87=995, 84=995, 85=995, 125=995, 67=995, 126=995, 66=995, 127=995, 69=995, 128=995, 68=995, 121=995, 122=995, 123=995, 124=995, 129=995, 70=995, 120=995, 71=995, 72=995, 73=995, 74=995, 75=995, 76=995, 134=995, 135=995, 132=995, 133=995, 59=995, 138=995, 58=995, 139=995, 57=995, 136=995, 56=995, 137=995, 55=995, 64=995, 65=995, 62=995, 63=995, 60=995, 131=995, 130=995, 61=995, 49=995, 143=995, 48=995, 144=995, 145=995, 146=995, 147=995, 45=995, 44=995, 148=995, 149=995, 47=995, 46=995, 51=995, 52=995, 53=995, 54=995, 140=995, 142=995, 141=995, 50=995, 109=995, 108=995, 107=995, 106=995, 105=995, 104=995, 103=995, 99=995, 102=995, 101=995, 100=995, 98=995, 97=995, 96=995, 95=995, 94=995, 93=995, 92=995, 91=995, 90=995, 88=995, 89=995, 195=995, 194=995, 197=995, 196=995, 191=995, 190=995, 193=995, 192=995, 198=995, 199=995}
Number of gene trees: 995
0 trees have missing taxa
Calculating quartet distance matrix (for completion of X)
Species tree distances calculated ...
Building set of clusters (X) from gene trees 
Using tree-based weight calculation.
Number of Default Clusters: 177021
Number of quartet trees in the gene trees: 65650945551
calculating extra bipartitions to be added at level 1 ...
Number of Clusters after addition by distance: 177061
Adding to X using resolutions of greedy consensus ...
Threshold 0.0:
polytomy of size 3; rounds with additions with at least 0.01 support: 0; clusters: 177065
polytomy of size 16; rounds with additions with at least 0.01 support: 20; clusters: 179905
Threshold 0.01:
polytomy of size 37; rounds with additions with at least 0.01 support: 9; clusters: 198819
Threshold 0.02:
polytomy of size 43; rounds with additions with at least 0.01 support: 4; clusters: 223055
Threshold 0.05:
polytomy of size 3; rounds with additions with at least 0.01 support: 0; clusters: 223055
polytomy of size 3; rounds with additions with at least 0.01 support: 0; clusters: 223055
polytomy of size 53; rounds with additions with at least 0.01 support: 11; clusters: 224219
Threshold 0.1:
polytomy of size 3; rounds with additions with at least 0.01 support: 0; clusters: 224219
polytomy of size 3; rounds with additions with at least 0.01 support: 0; clusters: 224219
polytomy of size 5; rounds with additions with at least 0.01 support: 0; clusters: 224219
polytomy of size 69; rounds with additions with at least 0.01 support: 0; clusters: 224623
Threshold 0.2:
polytomy of size 4; rounds with additions with at least 0.01 support: 0; clusters: 224623
polytomy of size 3; rounds with additions with at least 0.01 support: 0; clusters: 224623
polytomy of size 4; rounds with additions with at least 0.01 support: 0; clusters: 224623
polytomy of size 4; rounds with additions with at least 0.01 support: 0; clusters: 224623
polytomy of size 3; rounds with additions with at least 0.01 support: 0; clusters: 224623
polytomy of size 3; rounds with additions with at least 0.01 support: 0; clusters: 224623
polytomy of size 88; rounds with additions with at least 0.01 support: 0; clusters: 225039
Threshold 0.3333333333333333:
polytomy of size 3; rounds with additions with at least 0.01 support: 0; clusters: 225039
polytomy of size 4; rounds with additions with at least 0.01 support: 0; clusters: 225039
polytomy of size 6; rounds with additions with at least 0.01 support: 0; clusters: 225039
polytomy of size 3; rounds with additions with at least 0.01 support: 0; clusters: 225039
Number of Clusters after addition by greedy: 225039
partitions formed in 159.753 secs
Dynamic Programming starting after 159.753 secs
Size of largest cluster: 201
Calculated 100000 weights; time (seconds): 781
Calculated 200000 weights; time (seconds): 661
Calculated 300000 weights; time (seconds): 693
Total Number of elements weighted: 379574
Normalized score (portion of input quartet trees satisfied): 0.43217176172975663
Final optimization score: 28372484798
Optimal tree inferred in 2688.489 secs.
(14,(184,(135,((92,163),(((75,(170,140)),((23,58),(50,(151,(7,64))))),(((107,27),((47,111),(80,(131,(126,54))))),((109,(17,(154,(199,((123,55),(1,122)))))),(157,((((25,104),(196,(42,171))),((149,(93,(113,52))),(((136,(34,(98,192))),((173,43),(60,(78,(172,(159,91)))))),(((3,120),(168,118)),((30,(22,156)),(((4,(183,81)),(108,(112,(139,115)))),((162,(15,(89,90))),((127,(160,21)),(165,((114,121),(200,(145,28)))))))))))),((146,((198,105),((188,177),((161,187),(197,100))))),((((99,147),(106,(186,(13,40)))),((79,(166,((16,61),(2,(31,11))))),((88,(51,((24,(87,26)),((144,190),(6,179))))),(((169,94),(150,(116,(133,125)))),(95,((44,((137,(39,158)),(67,(36,(155,(195,66)))))),((193,37),((56,153),((63,(181,83)),(53,(76,(129,152)))))))))))),((((82,65),(130,49)),(((38,19),(86,(33,167))),((29,(5,189)),(180,((191,(68,59)),(77,(62,97))))))),(0,(((134,((35,101),(143,(18,(74,12))))),(((85,142),(73,(138,46))),(194,(182,((20,8),(45,178)))))),(((103,72),(128,119)),((132,69),(((164,(10,(32,70))),((141,57),(174,(110,(96,124))))),(117,((41,(148,102)),((71,84),((48,176),(185,(9,175)))))))))))))))))))))));
Quartet score is: 28372484798
Normalized quartet score is: 0.43217176172975663
ASTRAL finished in 2697.483 secs
