
================== ASTRAL ===================== 

This is ASTRAL version 4.10.10
Gene trees are treated as unrooted
998 trees read from ASTRALDATA/model.200.2000000.0.0000001/45/estimatedgenetre.halfresolved
All output trees will be *arbitrarily* rooted at 3

======== Running the main analysis
Number of taxa: 201 (201 species)
Taxa: [3, 188, 89, 183, 49, 187, 31, 67, 162, 130, 84, 117, 171, 157, 53, 86, 61, 103, 142, 90, 100, 85, 59, 163, 194, 170, 129, 35, 115, 62, 148, 143, 175, 166, 111, 11, 65, 132, 29, 146, 174, 0, 12, 5, 18, 73, 169, 34, 20, 96, 178, 39, 135, 168, 106, 185, 1, 195, 158, 184, 190, 72, 153, 121, 42, 108, 120, 80, 2, 133, 63, 52, 44, 177, 50, 36, 172, 93, 119, 156, 193, 70, 147, 144, 91, 66, 165, 161, 71, 32, 164, 23, 46, 138, 17, 21, 145, 43, 8, 26, 68, 25, 81, 33, 82, 154, 16, 110, 38, 199, 87, 75, 104, 131, 92, 200, 141, 149, 155, 54, 56, 128, 94, 189, 28, 137, 51, 6, 114, 116, 159, 13, 191, 109, 58, 101, 122, 152, 10, 125, 57, 198, 102, 139, 140, 123, 15, 136, 99, 118, 30, 113, 180, 107, 77, 124, 60, 45, 24, 176, 196, 22, 55, 181, 95, 7, 134, 78, 98, 88, 19, 179, 182, 76, 112, 48, 37, 40, 79, 150, 160, 83, 47, 126, 9, 97, 167, 151, 197, 192, 4, 27, 41, 105, 64, 69, 186, 127, 14, 74, 173]
Taxon occupancy: {35=998, 36=998, 33=998, 159=998, 158=998, 34=998, 39=998, 157=998, 156=998, 155=998, 37=998, 154=998, 38=998, 152=998, 153=998, 150=998, 151=998, 43=998, 42=998, 41=998, 40=998, 200=998, 22=998, 23=998, 169=998, 24=998, 25=998, 166=998, 26=998, 165=998, 27=998, 168=998, 28=998, 29=998, 167=998, 161=998, 3=998, 2=998, 162=998, 1=998, 163=998, 164=998, 0=998, 30=998, 7=998, 6=998, 32=998, 5=998, 31=998, 160=998, 4=998, 9=998, 8=998, 19=998, 17=998, 179=998, 178=998, 18=998, 177=998, 15=998, 16=998, 176=998, 13=998, 14=998, 11=998, 12=998, 21=998, 170=998, 20=998, 171=998, 174=998, 175=998, 172=998, 173=998, 188=998, 187=998, 189=998, 180=998, 10=998, 181=998, 182=998, 183=998, 184=998, 185=998, 186=998, 116=998, 117=998, 79=998, 114=998, 78=998, 115=998, 77=998, 112=998, 113=998, 110=998, 111=998, 118=998, 119=998, 82=998, 83=998, 80=998, 81=998, 86=998, 87=998, 84=998, 85=998, 67=998, 125=998, 66=998, 126=998, 127=998, 69=998, 68=998, 128=998, 121=998, 122=998, 123=998, 124=998, 129=998, 70=998, 71=998, 120=998, 72=998, 73=998, 74=998, 75=998, 76=998, 134=998, 135=998, 132=998, 133=998, 59=998, 138=998, 58=998, 57=998, 139=998, 56=998, 136=998, 137=998, 55=998, 64=998, 65=998, 62=998, 63=998, 131=998, 60=998, 61=998, 130=998, 49=998, 143=998, 144=998, 48=998, 145=998, 146=998, 147=998, 45=998, 44=998, 148=998, 149=998, 47=998, 46=998, 51=998, 52=998, 53=998, 54=998, 140=998, 142=998, 50=998, 141=998, 109=998, 108=998, 107=998, 106=998, 105=998, 104=998, 103=998, 102=998, 99=998, 101=998, 100=998, 98=998, 97=998, 96=998, 95=998, 94=998, 93=998, 92=998, 91=998, 90=998, 88=998, 89=998, 195=998, 194=998, 197=998, 196=998, 191=998, 190=998, 193=998, 192=998, 198=998, 199=998}
Number of gene trees: 998
0 trees have missing taxa
Calculating quartet distance matrix (for completion of X)
Species tree distances calculated ...
Building set of clusters (X) from gene trees 
Using tree-based weight calculation.
Number of Default Clusters: 57053
Number of quartet trees in the gene trees: 65864827950
calculating extra bipartitions to be added at level 1 ...
Number of Clusters after addition by distance: 57059
Adding to X using resolutions of greedy consensus ...
Threshold 0.0:
polytomy of size 3; rounds with additions with at least 0.01 support: 1; clusters: 57065
Threshold 0.01:
polytomy of size 7; rounds with additions with at least 0.01 support: 6; clusters: 57173
Threshold 0.02:
polytomy of size 10; rounds with additions with at least 0.01 support: 2; clusters: 57293
Threshold 0.05:
polytomy of size 3; rounds with additions with at least 0.01 support: 0; clusters: 57293
polytomy of size 3; rounds with additions with at least 0.01 support: 0; clusters: 57293
polytomy of size 11; rounds with additions with at least 0.01 support: 0; clusters: 57305
Threshold 0.1:
polytomy of size 4; rounds with additions with at least 0.01 support: 0; clusters: 57305
polytomy of size 18; rounds with additions with at least 0.01 support: 0; clusters: 57323
Threshold 0.2:
polytomy of size 3; rounds with additions with at least 0.01 support: 0; clusters: 57323
polytomy of size 3; rounds with additions with at least 0.01 support: 0; clusters: 57323
polytomy of size 26; rounds with additions with at least 0.01 support: 0; clusters: 57335
polytomy of size 3; rounds with additions with at least 0.01 support: 0; clusters: 57335
Threshold 0.3333333333333333:
polytomy of size 4; rounds with additions with at least 0.01 support: 0; clusters: 57335
polytomy of size 5; rounds with additions with at least 0.01 support: 0; clusters: 57335
polytomy of size 34; rounds with additions with at least 0.01 support: 0; clusters: 60213
polytomy of size 4; rounds with additions with at least 0.01 support: 0; clusters: 60213
polytomy of size 3; rounds with additions with at least 0.01 support: 0; clusters: 60213
Number of Clusters after addition by greedy: 60213
partitions formed in 30.279 secs
Dynamic Programming starting after 30.279 secs
Size of largest cluster: 201
Calculated 100000 weights; time (seconds): 630
Total Number of elements weighted: 169483
Normalized score (portion of input quartet trees satisfied): 0.6245688129213431
Final optimization score: 41137117406
Optimal tree inferred in 1064.595 secs.
(17,(21,(145,(81,((46,(16,(138,(33,(82,154))))),((25,(164,23)),((66,(32,(71,(165,161)))),(((8,(26,68)),(((110,(38,(199,87))),(75,(104,(131,(92,200))))),((141,(159,13)),((149,(155,(54,56))),((28,(189,(128,94))),(137,(114,(116,(51,6))))))))),((18,43),(((4,(41,(27,105))),((15,(136,99)),(((57,(198,102)),(139,(140,123))),((10,125),(152,((191,122),(109,(58,101)))))))),(((166,((64,69),((127,(186,14)),((65,132),(29,(146,174)))))),(0,((42,108),((120,(93,(119,156))),(91,(((172,(147,144)),((193,70),(80,2))),(5,((63,(52,44)),(133,(177,(50,36))))))))))),((((85,59),((89,183),(188,49))),(194,(((187,(31,67)),(86,(61,103))),((157,53),(171,(162,(130,(84,117)))))))),(((142,(90,100)),(163,((148,(143,175)),((170,129),(35,(115,62)))))),(((151,(3,(197,192))),((48,(112,(37,40))),((79,150),(167,(97,((160,83),(9,(47,126)))))))),(113,((((12,34),((73,169),((39,135),(178,(20,96))))),((111,11),(((184,190),(72,(153,121))),(195,(158,((168,1),(106,185))))))),(((118,30),(74,173)),(((180,(107,77)),((124,60),(45,(24,176)))),((181,(95,7)),((196,(22,55)),((134,78),(98,((182,76),(88,(19,179)))))))))))))))))))))))));
Quartet score is: 41137117406
Normalized quartet score is: 0.6245688129213431
ASTRAL finished in 1072.517 secs
