
================== ASTRAL ===================== 

This is ASTRAL version 4.10.8
Gene trees are treated as unrooted
901 trees read from model.100.2000000.0.000001/29/estimatedgenetre.halfresolved
All outputted trees will be *arbitrarily* rooted at 69

======== Running the main analysis
Number of taxa: 101 (101 species)
Taxa: [69, 46, 42, 92, 54, 68, 59, 94, 51, 41, 91, 53, 10, 3, 17, 49, 34, 61, 23, 90, 98, 79, 80, 82, 0, 39, 48, 16, 87, 84, 43, 14, 89, 67, 11, 1, 37, 71, 55, 86, 57, 65, 20, 12, 13, 5, 19, 99, 95, 83, 96, 8, 26, 21, 25, 18, 66, 60, 33, 78, 44, 93, 9, 35, 77, 52, 81, 70, 6, 27, 73, 28, 40, 75, 76, 63, 58, 29, 32, 56, 97, 45, 47, 7, 36, 85, 4, 74, 22, 100, 72, 38, 88, 30, 15, 31, 64, 50, 62, 2, 24]
Taxon occupancy: {35=901, 36=901, 33=901, 34=901, 39=901, 37=901, 38=901, 43=901, 42=901, 41=901, 40=901, 22=901, 23=901, 24=901, 25=901, 26=901, 27=901, 28=901, 29=901, 3=901, 2=901, 1=901, 0=901, 7=901, 30=901, 6=901, 5=901, 32=901, 4=901, 31=901, 9=901, 8=901, 19=901, 17=901, 18=901, 15=901, 16=901, 13=901, 14=901, 11=901, 12=901, 21=901, 20=901, 99=901, 100=901, 98=901, 97=901, 96=901, 95=901, 94=901, 93=901, 92=901, 91=901, 90=901, 10=901, 88=901, 89=901, 79=901, 78=901, 77=901, 82=901, 83=901, 80=901, 81=901, 86=901, 87=901, 84=901, 85=901, 67=901, 66=901, 69=901, 68=901, 70=901, 71=901, 72=901, 73=901, 74=901, 75=901, 76=901, 59=901, 58=901, 57=901, 56=901, 55=901, 64=901, 65=901, 62=901, 63=901, 60=901, 61=901, 49=901, 48=901, 45=901, 44=901, 47=901, 46=901, 51=901, 52=901, 53=901, 54=901, 50=901}
Number of gene trees: 901
0 trees have missing taxa
Calculating quartet distance matrix (for completion of X)
Species tree distances calculated ...
Building set of clusters (X) from gene trees 
Using tree-based weight calculation.
Number of Default Clusters: 18999
Number of quartet trees in the gene trees: 3673750333
calculating extra bipartitions to be added at level 1 ...
Number of Clusters after addition by distance: 18999
Adding to X using resolutions of greedy consensus ...
Threshold 0.0:
Threshold 0.01:
Threshold 0.02:
Threshold 0.05:
polytomy of size 3; rounds with additions with at least 0.01 support: 0; clusters: 18999
Threshold 0.1:
polytomy of size 3; rounds with additions with at least 0.01 support: 0; clusters: 18999
polytomy of size 5; rounds with additions with at least 0.01 support: 0; clusters: 18999
Threshold 0.2:
polytomy of size 5; rounds with additions with at least 0.01 support: 0; clusters: 18999
polytomy of size 4; rounds with additions with at least 0.01 support: 0; clusters: 18999
polytomy of size 4; rounds with additions with at least 0.01 support: 0; clusters: 18999
polytomy of size 3; rounds with additions with at least 0.01 support: 0; clusters: 18999
polytomy of size 5; rounds with additions with at least 0.01 support: 0; clusters: 18999
Threshold 0.3333333333333333:
polytomy of size 5; rounds with additions with at least 0.01 support: 0; clusters: 18999
polytomy of size 3; rounds with additions with at least 0.01 support: 0; clusters: 18999
polytomy of size 3; rounds with additions with at least 0.01 support: 0; clusters: 18999
polytomy of size 4; rounds with additions with at least 0.01 support: 0; clusters: 18999
polytomy of size 3; rounds with additions with at least 0.01 support: 0; clusters: 18999
polytomy of size 5; rounds with additions with at least 0.01 support: 0; clusters: 18999
polytomy of size 3; rounds with additions with at least 0.01 support: 0; clusters: 18999
polytomy of size 3; rounds with additions with at least 0.01 support: 0; clusters: 18999
polytomy of size 3; rounds with additions with at least 0.01 support: 0; clusters: 18999
polytomy of size 5; rounds with additions with at least 0.01 support: 0; clusters: 18999
polytomy of size 3; rounds with additions with at least 0.01 support: 0; clusters: 18999
polytomy of size 3; rounds with additions with at least 0.01 support: 0; clusters: 18999
polytomy of size 3; rounds with additions with at least 0.01 support: 0; clusters: 18999
Number of Clusters after addition by greedy: 18999
partitions formed in 7.165 secs
Dynamic Programming starting after 7.165 secs
Size of largest cluster: 101
Size of largest cluster: 101
Total Number of elements weighted: 66551
Normalized score (portion of input quartet trees satisfied): NaN
Final optimization score: 0
Total Number of elements weighted: 66551
Normalized score (portion of input quartet trees satisfied): 0.7783304511237726
Final optimization score: 2859391754
Optimal tree inferred in 13.875 secs.
(69,(46,((((73,75),((28,40),(76,63))),((45,(47,(7,36))),(97,(29,(58,(32,56)))))),(27,(((42,(41,91)),(92,((53,10),((94,51),(54,(68,59)))))),((0,((98,79),(80,82))),(((12,13),(((5,19),((96,(95,83)),(99,(26,(8,21))))),((86,(20,(57,65))),((16,(48,(39,87))),((84,(43,14)),(67,(89,((11,1),(55,(37,71)))))))))),(((3,17),(49,(34,(61,(23,90))))),((25,18),(((31,((2,24),(64,(50,62)))),(74,(22,((85,4),(100,72))))),((66,60),((88,(38,(30,15))),(33,(78,(44,((77,52),(6,((81,70),(93,(9,35))))))))))))))))))));
Quartet score is: 2859391754
Normalized quartet score is: 0.7783304511237726
ASTRAL finished in 16.91 secs
