
================== ASTRAL ===================== 

This is ASTRAL version 4.10.8
Gene trees are treated as unrooted
1000 trees read from model.50.2000000.0.000001/33/estimatedgenetre.halfresolved
All outputted trees will be *arbitrarily* rooted at 9

======== Running the main analysis
Number of taxa: 51 (51 species)
Taxa: [9, 37, 34, 14, 12, 30, 1, 46, 5, 23, 35, 45, 48, 17, 26, 32, 47, 25, 7, 40, 33, 4, 13, 43, 6, 44, 3, 8, 0, 31, 22, 41, 21, 24, 27, 19, 50, 38, 28, 20, 2, 29, 49, 18, 36, 10, 39, 16, 42, 11, 15]
Taxon occupancy: {35=1000, 36=1000, 33=1000, 34=1000, 39=1000, 37=1000, 38=1000, 43=1000, 42=1000, 41=1000, 40=1000, 22=1000, 23=1000, 24=1000, 25=1000, 26=1000, 27=1000, 28=1000, 29=1000, 3=1000, 2=1000, 1=1000, 0=1000, 7=1000, 30=1000, 6=1000, 32=1000, 5=1000, 4=1000, 31=1000, 9=1000, 8=1000, 19=1000, 17=1000, 18=1000, 15=1000, 16=1000, 13=1000, 14=1000, 11=1000, 12=1000, 21=1000, 20=1000, 49=1000, 48=1000, 45=1000, 44=1000, 47=1000, 46=1000, 10=1000, 50=1000}
Number of gene trees: 1000
0 trees have missing taxa
Calculating quartet distance matrix (for completion of X)
Species tree distances calculated ...
Building set of clusters (X) from gene trees 
Using tree-based weight calculation.
Number of Default Clusters: 3447
Number of quartet trees in the gene trees: 249900000
calculating extra bipartitions to be added at level 1 ...
Number of Clusters after addition by distance: 3447
Adding to X using resolutions of greedy consensus ...
Threshold 0.0:
Threshold 0.01:
Threshold 0.02:
Threshold 0.05:
Threshold 0.1:
Threshold 0.2:
Threshold 0.3333333333333333:
polytomy of size 3; rounds with additions with at least 0.01 support: 0; clusters: 3447
polytomy of size 3; rounds with additions with at least 0.01 support: 0; clusters: 3447
polytomy of size 3; rounds with additions with at least 0.01 support: 0; clusters: 3447
Number of Clusters after addition by greedy: 3447
partitions formed in 2.195 secs
Dynamic Programming starting after 2.195 secs
Size of largest cluster: 51
Size of largest cluster: 51
Total Number of elements weighted: 11894
Normalized score (portion of input quartet trees satisfied): NaN
Final optimization score: 0
Total Number of elements weighted: 11894
Normalized score (portion of input quartet trees satisfied): 0.910093893557423
Final optimization score: 227432464
Optimal tree inferred in 3.334 secs.
(9,(34,(37,((14,15),(((5,(46,(23,35))),(12,(45,(30,1)))),((48,17),(((13,(33,4)),(((47,25),(7,40)),((43,6),(44,(3,8))))),((11,(42,(26,32))),(0,(((22,(31,41)),((27,19),(21,24))),((50,38),((28,(20,2)),((16,(10,39)),(29,(18,(49,36))))))))))))))));
Quartet score is: 227432464
Normalized quartet score is: 0.910093893557423
ASTRAL finished in 4.684 secs
