
================== ASTRAL ===================== 

This is ASTRAL version 4.10.8
Gene trees are treated as unrooted
999 trees read from model.200.2000000.0.000001/23/estimatedgenetre.halfresolved
All outputted trees will be *arbitrarily* rooted at 85

======== Running the main analysis
Number of taxa: 201 (201 species)
Taxa: [85, 70, 37, 29, 108, 51, 144, 196, 117, 138, 175, 190, 121, 181, 28, 65, 115, 7, 35, 13, 188, 39, 186, 26, 184, 185, 127, 116, 62, 183, 131, 107, 12, 93, 31, 141, 90, 27, 104, 91, 54, 16, 23, 147, 19, 146, 24, 136, 189, 87, 109, 172, 52, 166, 58, 191, 99, 128, 9, 176, 164, 160, 168, 79, 198, 95, 106, 53, 36, 180, 75, 48, 179, 187, 25, 44, 34, 21, 162, 78, 64, 134, 197, 96, 68, 103, 60, 143, 140, 151, 94, 118, 112, 113, 73, 200, 89, 40, 169, 0, 139, 125, 193, 5, 149, 129, 45, 18, 42, 47, 174, 148, 46, 33, 154, 10, 159, 135, 177, 77, 152, 56, 14, 111, 182, 150, 30, 114, 161, 82, 76, 15, 132, 63, 41, 61, 97, 98, 84, 17, 3, 130, 72, 83, 137, 133, 81, 1, 173, 4, 194, 157, 105, 80, 158, 86, 43, 122, 199, 67, 6, 38, 22, 55, 32, 74, 2, 156, 57, 153, 192, 100, 165, 171, 145, 8, 119, 195, 178, 170, 49, 101, 110, 102, 20, 124, 11, 126, 88, 59, 123, 142, 66, 155, 69, 163, 167, 50, 92, 71, 120]
Taxon occupancy: {35=999, 36=999, 33=999, 159=999, 34=999, 158=999, 39=999, 157=999, 156=999, 155=999, 37=999, 154=999, 38=999, 152=999, 153=999, 150=999, 151=999, 43=999, 42=999, 41=999, 40=999, 200=999, 22=999, 23=999, 169=999, 24=999, 25=999, 166=999, 26=999, 27=999, 165=999, 168=999, 28=999, 167=999, 29=999, 161=999, 3=999, 162=999, 2=999, 163=999, 1=999, 164=999, 0=999, 7=999, 30=999, 6=999, 5=999, 32=999, 160=999, 31=999, 4=999, 9=999, 8=999, 19=999, 179=999, 17=999, 18=999, 178=999, 177=999, 15=999, 176=999, 16=999, 13=999, 14=999, 11=999, 12=999, 21=999, 170=999, 171=999, 20=999, 174=999, 175=999, 172=999, 173=999, 188=999, 187=999, 189=999, 180=999, 181=999, 10=999, 182=999, 183=999, 184=999, 185=999, 186=999, 116=999, 79=999, 117=999, 78=999, 114=999, 115=999, 77=999, 112=999, 113=999, 110=999, 111=999, 118=999, 119=999, 82=999, 83=999, 80=999, 81=999, 86=999, 87=999, 84=999, 85=999, 125=999, 67=999, 66=999, 126=999, 69=999, 127=999, 68=999, 128=999, 121=999, 122=999, 123=999, 124=999, 129=999, 70=999, 120=999, 71=999, 72=999, 73=999, 74=999, 75=999, 76=999, 134=999, 135=999, 132=999, 133=999, 59=999, 58=999, 138=999, 139=999, 57=999, 136=999, 56=999, 137=999, 55=999, 64=999, 65=999, 62=999, 63=999, 60=999, 131=999, 61=999, 130=999, 143=999, 49=999, 48=999, 144=999, 145=999, 146=999, 147=999, 45=999, 44=999, 148=999, 149=999, 47=999, 46=999, 51=999, 52=999, 53=999, 54=999, 140=999, 142=999, 50=999, 141=999, 109=999, 108=999, 107=999, 106=999, 105=999, 104=999, 103=999, 99=999, 102=999, 101=999, 100=999, 98=999, 97=999, 96=999, 95=999, 94=999, 93=999, 92=999, 91=999, 90=999, 88=999, 89=999, 195=999, 194=999, 197=999, 196=999, 191=999, 190=999, 193=999, 192=999, 198=999, 199=999}
Number of gene trees: 999
0 trees have missing taxa
Calculating quartet distance matrix (for completion of X)
Species tree distances calculated ...
Building set of clusters (X) from gene trees 
Using tree-based weight calculation.
Number of Default Clusters: 47419
Number of quartet trees in the gene trees: 65925448896
calculating extra bipartitions to be added at level 1 ...
Number of Clusters after addition by distance: 47419
Adding to X using resolutions of greedy consensus ...
Threshold 0.0:
Threshold 0.01:
polytomy of size 4; rounds with additions with at least 0.01 support: 0; clusters: 47423
Threshold 0.02:
polytomy of size 5; rounds with additions with at least 0.01 support: 0; clusters: 47427
Threshold 0.05:
polytomy of size 8; rounds with additions with at least 0.01 support: 0; clusters: 47427
Threshold 0.1:
polytomy of size 10; rounds with additions with at least 0.01 support: 0; clusters: 47427
Threshold 0.2:
polytomy of size 4; rounds with additions with at least 0.01 support: 0; clusters: 47427
polytomy of size 3; rounds with additions with at least 0.01 support: 0; clusters: 47427
polytomy of size 3; rounds with additions with at least 0.01 support: 0; clusters: 47427
polytomy of size 4; rounds with additions with at least 0.01 support: 0; clusters: 47427
polytomy of size 11; rounds with additions with at least 0.01 support: 0; clusters: 47427
polytomy of size 4; rounds with additions with at least 0.01 support: 0; clusters: 47427
Threshold 0.3333333333333333:
polytomy of size 3; rounds with additions with at least 0.01 support: 0; clusters: 47427
polytomy of size 4; rounds with additions with at least 0.01 support: 0; clusters: 47427
polytomy of size 4; rounds with additions with at least 0.01 support: 0; clusters: 47427
polytomy of size 4; rounds with additions with at least 0.01 support: 0; clusters: 47427
polytomy of size 4; rounds with additions with at least 0.01 support: 0; clusters: 47427
polytomy of size 4; rounds with additions with at least 0.01 support: 0; clusters: 47427
polytomy of size 3; rounds with additions with at least 0.01 support: 0; clusters: 47427
polytomy of size 3; rounds with additions with at least 0.01 support: 0; clusters: 47427
polytomy of size 4; rounds with additions with at least 0.01 support: 0; clusters: 47427
polytomy of size 5; rounds with additions with at least 0.01 support: 0; clusters: 47427
polytomy of size 6; rounds with additions with at least 0.01 support: 0; clusters: 47427
polytomy of size 3; rounds with additions with at least 0.01 support: 0; clusters: 47427
polytomy of size 3; rounds with additions with at least 0.01 support: 0; clusters: 47427
polytomy of size 3; rounds with additions with at least 0.01 support: 0; clusters: 47427
polytomy of size 3; rounds with additions with at least 0.01 support: 0; clusters: 47427
polytomy of size 3; rounds with additions with at least 0.01 support: 0; clusters: 47427
polytomy of size 3; rounds with additions with at least 0.01 support: 0; clusters: 47427
polytomy of size 19; rounds with additions with at least 0.01 support: 0; clusters: 47909
Number of Clusters after addition by greedy: 47909
partitions formed in 25.062 secs
Dynamic Programming starting after 25.062 secs
Size of largest cluster: 201
Size of largest cluster: 201
Total Number of elements weighted: 168417
Normalized score (portion of input quartet trees satisfied): NaN
Final optimization score: 0
Calculated 100000 weights; time (seconds): 48
Total Number of elements weighted: 168417
Normalized score (portion of input quartet trees satisfied): 0.6911892347200196
Final optimization score: 45566960571
Optimal tree inferred in 64.777 secs.
(85,(70,((29,108),((37,73),(((185,127),(141,(62,(116,(131,(183,107)))))),((200,((113,(44,34)),(139,(89,(40,169))))),(((179,((187,25),(31,(12,93)))),(((103,60),(0,((((174,148),(43,122)),((149,129),(5,(125,193)))),((150,(46,(33,154))),((14,(111,182)),(56,((77,152),(10,(177,(159,135)))))))))),((((95,106),(198,(160,(168,79)))),((30,114),(75,((164,48),(180,(53,36)))))),(((42,(18,47)),(143,(176,(112,((140,151),(94,118)))))),((((157,105),(173,(4,194))),((81,1),((133,80),(158,86)))),(((98,137),((84,17),((130,72),(3,83)))),(((132,63),(41,97)),((15,61),(82,(161,76)))))))))),((((134,(197,(96,68))),(21,(162,(78,64)))),(((144,196),(51,117)),(((138,175),(121,(181,(190,28)))),(188,(((186,26),(39,184)),((65,115),(13,(7,35)))))))),((45,((199,67),((172,52),((166,(58,((128,9),((191,99),(109,(189,87)))))),(90,((27,(24,136)),((104,91),(147,(54,(19,(146,(16,23)))))))))))),((((155,(142,66)),(88,(59,123))),(126,((69,(71,120)),(92,(163,(167,50)))))),((((192,100),(6,(38,22))),((55,32),(74,((2,156),(57,153))))),((195,(8,(145,(165,171)))),(((178,170),(49,101)),((110,102),(119,(11,(20,124)))))))))))))))));
Quartet score is: 45566960571
Normalized quartet score is: 0.6911892347200196
ASTRAL finished in 74.746 secs
