
================== ASTRAL ===================== 

This is ASTRAL version 4.10.8
Gene trees are treated as unrooted
997 trees read from model.100.2000000.0.000001/33/estimatedgenetre.halfresolved
All outputted trees will be *arbitrarily* rooted at 34

======== Running the main analysis
Number of taxa: 101 (101 species)
Taxa: [34, 28, 24, 62, 84, 96, 17, 64, 13, 87, 38, 90, 31, 16, 100, 25, 86, 43, 32, 44, 22, 78, 51, 8, 77, 75, 46, 36, 35, 95, 85, 76, 29, 11, 68, 15, 59, 74, 94, 79, 33, 6, 99, 49, 18, 0, 40, 47, 57, 80, 19, 41, 71, 53, 54, 52, 67, 60, 42, 50, 20, 37, 93, 83, 66, 10, 72, 4, 9, 81, 23, 1, 63, 73, 56, 26, 97, 7, 98, 3, 14, 65, 69, 92, 70, 61, 39, 48, 45, 82, 55, 27, 5, 91, 88, 12, 58, 2, 21, 30, 89]
Taxon occupancy: {35=997, 36=997, 33=997, 34=997, 39=997, 37=997, 38=997, 43=997, 42=997, 41=997, 40=997, 22=997, 23=997, 24=997, 25=997, 26=997, 27=997, 28=997, 29=997, 3=997, 2=997, 1=997, 0=997, 30=997, 7=997, 6=997, 32=997, 5=997, 31=997, 4=997, 9=997, 8=997, 19=997, 17=997, 18=997, 15=997, 16=997, 13=997, 14=997, 11=997, 12=997, 21=997, 20=997, 99=997, 100=997, 98=997, 97=997, 96=997, 95=997, 94=997, 93=997, 92=997, 91=997, 90=997, 10=997, 88=997, 89=997, 79=997, 78=997, 77=997, 82=997, 83=997, 80=997, 81=997, 86=997, 87=997, 84=997, 85=997, 67=997, 66=997, 69=997, 68=997, 70=997, 71=997, 72=997, 73=997, 74=997, 75=997, 76=997, 59=997, 58=997, 57=997, 56=997, 55=997, 64=997, 65=997, 62=997, 63=997, 60=997, 61=997, 49=997, 48=997, 45=997, 44=997, 47=997, 46=997, 51=997, 52=997, 53=997, 54=997, 50=997}
Number of gene trees: 997
0 trees have missing taxa
Calculating quartet distance matrix (for completion of X)
Species tree distances calculated ...
Building set of clusters (X) from gene trees 
Using tree-based weight calculation.
Number of Default Clusters: 30009
Number of quartet trees in the gene trees: 4068990469
calculating extra bipartitions to be added at level 1 ...
Number of Clusters after addition by distance: 30009
Adding to X using resolutions of greedy consensus ...
Threshold 0.0:
Threshold 0.01:
Threshold 0.02:
Threshold 0.05:
polytomy of size 3; rounds with additions with at least 0.01 support: 0; clusters: 30009
polytomy of size 3; rounds with additions with at least 0.01 support: 0; clusters: 30009
polytomy of size 5; rounds with additions with at least 0.01 support: 0; clusters: 30009
Threshold 0.1:
polytomy of size 4; rounds with additions with at least 0.01 support: 0; clusters: 30009
polytomy of size 12; rounds with additions with at least 0.01 support: 0; clusters: 30009
Threshold 0.2:
polytomy of size 5; rounds with additions with at least 0.01 support: 0; clusters: 30009
polytomy of size 4; rounds with additions with at least 0.01 support: 0; clusters: 30009
polytomy of size 14; rounds with additions with at least 0.01 support: 0; clusters: 30009
Threshold 0.3333333333333333:
polytomy of size 3; rounds with additions with at least 0.01 support: 0; clusters: 30009
polytomy of size 7; rounds with additions with at least 0.01 support: 0; clusters: 30009
polytomy of size 3; rounds with additions with at least 0.01 support: 0; clusters: 30009
polytomy of size 4; rounds with additions with at least 0.01 support: 0; clusters: 30009
polytomy of size 3; rounds with additions with at least 0.01 support: 0; clusters: 30009
polytomy of size 20; rounds with additions with at least 0.01 support: 0; clusters: 30335
polytomy of size 3; rounds with additions with at least 0.01 support: 0; clusters: 30335
Number of Clusters after addition by greedy: 30335
partitions formed in 9.796 secs
Dynamic Programming starting after 9.796 secs
Size of largest cluster: 101
Size of largest cluster: 101
Total Number of elements weighted: 126981
Normalized score (portion of input quartet trees satisfied): NaN
Final optimization score: 0
Calculated 100000 weights; time (seconds): 19
Total Number of elements weighted: 126981
Normalized score (portion of input quartet trees satisfied): 0.7017533227846939
Final optimization score: 2855427582
Optimal tree inferred in 22.488 secs.
(34,(28,(((24,62),(84,96)),((76,(11,(29,68))),(((79,33),((91,88),(89,((21,30),(2,(12,58)))))),((90,31),((((3,(97,(63,73))),(14,((23,7),((1,65),(56,(26,98)))))),((61,39),(((87,38),(13,(17,64))),((55,27),(5,(69,(92,70))))))),((16,((95,85),(40,((100,(35,(75,(36,(46,(8,77)))))),((44,(22,(78,51))),((43,32),(25,86))))))),(0,(((80,(57,19)),((45,82),(48,(15,(94,(59,74)))))),((47,(41,71)),(((53,54),(49,(99,(6,18)))),((50,(60,42)),((52,67),((66,((93,83),(20,37))),((9,81),(72,(10,4))))))))))))))))));
Quartet score is: 2855427582
Normalized quartet score is: 0.7017533227846939
ASTRAL finished in 25.759 secs
