
================== ASTRAL ===================== 

This is ASTRAL version 4.10.7
Gene trees are treated as unrooted
1000 trees read from ASTRALDATA/model.50.2000000.0.000001/06/estimatedgenetre.halfresolved
All output trees will be *arbitrarily* rooted at 19

======== Running the main analysis
Number of taxa: 51 (51 species)
Taxa: [19, 32, 11, 46, 15, 33, 17, 5, 23, 37, 21, 35, 50, 6, 14, 7, 41, 43, 48, 16, 8, 1, 30, 2, 22, 44, 45, 4, 47, 29, 10, 24, 13, 0, 20, 27, 9, 28, 12, 38, 39, 36, 31, 3, 26, 25, 49, 40, 18, 42, 34]
Number of gene trees: 1000
0 trees have missing taxa
Calculating quartet distance matrix (for completion of X)
Species tree distances calculated ...
Building set of clusters (X) from gene trees 
Using tree-based weight calculation.
Number of Default Clusters: 6029
Number of quartet trees in the gene trees: 249899904
calculating extra bipartitions to be added at level 1 ...
Number of Clusters after addition by distance: 6029
Adding to X using resolutions of greedy consensus ...
Threshold 0.0:
Threshold 0.01:
Threshold 0.02:
Threshold 0.05:
Threshold 0.1:
Threshold 0.2:
polytomy of size 4; rounds with additions with at least 0.01 support: 0; clusters: 6029
polytomy of size 5; rounds with additions with at least 0.01 support: 0; clusters: 6029
Threshold 0.3333333333333333:
polytomy of size 4; rounds with additions with at least 0.01 support: 0; clusters: 6029
polytomy of size 3; rounds with additions with at least 0.01 support: 0; clusters: 6029
polytomy of size 3; rounds with additions with at least 0.01 support: 0; clusters: 6029
polytomy of size 8; rounds with additions with at least 0.01 support: 0; clusters: 6033
Number of Clusters after addition by greedy: 6033
partitions formed in 2.884 secs
Dynamic Programming starting after 2.884 secs
Size of largest cluster: 51
Total Number of elements weighted: 35960
Normalized score (portion of input quartet trees satisfied): 0.8099403671639666
Final optimization score: 202404020
Optimal tree inferred in 74.205 secs.
(23,(5,(((50,6),(37,(21,35))),(17,(40,(((41,43),((1,(30,2)),(48,(16,8)))),((19,32),((11,(15,(46,33))),(((18,(42,34)),((14,7),(49,((3,26),(25,(31,(39,36))))))),(0,(22,(((20,27),((9,28),(12,38))),((44,45),((13,(10,24)),(4,(47,29))))))))))))))));
Quartet score is: 202404020
Normalized quartet score is: 0.8099403671639666
ASTRAL finished in 75.202 secs
