
================== ASTRAL ===================== 

This is ASTRAL version 4.10.7
Gene trees are treated as unrooted
749 trees read from ASTRALDATA/model.100.2000000.0.000001/03/estimatedgenetre.halfresolved
All output trees will be *arbitrarily* rooted at 40

======== Running the main analysis
Number of taxa: 101 (101 species)
Taxa: [40, 18, 80, 72, 62, 42, 54, 6, 49, 41, 19, 20, 10, 47, 53, 83, 28, 39, 70, 55, 94, 79, 51, 17, 11, 50, 16, 8, 97, 2, 90, 27, 86, 5, 68, 69, 87, 82, 13, 3, 99, 81, 26, 63, 36, 88, 52, 66, 22, 89, 9, 25, 0, 43, 23, 57, 21, 61, 29, 46, 58, 96, 64, 60, 100, 85, 93, 98, 38, 1, 65, 56, 33, 75, 37, 30, 74, 32, 12, 15, 48, 91, 34, 95, 31, 76, 7, 77, 67, 35, 78, 44, 84, 73, 59, 14, 4, 92, 45, 71, 24]
Number of gene trees: 749
0 trees have missing taxa
Calculating quartet distance matrix (for completion of X)
Species tree distances calculated ...
Building set of clusters (X) from gene trees 
Using tree-based weight calculation.
Number of Default Clusters: 31985
Number of quartet trees in the gene trees: 3049145722
calculating extra bipartitions to be added at level 1 ...
Number of Clusters after addition by distance: 31985
Adding to X using resolutions of greedy consensus ...
Threshold 0.0:
Threshold 0.01:
Threshold 0.02:
Threshold 0.05:
polytomy of size 4; rounds with additions with at least 0.01 support: 0; clusters: 31985
Threshold 0.1:
polytomy of size 5; rounds with additions with at least 0.01 support: 0; clusters: 31985
Threshold 0.2:
polytomy of size 6; rounds with additions with at least 0.01 support: 0; clusters: 31985
polytomy of size 5; rounds with additions with at least 0.01 support: 0; clusters: 31985
polytomy of size 3; rounds with additions with at least 0.01 support: 0; clusters: 31985
polytomy of size 3; rounds with additions with at least 0.01 support: 0; clusters: 31985
polytomy of size 3; rounds with additions with at least 0.01 support: 0; clusters: 31985
polytomy of size 4; rounds with additions with at least 0.01 support: 0; clusters: 31985
polytomy of size 9; rounds with additions with at least 0.01 support: 0; clusters: 31985
Threshold 0.3333333333333333:
polytomy of size 3; rounds with additions with at least 0.01 support: 0; clusters: 31985
polytomy of size 4; rounds with additions with at least 0.01 support: 0; clusters: 31985
polytomy of size 5; rounds with additions with at least 0.01 support: 0; clusters: 31985
polytomy of size 4; rounds with additions with at least 0.01 support: 0; clusters: 31985
polytomy of size 3; rounds with additions with at least 0.01 support: 0; clusters: 31985
polytomy of size 5; rounds with additions with at least 0.01 support: 0; clusters: 31985
polytomy of size 6; rounds with additions with at least 0.01 support: 0; clusters: 31985
polytomy of size 4; rounds with additions with at least 0.01 support: 0; clusters: 31985
polytomy of size 8; rounds with additions with at least 0.01 support: 0; clusters: 31987
polytomy of size 3; rounds with additions with at least 0.01 support: 0; clusters: 31987
polytomy of size 16; rounds with additions with at least 0.01 support: 0; clusters: 32361
polytomy of size 4; rounds with additions with at least 0.01 support: 0; clusters: 32361
Number of Clusters after addition by greedy: 32361
partitions formed in 8.542 secs
Dynamic Programming starting after 8.542 secs
Size of largest cluster: 101
Calculated 100000 weights; time (seconds): 365
Total Number of elements weighted: 118280
Normalized score (portion of input quartet trees satisfied): 0.7065151633969693
Final optimization score: 2154267688
Optimal tree inferred in 434.075 secs.
(59,(73,(14,(78,(84,(44,(((45,71),(4,24)),(92,(35,((77,67),(((6,(72,((18,80),(54,(62,42))))),(47,(55,((10,83),(40,(70,(28,39))))))),((0,(((52,(66,22)),((36,88),(63,(89,(9,25))))),(7,((53,(81,26)),((97,(49,41)),(((82,13),(3,99)),((19,(2,(90,27))),((69,87),(86,(5,68)))))))))),((((58,(29,46)),((21,61),(43,(23,57)))),((94,79),(8,(51,((11,50),(17,16)))))),((32,(74,(37,30))),((20,((33,75),(96,((65,56),(38,1))))),(12,((15,48),(((31,76),(91,(34,95))),((60,(64,100)),(85,(93,98)))))))))))))))))))));
Quartet score is: 2154267688
Normalized quartet score is: 0.7065151633969693
ASTRAL finished in 436.654 secs
