
================== ASTRAL ===================== 

This is ASTRAL version 4.10.10
Gene trees are treated as unrooted
889 trees read from ASTRALDATA/model.200.500000.0.0000001/18/estimatedgenetre.halfresolved
All output trees will be *arbitrarily* rooted at 32

======== Running the main analysis
Number of taxa: 201 (201 species)
Taxa: [32, 71, 115, 191, 140, 18, 88, 173, 8, 151, 126, 39, 168, 122, 56, 185, 52, 34, 158, 22, 62, 72, 51, 193, 28, 194, 79, 76, 43, 186, 45, 58, 90, 15, 177, 98, 106, 144, 55, 63, 53, 93, 91, 84, 66, 128, 149, 176, 178, 94, 125, 36, 132, 120, 59, 21, 6, 97, 169, 130, 142, 81, 95, 157, 47, 69, 164, 83, 113, 9, 3, 23, 46, 87, 1, 123, 80, 16, 166, 77, 198, 196, 60, 89, 133, 100, 26, 145, 121, 165, 160, 184, 102, 2, 35, 162, 103, 154, 135, 189, 190, 73, 111, 85, 74, 68, 197, 146, 42, 199, 131, 14, 61, 148, 179, 64, 24, 139, 30, 134, 44, 137, 20, 109, 0, 187, 29, 119, 155, 200, 180, 11, 175, 54, 92, 172, 12, 5, 147, 152, 112, 141, 96, 48, 108, 37, 138, 40, 50, 118, 127, 182, 19, 114, 192, 183, 75, 67, 167, 33, 150, 86, 104, 110, 156, 25, 70, 7, 105, 159, 195, 41, 78, 143, 188, 65, 170, 161, 129, 10, 99, 117, 4, 57, 174, 27, 17, 163, 107, 171, 136, 13, 153, 31, 38, 181, 49, 101, 116, 82, 124]
Taxon occupancy: {35=889, 36=889, 33=889, 159=889, 158=889, 34=889, 157=889, 39=889, 156=889, 155=889, 37=889, 38=889, 154=889, 152=889, 153=889, 150=889, 151=889, 43=889, 42=889, 41=889, 40=889, 200=889, 22=889, 23=889, 169=889, 24=889, 25=889, 26=889, 166=889, 165=889, 27=889, 168=889, 28=889, 29=889, 167=889, 3=889, 161=889, 162=889, 2=889, 1=889, 163=889, 164=889, 0=889, 30=889, 7=889, 6=889, 32=889, 5=889, 31=889, 160=889, 4=889, 9=889, 8=889, 19=889, 179=889, 17=889, 178=889, 18=889, 15=889, 177=889, 16=889, 176=889, 13=889, 14=889, 11=889, 12=889, 21=889, 170=889, 20=889, 171=889, 174=889, 175=889, 172=889, 173=889, 188=889, 187=889, 189=889, 180=889, 181=889, 10=889, 182=889, 183=889, 184=889, 185=889, 186=889, 116=889, 79=889, 117=889, 114=889, 78=889, 77=889, 115=889, 112=889, 113=889, 110=889, 111=889, 118=889, 119=889, 82=889, 83=889, 80=889, 81=889, 86=889, 87=889, 84=889, 85=889, 125=889, 67=889, 126=889, 66=889, 69=889, 127=889, 128=889, 68=889, 121=889, 122=889, 123=889, 124=889, 129=889, 70=889, 120=889, 71=889, 72=889, 73=889, 74=889, 75=889, 76=889, 134=889, 135=889, 132=889, 133=889, 59=889, 58=889, 138=889, 139=889, 57=889, 56=889, 136=889, 55=889, 137=889, 64=889, 65=889, 62=889, 63=889, 60=889, 131=889, 130=889, 61=889, 49=889, 143=889, 144=889, 48=889, 145=889, 146=889, 45=889, 147=889, 148=889, 44=889, 47=889, 149=889, 46=889, 51=889, 52=889, 53=889, 54=889, 140=889, 142=889, 141=889, 50=889, 109=889, 108=889, 107=889, 106=889, 105=889, 104=889, 103=889, 102=889, 99=889, 101=889, 100=889, 98=889, 97=889, 96=889, 95=889, 94=889, 93=889, 92=889, 91=889, 90=889, 88=889, 89=889, 195=889, 194=889, 197=889, 196=889, 191=889, 190=889, 193=889, 192=889, 198=889, 199=889}
Number of gene trees: 889
0 trees have missing taxa
Calculating quartet distance matrix (for completion of X)
Species tree distances calculated ...
Building set of clusters (X) from gene trees 
Using tree-based weight calculation.
Number of Default Clusters: 184401
Number of quartet trees in the gene trees: 58477939737
calculating extra bipartitions to be added at level 1 ...
Number of Clusters after addition by distance: 184439
Adding to X using resolutions of greedy consensus ...
Threshold 0.0:
polytomy of size 13; rounds with additions with at least 0.01 support: 14; clusters: 185429
Threshold 0.01:
polytomy of size 4; rounds with additions with at least 0.01 support: 0; clusters: 185437
polytomy of size 37; rounds with additions with at least 0.01 support: 3; clusters: 202579
Threshold 0.02:
polytomy of size 49; rounds with additions with at least 0.01 support: 2; clusters: 233223
Threshold 0.05:
polytomy of size 65; rounds with additions with at least 0.01 support: 1; clusters: 233387
Threshold 0.1:
polytomy of size 86; rounds with additions with at least 0.01 support: 0; clusters: 233561
Threshold 0.2:
polytomy of size 4; rounds with additions with at least 0.01 support: 0; clusters: 233561
polytomy of size 3; rounds with additions with at least 0.01 support: 0; clusters: 233561
polytomy of size 3; rounds with additions with at least 0.01 support: 0; clusters: 233561
Threshold 0.3333333333333333:
polytomy of size 3; rounds with additions with at least 0.01 support: 0; clusters: 233561
polytomy of size 4; rounds with additions with at least 0.01 support: 0; clusters: 233561
polytomy of size 3; rounds with additions with at least 0.01 support: 0; clusters: 233561
Number of Clusters after addition by greedy: 233561
partitions formed in 108.337 secs
Dynamic Programming starting after 108.337 secs
Size of largest cluster: 201
Calculated 100000 weights; time (seconds): 675
Calculated 200000 weights; time (seconds): 610
Calculated 300000 weights; time (seconds): 692
Calculated 400000 weights; time (seconds): 677
Total Number of elements weighted: 448986
Normalized score (portion of input quartet trees satisfied): 0.45653804999063763
Final optimization score: 26697404575
Optimal tree inferred in 2987.639 secs.
(35,(2,(84,((66,128),((25,(146,109)),(42,((173,(93,(162,103))),((7,(177,91)),(((70,(43,(186,45))),((82,(163,107)),(69,(36,(94,125))))),(((77,(119,(155,11))),((189,(154,135)),(16,(190,73)))),((((8,151),(167,(85,(33,(111,148))))),((37,183),((((75,150),(50,118)),(127,(182,(19,114)))),(((138,40),(166,(144,(185,156)))),(86,(((74,67),(198,196)),(192,(89,(68,199))))))))),(((79,(140,(168,(39,122)))),((60,197),(((99,(4,57)),(152,(12,(5,(147,174))))),((76,31),((191,108),(((149,176),((171,136),(161,129))),((178,13),((49,101),(116,(38,181)))))))))),(((117,(164,10)),((132,(18,88)),(((187,(29,96)),((112,141),((200,54),(180,175)))),((56,(87,1)),(((9,3),(83,46)),(113,(23,(32,106)))))))),(0,(((97,(157,(52,(34,6)))),(55,((120,95),((27,(21,153)),((59,47),(63,53)))))),((((158,(194,17)),((72,(22,62)),(130,(169,(71,115))))),((123,(172,(80,92))),((188,(41,(78,170))),((143,65),((58,90),(105,(15,(159,195)))))))),((104,110),(((26,(100,145)),(121,(165,20))),(((61,(81,(131,14))),(134,(184,(179,(160,102))))),((133,(28,(51,193))),((124,(126,142)),(48,((137,(98,44)),(139,(30,(64,24))))))))))))))))))))))))));
Quartet score is: 26697404575
Normalized quartet score is: 0.45653804999063763
ASTRAL finished in 3006.05 secs
