
================== ASTRAL ===================== 

This is ASTRAL version 4.10.8
Gene trees are treated as unrooted
615 trees read from model.200.500000.0.000001/03/estimatedgenetre.halfresolved
All outputted trees will be *arbitrarily* rooted at 1

======== Running the main analysis
Number of taxa: 201 (201 species)
Taxa: [1, 74, 67, 49, 16, 89, 120, 188, 9, 80, 3, 109, 160, 28, 108, 106, 123, 114, 45, 24, 157, 156, 173, 113, 178, 187, 124, 182, 172, 43, 180, 119, 140, 50, 65, 179, 64, 60, 115, 174, 96, 86, 90, 129, 22, 136, 158, 76, 137, 72, 104, 84, 93, 151, 99, 103, 82, 152, 121, 133, 31, 170, 141, 79, 17, 0, 195, 138, 135, 39, 63, 150, 118, 199, 81, 190, 146, 147, 6, 30, 186, 19, 144, 12, 102, 128, 194, 47, 23, 200, 167, 192, 53, 181, 83, 13, 55, 56, 175, 91, 87, 154, 148, 21, 143, 20, 117, 153, 105, 183, 77, 126, 41, 75, 92, 52, 57, 4, 116, 169, 73, 111, 66, 69, 51, 198, 132, 34, 26, 18, 38, 35, 101, 165, 46, 191, 71, 161, 193, 2, 110, 37, 36, 32, 97, 145, 8, 163, 98, 88, 189, 15, 196, 29, 122, 40, 14, 95, 176, 25, 159, 7, 127, 78, 44, 27, 54, 48, 149, 155, 70, 58, 177, 139, 5, 184, 100, 33, 94, 168, 10, 185, 11, 68, 61, 62, 59, 134, 42, 164, 85, 162, 197, 112, 130, 131, 107, 142, 125, 171, 166]
Taxon occupancy: {35=615, 36=615, 159=615, 33=615, 158=615, 34=615, 39=615, 157=615, 156=615, 37=615, 155=615, 154=615, 38=615, 152=615, 153=615, 150=615, 151=615, 43=615, 42=615, 41=615, 40=615, 200=615, 22=615, 23=615, 169=615, 24=615, 25=615, 166=615, 26=615, 165=615, 27=615, 28=615, 168=615, 167=615, 29=615, 3=615, 161=615, 2=615, 162=615, 1=615, 163=615, 0=615, 164=615, 30=615, 7=615, 6=615, 32=615, 5=615, 31=615, 160=615, 4=615, 9=615, 8=615, 19=615, 17=615, 179=615, 178=615, 18=615, 15=615, 177=615, 16=615, 176=615, 13=615, 14=615, 11=615, 12=615, 170=615, 21=615, 171=615, 20=615, 174=615, 175=615, 172=615, 173=615, 188=615, 187=615, 189=615, 180=615, 181=615, 10=615, 182=615, 183=615, 184=615, 185=615, 186=615, 116=615, 79=615, 117=615, 114=615, 78=615, 115=615, 77=615, 112=615, 113=615, 110=615, 111=615, 118=615, 119=615, 82=615, 83=615, 80=615, 81=615, 86=615, 87=615, 84=615, 85=615, 125=615, 67=615, 126=615, 66=615, 69=615, 127=615, 128=615, 68=615, 121=615, 122=615, 123=615, 124=615, 129=615, 70=615, 120=615, 71=615, 72=615, 73=615, 74=615, 75=615, 76=615, 134=615, 135=615, 132=615, 133=615, 59=615, 138=615, 58=615, 57=615, 139=615, 136=615, 56=615, 137=615, 55=615, 64=615, 65=615, 62=615, 63=615, 131=615, 60=615, 130=615, 61=615, 49=615, 143=615, 144=615, 48=615, 145=615, 146=615, 147=615, 45=615, 148=615, 44=615, 47=615, 149=615, 46=615, 51=615, 52=615, 53=615, 54=615, 140=615, 142=615, 141=615, 50=615, 109=615, 108=615, 107=615, 106=615, 105=615, 104=615, 103=615, 102=615, 99=615, 101=615, 100=615, 98=615, 97=615, 96=615, 95=615, 94=615, 93=615, 92=615, 91=615, 90=615, 88=615, 89=615, 195=615, 194=615, 197=615, 196=615, 191=615, 190=615, 193=615, 192=615, 198=615, 199=615}
Number of gene trees: 615
0 trees have missing taxa
Calculating quartet distance matrix (for completion of X)
Species tree distances calculated ...
Building set of clusters (X) from gene trees 
Using tree-based weight calculation.
Number of Default Clusters: 103169
Number of quartet trees in the gene trees: 40500374379
calculating extra bipartitions to be added at level 1 ...
Number of Clusters after addition by distance: 103203
Adding to X using resolutions of greedy consensus ...
Threshold 0.0:
polytomy of size 16; rounds with additions with at least 0.01 support: 6; clusters: 104241
Threshold 0.01:
polytomy of size 23; rounds with additions with at least 0.01 support: 7; clusters: 107021
Threshold 0.02:
polytomy of size 3; rounds with additions with at least 0.01 support: 0; clusters: 107021
polytomy of size 28; rounds with additions with at least 0.01 support: 5; clusters: 111153
Threshold 0.05:
polytomy of size 4; rounds with additions with at least 0.01 support: 0; clusters: 111153
polytomy of size 3; rounds with additions with at least 0.01 support: 0; clusters: 111153
polytomy of size 4; rounds with additions with at least 0.01 support: 0; clusters: 111153
polytomy of size 37; rounds with additions with at least 0.01 support: 0; clusters: 111237
Threshold 0.1:
polytomy of size 4; rounds with additions with at least 0.01 support: 0; clusters: 111237
polytomy of size 4; rounds with additions with at least 0.01 support: 0; clusters: 111237
polytomy of size 4; rounds with additions with at least 0.01 support: 0; clusters: 111237
polytomy of size 3; rounds with additions with at least 0.01 support: 0; clusters: 111237
polytomy of size 55; rounds with additions with at least 0.01 support: 1; clusters: 111383
Threshold 0.2:
polytomy of size 3; rounds with additions with at least 0.01 support: 0; clusters: 111383
polytomy of size 4; rounds with additions with at least 0.01 support: 0; clusters: 111383
polytomy of size 4; rounds with additions with at least 0.01 support: 0; clusters: 111383
polytomy of size 5; rounds with additions with at least 0.01 support: 0; clusters: 111383
polytomy of size 7; rounds with additions with at least 0.01 support: 0; clusters: 111383
polytomy of size 4; rounds with additions with at least 0.01 support: 0; clusters: 111383
polytomy of size 75; rounds with additions with at least 0.01 support: 0; clusters: 111467
Threshold 0.3333333333333333:
polytomy of size 3; rounds with additions with at least 0.01 support: 0; clusters: 111467
polytomy of size 4; rounds with additions with at least 0.01 support: 0; clusters: 111467
polytomy of size 3; rounds with additions with at least 0.01 support: 0; clusters: 111467
Number of Clusters after addition by greedy: 111467
partitions formed in 64.746 secs
Dynamic Programming starting after 64.746 secs
Size of largest cluster: 201
Size of largest cluster: 201
Calculated 100000 weights; time (seconds): 82
Calculated 200000 weights; time (seconds): 22
Total Number of elements weighted: 260490
Normalized score (portion of input quartet trees satisfied): NaN
Final optimization score: 0
Total Number of elements weighted: 260490
Normalized score (portion of input quartet trees satisfied): 0.4862210406679757
Final optimization score: 19692134178
Optimal tree inferred in 138.133 secs.
(1,(((179,42),((138,155),(59,134))),((22,136),((((140,(96,(50,65))),(68,((77,(135,62)),(160,(123,61))))),((174,((170,141),((86,125),(107,142)))),((60,(64,(90,129))),((75,(115,92)),(43,(180,(172,119))))))),((((151,133),((113,178),((173,124),(156,187)))),((152,(99,(103,82))),((31,18),(93,(121,26))))),((((162,(51,85)),((111,(4,149)),(73,(116,169)))),((67,(197,112)),((9,(16,164)),(17,(44,130))))),(((27,(14,(88,95))),((114,(157,182)),(45,(89,24)))),(((83,(13,(55,56))),(158,((41,(175,143)),(137,((76,72),(104,126)))))),((0,(((15,122),(40,(2,(110,((184,100),(46,5)))))),(((12,(74,177)),((167,117),(48,(192,54)))),(((52,(195,168)),(183,(200,(47,23)))),((139,(150,118)),((171,(10,185)),((19,(57,11)),(186,((191,71),(196,29)))))))))),(((66,69),((33,(94,166)),(53,(98,(91,(161,193)))))),(((198,(132,34)),(39,((102,(153,105)),(131,((146,(81,147)),(190,(199,(6,30)))))))),(181,(((70,(49,58)),(((120,188),(108,(106,84))),((176,25),((28,(3,(80,109))),(127,(7,(159,(79,78)))))))),(((165,(36,(37,189))),(38,(144,(35,(194,(128,101)))))),(((87,154),(20,(148,21))),((63,97),(163,(32,(145,8)))))))))))))))))));
Quartet score is: 19692134178
Normalized quartet score is: 0.4862210406679757
ASTRAL finished in 149.625 secs
