
================== ASTRAL ===================== 

This is ASTRAL version 4.10.10
Gene trees are treated as unrooted
1000 trees read from ASTRALDATA/model.500.2000000.0.000001/29/estimatedgenetre.halfresolved
All output trees will be *arbitrarily* rooted at 40

======== Running the main analysis
Number of taxa: 501 (501 species)
Taxa: [40, 410, 286, 278, 398, 144, 433, 254, 300, 379, 172, 178, 306, 492, 95, 165, 498, 336, 159, 357, 150, 239, 448, 484, 136, 380, 235, 130, 370, 153, 455, 452, 213, 2, 134, 81, 135, 244, 479, 302, 308, 497, 142, 368, 80, 84, 469, 9, 106, 419, 364, 468, 284, 458, 202, 160, 255, 262, 397, 22, 293, 107, 120, 236, 93, 91, 486, 49, 73, 34, 126, 200, 125, 157, 477, 264, 466, 316, 187, 85, 141, 6, 166, 436, 20, 21, 375, 123, 439, 460, 145, 372, 392, 194, 289, 128, 173, 246, 234, 210, 271, 358, 481, 63, 303, 193, 24, 356, 117, 35, 215, 158, 171, 82, 299, 294, 349, 467, 131, 52, 312, 197, 218, 212, 323, 382, 68, 3, 0, 474, 407, 78, 317, 488, 228, 360, 143, 48, 259, 163, 280, 282, 39, 381, 305, 64, 388, 224, 99, 203, 464, 230, 443, 110, 331, 363, 298, 411, 355, 167, 470, 77, 41, 279, 36, 60, 76, 90, 319, 168, 273, 297, 351, 325, 457, 461, 13, 390, 42, 89, 490, 108, 274, 435, 291, 341, 405, 180, 152, 334, 337, 169, 29, 55, 181, 19, 7, 343, 192, 14, 204, 31, 248, 485, 256, 1, 26, 450, 216, 4, 147, 184, 430, 330, 383, 245, 33, 417, 277, 493, 456, 12, 404, 429, 451, 94, 422, 428, 43, 371, 403, 301, 483, 265, 238, 11, 437, 133, 441, 72, 98, 237, 56, 348, 44, 257, 28, 191, 387, 393, 415, 96, 266, 406, 396, 260, 220, 304, 177, 232, 223, 326, 208, 324, 367, 205, 386, 231, 182, 186, 198, 426, 322, 201, 384, 424, 92, 249, 353, 209, 252, 315, 281, 482, 30, 283, 251, 87, 195, 5, 58, 362, 408, 401, 412, 335, 494, 57, 155, 221, 377, 227, 162, 71, 174, 453, 116, 427, 270, 226, 61, 339, 354, 465, 62, 373, 272, 111, 79, 114, 449, 83, 402, 217, 242, 115, 97, 206, 37, 442, 140, 188, 471, 47, 309, 59, 366, 340, 389, 16, 318, 420, 214, 445, 27, 25, 487, 500, 258, 352, 38, 69, 70, 102, 127, 196, 478, 199, 344, 288, 394, 229, 105, 15, 139, 476, 413, 138, 345, 207, 418, 46, 268, 121, 313, 23, 311, 361, 129, 463, 434, 431, 447, 378, 67, 51, 146, 154, 350, 156, 211, 185, 54, 119, 17, 432, 446, 359, 190, 414, 287, 267, 296, 421, 347, 50, 321, 292, 151, 66, 400, 88, 10, 391, 480, 261, 189, 489, 290, 496, 462, 495, 333, 161, 243, 100, 170, 101, 164, 122, 104, 18, 332, 438, 385, 374, 250, 45, 75, 295, 241, 124, 454, 233, 112, 376, 475, 320, 440, 148, 327, 409, 369, 113, 314, 459, 307, 8, 175, 491, 103, 310, 149, 74, 269, 338, 137, 263, 472, 444, 53, 132, 416, 240, 65, 342, 328, 183, 32, 473, 399, 425, 395, 423, 275, 118, 225, 247, 179, 276, 365, 222, 109, 346, 285, 499, 176, 253, 86, 219, 329]
Taxon occupancy: {338=1000, 339=1000, 332=1000, 333=1000, 159=1000, 330=1000, 331=1000, 158=1000, 336=1000, 157=1000, 156=1000, 337=1000, 334=1000, 155=1000, 154=1000, 335=1000, 152=1000, 153=1000, 150=1000, 151=1000, 349=1000, 202=1000, 203=1000, 204=1000, 205=1000, 200=1000, 201=1000, 341=1000, 342=1000, 169=1000, 343=1000, 344=1000, 166=1000, 206=1000, 345=1000, 346=1000, 165=1000, 207=1000, 347=1000, 168=1000, 208=1000, 167=1000, 348=1000, 209=1000, 409=1000, 161=1000, 3=1000, 2=1000, 408=1000, 162=1000, 163=1000, 1=1000, 164=1000, 0=1000, 405=1000, 7=1000, 6=1000, 404=1000, 407=1000, 5=1000, 340=1000, 160=1000, 4=1000, 406=1000, 401=1000, 400=1000, 9=1000, 403=1000, 8=1000, 402=1000, 211=1000, 212=1000, 210=1000, 215=1000, 318=1000, 319=1000, 216=1000, 213=1000, 316=1000, 317=1000, 214=1000, 219=1000, 179=1000, 314=1000, 178=1000, 315=1000, 312=1000, 177=1000, 217=1000, 176=1000, 218=1000, 313=1000, 310=1000, 311=1000, 170=1000, 418=1000, 171=1000, 417=1000, 416=1000, 415=1000, 174=1000, 175=1000, 172=1000, 173=1000, 419=1000, 410=1000, 414=1000, 413=1000, 412=1000, 411=1000, 220=1000, 221=1000, 222=1000, 223=1000, 327=1000, 224=1000, 225=1000, 328=1000, 329=1000, 226=1000, 227=1000, 228=1000, 323=1000, 188=1000, 187=1000, 324=1000, 229=1000, 325=1000, 189=1000, 326=1000, 320=1000, 321=1000, 322=1000, 427=1000, 180=1000, 426=1000, 181=1000, 429=1000, 428=1000, 182=1000, 183=1000, 184=1000, 185=1000, 186=1000, 421=1000, 420=1000, 423=1000, 422=1000, 425=1000, 424=1000, 116=1000, 117=1000, 114=1000, 115=1000, 112=1000, 113=1000, 110=1000, 111=1000, 118=1000, 119=1000, 435=1000, 436=1000, 433=1000, 434=1000, 431=1000, 432=1000, 430=1000, 439=1000, 437=1000, 438=1000, 125=1000, 126=1000, 300=1000, 127=1000, 128=1000, 302=1000, 121=1000, 122=1000, 301=1000, 123=1000, 304=1000, 124=1000, 303=1000, 306=1000, 305=1000, 308=1000, 307=1000, 129=1000, 309=1000, 444=1000, 445=1000, 446=1000, 447=1000, 440=1000, 441=1000, 442=1000, 443=1000, 120=1000, 448=1000, 449=1000, 134=1000, 135=1000, 132=1000, 133=1000, 138=1000, 139=1000, 136=1000, 137=1000, 450=1000, 453=1000, 454=1000, 451=1000, 452=1000, 457=1000, 458=1000, 455=1000, 456=1000, 459=1000, 131=1000, 130=1000, 143=1000, 144=1000, 145=1000, 146=1000, 147=1000, 148=1000, 149=1000, 461=1000, 460=1000, 462=1000, 463=1000, 464=1000, 465=1000, 466=1000, 467=1000, 468=1000, 469=1000, 140=1000, 142=1000, 141=1000, 195=1000, 194=1000, 197=1000, 196=1000, 191=1000, 190=1000, 193=1000, 192=1000, 198=1000, 199=1000, 500=1000, 35=1000, 36=1000, 33=1000, 34=1000, 39=1000, 37=1000, 38=1000, 43=1000, 42=1000, 41=1000, 40=1000, 22=1000, 23=1000, 24=1000, 25=1000, 26=1000, 27=1000, 28=1000, 29=1000, 30=1000, 32=1000, 31=1000, 19=1000, 17=1000, 18=1000, 15=1000, 16=1000, 13=1000, 14=1000, 11=1000, 12=1000, 21=1000, 20=1000, 10=1000, 79=1000, 78=1000, 77=1000, 82=1000, 83=1000, 80=1000, 81=1000, 86=1000, 87=1000, 84=1000, 85=1000, 67=1000, 66=1000, 69=1000, 68=1000, 70=1000, 71=1000, 72=1000, 73=1000, 74=1000, 75=1000, 76=1000, 59=1000, 58=1000, 57=1000, 56=1000, 55=1000, 64=1000, 65=1000, 62=1000, 63=1000, 60=1000, 61=1000, 49=1000, 48=1000, 45=1000, 44=1000, 47=1000, 46=1000, 51=1000, 52=1000, 53=1000, 54=1000, 50=1000, 281=1000, 487=1000, 280=1000, 486=1000, 485=1000, 484=1000, 285=1000, 284=1000, 489=1000, 283=1000, 282=1000, 488=1000, 288=1000, 289=1000, 286=1000, 287=1000, 482=1000, 483=1000, 480=1000, 481=1000, 474=1000, 473=1000, 270=1000, 476=1000, 475=1000, 272=1000, 478=1000, 271=1000, 477=1000, 274=1000, 273=1000, 479=1000, 275=1000, 276=1000, 277=1000, 278=1000, 279=1000, 470=1000, 471=1000, 472=1000, 109=1000, 108=1000, 107=1000, 106=1000, 105=1000, 104=1000, 103=1000, 99=1000, 102=1000, 101=1000, 100=1000, 98=1000, 97=1000, 391=1000, 96=1000, 390=1000, 95=1000, 94=1000, 393=1000, 93=1000, 392=1000, 395=1000, 92=1000, 91=1000, 394=1000, 90=1000, 294=1000, 499=1000, 293=1000, 296=1000, 295=1000, 496=1000, 290=1000, 495=1000, 292=1000, 498=1000, 291=1000, 497=1000, 491=1000, 492=1000, 493=1000, 494=1000, 297=1000, 298=1000, 299=1000, 490=1000, 396=1000, 397=1000, 398=1000, 399=1000, 88=1000, 89=1000, 240=1000, 241=1000, 383=1000, 384=1000, 381=1000, 382=1000, 380=1000, 389=1000, 388=1000, 387=1000, 386=1000, 385=1000, 245=1000, 244=1000, 243=1000, 242=1000, 249=1000, 248=1000, 247=1000, 246=1000, 230=1000, 370=1000, 371=1000, 372=1000, 373=1000, 379=1000, 239=1000, 378=1000, 375=1000, 374=1000, 377=1000, 376=1000, 232=1000, 231=1000, 234=1000, 233=1000, 236=1000, 235=1000, 238=1000, 237=1000, 262=1000, 263=1000, 260=1000, 261=1000, 361=1000, 362=1000, 360=1000, 366=1000, 365=1000, 364=1000, 363=1000, 369=1000, 368=1000, 367=1000, 269=1000, 268=1000, 267=1000, 266=1000, 265=1000, 264=1000, 250=1000, 251=1000, 252=1000, 350=1000, 351=1000, 353=1000, 352=1000, 355=1000, 354=1000, 357=1000, 356=1000, 359=1000, 358=1000, 258=1000, 257=1000, 259=1000, 254=1000, 253=1000, 256=1000, 255=1000}
Number of gene trees: 1000
0 trees have missing taxa
Calculating quartet distance matrix (for completion of X)
Species tree distances calculated ...
Building set of clusters (X) from gene trees 
Using tree-based weight calculation.
Number of Default Clusters: 123569
Number of quartet trees in the gene trees: 2593739460255
calculating extra bipartitions to be added at level 1 ...
Number of Clusters after addition by distance: 123569
Adding to X using resolutions of greedy consensus ...
Threshold 0.0:
polytomy of size 4; rounds with additions with at least 0.01 support: 1; clusters: 123589
Threshold 0.01:
polytomy of size 6; rounds with additions with at least 0.01 support: 1; clusters: 123617
Threshold 0.02:
polytomy of size 3; rounds with additions with at least 0.01 support: 0; clusters: 123617
polytomy of size 8; rounds with additions with at least 0.01 support: 0; clusters: 123643
Threshold 0.05:
polytomy of size 4; rounds with additions with at least 0.01 support: 0; clusters: 123643
polytomy of size 3; rounds with additions with at least 0.01 support: 0; clusters: 123643
polytomy of size 14; rounds with additions with at least 0.01 support: 0; clusters: 123645
Threshold 0.1:
polytomy of size 3; rounds with additions with at least 0.01 support: 0; clusters: 123645
polytomy of size 6; rounds with additions with at least 0.01 support: 0; clusters: 123645
polytomy of size 20; rounds with additions with at least 0.01 support: 0; clusters: 123649
Threshold 0.2:
polytomy of size 3; rounds with additions with at least 0.01 support: 0; clusters: 123649
polytomy of size 3; rounds with additions with at least 0.01 support: 0; clusters: 123649
polytomy of size 4; rounds with additions with at least 0.01 support: 0; clusters: 123649
polytomy of size 4; rounds with additions with at least 0.01 support: 0; clusters: 123649
polytomy of size 6; rounds with additions with at least 0.01 support: 0; clusters: 123649
polytomy of size 3; rounds with additions with at least 0.01 support: 0; clusters: 123649
polytomy of size 3; rounds with additions with at least 0.01 support: 0; clusters: 123649
polytomy of size 3; rounds with additions with at least 0.01 support: 0; clusters: 123649
polytomy of size 4; rounds with additions with at least 0.01 support: 0; clusters: 123649
polytomy of size 4; rounds with additions with at least 0.01 support: 0; clusters: 123649
polytomy of size 4; rounds with additions with at least 0.01 support: 0; clusters: 123649
polytomy of size 32; rounds with additions with at least 0.01 support: 0; clusters: 123649
polytomy of size 4; rounds with additions with at least 0.01 support: 0; clusters: 123649
Threshold 0.3333333333333333:
polytomy of size 3; rounds with additions with at least 0.01 support: 0; clusters: 123649
polytomy of size 3; rounds with additions with at least 0.01 support: 0; clusters: 123649
polytomy of size 3; rounds with additions with at least 0.01 support: 0; clusters: 123649
polytomy of size 6; rounds with additions with at least 0.01 support: 0; clusters: 123649
polytomy of size 4; rounds with additions with at least 0.01 support: 0; clusters: 123649
polytomy of size 5; rounds with additions with at least 0.01 support: 0; clusters: 123649
polytomy of size 4; rounds with additions with at least 0.01 support: 0; clusters: 123649
polytomy of size 5; rounds with additions with at least 0.01 support: 0; clusters: 123649
polytomy of size 3; rounds with additions with at least 0.01 support: 0; clusters: 123649
polytomy of size 5; rounds with additions with at least 0.01 support: 0; clusters: 123649
polytomy of size 3; rounds with additions with at least 0.01 support: 0; clusters: 123649
polytomy of size 5; rounds with additions with at least 0.01 support: 0; clusters: 123649
polytomy of size 3; rounds with additions with at least 0.01 support: 0; clusters: 123649
polytomy of size 3; rounds with additions with at least 0.01 support: 0; clusters: 123649
polytomy of size 3; rounds with additions with at least 0.01 support: 0; clusters: 123649
polytomy of size 3; rounds with additions with at least 0.01 support: 0; clusters: 123649
polytomy of size 3; rounds with additions with at least 0.01 support: 0; clusters: 123649
polytomy of size 3; rounds with additions with at least 0.01 support: 0; clusters: 123649
polytomy of size 3; rounds with additions with at least 0.01 support: 0; clusters: 123649
polytomy of size 4; rounds with additions with at least 0.01 support: 0; clusters: 123649
polytomy of size 3; rounds with additions with at least 0.01 support: 0; clusters: 123649
polytomy of size 4; rounds with additions with at least 0.01 support: 0; clusters: 123649
polytomy of size 7; rounds with additions with at least 0.01 support: 0; clusters: 123653
polytomy of size 3; rounds with additions with at least 0.01 support: 0; clusters: 123653
polytomy of size 4; rounds with additions with at least 0.01 support: 0; clusters: 123653
polytomy of size 4; rounds with additions with at least 0.01 support: 0; clusters: 123653
polytomy of size 3; rounds with additions with at least 0.01 support: 0; clusters: 123653
polytomy of size 5; rounds with additions with at least 0.01 support: 0; clusters: 123653
polytomy of size 3; rounds with additions with at least 0.01 support: 0; clusters: 123653
polytomy of size 3; rounds with additions with at least 0.01 support: 0; clusters: 123653
polytomy of size 3; rounds with additions with at least 0.01 support: 0; clusters: 123653
polytomy of size 3; rounds with additions with at least 0.01 support: 0; clusters: 123653
polytomy of size 4; rounds with additions with at least 0.01 support: 0; clusters: 123653
polytomy of size 48; rounds with additions with at least 0.01 support: 0; clusters: 129113
polytomy of size 4; rounds with additions with at least 0.01 support: 0; clusters: 129113
Number of Clusters after addition by greedy: 129113
partitions formed in 165.392 secs
Dynamic Programming starting after 165.392 secs
Size of largest cluster: 501
Calculated 100000 weights; time (seconds): 1645
Calculated 200000 weights; time (seconds): 1468
Calculated 300000 weights; time (seconds): 1494
Calculated 400000 weights; time (seconds): 1523
Total Number of elements weighted: 428187
Normalized score (portion of input quartet trees satisfied): 0.6558376741936761
Final optimization score: 1701072055078
Optimal tree inferred in 6572.838 secs.
(87,(195,(251,(((283,(71,(174,453))),((162,(155,(227,(221,377)))),(58,(57,((335,(412,494)),(362,(408,401))))))),((5,((116,427),(270,226))),(((260,((406,396),(220,304))),(((186,198),((324,(61,(339,354))),((177,(326,208)),((232,223),((386,231),(367,205)))))),(182,(((437,(133,441)),((237,56),(72,98))),(348,((96,266),((387,(393,415)),((44,257),(28,191))))))))),(((145,(372,392)),(((59,(366,(340,389))),(((206,37),(442,140)),((188,471),(47,309)))),((217,(97,(242,115))),(((83,402),(114,449)),((62,373),(465,(272,(111,79)))))))),(0,(((((158,(171,82)),(((356,(35,(117,215))),((299,294),(349,467))),(((303,(193,24)),(271,(358,(481,63)))),(323,(52,(131,(212,(312,(197,218))))))))),(((19,(181,((169,(337,(29,55))),(334,(192,(7,343)))))),(((12,301),(404,(429,451))),((371,403),(43,(422,(94,428)))))),((277,(33,417)),((493,456),((216,(4,(147,184))),((14,(152,(204,(31,248)))),(((383,245),(430,330)),((485,256),(1,(26,450)))))))))),((500,((445,27),((25,487),(214,(16,(318,420)))))),((((258,352),(38,(127,(69,(70,102))))),((((199,(344,288)),((196,478),(119,((139,476),(15,(413,138)))))),((394,(229,105)),((17,432),((446,(359,190)),(287,(414,(267,296))))))),(((350,156),(146,154)),((434,((268,(345,(207,418))),(46,(121,(313,23))))),((211,(185,54)),(311,((51,(378,67)),((431,447),(361,(129,463)))))))))),(((((439,460),(21,(375,123))),(166,((316,187),(85,(141,6))))),((20,(436,(264,466))),((281,482),((30,(252,315)),((353,209),(426,((322,(201,384)),(249,(424,92))))))))),(((263,472),(132,(444,53))),(474,(289,((194,((128,173),(246,(234,210)))),(((39,(381,305)),((64,388),((224,464),(203,(230,(99,443)))))),(228,((143,((78,317),(407,360))),(488,(48,((259,282),(163,280))))))))))))))),(((((108,274),(435,291)),(341,(42,(89,490)))),(((486,49),(41,(279,36))),((126,200),(125,(477,(157,(73,34))))))),(((60,(76,(168,(90,(319,273))))),(((13,390),(457,461)),((91,(236,93)),((470,(110,331)),((363,355),((298,77),(411,167))))))),(((((235,370),(130,(153,(455,452)))),((136,380),(483,(265,(238,11))))),(((95,(165,498)),(((40,410),(286,278)),((398,144),(((239,(448,484)),(150,(159,(336,357)))),((306,(178,492)),(172,((433,300),(254,379)))))))),((262,((120,(293,107)),(255,(397,22)))),((213,160),((106,((134,81),((419,(364,468)),((2,284),(458,202))))),((9,(80,(84,469))),((135,244),((142,368),((308,497),(479,302)))))))))),(((75,295),(382,(68,3))),((((241,124),(104,((374,250),((18,45),(438,(332,385)))))),((((342,328),(183,32)),(399,((473,225),(395,(425,(423,(275,118))))))),(109,(((346,253),(86,(219,329))),((176,(285,499)),((365,222),(276,(247,179)))))))),(((233,((112,137),((122,376),(475,(320,416))))),((440,(148,327)),(351,(454,((409,(325,(369,((113,314),(459,307))))),((8,(175,(491,103))),((310,338),(269,(149,74))))))))),((421,((240,65),((405,180),((151,66),(292,(347,(50,321))))))),((480,(88,(400,(10,391)))),(((101,(297,164)),(100,(243,170))),((489,(261,189)),((161,(495,333)),(290,(496,462))))))))))))))))))))));
Quartet score is: 1701072055078
Normalized quartet score is: 0.6558376741936761
ASTRAL finished in 6618.469 secs
