
================== ASTRAL ===================== 

This is ASTRAL version 4.10.8
Gene trees are treated as unrooted
947 trees read from ASTRALDATA/model.1000.2000000.0.000001/34/estimatedgenetre.halfresolved
All outputted trees will be *arbitrarily* rooted at 582

======== Running the main analysis
Number of taxa: 1001 (1001 species)
Taxa: [582, 244, 448, 551, 806, 905, 764, 851, 836, 213, 795, 493, 427, 725, 317, 855, 383, 879, 3, 304, 436, 717, 193, 333, 839, 131, 618, 253, 536, 797, 344, 722, 931, 881, 133, 750, 125, 43, 860, 727, 713, 183, 644, 63, 380, 19, 379, 523, 446, 961, 714, 916, 456, 949, 966, 135, 824, 858, 45, 375, 290, 420, 780, 156, 405, 118, 607, 700, 872, 82, 571, 627, 338, 854, 514, 471, 990, 733, 207, 648, 773, 869, 209, 81, 48, 129, 964, 36, 419, 701, 372, 904, 105, 403, 683, 642, 11, 326, 116, 562, 921, 332, 676, 749, 149, 666, 572, 800, 892, 94, 574, 186, 766, 947, 67, 546, 275, 898, 807, 370, 830, 689, 451, 792, 130, 91, 145, 15, 765, 238, 357, 305, 501, 415, 561, 478, 390, 157, 198, 763, 608, 458, 70, 586, 147, 560, 605, 606, 833, 395, 384, 893, 659, 928, 583, 123, 302, 776, 10, 412, 92, 656, 77, 374, 376, 624, 507, 915, 615, 974, 914, 811, 570, 26, 4, 919, 539, 122, 527, 859, 5, 790, 311, 49, 801, 980, 723, 397, 282, 203, 460, 276, 553, 492, 475, 939, 222, 455, 274, 798, 166, 56, 794, 482, 430, 622, 16, 237, 909, 597, 655, 827, 979, 505, 958, 165, 962, 12, 753, 593, 176, 641, 329, 758, 434, 935, 231, 351, 751, 804, 174, 46, 623, 247, 746, 711, 179, 355, 927, 778, 512, 616, 366, 214, 671, 481, 941, 993, 731, 255, 494, 895, 885, 818, 143, 705, 488, 884, 175, 955, 873, 251, 774, 786, 960, 331, 309, 296, 771, 668, 886, 432, 220, 870, 195, 690, 984, 252, 533, 685, 330, 617, 861, 525, 629, 862, 319, 649, 810, 307, 988, 84, 178, 83, 981, 684, 559, 369, 950, 888, 825, 68, 538, 517, 268, 781, 236, 876, 170, 604, 906, 770, 441, 822, 435, 257, 528, 664, 362, 930, 325, 968, 900, 703, 635, 34, 838, 47, 526, 162, 831, 728, 59, 938, 249, 228, 23, 187, 936, 761, 783, 485, 837, 994, 738, 243, 292, 681, 136, 917, 498, 506, 678, 878, 748, 473, 21, 8, 392, 250, 883, 341, 568, 335, 651, 378, 364, 545, 486, 697, 547, 910, 799, 58, 71, 611, 414, 816, 532, 44, 124, 588, 7, 106, 345, 808, 737, 468, 540, 182, 903, 172, 239, 190, 246, 628, 942, 259, 260, 202, 399, 89, 438, 99, 367, 483, 730, 381, 466, 406, 95, 440, 328, 360, 826, 948, 196, 103, 199, 578, 918, 334, 479, 35, 970, 225, 271, 880, 424, 1000, 386, 29, 787, 887, 842, 234, 408, 566, 897, 216, 913, 65, 262, 695, 693, 762, 40, 508, 814, 108, 863, 337, 759, 558, 963, 902, 51, 587, 339, 515, 6, 555, 911, 346, 954, 151, 619, 154, 707, 288, 971, 592, 322, 613, 299, 621, 772, 785, 120, 206, 775, 853, 721, 865, 52, 153, 449, 595, 796, 148, 929, 890, 912, 98, 867, 894, 110, 665, 868, 229, 137, 88, 920, 496, 459, 139, 37, 667, 343, 431, 315, 42, 972, 534, 265, 845, 891, 398, 38, 563, 989, 185, 467, 985, 969, 361, 712, 757, 267, 447, 324, 686, 852, 232, 32, 388, 856, 141, 803, 677, 101, 457, 626, 652, 402, 233, 358, 535, 85, 168, 352, 283, 138, 491, 726, 687, 704, 924, 736, 100, 828, 421, 277, 576, 998, 293, 173, 965, 242, 820, 609, 497, 464, 0, 320, 127, 221, 144, 114, 779, 72, 429, 975, 782, 541, 472, 200, 747, 79, 769, 75, 809, 732, 462, 285, 348, 453, 444, 2, 417, 793, 643, 64, 387, 657, 96, 224, 945, 454, 995, 254, 739, 445, 513, 393, 882, 340, 24, 104, 194, 529, 197, 119, 245, 301, 413, 192, 423, 217, 973, 107, 600, 640, 584, 672, 316, 630, 933, 821, 248, 109, 230, 258, 875, 476, 673, 298, 261, 57, 480, 812, 210, 263, 469, 662, 537, 741, 55, 400, 152, 744, 115, 767, 371, 313, 9, 789, 62, 188, 450, 470, 164, 484, 661, 658, 487, 819, 281, 287, 61, 211, 520, 956, 294, 474, 140, 17, 702, 477, 688, 601, 522, 286, 191, 235, 823, 503, 117, 295, 171, 155, 18, 510, 755, 306, 31, 90, 227, 556, 632, 577, 708, 391, 982, 373, 715, 983, 899, 113, 752, 495, 815, 934, 418, 504, 896, 256, 835, 907, 53, 60, 509, 289, 610, 729, 813, 636, 411, 674, 353, 511, 716, 567, 631, 389, 86, 443, 580, 699, 303, 297, 840, 409, 850, 167, 599, 396, 442, 543, 977, 159, 323, 849, 223, 382, 212, 663, 585, 735, 653, 932, 273, 308, 181, 76, 976, 516, 80, 134, 754, 548, 215, 614, 128, 602, 843, 937, 650, 126, 318, 575, 634, 598, 952, 111, 300, 645, 554, 581, 760, 321, 817, 312, 410, 679, 908, 777, 530, 698, 347, 142, 521, 557, 877, 205, 654, 350, 359, 356, 74, 564, 163, 991, 349, 549, 78, 589, 791, 997, 660, 682, 518, 670, 310, 519, 832, 844, 967, 742, 177, 365, 264, 591, 39, 802, 30, 718, 987, 829, 756, 596, 669, 180, 208, 28, 404, 531, 50, 696, 637, 710, 439, 925, 999, 102, 433, 394, 680, 946, 620, 706, 594, 638, 565, 368, 944, 342, 500, 33, 978, 22, 871, 841, 720, 926, 189, 284, 579, 923, 524, 834, 740, 544, 489, 943, 625, 377, 204, 160, 675, 940, 407, 363, 866, 848, 959, 550, 846, 639, 425, 874, 499, 169, 270, 73, 416, 266, 226, 992, 54, 646, 953, 633, 452, 218, 219, 768, 612, 788, 93, 647, 158, 805, 461, 20, 745, 465, 986, 97, 490, 132, 724, 864, 426, 354, 279, 569, 901, 889, 692, 951, 314, 857, 385, 240, 336, 69, 422, 922, 291, 41, 428, 1, 25, 201, 573, 734, 121, 552, 241, 66, 709, 87, 694, 847, 719, 603, 957, 184, 590, 996, 272, 150, 327, 743, 269, 437, 146, 691, 502, 27, 278, 112, 463, 14, 542, 13, 161, 784, 401, 280]
Taxon occupancy: {338=947, 339=947, 941=947, 942=947, 940=947, 332=947, 945=947, 946=947, 333=947, 943=947, 330=947, 944=947, 331=947, 336=947, 949=947, 337=947, 947=947, 334=947, 335=947, 948=947, 531=947, 748=947, 530=947, 747=947, 746=947, 745=947, 535=947, 534=947, 533=947, 532=947, 749=947, 740=947, 539=947, 538=947, 537=947, 536=947, 744=947, 743=947, 742=947, 741=947, 349=947, 930=947, 931=947, 932=947, 341=947, 342=947, 933=947, 343=947, 934=947, 935=947, 344=947, 936=947, 345=947, 937=947, 346=947, 347=947, 938=947, 939=947, 348=947, 735=947, 3=947, 540=947, 734=947, 929=947, 2=947, 542=947, 1=947, 737=947, 736=947, 0=947, 541=947, 544=947, 7=947, 739=947, 738=947, 6=947, 543=947, 546=947, 5=947, 340=947, 545=947, 4=947, 548=947, 547=947, 9=947, 549=947, 8=947, 731=947, 730=947, 733=947, 732=947, 920=947, 318=947, 319=947, 316=947, 317=947, 314=947, 927=947, 928=947, 315=947, 925=947, 312=947, 926=947, 313=947, 923=947, 310=947, 311=947, 924=947, 921=947, 922=947, 513=947, 512=947, 729=947, 728=947, 511=947, 727=947, 510=947, 726=947, 725=947, 724=947, 919=947, 723=947, 918=947, 722=947, 721=947, 720=947, 519=947, 518=947, 517=947, 516=947, 515=947, 514=947, 327=947, 328=947, 329=947, 914=947, 323=947, 915=947, 324=947, 325=947, 916=947, 917=947, 326=947, 709=947, 910=947, 911=947, 320=947, 321=947, 912=947, 913=947, 322=947, 717=947, 522=947, 521=947, 716=947, 719=947, 524=947, 718=947, 523=947, 908=947, 713=947, 712=947, 907=947, 520=947, 715=947, 909=947, 714=947, 529=947, 711=947, 710=947, 526=947, 525=947, 528=947, 527=947, 989=947, 988=947, 987=947, 571=947, 570=947, 982=947, 981=947, 980=947, 986=947, 985=947, 984=947, 983=947, 700=947, 703=947, 574=947, 575=947, 704=947, 701=947, 572=947, 573=947, 702=947, 578=947, 707=947, 579=947, 708=947, 705=947, 576=947, 706=947, 577=947, 977=947, 976=947, 300=947, 979=947, 978=947, 302=947, 580=947, 301=947, 304=947, 582=947, 581=947, 303=947, 306=947, 305=947, 308=947, 971=947, 307=947, 970=947, 973=947, 309=947, 972=947, 975=947, 974=947, 583=947, 584=947, 585=947, 586=947, 587=947, 588=947, 589=947, 969=947, 968=947, 967=947, 966=947, 965=947, 964=947, 963=947, 962=947, 961=947, 960=947, 558=947, 559=947, 556=947, 557=947, 554=947, 555=947, 552=947, 553=947, 550=947, 551=947, 959=947, 958=947, 560=947, 955=947, 954=947, 957=947, 956=947, 951=947, 950=947, 953=947, 952=947, 569=947, 565=947, 566=947, 567=947, 568=947, 561=947, 562=947, 563=947, 564=947, 799=947, 798=947, 797=947, 796=947, 795=947, 794=947, 793=947, 792=947, 996=947, 790=947, 997=947, 791=947, 994=947, 995=947, 992=947, 993=947, 990=947, 991=947, 998=947, 999=947, 781=947, 782=947, 783=947, 784=947, 785=947, 786=947, 787=947, 788=947, 789=947, 780=947, 505=947, 772=947, 506=947, 773=947, 770=947, 503=947, 771=947, 504=947, 776=947, 509=947, 777=947, 774=947, 507=947, 508=947, 775=947, 778=947, 779=947, 501=947, 502=947, 500=947, 763=947, 764=947, 765=947, 766=947, 760=947, 761=947, 762=947, 767=947, 768=947, 769=947, 754=947, 755=947, 752=947, 753=947, 750=947, 751=947, 758=947, 759=947, 756=947, 757=947, 595=947, 594=947, 597=947, 391=947, 596=947, 390=947, 393=947, 599=947, 598=947, 392=947, 395=947, 394=947, 396=947, 397=947, 398=947, 399=947, 590=947, 591=947, 592=947, 593=947, 383=947, 384=947, 381=947, 382=947, 380=947, 389=947, 388=947, 387=947, 386=947, 385=947, 370=947, 371=947, 372=947, 373=947, 379=947, 378=947, 375=947, 374=947, 377=947, 376=947, 361=947, 362=947, 360=947, 366=947, 365=947, 364=947, 363=947, 369=947, 368=947, 367=947, 350=947, 351=947, 353=947, 352=947, 355=947, 354=947, 357=947, 356=947, 359=947, 358=947, 806=947, 807=947, 804=947, 805=947, 802=947, 803=947, 800=947, 801=947, 159=947, 158=947, 157=947, 156=947, 155=947, 154=947, 152=947, 601=947, 153=947, 600=947, 150=947, 151=947, 609=947, 608=947, 607=947, 606=947, 605=947, 604=947, 603=947, 602=947, 202=947, 203=947, 204=947, 205=947, 200=947, 201=947, 169=947, 166=947, 206=947, 165=947, 207=947, 208=947, 168=947, 209=947, 167=947, 161=947, 409=947, 162=947, 408=947, 163=947, 164=947, 405=947, 404=947, 407=947, 160=947, 406=947, 401=947, 400=947, 403=947, 402=947, 824=947, 211=947, 825=947, 212=947, 822=947, 210=947, 823=947, 215=947, 828=947, 829=947, 216=947, 213=947, 826=947, 214=947, 827=947, 219=947, 179=947, 178=947, 177=947, 217=947, 218=947, 176=947, 820=947, 821=947, 170=947, 418=947, 417=947, 171=947, 416=947, 415=947, 623=947, 174=947, 175=947, 622=947, 172=947, 621=947, 620=947, 419=947, 173=947, 410=947, 627=947, 626=947, 625=947, 624=947, 819=947, 414=947, 413=947, 629=947, 412=947, 628=947, 411=947, 220=947, 811=947, 221=947, 812=947, 222=947, 813=947, 814=947, 223=947, 224=947, 815=947, 816=947, 225=947, 226=947, 817=947, 818=947, 227=947, 228=947, 188=947, 187=947, 229=947, 189=947, 810=947, 427=947, 426=947, 180=947, 181=947, 429=947, 428=947, 182=947, 183=947, 610=947, 184=947, 612=947, 185=947, 611=947, 186=947, 614=947, 809=947, 808=947, 613=947, 616=947, 421=947, 420=947, 615=947, 618=947, 423=947, 422=947, 617=947, 425=947, 424=947, 619=947, 843=947, 116=947, 842=947, 117=947, 841=947, 114=947, 115=947, 840=947, 112=947, 113=947, 110=947, 111=947, 849=947, 848=947, 847=947, 846=947, 118=947, 845=947, 844=947, 119=947, 435=947, 436=947, 433=947, 434=947, 431=947, 432=947, 430=947, 439=947, 437=947, 438=947, 125=947, 830=947, 126=947, 832=947, 127=947, 128=947, 831=947, 121=947, 122=947, 123=947, 124=947, 838=947, 837=947, 839=947, 834=947, 129=947, 833=947, 836=947, 835=947, 444=947, 445=947, 446=947, 447=947, 440=947, 441=947, 442=947, 443=947, 120=947, 448=947, 449=947, 134=947, 861=947, 135=947, 860=947, 132=947, 133=947, 865=947, 138=947, 864=947, 139=947, 136=947, 863=947, 862=947, 137=947, 869=947, 868=947, 867=947, 866=947, 450=947, 453=947, 454=947, 451=947, 452=947, 457=947, 458=947, 455=947, 456=947, 459=947, 131=947, 130=947, 143=947, 144=947, 145=947, 850=947, 146=947, 147=947, 852=947, 851=947, 148=947, 854=947, 149=947, 853=947, 856=947, 855=947, 858=947, 857=947, 859=947, 461=947, 460=947, 462=947, 463=947, 464=947, 465=947, 466=947, 467=947, 468=947, 469=947, 140=947, 142=947, 141=947, 687=947, 686=947, 689=947, 688=947, 683=947, 682=947, 685=947, 684=947, 888=947, 889=947, 884=947, 885=947, 680=947, 886=947, 681=947, 887=947, 880=947, 881=947, 882=947, 883=947, 678=947, 677=947, 676=947, 675=947, 674=947, 673=947, 672=947, 671=947, 679=947, 879=947, 877=947, 878=947, 875=947, 670=947, 876=947, 873=947, 874=947, 871=947, 872=947, 870=947, 696=947, 695=947, 694=947, 693=947, 890=947, 699=947, 698=947, 697=947, 899=947, 893=947, 894=947, 891=947, 892=947, 691=947, 897=947, 692=947, 898=947, 895=947, 690=947, 896=947, 646=947, 647=947, 648=947, 649=947, 195=947, 642=947, 643=947, 194=947, 644=947, 197=947, 645=947, 196=947, 191=947, 190=947, 193=947, 640=947, 641=947, 192=947, 198=947, 199=947, 639=947, 637=947, 638=947, 635=947, 636=947, 633=947, 634=947, 631=947, 632=947, 630=947, 668=947, 669=947, 660=947, 661=947, 662=947, 663=947, 664=947, 665=947, 666=947, 667=947, 659=947, 657=947, 658=947, 651=947, 652=947, 650=947, 655=947, 656=947, 653=947, 654=947, 35=947, 36=947, 33=947, 34=947, 39=947, 37=947, 38=947, 43=947, 42=947, 41=947, 40=947, 22=947, 23=947, 24=947, 25=947, 26=947, 27=947, 28=947, 29=947, 30=947, 32=947, 31=947, 19=947, 17=947, 18=947, 15=947, 16=947, 13=947, 14=947, 11=947, 12=947, 21=947, 20=947, 10=947, 79=947, 78=947, 77=947, 82=947, 83=947, 80=947, 81=947, 86=947, 87=947, 84=947, 85=947, 67=947, 66=947, 69=947, 68=947, 70=947, 71=947, 72=947, 73=947, 74=947, 75=947, 76=947, 59=947, 58=947, 57=947, 56=947, 55=947, 64=947, 65=947, 62=947, 63=947, 60=947, 61=947, 49=947, 48=947, 45=947, 44=947, 47=947, 46=947, 51=947, 52=947, 53=947, 54=947, 50=947, 487=947, 281=947, 280=947, 486=947, 485=947, 484=947, 285=947, 284=947, 489=947, 283=947, 488=947, 282=947, 288=947, 289=947, 286=947, 287=947, 482=947, 483=947, 480=947, 481=947, 474=947, 473=947, 270=947, 476=947, 475=947, 272=947, 478=947, 271=947, 477=947, 274=947, 273=947, 479=947, 275=947, 276=947, 277=947, 278=947, 279=947, 470=947, 471=947, 472=947, 1000=947, 109=947, 108=947, 107=947, 106=947, 105=947, 104=947, 103=947, 102=947, 99=947, 101=947, 100=947, 98=947, 97=947, 96=947, 95=947, 94=947, 93=947, 92=947, 91=947, 294=947, 90=947, 499=947, 293=947, 296=947, 295=947, 290=947, 496=947, 495=947, 498=947, 292=947, 291=947, 497=947, 491=947, 492=947, 493=947, 494=947, 297=947, 298=947, 299=947, 490=947, 88=947, 89=947, 240=947, 241=947, 245=947, 244=947, 243=947, 242=947, 249=947, 248=947, 247=947, 246=947, 230=947, 239=947, 232=947, 231=947, 234=947, 233=947, 236=947, 235=947, 238=947, 237=947, 262=947, 263=947, 260=947, 261=947, 269=947, 268=947, 267=947, 266=947, 265=947, 264=947, 250=947, 251=947, 252=947, 904=947, 258=947, 257=947, 903=947, 906=947, 905=947, 259=947, 900=947, 254=947, 253=947, 902=947, 256=947, 901=947, 255=947}
Number of gene trees: 947
0 trees have missing taxa
Calculating quartet distance matrix (for completion of X)
Species tree distances calculated ...
Building set of clusters (X) from gene trees 
Using tree-based weight calculation.
Number of Default Clusters: 282561
Number of quartet trees in the gene trees: 39345902099848
calculating extra bipartitions to be added at level 1 ...
Number of Clusters after addition by distance: 282577
Adding to X using resolutions of greedy consensus ...
Threshold 0.0:
polytomy of size 3; rounds with additions with at least 0.01 support: 0; clusters: 282583
polytomy of size 3; rounds with additions with at least 0.01 support: 1; clusters: 282589
polytomy of size 9; rounds with additions with at least 0.01 support: 3; clusters: 282861
Threshold 0.01:
polytomy of size 25; rounds with additions with at least 0.01 support: 6; clusters: 285811
Threshold 0.02:
polytomy of size 30; rounds with additions with at least 0.01 support: 8; clusters: 288955
Threshold 0.05:
polytomy of size 42; rounds with additions with at least 0.01 support: 1; clusters: 288997
Threshold 0.1:
polytomy of size 3; rounds with additions with at least 0.01 support: 0; clusters: 288997
polytomy of size 5; rounds with additions with at least 0.01 support: 0; clusters: 288997
polytomy of size 48; rounds with additions with at least 0.01 support: 0; clusters: 289015
Threshold 0.2:
polytomy of size 3; rounds with additions with at least 0.01 support: 0; clusters: 289015
polytomy of size 3; rounds with additions with at least 0.01 support: 0; clusters: 289015
polytomy of size 5; rounds with additions with at least 0.01 support: 0; clusters: 289015
polytomy of size 4; rounds with additions with at least 0.01 support: 0; clusters: 289015
polytomy of size 3; rounds with additions with at least 0.01 support: 0; clusters: 289015
polytomy of size 3; rounds with additions with at least 0.01 support: 0; clusters: 289015
polytomy of size 6; rounds with additions with at least 0.01 support: 0; clusters: 289015
polytomy of size 4; rounds with additions with at least 0.01 support: 0; clusters: 289015
polytomy of size 5; rounds with additions with at least 0.01 support: 0; clusters: 289015
polytomy of size 3; rounds with additions with at least 0.01 support: 0; clusters: 289015
polytomy of size 3; rounds with additions with at least 0.01 support: 0; clusters: 289015
polytomy of size 3; rounds with additions with at least 0.01 support: 0; clusters: 289015
polytomy of size 4; rounds with additions with at least 0.01 support: 0; clusters: 289015
polytomy of size 3; rounds with additions with at least 0.01 support: 0; clusters: 289015
polytomy of size 4; rounds with additions with at least 0.01 support: 0; clusters: 289015
polytomy of size 3; rounds with additions with at least 0.01 support: 0; clusters: 289015
polytomy of size 3; rounds with additions with at least 0.01 support: 0; clusters: 289015
polytomy of size 4; rounds with additions with at least 0.01 support: 0; clusters: 289015
polytomy of size 4; rounds with additions with at least 0.01 support: 0; clusters: 289015
polytomy of size 3; rounds with additions with at least 0.01 support: 0; clusters: 289015
polytomy of size 3; rounds with additions with at least 0.01 support: 0; clusters: 289015
polytomy of size 3; rounds with additions with at least 0.01 support: 0; clusters: 289015
polytomy of size 70; rounds with additions with at least 0.01 support: 0; clusters: 289139
Threshold 0.3333333333333333:
polytomy of size 3; rounds with additions with at least 0.01 support: 0; clusters: 289139
polytomy of size 3; rounds with additions with at least 0.01 support: 0; clusters: 289139
polytomy of size 3; rounds with additions with at least 0.01 support: 0; clusters: 289139
polytomy of size 3; rounds with additions with at least 0.01 support: 0; clusters: 289139
polytomy of size 3; rounds with additions with at least 0.01 support: 0; clusters: 289139
polytomy of size 4; rounds with additions with at least 0.01 support: 0; clusters: 289139
polytomy of size 3; rounds with additions with at least 0.01 support: 0; clusters: 289139
polytomy of size 4; rounds with additions with at least 0.01 support: 0; clusters: 289139
polytomy of size 3; rounds with additions with at least 0.01 support: 0; clusters: 289139
polytomy of size 3; rounds with additions with at least 0.01 support: 0; clusters: 289139
polytomy of size 3; rounds with additions with at least 0.01 support: 0; clusters: 289139
polytomy of size 3; rounds with additions with at least 0.01 support: 0; clusters: 289139
polytomy of size 6; rounds with additions with at least 0.01 support: 0; clusters: 289139
polytomy of size 3; rounds with additions with at least 0.01 support: 0; clusters: 289139
polytomy of size 3; rounds with additions with at least 0.01 support: 0; clusters: 289139
polytomy of size 3; rounds with additions with at least 0.01 support: 0; clusters: 289139
polytomy of size 4; rounds with additions with at least 0.01 support: 0; clusters: 289139
polytomy of size 3; rounds with additions with at least 0.01 support: 0; clusters: 289139
polytomy of size 4; rounds with additions with at least 0.01 support: 0; clusters: 289139
polytomy of size 4; rounds with additions with at least 0.01 support: 0; clusters: 289139
polytomy of size 3; rounds with additions with at least 0.01 support: 0; clusters: 289139
polytomy of size 3; rounds with additions with at least 0.01 support: 0; clusters: 289139
polytomy of size 7; rounds with additions with at least 0.01 support: 0; clusters: 289143
polytomy of size 4; rounds with additions with at least 0.01 support: 0; clusters: 289143
polytomy of size 4; rounds with additions with at least 0.01 support: 0; clusters: 289143
polytomy of size 3; rounds with additions with at least 0.01 support: 0; clusters: 289143
polytomy of size 3; rounds with additions with at least 0.01 support: 0; clusters: 289143
polytomy of size 3; rounds with additions with at least 0.01 support: 0; clusters: 289143
polytomy of size 7; rounds with additions with at least 0.01 support: 0; clusters: 289143
polytomy of size 4; rounds with additions with at least 0.01 support: 0; clusters: 289143
polytomy of size 5; rounds with additions with at least 0.01 support: 0; clusters: 289143
polytomy of size 4; rounds with additions with at least 0.01 support: 0; clusters: 289143
polytomy of size 4; rounds with additions with at least 0.01 support: 0; clusters: 289143
polytomy of size 3; rounds with additions with at least 0.01 support: 0; clusters: 289143
polytomy of size 3; rounds with additions with at least 0.01 support: 0; clusters: 289143
polytomy of size 3; rounds with additions with at least 0.01 support: 0; clusters: 289143
polytomy of size 4; rounds with additions with at least 0.01 support: 0; clusters: 289143
polytomy of size 3; rounds with additions with at least 0.01 support: 0; clusters: 289143
polytomy of size 4; rounds with additions with at least 0.01 support: 0; clusters: 289143
polytomy of size 3; rounds with additions with at least 0.01 support: 0; clusters: 289143
polytomy of size 3; rounds with additions with at least 0.01 support: 0; clusters: 289143
polytomy of size 3; rounds with additions with at least 0.01 support: 0; clusters: 289143
polytomy of size 6; rounds with additions with at least 0.01 support: 0; clusters: 289145
polytomy of size 3; rounds with additions with at least 0.01 support: 0; clusters: 289145
polytomy of size 3; rounds with additions with at least 0.01 support: 0; clusters: 289145
polytomy of size 4; rounds with additions with at least 0.01 support: 0; clusters: 289145
polytomy of size 6; rounds with additions with at least 0.01 support: 0; clusters: 289145
polytomy of size 7; rounds with additions with at least 0.01 support: 0; clusters: 289145
polytomy of size 3; rounds with additions with at least 0.01 support: 0; clusters: 289145
polytomy of size 4; rounds with additions with at least 0.01 support: 0; clusters: 289145
polytomy of size 3; rounds with additions with at least 0.01 support: 0; clusters: 289145
polytomy of size 3; rounds with additions with at least 0.01 support: 0; clusters: 289145
polytomy of size 3; rounds with additions with at least 0.01 support: 0; clusters: 289145
polytomy of size 4; rounds with additions with at least 0.01 support: 0; clusters: 289145
polytomy of size 3; rounds with additions with at least 0.01 support: 0; clusters: 289145
polytomy of size 3; rounds with additions with at least 0.01 support: 0; clusters: 289145
polytomy of size 5; rounds with additions with at least 0.01 support: 0; clusters: 289145
polytomy of size 3; rounds with additions with at least 0.01 support: 0; clusters: 289145
polytomy of size 3; rounds with additions with at least 0.01 support: 0; clusters: 289145
polytomy of size 4; rounds with additions with at least 0.01 support: 0; clusters: 289145
polytomy of size 3; rounds with additions with at least 0.01 support: 0; clusters: 289145
polytomy of size 3; rounds with additions with at least 0.01 support: 0; clusters: 289145
polytomy of size 3; rounds with additions with at least 0.01 support: 0; clusters: 289145
polytomy of size 3; rounds with additions with at least 0.01 support: 0; clusters: 289145
polytomy of size 6; rounds with additions with at least 0.01 support: 0; clusters: 289145
polytomy of size 3; rounds with additions with at least 0.01 support: 0; clusters: 289145
polytomy of size 6; rounds with additions with at least 0.01 support: 0; clusters: 289145
polytomy of size 4; rounds with additions with at least 0.01 support: 0; clusters: 289145
polytomy of size 5; rounds with additions with at least 0.01 support: 0; clusters: 289145
polytomy of size 4; rounds with additions with at least 0.01 support: 0; clusters: 289145
polytomy of size 3; rounds with additions with at least 0.01 support: 0; clusters: 289145
polytomy of size 3; rounds with additions with at least 0.01 support: 0; clusters: 289145
polytomy of size 3; rounds with additions with at least 0.01 support: 0; clusters: 289145
polytomy of size 4; rounds with additions with at least 0.01 support: 0; clusters: 289145
polytomy of size 4; rounds with additions with at least 0.01 support: 0; clusters: 289145
polytomy of size 3; rounds with additions with at least 0.01 support: 0; clusters: 289145
polytomy of size 3; rounds with additions with at least 0.01 support: 0; clusters: 289145
polytomy of size 3; rounds with additions with at least 0.01 support: 0; clusters: 289145
polytomy of size 4; rounds with additions with at least 0.01 support: 0; clusters: 289145
polytomy of size 3; rounds with additions with at least 0.01 support: 0; clusters: 289145
polytomy of size 3; rounds with additions with at least 0.01 support: 0; clusters: 289145
polytomy of size 4; rounds with additions with at least 0.01 support: 0; clusters: 289145
polytomy of size 4; rounds with additions with at least 0.01 support: 0; clusters: 289145
polytomy of size 3; rounds with additions with at least 0.01 support: 0; clusters: 289145
polytomy of size 107; rounds with additions with at least 0.01 support: 0; clusters: 390769
Number of Clusters after addition by greedy: 390769
partitions formed in 735.485 secs
Dynamic Programming starting after 735.485 secs
Size of largest cluster: 1001
Size of largest cluster: 1001
Calculated 100000 weights; time (seconds): 948
Calculated 200000 weights; time (seconds): 272
Calculated 300000 weights; time (seconds): 302
Calculated 400000 weights; time (seconds): 392
Total Number of elements weighted: 936146
Normalized score (portion of input quartet trees satisfied): NaN
Final optimization score: 0
Calculated 500000 weights; time (seconds): 532
Calculated 600000 weights; time (seconds): 677
Calculated 700000 weights; time (seconds): 814
Calculated 800000 weights; time (seconds): 1019
Calculated 900000 weights; time (seconds): 1033
Total Number of elements weighted: 936146
Normalized score (portion of input quartet trees satisfied): 0.5401372066680636
Final optimization score: 21252185654047
Optimal tree inferred in 6379.923 secs.
(582,((244,448),(((893,659),((147,(560,605)),((606,384),(833,395)))),(707,((928,(((92,656),(77,(374,376))),(583,(10,(123,(302,(776,412))))))),((586,((50,696),(925,((999,102),(637,(710,439)))))),(((368,944),(((342,500),(22,((33,978),(871,841)))),(((638,565),(946,620)),((706,594),(433,(394,680)))))),(((((383,879),((855,717),(304,(3,436)))),(317,((427,725),((795,493),((764,851),(836,213)))))),((((947,67),((950,888),(825,((435,(781,236)),((68,(517,(538,268))),((822,(441,257)),((876,770),(170,(604,906))))))))),((276,(460,(397,(282,203)))),((790,(311,(49,(801,(980,723))))),((859,5),(527,((615,974),(((157,198),(763,(608,(458,70)))),((919,(539,122)),((914,811),(4,(570,26))))))))))),(551,(((553,492),((274,(798,(222,455))),((482,(430,622)),((475,939),(166,(56,794)))))),((231,(351,751)),(((288,(((125,43),((931,881),(133,750))),((839,(193,333)),((722,(131,618)),((797,344),(253,536)))))),(((574,(186,766)),(((666,572),(800,(892,94))),(149,(749,((921,676),(562,332)))))),((854,(514,471)),((403,(990,((648,(733,207)),(773,(869,(209,81)))))),((116,(326,(683,(642,11)))),(48,((904,105),(129,(964,((36,419),(701,372))))))))))),(((434,935),(655,((827,979),(909,(237,(16,597)))))),(((860,(338,(118,((872,(82,571)),(700,(607,627)))))),((727,(63,(644,(713,183)))),(((714,(916,(456,949))),((380,19),(379,(523,(446,961))))),(290,(420,((780,(156,405)),(966,(135,((45,375),(824,858)))))))))),((((247,746),(804,(174,(46,623)))),((83,(981,684)),(((559,369),(319,(629,862))),((649,(810,307)),(988,(84,178)))))),(((505,(958,(165,962))),(12,((753,593),(758,(176,(641,329)))))),((861,525),(((941,(993,731)),((786,960),((195,(690,(984,(252,533)))),((330,(685,617)),((331,(309,296)),(870,(771,(668,(220,(886,432)))))))))),(((711,(179,(355,927))),(778,((512,(616,366)),(214,(671,481))))),((873,(251,774)),(705,(((494,895),(143,(885,818))),(255,(175,(955,(488,884)))))))))))))))))))),(((874,(499,169)),((986,(745,465)),(((692,((354,889),(901,(279,569)))),((97,490),(132,(864,(724,426))))),((((461,20),(158,805)),(266,((226,992),(73,416)))),((788,(93,647)),(((54,646),(953,(633,452))),(270,(218,(768,(219,612)))))))))),(((285,(348,453)),(((444,2),(387,657)),((224,(96,945)),(417,(793,(643,64)))))),((((546,((462,(732,(809,(769,75)))),(275,((830,689),(451,(898,(807,370))))))),((472,((541,200),(747,79))),(((320,127),(221,144)),((975,(114,782)),(779,(72,429)))))),(0,(((404,531),(((987,829),(718,(591,(39,(802,30))))),(((756,596),(180,(669,(208,28)))),((((74,(356,(564,163))),(991,((349,549),(78,589)))),(((791,997),(660,(682,518))),(((519,832),(844,967)),(310,(670,((742,177),(365,264))))))),((396,(((159,323),(543,977)),((849,223),(442,(382,(212,(663,(585,735)))))))),(((215,((80,134),(614,(754,548)))),(516,(181,((76,976),((653,932),(273,308)))))),(((952,(111,300)),(598,(645,(554,581)))),((634,(318,575)),((128,602),(843,(650,(937,126)))))))))))),((((715,(982,373)),(113,((983,899),(752,495)))),((((760,321),(817,312)),((708,391),(510,((227,(556,(632,577))),(90,(306,(755,31))))))),((155,18),((((688,601),(477,(17,702))),((956,(211,520)),(294,(474,140)))),(((281,(287,61)),((164,484),(819,(661,(658,487))))),((522,(286,191)),((295,171),(235,(823,(503,117)))))))))),((((639,425),(((789,450),(470,(62,188))),((55,400),((152,744),(115,(313,(371,(767,9)))))))),((513,(393,(454,(254,(445,(995,739)))))),((363,866),((720,((160,675),(940,407))),((848,(846,(959,550))),((923,(579,(189,284))),((377,204),((524,(834,(740,544))),(926,(489,(943,625))))))))))),((813,(636,((353,511),(411,674)))),((716,((389,86),(567,631))),(((443,(580,699)),((303,(297,840)),(409,(599,(850,167))))),((((104,194),(882,(340,24))),((529,(672,(197,(119,245)))),((413,(192,423)),(301,(217,((640,584),(973,(107,600)))))))),(((476,673),((261,57),(875,(258,298)))),((741,(480,537)),((812,(210,263)),((469,662),(630,((933,(109,230)),(248,(316,821))))))))))))))))),((((478,(561,390)),((528,(664,362)),(322,(592,(613,299))))),((((922,(291,41)),(25,(201,(428,1)))),((792,(145,(130,91))),(415,(501,((357,305),(15,(765,238))))))),(((401,280),((691,161),(784,((502,(27,278)),(112,(463,(13,(14,542)))))))),((996,(150,((272,327),(743,(437,(269,146)))))),(((847,(719,603)),(957,(184,590))),(694,((709,(552,(121,241))),((573,734),(66,87))))))))),(((((891,(845,398)),((467,985),(38,(563,(989,185))))),(((806,905),((98,(867,894)),((915,(624,507)),(110,(665,(868,(229,137))))))),(((343,(431,315)),(42,(972,(534,265)))),(((37,667),((459,139),(88,(920,496)))),(951,((314,857),(385,((69,422),(240,336))))))))),((352,283),((((358,535),(621,(772,(785,120)))),(((626,652),(101,457)),((141,(803,677)),(232,(402,(233,(32,(388,856)))))))),((969,((361,852),(324,((712,686),(267,(757,447)))))),((965,((242,(421,277)),(576,(293,(998,173))))),((820,(464,(609,497))),(491,(138,(736,((687,(704,924)),(726,(100,828)))))))))))),((((((697,547),((910,414),(799,(58,(71,611))))),(816,((345,808),((44,124),(106,(532,(588,7))))))),(((438,99),(399,89)),((737,(468,(540,182))),((239,971),((190,246),((628,942),((903,172),(259,(260,202))))))))),(((187,(936,(228,(249,23)))),((917,498),(((681,136),(243,292)),((59,(761,783)),((728,938),(485,(837,(994,738)))))))),((((968,900),(930,325)),((703,635),(34,(526,(838,(47,(162,831))))))),(((341,568),(883,(392,250))),((21,8),((335,(651,378)),((545,(364,486)),((506,678),(748,(878,473)))))))))),(((483,(367,(730,381))),((103,(196,199)),((406,(466,(95,440))),((826,948),(328,360))))),(((((410,777),(679,908)),((521,(557,877)),(350,(359,(205,654))))),(((347,142),(530,698)),((815,(934,(418,504))),((509,(729,(289,610))),(60,((896,256),(907,(835,53)))))))),(((85,168),((578,(918,334)),(970,(479,35)))),(((40,((225,(271,(880,424))),(863,(108,(337,(508,814)))))),((1000,((787,887),(386,29))),(695,(((693,762),(65,262)),((897,(216,913)),(842,(234,(408,566)))))))),((((902,51),(759,(558,963))),((154,(515,619)),((6,555),(911,(346,(954,151)))))),(((587,339),(206,(775,853))),(890,((912,(865,(721,52))),(153,(595,(929,(148,(449,796)))))))))))))))))))))))))));
Quartet score is: 21252185654047
Normalized quartet score is: 0.5401372066680636
ASTRAL finished in 8288.664 secs
