
================== ASTRAL ===================== 

This is ASTRAL version 4.10.8
Gene trees are treated as unrooted
1000 trees read from ASTRALDATA/model.1000.2000000.0.000001/04/estimatedgenetre.halfresolved
All outputted trees will be *arbitrarily* rooted at 628

======== Running the main analysis
Number of taxa: 1001 (1001 species)
Taxa: [628, 108, 745, 289, 406, 233, 715, 250, 617, 296, 216, 776, 73, 359, 679, 663, 696, 681, 680, 468, 632, 619, 402, 69, 804, 193, 245, 87, 36, 449, 753, 28, 422, 687, 19, 569, 60, 621, 112, 891, 32, 228, 169, 154, 343, 137, 14, 824, 928, 495, 168, 987, 602, 623, 581, 930, 7, 961, 946, 648, 666, 659, 719, 949, 864, 12, 429, 393, 608, 791, 145, 865, 33, 243, 556, 238, 92, 552, 306, 440, 58, 793, 50, 940, 382, 805, 120, 657, 639, 313, 601, 457, 954, 303, 673, 959, 271, 555, 390, 706, 144, 320, 550, 670, 897, 499, 229, 557, 342, 661, 79, 89, 642, 210, 520, 182, 209, 757, 965, 838, 307, 993, 505, 549, 483, 626, 37, 321, 142, 4, 6, 283, 152, 895, 322, 117, 788, 97, 829, 344, 885, 30, 96, 777, 290, 699, 905, 583, 684, 264, 882, 347, 247, 900, 975, 367, 246, 568, 504, 173, 812, 918, 329, 441, 772, 943, 859, 947, 338, 647, 914, 392, 942, 301, 451, 515, 282, 524, 192, 423, 39, 789, 837, 242, 698, 816, 129, 131, 577, 212, 190, 763, 509, 143, 48, 662, 232, 592, 636, 76, 253, 894, 742, 652, 35, 53, 254, 85, 697, 589, 738, 798, 115, 125, 641, 934, 964, 371, 266, 334, 876, 369, 525, 49, 692, 16, 630, 711, 218, 118, 270, 336, 5, 676, 224, 364, 513, 340, 277, 799, 840, 155, 875, 237, 915, 806, 351, 91, 11, 862, 403, 972, 295, 450, 202, 10, 434, 501, 721, 618, 29, 132, 160, 938, 213, 84, 408, 593, 856, 149, 341, 952, 526, 377, 979, 560, 373, 737, 43, 249, 9, 366, 720, 15, 464, 625, 261, 609, 892, 730, 167, 746, 770, 332, 86, 764, 456, 81, 300, 302, 845, 967, 960, 22, 101, 447, 482, 183, 700, 184, 534, 638, 932, 787, 66, 363, 538, 265, 388, 678, 215, 368, 122, 187, 855, 316, 201, 747, 68, 386, 176, 516, 637, 139, 817, 995, 869, 286, 971, 174, 716, 476, 52, 849, 851, 760, 492, 802, 866, 754, 13, 528, 587, 412, 293, 102, 651, 803, 175, 487, 887, 590, 356, 511, 20, 244, 857, 251, 506, 660, 586, 486, 672, 675, 970, 257, 830, 735, 883, 994, 75, 384, 729, 616, 198, 744, 873, 629, 310, 611, 484, 544, 627, 428, 280, 138, 284, 853, 543, 31, 600, 741, 109, 899, 682, 411, 262, 572, 241, 203, 542, 531, 529, 180, 736, 654, 379, 668, 179, 597, 74, 288, 45, 485, 61, 399, 686, 815, 722, 585, 886, 104, 796, 438, 962, 527, 234, 916, 919, 650, 612, 146, 458, 797, 871, 391, 318, 214, 252, 768, 236, 325, 491, 872, 823, 718, 925, 966, 497, 124, 622, 141, 55, 828, 655, 80, 620, 83, 258, 909, 472, 312, 339, 858, 494, 740, 693, 517, 518, 613, 800, 596, 874, 51, 519, 374, 326, 130, 77, 235, 920, 355, 606, 727, 635, 281, 119, 795, 416, 71, 836, 461, 327, 665, 164, 459, 121, 831, 349, 181, 424, 279, 455, 227, 397, 123, 381, 565, 571, 523, 908, 983, 784, 163, 480, 991, 427, 860, 2, 570, 157, 426, 537, 825, 863, 814, 739, 105, 348, 211, 389, 274, 646, 17, 826, 564, 591, 704, 498, 467, 475, 114, 297, 903, 559, 579, 437, 269, 398, 901, 694, 186, 782, 42, 948, 172, 324, 974, 419, 78, 924, 436, 220, 553, 205, 473, 521, 67, 148, 151, 178, 713, 204, 615, 839, 239, 820, 956, 309, 98, 195, 733, 878, 530, 188, 23, 778, 1, 958, 843, 980, 854, 842, 362, 44, 926, 287, 941, 717, 758, 981, 880, 752, 481, 944, 219, 370, 604, 707, 100, 712, 34, 999, 56, 545, 448, 950, 162, 189, 607, 821, 110, 939, 667, 319, 442, 276, 548, 913, 724, 921, 702, 986, 514, 493, 41, 649, 134, 165, 365, 976, 743, 936, 714, 82, 380, 299, 354, 196, 922, 664, 610, 748, 335, 432, 478, 217, 46, 489, 792, 911, 375, 337, 762, 194, 996, 982, 644, 88, 454, 510, 923, 158, 790, 330, 783, 445, 861, 135, 372, 988, 191, 308, 404, 927, 674, 452, 912, 998, 298, 879, 410, 992, 197, 819, 47, 65, 477, 361, 414, 430, 415, 444, 346, 561, 395, 435, 433, 973, 567, 990, 937, 207, 383, 222, 99, 811, 317, 896, 470, 200, 469, 136, 93, 0, 551, 968, 634, 779, 781, 1000, 502, 285, 57, 3, 512, 755, 794, 701, 128, 328, 420, 708, 170, 401, 558, 547, 957, 890, 133, 765, 902, 910, 446, 584, 578, 809, 898, 541, 834, 259, 294, 503, 669, 225, 751, 540, 917, 453, 546, 750, 728, 240, 21, 352, 532, 18, 734, 785, 323, 304, 278, 603, 272, 95, 705, 113, 27, 400, 881, 731, 409, 443, 997, 111, 479, 889, 462, 161, 116, 767, 291, 771, 813, 345, 357, 759, 8, 847, 808, 749, 888, 599, 671, 832, 595, 378, 474, 852, 314, 353, 953, 640, 801, 418, 933, 774, 563, 786, 725, 690, 54, 263, 614, 605, 907, 691, 653, 177, 488, 127, 25, 26, 877, 421, 140, 103, 576, 945, 360, 221, 407, 554, 230, 761, 588, 507, 573, 292, 685, 624, 703, 580, 185, 268, 460, 59, 841, 969, 594, 522, 683, 536, 311, 723, 171, 574, 206, 868, 248, 439, 260, 425, 677, 490, 818, 465, 732, 984, 906, 850, 223, 710, 689, 463, 575, 396, 780, 985, 870, 394, 807, 273, 305, 70, 24, 645, 598, 431, 631, 153, 726, 766, 709, 508, 38, 62, 827, 955, 385, 582, 106, 417, 539, 688, 963, 387, 72, 333, 904, 94, 989, 951, 929, 775, 63, 756, 810, 978, 658, 977, 350, 566, 466, 159, 935, 500, 331, 633, 226, 107, 275, 496, 893, 255, 231, 199, 256, 358, 822, 656, 562, 835, 156, 267, 126, 846, 405, 848, 315, 166, 769, 773, 533, 643, 150, 535, 471, 867, 844, 64, 833, 413, 208, 40, 376, 884, 695, 90, 147, 931]
Taxon occupancy: {338=1000, 339=1000, 941=1000, 942=1000, 940=1000, 945=1000, 332=1000, 333=1000, 946=1000, 943=1000, 330=1000, 331=1000, 944=1000, 336=1000, 949=1000, 337=1000, 334=1000, 947=1000, 948=1000, 335=1000, 531=1000, 748=1000, 747=1000, 530=1000, 746=1000, 745=1000, 535=1000, 534=1000, 533=1000, 749=1000, 532=1000, 539=1000, 740=1000, 538=1000, 537=1000, 536=1000, 744=1000, 743=1000, 742=1000, 741=1000, 349=1000, 930=1000, 931=1000, 932=1000, 341=1000, 933=1000, 342=1000, 934=1000, 343=1000, 935=1000, 344=1000, 345=1000, 936=1000, 346=1000, 937=1000, 938=1000, 347=1000, 348=1000, 939=1000, 540=1000, 735=1000, 3=1000, 929=1000, 734=1000, 2=1000, 737=1000, 542=1000, 1=1000, 541=1000, 736=1000, 0=1000, 7=1000, 544=1000, 739=1000, 738=1000, 6=1000, 543=1000, 546=1000, 340=1000, 5=1000, 4=1000, 545=1000, 548=1000, 547=1000, 9=1000, 8=1000, 549=1000, 731=1000, 730=1000, 733=1000, 732=1000, 920=1000, 318=1000, 319=1000, 316=1000, 317=1000, 314=1000, 927=1000, 315=1000, 928=1000, 925=1000, 312=1000, 313=1000, 926=1000, 310=1000, 923=1000, 311=1000, 924=1000, 921=1000, 922=1000, 513=1000, 729=1000, 512=1000, 728=1000, 511=1000, 727=1000, 510=1000, 726=1000, 725=1000, 919=1000, 724=1000, 723=1000, 918=1000, 722=1000, 721=1000, 720=1000, 519=1000, 518=1000, 517=1000, 516=1000, 515=1000, 514=1000, 327=1000, 328=1000, 329=1000, 323=1000, 914=1000, 915=1000, 324=1000, 916=1000, 325=1000, 917=1000, 326=1000, 709=1000, 910=1000, 320=1000, 911=1000, 321=1000, 912=1000, 322=1000, 913=1000, 522=1000, 717=1000, 716=1000, 521=1000, 719=1000, 524=1000, 718=1000, 523=1000, 908=1000, 713=1000, 907=1000, 712=1000, 715=1000, 520=1000, 909=1000, 714=1000, 529=1000, 711=1000, 710=1000, 526=1000, 525=1000, 528=1000, 527=1000, 989=1000, 988=1000, 987=1000, 571=1000, 570=1000, 982=1000, 981=1000, 980=1000, 986=1000, 985=1000, 984=1000, 983=1000, 700=1000, 574=1000, 703=1000, 575=1000, 704=1000, 572=1000, 701=1000, 573=1000, 702=1000, 707=1000, 578=1000, 579=1000, 708=1000, 576=1000, 705=1000, 706=1000, 577=1000, 977=1000, 976=1000, 300=1000, 979=1000, 978=1000, 580=1000, 302=1000, 301=1000, 582=1000, 304=1000, 303=1000, 581=1000, 306=1000, 305=1000, 971=1000, 308=1000, 970=1000, 307=1000, 973=1000, 972=1000, 309=1000, 975=1000, 974=1000, 583=1000, 584=1000, 585=1000, 586=1000, 587=1000, 588=1000, 589=1000, 969=1000, 968=1000, 967=1000, 966=1000, 965=1000, 964=1000, 963=1000, 962=1000, 961=1000, 960=1000, 558=1000, 559=1000, 556=1000, 557=1000, 554=1000, 555=1000, 552=1000, 553=1000, 550=1000, 551=1000, 959=1000, 958=1000, 560=1000, 955=1000, 954=1000, 957=1000, 956=1000, 951=1000, 950=1000, 953=1000, 952=1000, 569=1000, 565=1000, 566=1000, 567=1000, 568=1000, 561=1000, 562=1000, 563=1000, 564=1000, 799=1000, 798=1000, 797=1000, 796=1000, 795=1000, 794=1000, 793=1000, 792=1000, 996=1000, 790=1000, 997=1000, 791=1000, 994=1000, 995=1000, 992=1000, 993=1000, 990=1000, 991=1000, 998=1000, 999=1000, 781=1000, 782=1000, 783=1000, 784=1000, 785=1000, 786=1000, 787=1000, 788=1000, 789=1000, 780=1000, 505=1000, 772=1000, 773=1000, 506=1000, 503=1000, 770=1000, 771=1000, 504=1000, 509=1000, 776=1000, 777=1000, 507=1000, 774=1000, 775=1000, 508=1000, 778=1000, 779=1000, 501=1000, 502=1000, 500=1000, 763=1000, 764=1000, 765=1000, 766=1000, 760=1000, 761=1000, 762=1000, 767=1000, 768=1000, 769=1000, 754=1000, 755=1000, 752=1000, 753=1000, 750=1000, 751=1000, 758=1000, 759=1000, 756=1000, 757=1000, 595=1000, 594=1000, 597=1000, 391=1000, 390=1000, 596=1000, 599=1000, 393=1000, 598=1000, 392=1000, 395=1000, 394=1000, 396=1000, 397=1000, 398=1000, 399=1000, 590=1000, 591=1000, 592=1000, 593=1000, 383=1000, 384=1000, 381=1000, 382=1000, 380=1000, 389=1000, 388=1000, 387=1000, 386=1000, 385=1000, 370=1000, 371=1000, 372=1000, 373=1000, 379=1000, 378=1000, 375=1000, 374=1000, 377=1000, 376=1000, 361=1000, 362=1000, 360=1000, 366=1000, 365=1000, 364=1000, 363=1000, 369=1000, 368=1000, 367=1000, 350=1000, 351=1000, 353=1000, 352=1000, 355=1000, 354=1000, 357=1000, 356=1000, 359=1000, 358=1000, 806=1000, 807=1000, 804=1000, 805=1000, 802=1000, 803=1000, 800=1000, 801=1000, 159=1000, 158=1000, 157=1000, 156=1000, 155=1000, 154=1000, 601=1000, 152=1000, 153=1000, 600=1000, 150=1000, 151=1000, 609=1000, 608=1000, 607=1000, 606=1000, 605=1000, 604=1000, 603=1000, 602=1000, 202=1000, 203=1000, 204=1000, 205=1000, 200=1000, 201=1000, 169=1000, 166=1000, 206=1000, 165=1000, 207=1000, 208=1000, 168=1000, 167=1000, 209=1000, 161=1000, 409=1000, 408=1000, 162=1000, 163=1000, 164=1000, 405=1000, 404=1000, 407=1000, 160=1000, 406=1000, 401=1000, 400=1000, 403=1000, 402=1000, 824=1000, 211=1000, 212=1000, 825=1000, 822=1000, 210=1000, 823=1000, 215=1000, 828=1000, 216=1000, 829=1000, 213=1000, 826=1000, 827=1000, 214=1000, 179=1000, 219=1000, 178=1000, 177=1000, 217=1000, 176=1000, 218=1000, 820=1000, 821=1000, 418=1000, 170=1000, 417=1000, 171=1000, 416=1000, 415=1000, 174=1000, 623=1000, 175=1000, 622=1000, 621=1000, 172=1000, 173=1000, 620=1000, 419=1000, 627=1000, 410=1000, 626=1000, 625=1000, 624=1000, 819=1000, 414=1000, 413=1000, 412=1000, 629=1000, 628=1000, 411=1000, 220=1000, 811=1000, 221=1000, 812=1000, 813=1000, 222=1000, 223=1000, 814=1000, 224=1000, 815=1000, 225=1000, 816=1000, 226=1000, 817=1000, 818=1000, 227=1000, 228=1000, 188=1000, 187=1000, 229=1000, 189=1000, 810=1000, 427=1000, 180=1000, 426=1000, 429=1000, 181=1000, 182=1000, 428=1000, 183=1000, 610=1000, 184=1000, 185=1000, 612=1000, 611=1000, 186=1000, 614=1000, 809=1000, 808=1000, 613=1000, 421=1000, 616=1000, 615=1000, 420=1000, 618=1000, 423=1000, 617=1000, 422=1000, 425=1000, 619=1000, 424=1000, 116=1000, 843=1000, 117=1000, 842=1000, 841=1000, 114=1000, 840=1000, 115=1000, 112=1000, 113=1000, 110=1000, 111=1000, 849=1000, 848=1000, 847=1000, 846=1000, 845=1000, 118=1000, 844=1000, 119=1000, 435=1000, 436=1000, 433=1000, 434=1000, 431=1000, 432=1000, 430=1000, 439=1000, 437=1000, 438=1000, 830=1000, 125=1000, 126=1000, 127=1000, 832=1000, 831=1000, 128=1000, 121=1000, 122=1000, 123=1000, 124=1000, 838=1000, 837=1000, 839=1000, 834=1000, 129=1000, 833=1000, 836=1000, 835=1000, 444=1000, 445=1000, 446=1000, 447=1000, 440=1000, 441=1000, 442=1000, 443=1000, 120=1000, 448=1000, 449=1000, 134=1000, 861=1000, 860=1000, 135=1000, 132=1000, 133=1000, 865=1000, 138=1000, 139=1000, 864=1000, 863=1000, 136=1000, 862=1000, 137=1000, 869=1000, 868=1000, 867=1000, 866=1000, 450=1000, 453=1000, 454=1000, 451=1000, 452=1000, 457=1000, 458=1000, 455=1000, 456=1000, 459=1000, 131=1000, 130=1000, 143=1000, 144=1000, 850=1000, 145=1000, 146=1000, 147=1000, 852=1000, 851=1000, 148=1000, 149=1000, 854=1000, 853=1000, 856=1000, 855=1000, 858=1000, 857=1000, 859=1000, 461=1000, 460=1000, 462=1000, 463=1000, 464=1000, 465=1000, 466=1000, 467=1000, 468=1000, 469=1000, 140=1000, 142=1000, 141=1000, 687=1000, 686=1000, 689=1000, 688=1000, 683=1000, 682=1000, 685=1000, 684=1000, 888=1000, 889=1000, 884=1000, 885=1000, 680=1000, 886=1000, 887=1000, 681=1000, 880=1000, 881=1000, 882=1000, 883=1000, 678=1000, 677=1000, 676=1000, 675=1000, 674=1000, 673=1000, 672=1000, 671=1000, 679=1000, 879=1000, 877=1000, 878=1000, 875=1000, 876=1000, 670=1000, 873=1000, 874=1000, 871=1000, 872=1000, 870=1000, 696=1000, 695=1000, 694=1000, 693=1000, 890=1000, 699=1000, 698=1000, 697=1000, 899=1000, 893=1000, 894=1000, 891=1000, 892=1000, 691=1000, 897=1000, 692=1000, 898=1000, 895=1000, 690=1000, 896=1000, 646=1000, 647=1000, 648=1000, 649=1000, 642=1000, 195=1000, 643=1000, 194=1000, 644=1000, 197=1000, 645=1000, 196=1000, 191=1000, 190=1000, 640=1000, 193=1000, 641=1000, 192=1000, 198=1000, 199=1000, 639=1000, 637=1000, 638=1000, 635=1000, 636=1000, 633=1000, 634=1000, 631=1000, 632=1000, 630=1000, 668=1000, 669=1000, 660=1000, 661=1000, 662=1000, 663=1000, 664=1000, 665=1000, 666=1000, 667=1000, 659=1000, 657=1000, 658=1000, 651=1000, 652=1000, 650=1000, 655=1000, 656=1000, 653=1000, 654=1000, 35=1000, 36=1000, 33=1000, 34=1000, 39=1000, 37=1000, 38=1000, 43=1000, 42=1000, 41=1000, 40=1000, 22=1000, 23=1000, 24=1000, 25=1000, 26=1000, 27=1000, 28=1000, 29=1000, 30=1000, 32=1000, 31=1000, 19=1000, 17=1000, 18=1000, 15=1000, 16=1000, 13=1000, 14=1000, 11=1000, 12=1000, 21=1000, 20=1000, 10=1000, 79=1000, 78=1000, 77=1000, 82=1000, 83=1000, 80=1000, 81=1000, 86=1000, 87=1000, 84=1000, 85=1000, 67=1000, 66=1000, 69=1000, 68=1000, 70=1000, 71=1000, 72=1000, 73=1000, 74=1000, 75=1000, 76=1000, 59=1000, 58=1000, 57=1000, 56=1000, 55=1000, 64=1000, 65=1000, 62=1000, 63=1000, 60=1000, 61=1000, 49=1000, 48=1000, 45=1000, 44=1000, 47=1000, 46=1000, 51=1000, 52=1000, 53=1000, 54=1000, 50=1000, 487=1000, 281=1000, 486=1000, 280=1000, 485=1000, 484=1000, 285=1000, 284=1000, 283=1000, 489=1000, 488=1000, 282=1000, 288=1000, 289=1000, 286=1000, 287=1000, 482=1000, 483=1000, 480=1000, 481=1000, 474=1000, 473=1000, 476=1000, 270=1000, 475=1000, 272=1000, 478=1000, 271=1000, 477=1000, 274=1000, 273=1000, 479=1000, 275=1000, 276=1000, 277=1000, 278=1000, 279=1000, 470=1000, 471=1000, 472=1000, 1000=1000, 109=1000, 108=1000, 107=1000, 106=1000, 105=1000, 104=1000, 103=1000, 102=1000, 99=1000, 101=1000, 100=1000, 98=1000, 97=1000, 96=1000, 95=1000, 94=1000, 93=1000, 92=1000, 91=1000, 90=1000, 294=1000, 293=1000, 499=1000, 296=1000, 295=1000, 496=1000, 290=1000, 495=1000, 292=1000, 498=1000, 291=1000, 497=1000, 491=1000, 492=1000, 493=1000, 494=1000, 297=1000, 298=1000, 299=1000, 490=1000, 88=1000, 89=1000, 240=1000, 241=1000, 245=1000, 244=1000, 243=1000, 242=1000, 249=1000, 248=1000, 247=1000, 246=1000, 230=1000, 239=1000, 232=1000, 231=1000, 234=1000, 233=1000, 236=1000, 235=1000, 238=1000, 237=1000, 262=1000, 263=1000, 260=1000, 261=1000, 269=1000, 268=1000, 267=1000, 266=1000, 265=1000, 264=1000, 250=1000, 251=1000, 252=1000, 904=1000, 258=1000, 257=1000, 903=1000, 906=1000, 259=1000, 905=1000, 254=1000, 900=1000, 253=1000, 256=1000, 902=1000, 255=1000, 901=1000}
Number of gene trees: 1000
0 trees have missing taxa
Calculating quartet distance matrix (for completion of X)
Species tree distances calculated ...
Building set of clusters (X) from gene trees 
Using tree-based weight calculation.
Number of Default Clusters: 466581
Number of quartet trees in the gene trees: 41582871268942
calculating extra bipartitions to be added at level 1 ...
Number of Clusters after addition by distance: 466609
Adding to X using resolutions of greedy consensus ...
Threshold 0.0:
polytomy of size 15; rounds with additions with at least 0.01 support: 3; clusters: 467979
Threshold 0.01:
polytomy of size 30; rounds with additions with at least 0.01 support: 6; clusters: 477053
Threshold 0.02:
polytomy of size 3; rounds with additions with at least 0.01 support: 0; clusters: 477053
polytomy of size 3; rounds with additions with at least 0.01 support: 0; clusters: 477053
polytomy of size 3; rounds with additions with at least 0.01 support: 0; clusters: 477053
polytomy of size 35; rounds with additions with at least 0.01 support: 1; clusters: 488975
Threshold 0.05:
polytomy of size 3; rounds with additions with at least 0.01 support: 0; clusters: 488975
polytomy of size 3; rounds with additions with at least 0.01 support: 0; clusters: 488975
polytomy of size 3; rounds with additions with at least 0.01 support: 0; clusters: 488975
polytomy of size 3; rounds with additions with at least 0.01 support: 0; clusters: 488975
polytomy of size 3; rounds with additions with at least 0.01 support: 0; clusters: 488975
polytomy of size 8; rounds with additions with at least 0.01 support: 0; clusters: 488975
polytomy of size 53; rounds with additions with at least 0.01 support: 3; clusters: 489279
Threshold 0.1:
polytomy of size 3; rounds with additions with at least 0.01 support: 0; clusters: 489279
polytomy of size 3; rounds with additions with at least 0.01 support: 0; clusters: 489279
polytomy of size 3; rounds with additions with at least 0.01 support: 0; clusters: 489279
polytomy of size 3; rounds with additions with at least 0.01 support: 0; clusters: 489279
polytomy of size 3; rounds with additions with at least 0.01 support: 0; clusters: 489279
polytomy of size 3; rounds with additions with at least 0.01 support: 0; clusters: 489279
polytomy of size 4; rounds with additions with at least 0.01 support: 0; clusters: 489279
polytomy of size 3; rounds with additions with at least 0.01 support: 0; clusters: 489279
polytomy of size 4; rounds with additions with at least 0.01 support: 0; clusters: 489279
polytomy of size 3; rounds with additions with at least 0.01 support: 0; clusters: 489279
polytomy of size 3; rounds with additions with at least 0.01 support: 0; clusters: 489279
polytomy of size 7; rounds with additions with at least 0.01 support: 0; clusters: 489279
polytomy of size 5; rounds with additions with at least 0.01 support: 0; clusters: 489279
polytomy of size 3; rounds with additions with at least 0.01 support: 0; clusters: 489279
polytomy of size 4; rounds with additions with at least 0.01 support: 0; clusters: 489279
polytomy of size 4; rounds with additions with at least 0.01 support: 0; clusters: 489279
polytomy of size 85; rounds with additions with at least 0.01 support: 0; clusters: 489449
Threshold 0.2:
polytomy of size 4; rounds with additions with at least 0.01 support: 0; clusters: 489449
polytomy of size 3; rounds with additions with at least 0.01 support: 0; clusters: 489449
polytomy of size 3; rounds with additions with at least 0.01 support: 0; clusters: 489449
polytomy of size 5; rounds with additions with at least 0.01 support: 0; clusters: 489449
polytomy of size 4; rounds with additions with at least 0.01 support: 0; clusters: 489449
polytomy of size 3; rounds with additions with at least 0.01 support: 0; clusters: 489449
polytomy of size 4; rounds with additions with at least 0.01 support: 0; clusters: 489449
polytomy of size 3; rounds with additions with at least 0.01 support: 0; clusters: 489449
polytomy of size 4; rounds with additions with at least 0.01 support: 0; clusters: 489449
polytomy of size 4; rounds with additions with at least 0.01 support: 0; clusters: 489449
polytomy of size 5; rounds with additions with at least 0.01 support: 0; clusters: 489449
polytomy of size 3; rounds with additions with at least 0.01 support: 0; clusters: 489449
polytomy of size 3; rounds with additions with at least 0.01 support: 0; clusters: 489449
polytomy of size 5; rounds with additions with at least 0.01 support: 0; clusters: 489449
polytomy of size 3; rounds with additions with at least 0.01 support: 0; clusters: 489449
polytomy of size 6; rounds with additions with at least 0.01 support: 0; clusters: 489449
polytomy of size 3; rounds with additions with at least 0.01 support: 0; clusters: 489449
polytomy of size 3; rounds with additions with at least 0.01 support: 0; clusters: 489449
polytomy of size 4; rounds with additions with at least 0.01 support: 0; clusters: 489449
polytomy of size 5; rounds with additions with at least 0.01 support: 0; clusters: 489449
polytomy of size 4; rounds with additions with at least 0.01 support: 0; clusters: 489449
polytomy of size 3; rounds with additions with at least 0.01 support: 0; clusters: 489449
polytomy of size 3; rounds with additions with at least 0.01 support: 0; clusters: 489449
polytomy of size 4; rounds with additions with at least 0.01 support: 0; clusters: 489449
polytomy of size 4; rounds with additions with at least 0.01 support: 0; clusters: 489449
polytomy of size 4; rounds with additions with at least 0.01 support: 0; clusters: 489449
polytomy of size 3; rounds with additions with at least 0.01 support: 0; clusters: 489449
polytomy of size 4; rounds with additions with at least 0.01 support: 0; clusters: 489449
polytomy of size 5; rounds with additions with at least 0.01 support: 0; clusters: 489449
polytomy of size 5; rounds with additions with at least 0.01 support: 0; clusters: 489449
polytomy of size 6; rounds with additions with at least 0.01 support: 0; clusters: 489449
polytomy of size 6; rounds with additions with at least 0.01 support: 0; clusters: 489449
polytomy of size 3; rounds with additions with at least 0.01 support: 0; clusters: 489449
polytomy of size 3; rounds with additions with at least 0.01 support: 0; clusters: 489449
polytomy of size 3; rounds with additions with at least 0.01 support: 0; clusters: 489449
polytomy of size 5; rounds with additions with at least 0.01 support: 0; clusters: 489449
polytomy of size 3; rounds with additions with at least 0.01 support: 0; clusters: 489449
polytomy of size 3; rounds with additions with at least 0.01 support: 0; clusters: 489449
polytomy of size 5; rounds with additions with at least 0.01 support: 0; clusters: 489449
polytomy of size 5; rounds with additions with at least 0.01 support: 0; clusters: 489449
polytomy of size 3; rounds with additions with at least 0.01 support: 0; clusters: 489449
polytomy of size 3; rounds with additions with at least 0.01 support: 0; clusters: 489449
polytomy of size 3; rounds with additions with at least 0.01 support: 0; clusters: 489449
polytomy of size 144; rounds with additions with at least 0.01 support: 0; clusters: 489487
Threshold 0.3333333333333333:
polytomy of size 7; rounds with additions with at least 0.01 support: 0; clusters: 489487
polytomy of size 3; rounds with additions with at least 0.01 support: 0; clusters: 489487
polytomy of size 4; rounds with additions with at least 0.01 support: 0; clusters: 489487
polytomy of size 3; rounds with additions with at least 0.01 support: 0; clusters: 489487
polytomy of size 7; rounds with additions with at least 0.01 support: 0; clusters: 489487
polytomy of size 3; rounds with additions with at least 0.01 support: 0; clusters: 489487
polytomy of size 3; rounds with additions with at least 0.01 support: 0; clusters: 489487
polytomy of size 4; rounds with additions with at least 0.01 support: 0; clusters: 489487
polytomy of size 3; rounds with additions with at least 0.01 support: 0; clusters: 489487
polytomy of size 5; rounds with additions with at least 0.01 support: 0; clusters: 489487
polytomy of size 4; rounds with additions with at least 0.01 support: 0; clusters: 489487
polytomy of size 6; rounds with additions with at least 0.01 support: 0; clusters: 489487
polytomy of size 5; rounds with additions with at least 0.01 support: 0; clusters: 489487
polytomy of size 3; rounds with additions with at least 0.01 support: 0; clusters: 489487
polytomy of size 3; rounds with additions with at least 0.01 support: 0; clusters: 489487
polytomy of size 4; rounds with additions with at least 0.01 support: 0; clusters: 489487
polytomy of size 3; rounds with additions with at least 0.01 support: 0; clusters: 489487
polytomy of size 4; rounds with additions with at least 0.01 support: 0; clusters: 489487
polytomy of size 3; rounds with additions with at least 0.01 support: 0; clusters: 489487
polytomy of size 3; rounds with additions with at least 0.01 support: 0; clusters: 489487
polytomy of size 3; rounds with additions with at least 0.01 support: 0; clusters: 489487
polytomy of size 4; rounds with additions with at least 0.01 support: 0; clusters: 489487
polytomy of size 3; rounds with additions with at least 0.01 support: 0; clusters: 489487
polytomy of size 4; rounds with additions with at least 0.01 support: 0; clusters: 489487
polytomy of size 3; rounds with additions with at least 0.01 support: 0; clusters: 489487
polytomy of size 3; rounds with additions with at least 0.01 support: 0; clusters: 489487
polytomy of size 3; rounds with additions with at least 0.01 support: 0; clusters: 489487
polytomy of size 5; rounds with additions with at least 0.01 support: 0; clusters: 489487
polytomy of size 4; rounds with additions with at least 0.01 support: 0; clusters: 489487
polytomy of size 4; rounds with additions with at least 0.01 support: 0; clusters: 489487
polytomy of size 6; rounds with additions with at least 0.01 support: 0; clusters: 489487
polytomy of size 6; rounds with additions with at least 0.01 support: 0; clusters: 489487
polytomy of size 3; rounds with additions with at least 0.01 support: 0; clusters: 489487
polytomy of size 3; rounds with additions with at least 0.01 support: 0; clusters: 489487
polytomy of size 3; rounds with additions with at least 0.01 support: 0; clusters: 489487
polytomy of size 4; rounds with additions with at least 0.01 support: 0; clusters: 489487
polytomy of size 7; rounds with additions with at least 0.01 support: 0; clusters: 489489
polytomy of size 4; rounds with additions with at least 0.01 support: 0; clusters: 489489
polytomy of size 4; rounds with additions with at least 0.01 support: 0; clusters: 489489
polytomy of size 6; rounds with additions with at least 0.01 support: 0; clusters: 489489
polytomy of size 5; rounds with additions with at least 0.01 support: 0; clusters: 489489
polytomy of size 5; rounds with additions with at least 0.01 support: 0; clusters: 489489
polytomy of size 3; rounds with additions with at least 0.01 support: 0; clusters: 489489
polytomy of size 5; rounds with additions with at least 0.01 support: 0; clusters: 489489
polytomy of size 3; rounds with additions with at least 0.01 support: 0; clusters: 489489
polytomy of size 3; rounds with additions with at least 0.01 support: 0; clusters: 489489
polytomy of size 3; rounds with additions with at least 0.01 support: 0; clusters: 489489
polytomy of size 4; rounds with additions with at least 0.01 support: 0; clusters: 489489
polytomy of size 4; rounds with additions with at least 0.01 support: 0; clusters: 489489
polytomy of size 5; rounds with additions with at least 0.01 support: 0; clusters: 489489
polytomy of size 4; rounds with additions with at least 0.01 support: 0; clusters: 489489
polytomy of size 6; rounds with additions with at least 0.01 support: 0; clusters: 489489
polytomy of size 3; rounds with additions with at least 0.01 support: 0; clusters: 489489
polytomy of size 6; rounds with additions with at least 0.01 support: 0; clusters: 489489
polytomy of size 3; rounds with additions with at least 0.01 support: 0; clusters: 489489
polytomy of size 3; rounds with additions with at least 0.01 support: 0; clusters: 489489
polytomy of size 6; rounds with additions with at least 0.01 support: 0; clusters: 489489
polytomy of size 3; rounds with additions with at least 0.01 support: 0; clusters: 489489
polytomy of size 4; rounds with additions with at least 0.01 support: 0; clusters: 489489
polytomy of size 3; rounds with additions with at least 0.01 support: 0; clusters: 489489
polytomy of size 4; rounds with additions with at least 0.01 support: 0; clusters: 489489
polytomy of size 4; rounds with additions with at least 0.01 support: 0; clusters: 489489
polytomy of size 5; rounds with additions with at least 0.01 support: 0; clusters: 489489
polytomy of size 5; rounds with additions with at least 0.01 support: 0; clusters: 489489
polytomy of size 3; rounds with additions with at least 0.01 support: 0; clusters: 489489
polytomy of size 3; rounds with additions with at least 0.01 support: 0; clusters: 489489
polytomy of size 3; rounds with additions with at least 0.01 support: 0; clusters: 489489
polytomy of size 4; rounds with additions with at least 0.01 support: 0; clusters: 489489
polytomy of size 4; rounds with additions with at least 0.01 support: 0; clusters: 489489
polytomy of size 3; rounds with additions with at least 0.01 support: 0; clusters: 489489
polytomy of size 3; rounds with additions with at least 0.01 support: 0; clusters: 489489
polytomy of size 3; rounds with additions with at least 0.01 support: 0; clusters: 489489
polytomy of size 3; rounds with additions with at least 0.01 support: 0; clusters: 489489
polytomy of size 4; rounds with additions with at least 0.01 support: 0; clusters: 489489
polytomy of size 4; rounds with additions with at least 0.01 support: 0; clusters: 489489
polytomy of size 3; rounds with additions with at least 0.01 support: 0; clusters: 489489
polytomy of size 5; rounds with additions with at least 0.01 support: 0; clusters: 489489
polytomy of size 4; rounds with additions with at least 0.01 support: 0; clusters: 489489
polytomy of size 8; rounds with additions with at least 0.01 support: 0; clusters: 489495
polytomy of size 6; rounds with additions with at least 0.01 support: 0; clusters: 489495
Number of Clusters after addition by greedy: 489495
partitions formed in 1113.913 secs
Dynamic Programming starting after 1113.913 secs
Size of largest cluster: 1001
Size of largest cluster: 1001
Calculated 100000 weights; time (seconds): 1250
Calculated 200000 weights; time (seconds): 131
Calculated 300000 weights; time (seconds): 131
Calculated 400000 weights; time (seconds): 127
Calculated 500000 weights; time (seconds): 131
Calculated 600000 weights; time (seconds): 126
Calculated 700000 weights; time (seconds): 129
Total Number of elements weighted: 1052983
Normalized score (portion of input quartet trees satisfied): NaN
Final optimization score: 0
Calculated 800000 weights; time (seconds): 174
Calculated 900000 weights; time (seconds): 311
Calculated 1000000 weights; time (seconds): 336
Total Number of elements weighted: 1052983
Normalized score (portion of input quartet trees satisfied): 0.47591817973115935
Final optimization score: 19790044402310
Optimal tree inferred in 3034.692 secs.
(628,(108,((((982,(996,644)),(762,(337,194))),((((911,(792,375)),(811,(207,(99,(383,222))))),(((861,135),((755,794),(3,512))),(((191,308),(88,(454,510))),(790,((783,445),(372,988)))))),((158,((922,664),((748,489),(610,((335,46),(217,(432,478))))))),((923,(714,(((927,674),(912,(404,452))),(998,(410,(879,(298,(992,(197,819))))))))),((47,65),((547,((765,(890,((902,910),(957,133)))),(558,(401,(170,(708,(328,(128,420)))))))),(701,(((493,41),(330,(299,(354,(82,380))))),(196,((743,(649,134)),((976,936),(165,365)))))))))))),(((((17,826),((353,(245,314)),(402,(69,(804,193))))),(((721,618),(10,(434,501))),(16,((601,132),(745,700))))),(((220,(948,172)),((694,(186,(782,42))),((436,(78,924)),(974,(324,419))))),((901,((579,269),(437,398))),(553,(114,((297,(903,559)),((305,(273,70)),((209,757),(24,645))))))))),((((((288,45),(668,179)),(((529,180),((74,485),(736,(654,379)))),((542,(600,(572,531))),((241,203),((543,(853,((138,31),(280,284)))),(741,((899,262),(411,(109,682))))))))),(((248,(250,617)),(((598,((938,408),((213,84),(62,(38,827))))),(932,(686,((641,(934,964)),(428,((660,883),(586,486))))))),((475,(289,(406,(233,715)))),((862,(972,(202,(295,450)))),(((821,(189,607)),(418,(801,(944,933)))),((803,110),((100,(219,(707,(370,604)))),(712,(34,((545,448),(999,(56,950)))))))))))),(((61,399),(((666,(160,(296,(216,776)))),(719,((631,153),(498,(704,467))))),((576,(403,29)),(810,((466,(737,159)),((658,977),(350,(978,566)))))))),(((126,(846,405)),(358,(835,(267,(156,(656,(822,562))))))),(((953,640),(813,((767,291),((809,161),((749,888),((680,468),(696,(681,632)))))))),((852,(702,(371,266))),((((323,304),(734,785)),(18,((453,240),((352,532),((750,728),(546,21)))))),((378,(556,474)),((808,(771,595)),((345,832),((636,((278,603),(272,409))),((421,140),(8,(759,(357,847))))))))))))))),(((((19,(60,(621,112))),(569,(753,(422,(28,687))))),(473,(((552,58),(440,(92,(238,306)))),((954,(390,706)),((303,673),(271,(959,555))))))),(((431,726),(508,((766,709),((955,(385,582)),(106,(417,(539,688))))))),((103,868),(((490,(818,465)),((439,260),(425,677))),((780,985),(((171,(311,723)),(292,(685,624))),(((761,(407,554)),((221,230),(573,(588,507)))),(((594,522),(574,(683,206))),((703,580),((185,268),(460,(59,(841,969))))))))))))),(((((608,(429,393)),(593,(((657,639),(805,120)),(870,(33,(791,(865,(145,394)))))))),((146,(458,797)),(373,((892,(244,857)),((625,(261,609)),((875,908),(571,(523,991)))))))),((95,((599,671),(891,946))),((732,(979,(377,(526,560)))),((362,((44,926),((204,615),((778,(530,481)),(842,(287,(941,717))))))),((730,((528,293),((102,651),(587,412)))),((672,(611,(484,(544,627)))),(597,((675,((257,796),(970,(830,735)))),((104,(886,(722,585))),(962,(438,(234,(527,(919,(612,(916,650)))))))))))))))),((((945,360),(11,986)),(536,(((878,980),(342,(758,(981,880)))),((23,((243,854),(839,1))),(958,(239,(((820,733),(195,(309,(956,98)))),((752,(151,178)),(188,(713,843)))))))))),((943,(894,(742,(76,253)))),(((705,(113,27)),((661,30),((772,(557,914)),((647,(524,652)),(144,(283,(152,895))))))),(((882,(648,646)),((347,(930,7)),((290,(684,(96,423))),((777,699),(583,(905,264)))))),((32,(659,(12,(949,864)))),((228,169),(961,(((623,581),(987,602)),((14,(824,928)),(495,(168,(343,137))))))))))))))),((((((136,93),((317,469),(896,(470,200)))),(551,((502,(285,57)),(968,(1000,(634,(779,781))))))),(((367,568),(247,((975,246),(900,504)))),(((840,(799,155)),((724,(913,921)),(154,(87,(36,449))))),(((369,(334,876)),(525,(711,(49,692)))),(513,(277,((364,111),((479,889),(997,(462,116)))))))))),((((942,301),(392,(451,515))),((816,((129,(131,577)),(212,((143,662),((763,509),(190,48)))))),(((173,812),(((993,192),(39,(329,(918,441)))),(838,((210,520),(505,(307,(642,965))))))),(((881,(400,731)),(((79,630),(232,592)),((947,338),((115,125),(859,(89,282)))))),(((500,(255,(331,633))),(935,(199,(231,256)))),((940,443),(((242,698),(789,837)),(226,((107,275),(496,893)))))))))),((((147,931),(40,((376,695),(884,90)))),((471,867),(((166,769),(848,315)),((773,(413,(208,(64,(844,833))))),(((643,150),(533,535)),((929,775),(63,756))))))),(((91,((499,229),((320,550),(670,897)))),((142,6),(549,((483,626),(4,(37,321)))))),(((963,387),((989,951),(72,(904,(333,94))))),((97,(829,(788,(322,117)))),(((344,(885,589)),(697,(254,(53,(35,85))))),((118,(738,(798,(793,50)))),(218,((270,336),(5,(676,224)))))))))))),((0,((514,((327,983),(787,(((368,122),(215,187)),((388,678),((855,((538,265),(66,363))),((849,((316,(201,747)),((68,386),(516,(176,637))))),(((817,995),((139,174),(286,(869,971)))),((482,(101,447)),((716,476),((52,851),((760,492),(754,(866,(802,13))))))))))))))),((((619,548),(67,(521,148))),((477,(361,414)),((430,(990,(973,567))),(415,(395,((435,433),(937,(346,(444,561))))))))),(((784,((487,(175,887)),(348,(511,(590,(356,20)))))),((994,984),((815,(960,22)),((366,(720,(15,464))),(570,(157,(427,(860,2)))))))),(((584,578),((503,(669,225)),(446,((917,(751,540)),((259,294),(898,(541,834))))))),((25,(877,(127,26))),(((774,563),(786,(205,725))),((382,(653,(177,488))),((614,(605,907)),((54,263),(690,691))))))))))),((((442,276),(939,(667,319))),(807,((341,952),((351,(806,(237,915))),((75,384),(616,((729,310),(744,(629,(198,873)))))))))),(((340,(313,(564,591))),(73,(679,(359,663)))),(((455,(251,(((831,349),((459,121),(665,164))),(537,(((424,279),(181,381)),(565,(123,(227,397)))))))),(((863,814),(506,(739,105))),(((130,77),(374,326)),((800,(518,613)),((162,((909,426),(235,(519,((920,355),(281,(727,(606,635)))))))),(((517,596),(874,51)),((472,312),(494,((740,693),(339,858)))))))))),((((856,149),(184,(534,638))),(825,((163,480),(389,(211,274))))),((457,((43,(249,9)),(710,(223,(850,((906,689),(463,(575,396)))))))),((182,(119,(416,(795,(71,(836,461)))))),((((83,258),(828,(655,80))),(497,(620,(124,(55,(622,141)))))),(183,(((391,(871,318)),(768,(214,252))),((167,746),(((332,764),(86,(456,81))),(770,((236,872),((823,(718,(925,966))),((325,491),((845,967),(300,302))))))))))))))))))))))));
Quartet score is: 19790044402310
Normalized quartet score is: 0.47591817973115935
ASTRAL finished in 3248.154 secs
