
================== ASTRAL ===================== 

This is ASTRAL version 4.10.7
Gene trees are treated as unrooted
837 trees read from ASTRALDATA/model.200.2000000.0.0000001/10/estimatedgenetre.halfresolved
All output trees will be *arbitrarily* rooted at 186

======== Running the main analysis
Number of taxa: 201 (201 species)
Taxa: [186, 20, 96, 12, 161, 4, 158, 183, 156, 76, 125, 62, 88, 162, 69, 174, 32, 176, 128, 126, 9, 91, 5, 79, 193, 138, 159, 75, 52, 165, 36, 179, 38, 65, 187, 151, 71, 82, 196, 199, 94, 28, 66, 105, 108, 160, 60, 134, 150, 192, 168, 169, 184, 37, 121, 132, 102, 29, 50, 100, 140, 90, 63, 21, 56, 131, 124, 34, 64, 141, 114, 142, 73, 11, 72, 109, 139, 200, 7, 171, 172, 39, 93, 145, 24, 41, 111, 195, 153, 198, 149, 157, 146, 18, 0, 31, 148, 112, 78, 45, 16, 191, 14, 98, 136, 115, 194, 1, 30, 104, 189, 74, 185, 175, 155, 163, 33, 129, 67, 58, 83, 110, 3, 55, 152, 170, 106, 80, 59, 92, 180, 8, 44, 117, 166, 122, 123, 54, 13, 107, 177, 137, 68, 43, 154, 167, 101, 103, 19, 6, 81, 26, 188, 17, 51, 119, 85, 89, 164, 47, 95, 97, 2, 113, 99, 181, 61, 182, 49, 147, 22, 133, 197, 120, 40, 127, 173, 190, 116, 15, 53, 10, 143, 25, 70, 57, 48, 130, 42, 144, 87, 46, 77, 27, 84, 118, 86, 23, 135, 178, 35]
Number of gene trees: 837
0 trees have missing taxa
Calculating quartet distance matrix (for completion of X)
Species tree distances calculated ...
Building set of clusters (X) from gene trees 
Using tree-based weight calculation.
Number of Default Clusters: 94421
Number of quartet trees in the gene trees: 55069668189
calculating extra bipartitions to be added at level 1 ...
Number of Clusters after addition by distance: 94433
Adding to X using resolutions of greedy consensus ...
Threshold 0.0:
polytomy of size 3; rounds with additions with at least 0.01 support: 0; clusters: 94437
polytomy of size 3; rounds with additions with at least 0.01 support: 0; clusters: 94443
polytomy of size 3; rounds with additions with at least 0.01 support: 0; clusters: 94447
Threshold 0.01:
polytomy of size 16; rounds with additions with at least 0.01 support: 2; clusters: 95123
Threshold 0.02:
polytomy of size 20; rounds with additions with at least 0.01 support: 2; clusters: 96187
Threshold 0.05:
polytomy of size 25; rounds with additions with at least 0.01 support: 0; clusters: 96219
Threshold 0.1:
polytomy of size 3; rounds with additions with at least 0.01 support: 0; clusters: 96219
polytomy of size 32; rounds with additions with at least 0.01 support: 0; clusters: 96245
Threshold 0.2:
polytomy of size 6; rounds with additions with at least 0.01 support: 0; clusters: 96245
polytomy of size 3; rounds with additions with at least 0.01 support: 0; clusters: 96245
polytomy of size 42; rounds with additions with at least 0.01 support: 0; clusters: 96259
Threshold 0.3333333333333333:
polytomy of size 3; rounds with additions with at least 0.01 support: 0; clusters: 96259
polytomy of size 3; rounds with additions with at least 0.01 support: 0; clusters: 96259
polytomy of size 4; rounds with additions with at least 0.01 support: 0; clusters: 96259
polytomy of size 3; rounds with additions with at least 0.01 support: 0; clusters: 96259
polytomy of size 5; rounds with additions with at least 0.01 support: 0; clusters: 96259
polytomy of size 3; rounds with additions with at least 0.01 support: 0; clusters: 96259
polytomy of size 3; rounds with additions with at least 0.01 support: 0; clusters: 96259
polytomy of size 6; rounds with additions with at least 0.01 support: 0; clusters: 96259
polytomy of size 3; rounds with additions with at least 0.01 support: 0; clusters: 96259
polytomy of size 4; rounds with additions with at least 0.01 support: 0; clusters: 96259
polytomy of size 3; rounds with additions with at least 0.01 support: 0; clusters: 96259
polytomy of size 3; rounds with additions with at least 0.01 support: 0; clusters: 96259
polytomy of size 3; rounds with additions with at least 0.01 support: 0; clusters: 96259
polytomy of size 3; rounds with additions with at least 0.01 support: 0; clusters: 96259
polytomy of size 50; rounds with additions with at least 0.01 support: 0; clusters: 112011
Number of Clusters after addition by greedy: 112011
partitions formed in 52.489 secs
Dynamic Programming starting after 52.489 secs
Size of largest cluster: 201
Calculated 100000 weights; time (seconds): 880
Calculated 200000 weights; time (seconds): 993
Total Number of elements weighted: 250808
Normalized score (portion of input quartet trees satisfied): 0.5255923608376039
Final optimization score: 28944196914
Optimal tree inferred in 2339.044 secs.
(0,((((104,(189,74)),(((91,(9,5)),(193,(79,(138,159)))),(14,((136,(31,148)),(98,(((115,194),(1,30)),(112,(78,(191,(45,16)))))))))),((((43,(68,154)),(137,((19,(101,103)),(6,(81,26))))),(((122,167),((47,95),(97,(2,113)))),((163,177),((185,(175,155)),((3,55),((33,(129,67)),(58,(83,110)))))))),(((133,(120,(22,197))),((182,(49,147)),((99,(181,61)),((89,164),((188,17),(85,(51,119))))))),((107,(123,(54,13))),(((40,(127,173)),(190,(116,15))),((42,(53,(10,(143,25)))),((87,46),(144,((48,130),(70,57)))))))))),((((153,(198,149)),(76,(88,(125,62)))),((((152,106),(170,80)),(59,(92,((117,166),(180,(8,44)))))),(((165,(36,179)),((128,126),(52,38))),((140,(21,(90,63))),((102,29),(132,(50,100))))))),(((111,195),((75,141),((93,(24,(145,41))),((72,109),(39,(172,(139,(171,(200,7))))))))),((118,(23,(135,(84,86)))),((((77,27),(114,(142,73))),(((187,71),(65,151)),((183,156),(158,((82,196),(199,(28,(94,66)))))))),(((157,(146,18)),(176,(64,(168,(192,(134,150)))))),((169,(184,(37,121))),(((11,35),(34,((56,(131,124)),(162,(69,(174,32)))))),((20,((105,108),(160,60))),((186,178),((161,4),(96,12)))))))))))));
Quartet score is: 28944196914
Normalized quartet score is: 0.5255923608376039
ASTRAL finished in 2356.226 secs
