
================== ASTRAL ===================== 

This is ASTRAL version 4.10.10
Gene trees are treated as unrooted
1000 trees read from ASTRALDATA/model.200.500000.0.000001/16/estimatedgenetre.halfresolved
All output trees will be *arbitrarily* rooted at 26

======== Running the main analysis
Number of taxa: 201 (201 species)
Taxa: [26, 19, 51, 154, 174, 85, 186, 95, 100, 112, 198, 14, 139, 65, 18, 101, 96, 67, 4, 189, 166, 15, 49, 17, 63, 82, 192, 145, 8, 116, 72, 119, 76, 81, 148, 6, 40, 140, 36, 162, 178, 45, 25, 92, 200, 27, 181, 32, 193, 182, 171, 172, 177, 2, 35, 61, 38, 158, 187, 29, 75, 138, 74, 184, 7, 90, 48, 99, 173, 156, 137, 62, 44, 1, 23, 110, 152, 194, 188, 191, 59, 155, 147, 164, 165, 180, 163, 50, 196, 128, 80, 151, 136, 144, 150, 153, 179, 69, 141, 41, 122, 84, 55, 3, 28, 111, 113, 190, 195, 52, 78, 117, 197, 126, 146, 103, 22, 43, 34, 170, 0, 135, 20, 5, 56, 54, 21, 89, 104, 37, 133, 131, 60, 73, 108, 47, 168, 120, 94, 123, 10, 127, 183, 118, 124, 157, 88, 169, 87, 58, 134, 160, 175, 12, 79, 97, 77, 107, 93, 115, 57, 161, 11, 70, 106, 130, 105, 91, 199, 132, 102, 142, 129, 185, 149, 24, 31, 30, 86, 13, 143, 46, 167, 109, 39, 83, 159, 42, 9, 33, 66, 125, 121, 114, 176, 68, 64, 53, 71, 16, 98]
Taxon occupancy: {35=1000, 36=1000, 159=1000, 33=1000, 158=1000, 34=1000, 157=1000, 39=1000, 156=1000, 155=1000, 37=1000, 38=1000, 154=1000, 152=1000, 153=1000, 150=1000, 151=1000, 43=1000, 42=1000, 41=1000, 40=1000, 200=1000, 22=1000, 23=1000, 169=1000, 24=1000, 25=1000, 166=1000, 26=1000, 165=1000, 27=1000, 28=1000, 168=1000, 29=1000, 167=1000, 3=1000, 161=1000, 2=1000, 162=1000, 163=1000, 1=1000, 164=1000, 0=1000, 7=1000, 30=1000, 6=1000, 32=1000, 5=1000, 4=1000, 160=1000, 31=1000, 9=1000, 8=1000, 19=1000, 17=1000, 179=1000, 18=1000, 178=1000, 177=1000, 15=1000, 16=1000, 176=1000, 13=1000, 14=1000, 11=1000, 12=1000, 170=1000, 21=1000, 171=1000, 20=1000, 174=1000, 175=1000, 172=1000, 173=1000, 188=1000, 187=1000, 189=1000, 180=1000, 181=1000, 10=1000, 182=1000, 183=1000, 184=1000, 185=1000, 186=1000, 116=1000, 117=1000, 79=1000, 114=1000, 78=1000, 77=1000, 115=1000, 112=1000, 113=1000, 110=1000, 111=1000, 118=1000, 119=1000, 82=1000, 83=1000, 80=1000, 81=1000, 86=1000, 87=1000, 84=1000, 85=1000, 67=1000, 125=1000, 126=1000, 66=1000, 69=1000, 127=1000, 68=1000, 128=1000, 121=1000, 122=1000, 123=1000, 124=1000, 129=1000, 70=1000, 71=1000, 120=1000, 72=1000, 73=1000, 74=1000, 75=1000, 76=1000, 134=1000, 135=1000, 132=1000, 59=1000, 133=1000, 138=1000, 58=1000, 139=1000, 57=1000, 136=1000, 56=1000, 137=1000, 55=1000, 64=1000, 65=1000, 62=1000, 63=1000, 131=1000, 60=1000, 61=1000, 130=1000, 49=1000, 143=1000, 144=1000, 48=1000, 145=1000, 146=1000, 147=1000, 45=1000, 44=1000, 148=1000, 47=1000, 149=1000, 46=1000, 51=1000, 52=1000, 53=1000, 54=1000, 140=1000, 142=1000, 50=1000, 141=1000, 109=1000, 108=1000, 107=1000, 106=1000, 105=1000, 104=1000, 103=1000, 99=1000, 102=1000, 101=1000, 100=1000, 98=1000, 97=1000, 96=1000, 95=1000, 94=1000, 93=1000, 92=1000, 91=1000, 90=1000, 88=1000, 89=1000, 195=1000, 194=1000, 197=1000, 196=1000, 191=1000, 190=1000, 193=1000, 192=1000, 198=1000, 199=1000}
Number of gene trees: 1000
0 trees have missing taxa
Calculating quartet distance matrix (for completion of X)
Species tree distances calculated ...
Building set of clusters (X) from gene trees 
Using tree-based weight calculation.
Number of Default Clusters: 145297
Number of quartet trees in the gene trees: 65998350000
calculating extra bipartitions to be added at level 1 ...
Number of Clusters after addition by distance: 145327
Adding to X using resolutions of greedy consensus ...
Threshold 0.0:
polytomy of size 3; rounds with additions with at least 0.01 support: 0; clusters: 145333
polytomy of size 11; rounds with additions with at least 0.01 support: 3; clusters: 145817
Threshold 0.01:
polytomy of size 28; rounds with additions with at least 0.01 support: 7; clusters: 150627
Threshold 0.02:
polytomy of size 3; rounds with additions with at least 0.01 support: 0; clusters: 150627
polytomy of size 31; rounds with additions with at least 0.01 support: 1; clusters: 155203
Threshold 0.05:
polytomy of size 45; rounds with additions with at least 0.01 support: 1; clusters: 155381
Threshold 0.1:
polytomy of size 3; rounds with additions with at least 0.01 support: 0; clusters: 155381
polytomy of size 60; rounds with additions with at least 0.01 support: 0; clusters: 155509
Threshold 0.2:
polytomy of size 3; rounds with additions with at least 0.01 support: 0; clusters: 155509
polytomy of size 4; rounds with additions with at least 0.01 support: 0; clusters: 155509
polytomy of size 4; rounds with additions with at least 0.01 support: 0; clusters: 155509
polytomy of size 3; rounds with additions with at least 0.01 support: 0; clusters: 155509
polytomy of size 3; rounds with additions with at least 0.01 support: 0; clusters: 155509
polytomy of size 3; rounds with additions with at least 0.01 support: 0; clusters: 155509
polytomy of size 4; rounds with additions with at least 0.01 support: 0; clusters: 155509
polytomy of size 84; rounds with additions with at least 0.01 support: 0; clusters: 155619
Threshold 0.3333333333333333:
polytomy of size 3; rounds with additions with at least 0.01 support: 0; clusters: 155619
polytomy of size 4; rounds with additions with at least 0.01 support: 0; clusters: 155619
polytomy of size 5; rounds with additions with at least 0.01 support: 0; clusters: 155619
polytomy of size 4; rounds with additions with at least 0.01 support: 0; clusters: 155619
Number of Clusters after addition by greedy: 155619
partitions formed in 97.79 secs
Dynamic Programming starting after 97.79 secs
Size of largest cluster: 201
Calculated 100000 weights; time (seconds): 725
Calculated 200000 weights; time (seconds): 627
Calculated 300000 weights; time (seconds): 636
Total Number of elements weighted: 385728
Normalized score (portion of input quartet trees satisfied): 0.4939796211420437
Final optimization score: 32601839929
Optimal tree inferred in 2562.936 secs.
(150,(144,(196,((136,(128,80)),(151,((32,170),((122,(193,50)),((((189,(162,194)),(((104,37),(139,(21,89))),(135,((56,54),(20,5))))),((15,(166,(96,(4,(101,67))))),(((14,(112,(198,62))),(18,((65,146),(103,22)))),((95,100),((174,(85,186)),((28,113),((84,55),(3,111)))))))),(((6,(49,17)),((((172,177),(61,(38,(2,35)))),((197,(76,126)),(((116,117),(72,119)),(192,((121,114),(148,(81,(145,8)))))))),(((176,68),(91,((31,30),(16,(71,98))))),((42,((9,33),(13,143))),((86,(167,109)),(159,(46,(39,83)))))))),(((26,19),(51,154)),(((179,0),((63,82),(188,102))),(((182,((66,125),(131,(60,(73,108))))),((69,141),((171,41),((184,(7,90)),((158,138),(75,(187,(29,74)))))))),(((152,(190,(195,52))),(((147,(191,(59,(155,(164,165))))),((43,(34,(64,53))),(153,(78,(36,(40,140)))))),(((200,(27,181)),((178,25),(45,92))),(133,((173,(48,99)),((180,163),(142,(24,(129,(185,149)))))))))),((156,137),((120,((134,160),(79,((161,(115,57)),(97,(12,11)))))),(((199,132),(168,((123,(87,58)),(169,(47,(157,88)))))),(175,(((1,(23,110)),((94,77),(44,107))),(((127,183),(118,124)),(93,((130,105),(10,(70,106)))))))))))))))))))))));
Quartet score is: 32601839929
Normalized quartet score is: 0.4939796211420437
ASTRAL finished in 2571.071 secs
