
================== ASTRAL ===================== 

This is ASTRAL version 4.10.7
Gene trees are treated as unrooted
999 trees read from ASTRALDATA/model.200.500000.0.0000001/03/estimatedgenetre.halfresolved
All output trees will be *arbitrarily* rooted at 25

======== Running the main analysis
Number of taxa: 201 (201 species)
Taxa: [25, 114, 42, 34, 10, 129, 84, 130, 72, 154, 30, 83, 51, 180, 89, 92, 167, 126, 27, 2, 37, 94, 102, 160, 12, 136, 95, 153, 164, 138, 103, 38, 176, 112, 182, 78, 68, 170, 144, 183, 15, 111, 91, 157, 175, 20, 54, 156, 142, 35, 128, 152, 31, 105, 98, 14, 147, 135, 108, 58, 127, 104, 56, 188, 39, 192, 185, 93, 52, 117, 109, 29, 6, 179, 32, 132, 23, 28, 139, 171, 88, 119, 81, 116, 159, 26, 48, 24, 11, 199, 79, 178, 189, 125, 96, 106, 13, 155, 200, 148, 100, 196, 99, 75, 172, 110, 86, 5, 69, 173, 169, 49, 8, 87, 65, 0, 181, 145, 184, 4, 18, 168, 190, 158, 162, 191, 165, 174, 85, 74, 134, 70, 66, 197, 122, 73, 163, 150, 16, 21, 9, 55, 187, 143, 71, 113, 115, 131, 118, 80, 193, 107, 137, 177, 151, 17, 161, 19, 62, 3, 61, 198, 82, 60, 67, 47, 53, 101, 57, 149, 97, 44, 124, 22, 141, 7, 64, 195, 46, 1, 140, 63, 76, 45, 41, 120, 121, 194, 36, 133, 43, 33, 123, 40, 186, 90, 146, 77, 59, 50, 166]
Number of gene trees: 999
0 trees have missing taxa
Calculating quartet distance matrix (for completion of X)
Species tree distances calculated ...
Building set of clusters (X) from gene trees 
Using tree-based weight calculation.
Number of Default Clusters: 166801
Number of quartet trees in the gene trees: 65906720724
calculating extra bipartitions to be added at level 1 ...
Number of Clusters after addition by distance: 166833
Adding to X using resolutions of greedy consensus ...
Threshold 0.0:
polytomy of size 16; rounds with additions with at least 0.01 support: 20; clusters: 169523
Threshold 0.01:
polytomy of size 4; rounds with additions with at least 0.01 support: 0; clusters: 169527
polytomy of size 27; rounds with additions with at least 0.01 support: 2; clusters: 177689
Threshold 0.02:
polytomy of size 5; rounds with additions with at least 0.01 support: 0; clusters: 177693
polytomy of size 36; rounds with additions with at least 0.01 support: 1; clusters: 191679
Threshold 0.05:
polytomy of size 5; rounds with additions with at least 0.01 support: 0; clusters: 191679
polytomy of size 3; rounds with additions with at least 0.01 support: 0; clusters: 191679
polytomy of size 44; rounds with additions with at least 0.01 support: 1; clusters: 191989
Threshold 0.1:
polytomy of size 4; rounds with additions with at least 0.01 support: 0; clusters: 191989
polytomy of size 3; rounds with additions with at least 0.01 support: 0; clusters: 191989
polytomy of size 3; rounds with additions with at least 0.01 support: 0; clusters: 191989
polytomy of size 4; rounds with additions with at least 0.01 support: 0; clusters: 191989
polytomy of size 3; rounds with additions with at least 0.01 support: 0; clusters: 191989
polytomy of size 7; rounds with additions with at least 0.01 support: 0; clusters: 191989
polytomy of size 56; rounds with additions with at least 0.01 support: 0; clusters: 192241
Threshold 0.2:
polytomy of size 3; rounds with additions with at least 0.01 support: 0; clusters: 192241
polytomy of size 3; rounds with additions with at least 0.01 support: 0; clusters: 192241
Threshold 0.3333333333333333:
polytomy of size 3; rounds with additions with at least 0.01 support: 0; clusters: 192241
polytomy of size 3; rounds with additions with at least 0.01 support: 0; clusters: 192241
polytomy of size 3; rounds with additions with at least 0.01 support: 0; clusters: 192241
polytomy of size 3; rounds with additions with at least 0.01 support: 0; clusters: 192241
polytomy of size 5; rounds with additions with at least 0.01 support: 0; clusters: 192241
polytomy of size 3; rounds with additions with at least 0.01 support: 0; clusters: 192241
Number of Clusters after addition by greedy: 192241
partitions formed in 82.741 secs
Dynamic Programming starting after 82.741 secs
Size of largest cluster: 201
Calculated 100000 weights; time (seconds): 921
Calculated 200000 weights; time (seconds): 827
Calculated 300000 weights; time (seconds): 866
Calculated 400000 weights; time (seconds): 900
Total Number of elements weighted: 450807
Normalized score (portion of input quartet trees satisfied): 0.45476583093119394
Final optimization score: 29972124614
Optimal tree inferred in 3976.449 secs.
(96,((62,(17,(151,(161,19)))),((104,((171,(188,(56,6))),(((52,117),(147,(81,(116,159)))),((93,109),((39,(179,(192,185))),(14,(135,((58,127),(108,29))))))))),(((85,74),(18,134)),(((125,((168,162),(165,(25,191)))),(((181,(158,174)),((132,(32,119)),(54,(128,(156,(142,35)))))),(((190,90),(146,(186,77))),(59,((50,166),(123,(33,40))))))),(((72,(130,154)),(((114,105),(42,98)),(68,(144,(26,(78,(48,((176,112),(182,170))))))))),(((31,189),((169,49),(177,(8,(87,65))))),(((110,(44,((5,69),(86,173)))),((10,(34,129)),((198,((152,88),(178,(82,60)))),((149,97),((53,(67,47)),((101,57),(155,(106,13)))))))),(((3,(20,124)),(((183,139),(41,(121,(23,28)))),(((184,(145,4)),((38,61),(194,((133,43),(120,36))))),((76,45),((95,(199,79)),((111,(24,11)),(15,(91,(157,175))))))))),(0,((66,(22,(84,141))),((((30,102),(126,(167,(27,2)))),(136,(12,((51,(83,160)),((92,(180,89)),(103,(37,94))))))),((122,((200,(148,(153,164))),((196,((99,75),(172,9))),(55,((197,(150,16)),(73,(163,187))))))),((138,137),((63,(143,140)),(193,(107,(((21,131),(113,((70,115),(118,80)))),((71,64),(100,(7,(195,(46,1)))))))))))))))))))))));
Quartet score is: 29972124614
Normalized quartet score is: 0.45476583093119394
ASTRAL finished in 3986.508 secs
