
================== ASTRAL ===================== 

This is ASTRAL version 4.10.8
Gene trees are treated as unrooted
1000 trees read from model.200.500000.0.0000001/48/estimatedgenetre.halfresolved
All outputted trees will be *arbitrarily* rooted at 100

======== Running the main analysis
Number of taxa: 201 (201 species)
Taxa: [100, 2, 116, 52, 191, 134, 151, 76, 87, 40, 143, 187, 178, 13, 193, 6, 95, 168, 172, 200, 26, 180, 24, 135, 35, 56, 88, 159, 147, 197, 78, 9, 199, 36, 124, 117, 175, 48, 11, 115, 5, 21, 123, 42, 16, 94, 8, 165, 118, 80, 82, 160, 103, 108, 33, 131, 34, 58, 74, 92, 46, 133, 185, 4, 98, 101, 126, 146, 198, 14, 1, 140, 89, 129, 121, 54, 83, 113, 84, 20, 179, 152, 183, 57, 192, 65, 166, 196, 138, 70, 161, 59, 167, 3, 137, 155, 66, 18, 189, 72, 61, 112, 156, 136, 120, 30, 55, 93, 141, 132, 19, 104, 32, 15, 144, 90, 39, 17, 173, 130, 190, 49, 63, 91, 184, 109, 10, 96, 51, 158, 97, 111, 27, 114, 142, 53, 85, 38, 127, 107, 29, 60, 41, 169, 45, 64, 12, 195, 99, 157, 149, 73, 150, 68, 7, 0, 164, 110, 128, 62, 188, 47, 154, 186, 28, 170, 177, 174, 145, 119, 81, 153, 162, 71, 86, 69, 79, 105, 181, 43, 122, 77, 102, 44, 23, 37, 50, 25, 75, 182, 139, 67, 194, 176, 171, 163, 31, 22, 125, 148, 106]
Taxon occupancy: {35=1000, 36=1000, 33=1000, 159=1000, 34=1000, 158=1000, 39=1000, 157=1000, 156=1000, 155=1000, 37=1000, 38=1000, 154=1000, 152=1000, 153=1000, 150=1000, 151=1000, 43=1000, 42=1000, 41=1000, 40=1000, 200=1000, 22=1000, 169=1000, 23=1000, 24=1000, 25=1000, 166=1000, 26=1000, 165=1000, 27=1000, 168=1000, 28=1000, 167=1000, 29=1000, 3=1000, 161=1000, 2=1000, 162=1000, 163=1000, 1=1000, 0=1000, 164=1000, 30=1000, 7=1000, 6=1000, 5=1000, 32=1000, 31=1000, 4=1000, 160=1000, 9=1000, 8=1000, 19=1000, 179=1000, 17=1000, 178=1000, 18=1000, 15=1000, 177=1000, 176=1000, 16=1000, 13=1000, 14=1000, 11=1000, 12=1000, 21=1000, 170=1000, 171=1000, 20=1000, 174=1000, 175=1000, 172=1000, 173=1000, 188=1000, 187=1000, 189=1000, 180=1000, 10=1000, 181=1000, 182=1000, 183=1000, 184=1000, 185=1000, 186=1000, 116=1000, 117=1000, 79=1000, 78=1000, 114=1000, 115=1000, 77=1000, 112=1000, 113=1000, 110=1000, 111=1000, 118=1000, 119=1000, 82=1000, 83=1000, 80=1000, 81=1000, 86=1000, 87=1000, 84=1000, 85=1000, 125=1000, 67=1000, 126=1000, 66=1000, 127=1000, 69=1000, 68=1000, 128=1000, 121=1000, 122=1000, 123=1000, 124=1000, 129=1000, 70=1000, 120=1000, 71=1000, 72=1000, 73=1000, 74=1000, 75=1000, 76=1000, 134=1000, 135=1000, 132=1000, 59=1000, 133=1000, 138=1000, 58=1000, 57=1000, 139=1000, 56=1000, 136=1000, 137=1000, 55=1000, 64=1000, 65=1000, 62=1000, 63=1000, 131=1000, 60=1000, 61=1000, 130=1000, 143=1000, 49=1000, 48=1000, 144=1000, 145=1000, 146=1000, 147=1000, 45=1000, 148=1000, 44=1000, 149=1000, 47=1000, 46=1000, 51=1000, 52=1000, 53=1000, 54=1000, 140=1000, 142=1000, 141=1000, 50=1000, 109=1000, 108=1000, 107=1000, 106=1000, 105=1000, 104=1000, 103=1000, 99=1000, 102=1000, 101=1000, 100=1000, 98=1000, 97=1000, 96=1000, 95=1000, 94=1000, 93=1000, 92=1000, 91=1000, 90=1000, 88=1000, 89=1000, 195=1000, 194=1000, 197=1000, 196=1000, 191=1000, 190=1000, 193=1000, 192=1000, 198=1000, 199=1000}
Number of gene trees: 1000
0 trees have missing taxa
Calculating quartet distance matrix (for completion of X)
Species tree distances calculated ...
Building set of clusters (X) from gene trees 
Using tree-based weight calculation.
Number of Default Clusters: 178647
Number of quartet trees in the gene trees: 65969599689
calculating extra bipartitions to be added at level 1 ...
Number of Clusters after addition by distance: 178683
Adding to X using resolutions of greedy consensus ...
Threshold 0.0:
polytomy of size 3; rounds with additions with at least 0.01 support: 1; clusters: 178687
polytomy of size 16; rounds with additions with at least 0.01 support: 9; clusters: 180621
Threshold 0.01:
polytomy of size 3; rounds with additions with at least 0.01 support: 1; clusters: 180623
polytomy of size 31; rounds with additions with at least 0.01 support: 11; clusters: 190901
Threshold 0.02:
polytomy of size 39; rounds with additions with at least 0.01 support: 2; clusters: 204755
Threshold 0.05:
polytomy of size 58; rounds with additions with at least 0.01 support: 3; clusters: 205333
Threshold 0.1:
polytomy of size 72; rounds with additions with at least 0.01 support: 0; clusters: 205525
Threshold 0.2:
polytomy of size 3; rounds with additions with at least 0.01 support: 0; clusters: 205525
polytomy of size 3; rounds with additions with at least 0.01 support: 0; clusters: 205525
polytomy of size 3; rounds with additions with at least 0.01 support: 0; clusters: 205525
polytomy of size 4; rounds with additions with at least 0.01 support: 0; clusters: 205525
polytomy of size 93; rounds with additions with at least 0.01 support: 0; clusters: 205625
Threshold 0.3333333333333333:
polytomy of size 3; rounds with additions with at least 0.01 support: 0; clusters: 205625
polytomy of size 3; rounds with additions with at least 0.01 support: 0; clusters: 205625
polytomy of size 4; rounds with additions with at least 0.01 support: 0; clusters: 205625
polytomy of size 4; rounds with additions with at least 0.01 support: 0; clusters: 205625
Number of Clusters after addition by greedy: 205625
partitions formed in 147.178 secs
Dynamic Programming starting after 147.179 secs
Size of largest cluster: 201
Size of largest cluster: 201
Calculated 100000 weights; time (seconds): 171
Calculated 200000 weights; time (seconds): 23
Calculated 300000 weights; time (seconds): 38
Total Number of elements weighted: 441796
Normalized score (portion of input quartet trees satisfied): NaN
Final optimization score: 0
Calculated 400000 weights; time (seconds): 58
Total Number of elements weighted: 441796
Normalized score (portion of input quartet trees satisfied): 0.4585889813129255
Final optimization score: 30252931519
Optimal tree inferred in 318.79 secs.
(100,(2,(116,((52,191),((13,193),((6,(95,172)),(((136,139),((110,67),(120,194))),((((117,198),(134,28)),(85,((43,(181,(42,105))),(17,((175,122),(39,173)))))),((140,53),((0,((142,(((196,138),(18,114)),(38,(41,(60,169))))),(((22,(90,(14,144))),((26,70),(16,(186,163)))),((25,75),(((107,29),(104,(119,(1,(62,170))))),((83,(113,(179,(84,20)))),(((151,(40,143)),((47,23),(76,87))),((37,50),(((200,121),(102,(177,77))),((44,(54,125)),(145,(148,(174,106))))))))))))),(((66,(184,(63,91))),((93,19),((15,((190,49),(130,(21,31)))),((32,111),(132,(55,(189,141))))))),(((72,(61,182)),((137,155),((96,51),((79,(161,(167,(59,3)))),((109,10),(86,(69,(57,(152,183))))))))),(((187,(97,195)),((80,82),(124,129))),(((133,(74,(158,7))),((162,71),(180,(81,153)))),((((160,188),(48,(115,(5,(178,11))))),(146,((126,(98,101)),((94,(185,4)),(176,(123,171)))))),(((73,150),((27,(92,46)),(149,(99,157)))),((168,(154,(127,68))),((88,((164,(147,197)),((12,(159,64)),((78,(9,(199,36))),(165,(118,(8,45))))))),(((112,128),(58,(34,30))),((108,(89,156)),((33,131),((192,(65,166)),((24,103),(56,(135,35)))))))))))))))))))))))));
Quartet score is: 30252931519
Normalized quartet score is: 0.4585889813129255
ASTRAL finished in 331.05 secs
