
================== ASTRAL ===================== 

This is ASTRAL version 4.10.10
Gene trees are treated as unrooted
999 trees read from ASTRALDATA/model.200.10000000.0.0000001/26/estimatedgenetre.halfresolved
All output trees will be *arbitrarily* rooted at 74

======== Running the main analysis
Number of taxa: 201 (201 species)
Taxa: [74, 143, 187, 35, 12, 9, 179, 157, 49, 21, 86, 151, 57, 56, 84, 114, 50, 34, 70, 183, 10, 128, 122, 38, 89, 145, 148, 0, 160, 134, 129, 76, 130, 42, 52, 139, 140, 39, 96, 59, 87, 16, 163, 13, 106, 80, 103, 190, 78, 60, 146, 194, 117, 19, 7, 94, 101, 111, 164, 14, 27, 195, 181, 166, 77, 15, 119, 23, 37, 53, 116, 121, 108, 1, 158, 174, 104, 91, 8, 63, 196, 79, 25, 173, 200, 66, 92, 136, 71, 198, 175, 124, 113, 98, 85, 176, 155, 5, 6, 40, 55, 75, 26, 61, 125, 46, 4, 29, 112, 189, 22, 184, 33, 156, 171, 165, 2, 90, 162, 51, 105, 30, 191, 170, 11, 88, 193, 169, 137, 133, 118, 93, 127, 159, 109, 95, 199, 110, 62, 188, 32, 47, 58, 82, 97, 153, 18, 123, 43, 81, 69, 132, 48, 17, 180, 120, 99, 177, 197, 44, 142, 161, 149, 107, 45, 144, 102, 83, 135, 100, 72, 167, 126, 54, 168, 73, 28, 3, 64, 178, 31, 24, 138, 36, 141, 68, 41, 192, 185, 65, 186, 147, 20, 115, 152, 131, 150, 154, 172, 182, 67]
Taxon occupancy: {35=999, 36=999, 33=999, 159=999, 158=999, 34=999, 157=999, 39=999, 156=999, 37=999, 155=999, 154=999, 38=999, 152=999, 153=999, 150=999, 151=999, 43=999, 42=999, 41=999, 40=999, 200=999, 22=999, 23=999, 169=999, 24=999, 25=999, 166=999, 26=999, 27=999, 165=999, 168=999, 28=999, 29=999, 167=999, 161=999, 3=999, 2=999, 162=999, 1=999, 163=999, 164=999, 0=999, 7=999, 30=999, 6=999, 5=999, 32=999, 160=999, 4=999, 31=999, 9=999, 8=999, 19=999, 179=999, 17=999, 18=999, 178=999, 15=999, 177=999, 176=999, 16=999, 13=999, 14=999, 11=999, 12=999, 21=999, 170=999, 20=999, 171=999, 174=999, 175=999, 172=999, 173=999, 188=999, 187=999, 189=999, 180=999, 181=999, 10=999, 182=999, 183=999, 184=999, 185=999, 186=999, 116=999, 79=999, 117=999, 78=999, 114=999, 115=999, 77=999, 112=999, 113=999, 110=999, 111=999, 118=999, 119=999, 82=999, 83=999, 80=999, 81=999, 86=999, 87=999, 84=999, 85=999, 67=999, 125=999, 66=999, 126=999, 127=999, 69=999, 128=999, 68=999, 121=999, 122=999, 123=999, 124=999, 129=999, 70=999, 71=999, 120=999, 72=999, 73=999, 74=999, 75=999, 76=999, 134=999, 135=999, 132=999, 59=999, 133=999, 58=999, 138=999, 57=999, 139=999, 136=999, 56=999, 55=999, 137=999, 64=999, 65=999, 62=999, 63=999, 131=999, 60=999, 130=999, 61=999, 143=999, 49=999, 48=999, 144=999, 145=999, 146=999, 45=999, 147=999, 148=999, 44=999, 47=999, 149=999, 46=999, 51=999, 52=999, 53=999, 54=999, 140=999, 142=999, 50=999, 141=999, 109=999, 108=999, 107=999, 106=999, 105=999, 104=999, 103=999, 99=999, 102=999, 101=999, 100=999, 98=999, 97=999, 96=999, 95=999, 94=999, 93=999, 92=999, 91=999, 90=999, 88=999, 89=999, 195=999, 194=999, 197=999, 196=999, 191=999, 190=999, 193=999, 192=999, 198=999, 199=999}
Number of gene trees: 999
0 trees have missing taxa
Calculating quartet distance matrix (for completion of X)
Species tree distances calculated ...
Building set of clusters (X) from gene trees 
Using tree-based weight calculation.
Number of Default Clusters: 66525
Number of quartet trees in the gene trees: 65927699229
calculating extra bipartitions to be added at level 1 ...
Number of Clusters after addition by distance: 66525
Adding to X using resolutions of greedy consensus ...
Threshold 0.0:
Threshold 0.01:
Threshold 0.02:
Threshold 0.05:
polytomy of size 6; rounds with additions with at least 0.01 support: 0; clusters: 66525
Threshold 0.1:
polytomy of size 3; rounds with additions with at least 0.01 support: 0; clusters: 66525
polytomy of size 3; rounds with additions with at least 0.01 support: 0; clusters: 66525
polytomy of size 4; rounds with additions with at least 0.01 support: 0; clusters: 66525
polytomy of size 9; rounds with additions with at least 0.01 support: 0; clusters: 66525
polytomy of size 5; rounds with additions with at least 0.01 support: 0; clusters: 66525
Threshold 0.2:
polytomy of size 4; rounds with additions with at least 0.01 support: 0; clusters: 66525
polytomy of size 7; rounds with additions with at least 0.01 support: 0; clusters: 66525
polytomy of size 3; rounds with additions with at least 0.01 support: 0; clusters: 66525
polytomy of size 15; rounds with additions with at least 0.01 support: 0; clusters: 66525
Threshold 0.3333333333333333:
polytomy of size 3; rounds with additions with at least 0.01 support: 0; clusters: 66525
polytomy of size 3; rounds with additions with at least 0.01 support: 0; clusters: 66525
polytomy of size 5; rounds with additions with at least 0.01 support: 0; clusters: 66525
polytomy of size 3; rounds with additions with at least 0.01 support: 0; clusters: 66525
polytomy of size 3; rounds with additions with at least 0.01 support: 0; clusters: 66525
polytomy of size 5; rounds with additions with at least 0.01 support: 0; clusters: 66525
polytomy of size 33; rounds with additions with at least 0.01 support: 0; clusters: 68003
Number of Clusters after addition by greedy: 68003
partitions formed in 28.71 secs
Dynamic Programming starting after 28.71 secs
Size of largest cluster: 201
Calculated 100000 weights; time (seconds): 620
Total Number of elements weighted: 154528
Normalized score (portion of input quartet trees satisfied): 0.7316468383562555
Final optimization score: 48235792701
Optimal tree inferred in 953.037 secs.
(85,((17,((21,86),(179,(157,49)))),(((178,31),(((151,(180,(120,99))),(177,((197,44),(142,(161,149))))),((3,64),(((54,168),(73,28)),((107,(45,144)),((135,(167,126)),((100,72),(102,83)))))))),(((((24,(138,36)),(141,(68,(41,192)))),((109,(95,199)),(26,(61,(125,(46,4)))))),(((176,155),((5,(6,40)),((55,75),(160,134)))),((((69,132),(145,(43,81))),((183,(82,(188,(32,(47,58))))),((110,62),(97,(153,(18,123)))))),(173,(((181,166),((93,(127,159)),((10,(128,122)),(193,(169,(137,(133,118))))))),((29,(112,((189,(22,184)),(33,(156,171))))),((170,(11,88)),((51,(105,(30,191))),((165,2),(90,162)))))))))),((0,(((56,84),(114,(50,(34,70)))),(129,(((52,(76,(130,42))),((111,164),(27,(101,(14,195))))),((39,96),((59,(139,140)),(((87,(16,163)),(117,(19,(7,94)))),(((78,60),(146,194)),((13,106),(190,(80,103))))))))))),((113,98),((((12,9),(74,(143,(187,35)))),(48,(((186,(185,65)),(147,(20,115))),((152,131),(67,(38,(182,(150,(154,172))))))))),(57,(((148,(77,(15,(119,23)))),((37,(53,116)),(121,(108,1)))),(79,(((136,(89,25)),(92,(71,(175,(198,124))))),((200,66),((158,174),((104,91),(8,(63,196))))))))))))))));
Quartet score is: 48235792701
Normalized quartet score is: 0.7316468383562555
ASTRAL finished in 961.22 secs
