
================== ASTRAL ===================== 

This is ASTRAL version 4.10.10
Gene trees are treated as unrooted
1000 trees read from ASTRALDATA/model.100.2000000.0.000001/11/estimatedgenetre.halfresolved
All output trees will be *arbitrarily* rooted at 55

======== Running the main analysis
Number of taxa: 101 (101 species)
Taxa: [55, 48, 19, 29, 42, 3, 44, 56, 7, 94, 37, 66, 16, 78, 22, 24, 91, 36, 82, 100, 11, 72, 89, 8, 33, 69, 43, 83, 62, 10, 32, 41, 85, 49, 76, 61, 15, 97, 12, 53, 31, 25, 27, 60, 18, 88, 99, 0, 20, 75, 13, 34, 79, 59, 81, 54, 96, 50, 35, 87, 4, 67, 65, 46, 92, 70, 74, 77, 68, 40, 47, 23, 64, 45, 73, 57, 9, 1, 95, 30, 51, 6, 17, 58, 93, 5, 86, 38, 28, 39, 26, 2, 71, 52, 14, 90, 80, 21, 84, 63, 98]
Taxon occupancy: {35=1000, 36=1000, 33=1000, 34=1000, 39=1000, 37=1000, 38=1000, 43=1000, 42=1000, 41=1000, 40=1000, 22=1000, 23=1000, 24=1000, 25=1000, 26=1000, 27=1000, 28=1000, 29=1000, 3=1000, 2=1000, 1=1000, 0=1000, 7=1000, 30=1000, 6=1000, 32=1000, 5=1000, 31=1000, 4=1000, 9=1000, 8=1000, 19=1000, 17=1000, 18=1000, 15=1000, 16=1000, 13=1000, 14=1000, 11=1000, 12=1000, 21=1000, 20=1000, 99=1000, 100=1000, 98=1000, 97=1000, 96=1000, 95=1000, 94=1000, 93=1000, 92=1000, 91=1000, 90=1000, 10=1000, 88=1000, 89=1000, 79=1000, 78=1000, 77=1000, 82=1000, 83=1000, 80=1000, 81=1000, 86=1000, 87=1000, 84=1000, 85=1000, 67=1000, 66=1000, 69=1000, 68=1000, 70=1000, 71=1000, 72=1000, 73=1000, 74=1000, 75=1000, 76=1000, 59=1000, 58=1000, 57=1000, 56=1000, 55=1000, 64=1000, 65=1000, 62=1000, 63=1000, 60=1000, 61=1000, 49=1000, 48=1000, 45=1000, 44=1000, 47=1000, 46=1000, 51=1000, 52=1000, 53=1000, 54=1000, 50=1000}
Number of gene trees: 1000
0 trees have missing taxa
Calculating quartet distance matrix (for completion of X)
Species tree distances calculated ...
Building set of clusters (X) from gene trees 
Using tree-based weight calculation.
Number of Default Clusters: 12345
Number of quartet trees in the gene trees: 4082925000
calculating extra bipartitions to be added at level 1 ...
Number of Clusters after addition by distance: 12345
Adding to X using resolutions of greedy consensus ...
Threshold 0.0:
Threshold 0.01:
Threshold 0.02:
Threshold 0.05:
Threshold 0.1:
polytomy of size 3; rounds with additions with at least 0.01 support: 0; clusters: 12345
polytomy of size 3; rounds with additions with at least 0.01 support: 0; clusters: 12345
Threshold 0.2:
polytomy of size 3; rounds with additions with at least 0.01 support: 0; clusters: 12345
polytomy of size 3; rounds with additions with at least 0.01 support: 0; clusters: 12345
polytomy of size 5; rounds with additions with at least 0.01 support: 0; clusters: 12345
polytomy of size 3; rounds with additions with at least 0.01 support: 0; clusters: 12345
polytomy of size 4; rounds with additions with at least 0.01 support: 0; clusters: 12345
Threshold 0.3333333333333333:
polytomy of size 4; rounds with additions with at least 0.01 support: 0; clusters: 12345
polytomy of size 3; rounds with additions with at least 0.01 support: 0; clusters: 12345
polytomy of size 5; rounds with additions with at least 0.01 support: 0; clusters: 12345
polytomy of size 3; rounds with additions with at least 0.01 support: 0; clusters: 12345
polytomy of size 5; rounds with additions with at least 0.01 support: 0; clusters: 12345
polytomy of size 5; rounds with additions with at least 0.01 support: 0; clusters: 12345
polytomy of size 3; rounds with additions with at least 0.01 support: 0; clusters: 12345
polytomy of size 5; rounds with additions with at least 0.01 support: 0; clusters: 12345
Number of Clusters after addition by greedy: 12345
partitions formed in 5.841 secs
Dynamic Programming starting after 5.841 secs
Size of largest cluster: 101
Total Number of elements weighted: 59842
Normalized score (portion of input quartet trees satisfied): 0.8496365071609202
Final optimization score: 3469002136
Optimal tree inferred in 187.876 secs.
(14,((90,80),((21,84),((63,98),(52,(((89,(11,72)),((19,29),(((42,3),((94,37),(56,(44,7)))),((55,48),((71,(39,((86,38),(26,(28,2))))),((66,(16,78)),((22,100),((36,82),(24,91))))))))),(((51,(6,17)),(58,(93,5))),((43,(83,(62,(10,32)))),((74,(41,(((97,12),(53,(15,31))),((60,(85,49)),((88,(18,99)),((76,61),(25,27))))))),((0,(8,(33,69))),(((50,35),((70,(46,92)),((4,67),(87,65)))),((77,(68,40)),((34,((20,(75,13)),(54,(96,(79,(59,81)))))),((1,(95,30)),(47,((57,9),((45,73),(23,64))))))))))))))))));
Quartet score is: 3469002136
Normalized quartet score is: 0.8496365071609202
ASTRAL finished in 190.488 secs
