
================== ASTRAL ===================== 

This is ASTRAL version 4.10.10
Gene trees are treated as unrooted
961 trees read from ASTRALDATA/model.200.500000.0.0000001/25/estimatedgenetre.halfresolved
All output trees will be *arbitrarily* rooted at 70

======== Running the main analysis
Number of taxa: 201 (201 species)
Taxa: [70, 131, 8, 7, 167, 62, 39, 65, 3, 22, 38, 200, 25, 45, 134, 1, 40, 19, 50, 101, 168, 116, 27, 135, 150, 125, 72, 127, 96, 64, 173, 152, 128, 59, 161, 105, 171, 14, 78, 53, 185, 93, 181, 90, 24, 138, 87, 97, 162, 99, 183, 48, 26, 54, 110, 5, 60, 154, 197, 69, 29, 16, 63, 44, 174, 108, 159, 122, 140, 175, 36, 169, 158, 83, 145, 160, 188, 195, 11, 170, 9, 163, 52, 77, 164, 82, 43, 165, 15, 184, 130, 133, 194, 79, 81, 42, 46, 121, 126, 146, 119, 67, 66, 84, 57, 98, 189, 139, 129, 180, 172, 68, 117, 2, 30, 95, 196, 80, 148, 0, 187, 157, 94, 31, 89, 118, 109, 58, 12, 56, 75, 177, 23, 91, 17, 41, 61, 20, 107, 73, 21, 198, 35, 92, 85, 6, 47, 166, 186, 193, 55, 28, 100, 155, 178, 71, 151, 192, 137, 136, 106, 143, 111, 153, 156, 149, 199, 190, 32, 103, 142, 49, 74, 37, 51, 123, 18, 176, 191, 86, 13, 102, 112, 10, 76, 120, 4, 141, 88, 104, 114, 33, 34, 147, 144, 113, 115, 179, 124, 132, 182]
Taxon occupancy: {35=961, 36=961, 159=961, 33=961, 34=961, 158=961, 39=961, 157=961, 156=961, 155=961, 37=961, 154=961, 38=961, 152=961, 153=961, 150=961, 151=961, 43=961, 42=961, 41=961, 40=961, 200=961, 22=961, 169=961, 23=961, 24=961, 25=961, 26=961, 166=961, 165=961, 27=961, 168=961, 28=961, 29=961, 167=961, 3=961, 161=961, 162=961, 2=961, 163=961, 1=961, 164=961, 0=961, 7=961, 30=961, 6=961, 5=961, 32=961, 160=961, 31=961, 4=961, 9=961, 8=961, 19=961, 179=961, 17=961, 178=961, 18=961, 15=961, 177=961, 16=961, 176=961, 13=961, 14=961, 11=961, 12=961, 170=961, 21=961, 171=961, 20=961, 174=961, 175=961, 172=961, 173=961, 188=961, 187=961, 189=961, 180=961, 181=961, 10=961, 182=961, 183=961, 184=961, 185=961, 186=961, 116=961, 79=961, 117=961, 78=961, 114=961, 115=961, 77=961, 112=961, 113=961, 110=961, 111=961, 118=961, 119=961, 82=961, 83=961, 80=961, 81=961, 86=961, 87=961, 84=961, 85=961, 125=961, 67=961, 126=961, 66=961, 69=961, 127=961, 128=961, 68=961, 121=961, 122=961, 123=961, 124=961, 129=961, 70=961, 71=961, 120=961, 72=961, 73=961, 74=961, 75=961, 76=961, 134=961, 135=961, 132=961, 133=961, 59=961, 138=961, 58=961, 57=961, 139=961, 56=961, 136=961, 55=961, 137=961, 64=961, 65=961, 62=961, 63=961, 60=961, 131=961, 130=961, 61=961, 143=961, 49=961, 144=961, 48=961, 145=961, 146=961, 147=961, 45=961, 44=961, 148=961, 47=961, 149=961, 46=961, 51=961, 52=961, 53=961, 54=961, 140=961, 142=961, 50=961, 141=961, 109=961, 108=961, 107=961, 106=961, 105=961, 104=961, 103=961, 99=961, 102=961, 101=961, 100=961, 98=961, 97=961, 96=961, 95=961, 94=961, 93=961, 92=961, 91=961, 90=961, 88=961, 89=961, 195=961, 194=961, 197=961, 196=961, 191=961, 190=961, 193=961, 192=961, 198=961, 199=961}
Number of gene trees: 961
0 trees have missing taxa
Calculating quartet distance matrix (for completion of X)
Species tree distances calculated ...
Building set of clusters (X) from gene trees 
Using tree-based weight calculation.
Number of Default Clusters: 200283
Number of quartet trees in the gene trees: 63132137793
calculating extra bipartitions to be added at level 1 ...
Number of Clusters after addition by distance: 200325
Adding to X using resolutions of greedy consensus ...
Threshold 0.0:
polytomy of size 18; rounds with additions with at least 0.01 support: 11; clusters: 204307
Threshold 0.01:
polytomy of size 3; rounds with additions with at least 0.01 support: 0; clusters: 204307
polytomy of size 38; rounds with additions with at least 0.01 support: 24; clusters: 227189
Threshold 0.02:
polytomy of size 4; rounds with additions with at least 0.01 support: 0; clusters: 227189
polytomy of size 3; rounds with additions with at least 0.01 support: 0; clusters: 227189
polytomy of size 46; rounds with additions with at least 0.01 support: 2; clusters: 257619
Threshold 0.05:
polytomy of size 65; rounds with additions with at least 0.01 support: 2; clusters: 258163
Threshold 0.1:
polytomy of size 3; rounds with additions with at least 0.01 support: 0; clusters: 258163
polytomy of size 82; rounds with additions with at least 0.01 support: 2; clusters: 258727
Threshold 0.2:
polytomy of size 4; rounds with additions with at least 0.01 support: 0; clusters: 258727
polytomy of size 3; rounds with additions with at least 0.01 support: 0; clusters: 258727
polytomy of size 3; rounds with additions with at least 0.01 support: 0; clusters: 258727
polytomy of size 3; rounds with additions with at least 0.01 support: 0; clusters: 258727
Threshold 0.3333333333333333:
polytomy of size 3; rounds with additions with at least 0.01 support: 0; clusters: 258727
polytomy of size 4; rounds with additions with at least 0.01 support: 0; clusters: 258727
polytomy of size 6; rounds with additions with at least 0.01 support: 0; clusters: 258727
polytomy of size 3; rounds with additions with at least 0.01 support: 0; clusters: 258727
Number of Clusters after addition by greedy: 258727
partitions formed in 148.603 secs
Dynamic Programming starting after 148.603 secs
Size of largest cluster: 201
Calculated 100000 weights; time (seconds): 767
Calculated 200000 weights; time (seconds): 690
Calculated 300000 weights; time (seconds): 800
Calculated 400000 weights; time (seconds): 744
Total Number of elements weighted: 455256
Normalized score (portion of input quartet trees satisfied): 0.4267980663564285
Final optimization score: 26944674335
Optimal tree inferred in 3400.999 secs.
(81,(((121,126),((42,146),(79,(46,119)))),((133,194),(((22,(168,(80,(196,(30,95))))),((120,(4,(141,88))),((57,((53,18),((104,114),(9,163)))),(((59,161),((38,34),(52,33))),((40,(19,138)),((97,162),(99,(171,87)))))))),((((174,68),((129,172),(179,124))),(54,(((131,48),((35,92),(100,(28,155)))),((23,(26,(177,(166,(85,(6,47)))))),(142,((24,17),(136,((118,(91,198)),(107,(73,21)))))))))),(0,(((64,(127,96)),(((128,74),(65,((103,147),((139,117),(98,76))))),((10,((200,((25,116),(11,170))),(167,((150,125),((39,3),((5,(72,(70,(8,7)))),((84,144),(67,(14,66))))))))),(((115,132),(182,(197,69))),((((152,(185,112)),(134,(130,148))),(187,(77,((157,89),(94,31))))),((2,(154,180)),(((50,101),(183,122)),((36,86),(191,(105,(110,176))))))))))),(((1,(173,78)),((44,75),(113,(27,135)))),(((45,(13,102)),(137,(192,((106,(178,71)),((189,49),(164,(82,(43,151)))))))),(((32,(108,((140,175),(37,(51,123))))),((29,16),((143,149),((184,(156,190)),(199,((62,111),(165,153))))))),(60,((93,((181,(158,83)),(145,(188,(160,195))))),((159,169),(((12,56),(90,15)),(((63,186),(193,55)),((41,61),(58,(109,20))))))))))))))))));
Quartet score is: 26944674335
Normalized quartet score is: 0.4267980663564285
ASTRAL finished in 3425.925 secs
