
================== ASTRAL ===================== 

This is ASTRAL version 4.10.8
Gene trees are treated as unrooted
999 trees read from model.100.2000000.0.000001/25/estimatedgenetre.halfresolved
All outputted trees will be *arbitrarily* rooted at 70

======== Running the main analysis
Number of taxa: 101 (101 species)
Taxa: [70, 46, 13, 15, 74, 48, 45, 77, 26, 68, 57, 40, 37, 12, 71, 9, 49, 30, 79, 36, 94, 91, 0, 73, 17, 24, 92, 97, 96, 72, 29, 83, 47, 61, 100, 43, 6, 41, 88, 58, 21, 90, 84, 59, 66, 11, 64, 7, 56, 34, 78, 19, 75, 82, 67, 98, 65, 42, 4, 5, 22, 54, 18, 99, 86, 16, 63, 10, 8, 53, 69, 62, 32, 80, 51, 31, 85, 3, 44, 39, 25, 52, 81, 95, 38, 27, 28, 50, 2, 33, 55, 20, 87, 1, 93, 76, 23, 60, 35, 14, 89]
Taxon occupancy: {35=999, 36=999, 33=999, 34=999, 39=999, 37=999, 38=999, 43=999, 42=999, 41=999, 40=999, 22=999, 23=999, 24=999, 25=999, 26=999, 27=999, 28=999, 29=999, 3=999, 2=999, 1=999, 0=999, 7=999, 30=999, 6=999, 5=999, 32=999, 4=999, 31=999, 9=999, 8=999, 19=999, 17=999, 18=999, 15=999, 16=999, 13=999, 14=999, 11=999, 12=999, 21=999, 20=999, 99=999, 100=999, 98=999, 97=999, 96=999, 95=999, 94=999, 93=999, 92=999, 91=999, 90=999, 10=999, 88=999, 89=999, 79=999, 78=999, 77=999, 82=999, 83=999, 80=999, 81=999, 86=999, 87=999, 84=999, 85=999, 67=999, 66=999, 69=999, 68=999, 70=999, 71=999, 72=999, 73=999, 74=999, 75=999, 76=999, 59=999, 58=999, 57=999, 56=999, 55=999, 64=999, 65=999, 62=999, 63=999, 60=999, 61=999, 49=999, 48=999, 45=999, 44=999, 47=999, 46=999, 51=999, 52=999, 53=999, 54=999, 50=999}
Number of gene trees: 999
0 trees have missing taxa
Calculating quartet distance matrix (for completion of X)
Species tree distances calculated ...
Building set of clusters (X) from gene trees 
Using tree-based weight calculation.
Number of Default Clusters: 22829
Number of quartet trees in the gene trees: 4078712162
calculating extra bipartitions to be added at level 1 ...
Number of Clusters after addition by distance: 22829
Adding to X using resolutions of greedy consensus ...
Threshold 0.0:
Threshold 0.01:
Threshold 0.02:
Threshold 0.05:
polytomy of size 3; rounds with additions with at least 0.01 support: 0; clusters: 22829
Threshold 0.1:
polytomy of size 3; rounds with additions with at least 0.01 support: 0; clusters: 22829
polytomy of size 3; rounds with additions with at least 0.01 support: 0; clusters: 22829
Threshold 0.2:
polytomy of size 3; rounds with additions with at least 0.01 support: 0; clusters: 22829
polytomy of size 4; rounds with additions with at least 0.01 support: 0; clusters: 22829
polytomy of size 3; rounds with additions with at least 0.01 support: 0; clusters: 22829
polytomy of size 6; rounds with additions with at least 0.01 support: 0; clusters: 22829
polytomy of size 3; rounds with additions with at least 0.01 support: 0; clusters: 22829
polytomy of size 5; rounds with additions with at least 0.01 support: 0; clusters: 22829
Threshold 0.3333333333333333:
polytomy of size 3; rounds with additions with at least 0.01 support: 0; clusters: 22829
polytomy of size 4; rounds with additions with at least 0.01 support: 0; clusters: 22829
polytomy of size 5; rounds with additions with at least 0.01 support: 0; clusters: 22829
polytomy of size 4; rounds with additions with at least 0.01 support: 0; clusters: 22829
polytomy of size 6; rounds with additions with at least 0.01 support: 0; clusters: 22829
polytomy of size 9; rounds with additions with at least 0.01 support: 0; clusters: 22831
polytomy of size 7; rounds with additions with at least 0.01 support: 0; clusters: 22835
polytomy of size 6; rounds with additions with at least 0.01 support: 0; clusters: 22835
Number of Clusters after addition by greedy: 22835
partitions formed in 7.863 secs
Dynamic Programming starting after 7.864 secs
Size of largest cluster: 101
Size of largest cluster: 101
Total Number of elements weighted: 118031
Normalized score (portion of input quartet trees satisfied): NaN
Final optimization score: 0
Calculated 100000 weights; time (seconds): 17
Total Number of elements weighted: 118031
Normalized score (portion of input quartet trees satisfied): 0.8290010144628588
Final optimization score: 3381256520
Optimal tree inferred in 23.442 secs.
(70,(68,(13,((46,(45,(48,77))),(74,(15,(26,((27,28),(((57,(40,37)),(12,(30,(71,(9,49))))),((50,(20,(55,(2,33)))),(((52,81),(25,(95,38))),(((76,(44,39)),(87,(1,93))),((3,((73,(92,(17,24))),((97,96),(72,(29,83))))),((79,(94,(36,91))),(0,(((100,(47,61)),(23,((14,89),(60,35)))),((43,(6,41)),((88,(58,21)),(((11,64),(90,(59,(84,66)))),(((34,78),(7,56)),((5,22),((4,(42,((19,(98,65)),(67,(75,82))))),((54,18),((8,(53,69)),((10,(16,63)),((31,85),((99,86),((62,32),(80,51)))))))))))))))))))))))))))));
Quartet score is: 3381256520
Normalized quartet score is: 0.8290010144628588
ASTRAL finished in 26.505 secs
