
================== ASTRAL ===================== 

This is ASTRAL version 4.10.10
Gene trees are treated as unrooted
1000 trees read from ASTRALDATA/model.200.500000.0.000001/46/estimatedgenetre.halfresolved
All output trees will be *arbitrarily* rooted at 136

======== Running the main analysis
Number of taxa: 201 (201 species)
Taxa: [136, 144, 170, 122, 110, 167, 64, 28, 91, 9, 75, 137, 173, 188, 22, 56, 162, 98, 150, 43, 180, 143, 102, 74, 169, 51, 12, 123, 135, 132, 88, 142, 148, 179, 95, 131, 130, 120, 4, 141, 76, 139, 31, 190, 90, 61, 145, 97, 149, 105, 24, 52, 106, 2, 62, 47, 83, 194, 81, 50, 69, 21, 172, 16, 33, 19, 111, 35, 171, 54, 112, 32, 140, 68, 104, 134, 36, 87, 17, 13, 191, 186, 128, 23, 151, 40, 196, 178, 42, 195, 181, 38, 86, 156, 177, 175, 129, 93, 153, 89, 92, 174, 66, 161, 165, 117, 25, 71, 55, 146, 199, 138, 85, 34, 15, 44, 192, 58, 1, 96, 99, 73, 182, 37, 158, 18, 14, 8, 107, 184, 126, 46, 29, 60, 154, 124, 77, 0, 82, 7, 115, 163, 109, 187, 41, 185, 94, 133, 39, 176, 164, 59, 101, 78, 119, 118, 48, 45, 57, 20, 155, 6, 168, 127, 30, 200, 160, 26, 193, 183, 100, 3, 27, 108, 147, 103, 197, 166, 49, 72, 121, 80, 113, 189, 67, 198, 53, 65, 70, 159, 125, 63, 152, 114, 79, 84, 5, 10, 157, 11, 116]
Taxon occupancy: {35=1000, 36=1000, 33=1000, 159=1000, 34=1000, 158=1000, 157=1000, 39=1000, 156=1000, 37=1000, 155=1000, 38=1000, 154=1000, 152=1000, 153=1000, 150=1000, 151=1000, 43=1000, 42=1000, 41=1000, 40=1000, 200=1000, 22=1000, 23=1000, 169=1000, 24=1000, 25=1000, 26=1000, 166=1000, 165=1000, 27=1000, 28=1000, 168=1000, 167=1000, 29=1000, 161=1000, 3=1000, 2=1000, 162=1000, 1=1000, 163=1000, 0=1000, 164=1000, 7=1000, 30=1000, 6=1000, 5=1000, 32=1000, 4=1000, 31=1000, 160=1000, 9=1000, 8=1000, 19=1000, 17=1000, 179=1000, 178=1000, 18=1000, 177=1000, 15=1000, 16=1000, 176=1000, 13=1000, 14=1000, 11=1000, 12=1000, 21=1000, 170=1000, 171=1000, 20=1000, 174=1000, 175=1000, 172=1000, 173=1000, 188=1000, 187=1000, 189=1000, 180=1000, 10=1000, 181=1000, 182=1000, 183=1000, 184=1000, 185=1000, 186=1000, 116=1000, 79=1000, 117=1000, 114=1000, 78=1000, 77=1000, 115=1000, 112=1000, 113=1000, 110=1000, 111=1000, 118=1000, 119=1000, 82=1000, 83=1000, 80=1000, 81=1000, 86=1000, 87=1000, 84=1000, 85=1000, 67=1000, 125=1000, 66=1000, 126=1000, 69=1000, 127=1000, 128=1000, 68=1000, 121=1000, 122=1000, 123=1000, 124=1000, 129=1000, 70=1000, 120=1000, 71=1000, 72=1000, 73=1000, 74=1000, 75=1000, 76=1000, 134=1000, 135=1000, 132=1000, 133=1000, 59=1000, 138=1000, 58=1000, 139=1000, 57=1000, 56=1000, 136=1000, 137=1000, 55=1000, 64=1000, 65=1000, 62=1000, 63=1000, 131=1000, 60=1000, 130=1000, 61=1000, 143=1000, 49=1000, 144=1000, 48=1000, 145=1000, 146=1000, 45=1000, 147=1000, 148=1000, 44=1000, 47=1000, 149=1000, 46=1000, 51=1000, 52=1000, 53=1000, 54=1000, 140=1000, 142=1000, 50=1000, 141=1000, 109=1000, 108=1000, 107=1000, 106=1000, 105=1000, 104=1000, 103=1000, 102=1000, 99=1000, 101=1000, 100=1000, 98=1000, 97=1000, 96=1000, 95=1000, 94=1000, 93=1000, 92=1000, 91=1000, 90=1000, 88=1000, 89=1000, 195=1000, 194=1000, 197=1000, 196=1000, 191=1000, 190=1000, 193=1000, 192=1000, 198=1000, 199=1000}
Number of gene trees: 1000
0 trees have missing taxa
Calculating quartet distance matrix (for completion of X)
Species tree distances calculated ...
Building set of clusters (X) from gene trees 
Using tree-based weight calculation.
Number of Default Clusters: 208451
Number of quartet trees in the gene trees: 65841402825
calculating extra bipartitions to be added at level 1 ...
Number of Clusters after addition by distance: 208493
Adding to X using resolutions of greedy consensus ...
Threshold 0.0:
polytomy of size 18; rounds with additions with at least 0.01 support: 10; clusters: 212775
Threshold 0.01:
polytomy of size 36; rounds with additions with at least 0.01 support: 11; clusters: 233611
Threshold 0.02:
polytomy of size 3; rounds with additions with at least 0.01 support: 0; clusters: 233611
polytomy of size 41; rounds with additions with at least 0.01 support: 0; clusters: 258621
Threshold 0.05:
polytomy of size 3; rounds with additions with at least 0.01 support: 0; clusters: 258621
polytomy of size 4; rounds with additions with at least 0.01 support: 0; clusters: 258621
polytomy of size 59; rounds with additions with at least 0.01 support: 0; clusters: 258909
Threshold 0.1:
polytomy of size 3; rounds with additions with at least 0.01 support: 0; clusters: 258909
polytomy of size 7; rounds with additions with at least 0.01 support: 0; clusters: 258909
polytomy of size 7; rounds with additions with at least 0.01 support: 0; clusters: 258909
polytomy of size 3; rounds with additions with at least 0.01 support: 0; clusters: 258909
polytomy of size 72; rounds with additions with at least 0.01 support: 0; clusters: 259171
Threshold 0.2:
polytomy of size 3; rounds with additions with at least 0.01 support: 0; clusters: 259171
polytomy of size 6; rounds with additions with at least 0.01 support: 0; clusters: 259171
polytomy of size 8; rounds with additions with at least 0.01 support: 0; clusters: 259171
polytomy of size 3; rounds with additions with at least 0.01 support: 0; clusters: 259171
polytomy of size 3; rounds with additions with at least 0.01 support: 0; clusters: 259171
polytomy of size 3; rounds with additions with at least 0.01 support: 0; clusters: 259171
polytomy of size 9; rounds with additions with at least 0.01 support: 0; clusters: 259171
Threshold 0.3333333333333333:
polytomy of size 3; rounds with additions with at least 0.01 support: 0; clusters: 259171
polytomy of size 3; rounds with additions with at least 0.01 support: 0; clusters: 259171
polytomy of size 3; rounds with additions with at least 0.01 support: 0; clusters: 259171
polytomy of size 4; rounds with additions with at least 0.01 support: 0; clusters: 259171
Number of Clusters after addition by greedy: 259171
partitions formed in 109.538 secs
Dynamic Programming starting after 109.538 secs
Size of largest cluster: 201
Calculated 100000 weights; time (seconds): 756
Calculated 200000 weights; time (seconds): 692
Calculated 300000 weights; time (seconds): 731
Calculated 400000 weights; time (seconds): 738
Total Number of elements weighted: 430937
Normalized score (portion of input quartet trees satisfied): 0.42265667601227935
Final optimization score: 27828308462
Optimal tree inferred in 3139.059 secs.
(177,(156,((32,(42,86)),((153,82),(((195,(181,38)),(112,(93,(175,129)))),(((21,46),(111,(16,(33,(172,19))))),((116,(78,(101,(59,(176,164))))),(0,((((167,(64,28)),((174,114),((188,178),(54,(8,(91,171)))))),((11,((22,(84,(152,79))),((149,105),(83,(106,((24,194),((52,47),(2,62)))))))),(((190,(136,31)),(43,((139,(4,76)),(((144,150),(68,(170,77))),(141,(35,(120,(179,(130,(95,131)))))))))),(((20,(155,6)),(94,((126,154),(57,(29,115))))),(((110,9),(75,((34,(85,182)),(104,(134,(36,(87,17))))))),(92,(((5,(40,196)),(192,(58,1))),((73,(44,96)),(51,(123,(12,99))))))))))),((((183,(193,100)),((124,((37,158),(88,((135,132),(142,148))))),((3,108),(27,((102,(143,169)),(157,(74,10))))))),(((61,97),((122,151),((133,(39,45)),(48,(90,145))))),((23,(173,191)),((160,(186,(128,200))),(168,((13,26),(184,(127,30)))))))),((((81,(50,69)),(109,((60,163),(41,(187,185))))),(((180,(140,189)),(53,(198,(113,67)))),(49,(138,(103,(166,(197,(71,199)))))))),((137,((89,107),(98,(56,162)))),((72,121),(((165,(161,15)),((55,118),(66,119))),((65,(63,(7,(125,(70,159))))),((147,80),(146,((117,25),(18,14)))))))))))))))))));
Quartet score is: 27828308462
Normalized quartet score is: 0.42265667601227935
ASTRAL finished in 3156.085 secs
