
================== ASTRAL ===================== 

This is ASTRAL version 4.10.10
Gene trees are treated as unrooted
1000 trees read from ASTRALDATA/model.200.10000000.0.0000001/40/estimatedgenetre.halfresolved
All output trees will be *arbitrarily* rooted at 133

======== Running the main analysis
Number of taxa: 201 (201 species)
Taxa: [133, 60, 190, 38, 8, 185, 105, 91, 136, 42, 96, 80, 90, 108, 27, 43, 165, 84, 12, 50, 61, 104, 111, 149, 121, 151, 160, 157, 154, 23, 125, 122, 17, 130, 41, 28, 115, 179, 35, 33, 67, 182, 161, 163, 132, 51, 110, 137, 59, 176, 113, 197, 46, 66, 87, 200, 117, 54, 19, 102, 159, 198, 187, 135, 150, 34, 79, 10, 134, 127, 73, 142, 162, 31, 173, 109, 172, 193, 70, 65, 13, 177, 141, 143, 186, 55, 20, 82, 140, 147, 24, 89, 171, 103, 148, 181, 168, 174, 153, 58, 169, 77, 124, 9, 183, 74, 26, 98, 75, 195, 199, 106, 57, 166, 48, 114, 76, 123, 196, 126, 101, 18, 138, 170, 2, 52, 194, 139, 180, 68, 6, 155, 189, 15, 45, 95, 100, 1, 39, 119, 175, 192, 107, 129, 14, 158, 72, 32, 85, 164, 71, 40, 64, 86, 4, 146, 188, 144, 184, 92, 97, 156, 11, 29, 120, 118, 191, 167, 81, 53, 5, 152, 25, 0, 94, 78, 21, 16, 128, 145, 49, 30, 99, 131, 56, 93, 36, 88, 44, 37, 3, 62, 83, 112, 63, 7, 22, 47, 178, 116, 69]
Taxon occupancy: {35=1000, 36=1000, 159=1000, 33=1000, 34=1000, 158=1000, 157=1000, 39=1000, 156=1000, 155=1000, 37=1000, 38=1000, 154=1000, 152=1000, 153=1000, 150=1000, 151=1000, 43=1000, 42=1000, 41=1000, 40=1000, 200=1000, 22=1000, 23=1000, 169=1000, 24=1000, 25=1000, 26=1000, 166=1000, 165=1000, 27=1000, 28=1000, 168=1000, 29=1000, 167=1000, 161=1000, 3=1000, 162=1000, 2=1000, 163=1000, 1=1000, 164=1000, 0=1000, 7=1000, 30=1000, 6=1000, 32=1000, 5=1000, 31=1000, 160=1000, 4=1000, 9=1000, 8=1000, 19=1000, 17=1000, 179=1000, 178=1000, 18=1000, 177=1000, 15=1000, 176=1000, 16=1000, 13=1000, 14=1000, 11=1000, 12=1000, 170=1000, 21=1000, 171=1000, 20=1000, 174=1000, 175=1000, 172=1000, 173=1000, 188=1000, 187=1000, 189=1000, 180=1000, 181=1000, 10=1000, 182=1000, 183=1000, 184=1000, 185=1000, 186=1000, 116=1000, 79=1000, 117=1000, 114=1000, 78=1000, 115=1000, 77=1000, 112=1000, 113=1000, 110=1000, 111=1000, 118=1000, 119=1000, 82=1000, 83=1000, 80=1000, 81=1000, 86=1000, 87=1000, 84=1000, 85=1000, 125=1000, 67=1000, 66=1000, 126=1000, 69=1000, 127=1000, 68=1000, 128=1000, 121=1000, 122=1000, 123=1000, 124=1000, 129=1000, 70=1000, 71=1000, 120=1000, 72=1000, 73=1000, 74=1000, 75=1000, 76=1000, 134=1000, 135=1000, 132=1000, 59=1000, 133=1000, 58=1000, 138=1000, 57=1000, 139=1000, 136=1000, 56=1000, 55=1000, 137=1000, 64=1000, 65=1000, 62=1000, 63=1000, 60=1000, 131=1000, 61=1000, 130=1000, 143=1000, 49=1000, 48=1000, 144=1000, 145=1000, 146=1000, 147=1000, 45=1000, 148=1000, 44=1000, 47=1000, 149=1000, 46=1000, 51=1000, 52=1000, 53=1000, 54=1000, 140=1000, 142=1000, 141=1000, 50=1000, 109=1000, 108=1000, 107=1000, 106=1000, 105=1000, 104=1000, 103=1000, 102=1000, 99=1000, 101=1000, 100=1000, 98=1000, 97=1000, 96=1000, 95=1000, 94=1000, 93=1000, 92=1000, 91=1000, 90=1000, 88=1000, 89=1000, 195=1000, 194=1000, 197=1000, 196=1000, 191=1000, 190=1000, 193=1000, 192=1000, 198=1000, 199=1000}
Number of gene trees: 1000
0 trees have missing taxa
Calculating quartet distance matrix (for completion of X)
Species tree distances calculated ...
Building set of clusters (X) from gene trees 
Using tree-based weight calculation.
Number of Default Clusters: 12547
Number of quartet trees in the gene trees: 65998350000
calculating extra bipartitions to be added at level 1 ...
Number of Clusters after addition by distance: 12547
Adding to X using resolutions of greedy consensus ...
Threshold 0.0:
Threshold 0.01:
Threshold 0.02:
Threshold 0.05:
Threshold 0.1:
Threshold 0.2:
polytomy of size 6; rounds with additions with at least 0.01 support: 0; clusters: 12547
Threshold 0.3333333333333333:
polytomy of size 3; rounds with additions with at least 0.01 support: 0; clusters: 12547
polytomy of size 7; rounds with additions with at least 0.01 support: 0; clusters: 12547
Number of Clusters after addition by greedy: 12547
partitions formed in 8.885 secs
Dynamic Programming starting after 8.885 secs
Size of largest cluster: 201
Total Number of elements weighted: 43000
Normalized score (portion of input quartet trees satisfied): 0.8598275897503498
Final optimization score: 56747202208
Optimal tree inferred in 255.937 secs.
(148,((181,(103,(147,(171,(24,89))))),(140,(168,(174,((55,(20,82)),(186,((65,(13,(177,(141,143)))),((((99,131),(56,(93,36))),(((33,(67,(182,161))),((163,(110,(132,51))),((137,(200,117)),(197,((59,(176,113)),(46,(66,87))))))),((((134,(127,(73,142))),(31,(162,(173,109)))),((187,135),(((79,10),(150,34)),((54,19),(102,(159,198)))))),(((172,(193,70)),((133,60),(((190,(38,8)),(185,(105,(91,136)))),((165,(27,43)),(42,(96,(80,(90,108)))))))),((179,35),((149,(61,(104,111))),((84,(12,50)),((121,(151,(160,(157,154)))),(23,((125,(122,17)),((28,115),(130,41)))))))))))),((0,(((116,69),((3,(62,(37,(88,44)))),((22,(47,178)),((83,112),(63,7))))),((((153,58),(75,195)),((169,77),((74,(26,98)),(124,(9,183))))),(((196,(126,101)),(18,(138,(170,2)))),((199,(106,57)),((166,48),(114,(76,123)))))))),(((145,(49,30)),(94,((78,21),(16,128)))),((155,((189,(15,45)),((52,194),((139,180),(68,6))))),(((95,(100,1)),(39,(192,(119,175)))),((107,((32,(85,164)),(129,(14,(158,72))))),(((146,188),(4,(86,(64,(71,40))))),(144,((184,92),(((167,81),(53,(5,(152,25)))),((97,156),(11,((118,191),(29,120))))))))))))))))))))));
Quartet score is: 56747202208
Normalized quartet score is: 0.8598275897503498
ASTRAL finished in 265.144 secs
