
================== ASTRAL ===================== 

This is ASTRAL version 4.10.10
Gene trees are treated as unrooted
1000 trees read from ASTRALDATA/model.200.2000000.0.000001/40/estimatedgenetre.halfresolved
All output trees will be *arbitrarily* rooted at 134

======== Running the main analysis
Number of taxa: 201 (201 species)
Taxa: [134, 34, 196, 121, 103, 4, 13, 122, 42, 37, 17, 105, 114, 192, 26, 92, 124, 39, 200, 184, 85, 145, 36, 157, 27, 153, 55, 9, 20, 38, 47, 113, 72, 40, 19, 189, 87, 136, 95, 2, 187, 70, 197, 35, 86, 129, 188, 41, 54, 101, 22, 156, 109, 90, 146, 186, 6, 15, 112, 182, 91, 135, 48, 23, 118, 143, 50, 160, 171, 88, 137, 68, 12, 100, 149, 108, 11, 97, 111, 75, 178, 164, 44, 185, 77, 119, 52, 74, 31, 141, 14, 5, 169, 102, 73, 131, 56, 43, 174, 28, 60, 173, 151, 126, 128, 163, 158, 81, 96, 159, 16, 155, 125, 58, 99, 168, 49, 139, 172, 46, 76, 25, 8, 123, 138, 110, 21, 93, 10, 193, 194, 94, 166, 116, 175, 148, 62, 24, 154, 183, 83, 64, 104, 170, 191, 7, 117, 61, 140, 66, 63, 82, 179, 89, 3, 132, 142, 144, 190, 78, 198, 147, 51, 57, 106, 167, 98, 79, 127, 133, 32, 152, 180, 150, 1, 29, 165, 65, 33, 45, 18, 115, 177, 30, 59, 80, 53, 199, 0, 120, 162, 176, 161, 181, 69, 67, 195, 84, 130, 71, 107]
Taxon occupancy: {35=1000, 36=1000, 159=1000, 33=1000, 34=1000, 158=1000, 157=1000, 39=1000, 156=1000, 37=1000, 155=1000, 38=1000, 154=1000, 152=1000, 153=1000, 150=1000, 151=1000, 43=1000, 42=1000, 41=1000, 40=1000, 200=1000, 22=1000, 169=1000, 23=1000, 24=1000, 25=1000, 26=1000, 166=1000, 27=1000, 165=1000, 28=1000, 168=1000, 167=1000, 29=1000, 161=1000, 3=1000, 2=1000, 162=1000, 163=1000, 1=1000, 164=1000, 0=1000, 7=1000, 30=1000, 6=1000, 5=1000, 32=1000, 31=1000, 160=1000, 4=1000, 9=1000, 8=1000, 19=1000, 17=1000, 179=1000, 178=1000, 18=1000, 15=1000, 177=1000, 16=1000, 176=1000, 13=1000, 14=1000, 11=1000, 12=1000, 21=1000, 170=1000, 171=1000, 20=1000, 174=1000, 175=1000, 172=1000, 173=1000, 188=1000, 187=1000, 189=1000, 180=1000, 181=1000, 10=1000, 182=1000, 183=1000, 184=1000, 185=1000, 186=1000, 116=1000, 117=1000, 79=1000, 114=1000, 78=1000, 77=1000, 115=1000, 112=1000, 113=1000, 110=1000, 111=1000, 118=1000, 119=1000, 82=1000, 83=1000, 80=1000, 81=1000, 86=1000, 87=1000, 84=1000, 85=1000, 67=1000, 125=1000, 126=1000, 66=1000, 69=1000, 127=1000, 68=1000, 128=1000, 121=1000, 122=1000, 123=1000, 124=1000, 129=1000, 70=1000, 71=1000, 120=1000, 72=1000, 73=1000, 74=1000, 75=1000, 76=1000, 134=1000, 135=1000, 132=1000, 133=1000, 59=1000, 58=1000, 138=1000, 139=1000, 57=1000, 136=1000, 56=1000, 137=1000, 55=1000, 64=1000, 65=1000, 62=1000, 63=1000, 131=1000, 60=1000, 130=1000, 61=1000, 143=1000, 49=1000, 48=1000, 144=1000, 145=1000, 146=1000, 147=1000, 45=1000, 44=1000, 148=1000, 149=1000, 47=1000, 46=1000, 51=1000, 52=1000, 53=1000, 54=1000, 140=1000, 142=1000, 141=1000, 50=1000, 109=1000, 108=1000, 107=1000, 106=1000, 105=1000, 104=1000, 103=1000, 102=1000, 99=1000, 101=1000, 100=1000, 98=1000, 97=1000, 96=1000, 95=1000, 94=1000, 93=1000, 92=1000, 91=1000, 90=1000, 88=1000, 89=1000, 195=1000, 194=1000, 197=1000, 196=1000, 191=1000, 190=1000, 193=1000, 192=1000, 198=1000, 199=1000}
Number of gene trees: 1000
0 trees have missing taxa
Calculating quartet distance matrix (for completion of X)
Species tree distances calculated ...
Building set of clusters (X) from gene trees 
Using tree-based weight calculation.
Number of Default Clusters: 32191
Number of quartet trees in the gene trees: 65998191621
calculating extra bipartitions to be added at level 1 ...
Number of Clusters after addition by distance: 32191
Adding to X using resolutions of greedy consensus ...
Threshold 0.0:
Threshold 0.01:
Threshold 0.02:
Threshold 0.05:
polytomy of size 3; rounds with additions with at least 0.01 support: 0; clusters: 32191
polytomy of size 3; rounds with additions with at least 0.01 support: 0; clusters: 32191
Threshold 0.1:
polytomy of size 3; rounds with additions with at least 0.01 support: 0; clusters: 32191
polytomy of size 3; rounds with additions with at least 0.01 support: 0; clusters: 32191
polytomy of size 7; rounds with additions with at least 0.01 support: 0; clusters: 32191
Threshold 0.2:
polytomy of size 5; rounds with additions with at least 0.01 support: 0; clusters: 32191
polytomy of size 5; rounds with additions with at least 0.01 support: 0; clusters: 32191
polytomy of size 3; rounds with additions with at least 0.01 support: 0; clusters: 32191
polytomy of size 3; rounds with additions with at least 0.01 support: 0; clusters: 32191
polytomy of size 4; rounds with additions with at least 0.01 support: 0; clusters: 32191
polytomy of size 4; rounds with additions with at least 0.01 support: 0; clusters: 32191
polytomy of size 3; rounds with additions with at least 0.01 support: 0; clusters: 32191
polytomy of size 11; rounds with additions with at least 0.01 support: 0; clusters: 32191
Threshold 0.3333333333333333:
polytomy of size 3; rounds with additions with at least 0.01 support: 0; clusters: 32191
polytomy of size 5; rounds with additions with at least 0.01 support: 0; clusters: 32191
polytomy of size 3; rounds with additions with at least 0.01 support: 0; clusters: 32191
polytomy of size 3; rounds with additions with at least 0.01 support: 0; clusters: 32191
polytomy of size 4; rounds with additions with at least 0.01 support: 0; clusters: 32191
polytomy of size 3; rounds with additions with at least 0.01 support: 0; clusters: 32191
polytomy of size 4; rounds with additions with at least 0.01 support: 0; clusters: 32191
polytomy of size 3; rounds with additions with at least 0.01 support: 0; clusters: 32191
polytomy of size 3; rounds with additions with at least 0.01 support: 0; clusters: 32191
polytomy of size 7; rounds with additions with at least 0.01 support: 0; clusters: 32191
polytomy of size 4; rounds with additions with at least 0.01 support: 0; clusters: 32191
polytomy of size 4; rounds with additions with at least 0.01 support: 0; clusters: 32191
polytomy of size 4; rounds with additions with at least 0.01 support: 0; clusters: 32191
polytomy of size 6; rounds with additions with at least 0.01 support: 0; clusters: 32191
polytomy of size 5; rounds with additions with at least 0.01 support: 0; clusters: 32191
polytomy of size 3; rounds with additions with at least 0.01 support: 0; clusters: 32191
polytomy of size 13; rounds with additions with at least 0.01 support: 0; clusters: 32239
Number of Clusters after addition by greedy: 32239
partitions formed in 20.479 secs
Dynamic Programming starting after 20.479 secs
Size of largest cluster: 201
Calculated 100000 weights; time (seconds): 629
Total Number of elements weighted: 130392
Normalized score (portion of input quartet trees satisfied): 0.7456537717973059
Final optimization score: 49211800514
Optimal tree inferred in 813.245 secs.
(73,(5,((56,(131,(169,102))),(14,((60,(174,(43,28))),((197,35),(((134,(34,196)),((24,(121,(13,(103,4)))),(105,((122,(42,(37,17))),(154,((83,64),(183,104))))))),((((54,101),(41,(129,(86,188)))),(0,((59,((146,((80,(53,199)),(22,(186,(6,15))))),((90,(156,109)),(112,(182,((48,23),(118,(91,135)))))))),(((173,(151,(126,128))),(25,(8,(46,76)))),(((163,(158,81)),(16,((96,159),((155,125),((139,(49,172)),(168,(58,99))))))),((123,138),(110,((62,(93,(148,(21,10)))),((175,(94,166)),(116,(193,194))))))))))),((((120,162),((161,181),(176,(71,107)))),((114,((92,124),(192,26))),((84,130),(67,(69,195))))),(((57,106),((147,51),(78,(190,198)))),((((191,(170,7)),(((185,77),(164,44)),((50,74),((119,52),(31,141))))),((111,(75,178)),((117,61),((132,(142,(144,(89,3)))),((82,179),(63,(140,66))))))),((((70,(2,187)),(133,((32,152),(79,(167,(98,127)))))),(((45,18),((177,30),(33,115))),((95,(136,(189,87))),((150,1),(180,(29,(165,65))))))),(((160,(171,(88,137))),((68,(12,100)),(97,(149,(108,11))))),(((40,19),((9,20),((38,113),(47,72)))),((85,(157,(153,(27,55)))),(143,((145,36),(200,(39,184)))))))))))))))))));
Quartet score is: 49211800514
Normalized quartet score is: 0.7456537717973059
ASTRAL finished in 820.988 secs
