
================== ASTRAL ===================== 

This is ASTRAL version 4.10.8
Gene trees are treated as unrooted
1000 trees read from model.200.10000000.0.0000001/16/estimatedgenetre.halfresolved
All outputted trees will be *arbitrarily* rooted at 159

======== Running the main analysis
Number of taxa: 201 (201 species)
Taxa: [159, 118, 177, 86, 10, 83, 154, 84, 36, 74, 149, 91, 133, 24, 188, 151, 65, 92, 109, 124, 12, 136, 138, 39, 99, 8, 72, 108, 119, 200, 27, 195, 47, 32, 113, 31, 175, 66, 191, 141, 137, 26, 145, 116, 5, 93, 81, 80, 19, 130, 184, 164, 44, 6, 166, 189, 128, 102, 156, 158, 134, 33, 49, 127, 126, 0, 121, 43, 168, 38, 125, 56, 185, 157, 123, 178, 155, 190, 165, 16, 7, 90, 35, 60, 129, 179, 46, 3, 34, 112, 199, 104, 61, 48, 82, 163, 76, 171, 147, 197, 192, 183, 97, 174, 75, 181, 37, 150, 14, 11, 15, 105, 55, 144, 69, 114, 120, 9, 182, 117, 101, 64, 95, 41, 4, 28, 142, 79, 167, 132, 63, 13, 2, 122, 22, 42, 172, 70, 78, 59, 176, 85, 161, 45, 53, 58, 196, 88, 115, 103, 50, 173, 135, 146, 140, 73, 111, 1, 25, 193, 187, 77, 57, 131, 180, 67, 153, 169, 98, 20, 21, 29, 100, 110, 40, 52, 139, 160, 94, 162, 62, 194, 143, 96, 198, 106, 152, 30, 68, 23, 71, 87, 186, 170, 148, 54, 17, 107, 51, 18, 89]
Taxon occupancy: {35=1000, 36=1000, 33=1000, 159=1000, 34=1000, 158=1000, 157=1000, 39=1000, 156=1000, 155=1000, 37=1000, 38=1000, 154=1000, 152=1000, 153=1000, 150=1000, 151=1000, 43=1000, 42=1000, 41=1000, 40=1000, 200=1000, 22=1000, 169=1000, 23=1000, 24=1000, 25=1000, 166=1000, 26=1000, 165=1000, 27=1000, 168=1000, 28=1000, 167=1000, 29=1000, 3=1000, 161=1000, 2=1000, 162=1000, 163=1000, 1=1000, 0=1000, 164=1000, 7=1000, 30=1000, 6=1000, 32=1000, 5=1000, 31=1000, 4=1000, 160=1000, 9=1000, 8=1000, 19=1000, 17=1000, 179=1000, 18=1000, 178=1000, 177=1000, 15=1000, 16=1000, 176=1000, 13=1000, 14=1000, 11=1000, 12=1000, 170=1000, 21=1000, 171=1000, 20=1000, 174=1000, 175=1000, 172=1000, 173=1000, 188=1000, 187=1000, 189=1000, 180=1000, 10=1000, 181=1000, 182=1000, 183=1000, 184=1000, 185=1000, 186=1000, 116=1000, 117=1000, 79=1000, 114=1000, 78=1000, 115=1000, 77=1000, 112=1000, 113=1000, 110=1000, 111=1000, 118=1000, 119=1000, 82=1000, 83=1000, 80=1000, 81=1000, 86=1000, 87=1000, 84=1000, 85=1000, 125=1000, 67=1000, 126=1000, 66=1000, 127=1000, 69=1000, 128=1000, 68=1000, 121=1000, 122=1000, 123=1000, 124=1000, 129=1000, 70=1000, 120=1000, 71=1000, 72=1000, 73=1000, 74=1000, 75=1000, 76=1000, 134=1000, 135=1000, 132=1000, 133=1000, 59=1000, 138=1000, 58=1000, 57=1000, 139=1000, 56=1000, 136=1000, 137=1000, 55=1000, 64=1000, 65=1000, 62=1000, 63=1000, 60=1000, 131=1000, 61=1000, 130=1000, 49=1000, 143=1000, 48=1000, 144=1000, 145=1000, 146=1000, 147=1000, 45=1000, 148=1000, 44=1000, 149=1000, 47=1000, 46=1000, 51=1000, 52=1000, 53=1000, 54=1000, 140=1000, 142=1000, 141=1000, 50=1000, 109=1000, 108=1000, 107=1000, 106=1000, 105=1000, 104=1000, 103=1000, 102=1000, 99=1000, 101=1000, 100=1000, 98=1000, 97=1000, 96=1000, 95=1000, 94=1000, 93=1000, 92=1000, 91=1000, 90=1000, 88=1000, 89=1000, 195=1000, 194=1000, 197=1000, 196=1000, 191=1000, 190=1000, 193=1000, 192=1000, 198=1000, 199=1000}
Number of gene trees: 1000
0 trees have missing taxa
Calculating quartet distance matrix (for completion of X)
Species tree distances calculated ...
Building set of clusters (X) from gene trees 
Using tree-based weight calculation.
Number of Default Clusters: 84095
Number of quartet trees in the gene trees: 65998346634
calculating extra bipartitions to be added at level 1 ...
Number of Clusters after addition by distance: 84095
Adding to X using resolutions of greedy consensus ...
Threshold 0.0:
Threshold 0.01:
polytomy of size 5; rounds with additions with at least 0.01 support: 0; clusters: 84113
Threshold 0.02:
polytomy of size 3; rounds with additions with at least 0.01 support: 0; clusters: 84113
polytomy of size 9; rounds with additions with at least 0.01 support: 0; clusters: 84157
Threshold 0.05:
polytomy of size 17; rounds with additions with at least 0.01 support: 0; clusters: 84157
Threshold 0.1:
polytomy of size 23; rounds with additions with at least 0.01 support: 0; clusters: 84157
Threshold 0.2:
polytomy of size 3; rounds with additions with at least 0.01 support: 0; clusters: 84157
polytomy of size 37; rounds with additions with at least 0.01 support: 0; clusters: 84157
Threshold 0.3333333333333333:
polytomy of size 3; rounds with additions with at least 0.01 support: 0; clusters: 84157
polytomy of size 4; rounds with additions with at least 0.01 support: 0; clusters: 84157
polytomy of size 3; rounds with additions with at least 0.01 support: 0; clusters: 84157
polytomy of size 3; rounds with additions with at least 0.01 support: 0; clusters: 84157
polytomy of size 3; rounds with additions with at least 0.01 support: 0; clusters: 84157
polytomy of size 3; rounds with additions with at least 0.01 support: 0; clusters: 84157
polytomy of size 48; rounds with additions with at least 0.01 support: 0; clusters: 90929
Number of Clusters after addition by greedy: 90929
partitions formed in 43.373 secs
Dynamic Programming starting after 43.373 secs
Size of largest cluster: 201
Size of largest cluster: 201
Calculated 100000 weights; time (seconds): 66
Total Number of elements weighted: 207124
Normalized score (portion of input quartet trees satisfied): NaN
Final optimization score: 0
Calculated 200000 weights; time (seconds): 35
Total Number of elements weighted: 207124
Normalized score (portion of input quartet trees satisfied): 0.631533432059158
Final optimization score: 41680162360
Optimal tree inferred in 105.579 secs.
(159,(118,(146,((177,86),((196,(83,(154,84))),(135,(((22,(42,(172,70))),((68,23),((36,(74,149)),(((107,51),(18,89)),((54,17),(148,(170,(186,(71,87))))))))),((32,(113,31)),((((60,129),(179,46)),((198,(66,191)),(91,(133,(24,188))))),((((40,52),(56,(92,((140,(157,123)),(185,(173,110)))))),((178,(155,190)),(((160,(94,162)),(139,((98,20),(21,(29,100))))),((153,169),(122,((109,124),((12,136),((138,39),(99,8))))))))),(((78,(200,(119,(72,108)))),((49,((62,194),((127,126),(96,(10,143))))),((115,(103,50)),((175,(73,(111,1))),(25,(193,(187,77))))))),((((30,(106,152)),(168,(125,(43,38)))),(93,(81,((19,(80,130)),(33,((134,(88,(184,(164,44)))),((166,189),(128,(6,(158,(102,156))))))))))),(0,(((151,65),((165,16),(7,(90,35)))),(((((120,117),(9,182)),(64,((114,101),(69,(95,41))))),(((150,14),(75,(181,37))),((15,105),(11,(55,144))))),((((180,67),(57,131)),(59,(27,(195,47)))),(((141,137),(145,(26,(116,5)))),((28,142),((121,((13,2),((79,167),(132,63)))),(4,(((197,176),(192,(183,(97,174)))),((53,(85,(58,(161,45)))),((3,76),((171,147),(199,((104,(34,112)),(61,(163,(48,82)))))))))))))))))))))))))))));
Quartet score is: 41680162360
Normalized quartet score is: 0.631533432059158
ASTRAL finished in 114.224 secs
