
================== ASTRAL ===================== 

This is ASTRAL version 4.10.8
Gene trees are treated as unrooted
1000 trees read from model.200.2000000.0.0000001/41/estimatedgenetre.halfresolved
All outputted trees will be *arbitrarily* rooted at 24

======== Running the main analysis
Number of taxa: 201 (201 species)
Taxa: [24, 86, 38, 136, 130, 121, 81, 1, 161, 84, 92, 112, 173, 183, 176, 160, 88, 61, 18, 66, 0, 140, 71, 132, 119, 107, 15, 3, 82, 45, 97, 4, 152, 198, 169, 131, 75, 12, 44, 159, 153, 168, 185, 56, 33, 196, 37, 6, 99, 8, 94, 103, 55, 49, 154, 14, 134, 180, 163, 178, 199, 51, 31, 108, 128, 65, 192, 174, 89, 16, 98, 64, 115, 175, 78, 73, 52, 72, 109, 41, 116, 46, 17, 113, 40, 186, 26, 114, 39, 104, 147, 193, 100, 53, 42, 110, 11, 85, 150, 13, 172, 47, 177, 70, 69, 194, 129, 74, 182, 68, 117, 34, 170, 197, 157, 10, 2, 28, 162, 54, 25, 60, 96, 139, 118, 77, 36, 142, 32, 27, 151, 7, 164, 123, 76, 80, 148, 29, 111, 63, 22, 59, 188, 138, 43, 62, 146, 156, 191, 189, 5, 141, 171, 181, 184, 19, 35, 30, 79, 20, 105, 106, 50, 155, 127, 124, 120, 67, 122, 133, 9, 190, 179, 21, 195, 91, 135, 90, 143, 125, 137, 57, 149, 144, 165, 187, 23, 158, 87, 167, 102, 95, 145, 48, 166, 126, 200, 83, 58, 101, 93]
Taxon occupancy: {35=1000, 36=1000, 159=1000, 33=1000, 34=1000, 158=1000, 39=1000, 157=1000, 156=1000, 37=1000, 155=1000, 154=1000, 38=1000, 152=1000, 153=1000, 150=1000, 151=1000, 43=1000, 42=1000, 41=1000, 40=1000, 200=1000, 22=1000, 169=1000, 23=1000, 24=1000, 25=1000, 166=1000, 26=1000, 27=1000, 165=1000, 168=1000, 28=1000, 29=1000, 167=1000, 161=1000, 3=1000, 2=1000, 162=1000, 163=1000, 1=1000, 0=1000, 164=1000, 7=1000, 30=1000, 6=1000, 32=1000, 5=1000, 31=1000, 160=1000, 4=1000, 9=1000, 8=1000, 19=1000, 17=1000, 179=1000, 178=1000, 18=1000, 15=1000, 177=1000, 16=1000, 176=1000, 13=1000, 14=1000, 11=1000, 12=1000, 170=1000, 21=1000, 171=1000, 20=1000, 174=1000, 175=1000, 172=1000, 173=1000, 188=1000, 187=1000, 189=1000, 180=1000, 10=1000, 181=1000, 182=1000, 183=1000, 184=1000, 185=1000, 186=1000, 116=1000, 117=1000, 79=1000, 114=1000, 78=1000, 115=1000, 77=1000, 112=1000, 113=1000, 110=1000, 111=1000, 118=1000, 119=1000, 82=1000, 83=1000, 80=1000, 81=1000, 86=1000, 87=1000, 84=1000, 85=1000, 67=1000, 125=1000, 126=1000, 66=1000, 69=1000, 127=1000, 128=1000, 68=1000, 121=1000, 122=1000, 123=1000, 124=1000, 129=1000, 70=1000, 71=1000, 120=1000, 72=1000, 73=1000, 74=1000, 75=1000, 76=1000, 134=1000, 135=1000, 132=1000, 59=1000, 133=1000, 58=1000, 138=1000, 139=1000, 57=1000, 136=1000, 56=1000, 55=1000, 137=1000, 64=1000, 65=1000, 62=1000, 63=1000, 131=1000, 60=1000, 61=1000, 130=1000, 49=1000, 143=1000, 48=1000, 144=1000, 145=1000, 146=1000, 147=1000, 45=1000, 44=1000, 148=1000, 47=1000, 149=1000, 46=1000, 51=1000, 52=1000, 53=1000, 54=1000, 140=1000, 142=1000, 141=1000, 50=1000, 109=1000, 108=1000, 107=1000, 106=1000, 105=1000, 104=1000, 103=1000, 99=1000, 102=1000, 101=1000, 100=1000, 98=1000, 97=1000, 96=1000, 95=1000, 94=1000, 93=1000, 92=1000, 91=1000, 90=1000, 88=1000, 89=1000, 195=1000, 194=1000, 197=1000, 196=1000, 191=1000, 190=1000, 193=1000, 192=1000, 198=1000, 199=1000}
Number of gene trees: 1000
0 trees have missing taxa
Calculating quartet distance matrix (for completion of X)
Species tree distances calculated ...
Building set of clusters (X) from gene trees 
Using tree-based weight calculation.
Number of Default Clusters: 65983
Number of quartet trees in the gene trees: 65998345446
calculating extra bipartitions to be added at level 1 ...
Number of Clusters after addition by distance: 65983
Adding to X using resolutions of greedy consensus ...
Threshold 0.0:
Threshold 0.01:
polytomy of size 7; rounds with additions with at least 0.01 support: 2; clusters: 66063
Threshold 0.02:
polytomy of size 10; rounds with additions with at least 0.01 support: 0; clusters: 66161
Threshold 0.05:
polytomy of size 13; rounds with additions with at least 0.01 support: 0; clusters: 66165
Threshold 0.1:
polytomy of size 3; rounds with additions with at least 0.01 support: 0; clusters: 66165
polytomy of size 20; rounds with additions with at least 0.01 support: 0; clusters: 66171
polytomy of size 3; rounds with additions with at least 0.01 support: 0; clusters: 66171
polytomy of size 6; rounds with additions with at least 0.01 support: 0; clusters: 66171
Threshold 0.2:
polytomy of size 3; rounds with additions with at least 0.01 support: 0; clusters: 66171
polytomy of size 6; rounds with additions with at least 0.01 support: 0; clusters: 66171
polytomy of size 3; rounds with additions with at least 0.01 support: 0; clusters: 66171
polytomy of size 3; rounds with additions with at least 0.01 support: 0; clusters: 66171
polytomy of size 35; rounds with additions with at least 0.01 support: 0; clusters: 66171
Threshold 0.3333333333333333:
polytomy of size 3; rounds with additions with at least 0.01 support: 0; clusters: 66171
polytomy of size 4; rounds with additions with at least 0.01 support: 0; clusters: 66171
polytomy of size 3; rounds with additions with at least 0.01 support: 0; clusters: 66171
polytomy of size 4; rounds with additions with at least 0.01 support: 0; clusters: 66171
polytomy of size 3; rounds with additions with at least 0.01 support: 0; clusters: 66171
polytomy of size 4; rounds with additions with at least 0.01 support: 0; clusters: 66171
polytomy of size 4; rounds with additions with at least 0.01 support: 0; clusters: 66171
polytomy of size 53; rounds with additions with at least 0.01 support: 0; clusters: 70519
Number of Clusters after addition by greedy: 70519
partitions formed in 40.305 secs
Dynamic Programming starting after 40.305 secs
Size of largest cluster: 201
Size of largest cluster: 201
Calculated 100000 weights; time (seconds): 62
Total Number of elements weighted: 214680
Normalized score (portion of input quartet trees satisfied): NaN
Final optimization score: 0
Calculated 200000 weights; time (seconds): 26
Total Number of elements weighted: 214680
Normalized score (portion of input quartet trees satisfied): 0.6315614482654617
Final optimization score: 41682010633
Optimal tree inferred in 94.895 secs.
(24,(86,((48,166),((165,(187,(95,145))),(((167,(87,102)),((149,(90,143)),((195,(91,135)),((122,((9,179),(190,(133,21)))),((155,(137,57)),((120,67),(127,124))))))),((125,(105,(106,50))),(((126,58),(93,(200,(83,101)))),(((23,158),(144,(61,(18,66)))),((((177,(70,69)),(47,(13,172))),(((194,129),(117,(68,(74,182)))),((43,(62,146)),(139,((118,77),(((22,59),(63,((76,80),(148,(164,123))))),((7,(188,138)),((36,(142,32)),(151,(27,(29,111))))))))))),(((34,(170,(197,157))),(147,((89,(98,(16,64))),((72,109),(115,(52,(73,(175,78)))))))),((140,((116,(46,(((8,94),(103,(37,(6,99)))),(14,((49,154),(55,((199,(51,(31,108))),(134,(163,(180,178)))))))))),(((185,(153,168)),(1,(161,(84,92)))),((19,(35,(181,(184,(38,136))))),((30,(79,20)),((160,88),(156,191))))))),(0,(((10,(2,28)),(((112,173),(183,176)),(162,(54,(25,(60,96)))))),(((193,100),(42,(53,((85,150),(110,11))))),(((44,159),(41,((15,82),(45,((3,12),(97,((198,(4,152)),(169,(131,75))))))))),(((71,(132,119)),((39,104),((17,113),(114,(186,(40,26)))))),((189,((33,196),(5,(56,(141,171))))),(((128,65),(192,174)),(107,(130,(121,81)))))))))))))))))))));
Quartet score is: 41682010633
Normalized quartet score is: 0.6315614482654617
ASTRAL finished in 103.721 secs
