
================== ASTRAL ===================== 

This is ASTRAL version 4.10.10
Gene trees are treated as unrooted
968 trees read from ASTRALDATA/model.100.2000000.0.000001/28/estimatedgenetre.halfresolved
All output trees will be *arbitrarily* rooted at 60

======== Running the main analysis
Number of taxa: 101 (101 species)
Taxa: [60, 6, 63, 51, 75, 1, 29, 50, 72, 25, 56, 86, 16, 73, 10, 37, 19, 62, 69, 27, 11, 9, 100, 91, 64, 71, 41, 36, 77, 21, 0, 87, 66, 65, 92, 48, 68, 43, 96, 84, 5, 15, 85, 80, 58, 47, 89, 79, 39, 78, 4, 35, 94, 61, 99, 13, 54, 46, 97, 3, 38, 34, 14, 74, 90, 32, 59, 28, 20, 8, 52, 17, 76, 18, 93, 83, 2, 82, 98, 53, 95, 44, 24, 26, 45, 23, 31, 12, 7, 40, 55, 30, 33, 81, 70, 22, 57, 49, 67, 88, 42]
Taxon occupancy: {35=968, 36=968, 33=968, 34=968, 39=968, 37=968, 38=968, 43=968, 42=968, 41=968, 40=968, 22=968, 23=968, 24=968, 25=968, 26=968, 27=968, 28=968, 29=968, 3=968, 2=968, 1=968, 0=968, 7=968, 30=968, 6=968, 5=968, 32=968, 4=968, 31=968, 9=968, 8=968, 19=968, 17=968, 18=968, 15=968, 16=968, 13=968, 14=968, 11=968, 12=968, 21=968, 20=968, 99=968, 100=968, 98=968, 97=968, 96=968, 95=968, 94=968, 93=968, 92=968, 91=968, 90=968, 10=968, 88=968, 89=968, 79=968, 78=968, 77=968, 82=968, 83=968, 80=968, 81=968, 86=968, 87=968, 84=968, 85=968, 67=968, 66=968, 69=968, 68=968, 70=968, 71=968, 72=968, 73=968, 74=968, 75=968, 76=968, 59=968, 58=968, 57=968, 56=968, 55=968, 64=968, 65=968, 62=968, 63=968, 60=968, 61=968, 49=968, 48=968, 45=968, 44=968, 47=968, 46=968, 51=968, 52=968, 53=968, 54=968, 50=968}
Number of gene trees: 968
0 trees have missing taxa
Calculating quartet distance matrix (for completion of X)
Species tree distances calculated ...
Building set of clusters (X) from gene trees 
Using tree-based weight calculation.
Number of Default Clusters: 18575
Number of quartet trees in the gene trees: 3950257590
calculating extra bipartitions to be added at level 1 ...
Number of Clusters after addition by distance: 18575
Adding to X using resolutions of greedy consensus ...
Threshold 0.0:
Threshold 0.01:
Threshold 0.02:
Threshold 0.05:
polytomy of size 4; rounds with additions with at least 0.01 support: 0; clusters: 18575
Threshold 0.1:
polytomy of size 6; rounds with additions with at least 0.01 support: 0; clusters: 18575
Threshold 0.2:
polytomy of size 3; rounds with additions with at least 0.01 support: 0; clusters: 18575
polytomy of size 3; rounds with additions with at least 0.01 support: 0; clusters: 18575
polytomy of size 3; rounds with additions with at least 0.01 support: 0; clusters: 18575
polytomy of size 8; rounds with additions with at least 0.01 support: 0; clusters: 18575
Threshold 0.3333333333333333:
polytomy of size 3; rounds with additions with at least 0.01 support: 0; clusters: 18575
polytomy of size 4; rounds with additions with at least 0.01 support: 0; clusters: 18575
polytomy of size 5; rounds with additions with at least 0.01 support: 0; clusters: 18575
polytomy of size 4; rounds with additions with at least 0.01 support: 0; clusters: 18575
polytomy of size 3; rounds with additions with at least 0.01 support: 0; clusters: 18575
polytomy of size 3; rounds with additions with at least 0.01 support: 0; clusters: 18575
polytomy of size 5; rounds with additions with at least 0.01 support: 0; clusters: 18575
polytomy of size 5; rounds with additions with at least 0.01 support: 0; clusters: 18575
polytomy of size 3; rounds with additions with at least 0.01 support: 0; clusters: 18575
polytomy of size 8; rounds with additions with at least 0.01 support: 0; clusters: 18583
Number of Clusters after addition by greedy: 18583
partitions formed in 6.741 secs
Dynamic Programming starting after 6.741 secs
Size of largest cluster: 101
Total Number of elements weighted: 76541
Normalized score (portion of input quartet trees satisfied): 0.721823257606854
Final optimization score: 2851387802
Optimal tree inferred in 246.897 secs.
(70,(49,((88,(67,42)),(((22,57),(33,(30,81))),(((7,40),(55,(12,(23,(45,31))))),((44,(24,26)),(60,((61,(99,(13,54))),((((56,19),((10,37),(86,(16,73)))),((6,(63,51)),((72,25),(50,(75,(1,29)))))),(((80,((62,(69,27)),((11,9),(100,(91,64))))),((87,(66,65)),((21,(71,(77,(41,36)))),((68,(92,48)),((43,85),(96,(5,(84,15)))))))),((0,((76,(18,(2,(93,83)))),(28,((52,17),(20,(59,8)))))),(((14,(74,(90,32))),((3,38),(34,(46,97)))),((95,(98,(82,53))),(((89,79),(58,47)),(39,(78,(4,(35,94))))))))))))))))));
Quartet score is: 2851387802
Normalized quartet score is: 0.721823257606854
ASTRAL finished in 249.514 secs
