
================== ASTRAL ===================== 

This is ASTRAL version 4.10.10
Gene trees are treated as unrooted
999 trees read from ASTRALDATA/model.200.10000000.0.000001/19/estimatedgenetre.halfresolved
All output trees will be *arbitrarily* rooted at 52

======== Running the main analysis
Number of taxa: 201 (201 species)
Taxa: [52, 154, 179, 1, 122, 37, 68, 140, 110, 142, 176, 7, 88, 112, 25, 102, 190, 31, 39, 123, 14, 72, 158, 38, 53, 124, 184, 3, 161, 90, 6, 133, 163, 95, 178, 148, 165, 63, 137, 108, 182, 75, 2, 36, 106, 167, 8, 12, 129, 20, 132, 43, 151, 191, 58, 96, 89, 78, 91, 67, 100, 71, 66, 86, 0, 73, 134, 22, 169, 42, 144, 10, 170, 34, 62, 194, 171, 19, 47, 177, 15, 185, 145, 27, 192, 189, 29, 28, 79, 152, 9, 117, 116, 121, 115, 4, 97, 187, 141, 80, 107, 11, 60, 50, 138, 195, 193, 197, 103, 93, 166, 32, 101, 180, 76, 69, 55, 131, 105, 157, 160, 188, 99, 85, 48, 136, 156, 33, 164, 51, 196, 40, 46, 57, 120, 45, 81, 199, 84, 94, 125, 109, 82, 16, 126, 74, 35, 159, 139, 30, 198, 114, 59, 113, 172, 21, 147, 111, 49, 104, 61, 149, 135, 92, 65, 150, 41, 24, 44, 162, 54, 127, 173, 153, 155, 183, 118, 98, 5, 168, 186, 13, 143, 87, 64, 26, 83, 17, 181, 146, 130, 174, 56, 200, 23, 175, 70, 128, 119, 77, 18]
Taxon occupancy: {35=999, 36=999, 33=999, 159=999, 34=999, 158=999, 39=999, 157=999, 156=999, 37=999, 155=999, 38=999, 154=999, 152=999, 153=999, 150=999, 151=999, 43=999, 42=999, 41=999, 40=999, 200=999, 22=999, 23=999, 169=999, 24=999, 25=999, 166=999, 26=999, 27=999, 165=999, 28=999, 168=999, 29=999, 167=999, 3=999, 161=999, 2=999, 162=999, 1=999, 163=999, 0=999, 164=999, 7=999, 30=999, 6=999, 32=999, 5=999, 4=999, 31=999, 160=999, 9=999, 8=999, 19=999, 179=999, 17=999, 18=999, 178=999, 15=999, 177=999, 176=999, 16=999, 13=999, 14=999, 11=999, 12=999, 170=999, 21=999, 171=999, 20=999, 174=999, 175=999, 172=999, 173=999, 188=999, 187=999, 189=999, 180=999, 10=999, 181=999, 182=999, 183=999, 184=999, 185=999, 186=999, 116=999, 117=999, 79=999, 78=999, 114=999, 77=999, 115=999, 112=999, 113=999, 110=999, 111=999, 118=999, 119=999, 82=999, 83=999, 80=999, 81=999, 86=999, 87=999, 84=999, 85=999, 67=999, 125=999, 66=999, 126=999, 69=999, 127=999, 128=999, 68=999, 121=999, 122=999, 123=999, 124=999, 129=999, 70=999, 71=999, 120=999, 72=999, 73=999, 74=999, 75=999, 76=999, 134=999, 135=999, 132=999, 133=999, 59=999, 58=999, 138=999, 57=999, 139=999, 56=999, 136=999, 137=999, 55=999, 64=999, 65=999, 62=999, 63=999, 60=999, 131=999, 61=999, 130=999, 49=999, 143=999, 144=999, 48=999, 145=999, 146=999, 45=999, 147=999, 148=999, 44=999, 47=999, 149=999, 46=999, 51=999, 52=999, 53=999, 54=999, 140=999, 142=999, 141=999, 50=999, 109=999, 108=999, 107=999, 106=999, 105=999, 104=999, 103=999, 102=999, 99=999, 101=999, 100=999, 98=999, 97=999, 96=999, 95=999, 94=999, 93=999, 92=999, 91=999, 90=999, 88=999, 89=999, 195=999, 194=999, 197=999, 196=999, 191=999, 190=999, 193=999, 192=999, 198=999, 199=999}
Number of gene trees: 999
0 trees have missing taxa
Calculating quartet distance matrix (for completion of X)
Species tree distances calculated ...
Building set of clusters (X) from gene trees 
Using tree-based weight calculation.
Number of Default Clusters: 9797
Number of quartet trees in the gene trees: 65932119792
calculating extra bipartitions to be added at level 1 ...
Number of Clusters after addition by distance: 9797
Adding to X using resolutions of greedy consensus ...
Threshold 0.0:
Threshold 0.01:
Threshold 0.02:
Threshold 0.05:
Threshold 0.1:
Threshold 0.2:
polytomy of size 3; rounds with additions with at least 0.01 support: 0; clusters: 9797
Threshold 0.3333333333333333:
polytomy of size 3; rounds with additions with at least 0.01 support: 0; clusters: 9797
polytomy of size 3; rounds with additions with at least 0.01 support: 0; clusters: 9797
polytomy of size 3; rounds with additions with at least 0.01 support: 0; clusters: 9797
polytomy of size 3; rounds with additions with at least 0.01 support: 0; clusters: 9797
polytomy of size 3; rounds with additions with at least 0.01 support: 0; clusters: 9797
polytomy of size 3; rounds with additions with at least 0.01 support: 0; clusters: 9797
polytomy of size 5; rounds with additions with at least 0.01 support: 0; clusters: 9797
polytomy of size 3; rounds with additions with at least 0.01 support: 0; clusters: 9797
polytomy of size 3; rounds with additions with at least 0.01 support: 0; clusters: 9797
Number of Clusters after addition by greedy: 9797
partitions formed in 9.53 secs
Dynamic Programming starting after 9.53 secs
Size of largest cluster: 201
Total Number of elements weighted: 32906
Normalized score (portion of input quartet trees satisfied): 0.9444790868616336
Final optimization score: 62271508296
Optimal tree inferred in 204.976 secs.
(115,((97,(121,4)),(((28,79),(116,(9,(152,117)))),((141,80),(187,((27,(29,(192,189))),(((195,((103,93),(193,197))),((50,138),(107,(11,60)))),(((139,(30,((198,113),(114,59)))),((166,32),(((55,(131,(105,157))),(101,(180,(76,69)))),(160,(((74,(35,159)),(82,(16,126))),(((84,(94,(125,109))),(188,((136,156),(99,(85,48))))),(33,((199,(45,81)),((51,196),(164,(40,(46,(57,120))))))))))))),((((49,(149,(104,61))),(((172,111),(21,147)),(((44,162),(54,(127,173))),((41,24),(135,(92,(65,150))))))),(((98,(5,168)),(153,(155,(183,118)))),((186,13),(((56,(119,(77,18))),(200,(23,(175,(70,128))))),((130,174),(143,((26,(87,64)),((181,146),(83,17))))))))),((0,(((15,(185,145)),(73,((42,144),(169,(134,22))))),((34,(10,170)),((62,194),(171,(19,(47,177))))))),(((52,154),(37,(122,(179,1)))),(((43,151),(8,(12,(20,(129,132))))),((191,((96,(58,89)),(78,((91,67),((100,71),(66,86)))))),((((163,(95,178)),(148,(165,63))),(36,((106,167),((137,108),(182,(75,2)))))),(((158,(72,38)),((53,124),((184,(3,161)),(90,(6,133))))),(68,(((190,31),(14,(39,123))),((110,(140,142)),((25,102),((176,112),(7,88)))))))))))))))))))));
Quartet score is: 62271508296
Normalized quartet score is: 0.9444790868616336
ASTRAL finished in 213.895 secs
