
================== ASTRAL ===================== 

This is ASTRAL version 4.10.8
Gene trees are treated as unrooted
1000 trees read from model.200.10000000.0.0000001/06/estimatedgenetre.halfresolved
All outputted trees will be *arbitrarily* rooted at 0

======== Running the main analysis
Number of taxa: 201 (201 species)
Taxa: [0, 11, 76, 13, 133, 52, 29, 43, 48, 63, 25, 107, 19, 97, 166, 14, 192, 84, 16, 196, 162, 70, 83, 114, 148, 74, 163, 175, 110, 22, 149, 158, 200, 85, 100, 152, 5, 176, 179, 40, 92, 124, 117, 34, 95, 60, 161, 39, 159, 58, 2, 79, 65, 10, 178, 42, 120, 199, 167, 190, 82, 20, 169, 56, 187, 67, 32, 53, 59, 184, 165, 193, 174, 189, 6, 89, 138, 121, 118, 195, 197, 38, 37, 77, 134, 119, 93, 113, 62, 155, 145, 185, 122, 17, 108, 87, 86, 154, 181, 75, 44, 173, 8, 69, 186, 61, 168, 191, 177, 94, 180, 7, 115, 45, 151, 54, 27, 137, 188, 21, 109, 146, 99, 57, 66, 18, 160, 104, 47, 30, 123, 156, 24, 46, 126, 143, 112, 72, 130, 140, 102, 80, 194, 139, 182, 125, 33, 78, 36, 51, 41, 144, 150, 153, 141, 73, 131, 98, 129, 198, 71, 28, 15, 183, 135, 116, 81, 1, 170, 55, 4, 171, 157, 9, 132, 90, 91, 96, 136, 49, 147, 3, 23, 164, 31, 26, 88, 64, 101, 106, 50, 35, 12, 103, 142, 128, 105, 127, 111, 172, 68]
Taxon occupancy: {35=1000, 36=1000, 159=1000, 33=1000, 158=1000, 34=1000, 39=1000, 157=1000, 156=1000, 155=1000, 37=1000, 38=1000, 154=1000, 152=1000, 153=1000, 150=1000, 151=1000, 43=1000, 42=1000, 41=1000, 40=1000, 200=1000, 22=1000, 169=1000, 23=1000, 24=1000, 25=1000, 166=1000, 26=1000, 165=1000, 27=1000, 168=1000, 28=1000, 167=1000, 29=1000, 161=1000, 3=1000, 2=1000, 162=1000, 163=1000, 1=1000, 0=1000, 164=1000, 7=1000, 30=1000, 6=1000, 32=1000, 5=1000, 160=1000, 4=1000, 31=1000, 9=1000, 8=1000, 19=1000, 17=1000, 179=1000, 178=1000, 18=1000, 177=1000, 15=1000, 16=1000, 176=1000, 13=1000, 14=1000, 11=1000, 12=1000, 21=1000, 170=1000, 20=1000, 171=1000, 174=1000, 175=1000, 172=1000, 173=1000, 188=1000, 187=1000, 189=1000, 180=1000, 10=1000, 181=1000, 182=1000, 183=1000, 184=1000, 185=1000, 186=1000, 116=1000, 79=1000, 117=1000, 114=1000, 78=1000, 77=1000, 115=1000, 112=1000, 113=1000, 110=1000, 111=1000, 118=1000, 119=1000, 82=1000, 83=1000, 80=1000, 81=1000, 86=1000, 87=1000, 84=1000, 85=1000, 67=1000, 125=1000, 66=1000, 126=1000, 127=1000, 69=1000, 68=1000, 128=1000, 121=1000, 122=1000, 123=1000, 124=1000, 129=1000, 70=1000, 120=1000, 71=1000, 72=1000, 73=1000, 74=1000, 75=1000, 76=1000, 134=1000, 135=1000, 132=1000, 59=1000, 133=1000, 138=1000, 58=1000, 57=1000, 139=1000, 56=1000, 136=1000, 137=1000, 55=1000, 64=1000, 65=1000, 62=1000, 63=1000, 60=1000, 131=1000, 61=1000, 130=1000, 143=1000, 49=1000, 48=1000, 144=1000, 145=1000, 146=1000, 45=1000, 147=1000, 148=1000, 44=1000, 149=1000, 47=1000, 46=1000, 51=1000, 52=1000, 53=1000, 54=1000, 140=1000, 142=1000, 141=1000, 50=1000, 109=1000, 108=1000, 107=1000, 106=1000, 105=1000, 104=1000, 103=1000, 99=1000, 102=1000, 101=1000, 100=1000, 98=1000, 97=1000, 96=1000, 95=1000, 94=1000, 93=1000, 92=1000, 91=1000, 90=1000, 88=1000, 89=1000, 195=1000, 194=1000, 197=1000, 196=1000, 191=1000, 190=1000, 193=1000, 192=1000, 198=1000, 199=1000}
Number of gene trees: 1000
0 trees have missing taxa
Calculating quartet distance matrix (for completion of X)
Species tree distances calculated ...
Building set of clusters (X) from gene trees 
Using tree-based weight calculation.
Number of Default Clusters: 49405
Number of quartet trees in the gene trees: 65998350000
calculating extra bipartitions to be added at level 1 ...
Number of Clusters after addition by distance: 49409
Adding to X using resolutions of greedy consensus ...
Threshold 0.0:
Threshold 0.01:
polytomy of size 4; rounds with additions with at least 0.01 support: 0; clusters: 49409
Threshold 0.02:
polytomy of size 4; rounds with additions with at least 0.01 support: 0; clusters: 49409
Threshold 0.05:
polytomy of size 11; rounds with additions with at least 0.01 support: 0; clusters: 49411
Threshold 0.1:
polytomy of size 15; rounds with additions with at least 0.01 support: 0; clusters: 49411
Threshold 0.2:
polytomy of size 3; rounds with additions with at least 0.01 support: 0; clusters: 49411
polytomy of size 6; rounds with additions with at least 0.01 support: 0; clusters: 49411
polytomy of size 20; rounds with additions with at least 0.01 support: 0; clusters: 49411
Threshold 0.3333333333333333:
polytomy of size 5; rounds with additions with at least 0.01 support: 0; clusters: 49411
polytomy of size 4; rounds with additions with at least 0.01 support: 0; clusters: 49411
polytomy of size 4; rounds with additions with at least 0.01 support: 0; clusters: 49411
polytomy of size 7; rounds with additions with at least 0.01 support: 0; clusters: 49411
polytomy of size 3; rounds with additions with at least 0.01 support: 0; clusters: 49411
polytomy of size 4; rounds with additions with at least 0.01 support: 0; clusters: 49411
polytomy of size 28; rounds with additions with at least 0.01 support: 0; clusters: 50425
Number of Clusters after addition by greedy: 50425
partitions formed in 24.525 secs
Dynamic Programming starting after 24.525 secs
Size of largest cluster: 201
Size of largest cluster: 201
Total Number of elements weighted: 138937
Normalized score (portion of input quartet trees satisfied): NaN
Final optimization score: 0
Calculated 100000 weights; time (seconds): 47
Total Number of elements weighted: 138937
Normalized score (portion of input quartet trees satisfied): 0.7465500150534067
Final optimization score: 49271069186
Optimal tree inferred in 65.978 secs.
(0,((157,((36,(33,78)),(((182,125),(194,139)),((9,12),(((135,(116,81)),(1,(170,55))),((((198,71),(28,15)),((144,150),((51,41),(153,((98,129),(131,(141,73))))))),((((43,48),(63,25)),(76,(13,(29,(133,52))))),(((111,(172,68)),((103,127),(128,(142,105)))),(((50,35),(106,(64,101))),(((4,(23,164)),(171,(31,(26,88)))),((3,(91,(132,90))),(96,(49,(136,147)))))))))))))),(((191,((177,94),(180,7))),((8,69),(186,(61,168)))),((((59,184),(189,(174,(165,193)))),(((75,(44,173)),(89,(138,(6,121)))),((118,155),((154,181),((93,(113,62)),((145,(185,((122,17),(86,(108,87))))),(195,((134,119),((197,38),(37,77)))))))))),((156,((24,46),((123,(102,(140,80))),((126,143),(112,(72,130)))))),((((149,115),(40,((67,(32,53)),((158,200),(85,(5,((100,152),(176,179)))))))),((148,((110,22),((83,114),(74,(163,175))))),((84,(16,(196,162))),(70,(97,((107,19),(166,(14,192)))))))),((58,((11,92),(124,(117,34)))),((56,187),((95,183),(((66,(18,(30,(47,(160,104))))),((27,(137,188)),((45,(151,54)),((21,109),(57,(146,99)))))),((60,((2,79),(161,(39,159)))),(65,((190,(82,(20,169))),(10,((42,120),(178,(199,167)))))))))))))))));
Quartet score is: 49271069186
Normalized quartet score is: 0.7465500150534067
ASTRAL finished in 75.036 secs
