
================== ASTRAL ===================== 

This is ASTRAL version 4.10.8
Gene trees are treated as unrooted
997 trees read from model.200.10000000.0.000001/29/estimatedgenetre.halfresolved
All outputted trees will be *arbitrarily* rooted at 2

======== Running the main analysis
Number of taxa: 201 (201 species)
Taxa: [2, 35, 64, 176, 98, 13, 39, 70, 41, 123, 137, 17, 83, 107, 174, 3, 100, 15, 188, 57, 74, 88, 146, 78, 36, 43, 178, 77, 193, 6, 71, 105, 66, 72, 133, 99, 159, 120, 7, 152, 138, 9, 59, 106, 26, 45, 54, 10, 79, 46, 150, 101, 145, 179, 58, 144, 102, 97, 154, 149, 24, 114, 129, 33, 110, 117, 22, 61, 55, 136, 163, 121, 197, 48, 11, 199, 126, 92, 84, 0, 140, 86, 167, 23, 37, 31, 94, 95, 73, 85, 168, 177, 21, 65, 157, 91, 190, 183, 158, 4, 166, 187, 80, 76, 127, 134, 185, 125, 32, 49, 62, 147, 53, 155, 34, 118, 139, 89, 87, 194, 82, 161, 164, 109, 175, 173, 135, 191, 143, 181, 151, 156, 16, 90, 170, 104, 192, 81, 153, 132, 115, 19, 29, 182, 160, 196, 60, 186, 75, 113, 96, 47, 14, 198, 184, 111, 128, 124, 169, 44, 148, 56, 165, 93, 50, 28, 27, 200, 142, 52, 112, 1, 189, 103, 131, 172, 68, 51, 162, 130, 20, 40, 18, 63, 122, 69, 67, 30, 141, 25, 42, 12, 5, 171, 180, 38, 195, 119, 108, 116, 8]
Taxon occupancy: {35=997, 36=997, 33=997, 159=997, 158=997, 34=997, 157=997, 39=997, 156=997, 37=997, 155=997, 38=997, 154=997, 152=997, 153=997, 150=997, 151=997, 43=997, 42=997, 41=997, 40=997, 200=997, 22=997, 23=997, 169=997, 24=997, 25=997, 26=997, 166=997, 165=997, 27=997, 168=997, 28=997, 167=997, 29=997, 3=997, 161=997, 2=997, 162=997, 163=997, 1=997, 0=997, 164=997, 7=997, 30=997, 6=997, 5=997, 32=997, 31=997, 4=997, 160=997, 9=997, 8=997, 19=997, 179=997, 17=997, 178=997, 18=997, 177=997, 15=997, 176=997, 16=997, 13=997, 14=997, 11=997, 12=997, 21=997, 170=997, 171=997, 20=997, 174=997, 175=997, 172=997, 173=997, 188=997, 187=997, 189=997, 180=997, 10=997, 181=997, 182=997, 183=997, 184=997, 185=997, 186=997, 116=997, 117=997, 79=997, 114=997, 78=997, 77=997, 115=997, 112=997, 113=997, 110=997, 111=997, 118=997, 119=997, 82=997, 83=997, 80=997, 81=997, 86=997, 87=997, 84=997, 85=997, 125=997, 67=997, 126=997, 66=997, 127=997, 69=997, 128=997, 68=997, 121=997, 122=997, 123=997, 124=997, 129=997, 70=997, 71=997, 120=997, 72=997, 73=997, 74=997, 75=997, 76=997, 134=997, 135=997, 132=997, 133=997, 59=997, 58=997, 138=997, 57=997, 139=997, 136=997, 56=997, 55=997, 137=997, 64=997, 65=997, 62=997, 63=997, 60=997, 131=997, 61=997, 130=997, 49=997, 143=997, 48=997, 144=997, 145=997, 146=997, 45=997, 147=997, 44=997, 148=997, 149=997, 47=997, 46=997, 51=997, 52=997, 53=997, 54=997, 140=997, 142=997, 50=997, 141=997, 109=997, 108=997, 107=997, 106=997, 105=997, 104=997, 103=997, 102=997, 99=997, 101=997, 100=997, 98=997, 97=997, 96=997, 95=997, 94=997, 93=997, 92=997, 91=997, 90=997, 88=997, 89=997, 195=997, 194=997, 197=997, 196=997, 191=997, 190=997, 193=997, 192=997, 198=997, 199=997}
Number of gene trees: 997
0 trees have missing taxa
Calculating quartet distance matrix (for completion of X)
Species tree distances calculated ...
Building set of clusters (X) from gene trees 
Using tree-based weight calculation.
Number of Default Clusters: 16611
Number of quartet trees in the gene trees: 65799512892
calculating extra bipartitions to be added at level 1 ...
Number of Clusters after addition by distance: 16611
Adding to X using resolutions of greedy consensus ...
Threshold 0.0:
Threshold 0.01:
Threshold 0.02:
Threshold 0.05:
Threshold 0.1:
Threshold 0.2:
polytomy of size 3; rounds with additions with at least 0.01 support: 0; clusters: 16611
polytomy of size 3; rounds with additions with at least 0.01 support: 0; clusters: 16611
Threshold 0.3333333333333333:
polytomy of size 3; rounds with additions with at least 0.01 support: 0; clusters: 16611
polytomy of size 5; rounds with additions with at least 0.01 support: 0; clusters: 16611
polytomy of size 5; rounds with additions with at least 0.01 support: 0; clusters: 16611
polytomy of size 3; rounds with additions with at least 0.01 support: 0; clusters: 16611
polytomy of size 4; rounds with additions with at least 0.01 support: 0; clusters: 16611
polytomy of size 3; rounds with additions with at least 0.01 support: 0; clusters: 16611
polytomy of size 3; rounds with additions with at least 0.01 support: 0; clusters: 16611
polytomy of size 3; rounds with additions with at least 0.01 support: 0; clusters: 16611
polytomy of size 4; rounds with additions with at least 0.01 support: 0; clusters: 16611
polytomy of size 3; rounds with additions with at least 0.01 support: 0; clusters: 16611
polytomy of size 3; rounds with additions with at least 0.01 support: 0; clusters: 16611
polytomy of size 5; rounds with additions with at least 0.01 support: 0; clusters: 16611
Number of Clusters after addition by greedy: 16611
partitions formed in 12.5 secs
Dynamic Programming starting after 12.5 secs
Size of largest cluster: 201
Size of largest cluster: 201
Total Number of elements weighted: 68285
Normalized score (portion of input quartet trees satisfied): NaN
Final optimization score: 0
Total Number of elements weighted: 68285
Normalized score (portion of input quartet trees satisfied): 0.9169338141154457
Final optimization score: 60333798323
Optimal tree inferred in 35.518 secs.
(2,(35,(((176,98),(13,(64,39))),(((116,(119,108)),(38,(180,195))),(((70,8),(41,(123,137))),(17,(((144,102),((((146,78),(57,(74,88))),(188,((83,15),((107,174),(3,100))))),(((36,43),((77,(6,(178,193))),(7,((71,(105,66)),(72,(120,(133,(99,159)))))))),(152,((138,(9,59)),((145,(179,58)),((79,(150,(46,101))),((26,45),(54,(106,10)))))))))),(((((121,197),(163,(55,136))),((84,(48,92)),(11,(199,126)))),((97,(154,149)),((110,(33,(114,129))),(61,(24,(117,22)))))),((140,86),((167,(23,(37,31))),(0,(((4,(147,(((166,187),(80,(76,127))),((185,(134,125)),(62,(32,49)))))),((94,95),((190,(183,158)),((157,91),(73,(65,(21,(177,(85,168))))))))),((((103,(68,(131,172))),((148,((56,165),(93,50))),((200,(142,52)),(112,((1,189),(28,27)))))),((51,(162,130)),(((122,69),(30,(42,(67,(141,25))))),((40,(18,63)),(20,(12,(5,171))))))),((((175,(164,109)),(173,(181,((151,156),(135,(191,143)))))),(((118,139),(53,34)),((155,161),((194,82),(89,87))))),((169,44),((((132,115),(153,(186,75))),(113,((19,(196,60)),(29,(182,160))))),(16,((170,(192,(90,(104,81)))),(124,((96,47),((14,198),(184,(111,128)))))))))))))))))))))));
Quartet score is: 60333798323
Normalized quartet score is: 0.9169338141154457
ASTRAL finished in 45.236 secs
