
================== ASTRAL ===================== 

This is ASTRAL version 4.10.7
Gene trees are treated as unrooted
1000 trees read from ASTRALDATA/model.200.10000000.0.0000001/08/estimatedgenetre.halfresolved
All output trees will be *arbitrarily* rooted at 0

======== Running the main analysis
Number of taxa: 201 (201 species)
Taxa: [0, 47, 146, 197, 188, 52, 66, 173, 33, 130, 155, 101, 143, 168, 20, 11, 36, 154, 37, 95, 138, 115, 44, 158, 106, 161, 185, 13, 31, 193, 82, 187, 171, 70, 175, 89, 74, 102, 120, 22, 48, 186, 200, 2, 179, 135, 118, 57, 124, 28, 68, 81, 60, 109, 113, 100, 90, 177, 104, 8, 23, 132, 123, 184, 41, 85, 133, 170, 91, 134, 51, 1, 93, 141, 14, 181, 86, 163, 65, 160, 164, 165, 67, 27, 15, 38, 117, 189, 195, 77, 88, 78, 166, 153, 58, 73, 39, 129, 103, 25, 59, 191, 142, 192, 17, 6, 182, 149, 121, 5, 53, 131, 40, 35, 159, 150, 12, 114, 119, 3, 99, 156, 152, 55, 62, 49, 157, 24, 167, 139, 107, 16, 128, 137, 105, 18, 34, 32, 190, 196, 30, 64, 83, 50, 45, 9, 147, 162, 178, 4, 108, 126, 61, 174, 54, 180, 80, 63, 26, 110, 29, 122, 140, 111, 19, 79, 72, 151, 145, 94, 144, 136, 42, 98, 43, 84, 56, 46, 199, 112, 69, 172, 198, 194, 183, 148, 116, 125, 75, 92, 127, 7, 96, 176, 10, 71, 169, 76, 21, 87, 97]
Number of gene trees: 1000
0 trees have missing taxa
Calculating quartet distance matrix (for completion of X)
Species tree distances calculated ...
Building set of clusters (X) from gene trees 
Using tree-based weight calculation.
Number of Default Clusters: 15437
Number of quartet trees in the gene trees: 65998349604
calculating extra bipartitions to be added at level 1 ...
Number of Clusters after addition by distance: 15437
Adding to X using resolutions of greedy consensus ...
Threshold 0.0:
Threshold 0.01:
Threshold 0.02:
Threshold 0.05:
Threshold 0.1:
polytomy of size 3; rounds with additions with at least 0.01 support: 0; clusters: 15437
Threshold 0.2:
polytomy of size 3; rounds with additions with at least 0.01 support: 0; clusters: 15437
polytomy of size 3; rounds with additions with at least 0.01 support: 0; clusters: 15437
polytomy of size 3; rounds with additions with at least 0.01 support: 0; clusters: 15437
polytomy of size 3; rounds with additions with at least 0.01 support: 0; clusters: 15437
polytomy of size 4; rounds with additions with at least 0.01 support: 0; clusters: 15437
Threshold 0.3333333333333333:
polytomy of size 3; rounds with additions with at least 0.01 support: 0; clusters: 15437
polytomy of size 5; rounds with additions with at least 0.01 support: 0; clusters: 15437
polytomy of size 3; rounds with additions with at least 0.01 support: 0; clusters: 15437
polytomy of size 3; rounds with additions with at least 0.01 support: 0; clusters: 15437
polytomy of size 6; rounds with additions with at least 0.01 support: 0; clusters: 15437
polytomy of size 10; rounds with additions with at least 0.01 support: 0; clusters: 15461
Number of Clusters after addition by greedy: 15461
partitions formed in 11.731 secs
Dynamic Programming starting after 11.731 secs
Size of largest cluster: 201
Total Number of elements weighted: 52656
Normalized score (portion of input quartet trees satisfied): 0.847220762405415
Final optimization score: 55915172069
Optimal tree inferred in 385.286 secs.
(58,(153,((73,39),((129,(103,25)),((86,(163,(27,(65,(160,(165,(164,67))))))),(((77,(88,(78,166))),((189,195),(15,(38,117)))),((((122,140),(79,(111,19))),((162,178),((4,(108,(126,61))),((174,(54,(180,80))),((63,26),(110,29)))))),(((((196,30),(32,190)),(64,(50,(83,(45,(9,147)))))),(59,(((131,(40,(35,159))),(((5,53),(182,(149,121))),((191,142),(192,(17,6))))),(((3,99),(150,(12,(114,119)))),(((156,152),(55,(62,49))),((128,(18,(137,105))),(157,(16,(24,(167,(139,107))))))))))),(((184,41),((85,133),(170,(91,134)))),((((34,((172,198),(199,(112,69)))),((98,((43,84),(56,46))),((72,151),(94,(145,(144,(136,42))))))),((194,(183,(148,(116,125)))),((7,(96,(176,(10,71)))),((127,(75,92)),(169,(76,(87,(21,97)))))))),(0,((((51,1),(93,(181,(141,14)))),(((102,(120,22)),(48,(186,(200,(2,179))))),(((113,(100,90)),(177,((23,132),(123,(104,8))))),(135,((68,(81,(60,109))),(118,(57,(124,28)))))))),(47,((146,(197,188)),(((155,(101,143)),(52,((66,173),(33,130)))),((31,((187,171),(193,82))),((70,(175,(89,74))),((168,((20,11),(36,154))),((185,13),(37,(95,(44,((138,115),(158,(106,161)))))))))))))))))))))))));
Quartet score is: 55915172069
Normalized quartet score is: 0.847220762405415
ASTRAL finished in 393.323 secs
