
================== ASTRAL ===================== 

This is ASTRAL version 4.10.8
Gene trees are treated as unrooted
977 trees read from model.50.2000000.0.000001/05/estimatedgenetre.halfresolved
All outputted trees will be *arbitrarily* rooted at 25

======== Running the main analysis
Number of taxa: 51 (51 species)
Taxa: [25, 13, 26, 16, 23, 20, 9, 18, 0, 2, 4, 11, 42, 31, 35, 50, 12, 47, 5, 39, 24, 32, 17, 19, 37, 6, 40, 34, 43, 33, 27, 36, 44, 8, 22, 30, 48, 49, 7, 46, 3, 1, 28, 10, 38, 41, 15, 14, 29, 45, 21]
Taxon occupancy: {19=977, 35=977, 17=977, 36=977, 18=977, 15=977, 33=977, 34=977, 16=977, 13=977, 39=977, 14=977, 37=977, 11=977, 38=977, 12=977, 21=977, 20=977, 43=977, 42=977, 41=977, 40=977, 49=977, 48=977, 45=977, 44=977, 47=977, 46=977, 22=977, 23=977, 24=977, 25=977, 26=977, 27=977, 28=977, 29=977, 3=977, 2=977, 10=977, 1=977, 0=977, 7=977, 30=977, 6=977, 5=977, 32=977, 4=977, 31=977, 9=977, 8=977, 50=977}
Number of gene trees: 977
0 trees have missing taxa
Calculating quartet distance matrix (for completion of X)
Species tree distances calculated ...
Building set of clusters (X) from gene trees 
Using tree-based weight calculation.
Number of Default Clusters: 6281
Number of quartet trees in the gene trees: 244031628
calculating extra bipartitions to be added at level 1 ...
Number of Clusters after addition by distance: 6281
Adding to X using resolutions of greedy consensus ...
Threshold 0.0:
Threshold 0.01:
Threshold 0.02:
Threshold 0.05:
Threshold 0.1:
Threshold 0.2:
polytomy of size 5; rounds with additions with at least 0.01 support: 0; clusters: 6281
polytomy of size 3; rounds with additions with at least 0.01 support: 0; clusters: 6281
Threshold 0.3333333333333333:
polytomy of size 3; rounds with additions with at least 0.01 support: 0; clusters: 6281
polytomy of size 3; rounds with additions with at least 0.01 support: 0; clusters: 6281
polytomy of size 5; rounds with additions with at least 0.01 support: 0; clusters: 6281
polytomy of size 3; rounds with additions with at least 0.01 support: 0; clusters: 6281
polytomy of size 3; rounds with additions with at least 0.01 support: 0; clusters: 6281
polytomy of size 3; rounds with additions with at least 0.01 support: 0; clusters: 6281
Number of Clusters after addition by greedy: 6281
partitions formed in 3.172 secs
Dynamic Programming starting after 3.172 secs
Size of largest cluster: 51
Size of largest cluster: 51
Total Number of elements weighted: 28403
Normalized score (portion of input quartet trees satisfied): NaN
Final optimization score: 0
Total Number of elements weighted: 28403
Normalized score (portion of input quartet trees satisfied): 0.8273060818165751
Final optimization score: 201888850
Optimal tree inferred in 4.8 secs.
(25,(13,(45,(((8,22),(21,((30,(48,(49,7))),((14,29),((15,(10,38)),((28,41),(46,(3,1)))))))),((33,(44,(27,36))),((34,43),((0,((6,40),(24,((32,17),(19,37))))),(((26,(16,23)),(18,(20,9))),(2,(4,(((31,35),(11,42)),((50,12),(47,(5,39))))))))))))));
Quartet score is: 201888850
Normalized quartet score is: 0.8273060818165751
ASTRAL finished in 6.071 secs
