
================== ASTRAL ===================== 

This is ASTRAL version 4.10.10
Gene trees are treated as unrooted
1000 trees read from ASTRALDATA/model.200.2000000.0.0000001/05/estimatedgenetre.halfresolved
All output trees will be *arbitrarily* rooted at 51

======== Running the main analysis
Number of taxa: 201 (201 species)
Taxa: [51, 130, 40, 64, 153, 180, 85, 53, 91, 107, 11, 193, 181, 116, 94, 65, 179, 122, 142, 82, 152, 176, 160, 168, 114, 140, 45, 18, 50, 63, 195, 96, 148, 101, 187, 118, 3, 105, 1, 119, 117, 81, 198, 98, 194, 57, 55, 56, 49, 10, 100, 72, 149, 162, 22, 123, 106, 136, 9, 19, 173, 137, 127, 79, 143, 25, 155, 61, 108, 182, 128, 121, 92, 48, 27, 111, 146, 166, 60, 197, 70, 154, 39, 156, 33, 184, 141, 2, 134, 67, 32, 112, 172, 115, 200, 86, 87, 190, 42, 174, 73, 110, 44, 139, 7, 124, 159, 88, 26, 20, 145, 76, 0, 28, 113, 34, 17, 126, 120, 191, 178, 68, 8, 102, 30, 95, 196, 6, 129, 99, 21, 74, 175, 158, 147, 35, 43, 186, 47, 71, 84, 89, 80, 36, 59, 164, 75, 199, 157, 138, 31, 29, 46, 38, 37, 188, 192, 135, 77, 16, 97, 170, 125, 69, 90, 161, 23, 144, 169, 14, 41, 15, 133, 5, 177, 132, 165, 109, 150, 171, 131, 24, 52, 58, 103, 78, 54, 163, 4, 189, 185, 66, 167, 183, 151, 12, 83, 62, 93, 104, 13]
Taxon occupancy: {35=1000, 36=1000, 33=1000, 159=1000, 34=1000, 158=1000, 39=1000, 157=1000, 156=1000, 155=1000, 37=1000, 154=1000, 38=1000, 152=1000, 153=1000, 150=1000, 151=1000, 43=1000, 42=1000, 41=1000, 40=1000, 200=1000, 22=1000, 23=1000, 169=1000, 24=1000, 25=1000, 166=1000, 26=1000, 27=1000, 165=1000, 168=1000, 28=1000, 167=1000, 29=1000, 3=1000, 161=1000, 2=1000, 162=1000, 1=1000, 163=1000, 0=1000, 164=1000, 7=1000, 30=1000, 6=1000, 32=1000, 5=1000, 160=1000, 31=1000, 4=1000, 9=1000, 8=1000, 19=1000, 179=1000, 17=1000, 18=1000, 178=1000, 15=1000, 177=1000, 176=1000, 16=1000, 13=1000, 14=1000, 11=1000, 12=1000, 21=1000, 170=1000, 20=1000, 171=1000, 174=1000, 175=1000, 172=1000, 173=1000, 188=1000, 187=1000, 189=1000, 180=1000, 10=1000, 181=1000, 182=1000, 183=1000, 184=1000, 185=1000, 186=1000, 116=1000, 79=1000, 117=1000, 114=1000, 78=1000, 115=1000, 77=1000, 112=1000, 113=1000, 110=1000, 111=1000, 118=1000, 119=1000, 82=1000, 83=1000, 80=1000, 81=1000, 86=1000, 87=1000, 84=1000, 85=1000, 67=1000, 125=1000, 126=1000, 66=1000, 127=1000, 69=1000, 128=1000, 68=1000, 121=1000, 122=1000, 123=1000, 124=1000, 129=1000, 70=1000, 120=1000, 71=1000, 72=1000, 73=1000, 74=1000, 75=1000, 76=1000, 134=1000, 135=1000, 132=1000, 59=1000, 133=1000, 138=1000, 58=1000, 57=1000, 139=1000, 136=1000, 56=1000, 137=1000, 55=1000, 64=1000, 65=1000, 62=1000, 63=1000, 60=1000, 131=1000, 61=1000, 130=1000, 143=1000, 49=1000, 48=1000, 144=1000, 145=1000, 146=1000, 45=1000, 147=1000, 148=1000, 44=1000, 149=1000, 47=1000, 46=1000, 51=1000, 52=1000, 53=1000, 54=1000, 140=1000, 142=1000, 141=1000, 50=1000, 109=1000, 108=1000, 107=1000, 106=1000, 105=1000, 104=1000, 103=1000, 102=1000, 99=1000, 101=1000, 100=1000, 98=1000, 97=1000, 96=1000, 95=1000, 94=1000, 93=1000, 92=1000, 91=1000, 90=1000, 88=1000, 89=1000, 195=1000, 194=1000, 197=1000, 196=1000, 191=1000, 190=1000, 193=1000, 192=1000, 198=1000, 199=1000}
Number of gene trees: 1000
0 trees have missing taxa
Calculating quartet distance matrix (for completion of X)
Species tree distances calculated ...
Building set of clusters (X) from gene trees 
Using tree-based weight calculation.
Number of Default Clusters: 76077
Number of quartet trees in the gene trees: 65998350000
calculating extra bipartitions to be added at level 1 ...
Number of Clusters after addition by distance: 76079
Adding to X using resolutions of greedy consensus ...
Threshold 0.0:
Threshold 0.01:
polytomy of size 7; rounds with additions with at least 0.01 support: 1; clusters: 76127
Threshold 0.02:
polytomy of size 3; rounds with additions with at least 0.01 support: 0; clusters: 76127
polytomy of size 10; rounds with additions with at least 0.01 support: 0; clusters: 76247
Threshold 0.05:
polytomy of size 6; rounds with additions with at least 0.01 support: 0; clusters: 76247
polytomy of size 19; rounds with additions with at least 0.01 support: 1; clusters: 76253
Threshold 0.1:
polytomy of size 3; rounds with additions with at least 0.01 support: 0; clusters: 76253
polytomy of size 4; rounds with additions with at least 0.01 support: 0; clusters: 76253
polytomy of size 29; rounds with additions with at least 0.01 support: 0; clusters: 76255
Threshold 0.2:
polytomy of size 3; rounds with additions with at least 0.01 support: 0; clusters: 76255
polytomy of size 45; rounds with additions with at least 0.01 support: 0; clusters: 76255
Threshold 0.3333333333333333:
polytomy of size 4; rounds with additions with at least 0.01 support: 0; clusters: 76255
polytomy of size 3; rounds with additions with at least 0.01 support: 0; clusters: 76255
polytomy of size 3; rounds with additions with at least 0.01 support: 0; clusters: 76255
polytomy of size 5; rounds with additions with at least 0.01 support: 0; clusters: 76255
polytomy of size 4; rounds with additions with at least 0.01 support: 0; clusters: 76255
polytomy of size 3; rounds with additions with at least 0.01 support: 0; clusters: 76255
polytomy of size 3; rounds with additions with at least 0.01 support: 0; clusters: 76255
polytomy of size 3; rounds with additions with at least 0.01 support: 0; clusters: 76255
polytomy of size 4; rounds with additions with at least 0.01 support: 0; clusters: 76255
polytomy of size 3; rounds with additions with at least 0.01 support: 0; clusters: 76255
polytomy of size 3; rounds with additions with at least 0.01 support: 0; clusters: 76255
polytomy of size 4; rounds with additions with at least 0.01 support: 0; clusters: 76255
polytomy of size 53; rounds with additions with at least 0.01 support: 0; clusters: 82787
Number of Clusters after addition by greedy: 82787
partitions formed in 46.303 secs
Dynamic Programming starting after 46.303 secs
Size of largest cluster: 201
Calculated 100000 weights; time (seconds): 660
Calculated 200000 weights; time (seconds): 617
Total Number of elements weighted: 256178
Normalized score (portion of input quartet trees satisfied): 0.6344346325779356
Final optimization score: 41871638933
Optimal tree inferred in 1640.892 secs.
(200,((115,(112,172)),(((42,(190,(86,87))),((73,110),(174,44))),(139,(((79,143),((25,155),(127,(61,108)))),(((67,32),(184,(141,2))),(134,(13,((20,((145,76),(124,(7,(26,(159,88)))))),((194,((154,(39,156)),((197,70),(57,(146,(166,60)))))),((0,(((55,(56,49)),(((173,137),(19,33)),((100,(10,72)),((149,162),(123,(106,(22,(136,9)))))))),((53,((51,130),((11,(91,107)),(181,(193,116))))),(((85,101),(40,(64,(153,180)))),((94,(65,(179,122))),((148,((63,96),(140,(182,(114,(195,(50,(45,18)))))))),((187,(118,(48,(27,111)))),(((119,117),(1,(198,(81,98)))),((92,(128,121)),((3,105),((142,82),(160,(168,(152,176)))))))))))))),(((36,(93,(62,104))),(4,(157,(138,(164,(75,(59,199))))))),((47,((196,((6,129),(74,(99,21)))),((185,((28,113),(34,17))),((175,(80,(84,89))),(71,((158,147),(35,(43,186)))))))),(((8,(102,30)),((95,(126,120)),(68,(191,178)))),(((69,90),(144,(161,23))),(163,((41,((133,(177,(5,(132,165)))),((12,83),(66,(167,(183,151)))))),((15,189),(((169,14),((109,(150,171)),(131,((103,78),(24,(52,58)))))),(54,((125,((37,188),(38,(192,135)))),((31,(29,46)),((97,170),(77,16))))))))))))))))))))))));
Quartet score is: 41871638933
Normalized quartet score is: 0.6344346325779356
ASTRAL finished in 1648.915 secs
