
================== ASTRAL ===================== 

This is ASTRAL version 4.10.10
Gene trees are treated as unrooted
995 trees read from ASTRALDATA/model.50.2000000.0.000001/14/estimatedgenetre.halfresolved
All output trees will be *arbitrarily* rooted at 14

======== Running the main analysis
Number of taxa: 51 (51 species)
Taxa: [14, 19, 43, 49, 28, 18, 25, 36, 50, 39, 12, 10, 41, 22, 11, 16, 29, 7, 15, 27, 33, 13, 42, 31, 45, 37, 47, 5, 26, 0, 20, 23, 24, 35, 34, 4, 40, 8, 38, 17, 6, 46, 3, 21, 32, 30, 44, 9, 1, 2, 48]
Taxon occupancy: {35=995, 36=995, 33=995, 34=995, 39=995, 37=995, 38=995, 43=995, 42=995, 41=995, 40=995, 22=995, 23=995, 24=995, 25=995, 26=995, 27=995, 28=995, 29=995, 3=995, 2=995, 1=995, 0=995, 7=995, 30=995, 6=995, 5=995, 32=995, 31=995, 4=995, 9=995, 8=995, 19=995, 17=995, 18=995, 15=995, 16=995, 13=995, 14=995, 11=995, 12=995, 21=995, 20=995, 49=995, 48=995, 45=995, 44=995, 47=995, 46=995, 10=995, 50=995}
Number of gene trees: 995
0 trees have missing taxa
Calculating quartet distance matrix (for completion of X)
Species tree distances calculated ...
Building set of clusters (X) from gene trees 
Using tree-based weight calculation.
Number of Default Clusters: 10453
Number of quartet trees in the gene trees: 248560245
calculating extra bipartitions to be added at level 1 ...
Number of Clusters after addition by distance: 10453
Adding to X using resolutions of greedy consensus ...
Threshold 0.0:
Threshold 0.01:
Threshold 0.02:
Threshold 0.05:
Threshold 0.1:
polytomy of size 3; rounds with additions with at least 0.01 support: 0; clusters: 10453
Threshold 0.2:
polytomy of size 3; rounds with additions with at least 0.01 support: 0; clusters: 10453
polytomy of size 3; rounds with additions with at least 0.01 support: 0; clusters: 10453
polytomy of size 3; rounds with additions with at least 0.01 support: 0; clusters: 10453
Threshold 0.3333333333333333:
polytomy of size 5; rounds with additions with at least 0.01 support: 0; clusters: 10453
polytomy of size 3; rounds with additions with at least 0.01 support: 0; clusters: 10453
polytomy of size 10; rounds with additions with at least 0.01 support: 0; clusters: 10461
Number of Clusters after addition by greedy: 10461
partitions formed in 3.394 secs
Dynamic Programming starting after 3.394 secs
Size of largest cluster: 51
Total Number of elements weighted: 53227
Normalized score (portion of input quartet trees satisfied): 0.7466270078708684
Final optimization score: 185581792
Optimal tree inferred in 86.08 secs.
(50,(36,((39,12),(((18,25),(43,(49,28))),((19,(16,((29,33),((15,(7,27)),(31,(13,42)))))),(((6,46),((20,(40,(17,(8,38)))),(0,(4,(35,(24,(23,34))))))),(((14,45),((22,11),(10,41))),(((47,5),(37,26)),((1,(30,(44,9))),((2,48),(32,(3,21))))))))))));
Quartet score is: 185581792
Normalized quartet score is: 0.7466270078708684
ASTRAL finished in 87.164 secs
