
================== ASTRAL ===================== 

This is ASTRAL version 4.10.8
Gene trees are treated as unrooted
946 trees read from model.200.2000000.0.000001/14/estimatedgenetre.halfresolved
All outputted trees will be *arbitrarily* rooted at 152

======== Running the main analysis
Number of taxa: 201 (201 species)
Taxa: [152, 2, 93, 126, 85, 97, 95, 144, 146, 159, 129, 70, 56, 13, 74, 186, 134, 133, 5, 142, 91, 32, 168, 110, 54, 60, 147, 175, 188, 132, 41, 191, 86, 23, 116, 174, 162, 113, 136, 101, 83, 88, 71, 19, 119, 53, 170, 62, 173, 195, 99, 200, 59, 158, 124, 22, 72, 128, 21, 184, 84, 20, 55, 141, 65, 151, 11, 164, 89, 140, 108, 46, 8, 81, 78, 26, 24, 127, 67, 130, 98, 37, 33, 143, 111, 64, 125, 63, 68, 154, 0, 198, 117, 48, 145, 163, 103, 3, 196, 14, 192, 39, 181, 58, 73, 122, 120, 80, 36, 29, 66, 131, 149, 190, 107, 121, 96, 189, 1, 199, 182, 40, 177, 166, 180, 171, 52, 35, 104, 169, 17, 45, 47, 135, 90, 69, 156, 138, 194, 75, 187, 79, 31, 100, 165, 92, 82, 148, 102, 123, 49, 27, 57, 161, 114, 50, 178, 76, 193, 160, 105, 157, 30, 139, 106, 38, 15, 18, 51, 185, 42, 109, 137, 115, 44, 94, 172, 176, 6, 155, 61, 12, 87, 150, 10, 153, 7, 197, 112, 34, 118, 28, 77, 179, 167, 16, 9, 183, 25, 4, 43]
Taxon occupancy: {35=946, 36=946, 33=946, 159=946, 158=946, 34=946, 39=946, 157=946, 156=946, 37=946, 155=946, 154=946, 38=946, 152=946, 153=946, 150=946, 151=946, 43=946, 42=946, 41=946, 40=946, 200=946, 22=946, 23=946, 169=946, 24=946, 25=946, 26=946, 166=946, 165=946, 27=946, 168=946, 28=946, 167=946, 29=946, 3=946, 161=946, 2=946, 162=946, 163=946, 1=946, 0=946, 164=946, 30=946, 7=946, 6=946, 32=946, 5=946, 4=946, 31=946, 160=946, 9=946, 8=946, 19=946, 179=946, 17=946, 178=946, 18=946, 177=946, 15=946, 16=946, 176=946, 13=946, 14=946, 11=946, 12=946, 21=946, 170=946, 20=946, 171=946, 174=946, 175=946, 172=946, 173=946, 188=946, 187=946, 189=946, 180=946, 181=946, 10=946, 182=946, 183=946, 184=946, 185=946, 186=946, 116=946, 117=946, 79=946, 78=946, 114=946, 77=946, 115=946, 112=946, 113=946, 110=946, 111=946, 118=946, 119=946, 82=946, 83=946, 80=946, 81=946, 86=946, 87=946, 84=946, 85=946, 125=946, 67=946, 126=946, 66=946, 127=946, 69=946, 68=946, 128=946, 121=946, 122=946, 123=946, 124=946, 129=946, 70=946, 71=946, 120=946, 72=946, 73=946, 74=946, 75=946, 76=946, 134=946, 135=946, 132=946, 59=946, 133=946, 58=946, 138=946, 57=946, 139=946, 56=946, 136=946, 55=946, 137=946, 64=946, 65=946, 62=946, 63=946, 60=946, 131=946, 130=946, 61=946, 143=946, 49=946, 48=946, 144=946, 145=946, 146=946, 147=946, 45=946, 148=946, 44=946, 149=946, 47=946, 46=946, 51=946, 52=946, 53=946, 54=946, 140=946, 142=946, 141=946, 50=946, 109=946, 108=946, 107=946, 106=946, 105=946, 104=946, 103=946, 99=946, 102=946, 101=946, 100=946, 98=946, 97=946, 96=946, 95=946, 94=946, 93=946, 92=946, 91=946, 90=946, 88=946, 89=946, 195=946, 194=946, 197=946, 196=946, 191=946, 190=946, 193=946, 192=946, 198=946, 199=946}
Number of gene trees: 946
0 trees have missing taxa
Calculating quartet distance matrix (for completion of X)
Species tree distances calculated ...
Building set of clusters (X) from gene trees 
Using tree-based weight calculation.
Number of Default Clusters: 94819
Number of quartet trees in the gene trees: 62369730687
calculating extra bipartitions to be added at level 1 ...
Number of Clusters after addition by distance: 94821
Adding to X using resolutions of greedy consensus ...
Threshold 0.0:
Threshold 0.01:
polytomy of size 8; rounds with additions with at least 0.01 support: 0; clusters: 94875
Threshold 0.02:
polytomy of size 3; rounds with additions with at least 0.01 support: 0; clusters: 94875
polytomy of size 9; rounds with additions with at least 0.01 support: 1; clusters: 94923
Threshold 0.05:
polytomy of size 4; rounds with additions with at least 0.01 support: 0; clusters: 94923
polytomy of size 3; rounds with additions with at least 0.01 support: 0; clusters: 94923
polytomy of size 13; rounds with additions with at least 0.01 support: 3; clusters: 94931
Threshold 0.1:
polytomy of size 3; rounds with additions with at least 0.01 support: 0; clusters: 94931
polytomy of size 5; rounds with additions with at least 0.01 support: 0; clusters: 94931
polytomy of size 3; rounds with additions with at least 0.01 support: 0; clusters: 94931
polytomy of size 15; rounds with additions with at least 0.01 support: 0; clusters: 94931
Threshold 0.2:
polytomy of size 3; rounds with additions with at least 0.01 support: 0; clusters: 94931
polytomy of size 5; rounds with additions with at least 0.01 support: 0; clusters: 94931
polytomy of size 3; rounds with additions with at least 0.01 support: 0; clusters: 94931
polytomy of size 3; rounds with additions with at least 0.01 support: 0; clusters: 94931
polytomy of size 4; rounds with additions with at least 0.01 support: 0; clusters: 94931
polytomy of size 3; rounds with additions with at least 0.01 support: 0; clusters: 94931
polytomy of size 11; rounds with additions with at least 0.01 support: 0; clusters: 94931
polytomy of size 23; rounds with additions with at least 0.01 support: 0; clusters: 94933
Threshold 0.3333333333333333:
polytomy of size 4; rounds with additions with at least 0.01 support: 0; clusters: 94933
polytomy of size 4; rounds with additions with at least 0.01 support: 0; clusters: 94933
polytomy of size 3; rounds with additions with at least 0.01 support: 0; clusters: 94933
polytomy of size 5; rounds with additions with at least 0.01 support: 0; clusters: 94933
polytomy of size 3; rounds with additions with at least 0.01 support: 0; clusters: 94933
polytomy of size 3; rounds with additions with at least 0.01 support: 0; clusters: 94933
polytomy of size 3; rounds with additions with at least 0.01 support: 0; clusters: 94933
polytomy of size 4; rounds with additions with at least 0.01 support: 0; clusters: 94933
polytomy of size 3; rounds with additions with at least 0.01 support: 0; clusters: 94933
polytomy of size 4; rounds with additions with at least 0.01 support: 0; clusters: 94933
polytomy of size 3; rounds with additions with at least 0.01 support: 0; clusters: 94933
polytomy of size 3; rounds with additions with at least 0.01 support: 0; clusters: 94933
polytomy of size 3; rounds with additions with at least 0.01 support: 0; clusters: 94933
polytomy of size 3; rounds with additions with at least 0.01 support: 0; clusters: 94933
polytomy of size 59; rounds with additions with at least 0.01 support: 0; clusters: 110585
Number of Clusters after addition by greedy: 110585
partitions formed in 47.692 secs
Dynamic Programming starting after 47.692 secs
Size of largest cluster: 201
Size of largest cluster: 201
Calculated 100000 weights; time (seconds): 73
Calculated 200000 weights; time (seconds): 25
Total Number of elements weighted: 311519
Normalized score (portion of input quartet trees satisfied): NaN
Final optimization score: 0
Calculated 300000 weights; time (seconds): 44
Total Number of elements weighted: 311519
Normalized score (portion of input quartet trees satisfied): 0.5903625403287931
Final optimization score: 36820752648
Optimal tree inferred in 152.528 secs.
(152,(2,(93,((85,(126,(97,(95,144)))),(154,((134,94),((((133,(110,54)),((5,142),(168,(91,32)))),((((115,44),(82,(160,(92,193)))),((148,102),((27,57),(123,49)))),((50,((161,114),(178,76))),((25,((157,183),(4,43))),((172,176),(6,(155,(61,12)))))))),(((136,((135,90),(47,((170,(19,119)),(71,(62,(53,(88,(101,83))))))))),((100,(79,((75,187),(31,165)))),(((56,(146,70)),((74,186),(13,(159,129)))),((147,((175,188),(60,132))),((191,(41,86)),((116,174),(113,(23,162)))))))),(((0,(48,((145,163),((196,39),(14,(192,(103,3))))))),((171,(166,180)),((177,(182,40)),((138,194),((35,17),(45,(104,169))))))),((((127,(69,156)),((78,(26,24)),(81,(46,8)))),((122,(80,(73,(58,120)))),((130,(98,(37,(33,143)))),((36,(29,66)),(67,(181,(198,117))))))),((((137,(42,109)),((30,139),(16,9))),(((52,10),(87,((153,(105,28)),(34,(118,167))))),(((51,185),(15,(18,(106,38)))),((179,(99,(200,(173,195)))),(77,(150,(7,(197,112)))))))),(((65,151),(84,(20,(55,141)))),((((89,140),(11,164)),(108,(63,((125,68),(111,64))))),(((128,(21,184)),((59,158),(124,(22,72)))),((96,(189,(1,199))),((107,121),(190,(131,149))))))))))))))))));
Quartet score is: 36820752648
Normalized quartet score is: 0.5903625403287931
ASTRAL finished in 164.558 secs
