
================== ASTRAL ===================== 

This is ASTRAL version 4.10.10
Gene trees are treated as unrooted
996 trees read from ASTRALDATA/model.100.2000000.0.000001/39/estimatedgenetre.halfresolved
All output trees will be *arbitrarily* rooted at 86

======== Running the main analysis
Number of taxa: 101 (101 species)
Taxa: [86, 6, 87, 70, 43, 90, 30, 77, 99, 13, 24, 63, 45, 97, 14, 40, 29, 96, 8, 58, 57, 95, 84, 9, 79, 89, 2, 22, 15, 51, 66, 38, 49, 78, 46, 82, 28, 80, 64, 65, 16, 19, 67, 4, 39, 7, 23, 32, 55, 42, 44, 26, 92, 81, 5, 88, 91, 0, 61, 73, 53, 25, 31, 17, 20, 21, 83, 75, 36, 62, 48, 34, 35, 11, 1, 54, 85, 76, 33, 37, 59, 68, 94, 3, 56, 47, 27, 41, 93, 71, 69, 98, 52, 74, 18, 60, 10, 100, 12, 72, 50]
Taxon occupancy: {35=996, 36=996, 33=996, 34=996, 39=996, 37=996, 38=996, 43=996, 42=996, 41=996, 40=996, 22=996, 23=996, 24=996, 25=996, 26=996, 27=996, 28=996, 29=996, 3=996, 2=996, 1=996, 0=996, 7=996, 30=996, 6=996, 32=996, 5=996, 4=996, 31=996, 9=996, 8=996, 19=996, 17=996, 18=996, 15=996, 16=996, 13=996, 14=996, 11=996, 12=996, 21=996, 20=996, 99=996, 100=996, 98=996, 97=996, 96=996, 95=996, 94=996, 93=996, 92=996, 91=996, 90=996, 10=996, 88=996, 89=996, 79=996, 78=996, 77=996, 82=996, 83=996, 80=996, 81=996, 86=996, 87=996, 84=996, 85=996, 67=996, 66=996, 69=996, 68=996, 70=996, 71=996, 72=996, 73=996, 74=996, 75=996, 76=996, 59=996, 58=996, 57=996, 56=996, 55=996, 64=996, 65=996, 62=996, 63=996, 60=996, 61=996, 49=996, 48=996, 45=996, 44=996, 47=996, 46=996, 51=996, 52=996, 53=996, 54=996, 50=996}
Number of gene trees: 996
0 trees have missing taxa
Calculating quartet distance matrix (for completion of X)
Species tree distances calculated ...
Building set of clusters (X) from gene trees 
Using tree-based weight calculation.
Number of Default Clusters: 25521
Number of quartet trees in the gene trees: 4066406781
calculating extra bipartitions to be added at level 1 ...
Number of Clusters after addition by distance: 25521
Adding to X using resolutions of greedy consensus ...
Threshold 0.0:
Threshold 0.01:
Threshold 0.02:
Threshold 0.05:
polytomy of size 3; rounds with additions with at least 0.01 support: 0; clusters: 25521
Threshold 0.1:
polytomy of size 8; rounds with additions with at least 0.01 support: 0; clusters: 25521
Threshold 0.2:
polytomy of size 7; rounds with additions with at least 0.01 support: 0; clusters: 25521
polytomy of size 5; rounds with additions with at least 0.01 support: 0; clusters: 25521
polytomy of size 10; rounds with additions with at least 0.01 support: 0; clusters: 25521
Threshold 0.3333333333333333:
polytomy of size 3; rounds with additions with at least 0.01 support: 0; clusters: 25521
polytomy of size 3; rounds with additions with at least 0.01 support: 0; clusters: 25521
polytomy of size 3; rounds with additions with at least 0.01 support: 0; clusters: 25521
polytomy of size 7; rounds with additions with at least 0.01 support: 0; clusters: 25521
polytomy of size 7; rounds with additions with at least 0.01 support: 0; clusters: 25521
polytomy of size 4; rounds with additions with at least 0.01 support: 0; clusters: 25521
polytomy of size 4; rounds with additions with at least 0.01 support: 0; clusters: 25521
polytomy of size 13; rounds with additions with at least 0.01 support: 0; clusters: 25649
Number of Clusters after addition by greedy: 25649
partitions formed in 18.487 secs
Dynamic Programming starting after 18.487 secs
Size of largest cluster: 101
Calculated 100000 weights; time (seconds): 883
Total Number of elements weighted: 131827
Normalized score (portion of input quartet trees satisfied): 0.7768636582941996
Final optimization score: 3159043648
Optimal tree inferred in 1165.837 secs.
(18,(60,(10,((100,(12,(72,50))),(74,(52,(28,((((86,6),((67,(19,(4,39))),((87,70),((77,99),(43,(90,30)))))),((24,(13,(63,45))),((15,66),((51,38),(7,(32,(42,(44,(23,55))))))))),((5,(((9,80),(79,(89,(2,22)))),(97,((40,(14,(29,96))),((8,58),(84,(57,95))))))),(82,(0,((16,(26,(92,81))),(((61,53),(73,(((20,(31,17)),((78,46),(25,48))),((49,34),((83,75),(62,(21,36))))))),((69,98),(((1,(33,37)),((64,65),(59,68))),((76,(54,85)),((56,(93,((47,27),(41,71)))),((94,3),(11,(35,(88,91)))))))))))))))))))));
Quartet score is: 3159043648
Normalized quartet score is: 0.7768636582941996
ASTRAL finished in 1172.365 secs
