
================== ASTRAL ===================== 

This is ASTRAL version 4.10.8
Gene trees are treated as unrooted
996 trees read from model.200.2000000.0.0000001/50/estimatedgenetre.halfresolved
All outputted trees will be *arbitrarily* rooted at 55

======== Running the main analysis
Number of taxa: 201 (201 species)
Taxa: [55, 170, 142, 68, 95, 100, 111, 16, 41, 158, 145, 94, 118, 129, 81, 80, 191, 163, 120, 113, 82, 172, 86, 199, 101, 19, 117, 15, 2, 85, 176, 74, 169, 112, 196, 66, 119, 121, 179, 184, 177, 143, 132, 198, 168, 171, 133, 96, 186, 193, 6, 122, 70, 12, 125, 174, 10, 178, 38, 187, 69, 189, 93, 124, 36, 54, 150, 131, 50, 194, 146, 61, 49, 92, 14, 126, 57, 58, 152, 154, 59, 79, 39, 130, 72, 78, 164, 192, 185, 144, 11, 181, 195, 30, 46, 135, 18, 104, 141, 62, 13, 151, 155, 107, 188, 161, 48, 114, 137, 97, 17, 180, 67, 102, 52, 9, 4, 156, 32, 159, 109, 27, 65, 183, 99, 23, 127, 22, 5, 43, 71, 28, 29, 136, 90, 77, 76, 160, 34, 200, 157, 40, 0, 47, 21, 162, 88, 87, 1, 24, 165, 173, 106, 75, 64, 33, 73, 128, 134, 98, 20, 91, 105, 167, 153, 60, 8, 138, 103, 37, 53, 108, 175, 166, 148, 140, 139, 190, 7, 35, 26, 110, 83, 182, 25, 197, 51, 42, 31, 44, 45, 116, 63, 56, 147, 149, 89, 3, 84, 115, 123]
Taxon occupancy: {35=996, 36=996, 159=996, 33=996, 158=996, 34=996, 39=996, 157=996, 156=996, 155=996, 37=996, 154=996, 38=996, 152=996, 153=996, 150=996, 151=996, 43=996, 42=996, 41=996, 40=996, 200=996, 22=996, 169=996, 23=996, 24=996, 25=996, 166=996, 26=996, 27=996, 165=996, 168=996, 28=996, 29=996, 167=996, 3=996, 161=996, 2=996, 162=996, 163=996, 1=996, 164=996, 0=996, 30=996, 7=996, 6=996, 32=996, 5=996, 4=996, 160=996, 31=996, 9=996, 8=996, 19=996, 179=996, 17=996, 178=996, 18=996, 15=996, 177=996, 16=996, 176=996, 13=996, 14=996, 11=996, 12=996, 170=996, 21=996, 171=996, 20=996, 174=996, 175=996, 172=996, 173=996, 188=996, 187=996, 189=996, 180=996, 181=996, 10=996, 182=996, 183=996, 184=996, 185=996, 186=996, 116=996, 79=996, 117=996, 78=996, 114=996, 115=996, 77=996, 112=996, 113=996, 110=996, 111=996, 118=996, 119=996, 82=996, 83=996, 80=996, 81=996, 86=996, 87=996, 84=996, 85=996, 125=996, 67=996, 126=996, 66=996, 69=996, 127=996, 68=996, 128=996, 121=996, 122=996, 123=996, 124=996, 129=996, 70=996, 120=996, 71=996, 72=996, 73=996, 74=996, 75=996, 76=996, 134=996, 135=996, 132=996, 59=996, 133=996, 58=996, 138=996, 57=996, 139=996, 56=996, 136=996, 55=996, 137=996, 64=996, 65=996, 62=996, 63=996, 131=996, 60=996, 130=996, 61=996, 49=996, 143=996, 144=996, 48=996, 145=996, 146=996, 147=996, 45=996, 148=996, 44=996, 149=996, 47=996, 46=996, 51=996, 52=996, 53=996, 54=996, 140=996, 142=996, 50=996, 141=996, 109=996, 108=996, 107=996, 106=996, 105=996, 104=996, 103=996, 102=996, 99=996, 101=996, 100=996, 98=996, 97=996, 96=996, 95=996, 94=996, 93=996, 92=996, 91=996, 90=996, 88=996, 89=996, 195=996, 194=996, 197=996, 196=996, 191=996, 190=996, 193=996, 192=996, 198=996, 199=996}
Number of gene trees: 996
0 trees have missing taxa
Calculating quartet distance matrix (for completion of X)
Species tree distances calculated ...
Building set of clusters (X) from gene trees 
Using tree-based weight calculation.
Number of Default Clusters: 88599
Number of quartet trees in the gene trees: 65727385053
calculating extra bipartitions to be added at level 1 ...
Number of Clusters after addition by distance: 88603
Adding to X using resolutions of greedy consensus ...
Threshold 0.0:
polytomy of size 4; rounds with additions with at least 0.01 support: 0; clusters: 88621
Threshold 0.01:
polytomy of size 4; rounds with additions with at least 0.01 support: 0; clusters: 88629
polytomy of size 9; rounds with additions with at least 0.01 support: 8; clusters: 88779
Threshold 0.02:
polytomy of size 16; rounds with additions with at least 0.01 support: 3; clusters: 89205
Threshold 0.05:
polytomy of size 20; rounds with additions with at least 0.01 support: 0; clusters: 89211
polytomy of size 3; rounds with additions with at least 0.01 support: 0; clusters: 89211
Threshold 0.1:
polytomy of size 3; rounds with additions with at least 0.01 support: 0; clusters: 89211
polytomy of size 29; rounds with additions with at least 0.01 support: 0; clusters: 89213
Threshold 0.2:
polytomy of size 5; rounds with additions with at least 0.01 support: 0; clusters: 89213
polytomy of size 3; rounds with additions with at least 0.01 support: 0; clusters: 89213
polytomy of size 3; rounds with additions with at least 0.01 support: 0; clusters: 89213
polytomy of size 45; rounds with additions with at least 0.01 support: 0; clusters: 89213
Threshold 0.3333333333333333:
polytomy of size 3; rounds with additions with at least 0.01 support: 0; clusters: 89213
polytomy of size 3; rounds with additions with at least 0.01 support: 0; clusters: 89213
polytomy of size 6; rounds with additions with at least 0.01 support: 0; clusters: 89213
polytomy of size 3; rounds with additions with at least 0.01 support: 0; clusters: 89213
polytomy of size 3; rounds with additions with at least 0.01 support: 0; clusters: 89213
polytomy of size 3; rounds with additions with at least 0.01 support: 0; clusters: 89213
polytomy of size 3; rounds with additions with at least 0.01 support: 0; clusters: 89213
polytomy of size 4; rounds with additions with at least 0.01 support: 0; clusters: 89213
polytomy of size 3; rounds with additions with at least 0.01 support: 0; clusters: 89213
polytomy of size 3; rounds with additions with at least 0.01 support: 0; clusters: 89213
polytomy of size 55; rounds with additions with at least 0.01 support: 0; clusters: 98247
Number of Clusters after addition by greedy: 98247
partitions formed in 59.532 secs
Dynamic Programming starting after 59.532 secs
Size of largest cluster: 201
Size of largest cluster: 201
Calculated 100000 weights; time (seconds): 82
Total Number of elements weighted: 256426
Normalized score (portion of input quartet trees satisfied): NaN
Final optimization score: 0
Calculated 200000 weights; time (seconds): 24
Total Number of elements weighted: 256426
Normalized score (portion of input quartet trees satisfied): 0.5898621545302206
Final optimization score: 38770096959
Optimal tree inferred in 132.336 secs.
(55,((170,142),((100,111),(16,(41,((87,(1,24)),(((21,88),((29,(71,28)),((165,173),(40,((106,(47,(75,64))),(162,((136,90),((200,157),(77,(76,(160,34))))))))))),((((172,86),(82,((66,119),(112,196)))),(((58,152),(154,59)),((60,(8,138)),((33,73),((167,153),(74,105)))))),(0,(((150,(146,(194,(131,50)))),(((169,(161,((48,137),(114,(97,17))))),((135,(18,104)),((195,(30,46)),(181,(185,(144,11)))))),((((192,(141,62)),(57,(130,151))),((78,13),((79,72),(107,188)))),((155,((180,67),((102,(52,9)),(61,((14,126),(49,(92,164))))))),(39,(((99,(23,127)),((109,27),(65,183))),((22,5),(43,(4,(156,(32,159))))))))))),(((95,((121,179),(124,(36,54)))),((93,((171,(96,186)),(133,(168,(143,(132,198)))))),(((184,70),(193,(6,122))),((177,(12,125)),(178,((174,(10,38)),(189,(187,69)))))))),(((20,91),(199,((101,19),(117,(15,(2,(85,176))))))),((147,((128,134),(68,(191,163)))),(((53,(108,175)),(56,(98,37))),((103,149),((115,(84,(3,(89,123)))),(((63,(116,(44,45))),((120,113),((158,145),(118,(80,(94,(129,81))))))),(148,((140,(25,(166,(197,(51,(42,31)))))),(190,(139,((83,182),((26,110),(7,35))))))))))))))))))))))));
Quartet score is: 38770096959
Normalized quartet score is: 0.5898621545302206
ASTRAL finished in 142.17 secs
