
================== ASTRAL ===================== 

This is ASTRAL version 4.10.7
Gene trees are treated as unrooted
1000 trees read from ASTRALDATA/model.200.2000000.0.000001/02/estimatedgenetre.halfresolved
All output trees will be *arbitrarily* rooted at 73

======== Running the main analysis
Number of taxa: 201 (201 species)
Taxa: [73, 96, 176, 21, 163, 165, 19, 94, 200, 24, 35, 70, 154, 169, 198, 71, 59, 10, 124, 181, 67, 60, 86, 149, 83, 116, 199, 23, 1, 109, 123, 132, 119, 126, 164, 17, 146, 101, 89, 47, 152, 2, 48, 38, 80, 72, 85, 22, 130, 97, 65, 196, 140, 114, 45, 167, 52, 170, 61, 20, 129, 192, 178, 5, 189, 133, 56, 69, 117, 148, 187, 7, 99, 31, 151, 8, 9, 42, 120, 127, 93, 183, 40, 158, 39, 18, 161, 171, 112, 98, 15, 50, 177, 87, 191, 29, 135, 44, 105, 160, 108, 37, 168, 172, 66, 32, 95, 62, 34, 92, 82, 118, 14, 142, 174, 16, 12, 156, 147, 110, 90, 6, 173, 138, 103, 76, 43, 153, 78, 157, 46, 27, 143, 4, 58, 3, 193, 188, 122, 49, 175, 150, 121, 179, 136, 194, 186, 106, 63, 25, 75, 57, 155, 33, 51, 91, 36, 185, 28, 55, 159, 115, 128, 144, 53, 195, 13, 54, 81, 113, 88, 134, 131, 64, 180, 11, 77, 190, 139, 102, 100, 0, 125, 84, 166, 197, 107, 141, 137, 162, 79, 111, 41, 74, 182, 30, 145, 26, 184, 68, 104]
Number of gene trees: 1000
0 trees have missing taxa
Calculating quartet distance matrix (for completion of X)
Species tree distances calculated ...
Building set of clusters (X) from gene trees 
Using tree-based weight calculation.
Number of Default Clusters: 40671
Number of quartet trees in the gene trees: 65998342872
calculating extra bipartitions to be added at level 1 ...
Number of Clusters after addition by distance: 40673
Adding to X using resolutions of greedy consensus ...
Threshold 0.0:
Threshold 0.01:
Threshold 0.02:
polytomy of size 3; rounds with additions with at least 0.01 support: 0; clusters: 40673
Threshold 0.05:
polytomy of size 5; rounds with additions with at least 0.01 support: 0; clusters: 40673
Threshold 0.1:
polytomy of size 3; rounds with additions with at least 0.01 support: 0; clusters: 40673
polytomy of size 3; rounds with additions with at least 0.01 support: 0; clusters: 40673
polytomy of size 3; rounds with additions with at least 0.01 support: 0; clusters: 40673
polytomy of size 10; rounds with additions with at least 0.01 support: 0; clusters: 40673
Threshold 0.2:
polytomy of size 7; rounds with additions with at least 0.01 support: 0; clusters: 40673
polytomy of size 4; rounds with additions with at least 0.01 support: 0; clusters: 40673
polytomy of size 16; rounds with additions with at least 0.01 support: 0; clusters: 40673
Threshold 0.3333333333333333:
polytomy of size 3; rounds with additions with at least 0.01 support: 0; clusters: 40673
polytomy of size 3; rounds with additions with at least 0.01 support: 0; clusters: 40673
polytomy of size 3; rounds with additions with at least 0.01 support: 0; clusters: 40673
polytomy of size 3; rounds with additions with at least 0.01 support: 0; clusters: 40673
polytomy of size 3; rounds with additions with at least 0.01 support: 0; clusters: 40673
polytomy of size 3; rounds with additions with at least 0.01 support: 0; clusters: 40673
polytomy of size 3; rounds with additions with at least 0.01 support: 0; clusters: 40673
polytomy of size 5; rounds with additions with at least 0.01 support: 0; clusters: 40673
polytomy of size 3; rounds with additions with at least 0.01 support: 0; clusters: 40673
polytomy of size 7; rounds with additions with at least 0.01 support: 0; clusters: 40673
polytomy of size 18; rounds with additions with at least 0.01 support: 0; clusters: 40825
polytomy of size 4; rounds with additions with at least 0.01 support: 0; clusters: 40825
Number of Clusters after addition by greedy: 40825
partitions formed in 21.982 secs
Dynamic Programming starting after 21.982 secs
Size of largest cluster: 201
Calculated 100000 weights; time (seconds): 754
Total Number of elements weighted: 194462
Normalized score (portion of input quartet trees satisfied): 0.726357326046409
Final optimization score: 47938379852
Optimal tree inferred in 1457.206 secs.
(191,(29,(135,(44,((177,87),((17,146),((((83,(116,199)),((60,(86,149)),(67,(124,181)))),((101,((48,(38,80)),(89,(47,152)))),(2,((22,(72,85)),((130,97),(65,(140,(196,114)))))))),(((68,104),(182,(184,(30,(145,26))))),((((23,1),(109,(123,(164,(126,(132,119)))))),(((161,171),((45,(167,52)),((170,61),(192,(129,(178,(5,(20,189)))))))),(((112,98),(18,(15,50))),((183,(40,(158,39))),(((93,(133,56)),((69,187),(117,148))),((127,(8,(9,42))),(120,(7,(99,(31,151)))))))))),(105,((0,((77,((102,100),(190,139))),(((162,(74,(79,(111,41)))),(125,((84,166),(197,(141,(107,137)))))),(((180,11),(113,(131,(64,(88,134))))),((57,155),((25,75),((28,(55,(128,144))),(((53,195),(54,81)),(((159,115),(36,185)),(13,(51,(33,91)))))))))))),((4,58),((((76,(103,(27,143))),((43,153),(157,(78,46)))),(174,((90,(6,(173,138))),((16,12),(110,(156,147)))))),((((14,142),(160,(92,(34,(82,118))))),((108,(37,168)),((95,62),(172,(66,32))))),((((19,94),(200,24)),((71,(59,10)),(35,(70,(154,(169,198)))))),((73,(121,((179,(136,194)),(186,(106,63))))),((96,(21,(163,(176,165)))),((3,193),(175,(150,(188,(122,49))))))))))))))))))))));
Quartet score is: 47938379852
Normalized quartet score is: 0.726357326046409
ASTRAL finished in 1465.461 secs
