
================== ASTRAL ===================== 

This is ASTRAL version 4.10.8
Gene trees are treated as unrooted
1000 trees read from model.200.2000000.0.0000001/33/estimatedgenetre.halfresolved
All outputted trees will be *arbitrarily* rooted at 94

======== Running the main analysis
Number of taxa: 201 (201 species)
Taxa: [94, 0, 44, 77, 90, 91, 127, 88, 192, 46, 193, 199, 160, 135, 172, 74, 3, 78, 95, 47, 30, 133, 137, 157, 128, 126, 21, 72, 64, 134, 111, 62, 54, 66, 159, 170, 191, 1, 67, 146, 124, 83, 196, 188, 15, 153, 147, 58, 40, 113, 142, 102, 177, 178, 103, 6, 101, 189, 139, 61, 158, 42, 48, 36, 175, 197, 52, 106, 114, 98, 23, 53, 97, 55, 4, 129, 171, 186, 182, 19, 8, 79, 28, 31, 165, 18, 156, 123, 144, 166, 10, 162, 22, 69, 163, 68, 70, 34, 84, 145, 5, 184, 2, 11, 143, 57, 14, 167, 93, 112, 87, 37, 76, 41, 150, 187, 56, 16, 152, 168, 121, 132, 86, 115, 173, 183, 181, 99, 24, 195, 136, 96, 12, 51, 73, 110, 26, 130, 89, 32, 71, 138, 9, 107, 198, 39, 82, 63, 43, 104, 120, 174, 125, 161, 149, 49, 38, 118, 122, 92, 7, 35, 45, 141, 17, 131, 27, 154, 65, 185, 75, 81, 200, 33, 60, 169, 116, 108, 50, 148, 151, 140, 194, 20, 80, 119, 25, 59, 13, 180, 100, 29, 176, 190, 85, 164, 109, 117, 105, 179, 155]
Taxon occupancy: {35=1000, 36=1000, 159=1000, 33=1000, 158=1000, 34=1000, 157=1000, 39=1000, 156=1000, 155=1000, 37=1000, 38=1000, 154=1000, 152=1000, 153=1000, 150=1000, 151=1000, 43=1000, 42=1000, 41=1000, 40=1000, 200=1000, 22=1000, 23=1000, 169=1000, 24=1000, 25=1000, 166=1000, 26=1000, 165=1000, 27=1000, 28=1000, 168=1000, 167=1000, 29=1000, 3=1000, 161=1000, 162=1000, 2=1000, 163=1000, 1=1000, 164=1000, 0=1000, 30=1000, 7=1000, 6=1000, 5=1000, 32=1000, 31=1000, 4=1000, 160=1000, 9=1000, 8=1000, 19=1000, 179=1000, 17=1000, 18=1000, 178=1000, 177=1000, 15=1000, 176=1000, 16=1000, 13=1000, 14=1000, 11=1000, 12=1000, 21=1000, 170=1000, 171=1000, 20=1000, 174=1000, 175=1000, 172=1000, 173=1000, 188=1000, 187=1000, 189=1000, 180=1000, 10=1000, 181=1000, 182=1000, 183=1000, 184=1000, 185=1000, 186=1000, 116=1000, 117=1000, 79=1000, 114=1000, 78=1000, 77=1000, 115=1000, 112=1000, 113=1000, 110=1000, 111=1000, 118=1000, 119=1000, 82=1000, 83=1000, 80=1000, 81=1000, 86=1000, 87=1000, 84=1000, 85=1000, 67=1000, 125=1000, 126=1000, 66=1000, 69=1000, 127=1000, 68=1000, 128=1000, 121=1000, 122=1000, 123=1000, 124=1000, 129=1000, 70=1000, 71=1000, 120=1000, 72=1000, 73=1000, 74=1000, 75=1000, 76=1000, 134=1000, 135=1000, 132=1000, 133=1000, 59=1000, 58=1000, 138=1000, 139=1000, 57=1000, 56=1000, 136=1000, 55=1000, 137=1000, 64=1000, 65=1000, 62=1000, 63=1000, 131=1000, 60=1000, 61=1000, 130=1000, 143=1000, 49=1000, 144=1000, 48=1000, 145=1000, 146=1000, 147=1000, 45=1000, 44=1000, 148=1000, 47=1000, 149=1000, 46=1000, 51=1000, 52=1000, 53=1000, 54=1000, 140=1000, 142=1000, 141=1000, 50=1000, 109=1000, 108=1000, 107=1000, 106=1000, 105=1000, 104=1000, 103=1000, 102=1000, 99=1000, 101=1000, 100=1000, 98=1000, 97=1000, 96=1000, 95=1000, 94=1000, 93=1000, 92=1000, 91=1000, 90=1000, 88=1000, 89=1000, 195=1000, 194=1000, 197=1000, 196=1000, 191=1000, 190=1000, 193=1000, 192=1000, 198=1000, 199=1000}
Number of gene trees: 1000
0 trees have missing taxa
Calculating quartet distance matrix (for completion of X)
Species tree distances calculated ...
Building set of clusters (X) from gene trees 
Using tree-based weight calculation.
Number of Default Clusters: 85001
Number of quartet trees in the gene trees: 65998350000
calculating extra bipartitions to be added at level 1 ...
Number of Clusters after addition by distance: 85009
Adding to X using resolutions of greedy consensus ...
Threshold 0.0:
polytomy of size 3; rounds with additions with at least 0.01 support: 1; clusters: 85013
Threshold 0.01:
polytomy of size 11; rounds with additions with at least 0.01 support: 9; clusters: 85399
Threshold 0.02:
polytomy of size 13; rounds with additions with at least 0.01 support: 6; clusters: 85939
Threshold 0.05:
polytomy of size 4; rounds with additions with at least 0.01 support: 0; clusters: 85939
polytomy of size 3; rounds with additions with at least 0.01 support: 0; clusters: 85939
polytomy of size 3; rounds with additions with at least 0.01 support: 0; clusters: 85939
polytomy of size 19; rounds with additions with at least 0.01 support: 2; clusters: 85979
Threshold 0.1:
polytomy of size 3; rounds with additions with at least 0.01 support: 0; clusters: 85979
polytomy of size 7; rounds with additions with at least 0.01 support: 0; clusters: 85979
polytomy of size 33; rounds with additions with at least 0.01 support: 1; clusters: 86023
Threshold 0.2:
polytomy of size 4; rounds with additions with at least 0.01 support: 0; clusters: 86023
polytomy of size 49; rounds with additions with at least 0.01 support: 0; clusters: 86033
Threshold 0.3333333333333333:
polytomy of size 3; rounds with additions with at least 0.01 support: 0; clusters: 86033
polytomy of size 3; rounds with additions with at least 0.01 support: 0; clusters: 86033
polytomy of size 3; rounds with additions with at least 0.01 support: 0; clusters: 86033
polytomy of size 3; rounds with additions with at least 0.01 support: 0; clusters: 86033
polytomy of size 68; rounds with additions with at least 0.01 support: 0; clusters: 96537
Number of Clusters after addition by greedy: 96537
partitions formed in 58.711 secs
Dynamic Programming starting after 58.711 secs
Size of largest cluster: 201
Size of largest cluster: 201
Calculated 100000 weights; time (seconds): 81
Total Number of elements weighted: 272978
Normalized score (portion of input quartet trees satisfied): NaN
Final optimization score: 0
Calculated 200000 weights; time (seconds): 21
Total Number of elements weighted: 272978
Normalized score (portion of input quartet trees satisfied): 0.6472032430053175
Final optimization score: 42714346153
Optimal tree inferred in 135.705 secs.
(94,(((192,46),(88,193)),(((1,165),((((189,139),((178,103),(6,101))),((126,(157,128)),(67,((146,124),(133,137))))),(134,(21,((111,((72,64),((159,170),(62,(54,66))))),(((3,78),((172,74),(160,135))),((15,(196,188)),(((147,58),(199,153)),((102,177),(40,(113,142))))))))))),((91,83),((((76,41),(95,(47,30))),(191,(187,(150,(56,16))))),((138,(132,(86,(115,173)))),(((((168,121),(152,(18,156))),(((34,84),(69,(145,(163,(68,70))))),((22,(5,184)),((123,144),(166,(10,162)))))),(((39,82),(9,(107,198))),(((2,11),((93,(112,87)),((14,167),(143,57)))),((28,31),(((181,99),(24,(36,((61,175),(158,(42,48)))))),(((129,171),((8,79),(186,(182,19)))),((96,(195,136)),(12,((51,(73,110)),((26,130),(89,(32,71)))))))))))),(0,((((127,35),(7,(122,92))),(183,((49,(149,(38,118))),(161,((63,(43,104)),(120,(174,125))))))),((25,(44,((179,155),(109,(117,105))))),((85,164),(180,((77,90),(((20,(80,119)),((148,(59,13)),((151,(140,194)),(131,((27,154),(75,(65,185))))))),(37,(((114,(98,23)),(197,(52,106))),(((55,4),(53,97)),(((100,(29,176)),((141,17),(45,190))),((81,(200,33)),(60,(116,(108,(169,50)))))))))))))))))))))));
Quartet score is: 42714346153
Normalized quartet score is: 0.6472032430053175
ASTRAL finished in 144.233 secs
