
================== ASTRAL ===================== 

This is ASTRAL version 4.10.8
Gene trees are treated as unrooted
1000 trees read from model.200.10000000.0.000001/14/estimatedgenetre.halfresolved
All outputted trees will be *arbitrarily* rooted at 114

======== Running the main analysis
Number of taxa: 201 (201 species)
Taxa: [114, 49, 111, 0, 89, 196, 84, 171, 52, 163, 116, 73, 100, 112, 74, 57, 82, 127, 32, 85, 63, 96, 177, 58, 106, 90, 1, 46, 189, 173, 60, 117, 93, 144, 27, 148, 154, 167, 22, 41, 115, 20, 25, 190, 65, 92, 105, 77, 141, 200, 62, 123, 162, 70, 142, 146, 158, 95, 98, 17, 9, 108, 195, 150, 104, 40, 182, 103, 165, 125, 185, 47, 10, 130, 193, 178, 109, 124, 51, 166, 45, 180, 69, 86, 29, 18, 61, 23, 197, 147, 87, 54, 64, 137, 30, 13, 4, 72, 183, 181, 28, 6, 31, 39, 55, 120, 26, 5, 8, 19, 107, 113, 131, 134, 192, 79, 44, 80, 174, 71, 139, 160, 172, 56, 101, 143, 176, 38, 59, 138, 97, 186, 175, 15, 78, 159, 140, 145, 2, 66, 161, 191, 83, 155, 187, 179, 121, 35, 21, 34, 67, 152, 16, 151, 81, 53, 128, 118, 132, 48, 119, 133, 198, 122, 50, 156, 188, 42, 68, 170, 135, 153, 88, 169, 126, 3, 7, 194, 11, 129, 33, 157, 91, 168, 136, 149, 184, 24, 76, 102, 164, 12, 99, 110, 199, 14, 75, 43, 94, 37, 36]
Taxon occupancy: {35=1000, 36=1000, 159=1000, 33=1000, 158=1000, 34=1000, 39=1000, 157=1000, 156=1000, 37=1000, 155=1000, 154=1000, 38=1000, 152=1000, 153=1000, 150=1000, 151=1000, 43=1000, 42=1000, 41=1000, 40=1000, 200=1000, 22=1000, 23=1000, 169=1000, 24=1000, 25=1000, 166=1000, 26=1000, 165=1000, 27=1000, 28=1000, 168=1000, 29=1000, 167=1000, 161=1000, 3=1000, 162=1000, 2=1000, 163=1000, 1=1000, 0=1000, 164=1000, 30=1000, 7=1000, 6=1000, 32=1000, 5=1000, 4=1000, 31=1000, 160=1000, 9=1000, 8=1000, 19=1000, 17=1000, 179=1000, 18=1000, 178=1000, 177=1000, 15=1000, 176=1000, 16=1000, 13=1000, 14=1000, 11=1000, 12=1000, 21=1000, 170=1000, 171=1000, 20=1000, 174=1000, 175=1000, 172=1000, 173=1000, 188=1000, 187=1000, 189=1000, 180=1000, 10=1000, 181=1000, 182=1000, 183=1000, 184=1000, 185=1000, 186=1000, 116=1000, 117=1000, 79=1000, 114=1000, 78=1000, 115=1000, 77=1000, 112=1000, 113=1000, 110=1000, 111=1000, 118=1000, 119=1000, 82=1000, 83=1000, 80=1000, 81=1000, 86=1000, 87=1000, 84=1000, 85=1000, 125=1000, 67=1000, 66=1000, 126=1000, 69=1000, 127=1000, 128=1000, 68=1000, 121=1000, 122=1000, 123=1000, 124=1000, 129=1000, 70=1000, 120=1000, 71=1000, 72=1000, 73=1000, 74=1000, 75=1000, 76=1000, 134=1000, 135=1000, 132=1000, 59=1000, 133=1000, 58=1000, 138=1000, 57=1000, 139=1000, 56=1000, 136=1000, 137=1000, 55=1000, 64=1000, 65=1000, 62=1000, 63=1000, 60=1000, 131=1000, 61=1000, 130=1000, 49=1000, 143=1000, 144=1000, 48=1000, 145=1000, 146=1000, 147=1000, 45=1000, 148=1000, 44=1000, 47=1000, 149=1000, 46=1000, 51=1000, 52=1000, 53=1000, 54=1000, 140=1000, 142=1000, 141=1000, 50=1000, 109=1000, 108=1000, 107=1000, 106=1000, 105=1000, 104=1000, 103=1000, 99=1000, 102=1000, 101=1000, 100=1000, 98=1000, 97=1000, 96=1000, 95=1000, 94=1000, 93=1000, 92=1000, 91=1000, 90=1000, 88=1000, 89=1000, 195=1000, 194=1000, 197=1000, 196=1000, 191=1000, 190=1000, 193=1000, 192=1000, 198=1000, 199=1000}
Number of gene trees: 1000
0 trees have missing taxa
Calculating quartet distance matrix (for completion of X)
Species tree distances calculated ...
Building set of clusters (X) from gene trees 
Using tree-based weight calculation.
Number of Default Clusters: 10387
Number of quartet trees in the gene trees: 65998347624
calculating extra bipartitions to be added at level 1 ...
Number of Clusters after addition by distance: 10387
Adding to X using resolutions of greedy consensus ...
Threshold 0.0:
Threshold 0.01:
Threshold 0.02:
Threshold 0.05:
Threshold 0.1:
Threshold 0.2:
polytomy of size 3; rounds with additions with at least 0.01 support: 0; clusters: 10387
polytomy of size 3; rounds with additions with at least 0.01 support: 0; clusters: 10387
Threshold 0.3333333333333333:
polytomy of size 3; rounds with additions with at least 0.01 support: 0; clusters: 10387
polytomy of size 3; rounds with additions with at least 0.01 support: 0; clusters: 10387
polytomy of size 3; rounds with additions with at least 0.01 support: 0; clusters: 10387
polytomy of size 3; rounds with additions with at least 0.01 support: 0; clusters: 10387
polytomy of size 3; rounds with additions with at least 0.01 support: 0; clusters: 10387
polytomy of size 3; rounds with additions with at least 0.01 support: 0; clusters: 10387
polytomy of size 3; rounds with additions with at least 0.01 support: 0; clusters: 10387
polytomy of size 3; rounds with additions with at least 0.01 support: 0; clusters: 10387
polytomy of size 5; rounds with additions with at least 0.01 support: 0; clusters: 10387
polytomy of size 3; rounds with additions with at least 0.01 support: 0; clusters: 10387
polytomy of size 3; rounds with additions with at least 0.01 support: 0; clusters: 10387
polytomy of size 4; rounds with additions with at least 0.01 support: 0; clusters: 10387
polytomy of size 3; rounds with additions with at least 0.01 support: 0; clusters: 10387
polytomy of size 4; rounds with additions with at least 0.01 support: 0; clusters: 10387
polytomy of size 3; rounds with additions with at least 0.01 support: 0; clusters: 10387
polytomy of size 3; rounds with additions with at least 0.01 support: 0; clusters: 10387
polytomy of size 3; rounds with additions with at least 0.01 support: 0; clusters: 10387
Number of Clusters after addition by greedy: 10387
partitions formed in 11.881 secs
Dynamic Programming starting after 11.882 secs
Size of largest cluster: 201
Size of largest cluster: 201
Total Number of elements weighted: 41927
Normalized score (portion of input quartet trees satisfied): NaN
Final optimization score: 0
Total Number of elements weighted: 41927
Normalized score (portion of input quartet trees satisfied): 0.9216032720322459
Final optimization score: 60824293119
Optimal tree inferred in 24.348 secs.
(114,(49,(111,(((153,(88,169)),(126,((3,7),(194,(11,(157,(129,33))))))),(((128,(118,(119,(133,(132,48))))),(198,(122,((50,156),(68,((170,135),(188,42))))))),(((43,(94,(37,36))),((91,(168,136)),((184,(149,(102,(24,76)))),((164,12),((14,75),(99,(110,199))))))),((((175,(15,78)),(186,((140,(97,159)),(101,(138,(143,(176,(38,59)))))))),((145,2),((66,(83,(161,191))),((155,187),((179,(121,35)),((21,34),(151,(53,((67,81),(152,16)))))))))),((0,(((60,((117,93),(144,27))),((148,154),(167,(22,(41,115))))),((84,(196,(89,171))),(52,(173,(189,((106,(90,(1,46))),((163,((100,112),(116,73))),(((74,57),(82,127)),(32,((177,58),(96,(85,63))))))))))))),(((9,((150,104),(108,195))),((40,((51,(182,124)),(((178,109),(130,193)),((185,(47,10)),(103,(165,125)))))),(((142,146),((98,17),(158,95))),((123,(162,70)),((25,(190,(65,92))),(20,(105,(62,(200,(77,141)))))))))),(((39,(120,(31,55))),((134,(192,79)),((26,(113,131)),(19,(107,(5,8)))))),(((181,(28,6)),((72,183),((30,4),(137,13)))),((147,(54,(87,64))),(((172,56),((139,160),((44,80),(174,71)))),((69,86),(29,((45,(166,180)),(18,(197,(61,23)))))))))))))))))));
Quartet score is: 60824293119
Normalized quartet score is: 0.9216032720322459
ASTRAL finished in 33.853 secs
