
================== ASTRAL ===================== 

This is ASTRAL version 4.10.10
Gene trees are treated as unrooted
947 trees read from ASTRALDATA/model.200.10000000.0.0000001/13/estimatedgenetre.halfresolved
All output trees will be *arbitrarily* rooted at 120

======== Running the main analysis
Number of taxa: 201 (201 species)
Taxa: [120, 160, 88, 122, 49, 193, 42, 38, 75, 61, 86, 89, 134, 197, 140, 28, 59, 92, 91, 39, 137, 173, 170, 195, 143, 124, 20, 174, 14, 82, 132, 34, 9, 107, 116, 6, 171, 190, 54, 119, 0, 169, 118, 53, 135, 45, 189, 130, 117, 162, 71, 35, 36, 81, 184, 152, 17, 44, 97, 32, 145, 84, 66, 104, 79, 5, 142, 27, 156, 131, 151, 73, 178, 155, 94, 146, 186, 90, 165, 138, 47, 24, 2, 128, 26, 18, 196, 96, 3, 166, 175, 163, 4, 127, 8, 148, 77, 179, 129, 102, 99, 16, 43, 25, 63, 56, 147, 176, 10, 95, 133, 105, 72, 188, 141, 68, 46, 98, 1, 191, 48, 167, 181, 154, 103, 108, 101, 158, 7, 51, 121, 161, 21, 100, 126, 74, 149, 153, 80, 29, 58, 15, 192, 93, 41, 114, 157, 11, 67, 199, 112, 187, 136, 60, 123, 106, 180, 183, 125, 65, 182, 164, 30, 198, 110, 115, 185, 69, 33, 40, 76, 194, 37, 111, 78, 52, 23, 139, 177, 113, 109, 85, 83, 12, 57, 168, 144, 13, 159, 50, 172, 64, 200, 55, 87, 62, 150, 70, 19, 22, 31]
Taxon occupancy: {35=947, 36=947, 33=947, 159=947, 34=947, 158=947, 39=947, 157=947, 156=947, 155=947, 37=947, 38=947, 154=947, 152=947, 153=947, 150=947, 151=947, 43=947, 42=947, 41=947, 40=947, 200=947, 22=947, 169=947, 23=947, 24=947, 25=947, 166=947, 26=947, 165=947, 27=947, 28=947, 168=947, 167=947, 29=947, 3=947, 161=947, 2=947, 162=947, 163=947, 1=947, 0=947, 164=947, 7=947, 30=947, 6=947, 5=947, 32=947, 31=947, 4=947, 160=947, 9=947, 8=947, 19=947, 17=947, 179=947, 18=947, 178=947, 15=947, 177=947, 16=947, 176=947, 13=947, 14=947, 11=947, 12=947, 170=947, 21=947, 20=947, 171=947, 174=947, 175=947, 172=947, 173=947, 188=947, 187=947, 189=947, 180=947, 10=947, 181=947, 182=947, 183=947, 184=947, 185=947, 186=947, 116=947, 79=947, 117=947, 114=947, 78=947, 77=947, 115=947, 112=947, 113=947, 110=947, 111=947, 118=947, 119=947, 82=947, 83=947, 80=947, 81=947, 86=947, 87=947, 84=947, 85=947, 67=947, 125=947, 66=947, 126=947, 127=947, 69=947, 128=947, 68=947, 121=947, 122=947, 123=947, 124=947, 129=947, 70=947, 71=947, 120=947, 72=947, 73=947, 74=947, 75=947, 76=947, 134=947, 135=947, 132=947, 59=947, 133=947, 138=947, 58=947, 139=947, 57=947, 56=947, 136=947, 55=947, 137=947, 64=947, 65=947, 62=947, 63=947, 131=947, 60=947, 61=947, 130=947, 49=947, 143=947, 48=947, 144=947, 145=947, 146=947, 45=947, 147=947, 148=947, 44=947, 47=947, 149=947, 46=947, 51=947, 52=947, 53=947, 54=947, 140=947, 142=947, 141=947, 50=947, 109=947, 108=947, 107=947, 106=947, 105=947, 104=947, 103=947, 102=947, 99=947, 101=947, 100=947, 98=947, 97=947, 96=947, 95=947, 94=947, 93=947, 92=947, 91=947, 90=947, 88=947, 89=947, 195=947, 194=947, 197=947, 196=947, 191=947, 190=947, 193=947, 192=947, 198=947, 199=947}
Number of gene trees: 947
0 trees have missing taxa
Calculating quartet distance matrix (for completion of X)
Species tree distances calculated ...
Building set of clusters (X) from gene trees 
Using tree-based weight calculation.
Number of Default Clusters: 38979
Number of quartet trees in the gene trees: 62431115694
calculating extra bipartitions to be added at level 1 ...
Number of Clusters after addition by distance: 38979
Adding to X using resolutions of greedy consensus ...
Threshold 0.0:
Threshold 0.01:
Threshold 0.02:
Threshold 0.05:
Threshold 0.1:
polytomy of size 3; rounds with additions with at least 0.01 support: 0; clusters: 38979
Threshold 0.2:
polytomy of size 3; rounds with additions with at least 0.01 support: 0; clusters: 38979
polytomy of size 3; rounds with additions with at least 0.01 support: 0; clusters: 38979
polytomy of size 3; rounds with additions with at least 0.01 support: 0; clusters: 38979
polytomy of size 4; rounds with additions with at least 0.01 support: 0; clusters: 38979
polytomy of size 4; rounds with additions with at least 0.01 support: 0; clusters: 38979
polytomy of size 3; rounds with additions with at least 0.01 support: 0; clusters: 38979
Threshold 0.3333333333333333:
polytomy of size 3; rounds with additions with at least 0.01 support: 0; clusters: 38979
polytomy of size 3; rounds with additions with at least 0.01 support: 0; clusters: 38979
polytomy of size 4; rounds with additions with at least 0.01 support: 0; clusters: 38979
polytomy of size 3; rounds with additions with at least 0.01 support: 0; clusters: 38979
polytomy of size 4; rounds with additions with at least 0.01 support: 0; clusters: 38979
polytomy of size 3; rounds with additions with at least 0.01 support: 0; clusters: 38979
polytomy of size 4; rounds with additions with at least 0.01 support: 0; clusters: 38979
polytomy of size 3; rounds with additions with at least 0.01 support: 0; clusters: 38979
polytomy of size 3; rounds with additions with at least 0.01 support: 0; clusters: 38979
polytomy of size 7; rounds with additions with at least 0.01 support: 0; clusters: 38987
polytomy of size 4; rounds with additions with at least 0.01 support: 0; clusters: 38987
polytomy of size 3; rounds with additions with at least 0.01 support: 0; clusters: 38987
polytomy of size 4; rounds with additions with at least 0.01 support: 0; clusters: 38987
polytomy of size 3; rounds with additions with at least 0.01 support: 0; clusters: 38987
polytomy of size 3; rounds with additions with at least 0.01 support: 0; clusters: 38987
polytomy of size 5; rounds with additions with at least 0.01 support: 0; clusters: 38987
polytomy of size 7; rounds with additions with at least 0.01 support: 0; clusters: 38989
polytomy of size 5; rounds with additions with at least 0.01 support: 0; clusters: 38989
polytomy of size 3; rounds with additions with at least 0.01 support: 0; clusters: 38989
Number of Clusters after addition by greedy: 38989
partitions formed in 19.867 secs
Dynamic Programming starting after 19.867 secs
Size of largest cluster: 201
Calculated 100000 weights; time (seconds): 620
Total Number of elements weighted: 111195
Normalized score (portion of input quartet trees satisfied): 0.7752424555605284
Final optimization score: 48399251434
Optimal tree inferred in 689.203 secs.
(8,((148,(77,179)),(129,(163,((4,127),((((166,175),(196,(96,3))),(102,(99,(16,(43,(25,63)))))),(((24,(47,2)),(128,(26,18))),(((84,66),((104,(((79,5),(142,27)),(138,((73,(178,(146,(155,94)))),((131,(156,151)),(186,(90,165))))))),(17,((169,118),(((44,(32,(97,145))),(36,(81,(184,152)))),((189,130),((45,(53,135)),(117,(35,(162,71)))))))))),((((54,(190,119)),(107,(9,(116,(6,171))))),((20,(14,(174,(82,(132,34))))),((140,((134,197),((38,75),(61,(86,89))))),((143,124),(195,((59,92),(28,(121,(91,(170,(173,(39,137)))))))))))),((0,(((30,(198,110)),((115,185),((194,(37,111)),(69,(33,(40,76)))))),(85,(((109,(177,113)),(78,(52,(23,139)))),(((19,(22,31)),(42,(122,((49,193),(120,(160,88)))))),((55,((87,62),(150,70))),((172,(64,200)),(((159,50),(83,12)),((57,168),(144,13)))))))))),(((56,(147,176)),(((72,188),(((10,95),(133,105)),((141,68),(46,(98,1))))),(191,((158,(7,51)),((167,181),((108,101),(48,(154,103)))))))),((58,(15,(192,93))),(((149,(153,(80,29))),(21,(100,(126,74)))),((41,(114,157)),((65,(161,(182,164))),(125,((183,(123,(106,180))),((187,(136,60)),(112,(67,(11,199)))))))))))))))))))));
Quartet score is: 48399251434
Normalized quartet score is: 0.7752424555605284
ASTRAL finished in 700.724 secs
