
================== ASTRAL ===================== 

This is ASTRAL version 4.10.8
Gene trees are treated as unrooted
1000 trees read from model.200.2000000.0.000001/09/estimatedgenetre.halfresolved
All outputted trees will be *arbitrarily* rooted at 91

======== Running the main analysis
Number of taxa: 201 (201 species)
Taxa: [91, 176, 9, 135, 123, 151, 51, 118, 44, 81, 17, 93, 164, 196, 30, 162, 177, 52, 23, 153, 114, 50, 63, 71, 15, 10, 87, 159, 98, 160, 39, 105, 35, 69, 133, 140, 116, 119, 67, 47, 82, 59, 19, 188, 139, 110, 83, 43, 143, 89, 18, 6, 20, 152, 145, 129, 37, 170, 171, 185, 56, 184, 92, 96, 31, 186, 75, 161, 60, 166, 1, 70, 90, 103, 85, 65, 62, 95, 84, 181, 0, 14, 13, 127, 189, 148, 94, 106, 74, 131, 5, 174, 53, 86, 197, 167, 132, 102, 178, 169, 61, 12, 194, 195, 125, 149, 163, 142, 57, 78, 28, 41, 11, 175, 155, 141, 66, 172, 192, 150, 128, 58, 100, 42, 115, 109, 180, 29, 187, 111, 182, 113, 73, 190, 77, 137, 165, 168, 8, 7, 108, 104, 130, 146, 54, 25, 3, 72, 122, 80, 97, 147, 121, 101, 64, 117, 22, 49, 173, 33, 200, 183, 46, 88, 126, 154, 55, 136, 107, 2, 158, 32, 24, 157, 38, 144, 191, 21, 193, 34, 124, 199, 138, 179, 16, 156, 4, 40, 198, 112, 48, 134, 45, 76, 36, 79, 27, 120, 99, 26, 68]
Taxon occupancy: {35=1000, 36=1000, 159=1000, 33=1000, 158=1000, 34=1000, 39=1000, 157=1000, 156=1000, 37=1000, 155=1000, 154=1000, 38=1000, 152=1000, 153=1000, 150=1000, 151=1000, 43=1000, 42=1000, 41=1000, 40=1000, 200=1000, 22=1000, 23=1000, 169=1000, 24=1000, 25=1000, 26=1000, 166=1000, 27=1000, 165=1000, 28=1000, 168=1000, 167=1000, 29=1000, 161=1000, 3=1000, 162=1000, 2=1000, 1=1000, 163=1000, 0=1000, 164=1000, 30=1000, 7=1000, 6=1000, 5=1000, 32=1000, 31=1000, 160=1000, 4=1000, 9=1000, 8=1000, 19=1000, 17=1000, 179=1000, 18=1000, 178=1000, 177=1000, 15=1000, 176=1000, 16=1000, 13=1000, 14=1000, 11=1000, 12=1000, 170=1000, 21=1000, 171=1000, 20=1000, 174=1000, 175=1000, 172=1000, 173=1000, 188=1000, 187=1000, 189=1000, 180=1000, 181=1000, 10=1000, 182=1000, 183=1000, 184=1000, 185=1000, 186=1000, 116=1000, 79=1000, 117=1000, 114=1000, 78=1000, 115=1000, 77=1000, 112=1000, 113=1000, 110=1000, 111=1000, 118=1000, 119=1000, 82=1000, 83=1000, 80=1000, 81=1000, 86=1000, 87=1000, 84=1000, 85=1000, 67=1000, 125=1000, 66=1000, 126=1000, 127=1000, 69=1000, 68=1000, 128=1000, 121=1000, 122=1000, 123=1000, 124=1000, 129=1000, 70=1000, 120=1000, 71=1000, 72=1000, 73=1000, 74=1000, 75=1000, 76=1000, 134=1000, 135=1000, 132=1000, 133=1000, 59=1000, 58=1000, 138=1000, 139=1000, 57=1000, 56=1000, 136=1000, 137=1000, 55=1000, 64=1000, 65=1000, 62=1000, 63=1000, 131=1000, 60=1000, 61=1000, 130=1000, 143=1000, 49=1000, 144=1000, 48=1000, 145=1000, 146=1000, 45=1000, 147=1000, 148=1000, 44=1000, 47=1000, 149=1000, 46=1000, 51=1000, 52=1000, 53=1000, 54=1000, 140=1000, 142=1000, 50=1000, 141=1000, 109=1000, 108=1000, 107=1000, 106=1000, 105=1000, 104=1000, 103=1000, 99=1000, 102=1000, 101=1000, 100=1000, 98=1000, 97=1000, 96=1000, 95=1000, 94=1000, 93=1000, 92=1000, 91=1000, 90=1000, 88=1000, 89=1000, 195=1000, 194=1000, 197=1000, 196=1000, 191=1000, 190=1000, 193=1000, 192=1000, 198=1000, 199=1000}
Number of gene trees: 1000
0 trees have missing taxa
Calculating quartet distance matrix (for completion of X)
Species tree distances calculated ...
Building set of clusters (X) from gene trees 
Using tree-based weight calculation.
Number of Default Clusters: 28253
Number of quartet trees in the gene trees: 65998236297
calculating extra bipartitions to be added at level 1 ...
Number of Clusters after addition by distance: 28253
Adding to X using resolutions of greedy consensus ...
Threshold 0.0:
Threshold 0.01:
Threshold 0.02:
Threshold 0.05:
Threshold 0.1:
polytomy of size 3; rounds with additions with at least 0.01 support: 0; clusters: 28253
polytomy of size 3; rounds with additions with at least 0.01 support: 0; clusters: 28253
Threshold 0.2:
polytomy of size 5; rounds with additions with at least 0.01 support: 0; clusters: 28253
polytomy of size 4; rounds with additions with at least 0.01 support: 0; clusters: 28253
polytomy of size 3; rounds with additions with at least 0.01 support: 0; clusters: 28253
polytomy of size 4; rounds with additions with at least 0.01 support: 0; clusters: 28253
polytomy of size 4; rounds with additions with at least 0.01 support: 0; clusters: 28253
polytomy of size 3; rounds with additions with at least 0.01 support: 0; clusters: 28253
polytomy of size 3; rounds with additions with at least 0.01 support: 0; clusters: 28253
polytomy of size 3; rounds with additions with at least 0.01 support: 0; clusters: 28253
polytomy of size 5; rounds with additions with at least 0.01 support: 0; clusters: 28253
polytomy of size 3; rounds with additions with at least 0.01 support: 0; clusters: 28253
Threshold 0.3333333333333333:
polytomy of size 3; rounds with additions with at least 0.01 support: 0; clusters: 28253
polytomy of size 3; rounds with additions with at least 0.01 support: 0; clusters: 28253
polytomy of size 6; rounds with additions with at least 0.01 support: 0; clusters: 28253
polytomy of size 4; rounds with additions with at least 0.01 support: 0; clusters: 28253
polytomy of size 8; rounds with additions with at least 0.01 support: 0; clusters: 28253
polytomy of size 3; rounds with additions with at least 0.01 support: 0; clusters: 28253
polytomy of size 4; rounds with additions with at least 0.01 support: 0; clusters: 28253
polytomy of size 3; rounds with additions with at least 0.01 support: 0; clusters: 28253
polytomy of size 4; rounds with additions with at least 0.01 support: 0; clusters: 28253
polytomy of size 3; rounds with additions with at least 0.01 support: 0; clusters: 28253
polytomy of size 4; rounds with additions with at least 0.01 support: 0; clusters: 28253
polytomy of size 5; rounds with additions with at least 0.01 support: 0; clusters: 28253
polytomy of size 3; rounds with additions with at least 0.01 support: 0; clusters: 28253
polytomy of size 4; rounds with additions with at least 0.01 support: 0; clusters: 28253
polytomy of size 3; rounds with additions with at least 0.01 support: 0; clusters: 28253
polytomy of size 4; rounds with additions with at least 0.01 support: 0; clusters: 28253
polytomy of size 5; rounds with additions with at least 0.01 support: 0; clusters: 28253
polytomy of size 3; rounds with additions with at least 0.01 support: 0; clusters: 28253
polytomy of size 3; rounds with additions with at least 0.01 support: 0; clusters: 28253
polytomy of size 4; rounds with additions with at least 0.01 support: 0; clusters: 28253
polytomy of size 3; rounds with additions with at least 0.01 support: 0; clusters: 28253
Number of Clusters after addition by greedy: 28253
partitions formed in 22.563 secs
Dynamic Programming starting after 22.563 secs
Size of largest cluster: 201
Size of largest cluster: 201
Total Number of elements weighted: 127131
Normalized score (portion of input quartet trees satisfied): NaN
Final optimization score: 0
Calculated 100000 weights; time (seconds): 45
Total Number of elements weighted: 127131
Normalized score (portion of input quartet trees satisfied): 0.8325524092603314
Final optimization score: 54946990636
Optimal tree inferred in 51.819 secs.
(91,(176,((9,(135,123)),(((76,36),((26,68),((120,99),(79,27)))),(184,(158,(((((40,(198,112)),(134,(48,45))),((179,(156,(16,4))),((138,(124,199)),(191,(21,(193,34)))))),(((157,144),(38,(32,24))),((90,(103,85)),(1,(70,((92,(31,(96,186))),(75,(161,(60,166))))))))),(((25,(54,((146,(104,130)),(5,(174,(53,86)))))),((192,150),(((197,167),(128,((111,182),((29,187),(58,((100,180),(42,(115,109)))))))),(((172,(41,66)),(175,(11,(155,141)))),((((77,137),(113,(73,190))),(8,((165,168),(7,108)))),((142,(163,(57,(78,28)))),((125,149),((12,194),((169,61),(195,(178,(132,102)))))))))))),(0,((((14,13),(127,((189,148),(94,(106,(74,131)))))),((126,(154,(55,(136,(107,2))))),((65,(62,(181,(95,84)))),(((97,147),(72,(122,80))),((173,(33,(200,183))),(3,((46,88),(101,(121,(64,(22,(117,49)))))))))))),(((20,152),(37,((145,129),((188,(59,19)),((143,((89,6),(43,18))),((47,82),(67,(139,(110,83))))))))),((((153,(52,23)),(196,(162,(30,177)))),(17,((93,164),((151,51),(118,(44,81)))))),(((170,171),((185,56),((114,50),(15,(63,71))))),((133,(39,(105,(35,69)))),((116,(140,119)),((10,87),(159,(98,160))))))))))))))))));
Quartet score is: 54946990636
Normalized quartet score is: 0.8325524092603314
ASTRAL finished in 63.57 secs
