
================== ASTRAL ===================== 

This is ASTRAL version 4.10.8
Gene trees are treated as unrooted
1000 trees read from model.100.2000000.0.000001/10/estimatedgenetre.halfresolved
All outputted trees will be *arbitrarily* rooted at 19

======== Running the main analysis
Number of taxa: 101 (101 species)
Taxa: [19, 11, 70, 64, 57, 68, 95, 13, 34, 85, 15, 77, 63, 74, 54, 3, 76, 36, 37, 44, 27, 99, 98, 2, 88, 12, 69, 20, 42, 78, 6, 33, 39, 71, 58, 97, 83, 25, 79, 86, 50, 90, 56, 59, 16, 53, 38, 91, 9, 67, 66, 32, 89, 26, 28, 84, 55, 46, 81, 61, 14, 47, 45, 22, 10, 60, 87, 51, 73, 7, 17, 92, 96, 31, 35, 30, 5, 75, 43, 82, 0, 21, 93, 62, 48, 65, 18, 49, 72, 40, 41, 94, 23, 24, 29, 80, 4, 1, 100, 52, 8]
Taxon occupancy: {35=1000, 36=1000, 33=1000, 34=1000, 39=1000, 37=1000, 38=1000, 43=1000, 42=1000, 41=1000, 40=1000, 22=1000, 23=1000, 24=1000, 25=1000, 26=1000, 27=1000, 28=1000, 29=1000, 3=1000, 2=1000, 1=1000, 0=1000, 7=1000, 30=1000, 6=1000, 32=1000, 5=1000, 4=1000, 31=1000, 9=1000, 8=1000, 19=1000, 17=1000, 18=1000, 15=1000, 16=1000, 13=1000, 14=1000, 11=1000, 12=1000, 21=1000, 20=1000, 99=1000, 100=1000, 98=1000, 97=1000, 96=1000, 95=1000, 94=1000, 93=1000, 92=1000, 91=1000, 90=1000, 10=1000, 88=1000, 89=1000, 79=1000, 78=1000, 77=1000, 82=1000, 83=1000, 80=1000, 81=1000, 86=1000, 87=1000, 84=1000, 85=1000, 67=1000, 66=1000, 69=1000, 68=1000, 70=1000, 71=1000, 72=1000, 73=1000, 74=1000, 75=1000, 76=1000, 59=1000, 58=1000, 57=1000, 56=1000, 55=1000, 64=1000, 65=1000, 62=1000, 63=1000, 60=1000, 61=1000, 49=1000, 48=1000, 45=1000, 44=1000, 47=1000, 46=1000, 51=1000, 52=1000, 53=1000, 54=1000, 50=1000}
Number of gene trees: 1000
0 trees have missing taxa
Calculating quartet distance matrix (for completion of X)
Species tree distances calculated ...
Building set of clusters (X) from gene trees 
Using tree-based weight calculation.
Number of Default Clusters: 20817
Number of quartet trees in the gene trees: 4082924510
calculating extra bipartitions to be added at level 1 ...
Number of Clusters after addition by distance: 20817
Adding to X using resolutions of greedy consensus ...
Threshold 0.0:
Threshold 0.01:
Threshold 0.02:
Threshold 0.05:
polytomy of size 3; rounds with additions with at least 0.01 support: 0; clusters: 20817
polytomy of size 3; rounds with additions with at least 0.01 support: 0; clusters: 20817
Threshold 0.1:
polytomy of size 5; rounds with additions with at least 0.01 support: 0; clusters: 20817
Threshold 0.2:
polytomy of size 3; rounds with additions with at least 0.01 support: 0; clusters: 20817
polytomy of size 4; rounds with additions with at least 0.01 support: 0; clusters: 20817
polytomy of size 3; rounds with additions with at least 0.01 support: 0; clusters: 20817
polytomy of size 9; rounds with additions with at least 0.01 support: 0; clusters: 20817
polytomy of size 3; rounds with additions with at least 0.01 support: 0; clusters: 20817
Threshold 0.3333333333333333:
polytomy of size 4; rounds with additions with at least 0.01 support: 0; clusters: 20817
polytomy of size 3; rounds with additions with at least 0.01 support: 0; clusters: 20817
polytomy of size 3; rounds with additions with at least 0.01 support: 0; clusters: 20817
polytomy of size 3; rounds with additions with at least 0.01 support: 0; clusters: 20817
polytomy of size 3; rounds with additions with at least 0.01 support: 0; clusters: 20817
polytomy of size 3; rounds with additions with at least 0.01 support: 0; clusters: 20817
polytomy of size 3; rounds with additions with at least 0.01 support: 0; clusters: 20817
polytomy of size 4; rounds with additions with at least 0.01 support: 0; clusters: 20817
polytomy of size 3; rounds with additions with at least 0.01 support: 0; clusters: 20817
polytomy of size 3; rounds with additions with at least 0.01 support: 0; clusters: 20817
polytomy of size 3; rounds with additions with at least 0.01 support: 0; clusters: 20817
polytomy of size 4; rounds with additions with at least 0.01 support: 0; clusters: 20817
polytomy of size 7; rounds with additions with at least 0.01 support: 0; clusters: 20817
polytomy of size 12; rounds with additions with at least 0.01 support: 0; clusters: 20899
Number of Clusters after addition by greedy: 20899
partitions formed in 8.207 secs
Dynamic Programming starting after 8.207 secs
Size of largest cluster: 101
Size of largest cluster: 101
Total Number of elements weighted: 100962
Normalized score (portion of input quartet trees satisfied): NaN
Final optimization score: 0
Calculated 100000 weights; time (seconds): 18
Total Number of elements weighted: 100962
Normalized score (portion of input quartet trees satisfied): 0.7627793919216987
Final optimization score: 3114370675
Optimal tree inferred in 18.332 secs.
(19,((57,((68,(15,77)),(63,((95,13),(34,85))))),(11,((70,64),(((44,27),(54,(74,((76,36),(3,37))))),((((42,(69,20)),((78,6),(33,39))),((99,98),((90,((50,(83,(25,79))),(86,(71,(58,97))))),((46,((88,(2,12)),(28,(84,55)))),((91,(9,(67,66))),(26,((32,89),(56,((59,16),(53,38)))))))))),((81,(((75,(43,82)),(5,(35,30))),((96,31),(92,(17,(7,(51,73))))))),(((22,(10,(60,87))),(61,(47,(14,45)))),(((52,8),(24,((29,80),(4,(1,100))))),(0,(((49,72),((94,23),(40,41))),((21,93),(48,(62,(65,18)))))))))))))));
Quartet score is: 3114370675
Normalized quartet score is: 0.7627793919216987
ASTRAL finished in 21.462 secs
