
================== ASTRAL ===================== 

This is ASTRAL version 4.10.10
Gene trees are treated as unrooted
1000 trees read from ASTRALDATA/model.200.10000000.0.0000001/36/estimatedgenetre.halfresolved
All output trees will be *arbitrarily* rooted at 142

======== Running the main analysis
Number of taxa: 201 (201 species)
Taxa: [142, 80, 199, 53, 2, 69, 155, 92, 121, 10, 174, 14, 157, 149, 66, 3, 86, 103, 126, 95, 140, 189, 88, 181, 132, 9, 91, 163, 39, 178, 143, 51, 176, 32, 12, 102, 20, 65, 31, 113, 81, 29, 45, 146, 74, 30, 133, 72, 89, 139, 156, 82, 35, 94, 200, 183, 193, 63, 141, 197, 151, 101, 129, 165, 50, 96, 42, 137, 152, 194, 161, 122, 105, 85, 70, 125, 98, 106, 170, 153, 177, 68, 145, 184, 147, 34, 43, 0, 130, 38, 154, 44, 1, 148, 47, 134, 196, 135, 159, 57, 136, 164, 110, 33, 48, 191, 15, 16, 56, 84, 111, 144, 23, 13, 138, 67, 195, 166, 7, 75, 116, 49, 131, 120, 52, 5, 62, 36, 78, 104, 64, 171, 100, 112, 83, 123, 119, 182, 114, 150, 167, 73, 55, 21, 61, 190, 58, 79, 26, 160, 180, 60, 59, 115, 107, 185, 162, 17, 192, 18, 28, 198, 71, 172, 99, 187, 108, 25, 169, 37, 46, 97, 41, 54, 77, 93, 22, 118, 179, 19, 117, 27, 11, 158, 124, 76, 109, 175, 186, 168, 127, 87, 4, 128, 8, 173, 188, 40, 90, 24, 6]
Taxon occupancy: {35=1000, 36=1000, 159=1000, 33=1000, 34=1000, 158=1000, 157=1000, 39=1000, 156=1000, 155=1000, 37=1000, 154=1000, 38=1000, 152=1000, 153=1000, 150=1000, 151=1000, 43=1000, 42=1000, 41=1000, 40=1000, 200=1000, 22=1000, 23=1000, 169=1000, 24=1000, 25=1000, 166=1000, 26=1000, 165=1000, 27=1000, 28=1000, 168=1000, 29=1000, 167=1000, 161=1000, 3=1000, 2=1000, 162=1000, 1=1000, 163=1000, 0=1000, 164=1000, 30=1000, 7=1000, 6=1000, 32=1000, 5=1000, 4=1000, 31=1000, 160=1000, 9=1000, 8=1000, 19=1000, 17=1000, 179=1000, 178=1000, 18=1000, 177=1000, 15=1000, 176=1000, 16=1000, 13=1000, 14=1000, 11=1000, 12=1000, 170=1000, 21=1000, 20=1000, 171=1000, 174=1000, 175=1000, 172=1000, 173=1000, 188=1000, 187=1000, 189=1000, 180=1000, 181=1000, 10=1000, 182=1000, 183=1000, 184=1000, 185=1000, 186=1000, 116=1000, 79=1000, 117=1000, 78=1000, 114=1000, 115=1000, 77=1000, 112=1000, 113=1000, 110=1000, 111=1000, 118=1000, 119=1000, 82=1000, 83=1000, 80=1000, 81=1000, 86=1000, 87=1000, 84=1000, 85=1000, 125=1000, 67=1000, 126=1000, 66=1000, 69=1000, 127=1000, 128=1000, 68=1000, 121=1000, 122=1000, 123=1000, 124=1000, 129=1000, 70=1000, 120=1000, 71=1000, 72=1000, 73=1000, 74=1000, 75=1000, 76=1000, 134=1000, 135=1000, 132=1000, 133=1000, 59=1000, 138=1000, 58=1000, 139=1000, 57=1000, 136=1000, 56=1000, 137=1000, 55=1000, 64=1000, 65=1000, 62=1000, 63=1000, 131=1000, 60=1000, 130=1000, 61=1000, 143=1000, 49=1000, 48=1000, 144=1000, 145=1000, 146=1000, 147=1000, 45=1000, 148=1000, 44=1000, 47=1000, 149=1000, 46=1000, 51=1000, 52=1000, 53=1000, 54=1000, 140=1000, 142=1000, 50=1000, 141=1000, 109=1000, 108=1000, 107=1000, 106=1000, 105=1000, 104=1000, 103=1000, 102=1000, 99=1000, 101=1000, 100=1000, 98=1000, 97=1000, 96=1000, 95=1000, 94=1000, 93=1000, 92=1000, 91=1000, 90=1000, 88=1000, 89=1000, 195=1000, 194=1000, 197=1000, 196=1000, 191=1000, 190=1000, 193=1000, 192=1000, 198=1000, 199=1000}
Number of gene trees: 1000
0 trees have missing taxa
Calculating quartet distance matrix (for completion of X)
Species tree distances calculated ...
Building set of clusters (X) from gene trees 
Using tree-based weight calculation.
Number of Default Clusters: 31345
Number of quartet trees in the gene trees: 65998350000
calculating extra bipartitions to be added at level 1 ...
Number of Clusters after addition by distance: 31345
Adding to X using resolutions of greedy consensus ...
Threshold 0.0:
Threshold 0.01:
Threshold 0.02:
Threshold 0.05:
Threshold 0.1:
polytomy of size 8; rounds with additions with at least 0.01 support: 0; clusters: 31345
Threshold 0.2:
polytomy of size 14; rounds with additions with at least 0.01 support: 0; clusters: 31345
Threshold 0.3333333333333333:
polytomy of size 3; rounds with additions with at least 0.01 support: 0; clusters: 31345
polytomy of size 3; rounds with additions with at least 0.01 support: 0; clusters: 31345
polytomy of size 3; rounds with additions with at least 0.01 support: 0; clusters: 31345
polytomy of size 3; rounds with additions with at least 0.01 support: 0; clusters: 31345
polytomy of size 17; rounds with additions with at least 0.01 support: 0; clusters: 31481
Number of Clusters after addition by greedy: 31481
partitions formed in 15.349 secs
Dynamic Programming starting after 15.349 secs
Size of largest cluster: 201
Total Number of elements weighted: 92910
Normalized score (portion of input quartet trees satisfied): 0.8008483112835396
Final optimization score: 52854667145
Optimal tree inferred in 574.793 secs.
(47,((134,(196,135)),(148,(48,((183,((159,57),(136,(33,(164,110))))),(((130,(50,96)),((200,(91,((176,32),((12,102),(163,(39,(178,(143,51)))))))),(((31,(20,65)),((45,146),(29,(113,81)))),((156,(82,(35,94))),((74,30),(133,(89,(72,139)))))))),((38,(154,(44,1))),(((141,197),(151,(101,(129,165)))),((((68,145),((34,43),(184,147))),((42,137),((122,105),((152,(194,161)),((106,(177,(170,153))),(70,(85,(125,98)))))))),(0,((191,(((121,((157,149),(14,(10,174)))),(142,(80,((69,(155,92)),(199,(53,2)))))),((195,166),((((193,63),(168,(127,87))),(186,((4,(128,8)),((90,(24,6)),(66,(173,(188,40))))))),((((41,54),(77,(93,22))),(95,((140,189),(132,(9,(88,181)))))),((138,67),((118,(179,19)),((76,(109,175)),((117,27),(11,(158,124))))))))))),((((111,(15,16)),((56,84),(144,(23,13)))),(97,((5,(120,52)),((7,(75,116)),((104,((62,36),(49,131))),(182,((78,171),((123,119),(64,(100,(112,83))))))))))),((114,((126,(3,86)),(99,((46,(169,37)),(187,(108,25)))))),(((73,(55,21)),((103,(150,167)),((61,190),(79,(58,26))))),((160,(172,(28,(198,71)))),((180,(18,(17,192))),((107,(185,162)),(60,(59,115)))))))))))))))))));
Quartet score is: 52854667145
Normalized quartet score is: 0.8008483112835396
ASTRAL finished in 582.819 secs
