
================== ASTRAL ===================== 

This is ASTRAL version 4.10.10
Gene trees are treated as unrooted
997 trees read from ASTRALDATA/model.200.10000000.0.000001/30/estimatedgenetre.halfresolved
All output trees will be *arbitrarily* rooted at 176

======== Running the main analysis
Number of taxa: 201 (201 species)
Taxa: [176, 52, 139, 28, 180, 132, 79, 62, 112, 83, 12, 185, 104, 94, 142, 188, 197, 191, 137, 25, 87, 171, 22, 92, 124, 121, 93, 27, 71, 91, 80, 17, 154, 163, 47, 192, 106, 42, 46, 40, 36, 122, 88, 133, 193, 157, 195, 73, 29, 144, 108, 24, 13, 172, 53, 7, 14, 11, 147, 43, 177, 23, 35, 159, 198, 129, 99, 72, 190, 120, 55, 54, 128, 59, 31, 32, 58, 189, 30, 75, 84, 168, 143, 152, 34, 114, 65, 181, 39, 161, 186, 145, 38, 98, 102, 89, 49, 109, 0, 41, 110, 150, 166, 134, 82, 56, 160, 118, 4, 111, 48, 16, 158, 21, 167, 5, 141, 101, 107, 136, 119, 155, 57, 9, 6, 51, 90, 138, 20, 140, 18, 182, 113, 33, 179, 85, 131, 194, 184, 175, 173, 97, 116, 125, 8, 60, 81, 26, 95, 123, 178, 117, 66, 162, 68, 183, 63, 156, 37, 69, 70, 170, 135, 103, 200, 86, 153, 61, 199, 149, 127, 74, 100, 115, 64, 105, 169, 67, 130, 151, 19, 146, 96, 10, 126, 76, 174, 50, 45, 78, 2, 187, 44, 148, 77, 15, 3, 165, 1, 196, 164]
Taxon occupancy: {35=997, 36=997, 159=997, 33=997, 34=997, 158=997, 39=997, 157=997, 156=997, 155=997, 37=997, 38=997, 154=997, 152=997, 153=997, 150=997, 151=997, 43=997, 42=997, 41=997, 40=997, 200=997, 22=997, 23=997, 169=997, 24=997, 25=997, 166=997, 26=997, 165=997, 27=997, 168=997, 28=997, 29=997, 167=997, 3=997, 161=997, 162=997, 2=997, 1=997, 163=997, 164=997, 0=997, 30=997, 7=997, 6=997, 32=997, 5=997, 31=997, 160=997, 4=997, 9=997, 8=997, 19=997, 17=997, 179=997, 18=997, 178=997, 15=997, 177=997, 176=997, 16=997, 13=997, 14=997, 11=997, 12=997, 21=997, 170=997, 171=997, 20=997, 174=997, 175=997, 172=997, 173=997, 188=997, 187=997, 189=997, 180=997, 181=997, 10=997, 182=997, 183=997, 184=997, 185=997, 186=997, 116=997, 79=997, 117=997, 114=997, 78=997, 77=997, 115=997, 112=997, 113=997, 110=997, 111=997, 118=997, 119=997, 82=997, 83=997, 80=997, 81=997, 86=997, 87=997, 84=997, 85=997, 125=997, 67=997, 66=997, 126=997, 69=997, 127=997, 128=997, 68=997, 121=997, 122=997, 123=997, 124=997, 129=997, 70=997, 120=997, 71=997, 72=997, 73=997, 74=997, 75=997, 76=997, 134=997, 135=997, 132=997, 59=997, 133=997, 58=997, 138=997, 139=997, 57=997, 56=997, 136=997, 55=997, 137=997, 64=997, 65=997, 62=997, 63=997, 131=997, 60=997, 61=997, 130=997, 143=997, 49=997, 144=997, 48=997, 145=997, 146=997, 147=997, 45=997, 148=997, 44=997, 47=997, 149=997, 46=997, 51=997, 52=997, 53=997, 54=997, 140=997, 142=997, 141=997, 50=997, 109=997, 108=997, 107=997, 106=997, 105=997, 104=997, 103=997, 102=997, 99=997, 101=997, 100=997, 98=997, 97=997, 96=997, 95=997, 94=997, 93=997, 92=997, 91=997, 90=997, 88=997, 89=997, 195=997, 194=997, 197=997, 196=997, 191=997, 190=997, 193=997, 192=997, 198=997, 199=997}
Number of gene trees: 997
0 trees have missing taxa
Calculating quartet distance matrix (for completion of X)
Species tree distances calculated ...
Building set of clusters (X) from gene trees 
Using tree-based weight calculation.
Number of Default Clusters: 6761
Number of quartet trees in the gene trees: 65799597129
calculating extra bipartitions to be added at level 1 ...
Number of Clusters after addition by distance: 6761
Adding to X using resolutions of greedy consensus ...
Threshold 0.0:
Threshold 0.01:
Threshold 0.02:
Threshold 0.05:
Threshold 0.1:
Threshold 0.2:
Threshold 0.3333333333333333:
polytomy of size 3; rounds with additions with at least 0.01 support: 0; clusters: 6761
polytomy of size 3; rounds with additions with at least 0.01 support: 0; clusters: 6761
polytomy of size 3; rounds with additions with at least 0.01 support: 0; clusters: 6761
polytomy of size 4; rounds with additions with at least 0.01 support: 0; clusters: 6761
polytomy of size 3; rounds with additions with at least 0.01 support: 0; clusters: 6761
polytomy of size 3; rounds with additions with at least 0.01 support: 0; clusters: 6761
polytomy of size 3; rounds with additions with at least 0.01 support: 0; clusters: 6761
polytomy of size 3; rounds with additions with at least 0.01 support: 0; clusters: 6761
Number of Clusters after addition by greedy: 6761
partitions formed in 8.247 secs
Dynamic Programming starting after 8.247 secs
Size of largest cluster: 201
Total Number of elements weighted: 15263
Normalized score (portion of input quartet trees satisfied): 0.9578377159732291
Final optimization score: 63025335826
Optimal tree inferred in 98.605 secs.
(102,((89,(49,109)),((145,(38,98)),(((143,152),((161,186),((181,39),(114,(34,65))))),((75,(84,168)),((((99,72),(190,(120,(55,54)))),(129,((128,(59,31)),((189,30),(32,58))))),((((42,(73,(193,(157,195)))),((122,(88,133)),(46,(40,36)))),((13,((108,24),(29,144))),((172,(53,7)),((11,(147,43)),(14,((159,198),(23,(177,35)))))))),(((162,(((117,66),(68,(183,63))),((123,178),(60,(26,(81,95)))))),((0,8),((116,(125,(184,(173,(175,97))))),(((82,(56,160)),((41,134),(110,(150,166)))),(((16,(158,21)),(118,(4,(111,48)))),(((141,101),(167,5)),((85,(131,194)),(((33,179),(182,113)),(((140,18),(90,(138,20))),((51,(9,6)),((119,155),(57,(107,136))))))))))))),((((188,197),(94,142)),(((163,47),(192,106)),(((17,154),(27,(80,(71,91)))),((121,93),((92,124),(137,(191,((25,87),(171,22))))))))),(((156,(37,(69,70))),((170,(135,(103,200))),(86,(61,(153,(199,149)))))),(((180,(176,(52,(139,28)))),(132,((112,(79,62)),((12,185),(83,104))))),(((148,77),(169,(165,(1,(196,164))))),((15,3),(((127,74),(100,(115,(64,105)))),(((174,50),((187,44),(45,(78,2)))),(76,((151,19),((10,(146,96)),(126,(67,130))))))))))))))))))));
Quartet score is: 63025335826
Normalized quartet score is: 0.9578377159732291
ASTRAL finished in 107.319 secs
