
================== ASTRAL ===================== 

This is ASTRAL version 4.10.10
Gene trees are treated as unrooted
1000 trees read from ASTRALDATA/model.200.2000000.0.000001/38/estimatedgenetre.halfresolved
All output trees will be *arbitrarily* rooted at 36

======== Running the main analysis
Number of taxa: 201 (201 species)
Taxa: [36, 30, 47, 186, 9, 104, 51, 72, 173, 97, 86, 126, 117, 12, 70, 189, 114, 183, 57, 46, 67, 159, 127, 179, 142, 182, 148, 23, 82, 141, 88, 61, 74, 76, 65, 49, 108, 59, 167, 137, 177, 174, 73, 38, 44, 197, 16, 175, 153, 63, 37, 131, 147, 77, 64, 2, 17, 40, 11, 29, 115, 31, 96, 62, 198, 22, 75, 101, 171, 122, 188, 154, 66, 149, 24, 125, 34, 143, 43, 0, 94, 130, 85, 196, 134, 158, 194, 118, 10, 190, 14, 112, 4, 105, 124, 129, 178, 169, 155, 80, 170, 150, 128, 181, 151, 135, 123, 111, 58, 180, 199, 172, 56, 45, 1, 107, 48, 26, 7, 110, 71, 87, 144, 200, 185, 53, 106, 89, 25, 90, 184, 145, 156, 164, 6, 132, 3, 35, 50, 21, 32, 8, 161, 52, 78, 102, 93, 168, 193, 113, 187, 83, 42, 109, 92, 165, 140, 60, 116, 54, 166, 79, 18, 41, 163, 162, 98, 95, 176, 5, 91, 119, 138, 195, 28, 55, 27, 68, 136, 100, 103, 20, 99, 152, 192, 19, 69, 157, 121, 120, 133, 160, 191, 84, 146, 13, 139, 15, 39, 33, 81]
Taxon occupancy: {35=1000, 36=1000, 33=1000, 159=1000, 158=1000, 34=1000, 39=1000, 157=1000, 156=1000, 37=1000, 155=1000, 154=1000, 38=1000, 152=1000, 153=1000, 150=1000, 151=1000, 43=1000, 42=1000, 41=1000, 40=1000, 200=1000, 22=1000, 23=1000, 169=1000, 24=1000, 25=1000, 26=1000, 166=1000, 165=1000, 27=1000, 168=1000, 28=1000, 29=1000, 167=1000, 3=1000, 161=1000, 2=1000, 162=1000, 1=1000, 163=1000, 0=1000, 164=1000, 30=1000, 7=1000, 6=1000, 32=1000, 5=1000, 4=1000, 31=1000, 160=1000, 9=1000, 8=1000, 19=1000, 17=1000, 179=1000, 178=1000, 18=1000, 15=1000, 177=1000, 16=1000, 176=1000, 13=1000, 14=1000, 11=1000, 12=1000, 170=1000, 21=1000, 171=1000, 20=1000, 174=1000, 175=1000, 172=1000, 173=1000, 188=1000, 187=1000, 189=1000, 180=1000, 10=1000, 181=1000, 182=1000, 183=1000, 184=1000, 185=1000, 186=1000, 116=1000, 117=1000, 79=1000, 114=1000, 78=1000, 115=1000, 77=1000, 112=1000, 113=1000, 110=1000, 111=1000, 118=1000, 119=1000, 82=1000, 83=1000, 80=1000, 81=1000, 86=1000, 87=1000, 84=1000, 85=1000, 125=1000, 67=1000, 66=1000, 126=1000, 127=1000, 69=1000, 128=1000, 68=1000, 121=1000, 122=1000, 123=1000, 124=1000, 129=1000, 70=1000, 71=1000, 120=1000, 72=1000, 73=1000, 74=1000, 75=1000, 76=1000, 134=1000, 135=1000, 132=1000, 59=1000, 133=1000, 58=1000, 138=1000, 139=1000, 57=1000, 56=1000, 136=1000, 137=1000, 55=1000, 64=1000, 65=1000, 62=1000, 63=1000, 131=1000, 60=1000, 130=1000, 61=1000, 143=1000, 49=1000, 48=1000, 144=1000, 145=1000, 146=1000, 147=1000, 45=1000, 148=1000, 44=1000, 149=1000, 47=1000, 46=1000, 51=1000, 52=1000, 53=1000, 54=1000, 140=1000, 142=1000, 141=1000, 50=1000, 109=1000, 108=1000, 107=1000, 106=1000, 105=1000, 104=1000, 103=1000, 102=1000, 99=1000, 101=1000, 100=1000, 98=1000, 97=1000, 96=1000, 95=1000, 94=1000, 93=1000, 92=1000, 91=1000, 90=1000, 88=1000, 89=1000, 195=1000, 194=1000, 197=1000, 196=1000, 191=1000, 190=1000, 193=1000, 192=1000, 198=1000, 199=1000}
Number of gene trees: 1000
0 trees have missing taxa
Calculating quartet distance matrix (for completion of X)
Species tree distances calculated ...
Building set of clusters (X) from gene trees 
Using tree-based weight calculation.
Number of Default Clusters: 41957
Number of quartet trees in the gene trees: 65998330944
calculating extra bipartitions to be added at level 1 ...
Number of Clusters after addition by distance: 41957
Adding to X using resolutions of greedy consensus ...
Threshold 0.0:
Threshold 0.01:
polytomy of size 4; rounds with additions with at least 0.01 support: 0; clusters: 41961
Threshold 0.02:
polytomy of size 4; rounds with additions with at least 0.01 support: 0; clusters: 41961
Threshold 0.05:
polytomy of size 7; rounds with additions with at least 0.01 support: 0; clusters: 41961
Threshold 0.1:
polytomy of size 8; rounds with additions with at least 0.01 support: 0; clusters: 41961
Threshold 0.2:
polytomy of size 5; rounds with additions with at least 0.01 support: 0; clusters: 41961
polytomy of size 3; rounds with additions with at least 0.01 support: 0; clusters: 41961
polytomy of size 3; rounds with additions with at least 0.01 support: 0; clusters: 41961
polytomy of size 4; rounds with additions with at least 0.01 support: 0; clusters: 41961
polytomy of size 11; rounds with additions with at least 0.01 support: 0; clusters: 41961
polytomy of size 3; rounds with additions with at least 0.01 support: 0; clusters: 41961
Threshold 0.3333333333333333:
polytomy of size 3; rounds with additions with at least 0.01 support: 0; clusters: 41961
polytomy of size 3; rounds with additions with at least 0.01 support: 0; clusters: 41961
polytomy of size 3; rounds with additions with at least 0.01 support: 0; clusters: 41961
polytomy of size 3; rounds with additions with at least 0.01 support: 0; clusters: 41961
polytomy of size 5; rounds with additions with at least 0.01 support: 0; clusters: 41961
polytomy of size 3; rounds with additions with at least 0.01 support: 0; clusters: 41961
polytomy of size 6; rounds with additions with at least 0.01 support: 0; clusters: 41961
polytomy of size 4; rounds with additions with at least 0.01 support: 0; clusters: 41961
polytomy of size 3; rounds with additions with at least 0.01 support: 0; clusters: 41961
polytomy of size 4; rounds with additions with at least 0.01 support: 0; clusters: 41961
polytomy of size 4; rounds with additions with at least 0.01 support: 0; clusters: 41961
polytomy of size 3; rounds with additions with at least 0.01 support: 0; clusters: 41961
polytomy of size 3; rounds with additions with at least 0.01 support: 0; clusters: 41961
polytomy of size 3; rounds with additions with at least 0.01 support: 0; clusters: 41961
polytomy of size 4; rounds with additions with at least 0.01 support: 0; clusters: 41961
polytomy of size 3; rounds with additions with at least 0.01 support: 0; clusters: 41961
polytomy of size 3; rounds with additions with at least 0.01 support: 0; clusters: 41961
polytomy of size 4; rounds with additions with at least 0.01 support: 0; clusters: 41961
polytomy of size 6; rounds with additions with at least 0.01 support: 0; clusters: 41961
polytomy of size 13; rounds with additions with at least 0.01 support: 0; clusters: 42087
polytomy of size 4; rounds with additions with at least 0.01 support: 0; clusters: 42087
polytomy of size 4; rounds with additions with at least 0.01 support: 0; clusters: 42087
Number of Clusters after addition by greedy: 42087
partitions formed in 23.77 secs
Dynamic Programming starting after 23.77 secs
Size of largest cluster: 201
Calculated 100000 weights; time (seconds): 624
Total Number of elements weighted: 184216
Normalized score (portion of input quartet trees satisfied): 0.7166582884366101
Final optimization score: 47298250894
Optimal tree inferred in 1144.127 secs.
(124,((178,(129,181)),((4,105),((169,155),(((80,128),(170,150)),(((112,(134,158)),((194,118),(10,(190,14)))),((58,180),((151,135),((123,111),(((199,(185,53)),((144,200),((26,(7,(87,(110,71)))),(172,(45,(56,(107,(1,48)))))))),((130,(85,196)),(((((31,96),(29,115)),((16,11),((64,(17,40)),(175,((77,2),(63,(153,(131,(37,147))))))))),(0,((89,((46,(57,67)),(((66,149),(24,(143,(125,34)))),((75,(62,(198,22))),(101,((122,188),(171,154))))))),((49,108),(((59,(167,137)),((177,197),(44,(73,(174,38))))),(94,((159,127),(((148,141),(76,(23,82))),((74,(88,61)),(65,(182,(179,142)))))))))))),((106,((19,((103,20),((28,(100,(68,136))),((55,27),(99,(152,192)))))),(69,(((157,121),(120,(133,160))),(((146,13),(191,84)),(139,(15,(39,(33,81))))))))),((((176,(5,91)),(119,(138,195))),(((173,(97,86)),(126,(183,(72,114)))),((9,(104,(51,117))),((12,(70,189)),((36,30),((47,186),(98,95))))))),(43,((165,((140,60),(193,((42,(109,92)),(113,(116,(187,83))))))),((54,((163,162),(41,(166,(79,18))))),((161,((93,168),(102,(52,78)))),((184,(25,(145,156))),(8,(((21,32),(164,50)),(90,(6,(35,(132,3)))))))))))))))))))))))));
Quartet score is: 47298250894
Normalized quartet score is: 0.7166582884366101
ASTRAL finished in 1152.809 secs
