
================== ASTRAL ===================== 

This is ASTRAL version 4.10.8
Gene trees are treated as unrooted
1000 trees read from ASTRALDATA/model.1000.2000000.0.000001/03/estimatedgenetre.halfresolved
All outputted trees will be *arbitrarily* rooted at 999

======== Running the main analysis
Number of taxa: 1001 (1001 species)
Taxa: [999, 855, 419, 351, 639, 38, 385, 422, 673, 189, 653, 412, 945, 56, 850, 746, 64, 221, 186, 383, 575, 572, 682, 137, 627, 432, 387, 638, 155, 209, 150, 772, 632, 907, 301, 184, 782, 838, 121, 46, 849, 840, 16, 600, 329, 128, 85, 602, 58, 324, 901, 284, 319, 890, 434, 995, 533, 552, 160, 297, 159, 133, 357, 239, 931, 45, 255, 555, 735, 113, 88, 894, 910, 503, 347, 818, 962, 227, 892, 897, 380, 375, 688, 346, 24, 105, 689, 94, 635, 739, 152, 338, 451, 5, 827, 214, 593, 885, 228, 796, 619, 799, 164, 496, 733, 862, 811, 477, 449, 779, 485, 708, 665, 148, 830, 367, 328, 135, 72, 939, 743, 9, 343, 578, 55, 819, 698, 848, 283, 804, 807, 948, 997, 497, 198, 104, 678, 28, 280, 998, 900, 517, 607, 429, 683, 276, 114, 360, 203, 944, 191, 323, 428, 936, 194, 549, 258, 333, 918, 534, 775, 506, 526, 720, 263, 697, 122, 920, 126, 630, 452, 270, 913, 53, 418, 820, 874, 967, 205, 768, 721, 416, 388, 483, 978, 645, 803, 212, 956, 331, 11, 216, 671, 96, 33, 845, 980, 57, 381, 923, 6, 210, 265, 585, 468, 249, 792, 527, 98, 529, 934, 478, 561, 861, 988, 693, 173, 30, 39, 271, 882, 616, 417, 785, 242, 615, 247, 661, 837, 655, 679, 674, 377, 396, 102, 949, 95, 188, 852, 658, 207, 771, 832, 310, 425, 726, 631, 356, 43, 330, 971, 909, 656, 930, 588, 302, 824, 646, 309, 433, 290, 675, 192, 414, 149, 626, 943, 499, 241, 514, 986, 379, 243, 932, 877, 723, 634, 685, 62, 636, 712, 985, 305, 548, 455, 641, 911, 443, 125, 409, 427, 614, 556, 722, 592, 706, 370, 363, 904, 181, 812, 857, 502, 519, 317, 562, 179, 238, 107, 470, 501, 286, 342, 598, 637, 484, 567, 344, 431, 71, 570, 761, 642, 711, 316, 594, 773, 237, 1, 888, 260, 764, 928, 291, 187, 684, 129, 525, 769, 394, 584, 774, 303, 373, 767, 393, 59, 560, 854, 955, 480, 783, 935, 599, 750, 577, 868, 371, 512, 695, 809, 269, 111, 979, 37, 612, 690, 504, 140, 240, 335, 467, 547, 475, 810, 136, 492, 199, 738, 358, 230, 668, 446, 41, 851, 611, 442, 395, 436, 76, 732, 610, 454, 391, 805, 274, 790, 493, 795, 681, 165, 200, 81, 232, 664, 522, 725, 703, 89, 292, 908, 202, 447, 515, 520, 86, 3, 835, 400, 597, 705, 606, 295, 926, 384, 864, 226, 765, 586, 919, 982, 426, 925, 117, 990, 618, 103, 440, 871, 208, 654, 321, 872, 806, 437, 171, 472, 156, 374, 759, 390, 253, 906, 201, 256, 44, 915, 273, 891, 233, 151, 405, 82, 42, 448, 831, 784, 444, 177, 787, 887, 565, 172, 353, 494, 516, 895, 406, 687, 466, 312, 821, 813, 461, 100, 123, 749, 800, 728, 162, 740, 307, 672, 973, 355, 609, 408, 902, 116, 498, 289, 737, 401, 450, 777, 131, 362, 134, 252, 93, 259, 341, 981, 858, 550, 591, 225, 937, 604, 52, 786, 791, 75, 942, 119, 581, 601, 456, 267, 905, 755, 115, 903, 828, 613, 947, 870, 883, 866, 544, 573, 147, 662, 108, 713, 543, 215, 486, 987, 175, 727, 457, 959, 643, 222, 127, 758, 22, 50, 157, 590, 277, 958, 19, 325, 532, 196, 268, 652, 714, 398, 372, 251, 957, 880, 680, 1000, 644, 707, 510, 304, 704, 583, 345, 83, 623, 878, 996, 266, 754, 829, 922, 536, 576, 73, 542, 970, 884, 421, 195, 481, 976, 879, 4, 236, 229, 964, 161, 917, 464, 950, 296, 340, 77, 649, 938, 941, 63, 856, 568, 933, 569, 528, 694, 47, 816, 886, 264, 138, 278, 524, 281, 876, 794, 376, 223, 17, 112, 898, 823, 530, 70, 471, 595, 535, 378, 760, 620, 183, 531, 197, 660, 130, 557, 574, 701, 322, 757, 676, 748, 441, 717, 110, 770, 972, 31, 469, 20, 846, 248, 960, 702, 293, 797, 213, 79, 61, 282, 633, 756, 320, 348, 927, 836, 974, 410, 402, 603, 473, 814, 815, 969, 23, 178, 700, 170, 778, 916, 896, 60, 751, 354, 315, 120, 8, 781, 793, 327, 479, 369, 860, 318, 648, 392, 231, 817, 559, 994, 49, 413, 691, 640, 219, 801, 459, 489, 716, 523, 488, 551, 825, 13, 87, 29, 25, 766, 182, 762, 798, 669, 629, 54, 564, 368, 993, 912, 399, 74, 745, 32, 12, 145, 847, 992, 513, 495, 101, 582, 719, 65, 963, 975, 889, 808, 741, 474, 142, 789, 332, 736, 921, 68, 163, 415, 97, 397, 90, 718, 965, 686, 458, 18, 257, 843, 507, 539, 677, 763, 190, 709, 537, 141, 359, 21, 275, 952, 169, 144, 36, 842, 206, 35, 893, 167, 844, 168, 710, 563, 66, 540, 731, 26, 158, 715, 881, 953, 869, 261, 193, 579, 984, 424, 667, 747, 361, 411, 589, 439, 802, 951, 692, 326, 245, 15, 80, 300, 218, 518, 224, 294, 545, 153, 491, 244, 834, 84, 69, 696, 311, 423, 608, 288, 118, 285, 482, 699, 174, 571, 132, 407, 176, 67, 27, 826, 580, 991, 853, 185, 621, 106, 308, 968, 899, 788, 647, 404, 272, 867, 954, 622, 742, 465, 625, 337, 670, 250, 521, 946, 651, 420, 365, 334, 350, 279, 605, 339, 509, 382, 143, 166, 666, 659, 7, 553, 841, 989, 306, 734, 753, 349, 364, 961, 875, 487, 650, 752, 873, 859, 780, 262, 299, 0, 386, 298, 490, 51, 538, 154, 234, 430, 124, 833, 254, 744, 204, 220, 10, 445, 863, 435, 146, 109, 940, 287, 453, 92, 657, 235, 313, 211, 438, 462, 865, 541, 983, 730, 460, 99, 352, 554, 822, 663, 463, 14, 366, 476, 180, 2, 246, 91, 511, 217, 389, 776, 724, 587, 839, 558, 546, 505, 929, 314, 78, 628, 977, 966, 596, 500, 48, 34, 566, 617, 403, 40, 139, 924, 729, 508, 624, 914, 336]
Taxon occupancy: {338=1000, 339=1000, 941=1000, 942=1000, 940=1000, 332=1000, 945=1000, 946=1000, 333=1000, 943=1000, 330=1000, 944=1000, 331=1000, 336=1000, 949=1000, 337=1000, 334=1000, 947=1000, 335=1000, 948=1000, 531=1000, 748=1000, 747=1000, 530=1000, 746=1000, 745=1000, 535=1000, 534=1000, 533=1000, 749=1000, 532=1000, 539=1000, 740=1000, 538=1000, 537=1000, 536=1000, 744=1000, 743=1000, 742=1000, 741=1000, 349=1000, 930=1000, 931=1000, 932=1000, 341=1000, 342=1000, 933=1000, 934=1000, 343=1000, 935=1000, 344=1000, 936=1000, 345=1000, 346=1000, 937=1000, 347=1000, 938=1000, 939=1000, 348=1000, 540=1000, 735=1000, 3=1000, 929=1000, 2=1000, 734=1000, 1=1000, 737=1000, 542=1000, 541=1000, 0=1000, 736=1000, 7=1000, 739=1000, 544=1000, 738=1000, 6=1000, 543=1000, 546=1000, 5=1000, 340=1000, 545=1000, 4=1000, 548=1000, 547=1000, 9=1000, 549=1000, 8=1000, 731=1000, 730=1000, 733=1000, 732=1000, 920=1000, 318=1000, 319=1000, 316=1000, 317=1000, 314=1000, 927=1000, 928=1000, 315=1000, 925=1000, 312=1000, 313=1000, 926=1000, 310=1000, 923=1000, 924=1000, 311=1000, 921=1000, 922=1000, 513=1000, 729=1000, 512=1000, 511=1000, 728=1000, 727=1000, 510=1000, 726=1000, 725=1000, 724=1000, 919=1000, 723=1000, 918=1000, 722=1000, 721=1000, 519=1000, 720=1000, 518=1000, 517=1000, 516=1000, 515=1000, 514=1000, 327=1000, 328=1000, 329=1000, 914=1000, 323=1000, 324=1000, 915=1000, 325=1000, 916=1000, 326=1000, 917=1000, 709=1000, 910=1000, 911=1000, 320=1000, 321=1000, 912=1000, 913=1000, 322=1000, 522=1000, 717=1000, 521=1000, 716=1000, 524=1000, 719=1000, 718=1000, 523=1000, 908=1000, 713=1000, 712=1000, 907=1000, 715=1000, 520=1000, 909=1000, 714=1000, 529=1000, 711=1000, 710=1000, 526=1000, 525=1000, 528=1000, 527=1000, 989=1000, 988=1000, 987=1000, 571=1000, 570=1000, 982=1000, 981=1000, 980=1000, 986=1000, 985=1000, 984=1000, 983=1000, 700=1000, 703=1000, 574=1000, 575=1000, 704=1000, 572=1000, 701=1000, 573=1000, 702=1000, 578=1000, 707=1000, 579=1000, 708=1000, 705=1000, 576=1000, 577=1000, 706=1000, 977=1000, 976=1000, 300=1000, 979=1000, 978=1000, 580=1000, 302=1000, 301=1000, 304=1000, 582=1000, 303=1000, 581=1000, 306=1000, 305=1000, 308=1000, 971=1000, 307=1000, 970=1000, 973=1000, 309=1000, 972=1000, 975=1000, 974=1000, 583=1000, 584=1000, 585=1000, 586=1000, 587=1000, 588=1000, 589=1000, 969=1000, 968=1000, 967=1000, 966=1000, 965=1000, 964=1000, 963=1000, 962=1000, 961=1000, 960=1000, 558=1000, 559=1000, 556=1000, 557=1000, 554=1000, 555=1000, 552=1000, 553=1000, 550=1000, 551=1000, 959=1000, 958=1000, 560=1000, 955=1000, 954=1000, 957=1000, 956=1000, 951=1000, 950=1000, 953=1000, 952=1000, 569=1000, 565=1000, 566=1000, 567=1000, 568=1000, 561=1000, 562=1000, 563=1000, 564=1000, 799=1000, 798=1000, 797=1000, 796=1000, 795=1000, 794=1000, 793=1000, 792=1000, 790=1000, 996=1000, 997=1000, 791=1000, 994=1000, 995=1000, 992=1000, 993=1000, 990=1000, 991=1000, 998=1000, 999=1000, 781=1000, 782=1000, 783=1000, 784=1000, 785=1000, 786=1000, 787=1000, 788=1000, 789=1000, 780=1000, 505=1000, 772=1000, 773=1000, 506=1000, 503=1000, 770=1000, 504=1000, 771=1000, 776=1000, 509=1000, 777=1000, 507=1000, 774=1000, 508=1000, 775=1000, 778=1000, 779=1000, 501=1000, 502=1000, 500=1000, 763=1000, 764=1000, 765=1000, 766=1000, 760=1000, 761=1000, 762=1000, 767=1000, 768=1000, 769=1000, 754=1000, 755=1000, 752=1000, 753=1000, 750=1000, 751=1000, 758=1000, 759=1000, 756=1000, 757=1000, 595=1000, 594=1000, 391=1000, 597=1000, 596=1000, 390=1000, 599=1000, 393=1000, 598=1000, 392=1000, 395=1000, 394=1000, 396=1000, 397=1000, 398=1000, 399=1000, 590=1000, 591=1000, 592=1000, 593=1000, 383=1000, 384=1000, 381=1000, 382=1000, 380=1000, 389=1000, 388=1000, 387=1000, 386=1000, 385=1000, 370=1000, 371=1000, 372=1000, 373=1000, 379=1000, 378=1000, 375=1000, 374=1000, 377=1000, 376=1000, 361=1000, 362=1000, 360=1000, 366=1000, 365=1000, 364=1000, 363=1000, 369=1000, 368=1000, 367=1000, 350=1000, 351=1000, 353=1000, 352=1000, 355=1000, 354=1000, 357=1000, 356=1000, 359=1000, 358=1000, 806=1000, 807=1000, 804=1000, 805=1000, 802=1000, 803=1000, 800=1000, 801=1000, 159=1000, 158=1000, 157=1000, 156=1000, 155=1000, 154=1000, 152=1000, 601=1000, 153=1000, 600=1000, 150=1000, 151=1000, 609=1000, 608=1000, 607=1000, 606=1000, 605=1000, 604=1000, 603=1000, 602=1000, 202=1000, 203=1000, 204=1000, 205=1000, 200=1000, 201=1000, 169=1000, 166=1000, 206=1000, 207=1000, 165=1000, 168=1000, 208=1000, 167=1000, 209=1000, 409=1000, 161=1000, 162=1000, 408=1000, 163=1000, 164=1000, 405=1000, 404=1000, 407=1000, 160=1000, 406=1000, 401=1000, 400=1000, 403=1000, 402=1000, 211=1000, 824=1000, 212=1000, 825=1000, 822=1000, 210=1000, 823=1000, 828=1000, 215=1000, 216=1000, 829=1000, 826=1000, 213=1000, 214=1000, 827=1000, 179=1000, 219=1000, 178=1000, 217=1000, 177=1000, 176=1000, 218=1000, 820=1000, 821=1000, 418=1000, 170=1000, 417=1000, 171=1000, 416=1000, 415=1000, 174=1000, 623=1000, 622=1000, 175=1000, 621=1000, 172=1000, 173=1000, 419=1000, 620=1000, 627=1000, 410=1000, 626=1000, 625=1000, 624=1000, 819=1000, 414=1000, 413=1000, 412=1000, 629=1000, 628=1000, 411=1000, 220=1000, 811=1000, 812=1000, 221=1000, 813=1000, 222=1000, 223=1000, 814=1000, 224=1000, 815=1000, 225=1000, 816=1000, 226=1000, 817=1000, 227=1000, 818=1000, 188=1000, 228=1000, 187=1000, 229=1000, 189=1000, 810=1000, 427=1000, 180=1000, 426=1000, 181=1000, 429=1000, 428=1000, 182=1000, 610=1000, 183=1000, 184=1000, 185=1000, 612=1000, 186=1000, 611=1000, 809=1000, 614=1000, 613=1000, 808=1000, 616=1000, 421=1000, 420=1000, 615=1000, 423=1000, 618=1000, 617=1000, 422=1000, 425=1000, 424=1000, 619=1000, 843=1000, 116=1000, 842=1000, 117=1000, 841=1000, 114=1000, 840=1000, 115=1000, 112=1000, 113=1000, 110=1000, 111=1000, 849=1000, 848=1000, 847=1000, 846=1000, 118=1000, 845=1000, 844=1000, 119=1000, 435=1000, 436=1000, 433=1000, 434=1000, 431=1000, 432=1000, 430=1000, 439=1000, 437=1000, 438=1000, 125=1000, 830=1000, 126=1000, 832=1000, 127=1000, 128=1000, 831=1000, 121=1000, 122=1000, 123=1000, 124=1000, 838=1000, 837=1000, 839=1000, 834=1000, 129=1000, 833=1000, 836=1000, 835=1000, 444=1000, 445=1000, 446=1000, 447=1000, 440=1000, 441=1000, 442=1000, 443=1000, 120=1000, 448=1000, 449=1000, 861=1000, 134=1000, 135=1000, 860=1000, 132=1000, 133=1000, 865=1000, 138=1000, 139=1000, 864=1000, 863=1000, 136=1000, 137=1000, 862=1000, 869=1000, 868=1000, 867=1000, 866=1000, 450=1000, 453=1000, 454=1000, 451=1000, 452=1000, 457=1000, 458=1000, 455=1000, 456=1000, 459=1000, 131=1000, 130=1000, 143=1000, 144=1000, 850=1000, 145=1000, 146=1000, 852=1000, 147=1000, 148=1000, 851=1000, 854=1000, 149=1000, 853=1000, 856=1000, 855=1000, 858=1000, 857=1000, 859=1000, 461=1000, 460=1000, 462=1000, 463=1000, 464=1000, 465=1000, 466=1000, 467=1000, 468=1000, 469=1000, 140=1000, 142=1000, 141=1000, 687=1000, 686=1000, 689=1000, 688=1000, 683=1000, 682=1000, 685=1000, 684=1000, 888=1000, 889=1000, 884=1000, 885=1000, 680=1000, 886=1000, 681=1000, 887=1000, 880=1000, 881=1000, 882=1000, 883=1000, 678=1000, 677=1000, 676=1000, 675=1000, 674=1000, 673=1000, 672=1000, 671=1000, 679=1000, 879=1000, 877=1000, 878=1000, 875=1000, 670=1000, 876=1000, 873=1000, 874=1000, 871=1000, 872=1000, 870=1000, 696=1000, 695=1000, 694=1000, 693=1000, 890=1000, 699=1000, 698=1000, 697=1000, 899=1000, 893=1000, 894=1000, 891=1000, 892=1000, 897=1000, 691=1000, 692=1000, 898=1000, 895=1000, 690=1000, 896=1000, 646=1000, 647=1000, 648=1000, 649=1000, 642=1000, 195=1000, 194=1000, 643=1000, 644=1000, 197=1000, 645=1000, 196=1000, 191=1000, 190=1000, 193=1000, 640=1000, 641=1000, 192=1000, 198=1000, 199=1000, 639=1000, 637=1000, 638=1000, 635=1000, 636=1000, 633=1000, 634=1000, 631=1000, 632=1000, 630=1000, 668=1000, 669=1000, 660=1000, 661=1000, 662=1000, 663=1000, 664=1000, 665=1000, 666=1000, 667=1000, 659=1000, 657=1000, 658=1000, 651=1000, 652=1000, 650=1000, 655=1000, 656=1000, 653=1000, 654=1000, 35=1000, 36=1000, 33=1000, 34=1000, 39=1000, 37=1000, 38=1000, 43=1000, 42=1000, 41=1000, 40=1000, 22=1000, 23=1000, 24=1000, 25=1000, 26=1000, 27=1000, 28=1000, 29=1000, 30=1000, 32=1000, 31=1000, 19=1000, 17=1000, 18=1000, 15=1000, 16=1000, 13=1000, 14=1000, 11=1000, 12=1000, 21=1000, 20=1000, 10=1000, 79=1000, 78=1000, 77=1000, 82=1000, 83=1000, 80=1000, 81=1000, 86=1000, 87=1000, 84=1000, 85=1000, 67=1000, 66=1000, 69=1000, 68=1000, 70=1000, 71=1000, 72=1000, 73=1000, 74=1000, 75=1000, 76=1000, 59=1000, 58=1000, 57=1000, 56=1000, 55=1000, 64=1000, 65=1000, 62=1000, 63=1000, 60=1000, 61=1000, 49=1000, 48=1000, 45=1000, 44=1000, 47=1000, 46=1000, 51=1000, 52=1000, 53=1000, 54=1000, 50=1000, 487=1000, 281=1000, 280=1000, 486=1000, 485=1000, 484=1000, 285=1000, 284=1000, 283=1000, 489=1000, 282=1000, 488=1000, 288=1000, 289=1000, 286=1000, 287=1000, 482=1000, 483=1000, 480=1000, 481=1000, 474=1000, 473=1000, 476=1000, 270=1000, 475=1000, 272=1000, 478=1000, 271=1000, 477=1000, 274=1000, 273=1000, 479=1000, 275=1000, 276=1000, 277=1000, 278=1000, 279=1000, 470=1000, 471=1000, 472=1000, 1000=1000, 109=1000, 108=1000, 107=1000, 106=1000, 105=1000, 104=1000, 103=1000, 99=1000, 102=1000, 101=1000, 100=1000, 98=1000, 97=1000, 96=1000, 95=1000, 94=1000, 93=1000, 92=1000, 91=1000, 294=1000, 90=1000, 499=1000, 293=1000, 296=1000, 295=1000, 290=1000, 496=1000, 495=1000, 292=1000, 498=1000, 291=1000, 497=1000, 491=1000, 492=1000, 493=1000, 494=1000, 297=1000, 298=1000, 299=1000, 490=1000, 88=1000, 89=1000, 240=1000, 241=1000, 245=1000, 244=1000, 243=1000, 242=1000, 249=1000, 248=1000, 247=1000, 246=1000, 230=1000, 239=1000, 232=1000, 231=1000, 234=1000, 233=1000, 236=1000, 235=1000, 238=1000, 237=1000, 262=1000, 263=1000, 260=1000, 261=1000, 269=1000, 268=1000, 267=1000, 266=1000, 265=1000, 264=1000, 250=1000, 251=1000, 252=1000, 904=1000, 258=1000, 257=1000, 903=1000, 906=1000, 259=1000, 905=1000, 254=1000, 900=1000, 253=1000, 256=1000, 902=1000, 255=1000, 901=1000}
Number of gene trees: 1000
0 trees have missing taxa
Calculating quartet distance matrix (for completion of X)
Species tree distances calculated ...
Building set of clusters (X) from gene trees 
Using tree-based weight calculation.
Number of Default Clusters: 208619
Number of quartet trees in the gene trees: 41583291716077
calculating extra bipartitions to be added at level 1 ...
Number of Clusters after addition by distance: 208639
Adding to X using resolutions of greedy consensus ...
Threshold 0.0:
polytomy of size 3; rounds with additions with at least 0.01 support: 0; clusters: 208643
polytomy of size 5; rounds with additions with at least 0.01 support: 3; clusters: 208663
polytomy of size 5; rounds with additions with at least 0.01 support: 4; clusters: 208701
Threshold 0.01:
polytomy of size 4; rounds with additions with at least 0.01 support: 0; clusters: 208703
polytomy of size 20; rounds with additions with at least 0.01 support: 4; clusters: 209793
Threshold 0.02:
polytomy of size 27; rounds with additions with at least 0.01 support: 1; clusters: 211441
Threshold 0.05:
polytomy of size 4; rounds with additions with at least 0.01 support: 0; clusters: 211441
polytomy of size 3; rounds with additions with at least 0.01 support: 0; clusters: 211441
polytomy of size 33; rounds with additions with at least 0.01 support: 0; clusters: 211463
Threshold 0.1:
polytomy of size 5; rounds with additions with at least 0.01 support: 0; clusters: 211463
polytomy of size 6; rounds with additions with at least 0.01 support: 0; clusters: 211463
polytomy of size 3; rounds with additions with at least 0.01 support: 0; clusters: 211463
polytomy of size 7; rounds with additions with at least 0.01 support: 0; clusters: 211463
polytomy of size 3; rounds with additions with at least 0.01 support: 0; clusters: 211463
polytomy of size 44; rounds with additions with at least 0.01 support: 1; clusters: 211481
Threshold 0.2:
polytomy of size 4; rounds with additions with at least 0.01 support: 0; clusters: 211481
polytomy of size 3; rounds with additions with at least 0.01 support: 0; clusters: 211481
polytomy of size 3; rounds with additions with at least 0.01 support: 0; clusters: 211481
polytomy of size 3; rounds with additions with at least 0.01 support: 0; clusters: 211481
polytomy of size 3; rounds with additions with at least 0.01 support: 0; clusters: 211481
polytomy of size 4; rounds with additions with at least 0.01 support: 0; clusters: 211481
polytomy of size 3; rounds with additions with at least 0.01 support: 0; clusters: 211481
polytomy of size 4; rounds with additions with at least 0.01 support: 0; clusters: 211481
polytomy of size 4; rounds with additions with at least 0.01 support: 0; clusters: 211481
polytomy of size 6; rounds with additions with at least 0.01 support: 0; clusters: 211481
polytomy of size 3; rounds with additions with at least 0.01 support: 0; clusters: 211481
polytomy of size 6; rounds with additions with at least 0.01 support: 0; clusters: 211481
polytomy of size 3; rounds with additions with at least 0.01 support: 0; clusters: 211481
polytomy of size 3; rounds with additions with at least 0.01 support: 0; clusters: 211481
polytomy of size 3; rounds with additions with at least 0.01 support: 0; clusters: 211481
polytomy of size 5; rounds with additions with at least 0.01 support: 0; clusters: 211481
polytomy of size 68; rounds with additions with at least 0.01 support: 1; clusters: 211529
Threshold 0.3333333333333333:
polytomy of size 4; rounds with additions with at least 0.01 support: 0; clusters: 211529
polytomy of size 3; rounds with additions with at least 0.01 support: 0; clusters: 211529
polytomy of size 4; rounds with additions with at least 0.01 support: 0; clusters: 211529
polytomy of size 5; rounds with additions with at least 0.01 support: 0; clusters: 211529
polytomy of size 3; rounds with additions with at least 0.01 support: 0; clusters: 211529
polytomy of size 3; rounds with additions with at least 0.01 support: 0; clusters: 211529
polytomy of size 3; rounds with additions with at least 0.01 support: 0; clusters: 211529
polytomy of size 3; rounds with additions with at least 0.01 support: 0; clusters: 211529
polytomy of size 3; rounds with additions with at least 0.01 support: 0; clusters: 211529
polytomy of size 4; rounds with additions with at least 0.01 support: 0; clusters: 211529
polytomy of size 4; rounds with additions with at least 0.01 support: 0; clusters: 211529
polytomy of size 3; rounds with additions with at least 0.01 support: 0; clusters: 211529
polytomy of size 5; rounds with additions with at least 0.01 support: 0; clusters: 211529
polytomy of size 3; rounds with additions with at least 0.01 support: 0; clusters: 211529
polytomy of size 3; rounds with additions with at least 0.01 support: 0; clusters: 211529
polytomy of size 3; rounds with additions with at least 0.01 support: 0; clusters: 211529
polytomy of size 3; rounds with additions with at least 0.01 support: 0; clusters: 211529
polytomy of size 3; rounds with additions with at least 0.01 support: 0; clusters: 211529
polytomy of size 3; rounds with additions with at least 0.01 support: 0; clusters: 211529
polytomy of size 3; rounds with additions with at least 0.01 support: 0; clusters: 211529
polytomy of size 3; rounds with additions with at least 0.01 support: 0; clusters: 211529
polytomy of size 3; rounds with additions with at least 0.01 support: 0; clusters: 211529
polytomy of size 3; rounds with additions with at least 0.01 support: 0; clusters: 211529
polytomy of size 3; rounds with additions with at least 0.01 support: 0; clusters: 211529
polytomy of size 4; rounds with additions with at least 0.01 support: 0; clusters: 211529
polytomy of size 8; rounds with additions with at least 0.01 support: 0; clusters: 211529
polytomy of size 4; rounds with additions with at least 0.01 support: 0; clusters: 211529
polytomy of size 4; rounds with additions with at least 0.01 support: 0; clusters: 211529
polytomy of size 3; rounds with additions with at least 0.01 support: 0; clusters: 211529
polytomy of size 3; rounds with additions with at least 0.01 support: 0; clusters: 211529
polytomy of size 3; rounds with additions with at least 0.01 support: 0; clusters: 211529
polytomy of size 4; rounds with additions with at least 0.01 support: 0; clusters: 211529
polytomy of size 3; rounds with additions with at least 0.01 support: 0; clusters: 211529
polytomy of size 4; rounds with additions with at least 0.01 support: 0; clusters: 211529
polytomy of size 3; rounds with additions with at least 0.01 support: 0; clusters: 211529
polytomy of size 3; rounds with additions with at least 0.01 support: 0; clusters: 211529
polytomy of size 3; rounds with additions with at least 0.01 support: 0; clusters: 211529
polytomy of size 4; rounds with additions with at least 0.01 support: 0; clusters: 211529
polytomy of size 3; rounds with additions with at least 0.01 support: 0; clusters: 211529
polytomy of size 3; rounds with additions with at least 0.01 support: 0; clusters: 211529
polytomy of size 3; rounds with additions with at least 0.01 support: 0; clusters: 211529
polytomy of size 3; rounds with additions with at least 0.01 support: 0; clusters: 211529
polytomy of size 4; rounds with additions with at least 0.01 support: 0; clusters: 211529
polytomy of size 3; rounds with additions with at least 0.01 support: 0; clusters: 211529
polytomy of size 4; rounds with additions with at least 0.01 support: 0; clusters: 211529
polytomy of size 3; rounds with additions with at least 0.01 support: 0; clusters: 211529
polytomy of size 7; rounds with additions with at least 0.01 support: 0; clusters: 211529
polytomy of size 3; rounds with additions with at least 0.01 support: 0; clusters: 211529
polytomy of size 3; rounds with additions with at least 0.01 support: 0; clusters: 211529
polytomy of size 3; rounds with additions with at least 0.01 support: 0; clusters: 211529
polytomy of size 4; rounds with additions with at least 0.01 support: 0; clusters: 211529
polytomy of size 3; rounds with additions with at least 0.01 support: 0; clusters: 211529
polytomy of size 3; rounds with additions with at least 0.01 support: 0; clusters: 211529
polytomy of size 7; rounds with additions with at least 0.01 support: 0; clusters: 211529
polytomy of size 3; rounds with additions with at least 0.01 support: 0; clusters: 211529
polytomy of size 3; rounds with additions with at least 0.01 support: 0; clusters: 211529
polytomy of size 3; rounds with additions with at least 0.01 support: 0; clusters: 211529
polytomy of size 4; rounds with additions with at least 0.01 support: 0; clusters: 211529
polytomy of size 4; rounds with additions with at least 0.01 support: 0; clusters: 211529
polytomy of size 102; rounds with additions with at least 0.01 support: 0; clusters: 265403
polytomy of size 3; rounds with additions with at least 0.01 support: 0; clusters: 265403
Number of Clusters after addition by greedy: 265403
partitions formed in 646.212 secs
Dynamic Programming starting after 646.212 secs
Size of largest cluster: 1001
Size of largest cluster: 1001
Calculated 100000 weights; time (seconds): 785
Calculated 200000 weights; time (seconds): 125
Calculated 300000 weights; time (seconds): 130
Calculated 400000 weights; time (seconds): 124
Total Number of elements weighted: 775552
Normalized score (portion of input quartet trees satisfied): NaN
Final optimization score: 0
Calculated 500000 weights; time (seconds): 129
Calculated 600000 weights; time (seconds): 126
Calculated 700000 weights; time (seconds): 187
Total Number of elements weighted: 775552
Normalized score (portion of input quartet trees satisfied): 0.5960755983302518
Final optimization score: 24786785490202
Optimal tree inferred in 1837.975 secs.
(999,(419,(855,((351,639),(38,((385,((673,189),(422,(998,900)))),(((333,(918,534)),(((159,(297,(324,901))),((575,(64,221)),(((186,383),(572,682)),((632,(907,301)),((184,782),(((155,209),(150,772)),((137,638),(387,(627,432))))))))),((323,((428,936),(194,(549,258)))),(((46,(849,840)),((838,121),(329,(16,600)))),(((412,(653,945)),(850,(56,746))),((133,(357,239)),(((931,45),((602,58),(128,85))),((995,(533,552)),((890,434),(284,319)))))))))),((824,(646,(675,(290,(309,433))))),((948,(997,497)),(((73,((536,576),(976,(879,4)))),(((542,((970,884),(421,(195,481)))),((236,229),(964,(161,(917,464))))),(((1000,(644,707)),(643,(680,(222,(127,(758,22)))))),((((510,304),(583,(704,345))),((83,623),((878,996),((829,922),(266,754))))),(((157,590),(958,(277,(50,19)))),((325,532),((957,(251,880)),((196,268),((398,372),(652,714)))))))))),(((((894,(910,503)),(255,(735,(113,(555,88))))),(((688,346),(380,(897,375))),(892,(227,(347,(818,962)))))),((160,((192,414),(683,((429,(517,607)),(276,((944,191),(114,(360,203)))))))),(((373,767),((769,(525,394)),(584,(774,303)))),(((684,129),(291,187)),(((885,228),(796,(619,(799,(164,496))))),(928,((24,(105,689)),((94,635),(338,(152,(451,(739,(5,(593,(827,214))))))))))))))),(((163,415),(68,(198,((28,280),(104,678))))),((((856,(568,933)),(((569,528),(694,(47,816))),(950,((941,63),(296,(340,(77,(649,938)))))))),(((775,506),((732,(610,(454,(391,805)))),((165,((705,(606,(295,(926,(384,864))))),((400,((81,232),(200,(597,(86,(3,835)))))),((515,(703,(447,520))),((664,(522,725)),(89,(292,(908,202)))))))),(((512,695),(436,76)),(((810,(547,(475,136))),(809,(269,(111,(979,(37,612)))))),((690,(504,140)),((240,(335,467)),(395,(41,((446,(851,(611,442))),(199,(492,(738,(668,(358,230))))))))))))))),(((((935,599),((868,371),(750,577))),(393,((560,854),(59,(480,(955,783)))))),((274,(790,(493,(795,681)))),(((588,302),(43,((656,930),(330,(971,909))))),((771,(631,(726,356))),((658,207),(832,(310,425))))))),((((766,182),(762,(798,669))),(368,(((564,745),(54,32)),(629,(993,(399,(912,74))))))),((975,889),((808,(741,(12,(474,142)))),(((789,921),(332,736)),(495,((992,(513,(145,847))),((65,963),(719,(101,582)))))))))))),(((((485,708),(665,148)),(733,((862,(811,477)),((72,(449,779)),(135,(830,(367,328))))))),((((637,484),(567,(344,(570,(431,71))))),((594,(773,237)),((711,316),(761,642)))),(((1,888),(260,764)),((556,(722,592)),((706,370),((363,904),(181,(812,857)))))))),(0,(((409,(427,614)),((562,(179,((286,(342,598)),(501,(107,(238,470)))))),(939,((502,(519,317)),(((743,9),(343,(578,55))),(819,(807,(804,(283,(698,848)))))))))),(((((208,(437,171)),(806,(321,(654,872)))),((765,(226,586)),((426,(117,(919,925))),((990,618),(982,(103,(440,871))))))),((((51,(538,154)),((254,744),(833,(124,(234,430))))),(((548,(455,641)),(636,(305,(712,985)))),(((685,62),(723,634)),((514,(149,(626,943))),((243,(986,379)),((499,241),(932,877))))))),((780,(262,299)),(((((667,747),(984,424)),(540,((881,(953,(869,261))),((193,579),(26,(158,(731,715))))))),((753,((965,(718,(97,(397,90)))),((752,(650,(873,859))),(961,((875,487),(349,364)))))),(((275,952),((169,144),((35,893),(206,(36,842))))),((257,(843,507)),((686,(458,18)),((190,(539,(677,763))),(709,((537,359),(141,21))))))))),((802,951),(((167,168),(844,(563,(710,66)))),((((968,899),(788,647)),((692,326),((((185,621),(27,308)),(853,(106,(991,(826,580))))),((407,(176,67)),((118,285),(571,(132,(482,(699,174))))))))),(((306,(841,989)),((666,(7,(659,553))),(((742,465),(625,(337,670))),((622,(954,250)),(404,(272,867)))))),(734,((((521,946),((365,334),(651,420))),((605,(339,509)),((143,166),(382,(350,279))))),((361,(411,(589,439))),((288,(311,((423,608),((834,696),(84,(69,(491,244))))))),((545,(294,153)),((245,(518,224)),((300,218),(15,80)))))))))))))))),((((151,(82,(405,42))),(448,((831,784),(444,177)))),(591,(((215,486),((883,(544,(866,573))),(713,(543,(147,(662,108)))))),(((870,(905,755)),((115,903),(613,(828,947)))),((75,(581,(601,(456,267)))),((942,119),((786,791),((225,937),(604,52))))))))),((((265,((891,233),((861,(561,988)),(478,((585,468),((529,934),((249,98),(792,527)))))))),((188,(852,((377,396),(102,(949,95))))),((693,(679,674)),(((837,655),(615,(247,661))),((173,30),((882,616),((39,271),(242,(417,785))))))))),((787,((312,(466,821)),(887,((565,(172,353)),(687,(494,(516,(895,406)))))))),(((298,(386,490)),((923,(6,210)),((11,(381,(216,671))),((980,57),(96,(33,845)))))),(((630,452),((526,720),((920,126),(263,(697,122))))),(((270,(913,53)),(418,(820,(874,967)))),((205,(768,721)),(416,((388,(483,(978,645))),(803,(212,(956,331))))))))))),((((640,(413,691)),((49,((559,994),(648,(817,(392,231))))),(523,((801,459),(219,((489,716),(551,(488,825)))))))),((911,(443,125)),((((628,977),(78,(624,(508,914)))),((729,(596,(966,500))),((403,40),((139,924),(48,(34,(566,617))))))),((839,558),(((463,336),(505,(546,(929,314)))),((14,(180,(366,476))),((91,587),(724,((2,511),((246,217),(389,776))))))))))),(((87,(13,(29,25))),(550,((252,93),(134,(858,(259,(341,981))))))),(((472,(156,374)),(759,((44,(915,273)),((390,253),(201,(906,256)))))),((204,(220,(445,(10,863)))),(((((876,(376,(794,223))),((886,264),(281,(524,(138,278))))),((460,((211,(438,462)),((865,541),(983,730)))),(((99,663),(352,(554,822))),((940,(146,109)),(435,((453,(92,657)),(287,(235,313)))))))),((((987,175),(457,(727,959))),((813,461),(((800,728),(100,(123,749))),(162,((973,355),(307,(740,672))))))),((17,((112,898),(823,(530,70)))),((289,737),(609,((408,(498,(902,116))),(401,(450,(362,(777,131)))))))))),((322,(757,676)),(701,(((315,120),((8,781),((969,(23,(178,700))),(778,(170,(916,896)))))),((318,(860,((471,595),((535,620),((378,760),((574,(183,531)),((660,130),(197,557)))))))),(((60,(751,354)),((410,(402,(603,(814,(473,815))))),((327,479),(369,(793,((348,974),(927,836))))))),(((748,441),((717,110),(770,((972,31),(846,(248,(469,20))))))),((960,702),((633,(756,320)),((293,797),((213,79),(61,282)))))))))))))))))))))))))))))))))));
Quartet score is: 24786785490202
Normalized quartet score is: 0.5960755983302518
ASTRAL finished in 2021.263 secs
