
================== ASTRAL ===================== 

This is ASTRAL version 4.10.7
Gene trees are treated as unrooted
1000 trees read from ASTRALDATA/model.200.2000000.0.0000001/04/estimatedgenetre.halfresolved
All output trees will be *arbitrarily* rooted at 107

======== Running the main analysis
Number of taxa: 201 (201 species)
Taxa: [107, 152, 62, 85, 0, 63, 173, 184, 192, 51, 191, 15, 79, 101, 53, 18, 32, 87, 148, 1, 60, 172, 118, 26, 180, 117, 66, 99, 40, 6, 67, 131, 108, 106, 27, 77, 134, 23, 137, 16, 65, 7, 43, 164, 190, 83, 138, 195, 37, 39, 78, 175, 161, 197, 121, 25, 64, 165, 97, 86, 125, 80, 154, 5, 147, 4, 30, 35, 156, 139, 11, 93, 146, 104, 73, 9, 126, 155, 174, 72, 8, 50, 160, 45, 194, 196, 38, 183, 162, 112, 200, 42, 102, 82, 57, 178, 76, 58, 13, 56, 89, 94, 185, 171, 199, 124, 92, 144, 189, 34, 130, 163, 135, 75, 48, 170, 168, 52, 159, 69, 49, 41, 177, 141, 119, 36, 176, 157, 129, 33, 113, 21, 20, 186, 68, 167, 109, 114, 22, 150, 44, 70, 29, 100, 169, 61, 10, 28, 123, 98, 84, 74, 71, 151, 179, 193, 14, 105, 2, 143, 181, 182, 116, 127, 95, 122, 17, 142, 88, 19, 115, 96, 81, 12, 3, 110, 120, 55, 198, 128, 188, 46, 103, 145, 153, 91, 149, 47, 158, 54, 132, 24, 133, 187, 31, 90, 111, 166, 59, 140, 136]
Number of gene trees: 1000
0 trees have missing taxa
Calculating quartet distance matrix (for completion of X)
Species tree distances calculated ...
Building set of clusters (X) from gene trees 
Using tree-based weight calculation.
Number of Default Clusters: 95455
Number of quartet trees in the gene trees: 65998008450
calculating extra bipartitions to be added at level 1 ...
Number of Clusters after addition by distance: 95469
Adding to X using resolutions of greedy consensus ...
Threshold 0.0:
polytomy of size 6; rounds with additions with at least 0.01 support: 3; clusters: 95553
Threshold 0.01:
polytomy of size 12; rounds with additions with at least 0.01 support: 9; clusters: 96119
Threshold 0.02:
polytomy of size 15; rounds with additions with at least 0.01 support: 2; clusters: 96897
Threshold 0.05:
polytomy of size 18; rounds with additions with at least 0.01 support: 0; clusters: 96955
polytomy of size 3; rounds with additions with at least 0.01 support: 0; clusters: 96955
Threshold 0.1:
polytomy of size 3; rounds with additions with at least 0.01 support: 0; clusters: 96955
polytomy of size 25; rounds with additions with at least 0.01 support: 0; clusters: 97013
Threshold 0.2:
polytomy of size 4; rounds with additions with at least 0.01 support: 0; clusters: 97013
polytomy of size 3; rounds with additions with at least 0.01 support: 0; clusters: 97013
polytomy of size 4; rounds with additions with at least 0.01 support: 0; clusters: 97013
polytomy of size 4; rounds with additions with at least 0.01 support: 0; clusters: 97013
polytomy of size 3; rounds with additions with at least 0.01 support: 0; clusters: 97013
polytomy of size 4; rounds with additions with at least 0.01 support: 0; clusters: 97013
polytomy of size 37; rounds with additions with at least 0.01 support: 0; clusters: 97105
polytomy of size 4; rounds with additions with at least 0.01 support: 0; clusters: 97105
Threshold 0.3333333333333333:
polytomy of size 6; rounds with additions with at least 0.01 support: 0; clusters: 97105
polytomy of size 4; rounds with additions with at least 0.01 support: 0; clusters: 97105
polytomy of size 6; rounds with additions with at least 0.01 support: 0; clusters: 97105
polytomy of size 3; rounds with additions with at least 0.01 support: 0; clusters: 97105
polytomy of size 3; rounds with additions with at least 0.01 support: 0; clusters: 97105
polytomy of size 4; rounds with additions with at least 0.01 support: 0; clusters: 97105
polytomy of size 6; rounds with additions with at least 0.01 support: 0; clusters: 97105
polytomy of size 3; rounds with additions with at least 0.01 support: 0; clusters: 97105
polytomy of size 3; rounds with additions with at least 0.01 support: 0; clusters: 97105
polytomy of size 3; rounds with additions with at least 0.01 support: 0; clusters: 97105
polytomy of size 7; rounds with additions with at least 0.01 support: 0; clusters: 97105
polytomy of size 51; rounds with additions with at least 0.01 support: 0; clusters: 109553
polytomy of size 6; rounds with additions with at least 0.01 support: 0; clusters: 109553
Number of Clusters after addition by greedy: 109553
partitions formed in 53.773 secs
Dynamic Programming starting after 53.773 secs
Size of largest cluster: 201
Calculated 100000 weights; time (seconds): 821
Calculated 200000 weights; time (seconds): 790
Total Number of elements weighted: 271205
Normalized score (portion of input quartet trees satisfied): 0.5736250716971445
Final optimization score: 37858112329
Optimal tree inferred in 2194.225 secs.
(57,(178,((76,58),((13,56),(89,((164,(8,(7,43))),(((126,(104,(73,9))),((111,(59,(166,140))),((133,90),((187,31),(136,(132,24)))))),(((138,195),(((100,169),(200,(50,112))),(163,(190,(((148,38),((87,(79,101)),((173,32),(184,(18,(15,(53,(192,(51,191))))))))),((((117,99),(40,6)),((26,66),(180,(118,(172,(1,60)))))),((107,(152,(62,85))),(((16,65),(23,137)),(67,((77,134),((131,108),(106,27)))))))))))),((((125,(80,(82,(42,102)))),((45,(194,196)),(63,(64,(159,(52,69)))))),(((183,162),((74,(84,(28,(123,98)))),(47,(54,(158,(91,149)))))),((181,(179,(71,151))),((153,(61,10)),((143,(157,(129,33))),((114,(22,(167,109))),(29,(150,(20,(186,68)))))))))),(0,((95,((113,21),(182,(44,70)))),(((155,(174,72)),(((197,(39,25)),(121,(37,(78,(175,161))))),(48,((36,176),((141,119),(41,((49,177),(170,168)))))))),((130,(94,(171,((185,34),(124,((144,189),(199,92))))))),(((83,(19,115)),(((142,88),(122,17)),(12,(96,((81,((103,145),(188,46))),((110,(3,120)),(128,(55,198)))))))),((((30,35),(156,139)),(4,(154,(5,147)))),(((86,(165,97)),(93,(11,146))),((160,(116,127)),((14,(105,2)),(193,(135,75))))))))))))))))))));
Quartet score is: 37858112329
Normalized quartet score is: 0.5736250716971445
ASTRAL finished in 2202.595 secs
