
================== ASTRAL ===================== 

This is ASTRAL version 4.10.7
Gene trees are treated as unrooted
1000 trees read from ASTRALDATA/model.10.2000000.0.000001/06/estimatedgenetre.halfresolved
All output trees will be *arbitrarily* rooted at 0

======== Running the main analysis
Number of taxa: 11 (11 species)
Taxa: [0, 3, 8, 4, 6, 1, 5, 2, 7, 9, 10]
Number of gene trees: 1000
0 trees have missing taxa
Calculating quartet distance matrix (for completion of X)
Species tree distances calculated ...
Building set of clusters (X) from gene trees 
Using tree-based weight calculation.
Number of Default Clusters: 139
Number of quartet trees in the gene trees: 330000
calculating extra bipartitions to be added at level 1 ...
Number of Clusters after addition by distance: 139
Adding to X using resolutions of greedy consensus ...
Threshold 0.0:
Threshold 0.01:
Threshold 0.02:
Threshold 0.05:
Threshold 0.1:
Threshold 0.2:
Threshold 0.3333333333333333:
Number of Clusters after addition by greedy: 139
partitions formed in 0.397 secs
Dynamic Programming starting after 0.397 secs
Size of largest cluster: 11
Total Number of elements weighted: 205
Normalized score (portion of input quartet trees satisfied): 0.9006090909090909
Final optimization score: 297201
Optimal tree inferred in 0.705 secs.
(8,((3,4),(6,((1,5),(0,((7,10),(2,9)))))));
Quartet score is: 297201
Normalized quartet score is: 0.9006090909090909
ASTRAL finished in 1.125 secs
