
================== ASTRAL ===================== 

This is ASTRAL version 4.10.8
Gene trees are treated as unrooted
1000 trees read from model.200.500000.0.0000001/11/estimatedgenetre.halfresolved
All outputted trees will be *arbitrarily* rooted at 6

======== Running the main analysis
Number of taxa: 201 (201 species)
Taxa: [6, 119, 198, 94, 134, 110, 0, 60, 153, 24, 54, 123, 85, 55, 20, 149, 185, 133, 38, 177, 114, 97, 138, 186, 19, 167, 15, 31, 98, 170, 78, 179, 73, 168, 44, 99, 105, 156, 197, 9, 51, 36, 35, 63, 176, 49, 23, 155, 173, 64, 160, 151, 143, 7, 145, 135, 184, 200, 12, 152, 199, 40, 90, 101, 117, 148, 190, 172, 187, 45, 68, 53, 21, 46, 115, 137, 27, 140, 14, 93, 113, 95, 59, 66, 5, 181, 154, 16, 165, 72, 136, 122, 32, 11, 183, 171, 175, 146, 112, 191, 158, 37, 29, 164, 157, 62, 131, 127, 128, 4, 8, 141, 22, 76, 120, 178, 159, 34, 48, 163, 13, 50, 188, 56, 124, 25, 77, 58, 132, 1, 57, 104, 166, 109, 39, 26, 100, 106, 192, 71, 65, 33, 196, 180, 121, 111, 41, 67, 103, 80, 126, 42, 139, 174, 96, 84, 118, 79, 47, 147, 189, 87, 161, 70, 91, 125, 10, 88, 92, 69, 194, 107, 108, 74, 2, 195, 144, 89, 17, 82, 61, 18, 130, 30, 193, 129, 86, 83, 182, 169, 150, 52, 142, 43, 116, 81, 102, 3, 162, 28, 75]
Taxon occupancy: {35=1000, 36=1000, 159=1000, 33=1000, 158=1000, 34=1000, 157=1000, 39=1000, 156=1000, 155=1000, 37=1000, 154=1000, 38=1000, 152=1000, 153=1000, 150=1000, 151=1000, 43=1000, 42=1000, 41=1000, 40=1000, 200=1000, 22=1000, 23=1000, 169=1000, 24=1000, 25=1000, 166=1000, 26=1000, 165=1000, 27=1000, 28=1000, 168=1000, 167=1000, 29=1000, 3=1000, 161=1000, 162=1000, 2=1000, 163=1000, 1=1000, 0=1000, 164=1000, 7=1000, 30=1000, 6=1000, 32=1000, 5=1000, 160=1000, 31=1000, 4=1000, 9=1000, 8=1000, 19=1000, 179=1000, 17=1000, 178=1000, 18=1000, 177=1000, 15=1000, 16=1000, 176=1000, 13=1000, 14=1000, 11=1000, 12=1000, 21=1000, 170=1000, 171=1000, 20=1000, 174=1000, 175=1000, 172=1000, 173=1000, 188=1000, 187=1000, 189=1000, 180=1000, 181=1000, 10=1000, 182=1000, 183=1000, 184=1000, 185=1000, 186=1000, 116=1000, 117=1000, 79=1000, 114=1000, 78=1000, 115=1000, 77=1000, 112=1000, 113=1000, 110=1000, 111=1000, 118=1000, 119=1000, 82=1000, 83=1000, 80=1000, 81=1000, 86=1000, 87=1000, 84=1000, 85=1000, 67=1000, 125=1000, 66=1000, 126=1000, 127=1000, 69=1000, 68=1000, 128=1000, 121=1000, 122=1000, 123=1000, 124=1000, 129=1000, 70=1000, 120=1000, 71=1000, 72=1000, 73=1000, 74=1000, 75=1000, 76=1000, 134=1000, 135=1000, 132=1000, 59=1000, 133=1000, 138=1000, 58=1000, 57=1000, 139=1000, 136=1000, 56=1000, 137=1000, 55=1000, 64=1000, 65=1000, 62=1000, 63=1000, 60=1000, 131=1000, 61=1000, 130=1000, 143=1000, 49=1000, 48=1000, 144=1000, 145=1000, 146=1000, 45=1000, 147=1000, 148=1000, 44=1000, 149=1000, 47=1000, 46=1000, 51=1000, 52=1000, 53=1000, 54=1000, 140=1000, 142=1000, 141=1000, 50=1000, 109=1000, 108=1000, 107=1000, 106=1000, 105=1000, 104=1000, 103=1000, 102=1000, 99=1000, 101=1000, 100=1000, 98=1000, 97=1000, 96=1000, 95=1000, 94=1000, 93=1000, 92=1000, 91=1000, 90=1000, 88=1000, 89=1000, 195=1000, 194=1000, 197=1000, 196=1000, 191=1000, 190=1000, 193=1000, 192=1000, 198=1000, 199=1000}
Number of gene trees: 1000
0 trees have missing taxa
Calculating quartet distance matrix (for completion of X)
Species tree distances calculated ...
Building set of clusters (X) from gene trees 
Using tree-based weight calculation.
Number of Default Clusters: 156535
Number of quartet trees in the gene trees: 65998349802
calculating extra bipartitions to be added at level 1 ...
Number of Clusters after addition by distance: 156567
Adding to X using resolutions of greedy consensus ...
Threshold 0.0:
polytomy of size 18; rounds with additions with at least 0.01 support: 16; clusters: 158777
Threshold 0.01:
polytomy of size 28; rounds with additions with at least 0.01 support: 7; clusters: 165527
Threshold 0.02:
polytomy of size 32; rounds with additions with at least 0.01 support: 4; clusters: 173215
Threshold 0.05:
polytomy of size 3; rounds with additions with at least 0.01 support: 0; clusters: 173215
polytomy of size 3; rounds with additions with at least 0.01 support: 0; clusters: 173215
polytomy of size 47; rounds with additions with at least 0.01 support: 2; clusters: 173577
Threshold 0.1:
polytomy of size 5; rounds with additions with at least 0.01 support: 0; clusters: 173577
polytomy of size 63; rounds with additions with at least 0.01 support: 1; clusters: 173799
Threshold 0.2:
polytomy of size 3; rounds with additions with at least 0.01 support: 0; clusters: 173799
polytomy of size 4; rounds with additions with at least 0.01 support: 0; clusters: 173799
polytomy of size 3; rounds with additions with at least 0.01 support: 0; clusters: 173799
polytomy of size 87; rounds with additions with at least 0.01 support: 0; clusters: 173981
Threshold 0.3333333333333333:
polytomy of size 3; rounds with additions with at least 0.01 support: 0; clusters: 173981
polytomy of size 3; rounds with additions with at least 0.01 support: 0; clusters: 173981
polytomy of size 3; rounds with additions with at least 0.01 support: 0; clusters: 173981
polytomy of size 5; rounds with additions with at least 0.01 support: 0; clusters: 173981
polytomy of size 3; rounds with additions with at least 0.01 support: 0; clusters: 173981
polytomy of size 3; rounds with additions with at least 0.01 support: 0; clusters: 173981
polytomy of size 3; rounds with additions with at least 0.01 support: 0; clusters: 173981
polytomy of size 4; rounds with additions with at least 0.01 support: 0; clusters: 173981
polytomy of size 3; rounds with additions with at least 0.01 support: 0; clusters: 173981
Number of Clusters after addition by greedy: 173981
partitions formed in 117.806 secs
Dynamic Programming starting after 117.806 secs
Size of largest cluster: 201
Size of largest cluster: 201
Calculated 100000 weights; time (seconds): 140
Calculated 200000 weights; time (seconds): 22
Calculated 300000 weights; time (seconds): 30
Total Number of elements weighted: 384209
Normalized score (portion of input quartet trees satisfied): NaN
Final optimization score: 0
Total Number of elements weighted: 384209
Normalized score (portion of input quartet trees satisfied): 0.4590511495649835
Final optimization score: 30296618346
Optimal tree inferred in 244.116 secs.
(6,(15,((81,102),((119,198),((((43,(35,((73,116),(168,(110,44))))),(57,((151,193),(20,((85,55),(185,(149,133))))))),((187,(190,(172,(139,(114,97))))),(((188,(63,115)),((93,50),(169,150))),((49,23),(176,((52,142),(166,(56,124)))))))),((((123,72),((19,(1,(51,36))),((145,135),((184,70),((66,(200,12)),(107,(108,(161,74)))))))),(((2,195),((31,98),(170,78))),((69,(140,(14,144))),((18,130),((171,(194,(82,61))),(((179,(92,30)),((5,181),(24,54))),(((113,95),(137,(27,175))),((83,(129,86)),(146,(158,(112,191))))))))))),(((138,3),(186,(75,((162,(104,(167,182))),(28,(94,((155,173),(64,160)))))))),((197,9),(((77,(58,(25,132))),(((37,29),((21,46),(154,(16,165)))),((134,(163,(13,(96,91)))),((59,(10,(125,(41,67)))),((164,(34,((4,8),(48,(178,159))))),(((38,177),(141,(22,76))),((120,79),((157,118),((127,128),(62,131)))))))))),(0,(((103,(136,((122,183),(32,11)))),((33,(196,(99,65))),((180,(121,111)),(88,(105,156))))),((60,174),((71,(84,((47,(192,42)),(39,(100,((106,126),(26,80))))))),(109,((199,(45,(152,40))),(((153,90),(101,(117,148))),((68,53),((143,7),((89,17),(147,(189,87)))))))))))))))))))));
Quartet score is: 30296618346
Normalized quartet score is: 0.4590511495649835
ASTRAL finished in 252.839 secs
