
================== ASTRAL ===================== 

This is ASTRAL version 4.10.10
Gene trees are treated as unrooted
1000 trees read from ASTRALDATA/model.200.10000000.0.000001/05/estimatedgenetre.halfresolved
All output trees will be *arbitrarily* rooted at 172

======== Running the main analysis
Number of taxa: 201 (201 species)
Taxa: [172, 14, 153, 145, 150, 97, 49, 157, 99, 60, 122, 74, 62, 136, 31, 45, 0, 179, 33, 129, 110, 140, 162, 46, 108, 137, 87, 177, 164, 176, 51, 11, 69, 168, 101, 20, 120, 82, 77, 196, 32, 58, 116, 54, 199, 113, 195, 19, 159, 29, 180, 118, 187, 149, 93, 151, 130, 105, 109, 92, 166, 169, 66, 65, 128, 81, 175, 170, 68, 22, 56, 21, 142, 5, 83, 53, 40, 44, 90, 194, 104, 155, 42, 13, 184, 100, 75, 16, 131, 183, 191, 64, 67, 34, 141, 138, 70, 154, 52, 98, 111, 2, 10, 189, 181, 173, 186, 107, 28, 185, 123, 144, 3, 119, 158, 8, 43, 197, 192, 36, 50, 102, 63, 55, 132, 165, 17, 39, 190, 171, 26, 24, 72, 117, 61, 41, 85, 106, 79, 38, 18, 156, 133, 139, 178, 25, 121, 88, 134, 114, 95, 6, 174, 143, 198, 112, 147, 48, 78, 15, 35, 160, 59, 57, 7, 4, 30, 161, 23, 124, 135, 200, 127, 96, 9, 1, 89, 37, 188, 182, 71, 94, 152, 84, 47, 167, 126, 80, 86, 148, 12, 146, 115, 76, 91, 125, 163, 73, 27, 103, 193]
Taxon occupancy: {35=1000, 36=1000, 159=1000, 33=1000, 34=1000, 158=1000, 157=1000, 39=1000, 156=1000, 155=1000, 37=1000, 154=1000, 38=1000, 152=1000, 153=1000, 150=1000, 151=1000, 43=1000, 42=1000, 41=1000, 40=1000, 200=1000, 22=1000, 169=1000, 23=1000, 24=1000, 25=1000, 166=1000, 26=1000, 27=1000, 165=1000, 168=1000, 28=1000, 29=1000, 167=1000, 3=1000, 161=1000, 162=1000, 2=1000, 163=1000, 1=1000, 0=1000, 164=1000, 7=1000, 30=1000, 6=1000, 5=1000, 32=1000, 31=1000, 160=1000, 4=1000, 9=1000, 8=1000, 19=1000, 179=1000, 17=1000, 18=1000, 178=1000, 177=1000, 15=1000, 16=1000, 176=1000, 13=1000, 14=1000, 11=1000, 12=1000, 21=1000, 170=1000, 20=1000, 171=1000, 174=1000, 175=1000, 172=1000, 173=1000, 188=1000, 187=1000, 189=1000, 180=1000, 10=1000, 181=1000, 182=1000, 183=1000, 184=1000, 185=1000, 186=1000, 116=1000, 117=1000, 79=1000, 114=1000, 78=1000, 115=1000, 77=1000, 112=1000, 113=1000, 110=1000, 111=1000, 118=1000, 119=1000, 82=1000, 83=1000, 80=1000, 81=1000, 86=1000, 87=1000, 84=1000, 85=1000, 125=1000, 67=1000, 66=1000, 126=1000, 69=1000, 127=1000, 68=1000, 128=1000, 121=1000, 122=1000, 123=1000, 124=1000, 129=1000, 70=1000, 120=1000, 71=1000, 72=1000, 73=1000, 74=1000, 75=1000, 76=1000, 134=1000, 135=1000, 132=1000, 133=1000, 59=1000, 138=1000, 58=1000, 139=1000, 57=1000, 56=1000, 136=1000, 137=1000, 55=1000, 64=1000, 65=1000, 62=1000, 63=1000, 131=1000, 60=1000, 130=1000, 61=1000, 49=1000, 143=1000, 144=1000, 48=1000, 145=1000, 146=1000, 45=1000, 147=1000, 44=1000, 148=1000, 149=1000, 47=1000, 46=1000, 51=1000, 52=1000, 53=1000, 54=1000, 140=1000, 142=1000, 141=1000, 50=1000, 109=1000, 108=1000, 107=1000, 106=1000, 105=1000, 104=1000, 103=1000, 99=1000, 102=1000, 101=1000, 100=1000, 98=1000, 97=1000, 96=1000, 95=1000, 94=1000, 93=1000, 92=1000, 91=1000, 90=1000, 88=1000, 89=1000, 195=1000, 194=1000, 197=1000, 196=1000, 191=1000, 190=1000, 193=1000, 192=1000, 198=1000, 199=1000}
Number of gene trees: 1000
0 trees have missing taxa
Calculating quartet distance matrix (for completion of X)
Species tree distances calculated ...
Building set of clusters (X) from gene trees 
Using tree-based weight calculation.
Number of Default Clusters: 15767
Number of quartet trees in the gene trees: 65998350000
calculating extra bipartitions to be added at level 1 ...
Number of Clusters after addition by distance: 15767
Adding to X using resolutions of greedy consensus ...
Threshold 0.0:
Threshold 0.01:
Threshold 0.02:
Threshold 0.05:
Threshold 0.1:
polytomy of size 3; rounds with additions with at least 0.01 support: 0; clusters: 15767
Threshold 0.2:
polytomy of size 5; rounds with additions with at least 0.01 support: 0; clusters: 15767
polytomy of size 3; rounds with additions with at least 0.01 support: 0; clusters: 15767
polytomy of size 4; rounds with additions with at least 0.01 support: 0; clusters: 15767
Threshold 0.3333333333333333:
polytomy of size 4; rounds with additions with at least 0.01 support: 0; clusters: 15767
polytomy of size 3; rounds with additions with at least 0.01 support: 0; clusters: 15767
polytomy of size 3; rounds with additions with at least 0.01 support: 0; clusters: 15767
polytomy of size 7; rounds with additions with at least 0.01 support: 0; clusters: 15767
polytomy of size 3; rounds with additions with at least 0.01 support: 0; clusters: 15767
polytomy of size 3; rounds with additions with at least 0.01 support: 0; clusters: 15767
polytomy of size 3; rounds with additions with at least 0.01 support: 0; clusters: 15767
polytomy of size 3; rounds with additions with at least 0.01 support: 0; clusters: 15767
polytomy of size 5; rounds with additions with at least 0.01 support: 0; clusters: 15767
Number of Clusters after addition by greedy: 15767
partitions formed in 11.878 secs
Dynamic Programming starting after 11.878 secs
Size of largest cluster: 201
Total Number of elements weighted: 62784
Normalized score (portion of input quartet trees satisfied): 0.8549792769970764
Final optimization score: 56427221566
Optimal tree inferred in 390.642 secs.
(141,(34,(67,(64,((191,((131,183),((42,(155,13)),(184,(100,(75,16)))))),((104,(138,(70,(154,(52,98))))),((0,(((179,33),(108,(129,(46,(162,(110,140)))))),(((116,(54,199)),(196,(32,58))),((137,(87,(177,164))),((77,(20,(120,82))),((176,(51,11)),(101,(69,168)))))))),(((((159,29),(113,(195,19))),(180,(118,((130,105),((109,92),(187,(151,(149,93)))))))),(((68,(21,(22,56))),(128,(175,(81,170)))),((65,((90,194),(40,44))),((169,66),(166,(142,(53,(5,83)))))))),((((133,139),(178,25)),(((8,(158,(43,197))),((107,28),(111,((185,(119,(3,(123,144)))),(189,((2,10),(181,(173,186)))))))),(121,(((192,36),(165,17)),((50,((102,63),(55,132))),((156,(39,((26,24),(190,171)))),(72,((117,(41,85)),(61,(106,(18,(79,38)))))))))))),(((145,(150,(97,(49,157)))),((45,(14,153)),((122,74),(172,((99,60),(136,(62,31))))))),((((146,(12,115)),(76,(86,148))),(91,((125,163),(73,(27,(103,193)))))),((88,(80,((84,(167,(47,126))),((96,9),((1,89),(152,(37,(94,(71,(188,182)))))))))),((200,(134,114)),(((198,(143,(6,174))),(112,((35,(15,160)),(147,(48,78))))),(127,((59,((4,30),(57,7))),(95,(135,(161,(23,124))))))))))))))))))));
Quartet score is: 56427221566
Normalized quartet score is: 0.8549792769970764
ASTRAL finished in 398.931 secs
