
================== ASTRAL ===================== 

This is ASTRAL version 4.10.10
Gene trees are treated as unrooted
1000 trees read from ASTRALDATA/model.100.2000000.0.000001/27/estimatedgenetre.halfresolved
All output trees will be *arbitrarily* rooted at 61

======== Running the main analysis
Number of taxa: 101 (101 species)
Taxa: [61, 70, 72, 96, 38, 59, 84, 88, 50, 18, 89, 58, 85, 33, 15, 45, 3, 4, 43, 83, 48, 17, 7, 57, 0, 100, 93, 40, 31, 5, 20, 49, 36, 6, 75, 39, 67, 32, 30, 29, 71, 23, 79, 10, 87, 52, 44, 98, 99, 26, 56, 28, 21, 60, 82, 34, 55, 46, 74, 9, 91, 64, 97, 12, 63, 94, 95, 25, 66, 92, 80, 16, 22, 14, 62, 47, 90, 1, 54, 86, 77, 41, 27, 51, 76, 73, 37, 42, 24, 2, 19, 35, 11, 69, 68, 65, 81, 13, 8, 78, 53]
Taxon occupancy: {35=1000, 36=1000, 33=1000, 34=1000, 39=1000, 37=1000, 38=1000, 43=1000, 42=1000, 41=1000, 40=1000, 22=1000, 23=1000, 24=1000, 25=1000, 26=1000, 27=1000, 28=1000, 29=1000, 3=1000, 2=1000, 1=1000, 0=1000, 30=1000, 7=1000, 6=1000, 32=1000, 5=1000, 31=1000, 4=1000, 9=1000, 8=1000, 19=1000, 17=1000, 18=1000, 15=1000, 16=1000, 13=1000, 14=1000, 11=1000, 12=1000, 21=1000, 20=1000, 99=1000, 100=1000, 98=1000, 97=1000, 96=1000, 95=1000, 94=1000, 93=1000, 92=1000, 91=1000, 90=1000, 10=1000, 88=1000, 89=1000, 79=1000, 78=1000, 77=1000, 82=1000, 83=1000, 80=1000, 81=1000, 86=1000, 87=1000, 84=1000, 85=1000, 67=1000, 66=1000, 69=1000, 68=1000, 70=1000, 71=1000, 72=1000, 73=1000, 74=1000, 75=1000, 76=1000, 59=1000, 58=1000, 57=1000, 56=1000, 55=1000, 64=1000, 65=1000, 62=1000, 63=1000, 60=1000, 61=1000, 49=1000, 48=1000, 45=1000, 44=1000, 47=1000, 46=1000, 51=1000, 52=1000, 53=1000, 54=1000, 50=1000}
Number of gene trees: 1000
0 trees have missing taxa
Calculating quartet distance matrix (for completion of X)
Species tree distances calculated ...
Building set of clusters (X) from gene trees 
Using tree-based weight calculation.
Number of Default Clusters: 30369
Number of quartet trees in the gene trees: 4082924608
calculating extra bipartitions to be added at level 1 ...
Number of Clusters after addition by distance: 30369
Adding to X using resolutions of greedy consensus ...
Threshold 0.0:
Threshold 0.01:
polytomy of size 4; rounds with additions with at least 0.01 support: 0; clusters: 30369
Threshold 0.02:
polytomy of size 4; rounds with additions with at least 0.01 support: 0; clusters: 30369
polytomy of size 3; rounds with additions with at least 0.01 support: 0; clusters: 30369
Threshold 0.05:
polytomy of size 5; rounds with additions with at least 0.01 support: 0; clusters: 30369
polytomy of size 5; rounds with additions with at least 0.01 support: 0; clusters: 30369
Threshold 0.1:
polytomy of size 7; rounds with additions with at least 0.01 support: 0; clusters: 30369
polytomy of size 8; rounds with additions with at least 0.01 support: 0; clusters: 30369
Threshold 0.2:
polytomy of size 15; rounds with additions with at least 0.01 support: 0; clusters: 30369
Threshold 0.3333333333333333:
polytomy of size 4; rounds with additions with at least 0.01 support: 0; clusters: 30369
polytomy of size 3; rounds with additions with at least 0.01 support: 0; clusters: 30369
polytomy of size 3; rounds with additions with at least 0.01 support: 0; clusters: 30369
polytomy of size 3; rounds with additions with at least 0.01 support: 0; clusters: 30369
polytomy of size 3; rounds with additions with at least 0.01 support: 0; clusters: 30369
polytomy of size 21; rounds with additions with at least 0.01 support: 0; clusters: 30491
Number of Clusters after addition by greedy: 30491
partitions formed in 9.389 secs
Dynamic Programming starting after 9.389 secs
Size of largest cluster: 101
Calculated 100000 weights; time (seconds): 323
Total Number of elements weighted: 122449
Normalized score (portion of input quartet trees satisfied): 0.6840911846687716
Final optimization score: 2793092732
Optimal tree inferred in 396.408 secs.
(68,(65,(((78,53),(8,(81,13))),(73,(((32,30),(((27,(16,(51,76))),(72,(41,(40,31)))),((71,(29,((10,87),(23,79)))),((39,67),(((69,(35,11)),(2,(19,(24,(37,42))))),((57,(17,7)),((83,48),(43,(3,4))))))))),(((86,77),(6,(49,(36,75)))),(((0,(1,54)),((5,20),(61,(22,(14,(47,(62,90))))))),((70,(100,93)),(((63,94),(95,(80,(92,(25,66))))),((((59,84),(96,38)),((88,50),(33,((18,89),(85,(58,(15,45))))))),((21,60),(((44,(52,28)),(26,(56,(98,99)))),((9,(97,12)),((91,64),((46,74),(82,(34,55)))))))))))))))));
Quartet score is: 2793092732
Normalized quartet score is: 0.6840911846687716
ASTRAL finished in 398.926 secs
