
================== ASTRAL ===================== 

This is ASTRAL version 4.10.10
Gene trees are treated as unrooted
1000 trees read from ASTRALDATA/model.200.10000000.0.000001/09/estimatedgenetre.halfresolved
All output trees will be *arbitrarily* rooted at 138

======== Running the main analysis
Number of taxa: 201 (201 species)
Taxa: [138, 6, 28, 124, 63, 10, 153, 82, 167, 180, 139, 130, 75, 72, 80, 32, 190, 83, 158, 145, 1, 96, 62, 71, 186, 40, 74, 60, 52, 85, 91, 98, 192, 198, 174, 184, 56, 162, 126, 11, 193, 151, 200, 48, 34, 159, 13, 18, 182, 12, 129, 131, 102, 128, 53, 106, 0, 5, 132, 89, 123, 78, 54, 114, 163, 23, 149, 15, 166, 178, 173, 142, 171, 9, 110, 81, 45, 51, 140, 101, 172, 55, 150, 121, 84, 195, 122, 157, 59, 160, 111, 104, 26, 103, 154, 94, 176, 66, 196, 46, 109, 146, 189, 93, 49, 61, 95, 38, 17, 181, 31, 16, 143, 47, 27, 105, 79, 44, 41, 68, 20, 156, 92, 119, 30, 57, 42, 67, 43, 113, 107, 169, 134, 73, 199, 36, 127, 87, 191, 168, 179, 136, 37, 14, 155, 125, 64, 58, 88, 117, 147, 118, 120, 76, 99, 33, 29, 161, 77, 144, 194, 115, 183, 3, 100, 185, 86, 97, 164, 39, 35, 2, 8, 152, 137, 148, 116, 165, 50, 90, 133, 25, 24, 187, 135, 65, 21, 108, 112, 4, 177, 19, 22, 69, 197, 70, 170, 175, 188, 141, 7]
Taxon occupancy: {35=1000, 36=1000, 159=1000, 33=1000, 158=1000, 34=1000, 157=1000, 39=1000, 156=1000, 37=1000, 155=1000, 154=1000, 38=1000, 152=1000, 153=1000, 150=1000, 151=1000, 43=1000, 42=1000, 41=1000, 40=1000, 200=1000, 22=1000, 23=1000, 169=1000, 24=1000, 25=1000, 26=1000, 166=1000, 27=1000, 165=1000, 28=1000, 168=1000, 167=1000, 29=1000, 161=1000, 3=1000, 162=1000, 2=1000, 163=1000, 1=1000, 0=1000, 164=1000, 7=1000, 30=1000, 6=1000, 5=1000, 32=1000, 160=1000, 31=1000, 4=1000, 9=1000, 8=1000, 19=1000, 17=1000, 179=1000, 178=1000, 18=1000, 15=1000, 177=1000, 176=1000, 16=1000, 13=1000, 14=1000, 11=1000, 12=1000, 170=1000, 21=1000, 171=1000, 20=1000, 174=1000, 175=1000, 172=1000, 173=1000, 188=1000, 187=1000, 189=1000, 180=1000, 10=1000, 181=1000, 182=1000, 183=1000, 184=1000, 185=1000, 186=1000, 116=1000, 79=1000, 117=1000, 114=1000, 78=1000, 77=1000, 115=1000, 112=1000, 113=1000, 110=1000, 111=1000, 118=1000, 119=1000, 82=1000, 83=1000, 80=1000, 81=1000, 86=1000, 87=1000, 84=1000, 85=1000, 67=1000, 125=1000, 126=1000, 66=1000, 69=1000, 127=1000, 128=1000, 68=1000, 121=1000, 122=1000, 123=1000, 124=1000, 129=1000, 70=1000, 71=1000, 120=1000, 72=1000, 73=1000, 74=1000, 75=1000, 76=1000, 134=1000, 135=1000, 132=1000, 59=1000, 133=1000, 138=1000, 58=1000, 139=1000, 57=1000, 56=1000, 136=1000, 55=1000, 137=1000, 64=1000, 65=1000, 62=1000, 63=1000, 131=1000, 60=1000, 130=1000, 61=1000, 49=1000, 143=1000, 48=1000, 144=1000, 145=1000, 146=1000, 45=1000, 147=1000, 44=1000, 148=1000, 149=1000, 47=1000, 46=1000, 51=1000, 52=1000, 53=1000, 54=1000, 140=1000, 142=1000, 141=1000, 50=1000, 109=1000, 108=1000, 107=1000, 106=1000, 105=1000, 104=1000, 103=1000, 102=1000, 99=1000, 101=1000, 100=1000, 98=1000, 97=1000, 96=1000, 95=1000, 94=1000, 93=1000, 92=1000, 91=1000, 90=1000, 88=1000, 89=1000, 195=1000, 194=1000, 197=1000, 196=1000, 191=1000, 190=1000, 193=1000, 192=1000, 198=1000, 199=1000}
Number of gene trees: 1000
0 trees have missing taxa
Calculating quartet distance matrix (for completion of X)
Species tree distances calculated ...
Building set of clusters (X) from gene trees 
Using tree-based weight calculation.
Number of Default Clusters: 9377
Number of quartet trees in the gene trees: 65998350000
calculating extra bipartitions to be added at level 1 ...
Number of Clusters after addition by distance: 9377
Adding to X using resolutions of greedy consensus ...
Threshold 0.0:
Threshold 0.01:
Threshold 0.02:
Threshold 0.05:
Threshold 0.1:
Threshold 0.2:
polytomy of size 3; rounds with additions with at least 0.01 support: 0; clusters: 9377
polytomy of size 4; rounds with additions with at least 0.01 support: 0; clusters: 9377
Threshold 0.3333333333333333:
polytomy of size 4; rounds with additions with at least 0.01 support: 0; clusters: 9377
polytomy of size 3; rounds with additions with at least 0.01 support: 0; clusters: 9377
polytomy of size 4; rounds with additions with at least 0.01 support: 0; clusters: 9377
polytomy of size 3; rounds with additions with at least 0.01 support: 0; clusters: 9377
polytomy of size 4; rounds with additions with at least 0.01 support: 0; clusters: 9377
polytomy of size 5; rounds with additions with at least 0.01 support: 0; clusters: 9377
polytomy of size 3; rounds with additions with at least 0.01 support: 0; clusters: 9377
polytomy of size 3; rounds with additions with at least 0.01 support: 0; clusters: 9377
polytomy of size 3; rounds with additions with at least 0.01 support: 0; clusters: 9377
Number of Clusters after addition by greedy: 9377
partitions formed in 9.811 secs
Dynamic Programming starting after 9.811 secs
Size of largest cluster: 201
Total Number of elements weighted: 35105
Normalized score (portion of input quartet trees satisfied): 0.9515006345613186
Final optimization score: 62797471905
Optimal tree inferred in 215.72 secs.
(154,(103,(104,(26,(((160,111),(157,(122,59))),((((94,176),((121,(84,195)),((172,(55,150)),(45,(51,(140,101)))))),((142,171),((9,(110,81)),((149,(178,173)),((15,166),(114,(163,23))))))),((54,((123,78),(5,(132,89)))),(0,((106,((151,(193,200)),((11,(162,126)),((18,(34,(159,13))),(48,((182,12),(131,(129,(102,(128,53)))))))))),((((35,(2,(8,152))),((187,135),((25,24),((165,(50,90)),(133,(137,(148,116))))))),((174,(184,56)),(((124,(6,(138,(28,63)))),(((170,175),(197,70)),(69,(21,(108,(65,(22,(112,(19,(4,177)))))))))),((10,(198,(188,(141,7)))),((91,(98,192)),((153,((180,139),((82,167),(130,75)))),(((85,(40,74)),(52,(60,(71,186)))),((1,(96,62)),((145,(83,158)),(190,(80,(72,32)))))))))))),((66,(196,46)),(((61,(95,38)),((109,146),(49,(189,93)))),(((27,((105,(79,(44,41))),(17,((181,31),(47,(16,143)))))),(68,(20,((156,(119,(92,30))),(57,((42,67),(43,113))))))),(((107,169),((14,(155,125)),((179,(136,37)),(127,(87,(191,168)))))),((164,39),(134,((36,(73,199)),(97,((64,((88,117),(58,(147,118)))),((120,(76,99)),((100,185),(86,((77,(144,194)),((33,(29,161)),(3,(115,183))))))))))))))))))))))))));
Quartet score is: 62797471905
Normalized quartet score is: 0.9515006345613186
ASTRAL finished in 224.72 secs
