
================== ASTRAL ===================== 

This is ASTRAL version 4.10.10
Gene trees are treated as unrooted
998 trees read from ASTRALDATA/model.200.10000000.0.000001/27/estimatedgenetre.halfresolved
All output trees will be *arbitrarily* rooted at 84

======== Running the main analysis
Number of taxa: 201 (201 species)
Taxa: [84, 152, 52, 158, 21, 173, 40, 171, 42, 68, 95, 58, 83, 18, 39, 139, 164, 167, 198, 55, 135, 113, 34, 108, 144, 5, 43, 111, 91, 120, 107, 47, 166, 185, 71, 20, 17, 6, 94, 87, 132, 37, 41, 190, 60, 184, 150, 19, 48, 157, 53, 161, 117, 10, 178, 186, 188, 177, 80, 133, 31, 69, 9, 200, 134, 130, 1, 124, 35, 179, 110, 56, 148, 7, 23, 45, 30, 13, 114, 151, 105, 101, 138, 129, 44, 75, 86, 29, 32, 115, 76, 92, 61, 146, 156, 99, 79, 90, 4, 51, 98, 116, 194, 149, 89, 118, 0, 102, 63, 22, 24, 195, 175, 165, 192, 72, 168, 49, 93, 169, 196, 57, 174, 182, 145, 131, 143, 78, 172, 59, 183, 155, 199, 181, 106, 127, 88, 140, 11, 33, 25, 100, 189, 141, 82, 26, 193, 180, 96, 14, 85, 136, 74, 160, 2, 64, 109, 142, 62, 8, 170, 12, 46, 15, 163, 112, 137, 50, 197, 121, 123, 3, 104, 16, 38, 77, 97, 162, 67, 103, 147, 128, 66, 54, 176, 65, 119, 191, 153, 81, 154, 159, 126, 73, 70, 122, 28, 125, 36, 27, 187]
Taxon occupancy: {35=998, 36=998, 33=998, 159=998, 34=998, 158=998, 157=998, 39=998, 156=998, 37=998, 155=998, 38=998, 154=998, 152=998, 153=998, 150=998, 151=998, 43=998, 42=998, 41=998, 40=998, 200=998, 22=998, 23=998, 169=998, 24=998, 25=998, 166=998, 26=998, 27=998, 165=998, 28=998, 168=998, 29=998, 167=998, 161=998, 3=998, 2=998, 162=998, 1=998, 163=998, 164=998, 0=998, 30=998, 7=998, 6=998, 32=998, 5=998, 31=998, 4=998, 160=998, 9=998, 8=998, 19=998, 179=998, 17=998, 178=998, 18=998, 177=998, 15=998, 16=998, 176=998, 13=998, 14=998, 11=998, 12=998, 21=998, 170=998, 171=998, 20=998, 174=998, 175=998, 172=998, 173=998, 188=998, 187=998, 189=998, 180=998, 10=998, 181=998, 182=998, 183=998, 184=998, 185=998, 186=998, 116=998, 117=998, 79=998, 114=998, 78=998, 115=998, 77=998, 112=998, 113=998, 110=998, 111=998, 118=998, 119=998, 82=998, 83=998, 80=998, 81=998, 86=998, 87=998, 84=998, 85=998, 125=998, 67=998, 126=998, 66=998, 69=998, 127=998, 68=998, 128=998, 121=998, 122=998, 123=998, 124=998, 129=998, 70=998, 120=998, 71=998, 72=998, 73=998, 74=998, 75=998, 76=998, 134=998, 135=998, 132=998, 133=998, 59=998, 138=998, 58=998, 139=998, 57=998, 56=998, 136=998, 55=998, 137=998, 64=998, 65=998, 62=998, 63=998, 60=998, 131=998, 61=998, 130=998, 49=998, 143=998, 48=998, 144=998, 145=998, 146=998, 45=998, 147=998, 44=998, 148=998, 47=998, 149=998, 46=998, 51=998, 52=998, 53=998, 54=998, 140=998, 142=998, 141=998, 50=998, 109=998, 108=998, 107=998, 106=998, 105=998, 104=998, 103=998, 99=998, 102=998, 101=998, 100=998, 98=998, 97=998, 96=998, 95=998, 94=998, 93=998, 92=998, 91=998, 90=998, 88=998, 89=998, 195=998, 194=998, 197=998, 196=998, 191=998, 190=998, 193=998, 192=998, 198=998, 199=998}
Number of gene trees: 998
0 trees have missing taxa
Calculating quartet distance matrix (for completion of X)
Species tree distances calculated ...
Building set of clusters (X) from gene trees 
Using tree-based weight calculation.
Number of Default Clusters: 72193
Number of quartet trees in the gene trees: 65863029045
calculating extra bipartitions to be added at level 1 ...
Number of Clusters after addition by distance: 72195
Adding to X using resolutions of greedy consensus ...
Threshold 0.0:
Threshold 0.01:
polytomy of size 5; rounds with additions with at least 0.01 support: 2; clusters: 72223
Threshold 0.02:
polytomy of size 3; rounds with additions with at least 0.01 support: 0; clusters: 72223
polytomy of size 7; rounds with additions with at least 0.01 support: 3; clusters: 72289
Threshold 0.05:
polytomy of size 6; rounds with additions with at least 0.01 support: 0; clusters: 72289
polytomy of size 9; rounds with additions with at least 0.01 support: 3; clusters: 72307
polytomy of size 3; rounds with additions with at least 0.01 support: 0; clusters: 72307
Threshold 0.1:
polytomy of size 17; rounds with additions with at least 0.01 support: 0; clusters: 72309
polytomy of size 5; rounds with additions with at least 0.01 support: 0; clusters: 72309
Threshold 0.2:
polytomy of size 3; rounds with additions with at least 0.01 support: 0; clusters: 72309
polytomy of size 3; rounds with additions with at least 0.01 support: 0; clusters: 72309
polytomy of size 4; rounds with additions with at least 0.01 support: 0; clusters: 72309
polytomy of size 3; rounds with additions with at least 0.01 support: 0; clusters: 72309
polytomy of size 3; rounds with additions with at least 0.01 support: 0; clusters: 72309
polytomy of size 3; rounds with additions with at least 0.01 support: 0; clusters: 72309
polytomy of size 3; rounds with additions with at least 0.01 support: 0; clusters: 72309
polytomy of size 3; rounds with additions with at least 0.01 support: 0; clusters: 72309
polytomy of size 22; rounds with additions with at least 0.01 support: 0; clusters: 72315
polytomy of size 9; rounds with additions with at least 0.01 support: 0; clusters: 72315
Threshold 0.3333333333333333:
polytomy of size 6; rounds with additions with at least 0.01 support: 0; clusters: 72315
polytomy of size 4; rounds with additions with at least 0.01 support: 0; clusters: 72315
polytomy of size 4; rounds with additions with at least 0.01 support: 0; clusters: 72315
polytomy of size 3; rounds with additions with at least 0.01 support: 0; clusters: 72315
polytomy of size 3; rounds with additions with at least 0.01 support: 0; clusters: 72315
polytomy of size 5; rounds with additions with at least 0.01 support: 0; clusters: 72315
polytomy of size 3; rounds with additions with at least 0.01 support: 0; clusters: 72315
polytomy of size 4; rounds with additions with at least 0.01 support: 0; clusters: 72315
polytomy of size 11; rounds with additions with at least 0.01 support: 0; clusters: 72371
polytomy of size 3; rounds with additions with at least 0.01 support: 0; clusters: 72371
polytomy of size 4; rounds with additions with at least 0.01 support: 0; clusters: 72371
polytomy of size 3; rounds with additions with at least 0.01 support: 0; clusters: 72371
polytomy of size 3; rounds with additions with at least 0.01 support: 0; clusters: 72371
polytomy of size 42; rounds with additions with at least 0.01 support: 0; clusters: 79577
Number of Clusters after addition by greedy: 79577
partitions formed in 37.427 secs
Dynamic Programming starting after 37.427 secs
Size of largest cluster: 201
Calculated 100000 weights; time (seconds): 654
Calculated 200000 weights; time (seconds): 628
Total Number of elements weighted: 250007
Normalized score (portion of input quartet trees satisfied): 0.6462269090284292
Final optimization score: 42562461679
Optimal tree inferred in 1612.13 secs.
(156,(99,(146,(61,((92,(32,(115,76))),(((188,29),(40,(21,173))),(((134,((31,(69,(9,200))),(130,(1,(179,(124,35)))))),((86,(148,((114,151),(105,(101,(138,129)))))),(7,((44,75),((110,56),(23,(30,(45,13)))))))),((((180,96),(26,193)),((14,85),((136,74),(2,(160,64))))),(((94,((150,19),((157,(161,(48,53))),((117,10),(184,(178,186)))))),(((177,65),((27,187),(125,36))),((119,(((73,28),(70,122)),((191,153),((159,126),(81,154))))),((128,(66,(54,176))),((67,(103,147)),(3,((16,77),(104,38)))))))),(0,((8,(22,170)),((((24,(192,(165,(195,175)))),((152,52),(50,(197,121)))),(((112,(137,(15,163))),((97,162),((4,(79,90)),(80,(116,(51,98)))))),(((149,89),(118,62)),((84,(109,142)),((133,(141,82)),(158,(194,(102,63)))))))),(((87,132),(((155,(25,(100,189))),((140,(11,33)),((172,(59,183)),((106,127),(181,(199,88)))))),((37,(41,(190,60))),((78,(131,143)),((93,(169,196)),((168,49),(145,(72,(182,(57,174)))))))))),((12,46),((((135,113),(139,(164,(198,(167,55))))),((171,95),((58,83),((18,39),(42,68))))),((144,(34,6)),((17,(185,(71,20))),(108,((5,43),(123,((91,(107,47)),(111,(120,166)))))))))))))))))))))));
Quartet score is: 42562461679
Normalized quartet score is: 0.6462269090284292
ASTRAL finished in 1620.34 secs
