
================== ASTRAL ===================== 

This is ASTRAL version 4.10.10
Gene trees are treated as unrooted
992 trees read from ASTRALDATA/model.10.2000000.0.000001/14/estimatedgenetre.halfresolved
All output trees will be *arbitrarily* rooted at 7

======== Running the main analysis
Number of taxa: 11 (11 species)
Taxa: [7, 5, 1, 2, 3, 9, 0, 6, 4, 8, 10]
Taxon occupancy: {3=992, 2=992, 10=992, 1=992, 0=992, 7=992, 6=992, 5=992, 4=992, 9=992, 8=992}
Number of gene trees: 992
0 trees have missing taxa
Calculating quartet distance matrix (for completion of X)
Species tree distances calculated ...
Building set of clusters (X) from gene trees 
Using tree-based weight calculation.
Number of Default Clusters: 507
Number of quartet trees in the gene trees: 326988
calculating extra bipartitions to be added at level 1 ...
Number of Clusters after addition by distance: 507
Adding to X using resolutions of greedy consensus ...
Threshold 0.0:
Threshold 0.01:
Threshold 0.02:
Threshold 0.05:
Threshold 0.1:
Threshold 0.2:
Threshold 0.3333333333333333:
Number of Clusters after addition by greedy: 507
partitions formed in 0.463 secs
Dynamic Programming starting after 0.463 secs
Size of largest cluster: 11
Total Number of elements weighted: 2242
Normalized score (portion of input quartet trees satisfied): 0.7769490011865879
Final optimization score: 254053
Optimal tree inferred in 1.482 secs.
(1,(5,((2,3),((7,10),((9,0),(6,(4,8)))))));
Quartet score is: 254053
Normalized quartet score is: 0.7769490011865879
ASTRAL finished in 1.935 secs
