
================== ASTRAL ===================== 

This is ASTRAL version 4.10.8
Gene trees are treated as unrooted
1000 trees read from model.200.2000000.0.0000001/01/estimatedgenetre.halfresolved
All outputted trees will be *arbitrarily* rooted at 128

======== Running the main analysis
Number of taxa: 201 (201 species)
Taxa: [128, 182, 89, 7, 135, 161, 37, 187, 61, 150, 181, 70, 85, 46, 152, 30, 77, 20, 94, 138, 192, 160, 197, 200, 141, 142, 105, 175, 117, 93, 17, 52, 162, 54, 108, 180, 169, 127, 199, 171, 176, 48, 145, 32, 191, 18, 2, 58, 139, 25, 57, 114, 167, 55, 84, 101, 189, 5, 80, 163, 33, 1, 21, 190, 24, 88, 146, 63, 34, 134, 157, 82, 72, 49, 149, 188, 119, 184, 143, 26, 106, 137, 78, 99, 43, 38, 92, 109, 83, 118, 74, 148, 10, 50, 8, 132, 154, 75, 172, 178, 39, 65, 166, 68, 86, 60, 179, 28, 87, 100, 120, 23, 59, 122, 126, 69, 71, 96, 158, 29, 113, 36, 0, 125, 164, 174, 103, 170, 90, 64, 56, 4, 140, 112, 73, 147, 11, 194, 116, 115, 35, 155, 177, 27, 133, 144, 129, 97, 91, 31, 15, 193, 62, 102, 151, 165, 3, 186, 12, 47, 198, 45, 130, 6, 41, 67, 153, 13, 185, 40, 110, 14, 42, 183, 16, 76, 124, 51, 79, 98, 123, 195, 131, 104, 107, 168, 19, 196, 22, 81, 53, 44, 159, 156, 173, 111, 136, 9, 95, 121, 66]
Taxon occupancy: {35=1000, 36=1000, 159=1000, 33=1000, 34=1000, 158=1000, 157=1000, 39=1000, 156=1000, 37=1000, 155=1000, 38=1000, 154=1000, 152=1000, 153=1000, 150=1000, 151=1000, 43=1000, 42=1000, 41=1000, 40=1000, 200=1000, 22=1000, 169=1000, 23=1000, 24=1000, 25=1000, 26=1000, 166=1000, 27=1000, 165=1000, 28=1000, 168=1000, 167=1000, 29=1000, 161=1000, 3=1000, 162=1000, 2=1000, 1=1000, 163=1000, 0=1000, 164=1000, 30=1000, 7=1000, 6=1000, 5=1000, 32=1000, 160=1000, 4=1000, 31=1000, 9=1000, 8=1000, 19=1000, 17=1000, 179=1000, 18=1000, 178=1000, 177=1000, 15=1000, 176=1000, 16=1000, 13=1000, 14=1000, 11=1000, 12=1000, 21=1000, 170=1000, 20=1000, 171=1000, 174=1000, 175=1000, 172=1000, 173=1000, 188=1000, 187=1000, 189=1000, 180=1000, 10=1000, 181=1000, 182=1000, 183=1000, 184=1000, 185=1000, 186=1000, 116=1000, 117=1000, 79=1000, 78=1000, 114=1000, 77=1000, 115=1000, 112=1000, 113=1000, 110=1000, 111=1000, 118=1000, 119=1000, 82=1000, 83=1000, 80=1000, 81=1000, 86=1000, 87=1000, 84=1000, 85=1000, 125=1000, 67=1000, 66=1000, 126=1000, 127=1000, 69=1000, 128=1000, 68=1000, 121=1000, 122=1000, 123=1000, 124=1000, 129=1000, 70=1000, 120=1000, 71=1000, 72=1000, 73=1000, 74=1000, 75=1000, 76=1000, 134=1000, 135=1000, 132=1000, 59=1000, 133=1000, 138=1000, 58=1000, 57=1000, 139=1000, 136=1000, 56=1000, 137=1000, 55=1000, 64=1000, 65=1000, 62=1000, 63=1000, 60=1000, 131=1000, 61=1000, 130=1000, 143=1000, 49=1000, 48=1000, 144=1000, 145=1000, 146=1000, 147=1000, 45=1000, 148=1000, 44=1000, 149=1000, 47=1000, 46=1000, 51=1000, 52=1000, 53=1000, 54=1000, 140=1000, 142=1000, 50=1000, 141=1000, 109=1000, 108=1000, 107=1000, 106=1000, 105=1000, 104=1000, 103=1000, 99=1000, 102=1000, 101=1000, 100=1000, 98=1000, 97=1000, 96=1000, 95=1000, 94=1000, 93=1000, 92=1000, 91=1000, 90=1000, 88=1000, 89=1000, 195=1000, 194=1000, 197=1000, 196=1000, 191=1000, 190=1000, 193=1000, 192=1000, 198=1000, 199=1000}
Number of gene trees: 1000
0 trees have missing taxa
Calculating quartet distance matrix (for completion of X)
Species tree distances calculated ...
Building set of clusters (X) from gene trees 
Using tree-based weight calculation.
Number of Default Clusters: 62727
Number of quartet trees in the gene trees: 65998350000
calculating extra bipartitions to be added at level 1 ...
Number of Clusters after addition by distance: 62727
Adding to X using resolutions of greedy consensus ...
Threshold 0.0:
polytomy of size 3; rounds with additions with at least 0.01 support: 0; clusters: 62733
Threshold 0.01:
polytomy of size 6; rounds with additions with at least 0.01 support: 2; clusters: 62771
Threshold 0.02:
polytomy of size 12; rounds with additions with at least 0.01 support: 2; clusters: 62955
Threshold 0.05:
polytomy of size 17; rounds with additions with at least 0.01 support: 2; clusters: 62961
Threshold 0.1:
polytomy of size 3; rounds with additions with at least 0.01 support: 0; clusters: 62961
polytomy of size 19; rounds with additions with at least 0.01 support: 0; clusters: 62961
Threshold 0.2:
polytomy of size 3; rounds with additions with at least 0.01 support: 0; clusters: 62961
polytomy of size 4; rounds with additions with at least 0.01 support: 0; clusters: 62961
polytomy of size 32; rounds with additions with at least 0.01 support: 0; clusters: 62961
Threshold 0.3333333333333333:
polytomy of size 3; rounds with additions with at least 0.01 support: 0; clusters: 62961
polytomy of size 3; rounds with additions with at least 0.01 support: 0; clusters: 62961
polytomy of size 4; rounds with additions with at least 0.01 support: 0; clusters: 62961
polytomy of size 4; rounds with additions with at least 0.01 support: 0; clusters: 62961
polytomy of size 3; rounds with additions with at least 0.01 support: 0; clusters: 62961
polytomy of size 5; rounds with additions with at least 0.01 support: 0; clusters: 62961
polytomy of size 3; rounds with additions with at least 0.01 support: 0; clusters: 62961
polytomy of size 3; rounds with additions with at least 0.01 support: 0; clusters: 62961
polytomy of size 3; rounds with additions with at least 0.01 support: 0; clusters: 62961
polytomy of size 40; rounds with additions with at least 0.01 support: 0; clusters: 65647
Number of Clusters after addition by greedy: 65647
partitions formed in 34.772 secs
Dynamic Programming starting after 34.772 secs
Size of largest cluster: 201
Size of largest cluster: 201
Total Number of elements weighted: 199701
Normalized score (portion of input quartet trees satisfied): NaN
Final optimization score: 0
Calculated 100000 weights; time (seconds): 57
Total Number of elements weighted: 199701
Normalized score (portion of input quartet trees satisfied): 0.6846283036924408
Final optimization score: 45184338407
Optimal tree inferred in 83.607 secs.
(128,(((31,((134,(157,82)),((72,49),((149,188),(119,(184,143)))))),(((8,(10,50)),((24,88),((38,92),(132,(154,75))))),((83,((74,148),(146,(109,118)))),((((44,159),(153,53)),((42,183),((196,22),((19,(40,(110,14))),(156,((13,185),(173,111))))))),(((62,(15,193)),((99,43),(26,(106,(137,78))))),(66,((3,(102,(151,165))),(16,((186,((76,(124,(51,79))),(98,(123,((195,107),(131,(104,168))))))),(((95,121),(136,9)),((6,(41,67)),(81,((45,130),(198,(12,47))))))))))))))),(((69,(((158,29),(71,96)),((179,28),((87,100),((122,126),(59,(120,23))))))),((181,((30,77),(152,(70,(85,46))))),((150,(187,(37,61))),((182,89),(161,(7,135)))))),(0,((((113,36),(63,34)),((172,178),((39,65),(68,(166,(86,60)))))),(((48,145),((127,(169,(171,(199,176)))),((32,(191,18)),(180,((142,(105,(175,117))),(((93,17),((54,108),(52,162))),((20,94),((197,(200,141)),(138,(192,160)))))))))),((((57,(139,25)),(58,(114,167))),((2,((33,1),(21,190))),(5,((80,163),(55,(101,(84,189))))))),(((112,73),(56,(4,140))),(91,((147,11),((64,(125,((170,90),(174,(164,103))))),((35,((194,115),(116,155))),((133,97),((144,129),(177,27)))))))))))))));
Quartet score is: 45184338407
Normalized quartet score is: 0.6846283036924408
ASTRAL finished in 92.601 secs
