
================== ASTRAL ===================== 

This is ASTRAL version 4.10.8
Gene trees are treated as unrooted
1000 trees read from model.100.2000000.0.000001/21/estimatedgenetre.halfresolved
All outputted trees will be *arbitrarily* rooted at 15

======== Running the main analysis
Number of taxa: 101 (101 species)
Taxa: [15, 82, 99, 5, 38, 81, 36, 59, 25, 55, 72, 71, 27, 49, 0, 86, 42, 3, 6, 18, 26, 47, 39, 7, 95, 8, 40, 100, 93, 1, 11, 97, 62, 33, 52, 73, 56, 68, 50, 48, 32, 67, 54, 23, 13, 19, 83, 35, 2, 43, 66, 85, 65, 74, 64, 88, 96, 29, 34, 16, 30, 87, 79, 89, 91, 84, 75, 10, 51, 31, 98, 77, 78, 60, 46, 12, 37, 20, 90, 9, 70, 58, 53, 80, 22, 76, 28, 92, 61, 14, 69, 4, 24, 44, 57, 63, 21, 94, 45, 41, 17]
Taxon occupancy: {35=1000, 36=1000, 33=1000, 34=1000, 39=1000, 37=1000, 38=1000, 43=1000, 42=1000, 41=1000, 40=1000, 22=1000, 23=1000, 24=1000, 25=1000, 26=1000, 27=1000, 28=1000, 29=1000, 3=1000, 2=1000, 1=1000, 0=1000, 7=1000, 30=1000, 6=1000, 32=1000, 5=1000, 31=1000, 4=1000, 9=1000, 8=1000, 19=1000, 17=1000, 18=1000, 15=1000, 16=1000, 13=1000, 14=1000, 11=1000, 12=1000, 21=1000, 20=1000, 99=1000, 100=1000, 98=1000, 97=1000, 96=1000, 95=1000, 94=1000, 93=1000, 92=1000, 91=1000, 90=1000, 10=1000, 88=1000, 89=1000, 79=1000, 78=1000, 77=1000, 82=1000, 83=1000, 80=1000, 81=1000, 86=1000, 87=1000, 84=1000, 85=1000, 67=1000, 66=1000, 69=1000, 68=1000, 70=1000, 71=1000, 72=1000, 73=1000, 74=1000, 75=1000, 76=1000, 59=1000, 58=1000, 57=1000, 56=1000, 55=1000, 64=1000, 65=1000, 62=1000, 63=1000, 60=1000, 61=1000, 49=1000, 48=1000, 45=1000, 44=1000, 47=1000, 46=1000, 51=1000, 52=1000, 53=1000, 54=1000, 50=1000}
Number of gene trees: 1000
0 trees have missing taxa
Calculating quartet distance matrix (for completion of X)
Species tree distances calculated ...
Building set of clusters (X) from gene trees 
Using tree-based weight calculation.
Number of Default Clusters: 17001
Number of quartet trees in the gene trees: 4082913594
calculating extra bipartitions to be added at level 1 ...
Number of Clusters after addition by distance: 17001
Adding to X using resolutions of greedy consensus ...
Threshold 0.0:
Threshold 0.01:
Threshold 0.02:
Threshold 0.05:
Threshold 0.1:
polytomy of size 3; rounds with additions with at least 0.01 support: 0; clusters: 17001
Threshold 0.2:
polytomy of size 4; rounds with additions with at least 0.01 support: 0; clusters: 17001
polytomy of size 3; rounds with additions with at least 0.01 support: 0; clusters: 17001
polytomy of size 4; rounds with additions with at least 0.01 support: 0; clusters: 17001
polytomy of size 5; rounds with additions with at least 0.01 support: 0; clusters: 17001
polytomy of size 10; rounds with additions with at least 0.01 support: 0; clusters: 17001
polytomy of size 3; rounds with additions with at least 0.01 support: 0; clusters: 17001
polytomy of size 4; rounds with additions with at least 0.01 support: 0; clusters: 17001
Threshold 0.3333333333333333:
polytomy of size 4; rounds with additions with at least 0.01 support: 0; clusters: 17001
polytomy of size 4; rounds with additions with at least 0.01 support: 0; clusters: 17001
polytomy of size 5; rounds with additions with at least 0.01 support: 0; clusters: 17001
polytomy of size 6; rounds with additions with at least 0.01 support: 0; clusters: 17001
polytomy of size 4; rounds with additions with at least 0.01 support: 0; clusters: 17001
polytomy of size 3; rounds with additions with at least 0.01 support: 0; clusters: 17001
polytomy of size 4; rounds with additions with at least 0.01 support: 0; clusters: 17001
polytomy of size 15; rounds with additions with at least 0.01 support: 0; clusters: 17045
polytomy of size 4; rounds with additions with at least 0.01 support: 0; clusters: 17045
polytomy of size 3; rounds with additions with at least 0.01 support: 0; clusters: 17045
polytomy of size 3; rounds with additions with at least 0.01 support: 0; clusters: 17045
polytomy of size 5; rounds with additions with at least 0.01 support: 0; clusters: 17045
Number of Clusters after addition by greedy: 17045
partitions formed in 7.87 secs
Dynamic Programming starting after 7.87 secs
Size of largest cluster: 101
Size of largest cluster: 101
Total Number of elements weighted: 101639
Normalized score (portion of input quartet trees satisfied): NaN
Final optimization score: 0
Calculated 100000 weights; time (seconds): 17
Total Number of elements weighted: 101639
Normalized score (portion of input quartet trees satisfied): 0.8194881921863174
Final optimization score: 3345899480
Optimal tree inferred in 17.628 secs.
(15,(44,((((82,45),(72,(27,(71,49)))),((55,(94,(63,(41,(21,17))))),((99,57),((36,(38,81)),(5,(59,25)))))),((24,((39,(62,33)),((42,3),(47,(86,(18,(6,26))))))),((52,((7,95),(93,(8,(40,100))))),(((1,(11,97)),((14,(69,4)),(92,(61,((76,(22,28)),(80,(58,53))))))),(0,(((43,64),(74,(66,(85,65)))),(88,((13,(19,(83,(35,2)))),((73,((23,(32,67)),(48,(54,(50,(56,68)))))),(70,((78,60),(((96,29),((20,(90,9)),((98,77),(12,(46,37))))),((10,(51,31)),(34,((16,30),(75,((91,84),(87,(79,89)))))))))))))))))))));
Quartet score is: 3345899480
Normalized quartet score is: 0.8194881921863174
ASTRAL finished in 21.066 secs
