
================== ASTRAL ===================== 

This is ASTRAL version 4.10.8
Gene trees are treated as unrooted
999 trees read from model.200.500000.0.0000001/07/estimatedgenetre.halfresolved
All outputted trees will be *arbitrarily* rooted at 148

======== Running the main analysis
Number of taxa: 201 (201 species)
Taxa: [148, 87, 195, 21, 23, 192, 130, 2, 76, 101, 167, 3, 85, 163, 156, 35, 43, 193, 0, 5, 158, 131, 12, 56, 57, 124, 137, 99, 166, 144, 60, 186, 115, 198, 46, 38, 122, 32, 129, 71, 140, 114, 139, 10, 1, 86, 7, 134, 179, 90, 72, 55, 138, 62, 107, 112, 95, 175, 169, 29, 155, 149, 20, 82, 50, 31, 94, 69, 118, 127, 93, 27, 96, 52, 73, 105, 133, 26, 8, 37, 187, 199, 123, 184, 33, 178, 36, 25, 74, 176, 14, 162, 194, 154, 160, 6, 44, 121, 168, 91, 22, 64, 111, 157, 108, 106, 97, 54, 102, 51, 128, 18, 113, 83, 152, 182, 67, 143, 61, 136, 170, 119, 188, 159, 63, 141, 180, 165, 174, 48, 78, 126, 13, 66, 146, 80, 189, 84, 92, 81, 153, 150, 110, 142, 183, 151, 185, 39, 15, 200, 103, 88, 30, 147, 177, 164, 116, 172, 34, 19, 11, 196, 145, 100, 9, 135, 53, 104, 65, 70, 16, 109, 40, 75, 77, 125, 17, 68, 47, 41, 132, 171, 197, 190, 28, 59, 120, 98, 42, 191, 79, 89, 24, 161, 117, 173, 181, 58, 4, 45, 49]
Taxon occupancy: {35=999, 36=999, 33=999, 159=999, 158=999, 34=999, 157=999, 39=999, 156=999, 37=999, 155=999, 154=999, 38=999, 152=999, 153=999, 150=999, 151=999, 43=999, 42=999, 41=999, 40=999, 200=999, 22=999, 169=999, 23=999, 24=999, 25=999, 26=999, 166=999, 27=999, 165=999, 168=999, 28=999, 29=999, 167=999, 161=999, 3=999, 162=999, 2=999, 163=999, 1=999, 0=999, 164=999, 7=999, 30=999, 6=999, 5=999, 32=999, 4=999, 160=999, 31=999, 9=999, 8=999, 19=999, 179=999, 17=999, 178=999, 18=999, 15=999, 177=999, 176=999, 16=999, 13=999, 14=999, 11=999, 12=999, 21=999, 170=999, 20=999, 171=999, 174=999, 175=999, 172=999, 173=999, 188=999, 187=999, 189=999, 180=999, 181=999, 10=999, 182=999, 183=999, 184=999, 185=999, 186=999, 116=999, 117=999, 79=999, 114=999, 78=999, 115=999, 77=999, 112=999, 113=999, 110=999, 111=999, 118=999, 119=999, 82=999, 83=999, 80=999, 81=999, 86=999, 87=999, 84=999, 85=999, 67=999, 125=999, 126=999, 66=999, 127=999, 69=999, 128=999, 68=999, 121=999, 122=999, 123=999, 124=999, 129=999, 70=999, 71=999, 120=999, 72=999, 73=999, 74=999, 75=999, 76=999, 134=999, 135=999, 132=999, 133=999, 59=999, 58=999, 138=999, 57=999, 139=999, 56=999, 136=999, 55=999, 137=999, 64=999, 65=999, 62=999, 63=999, 131=999, 60=999, 130=999, 61=999, 49=999, 143=999, 144=999, 48=999, 145=999, 146=999, 45=999, 147=999, 148=999, 44=999, 149=999, 47=999, 46=999, 51=999, 52=999, 53=999, 54=999, 140=999, 142=999, 50=999, 141=999, 109=999, 108=999, 107=999, 106=999, 105=999, 104=999, 103=999, 99=999, 102=999, 101=999, 100=999, 98=999, 97=999, 96=999, 95=999, 94=999, 93=999, 92=999, 91=999, 90=999, 88=999, 89=999, 195=999, 194=999, 197=999, 196=999, 191=999, 190=999, 193=999, 192=999, 198=999, 199=999}
Number of gene trees: 999
0 trees have missing taxa
Calculating quartet distance matrix (for completion of X)
Species tree distances calculated ...
Building set of clusters (X) from gene trees 
Using tree-based weight calculation.
Number of Default Clusters: 158991
Number of quartet trees in the gene trees: 65902986459
calculating extra bipartitions to be added at level 1 ...
Number of Clusters after addition by distance: 159023
Adding to X using resolutions of greedy consensus ...
Threshold 0.0:
polytomy of size 15; rounds with additions with at least 0.01 support: 11; clusters: 161135
Threshold 0.01:
polytomy of size 29; rounds with additions with at least 0.01 support: 4; clusters: 171515
Threshold 0.02:
polytomy of size 35; rounds with additions with at least 0.01 support: 6; clusters: 186033
Threshold 0.05:
polytomy of size 3; rounds with additions with at least 0.01 support: 0; clusters: 186033
polytomy of size 49; rounds with additions with at least 0.01 support: 2; clusters: 186373
Threshold 0.1:
polytomy of size 4; rounds with additions with at least 0.01 support: 0; clusters: 186373
polytomy of size 3; rounds with additions with at least 0.01 support: 0; clusters: 186373
polytomy of size 59; rounds with additions with at least 0.01 support: 1; clusters: 186563
Threshold 0.2:
polytomy of size 3; rounds with additions with at least 0.01 support: 0; clusters: 186563
polytomy of size 3; rounds with additions with at least 0.01 support: 0; clusters: 186563
polytomy of size 83; rounds with additions with at least 0.01 support: 1; clusters: 186955
Threshold 0.3333333333333333:
polytomy of size 3; rounds with additions with at least 0.01 support: 0; clusters: 186955
polytomy of size 4; rounds with additions with at least 0.01 support: 0; clusters: 186955
polytomy of size 5; rounds with additions with at least 0.01 support: 0; clusters: 186955
Number of Clusters after addition by greedy: 186955
partitions formed in 115.339 secs
Dynamic Programming starting after 115.339 secs
Size of largest cluster: 201
Size of largest cluster: 201
Calculated 100000 weights; time (seconds): 139
Calculated 200000 weights; time (seconds): 23
Calculated 300000 weights; time (seconds): 34
Total Number of elements weighted: 425813
Normalized score (portion of input quartet trees satisfied): NaN
Final optimization score: 0
Calculated 400000 weights; time (seconds): 61
Total Number of elements weighted: 425813
Normalized score (portion of input quartet trees satisfied): 0.4410236171631155
Final optimization score: 29064773470
Optimal tree inferred in 277.036 secs.
(148,(161,((((29,(169,25)),((74,176),(14,162))),(((114,139),(71,140)),(86,((10,1),(122,(38,(32,129))))))),(((78,(113,(192,(23,(195,21))))),((189,((146,80),(126,(13,66)))),((125,(17,(84,16))),((75,77),((109,40),(68,47)))))),(((((165,48),(174,(130,76))),(15,(((171,197),(41,132)),((120,(143,61)),(170,(119,(200,((188,63),(136,159))))))))),(((164,(116,172)),(((175,(112,95)),(2,(56,(12,(158,(131,57)))))),((8,37),((19,(34,11)),((178,36),(196,(145,100))))))),((((117,(173,181)),(18,(190,(28,59)))),((83,(152,(184,33))),((141,180),(153,(92,81))))),((87,(179,(90,72))),((98,(55,138)),((5,((124,155),(137,99))),((134,4),(49,(7,(58,45)))))))))),(0,(((194,(149,((20,82),((31,(50,154)),((94,69),(160,6)))))),(39,(97,((108,106),((44,168),(91,((22,(54,(102,128))),((121,64),(51,(111,157)))))))))),((((127,93),((191,(167,42)),(79,(118,(89,24))))),(150,(103,(199,((123,88),(187,(147,(30,177)))))))),(((182,67),(27,(((186,115),(166,(144,60))),((46,52),((198,(96,105)),(133,(73,26))))))),((142,(110,(62,151))),(((183,185),(43,193)),((101,35),((156,(135,(107,9))),((65,(104,70)),(53,(85,(3,163)))))))))))))))));
Quartet score is: 29064773470
Normalized quartet score is: 0.4410236171631155
ASTRAL finished in 287.305 secs
