
================== ASTRAL ===================== 

This is ASTRAL version 4.10.10
Gene trees are treated as unrooted
1000 trees read from ASTRALDATA/model.50.2000000.0.000001/20/estimatedgenetre.halfresolved
All output trees will be *arbitrarily* rooted at 28

======== Running the main analysis
Number of taxa: 51 (51 species)
Taxa: [28, 17, 25, 29, 14, 47, 32, 12, 26, 23, 20, 27, 48, 0, 35, 7, 4, 42, 41, 39, 33, 21, 16, 44, 40, 37, 9, 38, 2, 10, 13, 5, 11, 22, 50, 36, 19, 18, 49, 1, 3, 46, 6, 15, 31, 30, 24, 34, 43, 8, 45]
Taxon occupancy: {19=1000, 17=1000, 35=1000, 18=1000, 36=1000, 15=1000, 33=1000, 34=1000, 16=1000, 13=1000, 39=1000, 14=1000, 11=1000, 37=1000, 38=1000, 12=1000, 21=1000, 20=1000, 43=1000, 42=1000, 41=1000, 40=1000, 49=1000, 48=1000, 45=1000, 44=1000, 47=1000, 46=1000, 22=1000, 23=1000, 24=1000, 25=1000, 26=1000, 27=1000, 28=1000, 29=1000, 3=1000, 2=1000, 1=1000, 10=1000, 0=1000, 30=1000, 7=1000, 6=1000, 5=1000, 32=1000, 31=1000, 4=1000, 9=1000, 8=1000, 50=1000}
Number of gene trees: 1000
0 trees have missing taxa
Calculating quartet distance matrix (for completion of X)
Species tree distances calculated ...
Building set of clusters (X) from gene trees 
Using tree-based weight calculation.
Number of Default Clusters: 12759
Number of quartet trees in the gene trees: 249880305
calculating extra bipartitions to be added at level 1 ...
Number of Clusters after addition by distance: 12759
Adding to X using resolutions of greedy consensus ...
Threshold 0.0:
Threshold 0.01:
Threshold 0.02:
Threshold 0.05:
polytomy of size 3; rounds with additions with at least 0.01 support: 0; clusters: 12759
Threshold 0.1:
polytomy of size 4; rounds with additions with at least 0.01 support: 0; clusters: 12759
Threshold 0.2:
polytomy of size 3; rounds with additions with at least 0.01 support: 0; clusters: 12759
polytomy of size 5; rounds with additions with at least 0.01 support: 0; clusters: 12759
polytomy of size 3; rounds with additions with at least 0.01 support: 0; clusters: 12759
polytomy of size 3; rounds with additions with at least 0.01 support: 0; clusters: 12759
Threshold 0.3333333333333333:
polytomy of size 4; rounds with additions with at least 0.01 support: 0; clusters: 12759
polytomy of size 4; rounds with additions with at least 0.01 support: 0; clusters: 12759
polytomy of size 9; rounds with additions with at least 0.01 support: 0; clusters: 12759
polytomy of size 4; rounds with additions with at least 0.01 support: 0; clusters: 12759
polytomy of size 6; rounds with additions with at least 0.01 support: 0; clusters: 12759
Number of Clusters after addition by greedy: 12759
partitions formed in 3.836 secs
Dynamic Programming starting after 3.836 secs
Size of largest cluster: 51
Total Number of elements weighted: 60100
Normalized score (portion of input quartet trees satisfied): 0.7613096638408537
Final optimization score: 190236291
Optimal tree inferred in 102.284 secs.
(26,(23,(44,(12,((29,(25,(17,(14,47)))),(32,(28,(((16,45),((5,(10,(13,(38,2)))),(22,(18,(50,(11,(36,19))))))),(((4,(39,(42,41))),((43,(24,34)),(8,(37,(40,49))))),(21,(0,((35,(33,(9,(27,(20,48))))),(1,((7,(31,30)),(3,(46,(6,15)))))))))))))))));
Quartet score is: 190236291
Normalized quartet score is: 0.7613096638408537
ASTRAL finished in 103.374 secs
