
================== ASTRAL ===================== 

This is ASTRAL version 4.10.8
Gene trees are treated as unrooted
1000 trees read from model.50.2000000.0.000001/32/estimatedgenetre.halfresolved
All outputted trees will be *arbitrarily* rooted at 20

======== Running the main analysis
Number of taxa: 51 (51 species)
Taxa: [20, 15, 1, 34, 7, 10, 35, 6, 32, 47, 49, 17, 23, 41, 27, 43, 31, 39, 40, 26, 21, 14, 2, 12, 37, 5, 33, 18, 8, 30, 22, 28, 48, 50, 11, 38, 9, 45, 3, 44, 16, 42, 13, 36, 4, 24, 25, 46, 0, 29, 19]
Taxon occupancy: {19=1000, 17=1000, 35=1000, 36=1000, 18=1000, 33=1000, 15=1000, 16=1000, 34=1000, 13=1000, 39=1000, 14=1000, 11=1000, 37=1000, 38=1000, 12=1000, 21=1000, 20=1000, 43=1000, 42=1000, 41=1000, 40=1000, 49=1000, 48=1000, 45=1000, 44=1000, 47=1000, 46=1000, 22=1000, 23=1000, 24=1000, 25=1000, 26=1000, 27=1000, 28=1000, 29=1000, 3=1000, 2=1000, 10=1000, 1=1000, 0=1000, 30=1000, 7=1000, 6=1000, 5=1000, 32=1000, 4=1000, 31=1000, 9=1000, 8=1000, 50=1000}
Number of gene trees: 1000
0 trees have missing taxa
Calculating quartet distance matrix (for completion of X)
Species tree distances calculated ...
Building set of clusters (X) from gene trees 
Using tree-based weight calculation.
Number of Default Clusters: 5541
Number of quartet trees in the gene trees: 249896364
calculating extra bipartitions to be added at level 1 ...
Number of Clusters after addition by distance: 5541
Adding to X using resolutions of greedy consensus ...
Threshold 0.0:
Threshold 0.01:
Threshold 0.02:
Threshold 0.05:
Threshold 0.1:
Threshold 0.2:
polytomy of size 4; rounds with additions with at least 0.01 support: 0; clusters: 5541
Threshold 0.3333333333333333:
polytomy of size 3; rounds with additions with at least 0.01 support: 0; clusters: 5541
polytomy of size 4; rounds with additions with at least 0.01 support: 0; clusters: 5541
polytomy of size 3; rounds with additions with at least 0.01 support: 0; clusters: 5541
polytomy of size 6; rounds with additions with at least 0.01 support: 0; clusters: 5541
polytomy of size 3; rounds with additions with at least 0.01 support: 0; clusters: 5541
Number of Clusters after addition by greedy: 5541
partitions formed in 2.925 secs
Dynamic Programming starting after 2.925 secs
Size of largest cluster: 51
Size of largest cluster: 51
Total Number of elements weighted: 22651
Normalized score (portion of input quartet trees satisfied): NaN
Final optimization score: 0
Total Number of elements weighted: 22651
Normalized score (portion of input quartet trees satisfied): 0.8235717787394458
Final optimization score: 205807593
Optimal tree inferred in 4.265 secs.
(20,(15,((29,19),(39,(46,(((22,(8,30)),(((48,50),(28,(16,42))),((44,(45,3)),(9,(11,38))))),(0,(((13,24),((25,(36,4)),((40,(26,21)),((5,(33,18)),(14,(12,(2,37))))))),(((43,31),((41,27),(17,23))),(((6,49),(32,47)),(34,((1,7),(10,35)))))))))))));
Quartet score is: 205807593
Normalized quartet score is: 0.8235717787394458
ASTRAL finished in 5.79 secs
