
================== ASTRAL ===================== 

This is ASTRAL version 4.10.10
Gene trees are treated as unrooted
1000 trees read from ASTRALDATA/model.200.10000000.0.0000001/33/estimatedgenetre.halfresolved
All output trees will be *arbitrarily* rooted at 171

======== Running the main analysis
Number of taxa: 201 (201 species)
Taxa: [171, 17, 107, 182, 8, 200, 118, 75, 170, 173, 6, 132, 154, 112, 36, 129, 92, 172, 131, 174, 158, 177, 95, 25, 188, 51, 60, 79, 48, 69, 42, 10, 41, 143, 163, 29, 66, 11, 175, 65, 121, 144, 166, 98, 15, 89, 116, 50, 125, 190, 156, 97, 106, 96, 87, 44, 127, 193, 134, 151, 186, 195, 169, 63, 108, 146, 150, 43, 57, 34, 82, 197, 1, 164, 137, 187, 194, 3, 16, 91, 64, 24, 30, 32, 148, 83, 111, 90, 49, 178, 117, 102, 35, 40, 47, 9, 122, 147, 104, 110, 80, 0, 145, 165, 136, 168, 153, 12, 78, 189, 58, 45, 159, 179, 86, 191, 19, 160, 77, 68, 120, 93, 61, 119, 5, 18, 185, 128, 100, 53, 99, 199, 183, 149, 85, 56, 138, 38, 52, 46, 140, 101, 133, 141, 196, 31, 176, 123, 130, 73, 4, 114, 27, 113, 71, 135, 115, 20, 109, 67, 180, 28, 37, 59, 192, 94, 33, 124, 167, 157, 76, 162, 198, 23, 14, 2, 55, 126, 7, 74, 88, 21, 70, 26, 39, 142, 139, 152, 13, 184, 84, 103, 181, 22, 155, 72, 161, 54, 62, 81, 105]
Taxon occupancy: {35=1000, 36=1000, 159=1000, 33=1000, 34=1000, 158=1000, 157=1000, 39=1000, 156=1000, 155=1000, 37=1000, 154=1000, 38=1000, 152=1000, 153=1000, 150=1000, 151=1000, 43=1000, 42=1000, 41=1000, 40=1000, 200=1000, 22=1000, 169=1000, 23=1000, 24=1000, 25=1000, 166=1000, 26=1000, 165=1000, 27=1000, 168=1000, 28=1000, 29=1000, 167=1000, 161=1000, 3=1000, 162=1000, 2=1000, 1=1000, 163=1000, 164=1000, 0=1000, 30=1000, 7=1000, 6=1000, 32=1000, 5=1000, 160=1000, 31=1000, 4=1000, 9=1000, 8=1000, 19=1000, 17=1000, 179=1000, 178=1000, 18=1000, 177=1000, 15=1000, 16=1000, 176=1000, 13=1000, 14=1000, 11=1000, 12=1000, 170=1000, 21=1000, 171=1000, 20=1000, 174=1000, 175=1000, 172=1000, 173=1000, 188=1000, 187=1000, 189=1000, 180=1000, 181=1000, 10=1000, 182=1000, 183=1000, 184=1000, 185=1000, 186=1000, 116=1000, 117=1000, 79=1000, 78=1000, 114=1000, 77=1000, 115=1000, 112=1000, 113=1000, 110=1000, 111=1000, 118=1000, 119=1000, 82=1000, 83=1000, 80=1000, 81=1000, 86=1000, 87=1000, 84=1000, 85=1000, 125=1000, 67=1000, 66=1000, 126=1000, 127=1000, 69=1000, 68=1000, 128=1000, 121=1000, 122=1000, 123=1000, 124=1000, 129=1000, 70=1000, 120=1000, 71=1000, 72=1000, 73=1000, 74=1000, 75=1000, 76=1000, 134=1000, 135=1000, 132=1000, 133=1000, 59=1000, 58=1000, 138=1000, 57=1000, 139=1000, 136=1000, 56=1000, 137=1000, 55=1000, 64=1000, 65=1000, 62=1000, 63=1000, 131=1000, 60=1000, 61=1000, 130=1000, 49=1000, 143=1000, 48=1000, 144=1000, 145=1000, 146=1000, 147=1000, 45=1000, 148=1000, 44=1000, 47=1000, 149=1000, 46=1000, 51=1000, 52=1000, 53=1000, 54=1000, 140=1000, 142=1000, 50=1000, 141=1000, 109=1000, 108=1000, 107=1000, 106=1000, 105=1000, 104=1000, 103=1000, 102=1000, 99=1000, 101=1000, 100=1000, 98=1000, 97=1000, 96=1000, 95=1000, 94=1000, 93=1000, 92=1000, 91=1000, 90=1000, 88=1000, 89=1000, 195=1000, 194=1000, 197=1000, 196=1000, 191=1000, 190=1000, 193=1000, 192=1000, 198=1000, 199=1000}
Number of gene trees: 1000
0 trees have missing taxa
Calculating quartet distance matrix (for completion of X)
Species tree distances calculated ...
Building set of clusters (X) from gene trees 
Using tree-based weight calculation.
Number of Default Clusters: 29191
Number of quartet trees in the gene trees: 65998350000
calculating extra bipartitions to be added at level 1 ...
Number of Clusters after addition by distance: 29191
Adding to X using resolutions of greedy consensus ...
Threshold 0.0:
Threshold 0.01:
Threshold 0.02:
Threshold 0.05:
polytomy of size 3; rounds with additions with at least 0.01 support: 0; clusters: 29191
Threshold 0.1:
polytomy of size 7; rounds with additions with at least 0.01 support: 0; clusters: 29191
polytomy of size 3; rounds with additions with at least 0.01 support: 0; clusters: 29191
Threshold 0.2:
polytomy of size 6; rounds with additions with at least 0.01 support: 0; clusters: 29191
polytomy of size 14; rounds with additions with at least 0.01 support: 0; clusters: 29191
Threshold 0.3333333333333333:
polytomy of size 3; rounds with additions with at least 0.01 support: 0; clusters: 29191
polytomy of size 3; rounds with additions with at least 0.01 support: 0; clusters: 29191
polytomy of size 3; rounds with additions with at least 0.01 support: 0; clusters: 29191
polytomy of size 3; rounds with additions with at least 0.01 support: 0; clusters: 29191
polytomy of size 26; rounds with additions with at least 0.01 support: 0; clusters: 29525
Number of Clusters after addition by greedy: 29525
partitions formed in 16.498 secs
Dynamic Programming starting after 16.498 secs
Size of largest cluster: 201
Calculated 100000 weights; time (seconds): 609
Total Number of elements weighted: 107976
Normalized score (portion of input quartet trees satisfied): 0.8867075910837164
Final optimization score: 58521237944
Optimal tree inferred in 658.764 secs.
(47,(40,(35,(9,((102,((137,117),(((83,111),(187,(49,178))),(90,((194,148),(32,((24,30),(3,(16,(91,64)))))))))),(((196,31),(133,141)),((((122,147),((145,165),(104,(110,80)))),((12,78),((136,(168,153)),((179,(86,191)),(189,(58,(45,159))))))),((93,(((61,119),(5,(18,185))),(19,((160,77),(68,120))))),(((99,199),(53,(128,100))),(((164,(197,1)),(149,(183,(101,((85,56),((138,140),(46,(38,52)))))))),(0,(((33,(76,(162,(124,(167,157))))),(((28,37),(94,(59,192))),((109,(67,180)),((71,(115,(135,20))),(130,((73,4),(114,(27,113)))))))),((176,123),(((190,((50,125),(156,(96,(97,106))))),(((57,(34,82)),(193,(87,(44,127)))),((186,(43,(134,151))),(169,(195,(63,(108,(146,150)))))))),((116,(15,89)),((22,(155,((62,(81,105)),(54,(72,161))))),((174,((166,(126,(7,74))),((198,(23,14)),((17,(2,55)),((88,21),(103,(70,(181,(((26,39),(142,139)),(152,(13,(184,84)))))))))))),((158,(107,(200,(182,8)))),(144,((((172,131),(112,(92,(36,129)))),((118,(75,170)),(171,((132,154),(173,6))))),((121,98),(((177,95),((25,188),((48,69),(51,(60,79))))),((42,10),((66,(29,11)),(175,((143,163),(41,65)))))))))))))))))))))))))));
Quartet score is: 58521237944
Normalized quartet score is: 0.8867075910837164
ASTRAL finished in 666.703 secs
