
================== ASTRAL ===================== 

This is ASTRAL version 4.10.8
Gene trees are treated as unrooted
989 trees read from ASTRALDATA/model.1000.2000000.0.000001/29/estimatedgenetre.halfresolved
All outputted trees will be *arbitrarily* rooted at 340

======== Running the main analysis
Number of taxa: 1001 (1001 species)
Taxa: [340, 523, 627, 422, 749, 514, 132, 852, 784, 75, 358, 97, 699, 48, 850, 302, 633, 352, 904, 162, 479, 389, 16, 615, 929, 298, 29, 30, 27, 759, 684, 931, 71, 453, 209, 114, 361, 428, 636, 466, 248, 644, 18, 69, 950, 164, 820, 665, 488, 126, 673, 907, 737, 771, 297, 668, 219, 43, 559, 612, 305, 246, 818, 383, 262, 197, 632, 89, 375, 808, 129, 321, 251, 982, 841, 291, 330, 859, 161, 34, 154, 964, 629, 59, 591, 115, 241, 682, 760, 842, 409, 11, 724, 797, 781, 388, 881, 95, 868, 104, 602, 666, 319, 613, 618, 971, 261, 838, 425, 492, 120, 205, 740, 750, 908, 715, 773, 100, 73, 572, 526, 556, 412, 495, 182, 265, 476, 348, 595, 787, 380, 299, 991, 178, 507, 378, 444, 856, 376, 532, 259, 550, 108, 244, 786, 357, 342, 381, 501, 719, 475, 875, 952, 980, 764, 124, 545, 17, 465, 296, 86, 169, 329, 332, 707, 804, 393, 898, 46, 398, 576, 796, 274, 798, 417, 555, 593, 774, 366, 984, 148, 24, 718, 44, 235, 775, 344, 785, 979, 318, 400, 517, 478, 483, 853, 188, 491, 998, 2, 435, 218, 730, 571, 229, 127, 447, 399, 723, 374, 223, 553, 150, 848, 757, 584, 585, 954, 794, 972, 300, 743, 394, 391, 520, 777, 250, 469, 790, 175, 470, 814, 158, 112, 596, 807, 816, 534, 650, 51, 832, 739, 497, 222, 307, 20, 686, 354, 326, 82, 23, 745, 587, 542, 511, 452, 429, 91, 536, 994, 909, 113, 720, 735, 451, 940, 414, 879, 752, 290, 890, 282, 349, 173, 437, 338, 461, 717, 323, 31, 712, 438, 35, 14, 174, 1, 680, 883, 180, 210, 285, 634, 418, 973, 193, 678, 867, 441, 267, 122, 481, 403, 339, 836, 528, 276, 201, 864, 537, 944, 679, 696, 39, 101, 141, 334, 369, 637, 144, 22, 694, 599, 170, 601, 462, 131, 604, 38, 345, 421, 736, 396, 88, 578, 480, 891, 893, 530, 484, 128, 505, 121, 281, 286, 690, 573, 65, 21, 844, 761, 529, 62, 574, 273, 731, 741, 194, 123, 314, 272, 780, 782, 642, 283, 327, 625, 87, 56, 463, 916, 716, 623, 540, 68, 245, 359, 263, 474, 543, 264, 303, 143, 519, 561, 655, 663, 472, 518, 605, 622, 558, 92, 649, 961, 516, 356, 958, 805, 863, 411, 560, 955, 833, 79, 825, 562, 459, 802, 77, 738, 661, 667, 224, 858, 552, 103, 135, 508, 304, 799, 397, 600, 232, 583, 547, 431, 401, 727, 628, 513, 406, 373, 377, 140, 47, 987, 147, 119, 993, 541, 676, 963, 9, 865, 436, 810, 353, 792, 106, 675, 544, 237, 96, 80, 617, 992, 943, 395, 139, 806, 889, 455, 195, 225, 695, 734, 221, 902, 670, 424, 111, 677, 681, 967, 60, 57, 243, 700, 581, 402, 846, 912, 791, 801, 192, 385, 390, 570, 464, 978, 911, 42, 316, 239, 415, 702, 795, 179, 176, 657, 211, 337, 165, 919, 635, 25, 817, 15, 289, 751, 874, 6, 871, 1000, 900, 94, 934, 631, 660, 565, 287, 831, 254, 317, 90, 592, 535, 603, 765, 408, 454, 917, 155, 54, 439, 654, 594, 433, 432, 258, 190, 427, 312, 288, 614, 638, 494, 647, 598, 252, 962, 762, 551, 974, 590, 450, 977, 277, 920, 335, 770, 521, 709, 906, 722, 767, 506, 932, 914, 960, 4, 753, 525, 711, 884, 40, 53, 522, 228, 827, 691, 440, 159, 196, 134, 324, 568, 714, 350, 659, 152, 878, 214, 163, 93, 619, 382, 921, 580, 754, 423, 607, 901, 966, 793, 489, 240, 822, 185, 404, 575, 294, 208, 33, 457, 546, 266, 371, 233, 487, 333, 870, 882, 826, 999, 626, 370, 32, 36, 215, 490, 85, 153, 829, 894, 186, 133, 202, 830, 683, 843, 384, 167, 328, 897, 924, 456, 309, 847, 66, 927, 446, 768, 187, 105, 149, 651, 892, 869, 198, 503, 292, 531, 652, 234, 37, 744, 434, 249, 866, 756, 910, 74, 70, 102, 746, 322, 703, 851, 255, 83, 713, 624, 688, 331, 203, 840, 548, 876, 800, 504, 346, 78, 965, 970, 938, 885, 986, 41, 837, 748, 609, 28, 742, 896, 886, 0, 392, 813, 496, 763, 689, 834, 708, 769, 458, 653, 888, 988, 953, 477, 278, 98, 877, 930, 662, 416, 171, 156, 7, 58, 854, 468, 873, 705, 758, 819, 26, 862, 99, 951, 257, 997, 899, 947, 861, 3, 937, 142, 45, 430, 610, 271, 645, 343, 168, 84, 811, 49, 608, 482, 928, 704, 671, 341, 895, 8, 923, 110, 646, 606, 181, 996, 310, 405, 125, 107, 275, 355, 620, 256, 448, 449, 880, 779, 320, 685, 509, 363, 669, 460, 989, 563, 778, 975, 410, 643, 766, 311, 72, 136, 336, 579, 116, 903, 959, 206, 611, 216, 641, 985, 502, 582, 658, 926, 809, 270, 260, 849, 63, 630, 915, 313, 648, 166, 183, 50, 821, 772, 420, 990, 515, 207, 815, 445, 238, 284, 236, 184, 701, 913, 473, 295, 905, 200, 640, 942, 533, 577, 524, 569, 755, 130, 995, 946, 212, 226, 138, 803, 586, 918, 64, 204, 824, 692, 500, 137, 293, 789, 109, 19, 145, 935, 13, 189, 55, 242, 199, 315, 656, 347, 747, 948, 413, 325, 367, 957, 725, 698, 733, 706, 10, 674, 588, 81, 499, 887, 372, 949, 269, 177, 922, 364, 467, 160, 419, 835, 812, 726, 539, 442, 566, 471, 379, 687, 557, 639, 538, 220, 151, 407, 956, 589, 253, 564, 512, 732, 308, 426, 387, 498, 268, 157, 12, 172, 567, 118, 527, 217, 191, 783, 117, 857, 230, 721, 213, 443, 941, 67, 301, 728, 231, 976, 386, 968, 485, 788, 839, 146, 664, 729, 693, 969, 280, 828, 860, 510, 362, 360, 939, 855, 933, 925, 554, 845, 823, 247, 936, 710, 368, 76, 697, 983, 597, 872, 981, 365, 5, 227, 486, 616, 306, 549, 672, 61, 351, 52, 279, 776, 945, 493, 621]
Taxon occupancy: {338=989, 339=989, 941=989, 942=989, 940=989, 945=989, 332=989, 946=989, 333=989, 330=989, 943=989, 944=989, 331=989, 949=989, 336=989, 337=989, 334=989, 947=989, 948=989, 335=989, 531=989, 748=989, 747=989, 530=989, 746=989, 745=989, 535=989, 534=989, 533=989, 749=989, 532=989, 539=989, 740=989, 538=989, 537=989, 536=989, 744=989, 743=989, 742=989, 741=989, 349=989, 930=989, 931=989, 932=989, 341=989, 933=989, 342=989, 934=989, 343=989, 935=989, 344=989, 936=989, 345=989, 346=989, 937=989, 347=989, 938=989, 939=989, 348=989, 540=989, 735=989, 3=989, 2=989, 929=989, 734=989, 1=989, 542=989, 737=989, 736=989, 541=989, 0=989, 739=989, 544=989, 7=989, 543=989, 738=989, 6=989, 5=989, 340=989, 546=989, 545=989, 4=989, 548=989, 547=989, 9=989, 549=989, 8=989, 731=989, 730=989, 733=989, 732=989, 920=989, 318=989, 319=989, 316=989, 317=989, 314=989, 927=989, 315=989, 928=989, 925=989, 312=989, 313=989, 926=989, 310=989, 923=989, 311=989, 924=989, 921=989, 922=989, 513=989, 729=989, 512=989, 728=989, 511=989, 510=989, 727=989, 726=989, 725=989, 724=989, 919=989, 918=989, 723=989, 722=989, 721=989, 519=989, 720=989, 518=989, 517=989, 516=989, 515=989, 514=989, 327=989, 328=989, 329=989, 323=989, 914=989, 915=989, 324=989, 325=989, 916=989, 326=989, 917=989, 709=989, 910=989, 320=989, 911=989, 321=989, 912=989, 913=989, 322=989, 717=989, 522=989, 716=989, 521=989, 524=989, 719=989, 523=989, 718=989, 908=989, 713=989, 712=989, 907=989, 520=989, 715=989, 909=989, 714=989, 529=989, 711=989, 710=989, 526=989, 525=989, 528=989, 527=989, 989=989, 988=989, 987=989, 571=989, 570=989, 982=989, 981=989, 980=989, 986=989, 985=989, 984=989, 983=989, 700=989, 574=989, 703=989, 575=989, 704=989, 701=989, 572=989, 573=989, 702=989, 578=989, 707=989, 579=989, 708=989, 576=989, 705=989, 706=989, 577=989, 977=989, 976=989, 300=989, 979=989, 978=989, 302=989, 580=989, 301=989, 582=989, 304=989, 303=989, 581=989, 306=989, 305=989, 308=989, 971=989, 307=989, 970=989, 973=989, 972=989, 309=989, 975=989, 974=989, 583=989, 584=989, 585=989, 586=989, 587=989, 588=989, 589=989, 969=989, 968=989, 967=989, 966=989, 965=989, 964=989, 963=989, 962=989, 961=989, 960=989, 558=989, 559=989, 556=989, 557=989, 554=989, 555=989, 552=989, 553=989, 550=989, 551=989, 959=989, 958=989, 560=989, 955=989, 954=989, 957=989, 956=989, 951=989, 950=989, 953=989, 952=989, 569=989, 565=989, 566=989, 567=989, 568=989, 561=989, 562=989, 563=989, 564=989, 799=989, 798=989, 797=989, 796=989, 795=989, 794=989, 793=989, 792=989, 996=989, 790=989, 791=989, 997=989, 994=989, 995=989, 992=989, 993=989, 990=989, 991=989, 998=989, 999=989, 781=989, 782=989, 783=989, 784=989, 785=989, 786=989, 787=989, 788=989, 789=989, 780=989, 772=989, 505=989, 773=989, 506=989, 770=989, 503=989, 771=989, 504=989, 776=989, 509=989, 777=989, 507=989, 774=989, 775=989, 508=989, 778=989, 779=989, 501=989, 502=989, 500=989, 763=989, 764=989, 765=989, 766=989, 760=989, 761=989, 762=989, 767=989, 768=989, 769=989, 754=989, 755=989, 752=989, 753=989, 750=989, 751=989, 758=989, 759=989, 756=989, 757=989, 595=989, 594=989, 597=989, 391=989, 596=989, 390=989, 599=989, 393=989, 598=989, 392=989, 395=989, 394=989, 396=989, 397=989, 398=989, 399=989, 590=989, 591=989, 592=989, 593=989, 383=989, 384=989, 381=989, 382=989, 380=989, 389=989, 388=989, 387=989, 386=989, 385=989, 370=989, 371=989, 372=989, 373=989, 379=989, 378=989, 375=989, 374=989, 377=989, 376=989, 361=989, 362=989, 360=989, 366=989, 365=989, 364=989, 363=989, 369=989, 368=989, 367=989, 350=989, 351=989, 353=989, 352=989, 355=989, 354=989, 357=989, 356=989, 359=989, 358=989, 806=989, 807=989, 804=989, 805=989, 802=989, 803=989, 800=989, 801=989, 159=989, 158=989, 157=989, 156=989, 155=989, 154=989, 601=989, 152=989, 600=989, 153=989, 150=989, 151=989, 609=989, 608=989, 607=989, 606=989, 605=989, 604=989, 603=989, 602=989, 202=989, 203=989, 204=989, 205=989, 200=989, 201=989, 169=989, 166=989, 206=989, 207=989, 165=989, 208=989, 168=989, 209=989, 167=989, 409=989, 161=989, 162=989, 408=989, 163=989, 164=989, 405=989, 404=989, 407=989, 160=989, 406=989, 401=989, 400=989, 403=989, 402=989, 824=989, 211=989, 212=989, 825=989, 822=989, 823=989, 210=989, 828=989, 215=989, 216=989, 829=989, 213=989, 826=989, 827=989, 214=989, 219=989, 179=989, 178=989, 217=989, 177=989, 218=989, 176=989, 820=989, 821=989, 170=989, 418=989, 417=989, 171=989, 416=989, 415=989, 623=989, 174=989, 175=989, 622=989, 621=989, 172=989, 419=989, 620=989, 173=989, 410=989, 627=989, 626=989, 625=989, 624=989, 819=989, 414=989, 413=989, 629=989, 412=989, 411=989, 628=989, 220=989, 811=989, 812=989, 221=989, 222=989, 813=989, 814=989, 223=989, 815=989, 224=989, 816=989, 225=989, 226=989, 817=989, 227=989, 818=989, 188=989, 228=989, 229=989, 187=989, 189=989, 810=989, 427=989, 426=989, 180=989, 181=989, 429=989, 428=989, 182=989, 183=989, 610=989, 184=989, 612=989, 185=989, 611=989, 186=989, 809=989, 614=989, 808=989, 613=989, 616=989, 421=989, 420=989, 615=989, 618=989, 423=989, 422=989, 617=989, 425=989, 424=989, 619=989, 116=989, 843=989, 117=989, 842=989, 841=989, 114=989, 115=989, 840=989, 112=989, 113=989, 110=989, 111=989, 849=989, 848=989, 847=989, 846=989, 845=989, 118=989, 844=989, 119=989, 435=989, 436=989, 433=989, 434=989, 431=989, 432=989, 430=989, 439=989, 437=989, 438=989, 125=989, 830=989, 126=989, 832=989, 127=989, 128=989, 831=989, 121=989, 122=989, 123=989, 124=989, 838=989, 837=989, 839=989, 129=989, 834=989, 833=989, 836=989, 835=989, 444=989, 445=989, 446=989, 447=989, 440=989, 441=989, 442=989, 443=989, 120=989, 448=989, 449=989, 134=989, 861=989, 860=989, 135=989, 132=989, 133=989, 138=989, 865=989, 864=989, 139=989, 136=989, 863=989, 137=989, 862=989, 869=989, 868=989, 867=989, 866=989, 450=989, 453=989, 454=989, 451=989, 452=989, 457=989, 458=989, 455=989, 456=989, 459=989, 131=989, 130=989, 143=989, 144=989, 145=989, 850=989, 146=989, 852=989, 147=989, 148=989, 851=989, 149=989, 854=989, 853=989, 856=989, 855=989, 858=989, 857=989, 859=989, 461=989, 460=989, 462=989, 463=989, 464=989, 465=989, 466=989, 467=989, 468=989, 469=989, 140=989, 142=989, 141=989, 687=989, 686=989, 689=989, 688=989, 683=989, 682=989, 685=989, 684=989, 888=989, 889=989, 884=989, 885=989, 680=989, 886=989, 887=989, 681=989, 880=989, 881=989, 882=989, 883=989, 678=989, 677=989, 676=989, 675=989, 674=989, 673=989, 672=989, 671=989, 679=989, 879=989, 877=989, 878=989, 875=989, 670=989, 876=989, 873=989, 874=989, 871=989, 872=989, 870=989, 696=989, 695=989, 694=989, 693=989, 890=989, 699=989, 698=989, 697=989, 899=989, 893=989, 894=989, 891=989, 892=989, 691=989, 897=989, 692=989, 898=989, 895=989, 690=989, 896=989, 646=989, 647=989, 648=989, 649=989, 642=989, 195=989, 643=989, 194=989, 197=989, 644=989, 196=989, 645=989, 191=989, 190=989, 640=989, 193=989, 641=989, 192=989, 198=989, 199=989, 639=989, 637=989, 638=989, 635=989, 636=989, 633=989, 634=989, 631=989, 632=989, 630=989, 668=989, 669=989, 660=989, 661=989, 662=989, 663=989, 664=989, 665=989, 666=989, 667=989, 659=989, 657=989, 658=989, 651=989, 652=989, 650=989, 655=989, 656=989, 653=989, 654=989, 35=989, 36=989, 33=989, 34=989, 39=989, 37=989, 38=989, 43=989, 42=989, 41=989, 40=989, 22=989, 23=989, 24=989, 25=989, 26=989, 27=989, 28=989, 29=989, 30=989, 32=989, 31=989, 19=989, 17=989, 18=989, 15=989, 16=989, 13=989, 14=989, 11=989, 12=989, 21=989, 20=989, 10=989, 79=989, 78=989, 77=989, 82=989, 83=989, 80=989, 81=989, 86=989, 87=989, 84=989, 85=989, 67=989, 66=989, 69=989, 68=989, 70=989, 71=989, 72=989, 73=989, 74=989, 75=989, 76=989, 59=989, 58=989, 57=989, 56=989, 55=989, 64=989, 65=989, 62=989, 63=989, 60=989, 61=989, 49=989, 48=989, 45=989, 44=989, 47=989, 46=989, 51=989, 52=989, 53=989, 54=989, 50=989, 281=989, 487=989, 486=989, 280=989, 485=989, 484=989, 285=989, 284=989, 283=989, 489=989, 282=989, 488=989, 288=989, 289=989, 286=989, 287=989, 482=989, 483=989, 480=989, 481=989, 474=989, 473=989, 270=989, 476=989, 475=989, 272=989, 478=989, 477=989, 271=989, 274=989, 273=989, 479=989, 275=989, 276=989, 277=989, 278=989, 279=989, 470=989, 471=989, 472=989, 1000=989, 109=989, 108=989, 107=989, 106=989, 105=989, 104=989, 103=989, 102=989, 99=989, 101=989, 100=989, 98=989, 97=989, 96=989, 95=989, 94=989, 93=989, 92=989, 91=989, 90=989, 294=989, 499=989, 293=989, 296=989, 295=989, 290=989, 496=989, 495=989, 498=989, 292=989, 497=989, 291=989, 491=989, 492=989, 493=989, 494=989, 297=989, 298=989, 299=989, 490=989, 88=989, 89=989, 240=989, 241=989, 245=989, 244=989, 243=989, 242=989, 249=989, 248=989, 247=989, 246=989, 230=989, 239=989, 232=989, 231=989, 234=989, 233=989, 236=989, 235=989, 238=989, 237=989, 262=989, 263=989, 260=989, 261=989, 269=989, 268=989, 267=989, 266=989, 265=989, 264=989, 250=989, 251=989, 252=989, 904=989, 258=989, 903=989, 257=989, 906=989, 905=989, 259=989, 900=989, 254=989, 253=989, 256=989, 902=989, 901=989, 255=989}
Number of gene trees: 989
0 trees have missing taxa
Calculating quartet distance matrix (for completion of X)
Species tree distances calculated ...
Building set of clusters (X) from gene trees 
Using tree-based weight calculation.
Number of Default Clusters: 618819
Number of quartet trees in the gene trees: 41099310339557
calculating extra bipartitions to be added at level 1 ...
Number of Clusters after addition by distance: 618849
Adding to X using resolutions of greedy consensus ...
Threshold 0.0:
polytomy of size 5; rounds with additions with at least 0.01 support: 2; clusters: 618897
polytomy of size 8; rounds with additions with at least 0.01 support: 13; clusters: 619215
Threshold 0.01:
polytomy of size 29; rounds with additions with at least 0.01 support: 35; clusters: 633109
Threshold 0.02:
polytomy of size 3; rounds with additions with at least 0.01 support: 0; clusters: 633109
polytomy of size 3; rounds with additions with at least 0.01 support: 0; clusters: 633109
polytomy of size 41; rounds with additions with at least 0.01 support: 0; clusters: 657377
Threshold 0.05:
polytomy of size 3; rounds with additions with at least 0.01 support: 0; clusters: 657377
polytomy of size 4; rounds with additions with at least 0.01 support: 0; clusters: 657377
polytomy of size 3; rounds with additions with at least 0.01 support: 0; clusters: 657377
polytomy of size 3; rounds with additions with at least 0.01 support: 0; clusters: 657377
polytomy of size 3; rounds with additions with at least 0.01 support: 0; clusters: 657377
polytomy of size 4; rounds with additions with at least 0.01 support: 0; clusters: 657377
polytomy of size 4; rounds with additions with at least 0.01 support: 0; clusters: 657377
polytomy of size 4; rounds with additions with at least 0.01 support: 0; clusters: 657377
polytomy of size 60; rounds with additions with at least 0.01 support: 6; clusters: 657773
Threshold 0.1:
polytomy of size 5; rounds with additions with at least 0.01 support: 0; clusters: 657773
polytomy of size 4; rounds with additions with at least 0.01 support: 0; clusters: 657773
polytomy of size 3; rounds with additions with at least 0.01 support: 0; clusters: 657773
polytomy of size 3; rounds with additions with at least 0.01 support: 0; clusters: 657773
polytomy of size 3; rounds with additions with at least 0.01 support: 0; clusters: 657773
polytomy of size 3; rounds with additions with at least 0.01 support: 0; clusters: 657773
polytomy of size 4; rounds with additions with at least 0.01 support: 0; clusters: 657773
polytomy of size 3; rounds with additions with at least 0.01 support: 0; clusters: 657773
polytomy of size 3; rounds with additions with at least 0.01 support: 0; clusters: 657773
polytomy of size 3; rounds with additions with at least 0.01 support: 0; clusters: 657773
polytomy of size 3; rounds with additions with at least 0.01 support: 0; clusters: 657773
polytomy of size 6; rounds with additions with at least 0.01 support: 0; clusters: 657773
polytomy of size 3; rounds with additions with at least 0.01 support: 0; clusters: 657773
polytomy of size 3; rounds with additions with at least 0.01 support: 0; clusters: 657773
polytomy of size 3; rounds with additions with at least 0.01 support: 0; clusters: 657773
polytomy of size 5; rounds with additions with at least 0.01 support: 0; clusters: 657773
polytomy of size 4; rounds with additions with at least 0.01 support: 0; clusters: 657773
polytomy of size 5; rounds with additions with at least 0.01 support: 0; clusters: 657773
polytomy of size 3; rounds with additions with at least 0.01 support: 0; clusters: 657773
polytomy of size 3; rounds with additions with at least 0.01 support: 0; clusters: 657773
polytomy of size 105; rounds with additions with at least 0.01 support: 0; clusters: 657815
Threshold 0.2:
polytomy of size 3; rounds with additions with at least 0.01 support: 0; clusters: 657815
polytomy of size 5; rounds with additions with at least 0.01 support: 0; clusters: 657815
polytomy of size 4; rounds with additions with at least 0.01 support: 0; clusters: 657815
polytomy of size 3; rounds with additions with at least 0.01 support: 0; clusters: 657815
polytomy of size 3; rounds with additions with at least 0.01 support: 0; clusters: 657815
polytomy of size 3; rounds with additions with at least 0.01 support: 0; clusters: 657815
polytomy of size 4; rounds with additions with at least 0.01 support: 0; clusters: 657815
polytomy of size 4; rounds with additions with at least 0.01 support: 0; clusters: 657815
polytomy of size 3; rounds with additions with at least 0.01 support: 0; clusters: 657815
polytomy of size 7; rounds with additions with at least 0.01 support: 0; clusters: 657815
polytomy of size 5; rounds with additions with at least 0.01 support: 0; clusters: 657815
polytomy of size 3; rounds with additions with at least 0.01 support: 0; clusters: 657815
polytomy of size 3; rounds with additions with at least 0.01 support: 0; clusters: 657815
polytomy of size 3; rounds with additions with at least 0.01 support: 0; clusters: 657815
polytomy of size 7; rounds with additions with at least 0.01 support: 0; clusters: 657815
polytomy of size 3; rounds with additions with at least 0.01 support: 0; clusters: 657815
polytomy of size 7; rounds with additions with at least 0.01 support: 0; clusters: 657815
polytomy of size 3; rounds with additions with at least 0.01 support: 0; clusters: 657815
polytomy of size 4; rounds with additions with at least 0.01 support: 0; clusters: 657815
polytomy of size 6; rounds with additions with at least 0.01 support: 0; clusters: 657815
polytomy of size 3; rounds with additions with at least 0.01 support: 0; clusters: 657815
polytomy of size 4; rounds with additions with at least 0.01 support: 0; clusters: 657815
polytomy of size 3; rounds with additions with at least 0.01 support: 0; clusters: 657815
polytomy of size 4; rounds with additions with at least 0.01 support: 0; clusters: 657815
polytomy of size 3; rounds with additions with at least 0.01 support: 0; clusters: 657815
polytomy of size 3; rounds with additions with at least 0.01 support: 0; clusters: 657815
polytomy of size 3; rounds with additions with at least 0.01 support: 0; clusters: 657815
polytomy of size 3; rounds with additions with at least 0.01 support: 0; clusters: 657815
polytomy of size 3; rounds with additions with at least 0.01 support: 0; clusters: 657815
polytomy of size 4; rounds with additions with at least 0.01 support: 0; clusters: 657815
polytomy of size 3; rounds with additions with at least 0.01 support: 0; clusters: 657815
polytomy of size 4; rounds with additions with at least 0.01 support: 0; clusters: 657815
polytomy of size 5; rounds with additions with at least 0.01 support: 0; clusters: 657815
polytomy of size 3; rounds with additions with at least 0.01 support: 0; clusters: 657815
polytomy of size 3; rounds with additions with at least 0.01 support: 0; clusters: 657815
polytomy of size 4; rounds with additions with at least 0.01 support: 0; clusters: 657815
polytomy of size 3; rounds with additions with at least 0.01 support: 0; clusters: 657815
polytomy of size 3; rounds with additions with at least 0.01 support: 0; clusters: 657815
polytomy of size 7; rounds with additions with at least 0.01 support: 0; clusters: 657815
polytomy of size 4; rounds with additions with at least 0.01 support: 0; clusters: 657815
polytomy of size 3; rounds with additions with at least 0.01 support: 0; clusters: 657815
polytomy of size 3; rounds with additions with at least 0.01 support: 0; clusters: 657815
polytomy of size 3; rounds with additions with at least 0.01 support: 0; clusters: 657815
polytomy of size 4; rounds with additions with at least 0.01 support: 0; clusters: 657815
polytomy of size 4; rounds with additions with at least 0.01 support: 0; clusters: 657815
polytomy of size 4; rounds with additions with at least 0.01 support: 0; clusters: 657815
polytomy of size 6; rounds with additions with at least 0.01 support: 0; clusters: 657815
polytomy of size 5; rounds with additions with at least 0.01 support: 0; clusters: 657815
polytomy of size 3; rounds with additions with at least 0.01 support: 0; clusters: 657815
polytomy of size 3; rounds with additions with at least 0.01 support: 0; clusters: 657815
polytomy of size 3; rounds with additions with at least 0.01 support: 0; clusters: 657815
polytomy of size 3; rounds with additions with at least 0.01 support: 0; clusters: 657815
polytomy of size 3; rounds with additions with at least 0.01 support: 0; clusters: 657815
polytomy of size 3; rounds with additions with at least 0.01 support: 0; clusters: 657815
polytomy of size 5; rounds with additions with at least 0.01 support: 0; clusters: 657815
polytomy of size 3; rounds with additions with at least 0.01 support: 0; clusters: 657815
polytomy of size 4; rounds with additions with at least 0.01 support: 0; clusters: 657815
polytomy of size 3; rounds with additions with at least 0.01 support: 0; clusters: 657815
polytomy of size 4; rounds with additions with at least 0.01 support: 0; clusters: 657815
polytomy of size 3; rounds with additions with at least 0.01 support: 0; clusters: 657815
polytomy of size 3; rounds with additions with at least 0.01 support: 0; clusters: 657815
polytomy of size 3; rounds with additions with at least 0.01 support: 0; clusters: 657815
polytomy of size 3; rounds with additions with at least 0.01 support: 0; clusters: 657815
polytomy of size 4; rounds with additions with at least 0.01 support: 0; clusters: 657815
polytomy of size 3; rounds with additions with at least 0.01 support: 0; clusters: 657815
polytomy of size 3; rounds with additions with at least 0.01 support: 0; clusters: 657815
polytomy of size 4; rounds with additions with at least 0.01 support: 0; clusters: 657815
polytomy of size 8; rounds with additions with at least 0.01 support: 0; clusters: 657815
polytomy of size 5; rounds with additions with at least 0.01 support: 0; clusters: 657815
Threshold 0.3333333333333333:
polytomy of size 3; rounds with additions with at least 0.01 support: 0; clusters: 657815
polytomy of size 3; rounds with additions with at least 0.01 support: 0; clusters: 657815
polytomy of size 4; rounds with additions with at least 0.01 support: 0; clusters: 657815
polytomy of size 3; rounds with additions with at least 0.01 support: 0; clusters: 657815
polytomy of size 3; rounds with additions with at least 0.01 support: 0; clusters: 657815
polytomy of size 4; rounds with additions with at least 0.01 support: 0; clusters: 657815
polytomy of size 4; rounds with additions with at least 0.01 support: 0; clusters: 657815
polytomy of size 3; rounds with additions with at least 0.01 support: 0; clusters: 657815
polytomy of size 5; rounds with additions with at least 0.01 support: 0; clusters: 657815
polytomy of size 4; rounds with additions with at least 0.01 support: 0; clusters: 657815
polytomy of size 3; rounds with additions with at least 0.01 support: 0; clusters: 657815
polytomy of size 4; rounds with additions with at least 0.01 support: 0; clusters: 657815
polytomy of size 6; rounds with additions with at least 0.01 support: 0; clusters: 657815
polytomy of size 3; rounds with additions with at least 0.01 support: 0; clusters: 657815
polytomy of size 4; rounds with additions with at least 0.01 support: 0; clusters: 657815
polytomy of size 3; rounds with additions with at least 0.01 support: 0; clusters: 657815
polytomy of size 3; rounds with additions with at least 0.01 support: 0; clusters: 657815
polytomy of size 4; rounds with additions with at least 0.01 support: 0; clusters: 657815
polytomy of size 4; rounds with additions with at least 0.01 support: 0; clusters: 657815
polytomy of size 6; rounds with additions with at least 0.01 support: 0; clusters: 657815
polytomy of size 3; rounds with additions with at least 0.01 support: 0; clusters: 657815
polytomy of size 4; rounds with additions with at least 0.01 support: 0; clusters: 657815
polytomy of size 3; rounds with additions with at least 0.01 support: 0; clusters: 657815
polytomy of size 4; rounds with additions with at least 0.01 support: 0; clusters: 657815
polytomy of size 4; rounds with additions with at least 0.01 support: 0; clusters: 657815
polytomy of size 3; rounds with additions with at least 0.01 support: 0; clusters: 657815
polytomy of size 3; rounds with additions with at least 0.01 support: 0; clusters: 657815
polytomy of size 3; rounds with additions with at least 0.01 support: 0; clusters: 657815
polytomy of size 10; rounds with additions with at least 0.01 support: 0; clusters: 657877
polytomy of size 5; rounds with additions with at least 0.01 support: 0; clusters: 657877
polytomy of size 7; rounds with additions with at least 0.01 support: 0; clusters: 657877
polytomy of size 3; rounds with additions with at least 0.01 support: 0; clusters: 657877
polytomy of size 4; rounds with additions with at least 0.01 support: 0; clusters: 657877
polytomy of size 4; rounds with additions with at least 0.01 support: 0; clusters: 657877
polytomy of size 13; rounds with additions with at least 0.01 support: 0; clusters: 658123
polytomy of size 4; rounds with additions with at least 0.01 support: 0; clusters: 658123
polytomy of size 3; rounds with additions with at least 0.01 support: 0; clusters: 658123
polytomy of size 3; rounds with additions with at least 0.01 support: 0; clusters: 658123
polytomy of size 5; rounds with additions with at least 0.01 support: 0; clusters: 658123
polytomy of size 3; rounds with additions with at least 0.01 support: 0; clusters: 658123
polytomy of size 3; rounds with additions with at least 0.01 support: 0; clusters: 658123
polytomy of size 8; rounds with additions with at least 0.01 support: 0; clusters: 658127
polytomy of size 3; rounds with additions with at least 0.01 support: 0; clusters: 658127
polytomy of size 3; rounds with additions with at least 0.01 support: 0; clusters: 658127
polytomy of size 3; rounds with additions with at least 0.01 support: 0; clusters: 658127
polytomy of size 3; rounds with additions with at least 0.01 support: 0; clusters: 658127
polytomy of size 3; rounds with additions with at least 0.01 support: 0; clusters: 658127
polytomy of size 3; rounds with additions with at least 0.01 support: 0; clusters: 658127
polytomy of size 5; rounds with additions with at least 0.01 support: 0; clusters: 658127
polytomy of size 3; rounds with additions with at least 0.01 support: 0; clusters: 658127
polytomy of size 5; rounds with additions with at least 0.01 support: 0; clusters: 658127
polytomy of size 3; rounds with additions with at least 0.01 support: 0; clusters: 658127
polytomy of size 4; rounds with additions with at least 0.01 support: 0; clusters: 658127
polytomy of size 6; rounds with additions with at least 0.01 support: 0; clusters: 658127
polytomy of size 3; rounds with additions with at least 0.01 support: 0; clusters: 658127
polytomy of size 4; rounds with additions with at least 0.01 support: 0; clusters: 658127
polytomy of size 4; rounds with additions with at least 0.01 support: 0; clusters: 658127
polytomy of size 3; rounds with additions with at least 0.01 support: 0; clusters: 658127
polytomy of size 3; rounds with additions with at least 0.01 support: 0; clusters: 658127
polytomy of size 4; rounds with additions with at least 0.01 support: 0; clusters: 658127
polytomy of size 3; rounds with additions with at least 0.01 support: 0; clusters: 658127
polytomy of size 3; rounds with additions with at least 0.01 support: 0; clusters: 658127
polytomy of size 3; rounds with additions with at least 0.01 support: 0; clusters: 658127
polytomy of size 4; rounds with additions with at least 0.01 support: 0; clusters: 658127
polytomy of size 4; rounds with additions with at least 0.01 support: 0; clusters: 658127
polytomy of size 3; rounds with additions with at least 0.01 support: 0; clusters: 658127
polytomy of size 8; rounds with additions with at least 0.01 support: 0; clusters: 658139
polytomy of size 3; rounds with additions with at least 0.01 support: 0; clusters: 658139
polytomy of size 5; rounds with additions with at least 0.01 support: 0; clusters: 658139
polytomy of size 5; rounds with additions with at least 0.01 support: 0; clusters: 658139
polytomy of size 8; rounds with additions with at least 0.01 support: 0; clusters: 658159
polytomy of size 3; rounds with additions with at least 0.01 support: 0; clusters: 658159
polytomy of size 3; rounds with additions with at least 0.01 support: 0; clusters: 658159
polytomy of size 4; rounds with additions with at least 0.01 support: 0; clusters: 658159
polytomy of size 3; rounds with additions with at least 0.01 support: 0; clusters: 658159
polytomy of size 6; rounds with additions with at least 0.01 support: 0; clusters: 658159
polytomy of size 3; rounds with additions with at least 0.01 support: 0; clusters: 658159
polytomy of size 4; rounds with additions with at least 0.01 support: 0; clusters: 658159
polytomy of size 3; rounds with additions with at least 0.01 support: 0; clusters: 658159
polytomy of size 4; rounds with additions with at least 0.01 support: 0; clusters: 658159
polytomy of size 3; rounds with additions with at least 0.01 support: 0; clusters: 658159
polytomy of size 4; rounds with additions with at least 0.01 support: 0; clusters: 658159
polytomy of size 3; rounds with additions with at least 0.01 support: 0; clusters: 658159
polytomy of size 3; rounds with additions with at least 0.01 support: 0; clusters: 658159
polytomy of size 4; rounds with additions with at least 0.01 support: 0; clusters: 658159
polytomy of size 5; rounds with additions with at least 0.01 support: 0; clusters: 658159
polytomy of size 3; rounds with additions with at least 0.01 support: 0; clusters: 658159
polytomy of size 4; rounds with additions with at least 0.01 support: 0; clusters: 658159
polytomy of size 4; rounds with additions with at least 0.01 support: 0; clusters: 658159
polytomy of size 3; rounds with additions with at least 0.01 support: 0; clusters: 658159
polytomy of size 3; rounds with additions with at least 0.01 support: 0; clusters: 658159
polytomy of size 5; rounds with additions with at least 0.01 support: 0; clusters: 658159
polytomy of size 5; rounds with additions with at least 0.01 support: 0; clusters: 658159
polytomy of size 3; rounds with additions with at least 0.01 support: 0; clusters: 658159
polytomy of size 3; rounds with additions with at least 0.01 support: 0; clusters: 658159
polytomy of size 4; rounds with additions with at least 0.01 support: 0; clusters: 658159
polytomy of size 3; rounds with additions with at least 0.01 support: 0; clusters: 658159
polytomy of size 3; rounds with additions with at least 0.01 support: 0; clusters: 658159
polytomy of size 5; rounds with additions with at least 0.01 support: 0; clusters: 658159
polytomy of size 8; rounds with additions with at least 0.01 support: 0; clusters: 658171
Number of Clusters after addition by greedy: 658171
partitions formed in 1328.113 secs
Dynamic Programming starting after 1328.113 secs
Size of largest cluster: 1001
Size of largest cluster: 1001
Calculated 100000 weights; time (seconds): 2620
Calculated 200000 weights; time (seconds): 1225
Total Number of elements weighted: 1285200
Normalized score (portion of input quartet trees satisfied): NaN
Final optimization score: 0
Calculated 300000 weights; time (seconds): 1266
Calculated 400000 weights; time (seconds): 1215
Calculated 500000 weights; time (seconds): 1266
Calculated 600000 weights; time (seconds): 1215
Calculated 700000 weights; time (seconds): 1215
Calculated 800000 weights; time (seconds): 1265
Calculated 900000 weights; time (seconds): 1233
Calculated 1000000 weights; time (seconds): 1255
Calculated 1100000 weights; time (seconds): 1226
Calculated 1200000 weights; time (seconds): 1233
Total Number of elements weighted: 1285200
Normalized score (portion of input quartet trees satisfied): 0.4415790274186051
Final optimization score: 18148593487317
Optimal tree inferred in 17296.039 secs.
(340,((523,627),((204,(422,749)),((293,(824,(692,(500,137)))),(((97,(75,358)),((48,(514,784)),(699,(132,852)))),(((399,((723,848),((374,150),(223,553)))),((964,(584,((375,629),(632,89)))),(((808,321),(129,34)),(154,((859,161),(330,(291,(841,(251,982))))))))),(((732,((308,426),(253,(564,512)))),((387,498),(589,(956,(220,(151,407)))))),(((539,442),(269,((((728,231),(471,(566,(639,538)))),((812,(177,922)),(726,(467,(835,(160,(364,419))))))),(((372,949),(557,(379,687))),(((12,118),((172,567),(268,157))),((527,217),((602,(666,971)),(261,(319,(613,618)))))))))),((757,(((13,189),(145,55)),((19,(104,838)),(((775,(235,(344,785))),((318,400),(979,(517,478)))),((724,((881,95),(797,(781,388)))),((855,933),((925,554),(946,(845,(360,(362,939))))))))))),((((466,248),((636,(302,633)),(850,(352,(904,162))))),(((479,868),((301,(860,(828,510))),((798,621),(229,(730,571))))),(((209,(361,(114,428))),((495,64),(52,((789,109),(842,(409,11)))))),((182,((241,682),(760,493))),(115,((297,668),(417,(823,(774,(555,593)))))))))),((((105,651),((531,652),((892,869),(149,(198,(503,292)))))),((314,(272,(844,((529,62),(761,((574,273),(731,(194,(741,123))))))))),(((434,249),(37,(234,744))),((604,38),((462,131),(866,(345,421))))))),(((286,(121,281)),((275,((116,206),(903,(579,959)))),((((483,853),(998,2)),((435,218),(188,491))),((((378,444),((265,856),(357,(342,381)))),((501,(719,475)),((376,((532,259),((550,244),(108,786)))),((576,(796,274)),((348,595),(787,380)))))),(((398,(476,507)),((169,329),(332,(898,(804,(393,(707,46))))))),((991,(299,178)),((980,764),(((124,545),(875,952)),((296,86),(17,465)))))))))),((((((127,447),((386,(788,839)),((485,146),(976,968)))),((857,(230,721)),((191,(783,117)),(213,(67,(443,941)))))),(((247,(936,710)),((366,(984,148)),(24,(718,44)))),(((556,412),(425,492)),(120,(((908,715),(205,(740,750))),((572,526),(73,(773,100)))))))),(((737,(((950,164),(69,(644,18))),((820,907),((665,488),(771,(126,673)))))),((279,776),((935,945),(219,((246,(818,(612,305))),((43,559),(383,(262,197)))))))),((((453,(931,71)),(664,(693,(729,(969,280))))),(((616,306),(697,(368,76))),(((759,684),((615,(30,(929,27))),((389,16),(298,29)))),((549,(672,(61,351))),((981,(983,(597,872))),((365,486),(5,227))))))),((212,((138,803),(918,(226,586)))),((504,((659,152),(((423,(580,754)),((382,921),(93,619))),((966,(878,901)),((214,163),(607,(793,489))))))),(350,((333,((487,(324,568)),((371,233),(546,266)))),((159,(134,(440,196))),(714,(691,(522,(40,(53,(228,827)))))))))))))),((((815,((905,(445,238)),((515,207),((284,236),(184,(701,(295,(913,473)))))))),((112,(596,807)),((250,469),((816,(790,(520,777))),((470,158),(175,814)))))),((((496,763),(392,813)),(((736,(578,(893,(480,891)))),((252,962),((450,(709,(977,(277,920)))),((335,(770,521)),(762,(974,(551,590))))))),(((689,(769,(834,708))),((458,278),((653,988),(953,(888,477))))),(416,(((396,88),(662,(930,(98,877)))),((951,(257,(899,(99,997)))),((530,(505,(484,128))),((854,468),((819,(758,26)),((58,862),(873,(171,(7,(156,705)))))))))))))),((((885,(28,(837,(748,609)))),((986,41),((970,938),(742,(896,886))))),((242,199),((315,((413,325),(656,(347,(747,948))))),((81,(499,887)),(10,(957,((588,(367,674)),((733,706),(725,698))))))))),(((985,502),(611,(216,641))),((((460,989),((563,778),(975,410))),((509,643),((355,(620,256)),(((880,779),(448,449)),(669,(363,(320,685))))))),((923,((110,(646,107)),((405,(996,310)),(181,(606,125))))),((947,(861,(271,645))),(((168,(895,8)),(937,(45,(3,142)))),((341,((430,610),(928,(343,671)))),(704,(84,((811,49),(608,482))))))))))))),((((821,(183,50)),((822,185),(240,(404,575)))),((((346,(78,965)),((766,311),(336,(72,136)))),((876,800),(703,((713,(83,(688,(331,203)))),((840,548),(255,(851,(322,624)))))))),(((56,(625,87)),(694,((642,(780,782)),((283,327),(599,(170,601)))))),((457,(208,(294,33))),((490,(21,(36,215))),(((870,882),(626,((370,32),(826,999)))),(391,((300,(743,394)),((585,954),(794,972)))))))))),(((871,((287,(900,565)),(1000,((94,934),(631,660))))),((6,(((427,312),((603,765),(408,454))),((155,(917,54)),((592,535),(90,(254,(831,317))))))),(((594,(439,654)),((874,433),((15,(289,751)),(432,(258,190))))),((683,((202,830),((85,153),((829,133),(894,186))))),(768,((328,897),((446,(66,927)),((847,(456,309)),(924,(187,(167,(843,384)))))))))))),(0,((((658,((582,926),(849,(270,(809,260))))),(402,(560,(((805,863),(411,955)),(833,(79,(825,562))))))),(((661,(738,(802,77))),((47,(377,140)),(((987,(993,(147,119))),(617,((943,395),(992,(237,(96,80)))))),(((9,865),(353,544)),((541,(436,810)),((676,963),(106,(792,675)))))))),(((103,135),(558,((59,591),((858,552),((667,224),((232,583),(508,(304,(799,(397,600)))))))))),((795,(((628,373),((513,406),((401,727),(547,(431,179))))),(702,(((316,415),(911,(978,(464,42)))),((390,570),(385,(192,(801,239)))))))),((817,(459,((518,(472,605)),(791,(846,((700,(57,243)),(912,(139,581)))))))),((902,(225,695)),((195,(806,(889,455))),((670,(734,221)),((60,(681,967)),(677,(424,111))))))))))),(((92,(516,(961,(649,356)))),((622,958),((919,(635,25)),(165,(337,(211,(176,657))))))),((349,((334,((22,(369,(637,144))),((39,(101,141)),((944,679),(864,(537,696)))))),((173,437),(((323,(338,(461,717))),((31,210),((712,(680,(883,180))),((14,1),(174,(438,35)))))),((418,867),((285,(634,973)),(((276,201),(836,(339,528))),((193,678),((267,122),(441,(481,403))))))))))),(((767,((932,(914,960)),(598,(647,(288,(614,(638,494))))))),((463,((916,716),(623,540))),((506,(282,(890,(906,722)))),((68,(474,(245,(359,263)))),((543,264),((655,(561,663)),(303,(143,519)))))))),(((884,(4,(753,(525,711)))),((940,(511,452)),((942,(200,640)),((524,(533,577)),((755,130),(569,995)))))),((((534,650),(51,832)),((102,746),(756,((910,(74,70)),(739,(497,(222,(307,20)))))))),(((63,((630,313),(915,648))),(990,(166,((772,420),(65,(690,573)))))),((113,(451,(720,735))),(((752,290),(414,879)),(((91,994),(536,909)),(429,((686,354),(23,((326,82),(745,(587,542)))))))))))))))))))))))))))))))));
Quartet score is: 18148593487317
Normalized quartet score is: 0.4415790274186051
ASTRAL finished in 18820.524 secs
