
================== ASTRAL ===================== 

This is ASTRAL version 4.10.10
Gene trees are treated as unrooted
999 trees read from ASTRALDATA/model.50.2000000.0.000001/26/estimatedgenetre.halfresolved
All output trees will be *arbitrarily* rooted at 23

======== Running the main analysis
Number of taxa: 51 (51 species)
Taxa: [23, 38, 44, 12, 32, 6, 11, 13, 35, 34, 37, 28, 41, 39, 40, 15, 45, 10, 2, 14, 19, 7, 26, 22, 9, 30, 31, 50, 5, 46, 21, 0, 43, 47, 27, 29, 25, 1, 16, 17, 3, 36, 8, 42, 49, 20, 48, 18, 24, 4, 33]
Taxon occupancy: {35=999, 36=999, 33=999, 34=999, 39=999, 37=999, 38=999, 43=999, 42=999, 41=999, 40=999, 22=999, 23=999, 24=999, 25=999, 26=999, 27=999, 28=999, 29=999, 3=999, 2=999, 1=999, 0=999, 7=999, 30=999, 6=999, 32=999, 5=999, 4=999, 31=999, 9=999, 8=999, 19=999, 17=999, 18=999, 15=999, 16=999, 13=999, 14=999, 11=999, 12=999, 21=999, 20=999, 49=999, 48=999, 45=999, 44=999, 47=999, 46=999, 10=999, 50=999}
Number of gene trees: 999
0 trees have missing taxa
Calculating quartet distance matrix (for completion of X)
Species tree distances calculated ...
Building set of clusters (X) from gene trees 
Using tree-based weight calculation.
Number of Default Clusters: 7855
Number of quartet trees in the gene trees: 249643491
calculating extra bipartitions to be added at level 1 ...
Number of Clusters after addition by distance: 7855
Adding to X using resolutions of greedy consensus ...
Threshold 0.0:
Threshold 0.01:
Threshold 0.02:
Threshold 0.05:
Threshold 0.1:
polytomy of size 3; rounds with additions with at least 0.01 support: 0; clusters: 7855
Threshold 0.2:
polytomy of size 4; rounds with additions with at least 0.01 support: 0; clusters: 7855
polytomy of size 3; rounds with additions with at least 0.01 support: 0; clusters: 7855
polytomy of size 5; rounds with additions with at least 0.01 support: 0; clusters: 7855
Threshold 0.3333333333333333:
polytomy of size 3; rounds with additions with at least 0.01 support: 0; clusters: 7855
polytomy of size 3; rounds with additions with at least 0.01 support: 0; clusters: 7855
polytomy of size 3; rounds with additions with at least 0.01 support: 0; clusters: 7855
polytomy of size 4; rounds with additions with at least 0.01 support: 0; clusters: 7855
polytomy of size 9; rounds with additions with at least 0.01 support: 0; clusters: 7855
Number of Clusters after addition by greedy: 7855
partitions formed in 3.462 secs
Dynamic Programming starting after 3.462 secs
Size of largest cluster: 51
Total Number of elements weighted: 40461
Normalized score (portion of input quartet trees satisfied): 0.8180132002720631
Final optimization score: 204211671
Optimal tree inferred in 66.038 secs.
(35,(13,(((6,11),(34,37)),(((31,43),((15,(41,(39,40))),(28,(2,(45,10))))),((21,(46,(50,5))),((7,26),((14,(19,(9,(22,30)))),(23,((0,((44,12),(38,32))),(((20,48),((4,33),(18,24))),(49,((8,42),(47,(36,(16,(1,((17,3),(25,(27,29)))))))))))))))))));
Quartet score is: 204211671
Normalized quartet score is: 0.8180132002720631
ASTRAL finished in 67.079 secs
