
================== ASTRAL ===================== 

This is ASTRAL version 4.10.10
Gene trees are treated as unrooted
994 trees read from ASTRALDATA/model.1000.2000000.0.000001/09/estimatedgenetre.halfresolved
All output trees will be *arbitrarily* rooted at 52

======== Running the main analysis
Number of taxa: 1001 (1001 species)
Taxa: [52, 810, 426, 416, 742, 970, 890, 302, 775, 489, 876, 524, 55, 575, 754, 617, 441, 892, 340, 962, 338, 561, 863, 20, 380, 802, 260, 927, 594, 515, 782, 378, 366, 986, 827, 363, 300, 452, 901, 950, 299, 864, 367, 768, 213, 889, 27, 42, 290, 681, 635, 428, 645, 30, 707, 633, 347, 940, 834, 498, 442, 360, 453, 231, 314, 685, 933, 904, 505, 811, 611, 335, 793, 534, 386, 973, 201, 312, 971, 303, 219, 370, 248, 95, 425, 236, 373, 275, 371, 112, 568, 19, 895, 563, 952, 630, 126, 709, 316, 11, 573, 711, 478, 349, 43, 171, 906, 240, 26, 686, 523, 35, 0, 706, 601, 664, 232, 182, 708, 587, 77, 761, 449, 946, 666, 333, 339, 898, 582, 956, 116, 155, 647, 618, 830, 131, 710, 529, 650, 808, 668, 833, 480, 636, 508, 734, 414, 356, 521, 651, 820, 788, 381, 220, 64, 653, 372, 174, 953, 732, 413, 130, 857, 604, 975, 410, 120, 702, 722, 87, 214, 589, 731, 813, 848, 941, 368, 96, 63, 935, 350, 200, 671, 513, 205, 177, 409, 800, 784, 266, 51, 401, 115, 842, 304, 243, 586, 526, 443, 225, 315, 562, 640, 696, 121, 245, 557, 398, 954, 461, 288, 917, 45, 7, 175, 997, 12, 914, 412, 584, 757, 10, 459, 429, 119, 622, 652, 634, 613, 450, 196, 287, 850, 193, 697, 600, 499, 719, 256, 39, 824, 239, 737, 496, 540, 692, 268, 846, 203, 183, 543, 227, 424, 990, 141, 134, 109, 923, 676, 483, 698, 384, 407, 658, 53, 31, 725, 391, 963, 278, 612, 75, 337, 345, 749, 172, 694, 76, 93, 599, 845, 507, 860, 1, 995, 477, 375, 847, 59, 869, 325, 142, 518, 785, 67, 358, 99, 799, 379, 481, 74, 187, 15, 964, 352, 609, 831, 918, 743, 806, 736, 535, 309, 548, 649, 994, 955, 717, 128, 495, 330, 451, 297, 741, 90, 124, 704, 359, 512, 415, 840, 984, 750, 537, 341, 71, 628, 8, 374, 572, 796, 866, 406, 670, 282, 880, 660, 494, 555, 509, 839, 560, 695, 129, 916, 764, 485, 486, 271, 817, 625, 968, 320, 858, 331, 577, 226, 552, 468, 156, 816, 403, 44, 996, 85, 787, 684, 661, 313, 161, 667, 148, 36, 286, 292, 531, 712, 693, 215, 269, 875, 365, 547, 40, 16, 475, 838, 978, 896, 759, 691, 852, 91, 280, 285, 705, 819, 436, 530, 910, 392, 656, 528, 94, 88, 735, 659, 204, 772, 430, 843, 574, 593, 69, 756, 136, 627, 724, 980, 783, 311, 472, 92, 253, 753, 233, 544, 619, 566, 987, 752, 25, 106, 960, 837, 471, 665, 541, 145, 958, 336, 125, 631, 525, 835, 951, 361, 139, 621, 334, 362, 578, 123, 853, 417, 38, 790, 186, 237, 603, 886, 490, 321, 714, 879, 355, 14, 488, 197, 50, 54, 885, 803, 462, 897, 228, 585, 931, 146, 137, 550, 795, 870, 328, 167, 646, 3, 178, 399, 680, 270, 56, 149, 444, 579, 402, 549, 223, 169, 318, 942, 730, 930, 390, 460, 894, 602, 909, 400, 329, 4, 755, 798, 463, 431, 61, 421, 404, 520, 538, 644, 570, 789, 569, 797, 926, 326, 983, 878, 274, 597, 492, 632, 41, 687, 773, 551, 212, 281, 317, 118, 620, 107, 638, 408, 738, 188, 699, 504, 104, 301, 580, 81, 470, 152, 826, 395, 185, 133, 581, 445, 629, 17, 241, 794, 263, 60, 733, 180, 957, 189, 397, 89, 310, 138, 893, 394, 179, 999, 170, 965, 740, 936, 744, 354, 387, 273, 767, 804, 564, 46, 674, 637, 295, 411, 289, 258, 590, 648, 805, 623, 238, 84, 323, 21, 624, 262, 836, 195, 522, 22, 68, 908, 132, 511, 192, 364, 377, 163, 912, 874, 565, 446, 713, 887, 657, 851, 947, 497, 945, 881, 491, 23, 748, 758, 305, 66, 224, 249, 346, 703, 202, 419, 873, 729, 209, 433, 859, 961, 422, 229, 307, 592, 73, 70, 610, 503, 771, 191, 98, 662, 250, 596, 482, 140, 777, 938, 162, 882, 396, 682, 934, 440, 122, 276, 247, 168, 823, 679, 861, 905, 466, 966, 57, 465, 272, 127, 720, 113, 37, 49, 308, 324, 82, 985, 501, 607, 464, 65, 47, 715, 1000, 479, 234, 854, 454, 388, 907, 420, 993, 267, 252, 939, 102, 919, 868, 977, 216, 437, 988, 542, 867, 343, 920, 721, 844, 519, 792, 872, 259, 217, 29, 457, 427, 673, 83, 322, 351, 554, 114, 779, 447, 669, 265, 105, 989, 944, 556, 432, 208, 701, 210, 423, 34, 78, 591, 143, 976, 467, 571, 284, 101, 117, 900, 100, 821, 298, 855, 606, 5, 97, 221, 672, 598, 376, 655, 883, 700, 871, 405, 626, 567, 181, 913, 595, 937, 151, 558, 199, 991, 546, 473, 616, 825, 818, 642, 517, 786, 553, 678, 439, 218, 801, 747, 588, 33, 502, 723, 979, 812, 28, 48, 164, 763, 474, 605, 760, 385, 745, 809, 166, 154, 176, 774, 506, 862, 319, 781, 9, 726, 807, 614, 948, 190, 545, 58, 306, 62, 514, 235, 688, 981, 158, 110, 877, 778, 418, 476, 469, 32, 972, 911, 389, 86, 6, 998, 150, 639, 899, 841, 434, 207, 206, 160, 369, 888, 242, 856, 677, 264, 690, 527, 780, 348, 641, 902, 153, 13, 791, 261, 510, 291, 80, 583, 608, 383, 828, 173, 849, 296, 559, 716, 770, 974, 903, 254, 294, 500, 746, 487, 279, 929, 822, 727, 382, 344, 230, 516, 157, 135, 251, 762, 144, 159, 456, 165, 928, 615, 829, 776, 925, 533, 72, 967, 448, 675, 769, 924, 283, 277, 198, 815, 435, 943, 222, 532, 194, 576, 832, 493, 342, 739, 959, 949, 327, 728, 244, 932, 293, 257, 536, 353, 982, 891, 921, 108, 663, 246, 751, 969, 211, 357, 539, 393, 455, 147, 111, 922, 2, 184, 484, 718, 915, 683, 255, 103, 766, 24, 438, 458, 79, 884, 18, 689, 643, 654, 992, 765, 865, 814, 332]
Taxon occupancy: {338=994, 339=994, 941=994, 942=994, 940=994, 332=994, 945=994, 946=994, 333=994, 943=994, 330=994, 331=994, 944=994, 949=994, 336=994, 337=994, 334=994, 947=994, 948=994, 335=994, 531=994, 748=994, 747=994, 530=994, 746=994, 745=994, 535=994, 534=994, 533=994, 532=994, 749=994, 539=994, 740=994, 538=994, 537=994, 536=994, 744=994, 743=994, 742=994, 741=994, 349=994, 930=994, 931=994, 932=994, 341=994, 342=994, 933=994, 934=994, 343=994, 344=994, 935=994, 345=994, 936=994, 937=994, 346=994, 347=994, 938=994, 348=994, 939=994, 540=994, 735=994, 3=994, 2=994, 929=994, 734=994, 1=994, 737=994, 542=994, 736=994, 0=994, 541=994, 739=994, 7=994, 544=994, 6=994, 543=994, 738=994, 546=994, 5=994, 340=994, 545=994, 4=994, 548=994, 547=994, 9=994, 8=994, 549=994, 731=994, 730=994, 733=994, 732=994, 920=994, 318=994, 319=994, 316=994, 317=994, 314=994, 927=994, 928=994, 315=994, 925=994, 312=994, 313=994, 926=994, 923=994, 310=994, 924=994, 311=994, 921=994, 922=994, 513=994, 512=994, 729=994, 728=994, 511=994, 727=994, 510=994, 726=994, 725=994, 724=994, 919=994, 723=994, 918=994, 722=994, 721=994, 720=994, 519=994, 518=994, 517=994, 516=994, 515=994, 514=994, 327=994, 328=994, 329=994, 914=994, 323=994, 915=994, 324=994, 916=994, 325=994, 917=994, 326=994, 709=994, 910=994, 911=994, 320=994, 321=994, 912=994, 913=994, 322=994, 717=994, 522=994, 716=994, 521=994, 719=994, 524=994, 718=994, 523=994, 908=994, 713=994, 712=994, 907=994, 520=994, 715=994, 714=994, 909=994, 529=994, 711=994, 710=994, 526=994, 525=994, 528=994, 527=994, 989=994, 988=994, 987=994, 571=994, 570=994, 982=994, 981=994, 980=994, 986=994, 985=994, 984=994, 983=994, 700=994, 574=994, 703=994, 704=994, 575=994, 572=994, 701=994, 573=994, 702=994, 707=994, 578=994, 708=994, 579=994, 576=994, 705=994, 577=994, 706=994, 977=994, 976=994, 979=994, 300=994, 978=994, 302=994, 580=994, 301=994, 304=994, 582=994, 303=994, 581=994, 306=994, 305=994, 971=994, 308=994, 970=994, 307=994, 973=994, 972=994, 309=994, 975=994, 974=994, 583=994, 584=994, 585=994, 586=994, 587=994, 588=994, 589=994, 969=994, 968=994, 967=994, 966=994, 965=994, 964=994, 963=994, 962=994, 961=994, 960=994, 558=994, 559=994, 556=994, 557=994, 554=994, 555=994, 552=994, 553=994, 550=994, 551=994, 959=994, 958=994, 560=994, 955=994, 954=994, 957=994, 956=994, 951=994, 950=994, 953=994, 952=994, 569=994, 565=994, 566=994, 567=994, 568=994, 561=994, 562=994, 563=994, 564=994, 799=994, 798=994, 797=994, 796=994, 795=994, 794=994, 793=994, 792=994, 996=994, 790=994, 791=994, 997=994, 994=994, 995=994, 992=994, 993=994, 990=994, 991=994, 998=994, 999=994, 781=994, 782=994, 783=994, 784=994, 785=994, 786=994, 787=994, 788=994, 789=994, 780=994, 505=994, 772=994, 506=994, 773=994, 770=994, 503=994, 504=994, 771=994, 776=994, 509=994, 777=994, 774=994, 507=994, 775=994, 508=994, 778=994, 779=994, 501=994, 502=994, 500=994, 763=994, 764=994, 765=994, 766=994, 760=994, 761=994, 762=994, 767=994, 768=994, 769=994, 754=994, 755=994, 752=994, 753=994, 750=994, 751=994, 758=994, 759=994, 756=994, 757=994, 595=994, 594=994, 391=994, 597=994, 390=994, 596=994, 393=994, 599=994, 598=994, 392=994, 395=994, 394=994, 396=994, 397=994, 398=994, 399=994, 590=994, 591=994, 592=994, 593=994, 383=994, 384=994, 381=994, 382=994, 380=994, 389=994, 388=994, 387=994, 386=994, 385=994, 370=994, 371=994, 372=994, 373=994, 379=994, 378=994, 375=994, 374=994, 377=994, 376=994, 361=994, 362=994, 360=994, 366=994, 365=994, 364=994, 363=994, 369=994, 368=994, 367=994, 350=994, 351=994, 353=994, 352=994, 355=994, 354=994, 357=994, 356=994, 359=994, 358=994, 806=994, 807=994, 804=994, 805=994, 802=994, 803=994, 800=994, 801=994, 159=994, 158=994, 157=994, 156=994, 155=994, 154=994, 601=994, 152=994, 153=994, 600=994, 150=994, 151=994, 609=994, 608=994, 607=994, 606=994, 605=994, 604=994, 603=994, 602=994, 202=994, 203=994, 204=994, 205=994, 200=994, 201=994, 169=994, 206=994, 166=994, 165=994, 207=994, 168=994, 208=994, 167=994, 209=994, 161=994, 409=994, 408=994, 162=994, 163=994, 164=994, 405=994, 404=994, 407=994, 160=994, 406=994, 401=994, 400=994, 403=994, 402=994, 211=994, 824=994, 825=994, 212=994, 822=994, 823=994, 210=994, 828=994, 215=994, 829=994, 216=994, 213=994, 826=994, 827=994, 214=994, 219=994, 179=994, 178=994, 177=994, 217=994, 176=994, 218=994, 820=994, 821=994, 418=994, 170=994, 171=994, 417=994, 416=994, 415=994, 174=994, 623=994, 622=994, 175=994, 172=994, 621=994, 173=994, 620=994, 419=994, 410=994, 627=994, 626=994, 625=994, 819=994, 624=994, 414=994, 413=994, 412=994, 629=994, 628=994, 411=994, 811=994, 220=994, 812=994, 221=994, 222=994, 813=994, 814=994, 223=994, 815=994, 224=994, 816=994, 225=994, 226=994, 817=994, 818=994, 227=994, 228=994, 188=994, 187=994, 229=994, 189=994, 810=994, 427=994, 426=994, 180=994, 181=994, 429=994, 428=994, 182=994, 183=994, 610=994, 184=994, 612=994, 185=994, 611=994, 186=994, 614=994, 809=994, 613=994, 808=994, 616=994, 421=994, 615=994, 420=994, 618=994, 423=994, 617=994, 422=994, 425=994, 424=994, 619=994, 116=994, 843=994, 117=994, 842=994, 841=994, 114=994, 840=994, 115=994, 112=994, 113=994, 110=994, 111=994, 849=994, 848=994, 847=994, 846=994, 845=994, 118=994, 119=994, 844=994, 435=994, 436=994, 433=994, 434=994, 431=994, 432=994, 430=994, 439=994, 437=994, 438=994, 830=994, 125=994, 126=994, 832=994, 127=994, 128=994, 831=994, 121=994, 122=994, 123=994, 124=994, 838=994, 837=994, 839=994, 129=994, 834=994, 833=994, 836=994, 835=994, 444=994, 445=994, 446=994, 447=994, 440=994, 441=994, 442=994, 443=994, 120=994, 448=994, 449=994, 134=994, 861=994, 135=994, 860=994, 132=994, 133=994, 865=994, 138=994, 864=994, 139=994, 863=994, 136=994, 862=994, 137=994, 869=994, 868=994, 867=994, 866=994, 450=994, 453=994, 454=994, 451=994, 452=994, 457=994, 458=994, 455=994, 456=994, 459=994, 131=994, 130=994, 143=994, 144=994, 850=994, 145=994, 146=994, 147=994, 852=994, 148=994, 851=994, 149=994, 854=994, 853=994, 856=994, 855=994, 858=994, 857=994, 859=994, 461=994, 460=994, 462=994, 463=994, 464=994, 465=994, 466=994, 467=994, 468=994, 469=994, 140=994, 142=994, 141=994, 687=994, 686=994, 689=994, 688=994, 683=994, 682=994, 685=994, 684=994, 888=994, 889=994, 884=994, 885=994, 886=994, 680=994, 681=994, 887=994, 880=994, 881=994, 882=994, 883=994, 678=994, 677=994, 676=994, 675=994, 674=994, 673=994, 672=994, 671=994, 679=994, 879=994, 877=994, 878=994, 875=994, 670=994, 876=994, 873=994, 874=994, 871=994, 872=994, 870=994, 696=994, 695=994, 694=994, 693=994, 890=994, 699=994, 698=994, 697=994, 899=994, 893=994, 894=994, 891=994, 892=994, 691=994, 897=994, 692=994, 898=994, 895=994, 690=994, 896=994, 646=994, 647=994, 648=994, 649=994, 642=994, 195=994, 643=994, 194=994, 197=994, 644=994, 196=994, 645=994, 191=994, 190=994, 193=994, 640=994, 641=994, 192=994, 198=994, 199=994, 639=994, 637=994, 638=994, 635=994, 636=994, 633=994, 634=994, 631=994, 632=994, 630=994, 668=994, 669=994, 660=994, 661=994, 662=994, 663=994, 664=994, 665=994, 666=994, 667=994, 659=994, 657=994, 658=994, 651=994, 652=994, 650=994, 655=994, 656=994, 653=994, 654=994, 35=994, 36=994, 33=994, 34=994, 39=994, 37=994, 38=994, 43=994, 42=994, 41=994, 40=994, 22=994, 23=994, 24=994, 25=994, 26=994, 27=994, 28=994, 29=994, 30=994, 32=994, 31=994, 19=994, 17=994, 18=994, 15=994, 16=994, 13=994, 14=994, 11=994, 12=994, 21=994, 20=994, 10=994, 79=994, 78=994, 77=994, 82=994, 83=994, 80=994, 81=994, 86=994, 87=994, 84=994, 85=994, 67=994, 66=994, 69=994, 68=994, 70=994, 71=994, 72=994, 73=994, 74=994, 75=994, 76=994, 59=994, 58=994, 57=994, 56=994, 55=994, 64=994, 65=994, 62=994, 63=994, 60=994, 61=994, 49=994, 48=994, 45=994, 44=994, 47=994, 46=994, 51=994, 52=994, 53=994, 54=994, 50=994, 487=994, 281=994, 486=994, 280=994, 485=994, 484=994, 285=994, 284=994, 283=994, 489=994, 282=994, 488=994, 288=994, 289=994, 286=994, 287=994, 482=994, 483=994, 480=994, 481=994, 474=994, 473=994, 476=994, 270=994, 475=994, 478=994, 272=994, 271=994, 477=994, 274=994, 273=994, 479=994, 275=994, 276=994, 277=994, 278=994, 279=994, 470=994, 471=994, 472=994, 1000=994, 109=994, 108=994, 107=994, 106=994, 105=994, 104=994, 103=994, 99=994, 102=994, 101=994, 100=994, 98=994, 97=994, 96=994, 95=994, 94=994, 93=994, 92=994, 91=994, 294=994, 90=994, 293=994, 499=994, 296=994, 295=994, 496=994, 290=994, 495=994, 498=994, 292=994, 291=994, 497=994, 491=994, 492=994, 493=994, 494=994, 297=994, 298=994, 299=994, 490=994, 88=994, 89=994, 240=994, 241=994, 245=994, 244=994, 243=994, 242=994, 249=994, 248=994, 247=994, 246=994, 230=994, 239=994, 232=994, 231=994, 234=994, 233=994, 236=994, 235=994, 238=994, 237=994, 262=994, 263=994, 260=994, 261=994, 269=994, 268=994, 267=994, 266=994, 265=994, 264=994, 250=994, 251=994, 252=994, 904=994, 258=994, 257=994, 903=994, 906=994, 905=994, 259=994, 254=994, 900=994, 253=994, 902=994, 256=994, 255=994, 901=994}
Number of gene trees: 994
0 trees have missing taxa
Calculating quartet distance matrix (for completion of X)
Species tree distances calculated ...
Building set of clusters (X) from gene trees 
Using tree-based weight calculation.
Number of Default Clusters: 277303
Number of quartet trees in the gene trees: 41328399824415
calculating extra bipartitions to be added at level 1 ...
Number of Clusters after addition by distance: 277321
Adding to X using resolutions of greedy consensus ...
Threshold 0.0:
polytomy of size 9; rounds with additions with at least 0.01 support: 20; clusters: 277625
Threshold 0.01:
polytomy of size 22; rounds with additions with at least 0.01 support: 3; clusters: 280903
Threshold 0.02:
polytomy of size 27; rounds with additions with at least 0.01 support: 3; clusters: 285539
Threshold 0.05:
polytomy of size 3; rounds with additions with at least 0.01 support: 0; clusters: 285539
polytomy of size 4; rounds with additions with at least 0.01 support: 0; clusters: 285539
polytomy of size 37; rounds with additions with at least 0.01 support: 0; clusters: 285583
Threshold 0.1:
polytomy of size 3; rounds with additions with at least 0.01 support: 0; clusters: 285583
polytomy of size 3; rounds with additions with at least 0.01 support: 0; clusters: 285583
polytomy of size 3; rounds with additions with at least 0.01 support: 0; clusters: 285583
polytomy of size 4; rounds with additions with at least 0.01 support: 0; clusters: 285583
polytomy of size 3; rounds with additions with at least 0.01 support: 0; clusters: 285583
polytomy of size 3; rounds with additions with at least 0.01 support: 0; clusters: 285583
polytomy of size 5; rounds with additions with at least 0.01 support: 0; clusters: 285583
polytomy of size 47; rounds with additions with at least 0.01 support: 0; clusters: 285627
Threshold 0.2:
polytomy of size 3; rounds with additions with at least 0.01 support: 0; clusters: 285627
polytomy of size 3; rounds with additions with at least 0.01 support: 0; clusters: 285627
polytomy of size 3; rounds with additions with at least 0.01 support: 0; clusters: 285627
polytomy of size 3; rounds with additions with at least 0.01 support: 0; clusters: 285627
polytomy of size 3; rounds with additions with at least 0.01 support: 0; clusters: 285627
polytomy of size 3; rounds with additions with at least 0.01 support: 0; clusters: 285627
polytomy of size 3; rounds with additions with at least 0.01 support: 0; clusters: 285627
polytomy of size 3; rounds with additions with at least 0.01 support: 0; clusters: 285627
polytomy of size 3; rounds with additions with at least 0.01 support: 0; clusters: 285627
polytomy of size 4; rounds with additions with at least 0.01 support: 0; clusters: 285627
polytomy of size 3; rounds with additions with at least 0.01 support: 0; clusters: 285627
polytomy of size 3; rounds with additions with at least 0.01 support: 0; clusters: 285627
polytomy of size 3; rounds with additions with at least 0.01 support: 0; clusters: 285627
polytomy of size 4; rounds with additions with at least 0.01 support: 0; clusters: 285627
polytomy of size 3; rounds with additions with at least 0.01 support: 0; clusters: 285627
polytomy of size 3; rounds with additions with at least 0.01 support: 0; clusters: 285627
polytomy of size 3; rounds with additions with at least 0.01 support: 0; clusters: 285627
polytomy of size 4; rounds with additions with at least 0.01 support: 0; clusters: 285627
polytomy of size 3; rounds with additions with at least 0.01 support: 0; clusters: 285627
polytomy of size 3; rounds with additions with at least 0.01 support: 0; clusters: 285627
polytomy of size 3; rounds with additions with at least 0.01 support: 0; clusters: 285627
polytomy of size 4; rounds with additions with at least 0.01 support: 0; clusters: 285627
polytomy of size 3; rounds with additions with at least 0.01 support: 0; clusters: 285627
polytomy of size 4; rounds with additions with at least 0.01 support: 0; clusters: 285627
polytomy of size 4; rounds with additions with at least 0.01 support: 0; clusters: 285627
polytomy of size 4; rounds with additions with at least 0.01 support: 0; clusters: 285627
polytomy of size 3; rounds with additions with at least 0.01 support: 0; clusters: 285627
polytomy of size 3; rounds with additions with at least 0.01 support: 0; clusters: 285627
polytomy of size 3; rounds with additions with at least 0.01 support: 0; clusters: 285627
polytomy of size 3; rounds with additions with at least 0.01 support: 0; clusters: 285627
polytomy of size 5; rounds with additions with at least 0.01 support: 0; clusters: 285627
polytomy of size 73; rounds with additions with at least 0.01 support: 0; clusters: 285683
polytomy of size 3; rounds with additions with at least 0.01 support: 0; clusters: 285683
Threshold 0.3333333333333333:
polytomy of size 3; rounds with additions with at least 0.01 support: 0; clusters: 285683
polytomy of size 6; rounds with additions with at least 0.01 support: 0; clusters: 285683
polytomy of size 4; rounds with additions with at least 0.01 support: 0; clusters: 285683
polytomy of size 3; rounds with additions with at least 0.01 support: 0; clusters: 285683
polytomy of size 3; rounds with additions with at least 0.01 support: 0; clusters: 285683
polytomy of size 3; rounds with additions with at least 0.01 support: 0; clusters: 285683
polytomy of size 5; rounds with additions with at least 0.01 support: 0; clusters: 285683
polytomy of size 3; rounds with additions with at least 0.01 support: 0; clusters: 285683
polytomy of size 3; rounds with additions with at least 0.01 support: 0; clusters: 285683
polytomy of size 3; rounds with additions with at least 0.01 support: 0; clusters: 285683
polytomy of size 3; rounds with additions with at least 0.01 support: 0; clusters: 285683
polytomy of size 4; rounds with additions with at least 0.01 support: 0; clusters: 285683
polytomy of size 3; rounds with additions with at least 0.01 support: 0; clusters: 285683
polytomy of size 3; rounds with additions with at least 0.01 support: 0; clusters: 285683
polytomy of size 3; rounds with additions with at least 0.01 support: 0; clusters: 285683
polytomy of size 3; rounds with additions with at least 0.01 support: 0; clusters: 285683
polytomy of size 3; rounds with additions with at least 0.01 support: 0; clusters: 285683
polytomy of size 3; rounds with additions with at least 0.01 support: 0; clusters: 285683
polytomy of size 3; rounds with additions with at least 0.01 support: 0; clusters: 285683
polytomy of size 3; rounds with additions with at least 0.01 support: 0; clusters: 285683
polytomy of size 3; rounds with additions with at least 0.01 support: 0; clusters: 285683
polytomy of size 3; rounds with additions with at least 0.01 support: 0; clusters: 285683
polytomy of size 5; rounds with additions with at least 0.01 support: 0; clusters: 285683
polytomy of size 4; rounds with additions with at least 0.01 support: 0; clusters: 285683
polytomy of size 3; rounds with additions with at least 0.01 support: 0; clusters: 285683
polytomy of size 5; rounds with additions with at least 0.01 support: 0; clusters: 285683
polytomy of size 3; rounds with additions with at least 0.01 support: 0; clusters: 285683
polytomy of size 6; rounds with additions with at least 0.01 support: 0; clusters: 285683
polytomy of size 3; rounds with additions with at least 0.01 support: 0; clusters: 285683
polytomy of size 3; rounds with additions with at least 0.01 support: 0; clusters: 285683
polytomy of size 3; rounds with additions with at least 0.01 support: 0; clusters: 285683
polytomy of size 3; rounds with additions with at least 0.01 support: 0; clusters: 285683
polytomy of size 4; rounds with additions with at least 0.01 support: 0; clusters: 285683
polytomy of size 3; rounds with additions with at least 0.01 support: 0; clusters: 285683
polytomy of size 4; rounds with additions with at least 0.01 support: 0; clusters: 285683
polytomy of size 3; rounds with additions with at least 0.01 support: 0; clusters: 285683
polytomy of size 3; rounds with additions with at least 0.01 support: 0; clusters: 285683
polytomy of size 3; rounds with additions with at least 0.01 support: 0; clusters: 285683
polytomy of size 3; rounds with additions with at least 0.01 support: 0; clusters: 285683
polytomy of size 3; rounds with additions with at least 0.01 support: 0; clusters: 285683
polytomy of size 3; rounds with additions with at least 0.01 support: 0; clusters: 285683
polytomy of size 6; rounds with additions with at least 0.01 support: 0; clusters: 285683
polytomy of size 4; rounds with additions with at least 0.01 support: 0; clusters: 285683
polytomy of size 4; rounds with additions with at least 0.01 support: 0; clusters: 285683
polytomy of size 4; rounds with additions with at least 0.01 support: 0; clusters: 285683
polytomy of size 3; rounds with additions with at least 0.01 support: 0; clusters: 285683
polytomy of size 4; rounds with additions with at least 0.01 support: 0; clusters: 285683
polytomy of size 7; rounds with additions with at least 0.01 support: 0; clusters: 285683
polytomy of size 3; rounds with additions with at least 0.01 support: 0; clusters: 285683
polytomy of size 3; rounds with additions with at least 0.01 support: 0; clusters: 285683
polytomy of size 6; rounds with additions with at least 0.01 support: 0; clusters: 285683
polytomy of size 3; rounds with additions with at least 0.01 support: 0; clusters: 285683
polytomy of size 3; rounds with additions with at least 0.01 support: 0; clusters: 285683
polytomy of size 3; rounds with additions with at least 0.01 support: 0; clusters: 285683
polytomy of size 3; rounds with additions with at least 0.01 support: 0; clusters: 285683
polytomy of size 3; rounds with additions with at least 0.01 support: 0; clusters: 285683
polytomy of size 3; rounds with additions with at least 0.01 support: 0; clusters: 285683
polytomy of size 5; rounds with additions with at least 0.01 support: 0; clusters: 285683
polytomy of size 4; rounds with additions with at least 0.01 support: 0; clusters: 285683
polytomy of size 3; rounds with additions with at least 0.01 support: 0; clusters: 285683
polytomy of size 4; rounds with additions with at least 0.01 support: 0; clusters: 285683
polytomy of size 3; rounds with additions with at least 0.01 support: 0; clusters: 285683
polytomy of size 3; rounds with additions with at least 0.01 support: 0; clusters: 285683
polytomy of size 4; rounds with additions with at least 0.01 support: 0; clusters: 285683
polytomy of size 3; rounds with additions with at least 0.01 support: 0; clusters: 285683
polytomy of size 4; rounds with additions with at least 0.01 support: 0; clusters: 285683
polytomy of size 3; rounds with additions with at least 0.01 support: 0; clusters: 285683
polytomy of size 4; rounds with additions with at least 0.01 support: 0; clusters: 285683
polytomy of size 3; rounds with additions with at least 0.01 support: 0; clusters: 285683
polytomy of size 4; rounds with additions with at least 0.01 support: 0; clusters: 285683
polytomy of size 5; rounds with additions with at least 0.01 support: 0; clusters: 285683
polytomy of size 3; rounds with additions with at least 0.01 support: 0; clusters: 285683
polytomy of size 4; rounds with additions with at least 0.01 support: 0; clusters: 285683
polytomy of size 3; rounds with additions with at least 0.01 support: 0; clusters: 285683
polytomy of size 3; rounds with additions with at least 0.01 support: 0; clusters: 285683
polytomy of size 6; rounds with additions with at least 0.01 support: 0; clusters: 285683
polytomy of size 3; rounds with additions with at least 0.01 support: 0; clusters: 285683
polytomy of size 116; rounds with additions with at least 0.01 support: 0; clusters: 421879
polytomy of size 7; rounds with additions with at least 0.01 support: 0; clusters: 421881
Number of Clusters after addition by greedy: 421881
partitions formed in 798.991 secs
Dynamic Programming starting after 798.991 secs
Size of largest cluster: 1001
Calculated 100000 weights; time (seconds): 3520
Calculated 200000 weights; time (seconds): 2693
Calculated 300000 weights; time (seconds): 2753
Calculated 400000 weights; time (seconds): 2776
Calculated 500000 weights; time (seconds): 2843
Calculated 600000 weights; time (seconds): 2949
Calculated 700000 weights; time (seconds): 3061
Calculated 800000 weights; time (seconds): 3189
Calculated 900000 weights; time (seconds): 3227
Total Number of elements weighted: 988911
Normalized score (portion of input quartet trees satisfied): 0.5338490949923513
Final optimization score: 22063128843746
Optimal tree inferred in 29958.722 secs.
(211,(969,((751,(393,455)),((357,539),((891,((921,108),(663,246))),((252,939),((((147,(484,(718,915))),(184,(2,(111,922)))),(((689,643),(654,(992,765))),(18,((982,((79,884),(257,(536,353)))),((24,(438,458)),((103,766),(683,255))))))),(76,(((102,919),(((854,454),((57,(127,(465,272))),(861,(905,(466,966))))),((720,(113,(37,((49,308),(324,82))))),(((993,267),(388,(907,420))),(((985,501),(479,234)),((47,1000),((65,715),(607,464)))))))),((344,(399,(680,(270,56)))),((((290,681),(30,((707,633),(635,(428,645))))),(((730,610),(((162,882),((482,140),(777,938))),((440,122),((396,(682,934)),(276,((247,823),(168,679))))))),(((20,(260,927)),((380,802),(889,(((901,(950,213)),(768,(299,864))),((594,(367,(782,(515,378)))),((300,452),((827,363),(366,986)))))))),(70,((229,(592,(307,73))),((((713,887),(657,(851,((945,881),(947,497))))),((874,(446,(912,565))),((491,224),(249,(23,(748,(758,(305,66)))))))),(((346,(419,((873,729),((703,202),(209,433))))),((961,422),(859,((767,564),((273,804),(354,387)))))),((258,(623,(238,(590,(648,805))))),(((132,(377,163)),(511,(192,364))),(((46,289),((674,637),(295,411))),(84,(((68,908),(522,22)),((21,624),(323,(262,(836,195)))))))))))))))),(((((326,983),(926,(569,(789,797)))),((61,520),((421,404),(570,(538,644))))),(((((737,(496,(268,(540,692)))),((856,677),((160,(207,369)),(206,(888,242))))),(((995,(333,618)),((727,382),(822,((294,500),(746,(487,(279,929))))))),(((726,807),((614,(948,(190,545))),(514,(235,(58,(306,62)))))),(((407,658),(227,(384,(483,698)))),((923,676),(990,((134,109),(424,141)))))))),((641,(690,((527,780),((264,348),(902,(153,13)))))),((((688,981),(296,(903,(770,(254,(974,(559,716))))))),((510,(791,261)),((173,849),(828,(291,((80,583),(608,383))))))),((572,(670,((866,406),(796,282)))),(((157,(230,516)),(135,(251,(762,144)))),(((946,666),(761,449)),((71,(628,(8,374))),((124,704),((359,(537,341)),(512,(415,(984,(840,750))))))))))))),((110,((975,410),((413,158),(130,(857,604))))),(((503,(662,((250,596),(771,(191,98))))),((317,(212,281)),((878,(687,773)),((41,551),((492,632),(274,597)))))),(((297,(741,90)),(128,(495,(330,451)))),((((469,(32,972)),((911,(877,(418,(778,476)))),((639,(899,(841,434))),(150,((389,86),(6,998)))))),(((159,456),(165,(928,(615,829)))),((533,(72,(776,925))),((200,671),(350,((941,935),(96,(368,63)))))))),(((722,(87,214)),(409,((800,(784,266)),((622,652),((10,459),((634,613),(429,119))))))),(((848,(731,813)),(589,((256,(824,239)),((499,719),((697,600),((287,193),(850,39))))))),((513,(205,177)),((((51,401),(115,(842,304))),((914,412),(757,(584,(7,175))))),((997,12),((((461,288),(917,45)),((586,526),(243,(443,225)))),((315,(562,(640,696))),(398,((557,954),(121,245)))))))))))))))),(((170,(744,(942,(965,(740,936))))),((((673,(83,322)),(((265,105),(989,944)),((114,779),((447,669),(351,554))))),(((423,(701,210)),(78,((143,976),(467,(591,571))))),((34,(556,(432,208))),(427,(259,(872,(792,(217,(29,457))))))))),((((339,898),(((460,894),(930,390)),((463,431),((602,(755,798)),(4,(329,(909,400))))))),(((142,518),(((437,988),(868,(977,216))),((542,867),(343,(721,(920,(844,519))))))),((717,(955,(785,67))),(((358,99),((649,994),(535,(309,548)))),((799,(74,(187,(15,964)))),((379,481),((609,(352,831)),(743,(918,(806,736)))))))))),((((558,199),((991,546),(473,616))),((138,(179,(999,(893,394)))),(((826,(395,185)),(151,(470,(81,152)))),(118,((169,318),(((733,(60,(180,957))),(189,(89,(397,310)))),((581,(133,445)),(263,(629,(17,(241,794))))))))))),(((298,(821,855)),((117,(900,100)),((284,101),(606,(5,97))))),(((638,(620,107)),(580,((104,301),((699,504),(188,(408,738)))))),((402,(149,((444,579),(549,223)))),(((405,(626,567)),((595,937),(181,913))),((871,(672,598)),((221,655),(376,(883,700)))))))))))),(((880,((886,(237,603)),((490,14),(321,(355,(714,879)))))),(((790,186),(578,(123,(38,(853,417))))),(((660,494),(555,((560,695),(509,839)))),((585,931),((803,(228,(462,897))),(((54,885),(488,(197,50))),(178,((146,137),((795,167),(550,((646,3),(870,328)))))))))))),((((332,(865,814)),((371,895),(568,(112,19)))),((43,((240,26),(686,(523,35)))),(825,(((630,126),((563,952),(171,906))),((709,(316,11)),(573,(478,(711,349)))))))),(0,((((53,(27,42)),(((172,694),(345,(337,749))),(31,((725,963),(391,(278,(612,75))))))),((((712,(693,215)),(531,((148,292),(36,286)))),((((25,106),((544,752),(566,(619,987)))),((253,(92,753)),(233,((783,311),(980,472))))),(960,((837,471),((593,(69,(136,(724,(756,627))))),(430,(772,((88,(94,735)),(204,(574,(659,843))))))))))),(((365,547),((145,958),(665,541))),(((661,((787,684),(667,(313,161)))),((621,(334,362)),(336,(951,(139,((631,361),(525,(125,835)))))))),(((269,875),(40,(475,(16,838)))),((759,((691,852),(896,(978,91)))),((280,(285,705)),(656,((530,(910,392)),(528,(819,436))))))))))),(((293,(((723,(502,979)),(164,((48,(812,28)),((474,605),(763,(760,385)))))),((((561,863),(338,(244,932))),((283,277),(924,(967,(448,(675,769)))))),((959,(949,(327,728))),((832,(493,(342,739))),((198,(815,435)),(943,(222,(532,(194,576)))))))))),(((973,(314,685)),((933,904),((505,(811,611)),(386,(335,(793,534)))))),((373,275),((((425,236),(248,95)),((971,(219,370)),(303,(201,312)))),(((347,818),(940,(231,(498,(442,(834,(360,453))))))),(((553,678),(642,(517,786))),((439,(218,801)),(747,(588,33))))))))),(((52,(((524,(302,489)),((775,876),(754,(55,575)))),((810,(970,890)),((962,(441,(892,340))),(617,(416,(426,742))))))),(129,((((331,85),(485,(764,(916,44)))),(996,(((468,156),(816,403)),(858,(226,(577,552)))))),((506,(862,(319,(781,9)))),((486,(271,(625,(817,(968,320))))),(745,((176,774),(809,(166,154))))))))),((450,(869,(325,(847,59)))),((477,375),(((830,((372,(174,(953,732))),((529,(131,710)),((668,833),(650,808))))),(480,((636,(521,651)),(((381,220),(414,356)),((508,734),(788,(820,(64,653)))))))),(((155,647),(93,((846,(203,(183,543))),(599,(845,(1,(507,860))))))),(((120,702),(582,(956,116))),((706,196),((601,664),(182,(232,(708,(587,77))))))))))))))))))))))))))))));
Quartet score is: 22063128843746
Normalized quartet score is: 0.5338490949923513
ASTRAL finished in 30401.549 secs
