
================== ASTRAL ===================== 

This is ASTRAL version 4.10.7
Gene trees are treated as unrooted
1000 trees read from ASTRALDATA/model.200.10000000.0.0000001/01/estimatedgenetre.halfresolved
All output trees will be *arbitrarily* rooted at 72

======== Running the main analysis
Number of taxa: 201 (201 species)
Taxa: [72, 119, 184, 143, 188, 149, 49, 134, 157, 92, 38, 132, 154, 75, 24, 88, 26, 106, 78, 137, 43, 99, 146, 109, 118, 83, 148, 74, 186, 98, 123, 107, 195, 131, 168, 104, 124, 51, 79, 76, 81, 130, 45, 198, 12, 47, 9, 136, 95, 121, 15, 62, 193, 3, 66, 102, 151, 165, 41, 6, 153, 44, 159, 156, 22, 196, 19, 13, 185, 42, 183, 173, 111, 40, 110, 14, 31, 128, 8, 10, 50, 100, 87, 126, 122, 59, 23, 120, 16, 67, 158, 29, 96, 71, 180, 147, 11, 27, 145, 48, 63, 34, 0, 125, 64, 133, 97, 177, 129, 144, 35, 194, 115, 155, 116, 91, 90, 170, 174, 164, 103, 73, 112, 4, 56, 140, 2, 5, 55, 101, 84, 189, 163, 80, 1, 33, 190, 21, 57, 139, 25, 114, 167, 58, 36, 172, 178, 39, 65, 68, 166, 86, 60, 113, 53, 82, 179, 28, 69, 18, 32, 191, 20, 94, 192, 160, 138, 197, 200, 141, 52, 162, 108, 54, 17, 93, 142, 117, 175, 105, 150, 152, 187, 181, 85, 70, 46, 77, 30, 89, 182, 61, 37, 7, 161, 135, 127, 169, 199, 171, 176]
Number of gene trees: 1000
0 trees have missing taxa
Calculating quartet distance matrix (for completion of X)
Species tree distances calculated ...
Building set of clusters (X) from gene trees 
Using tree-based weight calculation.
Number of Default Clusters: 69173
Number of quartet trees in the gene trees: 65998349802
calculating extra bipartitions to be added at level 1 ...
Number of Clusters after addition by distance: 69175
Adding to X using resolutions of greedy consensus ...
Threshold 0.0:
Threshold 0.01:
polytomy of size 7; rounds with additions with at least 0.01 support: 0; clusters: 69217
Threshold 0.02:
polytomy of size 10; rounds with additions with at least 0.01 support: 1; clusters: 69327
Threshold 0.05:
polytomy of size 18; rounds with additions with at least 0.01 support: 1; clusters: 69331
Threshold 0.1:
polytomy of size 22; rounds with additions with at least 0.01 support: 1; clusters: 69337
Threshold 0.2:
polytomy of size 3; rounds with additions with at least 0.01 support: 0; clusters: 69337
polytomy of size 6; rounds with additions with at least 0.01 support: 0; clusters: 69337
polytomy of size 3; rounds with additions with at least 0.01 support: 0; clusters: 69337
polytomy of size 28; rounds with additions with at least 0.01 support: 0; clusters: 69337
Threshold 0.3333333333333333:
polytomy of size 3; rounds with additions with at least 0.01 support: 0; clusters: 69337
polytomy of size 3; rounds with additions with at least 0.01 support: 0; clusters: 69337
polytomy of size 7; rounds with additions with at least 0.01 support: 0; clusters: 69337
polytomy of size 3; rounds with additions with at least 0.01 support: 0; clusters: 69337
polytomy of size 5; rounds with additions with at least 0.01 support: 0; clusters: 69337
polytomy of size 3; rounds with additions with at least 0.01 support: 0; clusters: 69337
polytomy of size 40; rounds with additions with at least 0.01 support: 0; clusters: 73295
Number of Clusters after addition by greedy: 73295
partitions formed in 35.407 secs
Dynamic Programming starting after 35.407 secs
Size of largest cluster: 201
Calculated 100000 weights; time (seconds): 801
Total Number of elements weighted: 194214
Normalized score (portion of input quartet trees satisfied): 0.7385445381169653
Final optimization score: 48742720771
Optimal tree inferred in 1540.298 secs.
(180,(((142,(105,(117,175))),(((17,93),((108,54),(52,162))),((20,94),((192,160),(138,(197,(200,141))))))),((32,(18,191)),((127,(169,(171,(199,176)))),((145,48),(((((57,(139,25)),(58,(114,167))),(2,(((1,33),(190,21)),(5,((163,80),(55,(101,(84,189)))))))),((147,11),(((73,112),(56,(4,140))),(91,((64,(125,((90,170),(174,(164,103))))),((35,((155,116),(194,115))),((133,97),((27,177),(129,144))))))))),((((63,34),(36,113)),((172,178),((39,65),(68,(166,(86,60)))))),(((69,(((158,29),(96,71)),((179,28),((100,87),((126,122),(59,(23,120))))))),((181,((77,30),(152,(70,(85,46))))),((150,(187,(61,37))),((89,182),(161,(7,135)))))),(0,(128,((31,((134,(157,82)),((72,49),((188,149),(119,(184,143)))))),(((8,(10,50)),((24,88),((92,38),(132,(154,75))))),(16,(66,((83,((148,74),(146,(109,118)))),((((44,159),(153,53)),((42,183),((22,196),((19,(40,(110,14))),((173,111),(156,(13,185))))))),(((62,(15,193)),((43,99),(26,(106,(78,137))))),((3,(102,(151,165))),(((95,121),(9,136)),(((6,(41,67)),(81,((130,45),(198,(12,47))))),(186,((76,(124,(51,79))),(98,(123,((107,195),(131,(168,104)))))))))))))))))))))))))));
Quartet score is: 48742720771
Normalized quartet score is: 0.7385445381169653
ASTRAL finished in 1548.491 secs
