
================== ASTRAL ===================== 

This is ASTRAL version 4.10.10
Gene trees are treated as unrooted
1000 trees read from ASTRALDATA/model.1000.2000000.0.000001/42/estimatedgenetre.halfresolved
All output trees will be *arbitrarily* rooted at 314

======== Running the main analysis
Number of taxa: 1001 (1001 species)
Taxa: [314, 55, 557, 85, 566, 929, 136, 668, 161, 935, 930, 857, 745, 494, 363, 493, 559, 5, 740, 17, 463, 248, 11, 738, 132, 368, 945, 534, 509, 588, 390, 378, 439, 544, 719, 120, 839, 478, 212, 675, 360, 780, 704, 540, 39, 545, 470, 795, 87, 152, 113, 843, 401, 651, 60, 725, 686, 894, 26, 410, 351, 356, 979, 536, 718, 102, 625, 386, 688, 454, 174, 52, 343, 877, 446, 815, 334, 145, 481, 678, 643, 846, 347, 24, 122, 786, 646, 731, 752, 293, 210, 825, 661, 392, 711, 822, 220, 775, 203, 964, 38, 657, 488, 286, 571, 910, 951, 402, 998, 887, 274, 976, 679, 680, 652, 191, 370, 750, 600, 712, 947, 883, 171, 219, 908, 766, 515, 641, 922, 670, 233, 677, 160, 385, 20, 459, 496, 896, 709, 533, 574, 32, 850, 231, 232, 444, 445, 250, 382, 507, 863, 592, 2, 785, 260, 0, 44, 614, 241, 90, 739, 783, 853, 310, 56, 955, 968, 983, 957, 440, 420, 311, 660, 715, 547, 560, 190, 278, 616, 932, 759, 126, 790, 862, 662, 180, 813, 736, 814, 851, 844, 456, 522, 980, 966, 779, 520, 565, 696, 915, 227, 452, 316, 798, 624, 689, 391, 42, 424, 111, 79, 107, 324, 590, 322, 865, 169, 91, 893, 279, 35, 749, 840, 106, 443, 793, 902, 742, 33, 269, 640, 622, 987, 240, 845, 543, 222, 769, 703, 108, 702, 730, 62, 914, 50, 504, 196, 831, 288, 172, 610, 613, 626, 399, 192, 819, 59, 961, 200, 69, 451, 176, 466, 110, 327, 272, 503, 256, 257, 927, 510, 124, 666, 637, 205, 252, 856, 836, 337, 271, 928, 663, 648, 847, 824, 744, 580, 497, 874, 875, 97, 869, 634, 341, 758, 346, 407, 296, 238, 469, 579, 437, 546, 585, 479, 880, 864, 899, 985, 829, 427, 978, 285, 326, 291, 524, 746, 374, 729, 962, 473, 791, 873, 84, 788, 387, 658, 539, 495, 812, 409, 823, 529, 541, 393, 306, 261, 629, 247, 548, 623, 612, 655, 564, 835, 305, 134, 562, 213, 508, 772, 834, 898, 809, 348, 714, 765, 603, 29, 934, 10, 820, 618, 181, 982, 502, 317, 75, 448, 505, 95, 849, 870, 204, 228, 101, 672, 827, 270, 150, 112, 838, 525, 281, 105, 73, 146, 400, 170, 267, 214, 755, 605, 312, 939, 182, 342, 449, 139, 767, 366, 550, 477, 265, 207, 123, 597, 230, 436, 784, 717, 408, 615, 572, 197, 72, 413, 842, 490, 398, 595, 268, 255, 77, 8, 396, 177, 760, 981, 63, 554, 344, 364, 891, 226, 185, 558, 12, 706, 273, 143, 991, 551, 329, 778, 330, 889, 103, 693, 467, 476, 323, 373, 747, 802, 621, 104, 325, 636, 468, 333, 833, 684, 263, 292, 868, 832, 457, 665, 141, 771, 36, 9, 18, 886, 514, 937, 855, 15, 881, 807, 799, 909, 384, 972, 46, 195, 581, 816, 826, 995, 561, 131, 217, 803, 71, 992, 415, 487, 475, 916, 412, 756, 549, 379, 206, 969, 871, 372, 211, 380, 828, 761, 697, 362, 691, 455, 941, 153, 578, 485, 365, 967, 128, 303, 664, 411, 92, 16, 67, 403, 953, 804, 866, 318, 295, 167, 482, 414, 690, 805, 708, 511, 931, 320, 681, 848, 157, 80, 302, 74, 249, 523, 198, 19, 938, 830, 650, 78, 245, 405, 184, 517, 970, 340, 757, 253, 25, 553, 705, 209, 773, 331, 876, 354, 674, 710, 900, 158, 743, 858, 297, 763, 569, 808, 290, 284, 792, 45, 114, 963, 225, 942, 49, 280, 96, 707, 472, 984, 299, 315, 841, 735, 375, 61, 892, 568, 973, 619, 879, 498, 542, 138, 817, 345, 654, 692, 431, 570, 821, 381, 787, 119, 417, 54, 528, 116, 986, 659, 837, 917, 432, 918, 811, 418, 647, 952, 573, 397, 246, 464, 628, 276, 127, 635, 361, 83, 649, 685, 631, 237, 21, 359, 993, 936, 527, 298, 156, 336, 732, 423, 154, 383, 168, 513, 582, 350, 357, 1, 796, 471, 447, 461, 166, 300, 465, 183, 140, 644, 639, 216, 242, 129, 531, 959, 435, 630, 480, 389, 676, 31, 68, 328, 309, 682, 64, 722, 115, 137, 589, 100, 556, 977, 926, 653, 283, 774, 14, 532, 701, 51, 716, 429, 164, 474, 294, 990, 713, 264, 208, 810, 486, 764, 13, 43, 720, 632, 878, 924, 777, 903, 656, 604, 118, 997, 607, 243, 943, 369, 236, 23, 489, 501, 235, 617, 94, 1000, 762, 460, 275, 130, 458, 57, 500, 338, 948, 30, 996, 593, 727, 179, 726, 890, 645, 895, 187, 277, 950, 620, 960, 406, 65, 768, 552, 751, 683, 753, 885, 609, 861, 919, 958, 307, 965, 404, 884, 82, 186, 89, 98, 576, 563, 6, 695, 538, 40, 142, 135, 567, 606, 920, 434, 121, 519, 425, 28, 163, 149, 266, 367, 754, 946, 904, 733, 287, 925, 308, 721, 4, 7, 506, 426, 728, 818, 148, 422, 175, 450, 901, 897, 944, 956, 794, 218, 698, 189, 949, 933, 76, 47, 199, 584, 669, 782, 789, 633, 999, 188, 923, 921, 151, 734, 155, 194, 526, 319, 940, 867, 577, 555, 117, 395, 301, 638, 421, 512, 162, 975, 86, 598, 58, 905, 781, 872, 394, 125, 521, 339, 244, 22, 491, 27, 353, 430, 251, 159, 215, 971, 599, 224, 53, 806, 594, 262, 147, 442, 304, 748, 516, 906, 888, 433, 602, 259, 499, 321, 144, 673, 741, 907, 37, 352, 575, 852, 859, 48, 667, 41, 229, 388, 642, 596, 518, 349, 66, 377, 313, 723, 694, 376, 335, 178, 173, 484, 282, 974, 911, 591, 254, 687, 193, 535, 419, 221, 954, 88, 355, 724, 93, 587, 776, 586, 770, 416, 860, 239, 201, 453, 109, 989, 583, 3, 601, 223, 133, 699, 537, 627, 462, 234, 988, 611, 912, 913, 165, 882, 797, 800, 358, 332, 608, 258, 289, 671, 438, 492, 854, 801, 428, 530, 70, 34, 737, 483, 99, 371, 994, 441, 202, 81, 700]
Taxon occupancy: {338=1000, 339=1000, 941=1000, 942=1000, 940=1000, 332=1000, 945=1000, 946=1000, 333=1000, 330=1000, 943=1000, 944=1000, 331=1000, 949=1000, 336=1000, 337=1000, 334=1000, 947=1000, 335=1000, 948=1000, 748=1000, 531=1000, 530=1000, 747=1000, 746=1000, 745=1000, 535=1000, 534=1000, 533=1000, 749=1000, 532=1000, 539=1000, 740=1000, 538=1000, 537=1000, 536=1000, 744=1000, 743=1000, 742=1000, 741=1000, 349=1000, 930=1000, 931=1000, 341=1000, 932=1000, 933=1000, 342=1000, 934=1000, 343=1000, 935=1000, 344=1000, 345=1000, 936=1000, 346=1000, 937=1000, 347=1000, 938=1000, 348=1000, 939=1000, 3=1000, 540=1000, 735=1000, 734=1000, 929=1000, 2=1000, 737=1000, 542=1000, 1=1000, 541=1000, 0=1000, 736=1000, 7=1000, 544=1000, 739=1000, 6=1000, 543=1000, 738=1000, 546=1000, 5=1000, 340=1000, 4=1000, 545=1000, 548=1000, 547=1000, 9=1000, 8=1000, 549=1000, 731=1000, 730=1000, 733=1000, 732=1000, 920=1000, 318=1000, 319=1000, 316=1000, 317=1000, 927=1000, 314=1000, 928=1000, 315=1000, 925=1000, 312=1000, 313=1000, 926=1000, 923=1000, 310=1000, 311=1000, 924=1000, 921=1000, 922=1000, 513=1000, 512=1000, 729=1000, 728=1000, 511=1000, 510=1000, 727=1000, 726=1000, 725=1000, 724=1000, 919=1000, 723=1000, 918=1000, 722=1000, 721=1000, 519=1000, 720=1000, 518=1000, 517=1000, 516=1000, 515=1000, 514=1000, 327=1000, 328=1000, 329=1000, 914=1000, 323=1000, 324=1000, 915=1000, 325=1000, 916=1000, 326=1000, 917=1000, 910=1000, 709=1000, 911=1000, 320=1000, 912=1000, 321=1000, 913=1000, 322=1000, 522=1000, 717=1000, 521=1000, 716=1000, 524=1000, 719=1000, 718=1000, 523=1000, 908=1000, 713=1000, 907=1000, 712=1000, 520=1000, 715=1000, 714=1000, 909=1000, 529=1000, 711=1000, 710=1000, 526=1000, 525=1000, 528=1000, 527=1000, 989=1000, 988=1000, 987=1000, 571=1000, 570=1000, 982=1000, 981=1000, 980=1000, 986=1000, 985=1000, 984=1000, 983=1000, 700=1000, 703=1000, 574=1000, 575=1000, 704=1000, 572=1000, 701=1000, 702=1000, 573=1000, 578=1000, 707=1000, 579=1000, 708=1000, 576=1000, 705=1000, 577=1000, 706=1000, 977=1000, 976=1000, 979=1000, 300=1000, 978=1000, 580=1000, 302=1000, 301=1000, 304=1000, 582=1000, 581=1000, 303=1000, 306=1000, 305=1000, 971=1000, 308=1000, 307=1000, 970=1000, 973=1000, 972=1000, 309=1000, 975=1000, 974=1000, 583=1000, 584=1000, 585=1000, 586=1000, 587=1000, 588=1000, 589=1000, 969=1000, 968=1000, 967=1000, 966=1000, 965=1000, 964=1000, 963=1000, 962=1000, 961=1000, 960=1000, 558=1000, 559=1000, 556=1000, 557=1000, 554=1000, 555=1000, 552=1000, 553=1000, 550=1000, 551=1000, 959=1000, 958=1000, 560=1000, 955=1000, 954=1000, 957=1000, 956=1000, 951=1000, 950=1000, 953=1000, 952=1000, 569=1000, 565=1000, 566=1000, 567=1000, 568=1000, 561=1000, 562=1000, 563=1000, 564=1000, 799=1000, 798=1000, 797=1000, 796=1000, 795=1000, 794=1000, 793=1000, 792=1000, 790=1000, 996=1000, 791=1000, 997=1000, 994=1000, 995=1000, 992=1000, 993=1000, 990=1000, 991=1000, 998=1000, 999=1000, 781=1000, 782=1000, 783=1000, 784=1000, 785=1000, 786=1000, 787=1000, 788=1000, 789=1000, 780=1000, 505=1000, 772=1000, 506=1000, 773=1000, 770=1000, 503=1000, 504=1000, 771=1000, 776=1000, 509=1000, 777=1000, 507=1000, 774=1000, 508=1000, 775=1000, 778=1000, 779=1000, 501=1000, 502=1000, 500=1000, 763=1000, 764=1000, 765=1000, 766=1000, 760=1000, 761=1000, 762=1000, 767=1000, 768=1000, 769=1000, 754=1000, 755=1000, 752=1000, 753=1000, 750=1000, 751=1000, 758=1000, 759=1000, 756=1000, 757=1000, 595=1000, 594=1000, 391=1000, 597=1000, 596=1000, 390=1000, 599=1000, 393=1000, 598=1000, 392=1000, 395=1000, 394=1000, 396=1000, 397=1000, 398=1000, 399=1000, 590=1000, 591=1000, 592=1000, 593=1000, 383=1000, 384=1000, 381=1000, 382=1000, 380=1000, 389=1000, 388=1000, 387=1000, 386=1000, 385=1000, 370=1000, 371=1000, 372=1000, 373=1000, 379=1000, 378=1000, 375=1000, 374=1000, 377=1000, 376=1000, 361=1000, 362=1000, 360=1000, 366=1000, 365=1000, 364=1000, 363=1000, 369=1000, 368=1000, 367=1000, 350=1000, 351=1000, 353=1000, 352=1000, 355=1000, 354=1000, 357=1000, 356=1000, 359=1000, 358=1000, 806=1000, 807=1000, 804=1000, 805=1000, 802=1000, 803=1000, 800=1000, 801=1000, 159=1000, 158=1000, 157=1000, 156=1000, 155=1000, 154=1000, 601=1000, 152=1000, 600=1000, 153=1000, 150=1000, 151=1000, 609=1000, 608=1000, 607=1000, 606=1000, 605=1000, 604=1000, 603=1000, 602=1000, 202=1000, 203=1000, 204=1000, 205=1000, 200=1000, 201=1000, 169=1000, 206=1000, 166=1000, 165=1000, 207=1000, 168=1000, 208=1000, 167=1000, 209=1000, 409=1000, 161=1000, 162=1000, 408=1000, 163=1000, 164=1000, 405=1000, 404=1000, 407=1000, 406=1000, 160=1000, 401=1000, 400=1000, 403=1000, 402=1000, 824=1000, 211=1000, 825=1000, 212=1000, 822=1000, 823=1000, 210=1000, 215=1000, 828=1000, 829=1000, 216=1000, 213=1000, 826=1000, 827=1000, 214=1000, 219=1000, 179=1000, 178=1000, 177=1000, 217=1000, 218=1000, 176=1000, 820=1000, 821=1000, 170=1000, 418=1000, 171=1000, 417=1000, 416=1000, 415=1000, 623=1000, 174=1000, 175=1000, 622=1000, 172=1000, 621=1000, 419=1000, 173=1000, 620=1000, 627=1000, 410=1000, 626=1000, 625=1000, 819=1000, 624=1000, 414=1000, 413=1000, 629=1000, 412=1000, 411=1000, 628=1000, 220=1000, 811=1000, 221=1000, 812=1000, 222=1000, 813=1000, 223=1000, 814=1000, 224=1000, 815=1000, 816=1000, 225=1000, 226=1000, 817=1000, 818=1000, 227=1000, 188=1000, 228=1000, 229=1000, 187=1000, 189=1000, 810=1000, 427=1000, 426=1000, 180=1000, 181=1000, 429=1000, 428=1000, 182=1000, 610=1000, 183=1000, 184=1000, 612=1000, 185=1000, 611=1000, 186=1000, 809=1000, 614=1000, 613=1000, 808=1000, 421=1000, 616=1000, 420=1000, 615=1000, 618=1000, 423=1000, 422=1000, 617=1000, 425=1000, 424=1000, 619=1000, 843=1000, 116=1000, 117=1000, 842=1000, 114=1000, 841=1000, 840=1000, 115=1000, 112=1000, 113=1000, 110=1000, 111=1000, 849=1000, 848=1000, 847=1000, 846=1000, 845=1000, 118=1000, 844=1000, 119=1000, 435=1000, 436=1000, 433=1000, 434=1000, 431=1000, 432=1000, 430=1000, 439=1000, 437=1000, 438=1000, 125=1000, 830=1000, 126=1000, 832=1000, 127=1000, 831=1000, 128=1000, 121=1000, 122=1000, 123=1000, 124=1000, 838=1000, 837=1000, 839=1000, 834=1000, 129=1000, 833=1000, 836=1000, 835=1000, 444=1000, 445=1000, 446=1000, 447=1000, 440=1000, 441=1000, 442=1000, 443=1000, 120=1000, 448=1000, 449=1000, 861=1000, 134=1000, 860=1000, 135=1000, 132=1000, 133=1000, 865=1000, 138=1000, 864=1000, 139=1000, 136=1000, 863=1000, 862=1000, 137=1000, 869=1000, 868=1000, 867=1000, 866=1000, 450=1000, 453=1000, 454=1000, 451=1000, 452=1000, 457=1000, 458=1000, 455=1000, 456=1000, 459=1000, 131=1000, 130=1000, 143=1000, 144=1000, 145=1000, 850=1000, 146=1000, 852=1000, 147=1000, 148=1000, 851=1000, 854=1000, 149=1000, 853=1000, 856=1000, 855=1000, 858=1000, 857=1000, 859=1000, 461=1000, 460=1000, 462=1000, 463=1000, 464=1000, 465=1000, 466=1000, 467=1000, 468=1000, 469=1000, 140=1000, 142=1000, 141=1000, 687=1000, 686=1000, 689=1000, 688=1000, 683=1000, 682=1000, 685=1000, 684=1000, 888=1000, 889=1000, 884=1000, 885=1000, 680=1000, 886=1000, 887=1000, 681=1000, 880=1000, 881=1000, 882=1000, 883=1000, 678=1000, 677=1000, 676=1000, 675=1000, 674=1000, 673=1000, 672=1000, 671=1000, 679=1000, 879=1000, 877=1000, 878=1000, 875=1000, 670=1000, 876=1000, 873=1000, 874=1000, 871=1000, 872=1000, 870=1000, 696=1000, 695=1000, 694=1000, 693=1000, 890=1000, 699=1000, 698=1000, 697=1000, 899=1000, 893=1000, 894=1000, 891=1000, 892=1000, 897=1000, 691=1000, 898=1000, 692=1000, 895=1000, 896=1000, 690=1000, 646=1000, 647=1000, 648=1000, 649=1000, 642=1000, 195=1000, 194=1000, 643=1000, 197=1000, 644=1000, 196=1000, 645=1000, 191=1000, 190=1000, 193=1000, 640=1000, 192=1000, 641=1000, 198=1000, 199=1000, 639=1000, 637=1000, 638=1000, 635=1000, 636=1000, 633=1000, 634=1000, 631=1000, 632=1000, 630=1000, 668=1000, 669=1000, 660=1000, 661=1000, 662=1000, 663=1000, 664=1000, 665=1000, 666=1000, 667=1000, 659=1000, 657=1000, 658=1000, 651=1000, 652=1000, 650=1000, 655=1000, 656=1000, 653=1000, 654=1000, 35=1000, 36=1000, 33=1000, 34=1000, 39=1000, 37=1000, 38=1000, 43=1000, 42=1000, 41=1000, 40=1000, 22=1000, 23=1000, 24=1000, 25=1000, 26=1000, 27=1000, 28=1000, 29=1000, 30=1000, 32=1000, 31=1000, 19=1000, 17=1000, 18=1000, 15=1000, 16=1000, 13=1000, 14=1000, 11=1000, 12=1000, 21=1000, 20=1000, 10=1000, 79=1000, 78=1000, 77=1000, 82=1000, 83=1000, 80=1000, 81=1000, 86=1000, 87=1000, 84=1000, 85=1000, 67=1000, 66=1000, 69=1000, 68=1000, 70=1000, 71=1000, 72=1000, 73=1000, 74=1000, 75=1000, 76=1000, 59=1000, 58=1000, 57=1000, 56=1000, 55=1000, 64=1000, 65=1000, 62=1000, 63=1000, 60=1000, 61=1000, 49=1000, 48=1000, 45=1000, 44=1000, 47=1000, 46=1000, 51=1000, 52=1000, 53=1000, 54=1000, 50=1000, 281=1000, 487=1000, 280=1000, 486=1000, 485=1000, 484=1000, 285=1000, 284=1000, 283=1000, 489=1000, 282=1000, 488=1000, 288=1000, 289=1000, 286=1000, 287=1000, 482=1000, 483=1000, 480=1000, 481=1000, 474=1000, 473=1000, 270=1000, 476=1000, 475=1000, 272=1000, 478=1000, 271=1000, 477=1000, 274=1000, 479=1000, 273=1000, 275=1000, 276=1000, 277=1000, 278=1000, 279=1000, 470=1000, 471=1000, 472=1000, 1000=1000, 109=1000, 108=1000, 107=1000, 106=1000, 105=1000, 104=1000, 103=1000, 99=1000, 102=1000, 101=1000, 100=1000, 98=1000, 97=1000, 96=1000, 95=1000, 94=1000, 93=1000, 92=1000, 91=1000, 90=1000, 294=1000, 499=1000, 293=1000, 296=1000, 295=1000, 496=1000, 290=1000, 495=1000, 292=1000, 498=1000, 291=1000, 497=1000, 491=1000, 492=1000, 493=1000, 494=1000, 297=1000, 298=1000, 299=1000, 490=1000, 88=1000, 89=1000, 240=1000, 241=1000, 245=1000, 244=1000, 243=1000, 242=1000, 249=1000, 248=1000, 247=1000, 246=1000, 230=1000, 239=1000, 232=1000, 231=1000, 234=1000, 233=1000, 236=1000, 235=1000, 238=1000, 237=1000, 262=1000, 263=1000, 260=1000, 261=1000, 269=1000, 268=1000, 267=1000, 266=1000, 265=1000, 264=1000, 250=1000, 251=1000, 252=1000, 258=1000, 904=1000, 257=1000, 903=1000, 906=1000, 259=1000, 905=1000, 254=1000, 900=1000, 253=1000, 256=1000, 902=1000, 901=1000, 255=1000}
Number of gene trees: 1000
0 trees have missing taxa
Calculating quartet distance matrix (for completion of X)
Species tree distances calculated ...
Building set of clusters (X) from gene trees 
Using tree-based weight calculation.
Number of Default Clusters: 176513
Number of quartet trees in the gene trees: 41583291695113
calculating extra bipartitions to be added at level 1 ...
Number of Clusters after addition by distance: 176519
Adding to X using resolutions of greedy consensus ...
Threshold 0.0:
polytomy of size 4; rounds with additions with at least 0.01 support: 1; clusters: 176537
Threshold 0.01:
polytomy of size 12; rounds with additions with at least 0.01 support: 1; clusters: 176755
Threshold 0.02:
polytomy of size 15; rounds with additions with at least 0.01 support: 2; clusters: 177043
Threshold 0.05:
polytomy of size 3; rounds with additions with at least 0.01 support: 0; clusters: 177043
polytomy of size 3; rounds with additions with at least 0.01 support: 0; clusters: 177043
polytomy of size 21; rounds with additions with at least 0.01 support: 0; clusters: 177043
Threshold 0.1:
polytomy of size 4; rounds with additions with at least 0.01 support: 0; clusters: 177043
polytomy of size 4; rounds with additions with at least 0.01 support: 0; clusters: 177043
polytomy of size 6; rounds with additions with at least 0.01 support: 0; clusters: 177043
polytomy of size 5; rounds with additions with at least 0.01 support: 0; clusters: 177043
polytomy of size 3; rounds with additions with at least 0.01 support: 0; clusters: 177043
polytomy of size 5; rounds with additions with at least 0.01 support: 0; clusters: 177043
polytomy of size 24; rounds with additions with at least 0.01 support: 0; clusters: 177043
polytomy of size 3; rounds with additions with at least 0.01 support: 0; clusters: 177043
Threshold 0.2:
polytomy of size 4; rounds with additions with at least 0.01 support: 0; clusters: 177043
polytomy of size 3; rounds with additions with at least 0.01 support: 0; clusters: 177043
polytomy of size 5; rounds with additions with at least 0.01 support: 0; clusters: 177043
polytomy of size 3; rounds with additions with at least 0.01 support: 0; clusters: 177043
polytomy of size 3; rounds with additions with at least 0.01 support: 0; clusters: 177043
polytomy of size 3; rounds with additions with at least 0.01 support: 0; clusters: 177043
polytomy of size 3; rounds with additions with at least 0.01 support: 0; clusters: 177043
polytomy of size 3; rounds with additions with at least 0.01 support: 0; clusters: 177043
polytomy of size 3; rounds with additions with at least 0.01 support: 0; clusters: 177043
polytomy of size 8; rounds with additions with at least 0.01 support: 0; clusters: 177043
polytomy of size 3; rounds with additions with at least 0.01 support: 0; clusters: 177043
polytomy of size 8; rounds with additions with at least 0.01 support: 0; clusters: 177043
polytomy of size 3; rounds with additions with at least 0.01 support: 0; clusters: 177043
polytomy of size 4; rounds with additions with at least 0.01 support: 0; clusters: 177043
polytomy of size 4; rounds with additions with at least 0.01 support: 0; clusters: 177043
polytomy of size 4; rounds with additions with at least 0.01 support: 0; clusters: 177043
polytomy of size 4; rounds with additions with at least 0.01 support: 0; clusters: 177043
polytomy of size 3; rounds with additions with at least 0.01 support: 0; clusters: 177043
polytomy of size 47; rounds with additions with at least 0.01 support: 0; clusters: 177061
polytomy of size 6; rounds with additions with at least 0.01 support: 0; clusters: 177061
polytomy of size 3; rounds with additions with at least 0.01 support: 0; clusters: 177061
Threshold 0.3333333333333333:
polytomy of size 4; rounds with additions with at least 0.01 support: 0; clusters: 177061
polytomy of size 3; rounds with additions with at least 0.01 support: 0; clusters: 177061
polytomy of size 3; rounds with additions with at least 0.01 support: 0; clusters: 177061
polytomy of size 5; rounds with additions with at least 0.01 support: 0; clusters: 177061
polytomy of size 3; rounds with additions with at least 0.01 support: 0; clusters: 177061
polytomy of size 4; rounds with additions with at least 0.01 support: 0; clusters: 177061
polytomy of size 4; rounds with additions with at least 0.01 support: 0; clusters: 177061
polytomy of size 3; rounds with additions with at least 0.01 support: 0; clusters: 177061
polytomy of size 3; rounds with additions with at least 0.01 support: 0; clusters: 177061
polytomy of size 3; rounds with additions with at least 0.01 support: 0; clusters: 177061
polytomy of size 3; rounds with additions with at least 0.01 support: 0; clusters: 177061
polytomy of size 3; rounds with additions with at least 0.01 support: 0; clusters: 177061
polytomy of size 3; rounds with additions with at least 0.01 support: 0; clusters: 177061
polytomy of size 3; rounds with additions with at least 0.01 support: 0; clusters: 177061
polytomy of size 3; rounds with additions with at least 0.01 support: 0; clusters: 177061
polytomy of size 3; rounds with additions with at least 0.01 support: 0; clusters: 177061
polytomy of size 3; rounds with additions with at least 0.01 support: 0; clusters: 177061
polytomy of size 3; rounds with additions with at least 0.01 support: 0; clusters: 177061
polytomy of size 4; rounds with additions with at least 0.01 support: 0; clusters: 177061
polytomy of size 6; rounds with additions with at least 0.01 support: 0; clusters: 177061
polytomy of size 4; rounds with additions with at least 0.01 support: 0; clusters: 177061
polytomy of size 3; rounds with additions with at least 0.01 support: 0; clusters: 177061
polytomy of size 3; rounds with additions with at least 0.01 support: 0; clusters: 177061
polytomy of size 3; rounds with additions with at least 0.01 support: 0; clusters: 177061
polytomy of size 3; rounds with additions with at least 0.01 support: 0; clusters: 177061
polytomy of size 3; rounds with additions with at least 0.01 support: 0; clusters: 177061
polytomy of size 3; rounds with additions with at least 0.01 support: 0; clusters: 177061
polytomy of size 3; rounds with additions with at least 0.01 support: 0; clusters: 177061
polytomy of size 5; rounds with additions with at least 0.01 support: 0; clusters: 177061
polytomy of size 3; rounds with additions with at least 0.01 support: 0; clusters: 177061
polytomy of size 4; rounds with additions with at least 0.01 support: 0; clusters: 177061
polytomy of size 4; rounds with additions with at least 0.01 support: 0; clusters: 177061
polytomy of size 4; rounds with additions with at least 0.01 support: 0; clusters: 177061
polytomy of size 4; rounds with additions with at least 0.01 support: 0; clusters: 177061
polytomy of size 5; rounds with additions with at least 0.01 support: 0; clusters: 177061
polytomy of size 3; rounds with additions with at least 0.01 support: 0; clusters: 177061
polytomy of size 3; rounds with additions with at least 0.01 support: 0; clusters: 177061
polytomy of size 3; rounds with additions with at least 0.01 support: 0; clusters: 177061
polytomy of size 3; rounds with additions with at least 0.01 support: 0; clusters: 177061
polytomy of size 3; rounds with additions with at least 0.01 support: 0; clusters: 177061
polytomy of size 3; rounds with additions with at least 0.01 support: 0; clusters: 177061
polytomy of size 9; rounds with additions with at least 0.01 support: 0; clusters: 177113
polytomy of size 3; rounds with additions with at least 0.01 support: 0; clusters: 177113
polytomy of size 3; rounds with additions with at least 0.01 support: 0; clusters: 177113
polytomy of size 3; rounds with additions with at least 0.01 support: 0; clusters: 177113
polytomy of size 4; rounds with additions with at least 0.01 support: 0; clusters: 177113
polytomy of size 3; rounds with additions with at least 0.01 support: 0; clusters: 177113
polytomy of size 3; rounds with additions with at least 0.01 support: 0; clusters: 177113
polytomy of size 3; rounds with additions with at least 0.01 support: 0; clusters: 177113
polytomy of size 4; rounds with additions with at least 0.01 support: 0; clusters: 177113
polytomy of size 3; rounds with additions with at least 0.01 support: 0; clusters: 177113
polytomy of size 3; rounds with additions with at least 0.01 support: 0; clusters: 177113
polytomy of size 3; rounds with additions with at least 0.01 support: 0; clusters: 177113
polytomy of size 9; rounds with additions with at least 0.01 support: 0; clusters: 177135
polytomy of size 4; rounds with additions with at least 0.01 support: 0; clusters: 177135
polytomy of size 3; rounds with additions with at least 0.01 support: 0; clusters: 177135
polytomy of size 3; rounds with additions with at least 0.01 support: 0; clusters: 177135
polytomy of size 3; rounds with additions with at least 0.01 support: 0; clusters: 177135
polytomy of size 3; rounds with additions with at least 0.01 support: 0; clusters: 177135
polytomy of size 3; rounds with additions with at least 0.01 support: 0; clusters: 177135
polytomy of size 3; rounds with additions with at least 0.01 support: 0; clusters: 177135
polytomy of size 3; rounds with additions with at least 0.01 support: 0; clusters: 177135
polytomy of size 6; rounds with additions with at least 0.01 support: 0; clusters: 177135
polytomy of size 3; rounds with additions with at least 0.01 support: 0; clusters: 177135
polytomy of size 4; rounds with additions with at least 0.01 support: 0; clusters: 177135
polytomy of size 74; rounds with additions with at least 0.01 support: 0; clusters: 198555
Number of Clusters after addition by greedy: 198555
partitions formed in 549.23 secs
Dynamic Programming starting after 549.23 secs
Size of largest cluster: 1001
Calculated 100000 weights; time (seconds): 3495
Calculated 200000 weights; time (seconds): 2908
Calculated 300000 weights; time (seconds): 2963
Calculated 400000 weights; time (seconds): 2966
Calculated 500000 weights; time (seconds): 2931
Calculated 600000 weights; time (seconds): 3018
Total Number of elements weighted: 667179
Normalized score (portion of input quartet trees satisfied): 0.5851878845820379
Final optimization score: 24334038501021
Optimal tree inferred in 20405.473 secs.
(988,(627,((462,234),(537,((611,(912,913)),((((109,(201,453)),((989,583),(3,601))),((223,(133,699)),(355,((860,239),((587,(724,93)),((770,416),(776,586))))))),((722,((115,137),(100,(589,(556,977))))),(((710,900),(((942,(225,49)),(158,(743,(858,297)))),(674,(((45,963),(792,114)),(284,(569,(763,(808,290)))))))),(((((920,(434,(121,519))),(135,((567,606),(538,(40,142))))),(((14,532),(653,(774,(926,283)))),(701,((264,((764,13),(208,(810,486)))),((429,(51,716)),(713,(474,(164,(294,990))))))))),(((918,(280,(96,707))),((528,(116,986)),((917,432),(659,837)))),((((246,464),((628,276),(21,(685,(631,237))))),((359,((993,298),(936,527))),(127,(635,(361,(83,649)))))),((811,((573,397),(418,(647,952)))),(((841,(735,375)),(472,(984,(299,315)))),(((787,(119,(417,54))),(692,(821,(381,(431,570))))),((61,(892,568)),((345,(817,654)),((498,(542,138)),(973,(619,879))))))))))),((((266,367),(28,(425,(163,149)))),((925,(287,(754,(946,(904,733))))),((308,721),(((4,7),(506,426)),((728,(818,148)),((897,(956,794)),(422,(175,(944,(450,901)))))))))),((753,(609,(919,(885,861)))),(((((48,667),((694,376),(41,(642,((229,388),((349,(518,723)),((377,313),(596,66)))))))),((178,(335,(173,(484,282)))),((535,(419,221)),((974,911),((954,88),((591,254),(687,193))))))),(((992,(415,(487,475))),(826,((995,(803,71)),(561,(131,217))))),(((369,(236,23)),((235,(489,501)),((275,(130,458)),((762,460),(617,(94,1000)))))),(((57,338),(500,948)),((727,((726,890),(179,(30,(996,593))))),((645,895),((620,960),(187,(277,950))))))))),(((((218,698),(189,(949,(933,76)))),((872,394),(125,((521,339),((598,(905,(58,781))),(((975,86),(512,162)),((526,((151,734),(921,(155,194)))),((940,(319,867)),((638,421),((555,117),(577,(395,301)))))))))))),(((309,(682,64)),((852,859),(((259,499),(321,(144,673))),((516,(906,888)),((433,602),((352,575),(741,(907,37)))))))),((768,((406,65),(552,(751,683)))),(((47,(199,584)),(669,((782,789),(999,(633,(188,923)))))),(((53,806),(262,(594,((304,748),(147,442))))),((244,((430,251),(27,353))),((215,(159,971)),((599,224),(22,491))))))))),((((835,(305,134)),((809,348),(508,((562,213),(772,(834,898)))))),(((247,(548,623)),(612,(655,564))),(((604,118),(997,(243,(607,943)))),((924,(656,(777,903))),(43,(720,(632,878))))))),((((756,549),((994,441),((371,700),(202,81)))),((916,412),((379,206),((969,871),(372,(211,380)))))),(0,(((((124,666),(257,(927,510))),((((637,(205,252)),(856,(836,(337,271)))),(((615,(408,(572,197))),((230,(207,(265,123))),(597,(784,(436,717))))),(((550,477),(767,366)),((182,(342,449)),(((73,146),(139,(312,939))),(400,(267,(214,(755,(170,605)))))))))),(928,((829,427),(((524,(746,374)),(437,(978,(326,(285,291))))),(((880,(864,899)),(985,(479,(546,585)))),((875,97),(((296,(238,469)),(579,(663,(648,847)))),((341,(758,(346,407))),((869,634),(824,(744,(580,(497,874)))))))))))))),((((541,393),(629,(306,261))),((812,(409,(823,529))),(495,(788,(387,(658,539)))))),((((525,(281,105)),(765,(10,(820,(714,(934,(603,29))))))),((832,((18,(886,(514,937))),((36,9),(457,(141,(665,771)))))),((((849,870),(101,(204,228))),((672,827),(270,(150,112)))),(838,((807,(881,(855,15))),((618,(502,(181,982))),(95,(317,(448,(75,505)))))))))),((693,467),((292,868),(((((72,413),(344,364)),(((333,833),(684,263)),((891,226),(185,(558,12))))),(268,(842,((398,(490,595)),(760,((396,(8,177)),((255,77),(981,(63,554))))))))),(((156,336),(476,((732,(154,(423,383))),((325,(636,468)),((621,104),((373,802),(323,747))))))),((329,((778,(103,(330,889))),((706,273),(551,(143,991))))),((168,(513,582)),(((796,(447,(461,166))),(471,(350,(357,1)))),(300,((242,(465,(183,(644,(140,(639,216)))))),((129,(531,959)),((68,328),(630,((676,31),(435,(480,389)))))))))))))))))),(((((828,761),(697,((455,941),(362,691)))),(((938,(830,(650,78))),((25,553),(((517,705),(209,773)),((354,(331,876)),((245,(405,184)),(970,(340,(757,253)))))))),(((153,578),(485,(128,(365,967)))),((((167,482),(866,(318,295))),((16,67),(303,(664,(411,92))))),((74,((403,(953,804)),((249,523),(198,19)))),(((157,302),(80,(848,(320,681)))),((414,(690,805)),(931,(708,511))))))))),((((679,(680,(652,191))),((370,750),((600,712),(947,883)))),(((122,786),(646,(731,752))),(799,((816,(195,581)),(972,(909,(384,46))))))),(((203,964),(38,(657,488))),(((444,445),((402,998),(887,(274,976)))),(((286,(910,(571,951))),((574,((32,850),(231,232))),(533,(20,(459,(709,(496,896))))))),((250,382),(((171,219),(908,(515,(766,641)))),((233,(677,(160,385))),((922,670),((507,260),((2,785),(863,592)))))))))))),((((576,563),(6,695)),(((165,882),((358,(332,608)),((289,671),(258,(797,800))))),((((82,186),(89,98)),(965,(307,(958,(404,884))))),((737,(483,99)),((438,(530,(70,34))),(492,(854,(801,428)))))))),((((729,962),(473,(873,(791,84)))),((((5,(740,17)),(52,(454,174))),((102,(625,(386,688))),((894,26),((725,686),((410,351),(356,(979,(536,718)))))))),((((815,(481,(334,145))),((24,(678,347)),(446,(643,846)))),((314,(55,((85,929),(557,((566,136),(668,161)))))),((343,877),(935,((930,857),((745,494),(363,(493,559)))))))),(((132,368),((11,738),(463,248))),((945,((113,((651,60),(843,401))),(540,(470,((39,545),(87,(795,152))))))),((534,(390,(509,588))),((378,478),(839,((120,(439,(544,719))),(360,(675,(780,(212,704))))))))))))),(((311,(853,310)),(((955,(56,420)),(968,(957,(983,440)))),(((180,813),(862,(790,662))),((736,(814,851)),(932,(715,(616,((759,126),(660,((547,278),(560,190))))))))))),(((44,(293,(210,825))),((739,783),((614,241),((661,(392,711)),(90,(822,(220,775))))))),(((844,(456,522)),((915,(227,452)),(565,((520,696),(779,(980,966)))))),((316,((689,391),(798,624))),((((42,(79,(424,111))),((322,865),(107,(324,590)))),((169,((91,893),(279,(35,749)))),((742,(106,793)),(840,(443,902))))),((33,(269,(640,622))),(((176,(110,(466,327))),((914,(50,504)),(272,((503,256),(196,(831,288)))))),(((222,769),((240,(845,543)),(987,(172,610)))),(((730,62),(703,(108,702))),((399,(626,(192,819))),(613,((59,961),(200,(69,451))))))))))))))))))))))))))))))))));
Quartet score is: 24334038501021
Normalized quartet score is: 0.5851878845820379
ASTRAL finished in 20587.397 secs
