
================== ASTRAL ===================== 

This is ASTRAL version 4.10.8
Gene trees are treated as unrooted
1000 trees read from model.500.2000000.0.000001/45/estimatedgenetre.halfresolved
All outputted trees will be *arbitrarily* rooted at 278

======== Running the main analysis
Number of taxa: 501 (501 species)
Taxa: [278, 42, 11, 282, 192, 101, 296, 255, 407, 342, 346, 297, 468, 153, 259, 129, 305, 309, 5, 315, 222, 164, 299, 49, 391, 48, 168, 291, 203, 82, 150, 285, 266, 335, 349, 37, 8, 411, 264, 314, 367, 149, 308, 220, 145, 113, 157, 416, 306, 372, 135, 73, 56, 241, 182, 81, 375, 35, 33, 87, 311, 453, 273, 449, 320, 3, 420, 457, 373, 162, 487, 490, 43, 488, 106, 232, 371, 302, 64, 377, 386, 473, 19, 318, 280, 417, 422, 228, 244, 438, 100, 25, 44, 289, 143, 121, 496, 62, 441, 60, 77, 402, 423, 240, 152, 134, 199, 323, 151, 434, 47, 459, 13, 493, 127, 467, 351, 358, 452, 387, 263, 455, 204, 6, 498, 191, 454, 224, 369, 74, 115, 409, 494, 328, 290, 430, 495, 401, 54, 200, 390, 45, 336, 248, 355, 406, 339, 347, 234, 107, 163, 275, 144, 231, 489, 195, 321, 312, 482, 207, 57, 187, 292, 428, 421, 71, 91, 378, 298, 94, 404, 431, 216, 295, 307, 98, 329, 93, 155, 24, 324, 415, 85, 403, 206, 32, 26, 310, 69, 20, 397, 179, 316, 301, 471, 381, 53, 183, 67, 268, 178, 22, 322, 477, 221, 50, 269, 245, 223, 233, 118, 389, 86, 172, 111, 18, 476, 76, 414, 341, 185, 294, 319, 131, 17, 262, 78, 261, 383, 380, 410, 177, 450, 461, 340, 399, 161, 382, 108, 40, 80, 29, 230, 226, 327, 215, 34, 481, 249, 236, 16, 360, 141, 359, 28, 30, 116, 72, 462, 27, 123, 12, 365, 125, 370, 92, 478, 246, 303, 419, 38, 70, 218, 425, 208, 374, 122, 55, 284, 288, 184, 51, 95, 500, 61, 211, 176, 466, 412, 395, 265, 68, 96, 181, 492, 379, 84, 66, 251, 330, 46, 117, 252, 205, 271, 128, 435, 392, 485, 154, 456, 464, 171, 31, 173, 102, 148, 451, 146, 353, 79, 52, 334, 104, 190, 186, 486, 424, 274, 405, 333, 460, 160, 197, 257, 345, 166, 242, 15, 175, 63, 132, 112, 354, 213, 58, 159, 313, 158, 361, 458, 497, 239, 270, 470, 429, 472, 499, 188, 253, 279, 444, 256, 238, 418, 426, 325, 165, 474, 90, 362, 2, 267, 469, 440, 364, 120, 250, 243, 283, 89, 433, 293, 376, 343, 463, 114, 443, 75, 110, 446, 479, 237, 277, 235, 217, 326, 21, 384, 400, 198, 394, 398, 254, 209, 194, 281, 133, 0, 97, 109, 140, 10, 202, 385, 475, 260, 210, 103, 4, 147, 272, 286, 136, 124, 214, 432, 447, 36, 139, 105, 59, 448, 126, 484, 427, 368, 439, 193, 483, 287, 23, 142, 413, 7, 219, 352, 491, 363, 169, 227, 276, 138, 201, 337, 65, 130, 408, 348, 357, 442, 1, 41, 258, 229, 119, 83, 366, 99, 396, 356, 137, 225, 480, 9, 88, 393, 445, 331, 437, 167, 350, 14, 196, 39, 436, 338, 300, 388, 170, 304, 189, 212, 344, 174, 247, 180, 465, 332, 156, 317]
Taxon occupancy: {338=1000, 339=1000, 332=1000, 333=1000, 330=1000, 159=1000, 331=1000, 158=1000, 336=1000, 157=1000, 156=1000, 337=1000, 155=1000, 334=1000, 335=1000, 154=1000, 152=1000, 153=1000, 150=1000, 151=1000, 202=1000, 349=1000, 203=1000, 204=1000, 205=1000, 200=1000, 201=1000, 341=1000, 169=1000, 342=1000, 343=1000, 344=1000, 206=1000, 345=1000, 166=1000, 207=1000, 346=1000, 165=1000, 347=1000, 168=1000, 208=1000, 167=1000, 348=1000, 209=1000, 409=1000, 3=1000, 161=1000, 408=1000, 162=1000, 2=1000, 1=1000, 163=1000, 0=1000, 164=1000, 7=1000, 405=1000, 404=1000, 6=1000, 407=1000, 5=1000, 340=1000, 4=1000, 406=1000, 160=1000, 401=1000, 400=1000, 9=1000, 403=1000, 402=1000, 8=1000, 211=1000, 212=1000, 210=1000, 318=1000, 215=1000, 216=1000, 319=1000, 316=1000, 213=1000, 317=1000, 214=1000, 219=1000, 179=1000, 314=1000, 315=1000, 178=1000, 217=1000, 312=1000, 177=1000, 218=1000, 176=1000, 313=1000, 310=1000, 311=1000, 170=1000, 418=1000, 417=1000, 171=1000, 416=1000, 415=1000, 174=1000, 175=1000, 172=1000, 419=1000, 173=1000, 410=1000, 414=1000, 413=1000, 412=1000, 411=1000, 220=1000, 221=1000, 222=1000, 223=1000, 224=1000, 327=1000, 225=1000, 328=1000, 329=1000, 226=1000, 227=1000, 323=1000, 228=1000, 188=1000, 229=1000, 324=1000, 187=1000, 325=1000, 189=1000, 326=1000, 320=1000, 321=1000, 322=1000, 427=1000, 180=1000, 426=1000, 181=1000, 429=1000, 428=1000, 182=1000, 183=1000, 184=1000, 185=1000, 186=1000, 421=1000, 420=1000, 423=1000, 422=1000, 425=1000, 424=1000, 116=1000, 117=1000, 114=1000, 115=1000, 112=1000, 113=1000, 110=1000, 111=1000, 118=1000, 119=1000, 435=1000, 436=1000, 433=1000, 434=1000, 431=1000, 432=1000, 430=1000, 439=1000, 437=1000, 438=1000, 125=1000, 126=1000, 300=1000, 127=1000, 128=1000, 302=1000, 121=1000, 301=1000, 122=1000, 304=1000, 123=1000, 124=1000, 303=1000, 306=1000, 305=1000, 308=1000, 307=1000, 129=1000, 309=1000, 444=1000, 445=1000, 446=1000, 447=1000, 440=1000, 441=1000, 442=1000, 443=1000, 120=1000, 448=1000, 449=1000, 134=1000, 135=1000, 132=1000, 133=1000, 138=1000, 139=1000, 136=1000, 137=1000, 450=1000, 453=1000, 454=1000, 451=1000, 452=1000, 457=1000, 458=1000, 455=1000, 456=1000, 459=1000, 131=1000, 130=1000, 143=1000, 144=1000, 145=1000, 146=1000, 147=1000, 148=1000, 149=1000, 461=1000, 460=1000, 462=1000, 463=1000, 464=1000, 465=1000, 466=1000, 467=1000, 468=1000, 469=1000, 140=1000, 142=1000, 141=1000, 195=1000, 194=1000, 197=1000, 196=1000, 191=1000, 190=1000, 193=1000, 192=1000, 198=1000, 199=1000, 500=1000, 35=1000, 36=1000, 33=1000, 34=1000, 39=1000, 37=1000, 38=1000, 43=1000, 42=1000, 41=1000, 40=1000, 22=1000, 23=1000, 24=1000, 25=1000, 26=1000, 27=1000, 28=1000, 29=1000, 30=1000, 32=1000, 31=1000, 19=1000, 17=1000, 18=1000, 15=1000, 16=1000, 13=1000, 14=1000, 11=1000, 12=1000, 21=1000, 20=1000, 10=1000, 79=1000, 78=1000, 77=1000, 82=1000, 83=1000, 80=1000, 81=1000, 86=1000, 87=1000, 84=1000, 85=1000, 67=1000, 66=1000, 69=1000, 68=1000, 70=1000, 71=1000, 72=1000, 73=1000, 74=1000, 75=1000, 76=1000, 59=1000, 58=1000, 57=1000, 56=1000, 55=1000, 64=1000, 65=1000, 62=1000, 63=1000, 60=1000, 61=1000, 49=1000, 48=1000, 45=1000, 44=1000, 47=1000, 46=1000, 51=1000, 52=1000, 53=1000, 54=1000, 50=1000, 281=1000, 487=1000, 280=1000, 486=1000, 485=1000, 484=1000, 285=1000, 284=1000, 489=1000, 283=1000, 282=1000, 488=1000, 288=1000, 289=1000, 286=1000, 287=1000, 482=1000, 483=1000, 480=1000, 481=1000, 474=1000, 473=1000, 476=1000, 270=1000, 475=1000, 272=1000, 478=1000, 477=1000, 271=1000, 274=1000, 479=1000, 273=1000, 275=1000, 276=1000, 277=1000, 278=1000, 279=1000, 470=1000, 471=1000, 472=1000, 109=1000, 108=1000, 107=1000, 106=1000, 105=1000, 104=1000, 103=1000, 99=1000, 102=1000, 101=1000, 100=1000, 98=1000, 97=1000, 391=1000, 96=1000, 390=1000, 95=1000, 393=1000, 94=1000, 93=1000, 392=1000, 92=1000, 395=1000, 394=1000, 91=1000, 294=1000, 90=1000, 499=1000, 293=1000, 296=1000, 295=1000, 290=1000, 496=1000, 495=1000, 292=1000, 498=1000, 291=1000, 497=1000, 491=1000, 492=1000, 493=1000, 494=1000, 297=1000, 298=1000, 299=1000, 490=1000, 396=1000, 397=1000, 398=1000, 399=1000, 88=1000, 89=1000, 240=1000, 241=1000, 383=1000, 384=1000, 381=1000, 382=1000, 380=1000, 389=1000, 388=1000, 387=1000, 386=1000, 385=1000, 245=1000, 244=1000, 243=1000, 242=1000, 249=1000, 248=1000, 247=1000, 246=1000, 230=1000, 370=1000, 371=1000, 372=1000, 373=1000, 379=1000, 378=1000, 239=1000, 375=1000, 374=1000, 377=1000, 376=1000, 232=1000, 231=1000, 234=1000, 233=1000, 236=1000, 235=1000, 238=1000, 237=1000, 262=1000, 263=1000, 260=1000, 261=1000, 361=1000, 362=1000, 360=1000, 366=1000, 365=1000, 364=1000, 363=1000, 369=1000, 368=1000, 367=1000, 269=1000, 268=1000, 267=1000, 266=1000, 265=1000, 264=1000, 250=1000, 251=1000, 252=1000, 350=1000, 351=1000, 353=1000, 352=1000, 355=1000, 354=1000, 357=1000, 356=1000, 359=1000, 358=1000, 258=1000, 257=1000, 259=1000, 254=1000, 253=1000, 256=1000, 255=1000}
Number of gene trees: 1000
0 trees have missing taxa
Calculating quartet distance matrix (for completion of X)
Species tree distances calculated ...
Building set of clusters (X) from gene trees 
Using tree-based weight calculation.
Number of Default Clusters: 121967
Number of quartet trees in the gene trees: 2593739605086
calculating extra bipartitions to be added at level 1 ...
Number of Clusters after addition by distance: 121971
Adding to X using resolutions of greedy consensus ...
Threshold 0.0:
polytomy of size 4; rounds with additions with at least 0.01 support: 1; clusters: 121991
Threshold 0.01:
polytomy of size 9; rounds with additions with at least 0.01 support: 7; clusters: 122181
Threshold 0.02:
polytomy of size 10; rounds with additions with at least 0.01 support: 0; clusters: 122293
Threshold 0.05:
polytomy of size 3; rounds with additions with at least 0.01 support: 0; clusters: 122293
polytomy of size 15; rounds with additions with at least 0.01 support: 0; clusters: 122297
Threshold 0.1:
polytomy of size 3; rounds with additions with at least 0.01 support: 0; clusters: 122297
polytomy of size 3; rounds with additions with at least 0.01 support: 0; clusters: 122297
polytomy of size 25; rounds with additions with at least 0.01 support: 0; clusters: 122299
Threshold 0.2:
polytomy of size 4; rounds with additions with at least 0.01 support: 0; clusters: 122299
polytomy of size 3; rounds with additions with at least 0.01 support: 0; clusters: 122299
polytomy of size 3; rounds with additions with at least 0.01 support: 0; clusters: 122299
polytomy of size 5; rounds with additions with at least 0.01 support: 0; clusters: 122299
polytomy of size 3; rounds with additions with at least 0.01 support: 0; clusters: 122299
polytomy of size 3; rounds with additions with at least 0.01 support: 0; clusters: 122299
polytomy of size 3; rounds with additions with at least 0.01 support: 0; clusters: 122299
polytomy of size 3; rounds with additions with at least 0.01 support: 0; clusters: 122299
polytomy of size 3; rounds with additions with at least 0.01 support: 0; clusters: 122299
polytomy of size 3; rounds with additions with at least 0.01 support: 0; clusters: 122299
polytomy of size 3; rounds with additions with at least 0.01 support: 0; clusters: 122299
polytomy of size 3; rounds with additions with at least 0.01 support: 0; clusters: 122299
polytomy of size 34; rounds with additions with at least 0.01 support: 0; clusters: 122311
Threshold 0.3333333333333333:
polytomy of size 4; rounds with additions with at least 0.01 support: 0; clusters: 122311
polytomy of size 4; rounds with additions with at least 0.01 support: 0; clusters: 122311
polytomy of size 3; rounds with additions with at least 0.01 support: 0; clusters: 122311
polytomy of size 3; rounds with additions with at least 0.01 support: 0; clusters: 122311
polytomy of size 3; rounds with additions with at least 0.01 support: 0; clusters: 122311
polytomy of size 3; rounds with additions with at least 0.01 support: 0; clusters: 122311
polytomy of size 3; rounds with additions with at least 0.01 support: 0; clusters: 122311
polytomy of size 4; rounds with additions with at least 0.01 support: 0; clusters: 122311
polytomy of size 3; rounds with additions with at least 0.01 support: 0; clusters: 122311
polytomy of size 3; rounds with additions with at least 0.01 support: 0; clusters: 122311
polytomy of size 3; rounds with additions with at least 0.01 support: 0; clusters: 122311
polytomy of size 4; rounds with additions with at least 0.01 support: 0; clusters: 122311
polytomy of size 3; rounds with additions with at least 0.01 support: 0; clusters: 122311
polytomy of size 3; rounds with additions with at least 0.01 support: 0; clusters: 122311
polytomy of size 4; rounds with additions with at least 0.01 support: 0; clusters: 122311
polytomy of size 6; rounds with additions with at least 0.01 support: 0; clusters: 122311
polytomy of size 4; rounds with additions with at least 0.01 support: 0; clusters: 122311
polytomy of size 3; rounds with additions with at least 0.01 support: 0; clusters: 122311
polytomy of size 4; rounds with additions with at least 0.01 support: 0; clusters: 122311
polytomy of size 3; rounds with additions with at least 0.01 support: 0; clusters: 122311
polytomy of size 4; rounds with additions with at least 0.01 support: 0; clusters: 122311
polytomy of size 3; rounds with additions with at least 0.01 support: 0; clusters: 122311
polytomy of size 6; rounds with additions with at least 0.01 support: 0; clusters: 122311
polytomy of size 4; rounds with additions with at least 0.01 support: 0; clusters: 122311
polytomy of size 6; rounds with additions with at least 0.01 support: 0; clusters: 122311
polytomy of size 3; rounds with additions with at least 0.01 support: 0; clusters: 122311
polytomy of size 6; rounds with additions with at least 0.01 support: 0; clusters: 122311
polytomy of size 10; rounds with additions with at least 0.01 support: 0; clusters: 122355
polytomy of size 3; rounds with additions with at least 0.01 support: 0; clusters: 122355
polytomy of size 3; rounds with additions with at least 0.01 support: 0; clusters: 122355
polytomy of size 5; rounds with additions with at least 0.01 support: 0; clusters: 122355
polytomy of size 3; rounds with additions with at least 0.01 support: 0; clusters: 122355
polytomy of size 3; rounds with additions with at least 0.01 support: 0; clusters: 122355
polytomy of size 4; rounds with additions with at least 0.01 support: 0; clusters: 122355
polytomy of size 3; rounds with additions with at least 0.01 support: 0; clusters: 122355
polytomy of size 3; rounds with additions with at least 0.01 support: 0; clusters: 122355
polytomy of size 46; rounds with additions with at least 0.01 support: 0; clusters: 129509
Number of Clusters after addition by greedy: 129509
partitions formed in 165.485 secs
Dynamic Programming starting after 165.485 secs
Size of largest cluster: 501
Size of largest cluster: 501
Calculated 100000 weights; time (seconds): 230
Total Number of elements weighted: 393170
Normalized score (portion of input quartet trees satisfied): NaN
Final optimization score: 0
Calculated 200000 weights; time (seconds): 61
Calculated 300000 weights; time (seconds): 64
Total Number of elements weighted: 393170
Normalized score (portion of input quartet trees satisfied): 0.6102872616954604
Final optimization score: 1582926241139
Optimal tree inferred in 436.555 secs.
(278,((42,(11,282)),((192,(101,(296,255))),((407,(342,346)),((297,468),(((5,(305,309)),(153,(259,129))),((222,(315,164)),(((180,(465,332)),(((385,(475,260)),((286,(147,272)),(210,(103,4)))),((481,((28,30),(359,((249,360),(236,(16,141)))))),((97,((10,202),(109,140))),((427,(484,368)),((59,(448,126)),((432,(139,(447,105))),(36,(136,(124,214)))))))))),((((318,(280,417)),(244,(422,(228,438)))),((143,((121,496),(62,441))),(((100,25),(44,289)),((386,(473,19)),(377,(302,(371,64))))))),((((304,189),(212,(170,(199,323)))),(263,(455,(498,(191,(454,(204,6))))))),(((((340,(399,161)),(177,(450,(461,(261,383))))),((380,410),((382,(108,40)),(34,((327,215),(80,(29,(230,226)))))))),(((344,174),(419,(246,303))),((156,317),((((38,70),(453,(311,(273,449)))),(((320,(3,420)),((457,373),(106,(162,487)))),(232,((87,(241,35)),(33,(135,((81,375),(182,(73,56))))))))),(((335,(49,391)),((48,(168,291)),(299,(203,((285,266),(82,150)))))),((349,(411,(37,8))),((145,(113,157)),((416,(306,372)),((264,(314,367)),(149,(308,220))))))))))),((((288,485),((239,270),(470,(497,429)))),((158,(361,458)),(((218,425),(208,374)),((184,(55,(122,284))),(((154,(132,(112,354))),((213,58),(159,313))),((((66,251),(435,((330,(46,252)),(271,(128,(117,205)))))),(392,(51,(((68,(265,96)),(181,(492,(379,84)))),((466,412),(61,(500,(176,(211,395))))))))),(95,(((345,(166,242)),((146,(353,79)),((424,(186,486)),((52,334),(104,190))))),(((274,(405,333)),(160,(460,(197,257)))),(((456,464),(175,(15,63))),((31,(171,173)),(102,(148,451))))))))))))),(((370,((72,462),((27,92),(116,((12,365),(123,125)))))),(((324,415),((26,310),((206,32),(85,403)))),(((295,307),(93,(98,(329,(155,24))))),((312,((195,321),(275,(489,(144,231))))),(((91,(378,298)),(94,(404,431))),((71,216),((57,(482,207)),(428,(421,(187,292)))))))))),((((434,(47,(493,(459,13)))),(452,((127,387),(358,(467,351))))),(((69,(301,471)),((179,316),(20,397))),(60,(((381,53),((67,268),(322,(178,22)))),(((319,(131,17)),(183,(262,78))),((77,((402,423),(134,(240,152)))),(((111,18),(172,(389,86))),(((50,(477,221)),(245,(269,(223,233)))),(118,((185,294),(476,(341,(76,414))))))))))))),(0,(((151,(200,(390,(45,336)))),(224,((54,(495,401)),(((248,355),((234,(107,163)),(406,(339,347)))),(369,(409,((478,(74,115)),(328,(290,(494,430)))))))))),((((254,(194,(209,281))),((326,21),(398,(400,(384,(198,394)))))),((217,(277,235)),((110,(75,(114,443))),((446,(479,237)),(283,((433,(89,293)),(376,(343,463)))))))),(((490,43),(488,247)),(436,(((279,(472,(499,(188,253)))),(((444,256),((238,(418,474)),(325,(426,165)))),((133,(90,(362,2))),((267,469),((250,243),(440,(364,120))))))),((393,(258,((229,((9,88),(225,480))),(119,(396,((83,99),(366,(356,137)))))))),(((388,(338,300)),((196,39),(445,(331,((350,14),(437,167)))))),(((1,41),(442,(348,357))),(130,(408,(((138,(227,276)),((439,193),((23,142),(483,287)))),(169,(65,(201,((491,(363,337)),((413,352),(7,219))))))))))))))))))))))))))))))));
Quartet score is: 1582926241139
Normalized quartet score is: 0.6102872616954604
ASTRAL finished in 488.703 secs
