
================== ASTRAL ===================== 

This is ASTRAL version 4.10.8
Gene trees are treated as unrooted
1000 trees read from model.1000.2000000.0.000001/10/estimatedgenetre.halfresolved
All outputted trees will be *arbitrarily* rooted at 654

======== Running the main analysis
Number of taxa: 1001 (1001 species)
Taxa: [654, 733, 521, 413, 299, 507, 55, 457, 704, 846, 236, 670, 998, 274, 934, 315, 863, 398, 216, 660, 273, 74, 798, 307, 949, 269, 377, 611, 679, 463, 909, 241, 988, 727, 811, 81, 742, 987, 813, 96, 95, 165, 36, 254, 567, 43, 228, 528, 106, 821, 171, 84, 972, 755, 404, 575, 392, 229, 258, 588, 436, 619, 334, 853, 534, 61, 569, 32, 470, 221, 381, 900, 144, 180, 316, 959, 544, 933, 627, 135, 922, 101, 788, 110, 911, 883, 926, 680, 551, 810, 16, 641, 820, 561, 690, 737, 572, 418, 292, 473, 90, 906, 267, 385, 757, 672, 740, 213, 146, 193, 615, 65, 539, 407, 894, 645, 919, 658, 26, 476, 136, 892, 777, 365, 828, 498, 915, 695, 523, 884, 209, 852, 937, 912, 558, 842, 240, 355, 31, 608, 105, 438, 199, 546, 279, 412, 804, 116, 496, 936, 814, 756, 353, 858, 550, 38, 808, 368, 955, 183, 59, 677, 188, 691, 5, 206, 257, 973, 580, 51, 954, 469, 304, 595, 246, 650, 453, 487, 49, 871, 442, 366, 282, 245, 917, 560, 251, 656, 4, 676, 602, 83, 100, 448, 877, 452, 305, 548, 280, 831, 969, 807, 732, 178, 399, 396, 432, 746, 535, 212, 629, 85, 202, 714, 405, 855, 502, 882, 198, 131, 117, 479, 889, 685, 78, 328, 373, 585, 314, 195, 764, 33, 115, 636, 336, 613, 244, 659, 841, 210, 52, 603, 508, 673, 477, 153, 923, 486, 370, 729, 284, 3, 429, 270, 866, 129, 805, 439, 402, 759, 948, 123, 190, 68, 277, 124, 674, 716, 844, 925, 864, 266, 874, 242, 187, 789, 12, 601, 54, 778, 201, 185, 313, 89, 227, 982, 701, 139, 621, 384, 63, 82, 938, 524, 693, 424, 13, 150, 518, 416, 289, 163, 306, 98, 108, 389, 626, 207, 625, 494, 771, 927, 953, 825, 683, 225, 533, 311, 542, 888, 56, 983, 681, 369, 451, 817, 380, 700, 795, 833, 268, 318, 232, 875, 628, 348, 993, 224, 624, 9, 941, 898, 765, 482, 360, 835, 750, 946, 37, 472, 504, 974, 376, 319, 734, 403, 943, 99, 743, 250, 593, 802, 719, 230, 526, 721, 19, 7, 208, 181, 152, 422, 347, 45, 433, 562, 910, 661, 830, 17, 584, 794, 971, 573, 997, 907, 92, 235, 321, 880, 935, 738, 490, 903, 286, 272, 878, 536, 827, 639, 169, 142, 939, 896, 2, 873, 364, 283, 312, 211, 947, 160, 618, 994, 441, 285, 324, 35, 151, 576, 325, 21, 326, 104, 511, 538, 500, 248, 744, 132, 799, 977, 632, 749, 879, 259, 597, 426, 893, 20, 932, 1, 617, 446, 644, 809, 735, 829, 219, 840, 128, 88, 161, 630, 214, 127, 669, 455, 87, 346, 532, 288, 689, 157, 763, 797, 301, 823, 57, 428, 15, 133, 570, 985, 815, 637, 787, 657, 27, 559, 226, 968, 437, 865, 826, 801, 103, 489, 590, 149, 703, 358, 302, 159, 824, 317, 145, 34, 785, 197, 836, 586, 467, 361, 723, 754, 164, 322, 196, 484, 914, 69, 265, 18, 440, 44, 260, 612, 979, 488, 39, 323, 541, 14, 651, 300, 803, 887, 531, 717, 819, 960, 293, 409, 591, 557, 589, 766, 529, 793, 574, 475, 545, 354, 10, 761, 138, 553, 349, 929, 578, 72, 175, 40, 420, 782, 156, 944, 162, 838, 992, 435, 986, 419, 155, 390, 340, 687, 748, 851, 118, 459, 568, 527, 862, 859, 566, 461, 791, 876, 848, 981, 335, 64, 715, 237, 113, 137, 11, 899, 995, 728, 1000, 66, 774, 93, 217, 255, 975, 579, 861, 0, 834, 263, 192, 709, 367, 119, 610, 122, 800, 252, 996, 329, 605, 445, 345, 517, 530, 773, 271, 303, 796, 675, 816, 243, 870, 447, 556, 262, 218, 692, 179, 671, 890, 505, 868, 62, 688, 456, 172, 121, 339, 497, 184, 577, 697, 203, 623, 961, 356, 989, 768, 275, 58, 50, 931, 606, 598, 552, 845, 120, 48, 492, 694, 634, 510, 352, 667, 25, 298, 860, 338, 745, 182, 850, 60, 46, 775, 839, 607, 278, 895, 822, 290, 330, 296, 643, 327, 904, 454, 664, 970, 752, 990, 491, 967, 843, 770, 718, 921, 71, 769, 465, 818, 780, 849, 731, 281, 112, 940, 143, 450, 867, 705, 222, 379, 256, 513, 857, 596, 411, 751, 6, 287, 23, 444, 42, 779, 812, 148, 571, 976, 400, 686, 168, 134, 47, 965, 712, 916, 495, 978, 485, 417, 522, 239, 80, 710, 158, 741, 395, 8, 24, 901, 391, 592, 102, 401, 784, 622, 375, 594, 344, 337, 581, 458, 294, 905, 378, 382, 736, 147, 247, 415, 726, 928, 520, 891, 582, 97, 964, 720, 942, 408, 678, 662, 499, 462, 908, 466, 609, 696, 708, 430, 762, 493, 599, 333, 421, 668, 549, 22, 962, 397, 684, 109, 205, 564, 783, 67, 725, 952, 53, 600, 386, 930, 166, 77, 423, 332, 711, 331, 194, 739, 75, 767, 881, 79, 170, 357, 30, 443, 140, 167, 343, 154, 460, 516, 393, 414, 320, 540, 515, 114, 350, 991, 481, 753, 980, 647, 126, 958, 646, 806, 649, 341, 790, 786, 555, 614, 372, 604, 130, 699, 425, 70, 125, 663, 204, 730, 501, 616, 220, 351, 406, 362, 234, 869, 897, 640, 76, 387, 963, 543, 918, 342, 231, 832, 666, 189, 956, 713, 297, 141, 374, 295, 706, 29, 950, 652, 760, 253, 913, 519, 480, 665, 758, 722, 233, 525, 902, 215, 781, 177, 856, 111, 200, 474, 94, 464, 427, 506, 41, 886, 310, 702, 648, 984, 966, 638, 291, 635, 583, 363, 383, 483, 86, 587, 747, 554, 191, 642, 28, 276, 73, 394, 509, 631, 410, 924, 885, 792, 698, 309, 91, 957, 837, 186, 772, 951, 388, 847, 776, 478, 620, 264, 359, 449, 547, 707, 655, 471, 653, 107, 261, 308, 945, 920, 872, 565, 238, 537, 249, 174, 173, 434, 512, 724, 223, 999, 431, 176, 854, 682, 633, 563, 503, 468, 371, 514]
Taxon occupancy: {338=1000, 339=1000, 941=1000, 942=1000, 940=1000, 945=1000, 332=1000, 333=1000, 946=1000, 943=1000, 330=1000, 331=1000, 944=1000, 336=1000, 949=1000, 337=1000, 334=1000, 947=1000, 948=1000, 335=1000, 531=1000, 748=1000, 747=1000, 530=1000, 746=1000, 745=1000, 535=1000, 534=1000, 533=1000, 749=1000, 532=1000, 740=1000, 539=1000, 538=1000, 537=1000, 536=1000, 744=1000, 743=1000, 742=1000, 741=1000, 349=1000, 930=1000, 931=1000, 341=1000, 932=1000, 342=1000, 933=1000, 343=1000, 934=1000, 935=1000, 344=1000, 936=1000, 345=1000, 937=1000, 346=1000, 347=1000, 938=1000, 348=1000, 939=1000, 540=1000, 3=1000, 735=1000, 734=1000, 2=1000, 929=1000, 542=1000, 737=1000, 1=1000, 736=1000, 541=1000, 0=1000, 739=1000, 7=1000, 544=1000, 543=1000, 738=1000, 6=1000, 546=1000, 5=1000, 340=1000, 4=1000, 545=1000, 548=1000, 547=1000, 9=1000, 549=1000, 8=1000, 731=1000, 730=1000, 733=1000, 732=1000, 920=1000, 318=1000, 319=1000, 316=1000, 317=1000, 927=1000, 314=1000, 928=1000, 315=1000, 925=1000, 312=1000, 313=1000, 926=1000, 310=1000, 923=1000, 924=1000, 311=1000, 921=1000, 922=1000, 513=1000, 512=1000, 729=1000, 511=1000, 728=1000, 727=1000, 510=1000, 726=1000, 725=1000, 724=1000, 919=1000, 918=1000, 723=1000, 722=1000, 721=1000, 519=1000, 720=1000, 518=1000, 517=1000, 516=1000, 515=1000, 514=1000, 327=1000, 328=1000, 329=1000, 914=1000, 323=1000, 915=1000, 324=1000, 325=1000, 916=1000, 917=1000, 326=1000, 910=1000, 709=1000, 320=1000, 911=1000, 912=1000, 321=1000, 913=1000, 322=1000, 717=1000, 522=1000, 716=1000, 521=1000, 719=1000, 524=1000, 523=1000, 718=1000, 713=1000, 908=1000, 907=1000, 712=1000, 520=1000, 715=1000, 714=1000, 909=1000, 529=1000, 711=1000, 710=1000, 526=1000, 525=1000, 528=1000, 527=1000, 989=1000, 988=1000, 987=1000, 571=1000, 570=1000, 982=1000, 981=1000, 980=1000, 986=1000, 985=1000, 984=1000, 983=1000, 700=1000, 703=1000, 574=1000, 575=1000, 704=1000, 701=1000, 572=1000, 702=1000, 573=1000, 707=1000, 578=1000, 708=1000, 579=1000, 576=1000, 705=1000, 706=1000, 577=1000, 977=1000, 976=1000, 979=1000, 300=1000, 978=1000, 580=1000, 302=1000, 301=1000, 582=1000, 304=1000, 303=1000, 581=1000, 306=1000, 305=1000, 308=1000, 971=1000, 307=1000, 970=1000, 973=1000, 309=1000, 972=1000, 975=1000, 974=1000, 583=1000, 584=1000, 585=1000, 586=1000, 587=1000, 588=1000, 589=1000, 969=1000, 968=1000, 967=1000, 966=1000, 965=1000, 964=1000, 963=1000, 962=1000, 961=1000, 960=1000, 558=1000, 559=1000, 556=1000, 557=1000, 554=1000, 555=1000, 552=1000, 553=1000, 550=1000, 551=1000, 959=1000, 958=1000, 560=1000, 955=1000, 954=1000, 957=1000, 956=1000, 951=1000, 950=1000, 953=1000, 952=1000, 569=1000, 565=1000, 566=1000, 567=1000, 568=1000, 561=1000, 562=1000, 563=1000, 564=1000, 799=1000, 798=1000, 797=1000, 796=1000, 795=1000, 794=1000, 793=1000, 792=1000, 790=1000, 996=1000, 997=1000, 791=1000, 994=1000, 995=1000, 992=1000, 993=1000, 990=1000, 991=1000, 998=1000, 999=1000, 781=1000, 782=1000, 783=1000, 784=1000, 785=1000, 786=1000, 787=1000, 788=1000, 789=1000, 780=1000, 772=1000, 505=1000, 506=1000, 773=1000, 503=1000, 770=1000, 504=1000, 771=1000, 776=1000, 509=1000, 777=1000, 507=1000, 774=1000, 508=1000, 775=1000, 778=1000, 779=1000, 501=1000, 502=1000, 500=1000, 763=1000, 764=1000, 765=1000, 766=1000, 760=1000, 761=1000, 762=1000, 767=1000, 768=1000, 769=1000, 754=1000, 755=1000, 752=1000, 753=1000, 750=1000, 751=1000, 758=1000, 759=1000, 756=1000, 757=1000, 595=1000, 594=1000, 597=1000, 391=1000, 390=1000, 596=1000, 393=1000, 599=1000, 392=1000, 598=1000, 395=1000, 394=1000, 396=1000, 397=1000, 398=1000, 399=1000, 590=1000, 591=1000, 592=1000, 593=1000, 383=1000, 384=1000, 381=1000, 382=1000, 380=1000, 389=1000, 388=1000, 387=1000, 386=1000, 385=1000, 370=1000, 371=1000, 372=1000, 373=1000, 379=1000, 378=1000, 375=1000, 374=1000, 377=1000, 376=1000, 361=1000, 362=1000, 360=1000, 366=1000, 365=1000, 364=1000, 363=1000, 369=1000, 368=1000, 367=1000, 350=1000, 351=1000, 353=1000, 352=1000, 355=1000, 354=1000, 357=1000, 356=1000, 359=1000, 358=1000, 806=1000, 807=1000, 804=1000, 805=1000, 802=1000, 803=1000, 800=1000, 801=1000, 159=1000, 158=1000, 157=1000, 156=1000, 155=1000, 154=1000, 152=1000, 601=1000, 600=1000, 153=1000, 150=1000, 151=1000, 609=1000, 608=1000, 607=1000, 606=1000, 605=1000, 604=1000, 603=1000, 602=1000, 202=1000, 203=1000, 204=1000, 205=1000, 200=1000, 201=1000, 169=1000, 166=1000, 206=1000, 207=1000, 165=1000, 208=1000, 168=1000, 167=1000, 209=1000, 161=1000, 409=1000, 408=1000, 162=1000, 163=1000, 164=1000, 405=1000, 404=1000, 407=1000, 406=1000, 160=1000, 401=1000, 400=1000, 403=1000, 402=1000, 211=1000, 824=1000, 825=1000, 212=1000, 822=1000, 210=1000, 823=1000, 215=1000, 828=1000, 216=1000, 829=1000, 213=1000, 826=1000, 827=1000, 214=1000, 219=1000, 179=1000, 178=1000, 177=1000, 217=1000, 176=1000, 218=1000, 820=1000, 821=1000, 170=1000, 418=1000, 171=1000, 417=1000, 416=1000, 415=1000, 174=1000, 623=1000, 175=1000, 622=1000, 621=1000, 172=1000, 173=1000, 620=1000, 419=1000, 410=1000, 627=1000, 626=1000, 625=1000, 624=1000, 819=1000, 414=1000, 413=1000, 629=1000, 412=1000, 628=1000, 411=1000, 220=1000, 811=1000, 221=1000, 812=1000, 813=1000, 222=1000, 223=1000, 814=1000, 224=1000, 815=1000, 225=1000, 816=1000, 817=1000, 226=1000, 227=1000, 818=1000, 228=1000, 188=1000, 187=1000, 229=1000, 189=1000, 810=1000, 427=1000, 180=1000, 426=1000, 181=1000, 429=1000, 428=1000, 182=1000, 183=1000, 610=1000, 184=1000, 185=1000, 612=1000, 186=1000, 611=1000, 614=1000, 809=1000, 613=1000, 808=1000, 616=1000, 421=1000, 615=1000, 420=1000, 423=1000, 618=1000, 422=1000, 617=1000, 425=1000, 424=1000, 619=1000, 116=1000, 843=1000, 117=1000, 842=1000, 114=1000, 841=1000, 115=1000, 840=1000, 112=1000, 113=1000, 110=1000, 111=1000, 849=1000, 848=1000, 847=1000, 846=1000, 118=1000, 845=1000, 844=1000, 119=1000, 435=1000, 436=1000, 433=1000, 434=1000, 431=1000, 432=1000, 430=1000, 439=1000, 437=1000, 438=1000, 125=1000, 830=1000, 126=1000, 832=1000, 127=1000, 831=1000, 128=1000, 121=1000, 122=1000, 123=1000, 124=1000, 838=1000, 837=1000, 839=1000, 129=1000, 834=1000, 833=1000, 836=1000, 835=1000, 444=1000, 445=1000, 446=1000, 447=1000, 440=1000, 441=1000, 442=1000, 443=1000, 120=1000, 448=1000, 449=1000, 861=1000, 134=1000, 135=1000, 860=1000, 132=1000, 133=1000, 865=1000, 138=1000, 139=1000, 864=1000, 863=1000, 136=1000, 862=1000, 137=1000, 869=1000, 868=1000, 867=1000, 866=1000, 450=1000, 453=1000, 454=1000, 451=1000, 452=1000, 457=1000, 458=1000, 455=1000, 456=1000, 459=1000, 131=1000, 130=1000, 143=1000, 144=1000, 145=1000, 850=1000, 146=1000, 147=1000, 852=1000, 851=1000, 148=1000, 854=1000, 149=1000, 853=1000, 856=1000, 855=1000, 858=1000, 857=1000, 859=1000, 461=1000, 460=1000, 462=1000, 463=1000, 464=1000, 465=1000, 466=1000, 467=1000, 468=1000, 469=1000, 140=1000, 142=1000, 141=1000, 687=1000, 686=1000, 689=1000, 688=1000, 683=1000, 682=1000, 685=1000, 684=1000, 888=1000, 889=1000, 884=1000, 885=1000, 886=1000, 680=1000, 681=1000, 887=1000, 880=1000, 881=1000, 882=1000, 883=1000, 678=1000, 677=1000, 676=1000, 675=1000, 674=1000, 673=1000, 672=1000, 671=1000, 679=1000, 879=1000, 877=1000, 878=1000, 875=1000, 670=1000, 876=1000, 873=1000, 874=1000, 871=1000, 872=1000, 870=1000, 696=1000, 695=1000, 694=1000, 693=1000, 890=1000, 699=1000, 698=1000, 697=1000, 899=1000, 893=1000, 894=1000, 891=1000, 892=1000, 897=1000, 691=1000, 898=1000, 692=1000, 895=1000, 690=1000, 896=1000, 646=1000, 647=1000, 648=1000, 649=1000, 642=1000, 195=1000, 194=1000, 643=1000, 644=1000, 197=1000, 645=1000, 196=1000, 191=1000, 190=1000, 640=1000, 193=1000, 641=1000, 192=1000, 198=1000, 199=1000, 639=1000, 637=1000, 638=1000, 635=1000, 636=1000, 633=1000, 634=1000, 631=1000, 632=1000, 630=1000, 668=1000, 669=1000, 660=1000, 661=1000, 662=1000, 663=1000, 664=1000, 665=1000, 666=1000, 667=1000, 659=1000, 657=1000, 658=1000, 651=1000, 652=1000, 650=1000, 655=1000, 656=1000, 653=1000, 654=1000, 35=1000, 36=1000, 33=1000, 34=1000, 39=1000, 37=1000, 38=1000, 43=1000, 42=1000, 41=1000, 40=1000, 22=1000, 23=1000, 24=1000, 25=1000, 26=1000, 27=1000, 28=1000, 29=1000, 30=1000, 32=1000, 31=1000, 19=1000, 17=1000, 18=1000, 15=1000, 16=1000, 13=1000, 14=1000, 11=1000, 12=1000, 21=1000, 20=1000, 10=1000, 79=1000, 78=1000, 77=1000, 82=1000, 83=1000, 80=1000, 81=1000, 86=1000, 87=1000, 84=1000, 85=1000, 67=1000, 66=1000, 69=1000, 68=1000, 70=1000, 71=1000, 72=1000, 73=1000, 74=1000, 75=1000, 76=1000, 59=1000, 58=1000, 57=1000, 56=1000, 55=1000, 64=1000, 65=1000, 62=1000, 63=1000, 60=1000, 61=1000, 49=1000, 48=1000, 45=1000, 44=1000, 47=1000, 46=1000, 51=1000, 52=1000, 53=1000, 54=1000, 50=1000, 487=1000, 281=1000, 486=1000, 280=1000, 485=1000, 484=1000, 285=1000, 284=1000, 283=1000, 489=1000, 282=1000, 488=1000, 288=1000, 289=1000, 286=1000, 287=1000, 482=1000, 483=1000, 480=1000, 481=1000, 474=1000, 473=1000, 270=1000, 476=1000, 475=1000, 478=1000, 272=1000, 477=1000, 271=1000, 274=1000, 479=1000, 273=1000, 275=1000, 276=1000, 277=1000, 278=1000, 279=1000, 470=1000, 471=1000, 472=1000, 1000=1000, 109=1000, 108=1000, 107=1000, 106=1000, 105=1000, 104=1000, 103=1000, 99=1000, 102=1000, 101=1000, 100=1000, 98=1000, 97=1000, 96=1000, 95=1000, 94=1000, 93=1000, 92=1000, 91=1000, 90=1000, 294=1000, 499=1000, 293=1000, 296=1000, 295=1000, 496=1000, 290=1000, 495=1000, 292=1000, 498=1000, 291=1000, 497=1000, 491=1000, 492=1000, 493=1000, 494=1000, 297=1000, 298=1000, 299=1000, 490=1000, 88=1000, 89=1000, 240=1000, 241=1000, 245=1000, 244=1000, 243=1000, 242=1000, 249=1000, 248=1000, 247=1000, 246=1000, 230=1000, 239=1000, 232=1000, 231=1000, 234=1000, 233=1000, 236=1000, 235=1000, 238=1000, 237=1000, 262=1000, 263=1000, 260=1000, 261=1000, 269=1000, 268=1000, 267=1000, 266=1000, 265=1000, 264=1000, 250=1000, 251=1000, 252=1000, 258=1000, 904=1000, 257=1000, 903=1000, 906=1000, 905=1000, 259=1000, 900=1000, 254=1000, 253=1000, 902=1000, 256=1000, 255=1000, 901=1000}
Number of gene trees: 1000
0 trees have missing taxa
Calculating quartet distance matrix (for completion of X)
Species tree distances calculated ...
Building set of clusters (X) from gene trees 
Using tree-based weight calculation.
Number of Default Clusters: 206189
Number of quartet trees in the gene trees: 41583291731038
calculating extra bipartitions to be added at level 1 ...
Number of Clusters after addition by distance: 206197
Adding to X using resolutions of greedy consensus ...
Threshold 0.0:
polytomy of size 6; rounds with additions with at least 0.01 support: 4; clusters: 206261
Threshold 0.01:
polytomy of size 15; rounds with additions with at least 0.01 support: 1; clusters: 206673
Threshold 0.02:
polytomy of size 3; rounds with additions with at least 0.01 support: 0; clusters: 206673
polytomy of size 16; rounds with additions with at least 0.01 support: 2; clusters: 206915
Threshold 0.05:
polytomy of size 3; rounds with additions with at least 0.01 support: 0; clusters: 206915
polytomy of size 5; rounds with additions with at least 0.01 support: 0; clusters: 206915
polytomy of size 3; rounds with additions with at least 0.01 support: 0; clusters: 206915
polytomy of size 26; rounds with additions with at least 0.01 support: 0; clusters: 206915
Threshold 0.1:
polytomy of size 4; rounds with additions with at least 0.01 support: 0; clusters: 206915
polytomy of size 3; rounds with additions with at least 0.01 support: 0; clusters: 206915
polytomy of size 3; rounds with additions with at least 0.01 support: 0; clusters: 206915
polytomy of size 4; rounds with additions with at least 0.01 support: 0; clusters: 206915
polytomy of size 3; rounds with additions with at least 0.01 support: 0; clusters: 206915
polytomy of size 5; rounds with additions with at least 0.01 support: 0; clusters: 206915
polytomy of size 3; rounds with additions with at least 0.01 support: 0; clusters: 206915
polytomy of size 6; rounds with additions with at least 0.01 support: 0; clusters: 206915
polytomy of size 33; rounds with additions with at least 0.01 support: 0; clusters: 206919
Threshold 0.2:
polytomy of size 5; rounds with additions with at least 0.01 support: 0; clusters: 206919
polytomy of size 6; rounds with additions with at least 0.01 support: 0; clusters: 206919
polytomy of size 3; rounds with additions with at least 0.01 support: 0; clusters: 206919
polytomy of size 3; rounds with additions with at least 0.01 support: 0; clusters: 206919
polytomy of size 4; rounds with additions with at least 0.01 support: 0; clusters: 206919
polytomy of size 3; rounds with additions with at least 0.01 support: 0; clusters: 206919
polytomy of size 4; rounds with additions with at least 0.01 support: 0; clusters: 206919
polytomy of size 6; rounds with additions with at least 0.01 support: 0; clusters: 206919
polytomy of size 4; rounds with additions with at least 0.01 support: 0; clusters: 206919
polytomy of size 3; rounds with additions with at least 0.01 support: 0; clusters: 206919
polytomy of size 4; rounds with additions with at least 0.01 support: 0; clusters: 206919
polytomy of size 6; rounds with additions with at least 0.01 support: 0; clusters: 206919
polytomy of size 3; rounds with additions with at least 0.01 support: 0; clusters: 206919
polytomy of size 3; rounds with additions with at least 0.01 support: 0; clusters: 206919
polytomy of size 3; rounds with additions with at least 0.01 support: 0; clusters: 206919
polytomy of size 7; rounds with additions with at least 0.01 support: 0; clusters: 206919
polytomy of size 5; rounds with additions with at least 0.01 support: 0; clusters: 206919
polytomy of size 3; rounds with additions with at least 0.01 support: 0; clusters: 206919
polytomy of size 4; rounds with additions with at least 0.01 support: 0; clusters: 206919
polytomy of size 7; rounds with additions with at least 0.01 support: 0; clusters: 206919
polytomy of size 3; rounds with additions with at least 0.01 support: 0; clusters: 206919
polytomy of size 5; rounds with additions with at least 0.01 support: 0; clusters: 206919
polytomy of size 4; rounds with additions with at least 0.01 support: 0; clusters: 206919
polytomy of size 4; rounds with additions with at least 0.01 support: 0; clusters: 206919
polytomy of size 50; rounds with additions with at least 0.01 support: 0; clusters: 206935
Threshold 0.3333333333333333:
polytomy of size 3; rounds with additions with at least 0.01 support: 0; clusters: 206935
polytomy of size 3; rounds with additions with at least 0.01 support: 0; clusters: 206935
polytomy of size 3; rounds with additions with at least 0.01 support: 0; clusters: 206935
polytomy of size 3; rounds with additions with at least 0.01 support: 0; clusters: 206935
polytomy of size 5; rounds with additions with at least 0.01 support: 0; clusters: 206935
polytomy of size 3; rounds with additions with at least 0.01 support: 0; clusters: 206935
polytomy of size 3; rounds with additions with at least 0.01 support: 0; clusters: 206935
polytomy of size 3; rounds with additions with at least 0.01 support: 0; clusters: 206935
polytomy of size 3; rounds with additions with at least 0.01 support: 0; clusters: 206935
polytomy of size 3; rounds with additions with at least 0.01 support: 0; clusters: 206935
polytomy of size 3; rounds with additions with at least 0.01 support: 0; clusters: 206935
polytomy of size 3; rounds with additions with at least 0.01 support: 0; clusters: 206935
polytomy of size 7; rounds with additions with at least 0.01 support: 0; clusters: 206935
polytomy of size 3; rounds with additions with at least 0.01 support: 0; clusters: 206935
polytomy of size 4; rounds with additions with at least 0.01 support: 0; clusters: 206935
polytomy of size 4; rounds with additions with at least 0.01 support: 0; clusters: 206935
polytomy of size 5; rounds with additions with at least 0.01 support: 0; clusters: 206935
polytomy of size 5; rounds with additions with at least 0.01 support: 0; clusters: 206935
polytomy of size 3; rounds with additions with at least 0.01 support: 0; clusters: 206935
polytomy of size 3; rounds with additions with at least 0.01 support: 0; clusters: 206935
polytomy of size 4; rounds with additions with at least 0.01 support: 0; clusters: 206935
polytomy of size 3; rounds with additions with at least 0.01 support: 0; clusters: 206935
polytomy of size 4; rounds with additions with at least 0.01 support: 0; clusters: 206935
polytomy of size 3; rounds with additions with at least 0.01 support: 0; clusters: 206935
polytomy of size 6; rounds with additions with at least 0.01 support: 0; clusters: 206935
polytomy of size 4; rounds with additions with at least 0.01 support: 0; clusters: 206935
polytomy of size 3; rounds with additions with at least 0.01 support: 0; clusters: 206935
polytomy of size 3; rounds with additions with at least 0.01 support: 0; clusters: 206935
polytomy of size 3; rounds with additions with at least 0.01 support: 0; clusters: 206935
polytomy of size 3; rounds with additions with at least 0.01 support: 0; clusters: 206935
polytomy of size 4; rounds with additions with at least 0.01 support: 0; clusters: 206935
polytomy of size 3; rounds with additions with at least 0.01 support: 0; clusters: 206935
polytomy of size 3; rounds with additions with at least 0.01 support: 0; clusters: 206935
polytomy of size 4; rounds with additions with at least 0.01 support: 0; clusters: 206935
polytomy of size 3; rounds with additions with at least 0.01 support: 0; clusters: 206935
polytomy of size 3; rounds with additions with at least 0.01 support: 0; clusters: 206935
polytomy of size 3; rounds with additions with at least 0.01 support: 0; clusters: 206935
polytomy of size 3; rounds with additions with at least 0.01 support: 0; clusters: 206935
polytomy of size 4; rounds with additions with at least 0.01 support: 0; clusters: 206935
polytomy of size 3; rounds with additions with at least 0.01 support: 0; clusters: 206935
polytomy of size 4; rounds with additions with at least 0.01 support: 0; clusters: 206935
polytomy of size 3; rounds with additions with at least 0.01 support: 0; clusters: 206935
polytomy of size 4; rounds with additions with at least 0.01 support: 0; clusters: 206935
polytomy of size 3; rounds with additions with at least 0.01 support: 0; clusters: 206935
polytomy of size 3; rounds with additions with at least 0.01 support: 0; clusters: 206935
polytomy of size 3; rounds with additions with at least 0.01 support: 0; clusters: 206935
polytomy of size 5; rounds with additions with at least 0.01 support: 0; clusters: 206935
polytomy of size 5; rounds with additions with at least 0.01 support: 0; clusters: 206935
polytomy of size 5; rounds with additions with at least 0.01 support: 0; clusters: 206935
polytomy of size 3; rounds with additions with at least 0.01 support: 0; clusters: 206935
polytomy of size 7; rounds with additions with at least 0.01 support: 0; clusters: 206935
polytomy of size 7; rounds with additions with at least 0.01 support: 0; clusters: 206935
polytomy of size 4; rounds with additions with at least 0.01 support: 0; clusters: 206935
polytomy of size 3; rounds with additions with at least 0.01 support: 0; clusters: 206935
polytomy of size 12; rounds with additions with at least 0.01 support: 0; clusters: 207075
polytomy of size 3; rounds with additions with at least 0.01 support: 0; clusters: 207075
polytomy of size 4; rounds with additions with at least 0.01 support: 0; clusters: 207075
polytomy of size 4; rounds with additions with at least 0.01 support: 0; clusters: 207075
polytomy of size 4; rounds with additions with at least 0.01 support: 0; clusters: 207075
polytomy of size 5; rounds with additions with at least 0.01 support: 0; clusters: 207075
polytomy of size 3; rounds with additions with at least 0.01 support: 0; clusters: 207075
polytomy of size 3; rounds with additions with at least 0.01 support: 0; clusters: 207075
polytomy of size 3; rounds with additions with at least 0.01 support: 0; clusters: 207075
polytomy of size 3; rounds with additions with at least 0.01 support: 0; clusters: 207075
polytomy of size 3; rounds with additions with at least 0.01 support: 0; clusters: 207075
polytomy of size 3; rounds with additions with at least 0.01 support: 0; clusters: 207075
polytomy of size 3; rounds with additions with at least 0.01 support: 0; clusters: 207075
polytomy of size 86; rounds with additions with at least 0.01 support: 0; clusters: 247815
Number of Clusters after addition by greedy: 247815
partitions formed in 5211.312 secs
Dynamic Programming starting after 5211.313 secs
Size of largest cluster: 1001
Size of largest cluster: 1001
Calculated 100000 weights; time (seconds): 5342
Calculated 200000 weights; time (seconds): 121
Calculated 300000 weights; time (seconds): 133
Calculated 400000 weights; time (seconds): 120
Calculated 500000 weights; time (seconds): 125
Calculated 600000 weights; time (seconds): 295
Calculated 700000 weights; time (seconds): 934
Total Number of elements weighted: 775752
Normalized score (portion of input quartet trees satisfied): NaN
Final optimization score: 0
Total Number of elements weighted: 775752
Normalized score (portion of input quartet trees satisfied): 0.5952782819583942
Final optimization score: 24753630459827
Optimal tree inferred in 8587.561 secs.
(654,((521,((413,299),(733,507))),((216,(398,(315,863))),((55,(611,((679,(463,909)),((949,(269,377)),(457,((934,(998,274)),(670,(704,(846,236))))))))),(((798,307),(((855,(502,882)),(117,((198,131),(479,889)))),((685,(((764,33),(195,(78,(328,(373,(585,314)))))),((210,(52,603)),((153,923),(508,(673,477)))))),(((841,(244,659)),(613,(636,(115,336)))),((408,((462,908),(499,(678,662)))),((466,609),((696,(430,762)),((708,(421,(493,(599,333)))),((720,942),(147,((247,(928,(415,726))),(520,(891,(582,(97,964))))))))))))))),((((277,(124,674)),((123,(190,68)),(864,(844,(716,925))))),((402,(439,(759,948))),(((270,866),(129,805)),((729,(284,429)),(3,(486,370)))))),(((714,405),(660,(273,74))),(((((834,263),((709,367),(192,((119,800),(610,122))))),((692,(252,(996,329))),((271,(605,(530,(517,(773,(445,345)))))),((303,796),((262,218),(243,((675,816),(870,(447,556))))))))),(((158,24),(((395,8),(741,(712,916))),((239,(80,710)),(485,(522,(417,(495,978))))))),(((622,(375,594)),(102,(401,784))),(((47,965),((400,686),(134,(148,((779,812),(168,(571,976))))))),((901,(391,592)),((596,((256,(513,857)),((23,(444,42)),((411,751),(6,287))))),((694,(634,510)),(((904,(454,664)),(((970,(491,(752,990))),(822,(839,(895,(607,278))))),((667,(352,25)),(((850,60),(46,775)),(298,(745,(182,(860,338)))))))),(((643,327),(330,296)),(379,(((731,(281,112)),((705,222),(290,(940,(143,(450,867)))))),(718,((967,(849,(843,770))),(921,(71,((769,465),(818,780))))))))))))))))),((0,((344,(337,581)),((((85,(629,(212,202))),(732,(432,(178,((746,535),(399,396)))))),(((351,406),(362,234)),(((869,(666,(189,(832,956)))),(897,(((713,652),(760,(253,913))),(297,((141,374),(706,(295,(29,950)))))))),((640,(76,387)),((963,((543,918),(342,231))),((519,(480,665)),((758,(722,233)),((781,177),(525,(902,215)))))))))),((((856,(111,200)),((464,(474,94)),(427,(702,(886,(310,(506,41))))))),((483,(554,(191,(587,(86,747))))),(((291,(635,583)),(383,(363,(984,(638,(648,966)))))),((642,28),((276,(73,394)),(509,((924,792),(631,(410,885))))))))),((((172,121),(505,((868,62),(688,456)))),((845,(120,(48,492))),(((598,552),(50,(931,606))),((339,(497,184)),(577,(697,(768,((989,275),((203,356),(58,(623,961))))))))))),((((382,736),(458,(905,(294,378)))),(((682,(633,(563,503))),(223,(431,(999,(176,854))))),(468,((371,514),((512,724),(537,((173,434),(249,174)))))))),((179,(671,890)),(((449,(547,707)),((264,359),(478,620))),(727,(((655,471),((261,308),(872,(238,(565,(945,920)))))),((653,107),(((772,776),(847,(951,388))),(837,(309,(186,(698,(91,957))))))))))))))))),((((549,(22,(962,397))),(811,((668,(77,(423,((194,739),(332,(711,331)))))),(684,(((564,783),(109,205)),((952,(53,600)),((67,725),(166,(386,930))))))))),((500,(576,((441,((285,324),(35,151))),((511,538),(21,(104,(325,326))))))),((259,(597,(932,(893,(426,20))))),((749,879),(632,((132,799),(977,(248,744)))))))),(((161,(630,(214,127))),((((548,280),(831,(305,(969,807)))),(((187,789),(266,(874,242))),((185,((778,201),(601,(12,54)))),((1,(617,446)),(644,(219,(809,((735,829),(840,(128,88)))))))))),((((562,910),(19,((7,(208,181)),(152,((45,433),(422,347)))))),(((618,994),((2,873),(364,(283,(312,(211,(947,160))))))),(661,(((250,(593,802)),(((719,230),(526,721)),(830,(794,(17,584))))),(((573,997),(971,(907,((92,880),(235,321))))),(((939,896),(169,(639,142))),((99,743),((490,(903,(286,272))),((935,738),(878,(536,827))))))))))),(((56,983),(625,(683,((888,(311,(225,(533,542)))),((494,771),(927,(953,825))))))),((734,(403,943)),(((319,(376,((946,472),(974,(37,504))))),(((313,424),(693,(938,524))),((82,(621,(384,63))),((701,139),(227,(89,982)))))),(((389,(98,108)),(306,((626,207),((289,163),(416,(13,(150,518))))))),((681,(369,(451,817))),(((765,482),(360,(835,750))),(((993,224),((624,9),(941,898))),((700,(380,318)),((232,875),((628,348),(795,(833,268))))))))))))))),((((821,(528,106)),(171,(84,(972,755)))),((229,(392,(404,575))),((515,((114,(350,991)),((393,414),(320,540)))),(((569,(436,619)),((258,588),(853,(534,(334,61))))),((516,(767,167)),(75,((343,(154,460)),(881,((30,(443,140)),(357,(79,170))))))))))),((((730,(501,(616,220))),((757,((213,146),(672,740))),((267,(906,385)),(((407,(894,645)),((498,915),(193,(65,(615,539))))),(658,((828,(777,365)),((476,136),(919,(26,892))))))))),(((66,((1000,(899,(995,728))),(774,(217,(93,255))))),(((690,737),((241,988),((572,90),(292,(418,473))))),(((958,646),((647,126),(980,(481,753)))),(806,(649,(790,((130,699),((425,(70,(341,125))),(604,((555,614),(786,372))))))))))),((663,204),(((883,926),((551,(680,810)),((820,561),(16,641)))),(((959,544),((922,(110,(101,788))),((933,911),(627,135)))),(((144,(180,316)),((381,900),(470,(32,221)))),((64,((113,137),(715,237))),((848,(981,335)),(11,(((118,459),(687,(748,851))),((568,(527,862)),((859,876),(340,(566,(461,791))))))))))))))),(((((116,496),((412,804),(936,814))),((669,455),((87,(346,532)),((797,(763,301)),(288,(689,157)))))),((756,((353,(858,550)),((815,(637,787)),((570,985),(823,((57,428),(15,133))))))),(((877,452),((100,448),(4,(602,(676,83))))),(((808,(38,368)),(955,((59,677),(183,188)))),(691,(((487,251),(656,(49,((917,560),(871,(442,(366,(282,245)))))))),((469,(595,(954,304))),((246,(650,453)),((5,206),(51,(580,(257,973)))))))))))),((81,(((43,228),(254,567)),(742,(987,(813,(95,(96,(165,36)))))))),(((((937,(912,558)),(842,(240,355))),(438,((31,199),(279,(546,(608,105)))))),(((523,884),(695,(209,852))),(156,((929,((578,(420,782)),(175,(72,40)))),((944,162),((838,(992,435)),(419,(986,(155,390))))))))),(((553,349),((761,138),(10,(545,354)))),(((361,(723,754)),((785,197),(836,(586,467)))),(((103,975),(590,(((145,34),(149,((703,824),(317,(358,(302,159)))))),(((437,865),(489,(826,801))),((226,968),(559,(657,27))))))),((440,(((39,323),((579,861),(612,(979,488)))),(819,((960,293),((409,591),(557,(589,766))))))),((196,(529,(574,(793,475)))),(((887,717),(531,(14,(651,(541,(300,803)))))),((164,322),((44,260),(484,(914,(69,(265,18))))))))))))))))))))))))))));
Quartet score is: 24753630459827
Normalized quartet score is: 0.5952782819583942
ASTRAL finished in 10248.073 secs
