
================== ASTRAL ===================== 

This is ASTRAL version 4.10.10
Gene trees are treated as unrooted
997 trees read from ASTRALDATA/model.200.500000.0.0000001/14/estimatedgenetre.halfresolved
All output trees will be *arbitrarily* rooted at 193

======== Running the main analysis
Number of taxa: 201 (201 species)
Taxa: [193, 16, 116, 1, 156, 55, 8, 86, 82, 174, 102, 153, 35, 20, 24, 66, 72, 115, 85, 155, 18, 43, 173, 119, 84, 9, 46, 94, 143, 179, 33, 42, 74, 114, 120, 130, 161, 76, 36, 150, 39, 37, 79, 68, 45, 182, 167, 75, 48, 127, 54, 199, 139, 184, 188, 138, 3, 100, 38, 103, 192, 195, 136, 124, 162, 163, 129, 47, 110, 112, 170, 194, 69, 181, 32, 107, 73, 178, 41, 196, 145, 0, 185, 186, 77, 111, 166, 132, 122, 198, 40, 137, 140, 117, 187, 59, 180, 56, 200, 95, 118, 93, 10, 61, 105, 144, 92, 29, 157, 197, 80, 17, 171, 97, 12, 19, 183, 13, 87, 154, 99, 168, 146, 25, 51, 71, 109, 128, 78, 189, 89, 191, 21, 172, 134, 151, 44, 49, 26, 152, 104, 164, 23, 67, 31, 83, 148, 4, 91, 96, 58, 123, 6, 190, 63, 126, 142, 141, 81, 176, 131, 53, 106, 27, 158, 125, 160, 133, 165, 177, 34, 98, 70, 121, 5, 15, 113, 65, 52, 28, 175, 30, 22, 2, 57, 135, 88, 62, 169, 101, 7, 60, 149, 11, 159, 108, 64, 50, 147, 90, 14]
Taxon occupancy: {35=997, 36=997, 159=997, 33=997, 158=997, 34=997, 39=997, 157=997, 156=997, 155=997, 37=997, 38=997, 154=997, 152=997, 153=997, 150=997, 151=997, 43=997, 42=997, 41=997, 40=997, 200=997, 22=997, 23=997, 169=997, 24=997, 25=997, 166=997, 26=997, 27=997, 165=997, 168=997, 28=997, 167=997, 29=997, 3=997, 161=997, 162=997, 2=997, 163=997, 1=997, 0=997, 164=997, 30=997, 7=997, 6=997, 32=997, 5=997, 31=997, 4=997, 160=997, 9=997, 8=997, 19=997, 179=997, 17=997, 178=997, 18=997, 177=997, 15=997, 16=997, 176=997, 13=997, 14=997, 11=997, 12=997, 170=997, 21=997, 20=997, 171=997, 174=997, 175=997, 172=997, 173=997, 188=997, 187=997, 189=997, 180=997, 181=997, 10=997, 182=997, 183=997, 184=997, 185=997, 186=997, 116=997, 117=997, 79=997, 114=997, 78=997, 77=997, 115=997, 112=997, 113=997, 110=997, 111=997, 118=997, 119=997, 82=997, 83=997, 80=997, 81=997, 86=997, 87=997, 84=997, 85=997, 67=997, 125=997, 66=997, 126=997, 69=997, 127=997, 68=997, 128=997, 121=997, 122=997, 123=997, 124=997, 129=997, 70=997, 120=997, 71=997, 72=997, 73=997, 74=997, 75=997, 76=997, 134=997, 135=997, 132=997, 59=997, 133=997, 138=997, 58=997, 139=997, 57=997, 136=997, 56=997, 137=997, 55=997, 64=997, 65=997, 62=997, 63=997, 131=997, 60=997, 130=997, 61=997, 143=997, 49=997, 48=997, 144=997, 145=997, 146=997, 147=997, 45=997, 44=997, 148=997, 149=997, 47=997, 46=997, 51=997, 52=997, 53=997, 54=997, 140=997, 142=997, 50=997, 141=997, 109=997, 108=997, 107=997, 106=997, 105=997, 104=997, 103=997, 102=997, 99=997, 101=997, 100=997, 98=997, 97=997, 96=997, 95=997, 94=997, 93=997, 92=997, 91=997, 90=997, 88=997, 89=997, 195=997, 194=997, 197=997, 196=997, 191=997, 190=997, 193=997, 192=997, 198=997, 199=997}
Number of gene trees: 997
0 trees have missing taxa
Calculating quartet distance matrix (for completion of X)
Species tree distances calculated ...
Building set of clusters (X) from gene trees 
Using tree-based weight calculation.
Number of Default Clusters: 156923
Number of quartet trees in the gene trees: 65764280316
calculating extra bipartitions to be added at level 1 ...
Number of Clusters after addition by distance: 156953
Adding to X using resolutions of greedy consensus ...
Threshold 0.0:
polytomy of size 16; rounds with additions with at least 0.01 support: 13; clusters: 159253
Threshold 0.01:
polytomy of size 32; rounds with additions with at least 0.01 support: 5; clusters: 170937
Threshold 0.02:
polytomy of size 4; rounds with additions with at least 0.01 support: 0; clusters: 170937
polytomy of size 36; rounds with additions with at least 0.01 support: 1; clusters: 184441
Threshold 0.05:
polytomy of size 50; rounds with additions with at least 0.01 support: 1; clusters: 184701
Threshold 0.1:
polytomy of size 60; rounds with additions with at least 0.01 support: 1; clusters: 184945
Threshold 0.2:
polytomy of size 3; rounds with additions with at least 0.01 support: 0; clusters: 184945
polytomy of size 3; rounds with additions with at least 0.01 support: 0; clusters: 184945
polytomy of size 3; rounds with additions with at least 0.01 support: 0; clusters: 184945
polytomy of size 84; rounds with additions with at least 0.01 support: 0; clusters: 185185
Threshold 0.3333333333333333:
polytomy of size 3; rounds with additions with at least 0.01 support: 0; clusters: 185185
polytomy of size 3; rounds with additions with at least 0.01 support: 0; clusters: 185185
polytomy of size 4; rounds with additions with at least 0.01 support: 0; clusters: 185185
polytomy of size 3; rounds with additions with at least 0.01 support: 0; clusters: 185185
polytomy of size 3; rounds with additions with at least 0.01 support: 0; clusters: 185185
polytomy of size 3; rounds with additions with at least 0.01 support: 0; clusters: 185185
polytomy of size 3; rounds with additions with at least 0.01 support: 0; clusters: 185185
polytomy of size 3; rounds with additions with at least 0.01 support: 0; clusters: 185185
polytomy of size 3; rounds with additions with at least 0.01 support: 0; clusters: 185185
Number of Clusters after addition by greedy: 185185
partitions formed in 110.217 secs
Dynamic Programming starting after 110.217 secs
Size of largest cluster: 201
Calculated 100000 weights; time (seconds): 750
Calculated 200000 weights; time (seconds): 643
Calculated 300000 weights; time (seconds): 687
Total Number of elements weighted: 393939
Normalized score (portion of input quartet trees satisfied): 0.4525637618930801
Final optimization score: 29762530098
Optimal tree inferred in 2732.425 secs.
(187,(59,((180,(18,(173,(43,117)))),(((94,((102,32),((57,135),(2,(39,22))))),(34,((190,(142,(158,(63,126)))),((176,(53,106)),((113,(121,(5,15))),(((165,98),(70,(28,(65,52)))),((131,(141,81)),((133,30),(175,(125,160)))))))))),(((75,(127,(48,54))),((77,40),(185,(199,(186,111))))),(((114,120),((162,(105,(144,(200,(56,61))))),((103,(100,38)),(3,(192,(195,136)))))),((((80,17),(143,((95,(161,((130,76),(118,93)))),(36,(137,((179,140),(33,(42,74)))))))),(10,((92,(177,(153,(35,((24,(20,66)),(72,(115,85))))))),((197,(151,44)),(((107,29),(157,(171,97))),((19,183),((122,(47,(163,(129,198)))),((166,132),((13,87),(69,(194,(181,12)))))))))))),(0,((((191,(21,172)),((109,(128,(71,78))),((37,79),((68,51),(189,(45,89)))))),((((182,124),(11,(167,73))),(134,((4,(83,148)),((96,58),(31,91))))),((99,((154,146),(168,25))),((145,(41,(178,196))),((139,159),(138,(184,188))))))),(((27,(50,147)),(90,(84,(9,46)))),(((119,49),(169,((150,14),((26,152),(104,164))))),(((110,62),(88,((6,(193,123)),((112,170),(16,116))))),(((1,(156,55)),((8,86),(82,174))),(((155,67),(108,64)),(23,((101,60),(7,149)))))))))))))))));
Quartet score is: 29762530098
Normalized quartet score is: 0.4525637618930801
ASTRAL finished in 2742.765 secs
