
================== ASTRAL ===================== 

This is ASTRAL version 4.10.10
Gene trees are treated as unrooted
1000 trees read from ASTRALDATA/model.200.10000000.0.0000001/37/estimatedgenetre.halfresolved
All output trees will be *arbitrarily* rooted at 140

======== Running the main analysis
Number of taxa: 201 (201 species)
Taxa: [140, 114, 1, 33, 128, 3, 63, 96, 86, 166, 184, 124, 4, 187, 25, 38, 44, 122, 95, 60, 17, 144, 99, 112, 72, 198, 141, 47, 30, 167, 59, 146, 154, 163, 162, 119, 149, 135, 134, 62, 11, 51, 138, 93, 85, 55, 73, 165, 7, 152, 50, 153, 8, 168, 40, 155, 157, 136, 183, 104, 61, 182, 177, 12, 125, 186, 151, 115, 139, 137, 58, 172, 27, 113, 15, 45, 189, 111, 92, 66, 190, 82, 14, 34, 101, 102, 174, 175, 76, 199, 2, 32, 132, 148, 191, 54, 46, 159, 176, 103, 80, 81, 107, 67, 180, 91, 84, 74, 77, 10, 197, 117, 78, 29, 130, 118, 53, 193, 87, 126, 68, 19, 106, 36, 28, 150, 65, 143, 16, 79, 21, 94, 110, 121, 69, 108, 195, 142, 200, 160, 52, 156, 13, 70, 120, 20, 158, 5, 147, 57, 169, 145, 9, 192, 181, 18, 131, 100, 0, 161, 129, 35, 97, 22, 41, 170, 90, 49, 173, 105, 127, 71, 31, 109, 42, 23, 123, 39, 24, 185, 171, 179, 43, 196, 88, 26, 83, 194, 178, 89, 48, 56, 37, 116, 164, 64, 133, 188, 6, 75, 98]
Taxon occupancy: {35=1000, 36=1000, 33=1000, 159=1000, 34=1000, 158=1000, 157=1000, 39=1000, 156=1000, 37=1000, 155=1000, 38=1000, 154=1000, 152=1000, 153=1000, 150=1000, 151=1000, 43=1000, 42=1000, 41=1000, 40=1000, 200=1000, 22=1000, 169=1000, 23=1000, 24=1000, 25=1000, 166=1000, 26=1000, 27=1000, 165=1000, 168=1000, 28=1000, 167=1000, 29=1000, 3=1000, 161=1000, 2=1000, 162=1000, 1=1000, 163=1000, 164=1000, 0=1000, 7=1000, 30=1000, 6=1000, 32=1000, 5=1000, 4=1000, 160=1000, 31=1000, 9=1000, 8=1000, 19=1000, 17=1000, 179=1000, 18=1000, 178=1000, 15=1000, 177=1000, 176=1000, 16=1000, 13=1000, 14=1000, 11=1000, 12=1000, 21=1000, 170=1000, 20=1000, 171=1000, 174=1000, 175=1000, 172=1000, 173=1000, 188=1000, 187=1000, 189=1000, 180=1000, 10=1000, 181=1000, 182=1000, 183=1000, 184=1000, 185=1000, 186=1000, 116=1000, 117=1000, 79=1000, 114=1000, 78=1000, 115=1000, 77=1000, 112=1000, 113=1000, 110=1000, 111=1000, 118=1000, 119=1000, 82=1000, 83=1000, 80=1000, 81=1000, 86=1000, 87=1000, 84=1000, 85=1000, 125=1000, 67=1000, 66=1000, 126=1000, 69=1000, 127=1000, 128=1000, 68=1000, 121=1000, 122=1000, 123=1000, 124=1000, 129=1000, 70=1000, 120=1000, 71=1000, 72=1000, 73=1000, 74=1000, 75=1000, 76=1000, 134=1000, 135=1000, 132=1000, 133=1000, 59=1000, 58=1000, 138=1000, 139=1000, 57=1000, 136=1000, 56=1000, 137=1000, 55=1000, 64=1000, 65=1000, 62=1000, 63=1000, 60=1000, 131=1000, 61=1000, 130=1000, 143=1000, 49=1000, 144=1000, 48=1000, 145=1000, 146=1000, 45=1000, 147=1000, 148=1000, 44=1000, 47=1000, 149=1000, 46=1000, 51=1000, 52=1000, 53=1000, 54=1000, 140=1000, 142=1000, 50=1000, 141=1000, 109=1000, 108=1000, 107=1000, 106=1000, 105=1000, 104=1000, 103=1000, 102=1000, 99=1000, 101=1000, 100=1000, 98=1000, 97=1000, 96=1000, 95=1000, 94=1000, 93=1000, 92=1000, 91=1000, 90=1000, 88=1000, 89=1000, 195=1000, 194=1000, 197=1000, 196=1000, 191=1000, 190=1000, 193=1000, 192=1000, 198=1000, 199=1000}
Number of gene trees: 1000
0 trees have missing taxa
Calculating quartet distance matrix (for completion of X)
Species tree distances calculated ...
Building set of clusters (X) from gene trees 
Using tree-based weight calculation.
Number of Default Clusters: 28785
Number of quartet trees in the gene trees: 65998350000
calculating extra bipartitions to be added at level 1 ...
Number of Clusters after addition by distance: 28785
Adding to X using resolutions of greedy consensus ...
Threshold 0.0:
Threshold 0.01:
Threshold 0.02:
Threshold 0.05:
polytomy of size 3; rounds with additions with at least 0.01 support: 0; clusters: 28785
Threshold 0.1:
polytomy of size 3; rounds with additions with at least 0.01 support: 0; clusters: 28785
polytomy of size 7; rounds with additions with at least 0.01 support: 0; clusters: 28785
polytomy of size 3; rounds with additions with at least 0.01 support: 0; clusters: 28785
Threshold 0.2:
polytomy of size 3; rounds with additions with at least 0.01 support: 0; clusters: 28785
polytomy of size 15; rounds with additions with at least 0.01 support: 0; clusters: 28785
Threshold 0.3333333333333333:
polytomy of size 3; rounds with additions with at least 0.01 support: 0; clusters: 28785
polytomy of size 3; rounds with additions with at least 0.01 support: 0; clusters: 28785
polytomy of size 4; rounds with additions with at least 0.01 support: 0; clusters: 28785
polytomy of size 4; rounds with additions with at least 0.01 support: 0; clusters: 28785
polytomy of size 22; rounds with additions with at least 0.01 support: 0; clusters: 29243
polytomy of size 3; rounds with additions with at least 0.01 support: 0; clusters: 29243
Number of Clusters after addition by greedy: 29243
partitions formed in 16.144 secs
Dynamic Programming starting after 16.144 secs
Size of largest cluster: 201
Calculated 100000 weights; time (seconds): 579
Total Number of elements weighted: 110109
Normalized score (portion of input quartet trees satisfied): 0.8238076624794408
Final optimization score: 54369946441
Optimal tree inferred in 637.857 secs.
(191,(54,(148,(((46,(159,176)),(103,((67,180),(80,(81,107))))),(((32,132),(175,((199,2),(76,(101,(102,174)))))),(((158,(5,147)),(((29,(130,118)),((91,(84,74)),(69,(77,(10,(197,(117,78))))))),(((120,20),(70,((195,142),(200,(52,(160,(156,13))))))),((121,108),(((65,(143,16)),(79,(110,(21,94)))),(53,(193,(87,(126,(68,(19,(106,(36,(28,150)))))))))))))),(((43,196),(((188,6),((64,133),(75,98))),(116,(88,((26,83),(164,(37,((178,89),(194,(48,56)))))))))),(0,(((192,((181,18),(131,100))),((161,(97,(129,35))),(((22,(41,170)),(179,(24,(185,171)))),(((31,109),(105,(127,71))),((173,(90,49)),((123,39),(42,23))))))),(92,((((66,190),(82,(14,34))),((57,(169,(145,9))),((113,15),(45,(189,111))))),(((59,(47,(30,167))),((146,154),(((163,162),(119,(149,135))),((134,(11,51)),(62,((85,55),(138,93))))))),((((155,(157,136)),((168,40),((153,8),(165,(7,(152,50)))))),((115,((58,172),(27,(139,137)))),(((61,182),(183,104)),(125,((177,12),(186,151)))))),(((144,99),((112,72),(198,141))),(73,(((4,187),(124,(166,184))),((122,(95,(60,17))),(((38,(25,44)),(63,(96,86))),((33,(128,3)),(140,(114,1)))))))))))))))))))));
Quartet score is: 54369946441
Normalized quartet score is: 0.8238076624794408
ASTRAL finished in 645.871 secs
