
================== ASTRAL ===================== 

This is ASTRAL version 4.10.10
Gene trees are treated as unrooted
999 trees read from ASTRALDATA/model.10.2000000.0.000001/45/estimatedgenetre.halfresolved
All output trees will be *arbitrarily* rooted at 9

======== Running the main analysis
Number of taxa: 11 (11 species)
Taxa: [9, 2, 8, 6, 3, 5, 0, 4, 1, 7, 10]
Taxon occupancy: {3=999, 2=999, 10=999, 1=999, 0=999, 7=999, 6=999, 5=999, 4=999, 9=999, 8=999}
Number of gene trees: 999
0 trees have missing taxa
Calculating quartet distance matrix (for completion of X)
Species tree distances calculated ...
Building set of clusters (X) from gene trees 
Using tree-based weight calculation.
Number of Default Clusters: 183
Number of quartet trees in the gene trees: 329633
calculating extra bipartitions to be added at level 1 ...
Number of Clusters after addition by distance: 183
Adding to X using resolutions of greedy consensus ...
Threshold 0.0:
Threshold 0.01:
Threshold 0.02:
Threshold 0.05:
Threshold 0.1:
Threshold 0.2:
Threshold 0.3333333333333333:
Number of Clusters after addition by greedy: 183
partitions formed in 0.423 secs
Dynamic Programming starting after 0.423 secs
Size of largest cluster: 11
Total Number of elements weighted: 343
Normalized score (portion of input quartet trees satisfied): 0.8944887192726456
Final optimization score: 294853
Optimal tree inferred in 0.749 secs.
(8,(6,((3,5),((0,4),((9,2),(1,(7,10)))))));
Quartet score is: 294853
Normalized quartet score is: 0.8944887192726456
ASTRAL finished in 1.22 secs
