
================== ASTRAL ===================== 

This is ASTRAL version 4.10.10
Gene trees are treated as unrooted
995 trees read from ASTRALDATA/model.200.10000000.0.000001/02/estimatedgenetre.halfresolved
All output trees will be *arbitrarily* rooted at 162

======== Running the main analysis
Number of taxa: 201 (201 species)
Taxa: [162, 15, 22, 171, 146, 24, 51, 48, 159, 80, 136, 75, 18, 109, 108, 72, 89, 149, 28, 87, 191, 155, 189, 113, 6, 69, 175, 14, 165, 49, 112, 46, 144, 33, 60, 93, 21, 47, 116, 58, 55, 158, 168, 128, 73, 143, 7, 115, 114, 198, 70, 121, 167, 16, 174, 27, 90, 193, 125, 122, 59, 92, 41, 164, 101, 152, 74, 147, 64, 1, 20, 19, 172, 32, 99, 3, 12, 173, 4, 76, 185, 195, 160, 118, 61, 156, 119, 170, 111, 166, 103, 126, 10, 177, 43, 0, 26, 186, 97, 88, 67, 31, 57, 106, 153, 188, 107, 100, 117, 134, 194, 132, 35, 23, 142, 54, 178, 45, 94, 163, 56, 9, 98, 200, 131, 78, 96, 2, 17, 169, 38, 83, 5, 154, 77, 123, 104, 52, 37, 150, 157, 135, 13, 29, 63, 11, 85, 102, 91, 133, 105, 30, 34, 182, 66, 199, 8, 71, 148, 95, 181, 183, 81, 36, 129, 139, 130, 39, 82, 42, 187, 179, 62, 124, 197, 127, 192, 120, 50, 184, 141, 40, 44, 137, 68, 140, 110, 79, 151, 180, 176, 25, 161, 53, 86, 138, 196, 145, 190, 65, 84]
Taxon occupancy: {35=995, 36=995, 159=995, 33=995, 158=995, 34=995, 157=995, 39=995, 156=995, 155=995, 37=995, 38=995, 154=995, 152=995, 153=995, 150=995, 151=995, 43=995, 42=995, 41=995, 40=995, 200=995, 22=995, 23=995, 169=995, 24=995, 25=995, 166=995, 26=995, 27=995, 165=995, 28=995, 168=995, 167=995, 29=995, 161=995, 3=995, 162=995, 2=995, 1=995, 163=995, 0=995, 164=995, 7=995, 30=995, 6=995, 32=995, 5=995, 160=995, 4=995, 31=995, 9=995, 8=995, 19=995, 17=995, 179=995, 18=995, 178=995, 177=995, 15=995, 16=995, 176=995, 13=995, 14=995, 11=995, 12=995, 170=995, 21=995, 20=995, 171=995, 174=995, 175=995, 172=995, 173=995, 188=995, 187=995, 189=995, 180=995, 10=995, 181=995, 182=995, 183=995, 184=995, 185=995, 186=995, 116=995, 117=995, 79=995, 114=995, 78=995, 115=995, 77=995, 112=995, 113=995, 110=995, 111=995, 118=995, 119=995, 82=995, 83=995, 80=995, 81=995, 86=995, 87=995, 84=995, 85=995, 125=995, 67=995, 126=995, 66=995, 69=995, 127=995, 128=995, 68=995, 121=995, 122=995, 123=995, 124=995, 129=995, 70=995, 71=995, 120=995, 72=995, 73=995, 74=995, 75=995, 76=995, 134=995, 135=995, 132=995, 59=995, 133=995, 138=995, 58=995, 57=995, 139=995, 136=995, 56=995, 55=995, 137=995, 64=995, 65=995, 62=995, 63=995, 60=995, 131=995, 61=995, 130=995, 49=995, 143=995, 48=995, 144=995, 145=995, 146=995, 147=995, 45=995, 148=995, 44=995, 149=995, 47=995, 46=995, 51=995, 52=995, 53=995, 54=995, 140=995, 142=995, 50=995, 141=995, 109=995, 108=995, 107=995, 106=995, 105=995, 104=995, 103=995, 99=995, 102=995, 101=995, 100=995, 98=995, 97=995, 96=995, 95=995, 94=995, 93=995, 92=995, 91=995, 90=995, 88=995, 89=995, 195=995, 194=995, 197=995, 196=995, 191=995, 190=995, 193=995, 192=995, 198=995, 199=995}
Number of gene trees: 995
0 trees have missing taxa
Calculating quartet distance matrix (for completion of X)
Species tree distances calculated ...
Building set of clusters (X) from gene trees 
Using tree-based weight calculation.
Number of Default Clusters: 11217
Number of quartet trees in the gene trees: 65667699813
calculating extra bipartitions to be added at level 1 ...
Number of Clusters after addition by distance: 11219
Adding to X using resolutions of greedy consensus ...
Threshold 0.0:
Threshold 0.01:
Threshold 0.02:
Threshold 0.05:
Threshold 0.1:
polytomy of size 3; rounds with additions with at least 0.01 support: 0; clusters: 11219
Threshold 0.2:
polytomy of size 4; rounds with additions with at least 0.01 support: 0; clusters: 11219
polytomy of size 4; rounds with additions with at least 0.01 support: 0; clusters: 11219
Threshold 0.3333333333333333:
polytomy of size 3; rounds with additions with at least 0.01 support: 0; clusters: 11219
polytomy of size 3; rounds with additions with at least 0.01 support: 0; clusters: 11219
polytomy of size 3; rounds with additions with at least 0.01 support: 0; clusters: 11219
polytomy of size 3; rounds with additions with at least 0.01 support: 0; clusters: 11219
polytomy of size 7; rounds with additions with at least 0.01 support: 0; clusters: 11219
polytomy of size 3; rounds with additions with at least 0.01 support: 0; clusters: 11219
polytomy of size 3; rounds with additions with at least 0.01 support: 0; clusters: 11219
polytomy of size 3; rounds with additions with at least 0.01 support: 0; clusters: 11219
polytomy of size 4; rounds with additions with at least 0.01 support: 0; clusters: 11219
polytomy of size 3; rounds with additions with at least 0.01 support: 0; clusters: 11219
Number of Clusters after addition by greedy: 11219
partitions formed in 10.796 secs
Dynamic Programming starting after 10.796 secs
Size of largest cluster: 201
Total Number of elements weighted: 47150
Normalized score (portion of input quartet trees satisfied): 0.9187520734365089
Final optimization score: 60332335361
Optimal tree inferred in 291.721 secs.
(43,((10,177),(126,((170,(111,(166,103))),(119,((99,(3,(4,(12,173)))),((32,((76,185),(61,(156,(118,(195,160)))))),((1,(20,(19,172))),((((((7,115),(73,143)),(128,(168,(58,(55,158))))),((59,(125,(122,(92,41)))),(((74,147),(164,(101,152))),((114,198),((121,167),(70,(193,(16,(174,(27,90)))))))))),(((46,((33,(144,60)),(93,(21,(47,116))))),((69,(165,(175,14))),((49,112),(189,(113,6))))),(((191,155),((80,(18,(136,75))),((109,(108,72)),((28,87),(89,149))))),((51,(48,159)),(24,((176,25),(((22,(171,146)),(180,(162,15))),((86,(161,53)),((138,196),(145,(190,(65,84)))))))))))),(64,(0,(((26,(186,(97,88))),((178,(131,(200,(98,(9,(45,(56,(94,163)))))))),((23,(142,54)),(((134,194),(132,35)),((31,57),(67,((106,(153,188)),(117,(107,100))))))))),(((36,(129,(139,(130,(39,82))))),((110,(151,(140,79))),(68,((141,(137,(40,44))),((42,187),(184,((50,(192,120)),((179,62),(124,(197,127)))))))))),(((77,(154,(123,104))),((17,169),(78,((96,2),(38,(83,5)))))),((183,(181,81)),((133,((34,(30,71)),((148,(182,95)),(8,(199,(105,66)))))),((11,(85,102)),((52,(63,91)),(135,((13,29),(150,(37,157))))))))))))))))))))));
Quartet score is: 60332335361
Normalized quartet score is: 0.9187520734365089
ASTRAL finished in 300.873 secs
