
================== ASTRAL ===================== 

This is ASTRAL version 4.10.7
Gene trees are treated as unrooted
1000 trees read from ASTRALDATA/model.200.10000000.0.000001/05/estimatedgenetre.halfresolved
All output trees will be *arbitrarily* rooted at 172

======== Running the main analysis
Number of taxa: 201 (201 species)
Taxa: [172, 14, 153, 145, 150, 97, 49, 157, 99, 60, 122, 74, 62, 136, 31, 45, 0, 179, 33, 129, 110, 140, 162, 46, 108, 137, 87, 177, 164, 176, 51, 11, 69, 168, 101, 20, 120, 82, 77, 196, 32, 58, 116, 54, 199, 113, 195, 19, 159, 29, 180, 118, 187, 149, 93, 151, 130, 105, 109, 92, 166, 169, 66, 65, 128, 81, 175, 170, 68, 22, 56, 21, 142, 5, 83, 53, 40, 44, 90, 194, 104, 155, 42, 13, 184, 100, 75, 16, 131, 183, 191, 64, 67, 34, 141, 138, 70, 154, 52, 98, 111, 2, 10, 189, 181, 173, 186, 107, 28, 185, 123, 144, 3, 119, 158, 8, 43, 197, 192, 36, 50, 102, 63, 55, 132, 165, 17, 39, 190, 171, 26, 24, 72, 117, 61, 41, 85, 106, 79, 38, 18, 156, 133, 139, 178, 25, 121, 88, 134, 114, 95, 6, 174, 143, 198, 112, 147, 48, 78, 15, 35, 160, 59, 57, 7, 4, 30, 161, 23, 124, 135, 200, 127, 96, 9, 1, 89, 37, 188, 182, 71, 94, 152, 84, 47, 167, 126, 80, 86, 148, 12, 146, 115, 76, 91, 125, 163, 73, 27, 103, 193]
Number of gene trees: 1000
0 trees have missing taxa
Calculating quartet distance matrix (for completion of X)
Species tree distances calculated ...
Building set of clusters (X) from gene trees 
Using tree-based weight calculation.
Number of Default Clusters: 15767
Number of quartet trees in the gene trees: 65998350000
calculating extra bipartitions to be added at level 1 ...
Number of Clusters after addition by distance: 15767
Adding to X using resolutions of greedy consensus ...
Threshold 0.0:
Threshold 0.01:
Threshold 0.02:
Threshold 0.05:
Threshold 0.1:
polytomy of size 3; rounds with additions with at least 0.01 support: 0; clusters: 15767
Threshold 0.2:
polytomy of size 5; rounds with additions with at least 0.01 support: 0; clusters: 15767
polytomy of size 3; rounds with additions with at least 0.01 support: 0; clusters: 15767
polytomy of size 4; rounds with additions with at least 0.01 support: 0; clusters: 15767
Threshold 0.3333333333333333:
polytomy of size 4; rounds with additions with at least 0.01 support: 0; clusters: 15767
polytomy of size 3; rounds with additions with at least 0.01 support: 0; clusters: 15767
polytomy of size 3; rounds with additions with at least 0.01 support: 0; clusters: 15767
polytomy of size 7; rounds with additions with at least 0.01 support: 0; clusters: 15767
polytomy of size 3; rounds with additions with at least 0.01 support: 0; clusters: 15767
polytomy of size 3; rounds with additions with at least 0.01 support: 0; clusters: 15767
polytomy of size 3; rounds with additions with at least 0.01 support: 0; clusters: 15767
polytomy of size 3; rounds with additions with at least 0.01 support: 0; clusters: 15767
polytomy of size 5; rounds with additions with at least 0.01 support: 0; clusters: 15767
Number of Clusters after addition by greedy: 15767
partitions formed in 11.633 secs
Dynamic Programming starting after 11.633 secs
Size of largest cluster: 201
Total Number of elements weighted: 62784
Normalized score (portion of input quartet trees satisfied): 0.8549792769970764
Final optimization score: 56427221566
Optimal tree inferred in 485.323 secs.
(141,(34,(67,(64,((191,((131,183),((42,(155,13)),(184,(100,(75,16)))))),((104,(138,(70,(154,(52,98))))),((0,(((179,33),(108,(129,(46,(162,(110,140)))))),(((116,(54,199)),(196,(32,58))),((137,(87,(177,164))),((77,(20,(120,82))),((176,(51,11)),(101,(69,168)))))))),(((((159,29),(113,(195,19))),(180,(118,((130,105),((109,92),(187,(151,(149,93)))))))),(((68,(21,(22,56))),(128,(175,(81,170)))),((65,((90,194),(40,44))),((169,66),(166,(142,(53,(5,83)))))))),((((133,139),(178,25)),(((8,(158,(43,197))),((107,28),(111,((185,(119,(3,(123,144)))),(189,((2,10),(181,(173,186)))))))),(121,(((192,36),(165,17)),((50,((102,63),(55,132))),((156,(39,((26,24),(190,171)))),(72,((117,(41,85)),(61,(106,(18,(79,38)))))))))))),(((145,(150,(97,(49,157)))),((45,(14,153)),((122,74),(172,((99,60),(136,(62,31))))))),((((146,(12,115)),(76,(86,148))),(91,((125,163),(73,(27,(103,193)))))),((88,(80,((84,(167,(47,126))),((96,9),((1,89),(152,(37,(94,(71,(188,182)))))))))),((200,(134,114)),(((198,(143,(6,174))),(112,((35,(15,160)),(147,(48,78))))),(127,((59,((4,30),(57,7))),(95,(135,(161,(23,124))))))))))))))))))));
Quartet score is: 56427221566
Normalized quartet score is: 0.8549792769970764
ASTRAL finished in 493.556 secs
