
================== ASTRAL ===================== 

This is ASTRAL version 4.10.10
Gene trees are treated as unrooted
1000 trees read from ASTRALDATA/model.500.2000000.0.000001/44/estimatedgenetre.halfresolved
All output trees will be *arbitrarily* rooted at 252

======== Running the main analysis
Number of taxa: 501 (501 species)
Taxa: [252, 116, 360, 206, 409, 376, 214, 458, 353, 250, 356, 155, 498, 496, 178, 284, 141, 263, 87, 439, 83, 42, 215, 52, 32, 324, 133, 455, 179, 143, 477, 292, 288, 90, 45, 464, 217, 254, 369, 227, 430, 397, 318, 229, 424, 308, 5, 43, 253, 273, 421, 340, 187, 293, 412, 207, 29, 137, 362, 191, 171, 188, 299, 358, 481, 68, 222, 148, 355, 235, 117, 232, 285, 213, 60, 434, 56, 400, 69, 118, 438, 393, 211, 28, 475, 135, 351, 345, 198, 223, 436, 84, 76, 403, 338, 478, 145, 51, 405, 150, 459, 185, 480, 205, 78, 392, 488, 73, 192, 167, 457, 378, 209, 330, 334, 335, 278, 279, 248, 19, 30, 15, 261, 490, 442, 380, 180, 119, 300, 220, 372, 80, 0, 321, 194, 336, 46, 304, 140, 328, 20, 407, 396, 395, 363, 368, 289, 294, 352, 31, 103, 186, 500, 131, 493, 139, 354, 71, 21, 123, 63, 66, 132, 114, 453, 169, 385, 359, 499, 111, 126, 181, 81, 297, 274, 246, 441, 295, 183, 160, 414, 306, 275, 398, 219, 224, 65, 92, 163, 305, 101, 104, 158, 151, 47, 461, 240, 1, 469, 422, 472, 82, 172, 147, 174, 72, 349, 230, 301, 12, 231, 54, 18, 6, 23, 386, 428, 36, 242, 329, 228, 463, 348, 411, 408, 79, 50, 125, 115, 476, 189, 313, 70, 233, 381, 394, 310, 302, 467, 440, 287, 11, 38, 236, 203, 450, 59, 417, 437, 58, 413, 497, 98, 129, 291, 130, 244, 495, 379, 416, 196, 375, 259, 197, 290, 106, 401, 239, 109, 390, 257, 120, 429, 365, 64, 34, 281, 418, 107, 9, 62, 113, 333, 466, 77, 16, 364, 95, 319, 99, 146, 465, 10, 404, 91, 454, 326, 491, 57, 432, 251, 286, 127, 357, 296, 474, 97, 415, 94, 344, 341, 13, 361, 307, 14, 173, 136, 482, 451, 494, 449, 435, 425, 445, 443, 218, 41, 177, 247, 470, 8, 339, 346, 74, 391, 420, 479, 124, 492, 309, 264, 112, 426, 343, 33, 431, 399, 249, 389, 272, 256, 473, 280, 447, 26, 316, 110, 374, 37, 166, 210, 156, 468, 7, 48, 182, 270, 266, 471, 241, 487, 122, 446, 282, 406, 53, 370, 225, 162, 226, 387, 170, 265, 102, 277, 456, 234, 75, 204, 24, 269, 142, 176, 153, 108, 128, 138, 4, 255, 382, 402, 331, 25, 49, 486, 298, 165, 489, 377, 433, 332, 175, 267, 61, 149, 121, 367, 314, 460, 243, 262, 327, 55, 35, 193, 100, 322, 452, 317, 89, 67, 410, 350, 208, 444, 105, 27, 245, 238, 195, 144, 320, 419, 311, 448, 312, 159, 216, 85, 202, 201, 383, 2, 303, 483, 388, 221, 190, 152, 342, 485, 325, 86, 373, 212, 260, 237, 96, 315, 134, 199, 88, 40, 347, 371, 22, 337, 184, 157, 168, 17, 200, 268, 323, 384, 164, 154, 427, 3, 462, 258, 283, 93, 44, 271, 276, 39, 423, 161, 484, 366]
Taxon occupancy: {338=1000, 339=1000, 332=1000, 333=1000, 159=1000, 330=1000, 331=1000, 158=1000, 157=1000, 336=1000, 337=1000, 156=1000, 334=1000, 155=1000, 154=1000, 335=1000, 152=1000, 153=1000, 150=1000, 151=1000, 202=1000, 349=1000, 203=1000, 204=1000, 205=1000, 200=1000, 201=1000, 341=1000, 342=1000, 169=1000, 343=1000, 344=1000, 206=1000, 345=1000, 166=1000, 165=1000, 207=1000, 346=1000, 168=1000, 347=1000, 208=1000, 209=1000, 167=1000, 348=1000, 161=1000, 3=1000, 409=1000, 2=1000, 408=1000, 162=1000, 163=1000, 1=1000, 164=1000, 0=1000, 405=1000, 7=1000, 6=1000, 404=1000, 407=1000, 5=1000, 340=1000, 4=1000, 160=1000, 406=1000, 401=1000, 400=1000, 403=1000, 9=1000, 402=1000, 8=1000, 211=1000, 212=1000, 210=1000, 318=1000, 215=1000, 216=1000, 319=1000, 213=1000, 316=1000, 317=1000, 214=1000, 314=1000, 219=1000, 179=1000, 315=1000, 178=1000, 312=1000, 217=1000, 177=1000, 176=1000, 313=1000, 218=1000, 310=1000, 311=1000, 418=1000, 170=1000, 171=1000, 417=1000, 416=1000, 415=1000, 174=1000, 175=1000, 172=1000, 419=1000, 173=1000, 410=1000, 414=1000, 413=1000, 412=1000, 411=1000, 220=1000, 221=1000, 222=1000, 223=1000, 327=1000, 224=1000, 328=1000, 225=1000, 329=1000, 226=1000, 227=1000, 323=1000, 188=1000, 228=1000, 229=1000, 324=1000, 187=1000, 325=1000, 189=1000, 326=1000, 320=1000, 321=1000, 322=1000, 427=1000, 180=1000, 426=1000, 181=1000, 429=1000, 428=1000, 182=1000, 183=1000, 184=1000, 185=1000, 186=1000, 421=1000, 420=1000, 423=1000, 422=1000, 425=1000, 424=1000, 116=1000, 117=1000, 114=1000, 115=1000, 112=1000, 113=1000, 110=1000, 111=1000, 118=1000, 119=1000, 435=1000, 436=1000, 433=1000, 434=1000, 431=1000, 432=1000, 430=1000, 439=1000, 437=1000, 438=1000, 125=1000, 126=1000, 300=1000, 127=1000, 128=1000, 121=1000, 302=1000, 301=1000, 122=1000, 123=1000, 304=1000, 303=1000, 124=1000, 306=1000, 305=1000, 308=1000, 307=1000, 129=1000, 309=1000, 444=1000, 445=1000, 446=1000, 447=1000, 440=1000, 441=1000, 442=1000, 443=1000, 120=1000, 448=1000, 449=1000, 134=1000, 135=1000, 132=1000, 133=1000, 138=1000, 139=1000, 136=1000, 137=1000, 450=1000, 453=1000, 454=1000, 451=1000, 452=1000, 457=1000, 458=1000, 455=1000, 456=1000, 459=1000, 131=1000, 130=1000, 143=1000, 144=1000, 145=1000, 146=1000, 147=1000, 148=1000, 149=1000, 461=1000, 460=1000, 462=1000, 463=1000, 464=1000, 465=1000, 466=1000, 467=1000, 468=1000, 469=1000, 140=1000, 142=1000, 141=1000, 195=1000, 194=1000, 197=1000, 196=1000, 191=1000, 190=1000, 193=1000, 192=1000, 198=1000, 199=1000, 500=1000, 35=1000, 36=1000, 33=1000, 34=1000, 39=1000, 37=1000, 38=1000, 43=1000, 42=1000, 41=1000, 40=1000, 22=1000, 23=1000, 24=1000, 25=1000, 26=1000, 27=1000, 28=1000, 29=1000, 30=1000, 32=1000, 31=1000, 19=1000, 17=1000, 18=1000, 15=1000, 16=1000, 13=1000, 14=1000, 11=1000, 12=1000, 21=1000, 20=1000, 10=1000, 79=1000, 78=1000, 77=1000, 82=1000, 83=1000, 80=1000, 81=1000, 86=1000, 87=1000, 84=1000, 85=1000, 67=1000, 66=1000, 69=1000, 68=1000, 70=1000, 71=1000, 72=1000, 73=1000, 74=1000, 75=1000, 76=1000, 59=1000, 58=1000, 57=1000, 56=1000, 55=1000, 64=1000, 65=1000, 62=1000, 63=1000, 60=1000, 61=1000, 49=1000, 48=1000, 45=1000, 44=1000, 47=1000, 46=1000, 51=1000, 52=1000, 53=1000, 54=1000, 50=1000, 281=1000, 487=1000, 486=1000, 280=1000, 485=1000, 484=1000, 285=1000, 284=1000, 283=1000, 489=1000, 488=1000, 282=1000, 288=1000, 289=1000, 286=1000, 287=1000, 482=1000, 483=1000, 480=1000, 481=1000, 474=1000, 473=1000, 476=1000, 270=1000, 475=1000, 478=1000, 272=1000, 271=1000, 477=1000, 274=1000, 273=1000, 479=1000, 275=1000, 276=1000, 277=1000, 278=1000, 279=1000, 470=1000, 471=1000, 472=1000, 109=1000, 108=1000, 107=1000, 106=1000, 105=1000, 104=1000, 103=1000, 99=1000, 102=1000, 101=1000, 100=1000, 98=1000, 97=1000, 96=1000, 391=1000, 390=1000, 95=1000, 393=1000, 94=1000, 93=1000, 392=1000, 92=1000, 395=1000, 394=1000, 91=1000, 294=1000, 90=1000, 499=1000, 293=1000, 296=1000, 295=1000, 496=1000, 290=1000, 495=1000, 292=1000, 498=1000, 497=1000, 291=1000, 491=1000, 492=1000, 493=1000, 494=1000, 297=1000, 298=1000, 299=1000, 490=1000, 396=1000, 397=1000, 398=1000, 399=1000, 88=1000, 89=1000, 240=1000, 241=1000, 383=1000, 384=1000, 381=1000, 382=1000, 380=1000, 389=1000, 388=1000, 387=1000, 386=1000, 385=1000, 245=1000, 244=1000, 243=1000, 242=1000, 249=1000, 248=1000, 247=1000, 246=1000, 230=1000, 370=1000, 371=1000, 372=1000, 373=1000, 379=1000, 378=1000, 239=1000, 375=1000, 374=1000, 377=1000, 376=1000, 232=1000, 231=1000, 234=1000, 233=1000, 236=1000, 235=1000, 238=1000, 237=1000, 262=1000, 263=1000, 260=1000, 261=1000, 361=1000, 362=1000, 360=1000, 366=1000, 365=1000, 364=1000, 363=1000, 369=1000, 368=1000, 367=1000, 269=1000, 268=1000, 267=1000, 266=1000, 265=1000, 264=1000, 250=1000, 251=1000, 252=1000, 350=1000, 351=1000, 353=1000, 352=1000, 355=1000, 354=1000, 357=1000, 356=1000, 359=1000, 358=1000, 258=1000, 257=1000, 259=1000, 254=1000, 253=1000, 256=1000, 255=1000}
Number of gene trees: 1000
0 trees have missing taxa
Calculating quartet distance matrix (for completion of X)
Species tree distances calculated ...
Building set of clusters (X) from gene trees 
Using tree-based weight calculation.
Number of Default Clusters: 176797
Number of quartet trees in the gene trees: 2593734270744
calculating extra bipartitions to be added at level 1 ...
Number of Clusters after addition by distance: 176813
Adding to X using resolutions of greedy consensus ...
Threshold 0.0:
polytomy of size 3; rounds with additions with at least 0.01 support: 1; clusters: 176817
polytomy of size 8; rounds with additions with at least 0.01 support: 3; clusters: 176975
Threshold 0.01:
polytomy of size 3; rounds with additions with at least 0.01 support: 0; clusters: 176975
polytomy of size 18; rounds with additions with at least 0.01 support: 3; clusters: 177899
Threshold 0.02:
polytomy of size 26; rounds with additions with at least 0.01 support: 4; clusters: 180835
Threshold 0.05:
polytomy of size 3; rounds with additions with at least 0.01 support: 0; clusters: 180835
polytomy of size 36; rounds with additions with at least 0.01 support: 0; clusters: 180851
Threshold 0.1:
polytomy of size 3; rounds with additions with at least 0.01 support: 0; clusters: 180851
polytomy of size 3; rounds with additions with at least 0.01 support: 0; clusters: 180851
polytomy of size 3; rounds with additions with at least 0.01 support: 0; clusters: 180851
polytomy of size 46; rounds with additions with at least 0.01 support: 0; clusters: 180867
Threshold 0.2:
polytomy of size 3; rounds with additions with at least 0.01 support: 0; clusters: 180867
polytomy of size 3; rounds with additions with at least 0.01 support: 0; clusters: 180867
polytomy of size 5; rounds with additions with at least 0.01 support: 0; clusters: 180867
polytomy of size 4; rounds with additions with at least 0.01 support: 0; clusters: 180867
polytomy of size 3; rounds with additions with at least 0.01 support: 0; clusters: 180867
polytomy of size 4; rounds with additions with at least 0.01 support: 0; clusters: 180867
polytomy of size 5; rounds with additions with at least 0.01 support: 0; clusters: 180867
polytomy of size 3; rounds with additions with at least 0.01 support: 0; clusters: 180867
polytomy of size 3; rounds with additions with at least 0.01 support: 0; clusters: 180867
polytomy of size 4; rounds with additions with at least 0.01 support: 0; clusters: 180867
polytomy of size 56; rounds with additions with at least 0.01 support: 0; clusters: 180869
Threshold 0.3333333333333333:
polytomy of size 4; rounds with additions with at least 0.01 support: 0; clusters: 180869
polytomy of size 3; rounds with additions with at least 0.01 support: 0; clusters: 180869
polytomy of size 3; rounds with additions with at least 0.01 support: 0; clusters: 180869
polytomy of size 3; rounds with additions with at least 0.01 support: 0; clusters: 180869
polytomy of size 3; rounds with additions with at least 0.01 support: 0; clusters: 180869
polytomy of size 4; rounds with additions with at least 0.01 support: 0; clusters: 180869
polytomy of size 5; rounds with additions with at least 0.01 support: 0; clusters: 180869
polytomy of size 3; rounds with additions with at least 0.01 support: 0; clusters: 180869
polytomy of size 3; rounds with additions with at least 0.01 support: 0; clusters: 180869
polytomy of size 4; rounds with additions with at least 0.01 support: 0; clusters: 180869
polytomy of size 4; rounds with additions with at least 0.01 support: 0; clusters: 180869
polytomy of size 6; rounds with additions with at least 0.01 support: 0; clusters: 180869
polytomy of size 3; rounds with additions with at least 0.01 support: 0; clusters: 180869
polytomy of size 5; rounds with additions with at least 0.01 support: 0; clusters: 180869
polytomy of size 3; rounds with additions with at least 0.01 support: 0; clusters: 180869
polytomy of size 8; rounds with additions with at least 0.01 support: 0; clusters: 180881
polytomy of size 3; rounds with additions with at least 0.01 support: 0; clusters: 180881
polytomy of size 3; rounds with additions with at least 0.01 support: 0; clusters: 180881
polytomy of size 4; rounds with additions with at least 0.01 support: 0; clusters: 180881
polytomy of size 3; rounds with additions with at least 0.01 support: 0; clusters: 180881
polytomy of size 3; rounds with additions with at least 0.01 support: 0; clusters: 180881
polytomy of size 3; rounds with additions with at least 0.01 support: 0; clusters: 180881
polytomy of size 3; rounds with additions with at least 0.01 support: 0; clusters: 180881
polytomy of size 4; rounds with additions with at least 0.01 support: 0; clusters: 180881
polytomy of size 3; rounds with additions with at least 0.01 support: 0; clusters: 180881
polytomy of size 3; rounds with additions with at least 0.01 support: 0; clusters: 180881
polytomy of size 3; rounds with additions with at least 0.01 support: 0; clusters: 180881
polytomy of size 3; rounds with additions with at least 0.01 support: 0; clusters: 180881
polytomy of size 3; rounds with additions with at least 0.01 support: 0; clusters: 180881
polytomy of size 3; rounds with additions with at least 0.01 support: 0; clusters: 180881
polytomy of size 3; rounds with additions with at least 0.01 support: 0; clusters: 180881
polytomy of size 84; rounds with additions with at least 0.01 support: 0; clusters: 221201
Number of Clusters after addition by greedy: 221201
partitions formed in 238.823 secs
Dynamic Programming starting after 238.823 secs
Size of largest cluster: 501
Calculated 100000 weights; time (seconds): 1753
Calculated 200000 weights; time (seconds): 1509
Calculated 300000 weights; time (seconds): 1538
Calculated 400000 weights; time (seconds): 1548
Calculated 500000 weights; time (seconds): 1595
Total Number of elements weighted: 569776
Normalized score (portion of input quartet trees satisfied): 0.5941151137344453
Final optimization score: 1540976731260
Optimal tree inferred in 9108.546 secs.
(95,(364,(77,((16,319),((466,99),((113,333),((107,(9,62)),(((465,10),(404,(146,((326,491),(91,454))))),((418,(57,432)),((457,(167,(488,(73,192)))),(((((196,290),(197,(375,259))),((64,(429,365)),((239,109),(120,(257,(495,390)))))),((180,119),((255,(108,(138,(128,4)))),((300,(220,372)),(382,(402,((406,53),((331,25),(49,486))))))))),((((302,(219,224)),((274,(297,246)),(441,(81,(181,163))))),((78,((481,(68,222)),(((400,(76,(403,338))),(84,(69,(118,(438,393))))),(((198,(478,(145,51))),((223,436),(351,345))),((475,135),((56,(211,28)),((235,(285,213)),((148,(355,232)),(434,(117,60)))))))))),(((199,(459,281)),((405,150),(185,480))),(((369,(254,227)),((288,(424,(397,(430,(318,229))))),((477,(90,45)),((464,217),(292,(308,(421,(43,(5,(253,273)))))))))),((((137,191),(29,362)),((412,207),(293,(340,187)))),((42,(83,(455,(143,(133,179))))),((87,(263,439)),(215,(52,(32,324)))))))))),(((396,395),(((378,(321,194)),((106,401),(210,(379,416)))),((((335,278),((279,(248,19)),(30,((261,490),(15,(442,380)))))),((330,334),(392,((6,(18,(231,54))),((23,386),((230,12),(301,(172,(147,(349,(174,72))))))))))),((((169,(132,(114,453))),((21,123),(63,66))),((294,(103,(186,500))),((352,31),((131,71),(139,(493,354)))))),(((398,305),((306,275),((160,414),(295,183)))),(((240,1),(47,461)),((151,(158,(101,104))),(472,(82,(469,422)))))))))),(((34,((208,(444,105)),(27,(195,(245,238))))),(467,(((417,(291,130)),((437,58),(98,(497,129)))),(413,(203,((38,236),(59,((440,450),(287,11))))))))),(0,((((385,359),(499,(111,126))),(((336,46),(171,(188,(299,358)))),((428,(36,(329,(242,228)))),(((65,92),(463,((79,50),((348,(411,408)),((313,(70,(189,233))),(125,((115,476),(310,(381,394))))))))),(252,((360,(116,(206,(409,(376,214))))),((363,(368,289)),(((178,284),(458,353)),(250,(141,(356,(155,(498,496))))))))))))),(((225,(370,((387,170),(162,226)))),(282,((341,(13,(361,307))),((388,221),((190,152),(342,(485,(325,86)))))))),((265,366),((((102,(26,(156,(316,110)))),(468,(((7,270),(241,(48,182))),(266,((487,122),(471,446)))))),(((209,44),((184,157),(271,(276,(484,(423,(39,161))))))),(93,((258,283),((323,384),(164,(462,(3,(154,427))))))))),((168,((389,((272,256),(473,(280,447)))),(268,((17,200),(451,((449,435),(425,(445,443)))))))),(407,(205,(((298,165),(373,(212,260))),(((377,(489,433)),((460,243),((286,((315,134),((415,94),(127,((357,296),(474,97)))))),((367,314),(((332,267),(121,(61,149))),(175,((88,40),(371,(347,22))))))))),(((((204,96),(237,337)),(374,((37,166),(328,(20,(304,140)))))),((218,(346,(339,74))),(((41,177),(8,(247,470))),((249,(494,((343,399),(112,33)))),(264,((124,492),((309,426),(431,(391,(420,479)))))))))),(((251,14),(136,(173,482))),((((269,142),(244,24)),((159,(483,(312,216))),((2,303),(85,(383,(202,201)))))),((317,(344,(262,(55,(327,35))))),((452,(176,153)),(((100,322),((277,456),(234,(75,67)))),((80,(311,448)),(193,((350,(89,410)),(144,(320,419)))))))))))))))))))))))))))))))))));
Quartet score is: 1540976731260
Normalized quartet score is: 0.5941151137344453
ASTRAL finished in 9154.338 secs
