
================== ASTRAL ===================== 

This is ASTRAL version 4.10.10
Gene trees are treated as unrooted
999 trees read from ASTRALDATA/model.500.2000000.0.000001/36/estimatedgenetre.halfresolved
All output trees will be *arbitrarily* rooted at 254

======== Running the main analysis
Number of taxa: 501 (501 species)
Taxa: [254, 207, 60, 176, 392, 450, 256, 390, 219, 367, 244, 493, 215, 231, 229, 481, 202, 105, 120, 42, 0, 480, 15, 427, 452, 338, 228, 426, 404, 259, 29, 142, 245, 350, 475, 147, 272, 335, 104, 251, 268, 71, 195, 328, 364, 173, 298, 395, 329, 360, 470, 213, 406, 198, 150, 372, 300, 253, 497, 333, 22, 220, 114, 348, 21, 476, 319, 205, 477, 146, 270, 143, 387, 74, 80, 64, 396, 72, 28, 145, 11, 110, 492, 301, 46, 16, 410, 103, 230, 303, 468, 59, 140, 79, 117, 197, 209, 407, 381, 14, 210, 26, 7, 495, 339, 127, 102, 164, 344, 218, 293, 227, 200, 314, 460, 70, 199, 287, 232, 415, 17, 183, 488, 320, 188, 341, 469, 19, 165, 258, 456, 237, 224, 139, 472, 83, 69, 4, 255, 67, 483, 99, 89, 130, 167, 316, 435, 85, 261, 226, 443, 376, 310, 473, 290, 51, 153, 38, 41, 312, 438, 45, 331, 311, 336, 420, 61, 27, 489, 382, 35, 92, 325, 166, 393, 273, 408, 6, 84, 322, 223, 196, 362, 23, 278, 284, 434, 448, 423, 295, 135, 425, 380, 171, 317, 157, 101, 485, 54, 436, 263, 299, 394, 82, 374, 388, 361, 421, 52, 265, 359, 486, 370, 346, 76, 149, 212, 482, 405, 321, 416, 499, 125, 50, 222, 25, 81, 131, 340, 490, 107, 414, 296, 342, 201, 190, 292, 96, 433, 113, 275, 240, 1, 186, 454, 133, 324, 156, 327, 236, 155, 357, 119, 181, 343, 302, 397, 451, 355, 289, 411, 172, 280, 449, 446, 308, 109, 225, 260, 375, 241, 5, 122, 266, 386, 337, 163, 323, 123, 116, 430, 326, 206, 458, 334, 43, 161, 484, 378, 211, 305, 121, 189, 478, 267, 249, 281, 294, 373, 279, 274, 377, 208, 31, 463, 39, 496, 459, 187, 47, 170, 429, 243, 462, 217, 20, 401, 175, 444, 403, 77, 349, 264, 65, 455, 24, 137, 98, 62, 194, 10, 246, 9, 428, 345, 2, 78, 330, 354, 417, 413, 53, 276, 48, 471, 168, 402, 94, 494, 40, 106, 445, 332, 424, 178, 216, 269, 439, 400, 412, 151, 134, 409, 365, 467, 169, 66, 479, 283, 464, 33, 18, 391, 152, 389, 418, 58, 138, 111, 366, 307, 447, 184, 126, 159, 124, 154, 432, 440, 466, 191, 108, 86, 313, 132, 214, 118, 68, 353, 453, 37, 30, 63, 371, 286, 431, 73, 144, 49, 91, 297, 36, 491, 136, 177, 363, 234, 100, 369, 233, 235, 162, 356, 457, 239, 34, 129, 465, 90, 185, 97, 56, 498, 180, 13, 282, 204, 383, 252, 87, 461, 242, 93, 315, 487, 193, 384, 174, 347, 55, 221, 248, 422, 379, 500, 318, 271, 285, 203, 309, 160, 115, 95, 474, 304, 262, 288, 257, 238, 192, 75, 44, 3, 182, 385, 158, 148, 128, 141, 399, 291, 12, 250, 442, 8, 441, 88, 358, 277, 112, 306, 437, 352, 419, 32, 351, 57, 247, 179, 368, 398]
Taxon occupancy: {338=999, 339=999, 332=999, 333=999, 159=999, 330=999, 158=999, 331=999, 336=999, 157=999, 156=999, 337=999, 155=999, 334=999, 154=999, 335=999, 152=999, 153=999, 150=999, 151=999, 202=999, 349=999, 203=999, 204=999, 205=999, 200=999, 201=999, 341=999, 342=999, 169=999, 343=999, 344=999, 166=999, 206=999, 345=999, 165=999, 207=999, 346=999, 347=999, 208=999, 168=999, 167=999, 209=999, 348=999, 3=999, 161=999, 409=999, 162=999, 408=999, 2=999, 1=999, 163=999, 164=999, 0=999, 7=999, 405=999, 6=999, 404=999, 407=999, 340=999, 5=999, 160=999, 4=999, 406=999, 401=999, 400=999, 403=999, 9=999, 8=999, 402=999, 211=999, 212=999, 210=999, 318=999, 215=999, 319=999, 216=999, 316=999, 213=999, 214=999, 317=999, 179=999, 314=999, 219=999, 315=999, 178=999, 177=999, 312=999, 217=999, 313=999, 218=999, 176=999, 310=999, 311=999, 170=999, 418=999, 171=999, 417=999, 416=999, 415=999, 174=999, 175=999, 172=999, 419=999, 173=999, 410=999, 414=999, 413=999, 412=999, 411=999, 220=999, 221=999, 222=999, 223=999, 224=999, 327=999, 328=999, 225=999, 226=999, 329=999, 227=999, 188=999, 228=999, 323=999, 229=999, 324=999, 187=999, 325=999, 326=999, 189=999, 320=999, 321=999, 322=999, 427=999, 180=999, 426=999, 181=999, 429=999, 182=999, 428=999, 183=999, 184=999, 185=999, 186=999, 421=999, 420=999, 423=999, 422=999, 425=999, 424=999, 116=999, 117=999, 114=999, 115=999, 112=999, 113=999, 110=999, 111=999, 118=999, 119=999, 435=999, 436=999, 433=999, 434=999, 431=999, 432=999, 430=999, 439=999, 437=999, 438=999, 125=999, 126=999, 127=999, 300=999, 128=999, 302=999, 121=999, 301=999, 122=999, 304=999, 123=999, 124=999, 303=999, 306=999, 305=999, 308=999, 307=999, 129=999, 309=999, 444=999, 445=999, 446=999, 447=999, 440=999, 441=999, 442=999, 443=999, 120=999, 448=999, 449=999, 134=999, 135=999, 132=999, 133=999, 138=999, 139=999, 136=999, 137=999, 450=999, 453=999, 454=999, 451=999, 452=999, 457=999, 458=999, 455=999, 456=999, 459=999, 131=999, 130=999, 143=999, 144=999, 145=999, 146=999, 147=999, 148=999, 149=999, 461=999, 460=999, 462=999, 463=999, 464=999, 465=999, 466=999, 467=999, 468=999, 469=999, 140=999, 142=999, 141=999, 195=999, 194=999, 197=999, 196=999, 191=999, 190=999, 193=999, 192=999, 198=999, 199=999, 500=999, 35=999, 36=999, 33=999, 34=999, 39=999, 37=999, 38=999, 43=999, 42=999, 41=999, 40=999, 22=999, 23=999, 24=999, 25=999, 26=999, 27=999, 28=999, 29=999, 30=999, 32=999, 31=999, 19=999, 17=999, 18=999, 15=999, 16=999, 13=999, 14=999, 11=999, 12=999, 21=999, 20=999, 10=999, 79=999, 78=999, 77=999, 82=999, 83=999, 80=999, 81=999, 86=999, 87=999, 84=999, 85=999, 67=999, 66=999, 69=999, 68=999, 70=999, 71=999, 72=999, 73=999, 74=999, 75=999, 76=999, 59=999, 58=999, 57=999, 56=999, 55=999, 64=999, 65=999, 62=999, 63=999, 60=999, 61=999, 49=999, 48=999, 45=999, 44=999, 47=999, 46=999, 51=999, 52=999, 53=999, 54=999, 50=999, 487=999, 281=999, 486=999, 280=999, 485=999, 484=999, 285=999, 284=999, 489=999, 283=999, 282=999, 488=999, 288=999, 289=999, 286=999, 287=999, 482=999, 483=999, 480=999, 481=999, 474=999, 473=999, 476=999, 270=999, 475=999, 272=999, 478=999, 271=999, 477=999, 274=999, 273=999, 479=999, 275=999, 276=999, 277=999, 278=999, 279=999, 470=999, 471=999, 472=999, 109=999, 108=999, 107=999, 106=999, 105=999, 104=999, 103=999, 99=999, 102=999, 101=999, 100=999, 98=999, 97=999, 96=999, 391=999, 95=999, 390=999, 393=999, 94=999, 93=999, 392=999, 92=999, 395=999, 91=999, 394=999, 90=999, 294=999, 293=999, 499=999, 296=999, 295=999, 290=999, 496=999, 495=999, 498=999, 292=999, 291=999, 497=999, 491=999, 492=999, 493=999, 494=999, 297=999, 298=999, 299=999, 490=999, 396=999, 397=999, 398=999, 399=999, 88=999, 89=999, 240=999, 241=999, 383=999, 384=999, 381=999, 382=999, 380=999, 389=999, 388=999, 387=999, 386=999, 385=999, 245=999, 244=999, 243=999, 242=999, 249=999, 248=999, 247=999, 246=999, 230=999, 370=999, 371=999, 372=999, 373=999, 379=999, 239=999, 378=999, 375=999, 374=999, 377=999, 376=999, 232=999, 231=999, 234=999, 233=999, 236=999, 235=999, 238=999, 237=999, 262=999, 263=999, 260=999, 261=999, 361=999, 362=999, 360=999, 366=999, 365=999, 364=999, 363=999, 369=999, 368=999, 367=999, 269=999, 268=999, 267=999, 266=999, 265=999, 264=999, 250=999, 251=999, 252=999, 350=999, 351=999, 353=999, 352=999, 355=999, 354=999, 357=999, 356=999, 359=999, 358=999, 258=999, 257=999, 259=999, 254=999, 253=999, 256=999, 255=999}
Number of gene trees: 999
0 trees have missing taxa
Calculating quartet distance matrix (for completion of X)
Species tree distances calculated ...
Building set of clusters (X) from gene trees 
Using tree-based weight calculation.
Number of Default Clusters: 162569
Number of quartet trees in the gene trees: 2591122273512
calculating extra bipartitions to be added at level 1 ...
Number of Clusters after addition by distance: 162581
Adding to X using resolutions of greedy consensus ...
Threshold 0.0:
polytomy of size 5; rounds with additions with at least 0.01 support: 3; clusters: 162629
Threshold 0.01:
polytomy of size 12; rounds with additions with at least 0.01 support: 8; clusters: 163077
Threshold 0.02:
polytomy of size 3; rounds with additions with at least 0.01 support: 0; clusters: 163077
polytomy of size 16; rounds with additions with at least 0.01 support: 1; clusters: 163919
Threshold 0.05:
polytomy of size 4; rounds with additions with at least 0.01 support: 0; clusters: 163919
polytomy of size 3; rounds with additions with at least 0.01 support: 0; clusters: 163919
polytomy of size 22; rounds with additions with at least 0.01 support: 0; clusters: 163937
Threshold 0.1:
polytomy of size 3; rounds with additions with at least 0.01 support: 0; clusters: 163937
polytomy of size 4; rounds with additions with at least 0.01 support: 0; clusters: 163937
polytomy of size 3; rounds with additions with at least 0.01 support: 0; clusters: 163937
polytomy of size 4; rounds with additions with at least 0.01 support: 0; clusters: 163937
polytomy of size 5; rounds with additions with at least 0.01 support: 0; clusters: 163937
polytomy of size 4; rounds with additions with at least 0.01 support: 0; clusters: 163937
polytomy of size 26; rounds with additions with at least 0.01 support: 0; clusters: 163961
Threshold 0.2:
polytomy of size 3; rounds with additions with at least 0.01 support: 0; clusters: 163961
polytomy of size 3; rounds with additions with at least 0.01 support: 0; clusters: 163961
polytomy of size 3; rounds with additions with at least 0.01 support: 0; clusters: 163961
polytomy of size 3; rounds with additions with at least 0.01 support: 0; clusters: 163961
polytomy of size 4; rounds with additions with at least 0.01 support: 0; clusters: 163961
polytomy of size 4; rounds with additions with at least 0.01 support: 0; clusters: 163961
polytomy of size 3; rounds with additions with at least 0.01 support: 0; clusters: 163961
polytomy of size 3; rounds with additions with at least 0.01 support: 0; clusters: 163961
polytomy of size 4; rounds with additions with at least 0.01 support: 0; clusters: 163961
polytomy of size 7; rounds with additions with at least 0.01 support: 0; clusters: 163961
polytomy of size 3; rounds with additions with at least 0.01 support: 0; clusters: 163961
polytomy of size 4; rounds with additions with at least 0.01 support: 0; clusters: 163961
polytomy of size 51; rounds with additions with at least 0.01 support: 0; clusters: 163961
polytomy of size 3; rounds with additions with at least 0.01 support: 0; clusters: 163961
Threshold 0.3333333333333333:
polytomy of size 4; rounds with additions with at least 0.01 support: 0; clusters: 163961
polytomy of size 3; rounds with additions with at least 0.01 support: 0; clusters: 163961
polytomy of size 3; rounds with additions with at least 0.01 support: 0; clusters: 163961
polytomy of size 3; rounds with additions with at least 0.01 support: 0; clusters: 163961
polytomy of size 3; rounds with additions with at least 0.01 support: 0; clusters: 163961
polytomy of size 3; rounds with additions with at least 0.01 support: 0; clusters: 163961
polytomy of size 4; rounds with additions with at least 0.01 support: 0; clusters: 163961
polytomy of size 5; rounds with additions with at least 0.01 support: 0; clusters: 163961
polytomy of size 3; rounds with additions with at least 0.01 support: 0; clusters: 163961
polytomy of size 6; rounds with additions with at least 0.01 support: 0; clusters: 163961
polytomy of size 3; rounds with additions with at least 0.01 support: 0; clusters: 163961
polytomy of size 4; rounds with additions with at least 0.01 support: 0; clusters: 163961
polytomy of size 5; rounds with additions with at least 0.01 support: 0; clusters: 163961
polytomy of size 5; rounds with additions with at least 0.01 support: 0; clusters: 163961
polytomy of size 5; rounds with additions with at least 0.01 support: 0; clusters: 163961
polytomy of size 3; rounds with additions with at least 0.01 support: 0; clusters: 163961
polytomy of size 3; rounds with additions with at least 0.01 support: 0; clusters: 163961
polytomy of size 3; rounds with additions with at least 0.01 support: 0; clusters: 163961
polytomy of size 3; rounds with additions with at least 0.01 support: 0; clusters: 163961
polytomy of size 3; rounds with additions with at least 0.01 support: 0; clusters: 163961
polytomy of size 3; rounds with additions with at least 0.01 support: 0; clusters: 163961
polytomy of size 4; rounds with additions with at least 0.01 support: 0; clusters: 163961
polytomy of size 3; rounds with additions with at least 0.01 support: 0; clusters: 163961
polytomy of size 4; rounds with additions with at least 0.01 support: 0; clusters: 163961
polytomy of size 3; rounds with additions with at least 0.01 support: 0; clusters: 163961
polytomy of size 3; rounds with additions with at least 0.01 support: 0; clusters: 163961
polytomy of size 3; rounds with additions with at least 0.01 support: 0; clusters: 163961
polytomy of size 5; rounds with additions with at least 0.01 support: 0; clusters: 163961
polytomy of size 4; rounds with additions with at least 0.01 support: 0; clusters: 163961
polytomy of size 3; rounds with additions with at least 0.01 support: 0; clusters: 163961
polytomy of size 4; rounds with additions with at least 0.01 support: 0; clusters: 163961
polytomy of size 3; rounds with additions with at least 0.01 support: 0; clusters: 163961
polytomy of size 3; rounds with additions with at least 0.01 support: 0; clusters: 163961
polytomy of size 5; rounds with additions with at least 0.01 support: 0; clusters: 163961
polytomy of size 3; rounds with additions with at least 0.01 support: 0; clusters: 163961
polytomy of size 4; rounds with additions with at least 0.01 support: 0; clusters: 163961
polytomy of size 3; rounds with additions with at least 0.01 support: 0; clusters: 163961
polytomy of size 76; rounds with additions with at least 0.01 support: 0; clusters: 202929
polytomy of size 3; rounds with additions with at least 0.01 support: 0; clusters: 202929
polytomy of size 4; rounds with additions with at least 0.01 support: 0; clusters: 202929
Number of Clusters after addition by greedy: 202929
partitions formed in 223.395 secs
Dynamic Programming starting after 223.395 secs
Size of largest cluster: 501
Calculated 100000 weights; time (seconds): 1736
Calculated 200000 weights; time (seconds): 1512
Calculated 300000 weights; time (seconds): 1522
Calculated 400000 weights; time (seconds): 1544
Calculated 500000 weights; time (seconds): 1604
Total Number of elements weighted: 529468
Normalized score (portion of input quartet trees satisfied): 0.5469410975994363
Final optimization score: 1417191260289
Optimal tree inferred in 8401.262 secs.
(484,(378,(211,((305,121),((334,(43,161)),(478,((294,(281,373)),((189,(267,249)),(((156,(454,(133,324))),((446,(225,((308,(109,260)),(375,(266,(241,(5,122))))))),(386,((337,123),(163,(326,(430,(116,(323,(206,458)))))))))),(((449,(172,280)),((343,(119,181)),((289,(327,236)),((302,397),((155,357),(451,355)))))),((411,(((433,113),(342,(201,(414,296)))),((292,96),((190,275),(240,(1,186)))))),((370,346),((339,(102,(127,164))),((((340,(490,107)),(((212,482),(76,149)),(293,(((405,321),(499,(416,125))),((50,25),(131,(222,81))))))),(486,((256,(((38,41),((312,(438,45)),(311,(331,(336,(420,61)))))),((325,(27,(489,382))),((393,273),((92,166),(35,(265,359))))))),(((485,54),((425,380),(101,(171,317)))),((299,((374,(394,82)),((388,361),(421,52)))),(157,((436,263),(((448,423),(135,(434,295))),((322,(196,(6,84))),(408,(223,(362,23)))))))))))),((((67,(483,99)),(495,(344,218))),(((167,316),(435,(85,261))),(32,((145,11),((207,(254,60)),(450,(392,(130,(176,89))))))))),((((148,128),(141,(12,(399,291)))),((55,((182,(3,385)),((264,(65,455)),(442,(8,(250,441)))))),(((462,(217,20)),((30,(37,63)),(318,(271,(285,203))))),((403,(175,(401,444))),(((243,24),(137,(98,((10,246),(62,194))))),((77,349),((170,429),((496,459),(187,47))))))))),((0,((381,(14,210)),(209,(407,(26,7))))),(((((31,(463,39)),(110,(301,(492,46)))),(((103,303),(230,468)),(59,(140,(79,(117,197)))))),(((237,(139,(456,224))),(341,(469,(19,(165,258))))),((232,(415,((17,183),(488,(320,188))))),(70,(199,((227,287),(460,(200,314)))))))),(((226,(443,(473,(376,310)))),((352,419),((((158,437),(28,(290,51))),((16,410),(69,((4,255),(472,83))))),(((112,306),(88,(358,277))),((480,(481,((229,120),(202,(105,42))))),(((338,228),(29,(259,(426,404)))),(390,((244,(219,367)),(493,(215,231)))))))))),((((471,(48,168)),((((439,400),(412,151)),(269,((78,330),(428,(9,(345,2)))))),((354,((413,53),(417,276))),(402,((94,(216,(494,178))),((106,445),(332,(40,424)))))))),((72,((396,153),(477,(146,((220,(22,114)),((300,270),(497,(253,333)))))))),(((247,(452,(15,427))),(351,(398,(57,(179,368))))),(((360,470),((251,(268,71)),((335,104),((147,272),(142,(245,(350,475))))))),((143,((395,(298,329)),((150,372),((364,173),(195,328))))),((205,((476,319),(348,21))),(64,((387,(74,80)),(213,(406,198)))))))))),(((((278,284),(418,58)),((366,(447,184)),(307,(126,159)))),((((86,(313,132)),(464,(283,33))),((18,391),((66,479),((134,409),(365,(467,169)))))),((111,(353,(453,(152,389)))),((124,(154,432)),((214,(118,68)),(138,(440,(466,(191,108))))))))),(((129,((282,204),((383,252),(498,(180,13))))),((87,(461,242)),((97,(384,(487,193))),((93,315),((56,(239,34)),((356,457),(465,(90,185)))))))),((((144,49),(431,(286,73))),(((91,297),(177,(363,234))),((491,136),((36,100),((369,162),(233,235)))))),(((371,(174,347)),(208,(279,(274,377)))),(((160,(309,115)),((248,422),(379,(221,500)))),((238,192),((75,44),(257,(288,(262,(95,(474,304))))))))))))))))))))))))))))))));
Quartet score is: 1417191260289
Normalized quartet score is: 0.5469410975994363
ASTRAL finished in 8447.861 secs
