
================== ASTRAL ===================== 

This is ASTRAL version 4.10.8
Gene trees are treated as unrooted
1000 trees read from model.50.2000000.0.000001/01/estimatedgenetre.halfresolved
All outputted trees will be *arbitrarily* rooted at 41

======== Running the main analysis
Number of taxa: 51 (51 species)
Taxa: [41, 39, 50, 18, 25, 20, 15, 1, 47, 32, 7, 26, 28, 31, 13, 2, 14, 10, 34, 12, 9, 3, 30, 37, 33, 5, 49, 11, 16, 6, 43, 4, 35, 17, 48, 40, 22, 36, 38, 42, 46, 8, 0, 45, 21, 19, 29, 23, 44, 24, 27]
Taxon occupancy: {19=1000, 17=1000, 35=1000, 36=1000, 18=1000, 33=1000, 15=1000, 16=1000, 34=1000, 39=1000, 13=1000, 14=1000, 11=1000, 37=1000, 38=1000, 12=1000, 21=1000, 20=1000, 43=1000, 42=1000, 41=1000, 40=1000, 49=1000, 48=1000, 45=1000, 44=1000, 47=1000, 46=1000, 22=1000, 23=1000, 24=1000, 25=1000, 26=1000, 27=1000, 28=1000, 29=1000, 3=1000, 2=1000, 1=1000, 10=1000, 0=1000, 7=1000, 30=1000, 6=1000, 5=1000, 32=1000, 4=1000, 31=1000, 9=1000, 8=1000, 50=1000}
Number of gene trees: 1000
0 trees have missing taxa
Calculating quartet distance matrix (for completion of X)
Species tree distances calculated ...
Building set of clusters (X) from gene trees 
Using tree-based weight calculation.
Number of Default Clusters: 4899
Number of quartet trees in the gene trees: 249899952
calculating extra bipartitions to be added at level 1 ...
Number of Clusters after addition by distance: 4899
Adding to X using resolutions of greedy consensus ...
Threshold 0.0:
Threshold 0.01:
Threshold 0.02:
Threshold 0.05:
Threshold 0.1:
Threshold 0.2:
polytomy of size 4; rounds with additions with at least 0.01 support: 0; clusters: 4899
Threshold 0.3333333333333333:
polytomy of size 3; rounds with additions with at least 0.01 support: 0; clusters: 4899
polytomy of size 3; rounds with additions with at least 0.01 support: 0; clusters: 4899
polytomy of size 5; rounds with additions with at least 0.01 support: 0; clusters: 4899
polytomy of size 3; rounds with additions with at least 0.01 support: 0; clusters: 4899
Number of Clusters after addition by greedy: 4899
partitions formed in 2.595 secs
Dynamic Programming starting after 2.595 secs
Size of largest cluster: 51
Size of largest cluster: 51
Total Number of elements weighted: 20365
Normalized score (portion of input quartet trees satisfied): NaN
Final optimization score: 0
Total Number of elements weighted: 20365
Normalized score (portion of input quartet trees satisfied): 0.8557275273106095
Final optimization score: 213846268
Optimal tree inferred in 4.92 secs.
(41,(((39,(50,18)),((25,20),(32,(47,(7,26))))),(((15,1),((24,27),(29,((23,44),(19,(45,21)))))),(((13,2),(28,31)),(0,((46,8),(((38,(42,(22,36))),((48,40),(4,(35,17)))),((49,(11,(16,(6,43)))),(14,((33,5),((30,37),(10,(12,(34,(9,3)))))))))))))));
Quartet score is: 213846268
Normalized quartet score is: 0.8557275273106095
ASTRAL finished in 6.442 secs
