
================== ASTRAL ===================== 

This is ASTRAL version 4.10.8
Gene trees are treated as unrooted
1000 trees read from model.200.500000.0.000001/34/estimatedgenetre.halfresolved
All outputted trees will be *arbitrarily* rooted at 17

======== Running the main analysis
Number of taxa: 201 (201 species)
Taxa: [17, 156, 118, 113, 90, 166, 155, 103, 32, 45, 110, 106, 130, 5, 137, 179, 107, 8, 184, 116, 35, 125, 9, 24, 126, 186, 41, 33, 93, 138, 163, 153, 27, 81, 127, 145, 60, 48, 198, 193, 50, 49, 34, 162, 59, 112, 68, 136, 158, 7, 98, 195, 104, 95, 96, 73, 10, 139, 13, 167, 196, 129, 159, 75, 12, 182, 85, 88, 57, 173, 0, 76, 175, 124, 71, 56, 18, 79, 64, 164, 157, 133, 181, 66, 39, 78, 23, 119, 84, 180, 144, 61, 109, 40, 54, 100, 146, 143, 123, 199, 89, 105, 31, 44, 192, 172, 22, 69, 187, 58, 99, 177, 80, 152, 6, 117, 14, 87, 168, 29, 114, 189, 16, 3, 120, 188, 47, 94, 83, 51, 142, 170, 171, 194, 30, 115, 21, 141, 74, 165, 174, 70, 65, 43, 97, 147, 121, 149, 2, 26, 63, 151, 19, 11, 161, 52, 111, 200, 55, 128, 77, 86, 101, 134, 91, 20, 72, 37, 108, 140, 46, 160, 38, 197, 176, 15, 28, 36, 67, 42, 1, 102, 132, 191, 178, 150, 53, 185, 169, 183, 190, 82, 131, 92, 154, 4, 148, 25, 62, 135, 122]
Taxon occupancy: {35=1000, 36=1000, 159=1000, 33=1000, 158=1000, 34=1000, 39=1000, 157=1000, 156=1000, 155=1000, 37=1000, 154=1000, 38=1000, 152=1000, 153=1000, 150=1000, 151=1000, 43=1000, 42=1000, 41=1000, 40=1000, 200=1000, 22=1000, 23=1000, 169=1000, 24=1000, 25=1000, 166=1000, 26=1000, 27=1000, 165=1000, 168=1000, 28=1000, 167=1000, 29=1000, 3=1000, 161=1000, 162=1000, 2=1000, 163=1000, 1=1000, 164=1000, 0=1000, 7=1000, 30=1000, 6=1000, 5=1000, 32=1000, 4=1000, 31=1000, 160=1000, 9=1000, 8=1000, 19=1000, 179=1000, 17=1000, 18=1000, 178=1000, 177=1000, 15=1000, 16=1000, 176=1000, 13=1000, 14=1000, 11=1000, 12=1000, 170=1000, 21=1000, 171=1000, 20=1000, 174=1000, 175=1000, 172=1000, 173=1000, 188=1000, 187=1000, 189=1000, 180=1000, 181=1000, 10=1000, 182=1000, 183=1000, 184=1000, 185=1000, 186=1000, 116=1000, 79=1000, 117=1000, 78=1000, 114=1000, 115=1000, 77=1000, 112=1000, 113=1000, 110=1000, 111=1000, 118=1000, 119=1000, 82=1000, 83=1000, 80=1000, 81=1000, 86=1000, 87=1000, 84=1000, 85=1000, 125=1000, 67=1000, 66=1000, 126=1000, 127=1000, 69=1000, 68=1000, 128=1000, 121=1000, 122=1000, 123=1000, 124=1000, 129=1000, 70=1000, 71=1000, 120=1000, 72=1000, 73=1000, 74=1000, 75=1000, 76=1000, 134=1000, 135=1000, 132=1000, 133=1000, 59=1000, 138=1000, 58=1000, 57=1000, 139=1000, 56=1000, 136=1000, 137=1000, 55=1000, 64=1000, 65=1000, 62=1000, 63=1000, 131=1000, 60=1000, 61=1000, 130=1000, 49=1000, 143=1000, 144=1000, 48=1000, 145=1000, 146=1000, 45=1000, 147=1000, 148=1000, 44=1000, 47=1000, 149=1000, 46=1000, 51=1000, 52=1000, 53=1000, 54=1000, 140=1000, 142=1000, 50=1000, 141=1000, 109=1000, 108=1000, 107=1000, 106=1000, 105=1000, 104=1000, 103=1000, 99=1000, 102=1000, 101=1000, 100=1000, 98=1000, 97=1000, 96=1000, 95=1000, 94=1000, 93=1000, 92=1000, 91=1000, 90=1000, 88=1000, 89=1000, 195=1000, 194=1000, 197=1000, 196=1000, 191=1000, 190=1000, 193=1000, 192=1000, 198=1000, 199=1000}
Number of gene trees: 1000
0 trees have missing taxa
Calculating quartet distance matrix (for completion of X)
Species tree distances calculated ...
Building set of clusters (X) from gene trees 
Using tree-based weight calculation.
Number of Default Clusters: 147511
Number of quartet trees in the gene trees: 65996769858
calculating extra bipartitions to be added at level 1 ...
Number of Clusters after addition by distance: 147535
Adding to X using resolutions of greedy consensus ...
Threshold 0.0:
polytomy of size 13; rounds with additions with at least 0.01 support: 6; clusters: 148319
Threshold 0.01:
polytomy of size 4; rounds with additions with at least 0.01 support: 0; clusters: 148319
polytomy of size 24; rounds with additions with at least 0.01 support: 6; clusters: 151975
Threshold 0.02:
polytomy of size 34; rounds with additions with at least 0.01 support: 2; clusters: 160427
Threshold 0.05:
polytomy of size 46; rounds with additions with at least 0.01 support: 0; clusters: 160523
Threshold 0.1:
polytomy of size 4; rounds with additions with at least 0.01 support: 0; clusters: 160523
polytomy of size 3; rounds with additions with at least 0.01 support: 0; clusters: 160523
polytomy of size 3; rounds with additions with at least 0.01 support: 0; clusters: 160523
polytomy of size 57; rounds with additions with at least 0.01 support: 0; clusters: 160629
Threshold 0.2:
polytomy of size 3; rounds with additions with at least 0.01 support: 0; clusters: 160629
polytomy of size 5; rounds with additions with at least 0.01 support: 0; clusters: 160629
polytomy of size 88; rounds with additions with at least 0.01 support: 0; clusters: 160749
Threshold 0.3333333333333333:
polytomy of size 4; rounds with additions with at least 0.01 support: 0; clusters: 160749
polytomy of size 5; rounds with additions with at least 0.01 support: 0; clusters: 160749
polytomy of size 3; rounds with additions with at least 0.01 support: 0; clusters: 160749
polytomy of size 3; rounds with additions with at least 0.01 support: 0; clusters: 160749
polytomy of size 3; rounds with additions with at least 0.01 support: 0; clusters: 160749
polytomy of size 3; rounds with additions with at least 0.01 support: 0; clusters: 160749
Number of Clusters after addition by greedy: 160749
partitions formed in 98.212 secs
Dynamic Programming starting after 98.212 secs
Size of largest cluster: 201
Size of largest cluster: 201
Calculated 100000 weights; time (seconds): 120
Calculated 200000 weights; time (seconds): 21
Calculated 300000 weights; time (seconds): 22
Total Number of elements weighted: 402771
Normalized score (portion of input quartet trees satisfied): NaN
Final optimization score: 0
Calculated 400000 weights; time (seconds): 51
Total Number of elements weighted: 402771
Normalized score (portion of input quartet trees satisfied): 0.4951381967831096
Final optimization score: 32677521621
Optimal tree inferred in 216.812 secs.
(17,((0,(((143,123),((40,(54,(100,146))),((186,(162,((50,49),(193,34)))),(((138,163),(127,(145,60))),(198,((81,48),(153,27))))))),((((77,(121,149)),(101,(86,134))),(128,(65,((97,147),(70,43))))),(((99,177),(135,122)),((131,((92,154),(25,(148,(4,62))))),((89,(126,105)),(((172,22),(31,(44,192))),((90,155),(199,(166,(69,(187,58)))))))))))),((78,((156,(118,113)),(76,(179,((8,(41,(103,107))),(32,(45,(33,93)))))))),((((184,(37,(72,(108,140)))),(((125,(9,24)),((91,20),(116,35))),((7,98),((195,104),(112,(68,(158,(59,136)))))))),((175,124),((71,((64,164),(79,(157,(18,(133,181)))))),((2,(66,39)),(55,(26,((200,(19,(11,161))),((56,151),(111,(63,52)))))))))),((47,(((190,82),(144,((16,(3,183)),(23,(178,(132,191)))))),((94,83),(((61,109),(84,180)),((46,160),((189,30),((119,(150,(169,(53,185)))),((14,(6,(117,87))),((152,(80,168)),((171,194),((29,142),(51,(114,170))))))))))))),(((130,(115,(165,(141,(21,74))))),(95,((139,(96,13)),((73,10),(110,106))))),((174,(5,137)),(((85,42),((1,102),(188,(173,(88,57))))),(((159,75),((12,120),(129,(167,196)))),((38,197),((15,(176,28)),(182,(36,67)))))))))))));
Quartet score is: 32677521621
Normalized quartet score is: 0.4951381967831096
ASTRAL finished in 226.207 secs
