
================== ASTRAL ===================== 

This is ASTRAL version 4.10.10
Gene trees are treated as unrooted
1000 trees read from ASTRALDATA/model.500.2000000.0.000001/39/estimatedgenetre.halfresolved
All output trees will be *arbitrarily* rooted at 17

======== Running the main analysis
Number of taxa: 501 (501 species)
Taxa: [17, 278, 90, 124, 264, 13, 343, 186, 179, 150, 218, 285, 193, 72, 260, 433, 32, 363, 45, 463, 477, 299, 167, 62, 272, 470, 498, 349, 266, 102, 316, 187, 429, 75, 277, 393, 484, 367, 348, 305, 57, 55, 468, 295, 345, 129, 269, 122, 479, 152, 8, 326, 25, 286, 202, 70, 19, 391, 226, 410, 452, 240, 141, 263, 453, 171, 93, 422, 85, 248, 465, 223, 189, 235, 298, 420, 151, 252, 253, 206, 313, 155, 22, 40, 96, 162, 58, 18, 386, 485, 404, 225, 165, 224, 66, 43, 332, 406, 279, 409, 407, 41, 67, 394, 134, 112, 161, 47, 310, 275, 365, 221, 142, 432, 3, 78, 425, 268, 493, 499, 382, 322, 232, 227, 119, 166, 301, 39, 377, 46, 358, 497, 412, 217, 500, 490, 324, 426, 353, 283, 259, 418, 11, 157, 190, 476, 117, 344, 323, 424, 24, 364, 130, 329, 23, 164, 372, 438, 127, 238, 100, 98, 454, 12, 185, 212, 89, 80, 359, 184, 56, 64, 430, 494, 71, 473, 52, 82, 396, 251, 175, 36, 292, 131, 290, 449, 196, 302, 153, 478, 145, 408, 101, 303, 280, 428, 368, 113, 464, 271, 31, 60, 483, 33, 371, 219, 481, 50, 220, 237, 21, 30, 341, 79, 6, 110, 450, 447, 195, 84, 440, 328, 105, 241, 467, 389, 381, 441, 91, 387, 163, 27, 149, 53, 350, 373, 491, 291, 400, 445, 374, 427, 9, 385, 474, 181, 487, 492, 317, 104, 99, 144, 273, 83, 289, 192, 255, 320, 451, 340, 243, 178, 413, 469, 270, 258, 211, 308, 222, 495, 380, 135, 177, 156, 360, 458, 213, 362, 312, 215, 284, 342, 123, 2, 61, 415, 191, 92, 183, 334, 388, 276, 136, 307, 103, 288, 170, 461, 29, 7, 154, 442, 369, 399, 88, 397, 34, 143, 139, 74, 300, 199, 375, 137, 73, 311, 416, 108, 68, 48, 132, 69, 174, 114, 482, 210, 120, 37, 231, 194, 159, 306, 125, 405, 309, 28, 319, 111, 444, 173, 459, 431, 356, 233, 204, 63, 294, 236, 282, 188, 106, 234, 59, 208, 421, 35, 250, 5, 355, 417, 457, 325, 314, 87, 351, 496, 281, 379, 160, 293, 331, 383, 205, 81, 201, 434, 44, 390, 267, 462, 4, 384, 446, 304, 1, 378, 65, 361, 335, 198, 327, 256, 244, 354, 443, 321, 489, 436, 138, 172, 398, 26, 437, 146, 76, 10, 126, 168, 42, 169, 339, 128, 337, 456, 486, 229, 460, 333, 15, 118, 228, 274, 230, 448, 296, 488, 257, 214, 439, 16, 109, 265, 395, 14, 182, 370, 318, 347, 455, 247, 330, 475, 209, 95, 336, 20, 0, 472, 77, 97, 392, 315, 216, 366, 116, 352, 414, 239, 115, 435, 86, 38, 411, 419, 254, 297, 176, 107, 94, 357, 261, 246, 180, 203, 207, 376, 346, 338, 245, 402, 480, 403, 466, 262, 471, 140, 197, 401, 249, 148, 54, 158, 51, 287, 49, 147, 423, 133, 242, 200, 121]
Taxon occupancy: {338=1000, 339=1000, 332=1000, 333=1000, 330=1000, 159=1000, 158=1000, 331=1000, 336=1000, 157=1000, 337=1000, 156=1000, 155=1000, 334=1000, 335=1000, 154=1000, 152=1000, 153=1000, 150=1000, 151=1000, 349=1000, 202=1000, 203=1000, 204=1000, 205=1000, 200=1000, 201=1000, 341=1000, 169=1000, 342=1000, 343=1000, 344=1000, 166=1000, 345=1000, 206=1000, 346=1000, 207=1000, 165=1000, 347=1000, 168=1000, 208=1000, 209=1000, 348=1000, 167=1000, 3=1000, 161=1000, 409=1000, 408=1000, 162=1000, 2=1000, 1=1000, 163=1000, 0=1000, 164=1000, 7=1000, 405=1000, 404=1000, 6=1000, 407=1000, 340=1000, 5=1000, 406=1000, 160=1000, 4=1000, 401=1000, 400=1000, 403=1000, 9=1000, 402=1000, 8=1000, 211=1000, 212=1000, 210=1000, 318=1000, 215=1000, 216=1000, 319=1000, 316=1000, 213=1000, 214=1000, 317=1000, 179=1000, 219=1000, 314=1000, 315=1000, 178=1000, 217=1000, 177=1000, 312=1000, 176=1000, 218=1000, 313=1000, 310=1000, 311=1000, 418=1000, 170=1000, 171=1000, 417=1000, 416=1000, 415=1000, 174=1000, 175=1000, 172=1000, 419=1000, 173=1000, 410=1000, 414=1000, 413=1000, 412=1000, 411=1000, 220=1000, 221=1000, 222=1000, 223=1000, 327=1000, 224=1000, 225=1000, 328=1000, 329=1000, 226=1000, 227=1000, 228=1000, 323=1000, 188=1000, 229=1000, 324=1000, 187=1000, 325=1000, 326=1000, 189=1000, 320=1000, 321=1000, 322=1000, 427=1000, 180=1000, 426=1000, 429=1000, 181=1000, 182=1000, 428=1000, 183=1000, 184=1000, 185=1000, 186=1000, 421=1000, 420=1000, 423=1000, 422=1000, 425=1000, 424=1000, 116=1000, 117=1000, 114=1000, 115=1000, 112=1000, 113=1000, 110=1000, 111=1000, 118=1000, 119=1000, 435=1000, 436=1000, 433=1000, 434=1000, 431=1000, 432=1000, 430=1000, 439=1000, 437=1000, 438=1000, 125=1000, 126=1000, 127=1000, 300=1000, 128=1000, 121=1000, 302=1000, 301=1000, 122=1000, 123=1000, 304=1000, 124=1000, 303=1000, 306=1000, 305=1000, 308=1000, 307=1000, 129=1000, 309=1000, 444=1000, 445=1000, 446=1000, 447=1000, 440=1000, 441=1000, 442=1000, 443=1000, 120=1000, 448=1000, 449=1000, 134=1000, 135=1000, 132=1000, 133=1000, 138=1000, 139=1000, 136=1000, 137=1000, 450=1000, 453=1000, 454=1000, 451=1000, 452=1000, 457=1000, 458=1000, 455=1000, 456=1000, 459=1000, 131=1000, 130=1000, 143=1000, 144=1000, 145=1000, 146=1000, 147=1000, 148=1000, 149=1000, 461=1000, 460=1000, 462=1000, 463=1000, 464=1000, 465=1000, 466=1000, 467=1000, 468=1000, 469=1000, 140=1000, 142=1000, 141=1000, 195=1000, 194=1000, 197=1000, 196=1000, 191=1000, 190=1000, 193=1000, 192=1000, 198=1000, 199=1000, 500=1000, 35=1000, 36=1000, 33=1000, 34=1000, 39=1000, 37=1000, 38=1000, 43=1000, 42=1000, 41=1000, 40=1000, 22=1000, 23=1000, 24=1000, 25=1000, 26=1000, 27=1000, 28=1000, 29=1000, 30=1000, 32=1000, 31=1000, 19=1000, 17=1000, 18=1000, 15=1000, 16=1000, 13=1000, 14=1000, 11=1000, 12=1000, 21=1000, 20=1000, 10=1000, 79=1000, 78=1000, 77=1000, 82=1000, 83=1000, 80=1000, 81=1000, 86=1000, 87=1000, 84=1000, 85=1000, 67=1000, 66=1000, 69=1000, 68=1000, 70=1000, 71=1000, 72=1000, 73=1000, 74=1000, 75=1000, 76=1000, 59=1000, 58=1000, 57=1000, 56=1000, 55=1000, 64=1000, 65=1000, 62=1000, 63=1000, 60=1000, 61=1000, 49=1000, 48=1000, 45=1000, 44=1000, 47=1000, 46=1000, 51=1000, 52=1000, 53=1000, 54=1000, 50=1000, 487=1000, 281=1000, 486=1000, 280=1000, 485=1000, 484=1000, 285=1000, 284=1000, 489=1000, 283=1000, 488=1000, 282=1000, 288=1000, 289=1000, 286=1000, 287=1000, 482=1000, 483=1000, 480=1000, 481=1000, 474=1000, 473=1000, 476=1000, 270=1000, 475=1000, 478=1000, 272=1000, 477=1000, 271=1000, 274=1000, 479=1000, 273=1000, 275=1000, 276=1000, 277=1000, 278=1000, 279=1000, 470=1000, 471=1000, 472=1000, 109=1000, 108=1000, 107=1000, 106=1000, 105=1000, 104=1000, 103=1000, 102=1000, 99=1000, 101=1000, 100=1000, 98=1000, 97=1000, 391=1000, 96=1000, 95=1000, 390=1000, 94=1000, 393=1000, 392=1000, 93=1000, 395=1000, 92=1000, 394=1000, 91=1000, 90=1000, 294=1000, 499=1000, 293=1000, 296=1000, 295=1000, 290=1000, 496=1000, 495=1000, 292=1000, 498=1000, 497=1000, 291=1000, 491=1000, 492=1000, 493=1000, 494=1000, 297=1000, 298=1000, 299=1000, 490=1000, 396=1000, 397=1000, 398=1000, 399=1000, 88=1000, 89=1000, 240=1000, 241=1000, 383=1000, 384=1000, 381=1000, 382=1000, 380=1000, 389=1000, 388=1000, 387=1000, 386=1000, 385=1000, 245=1000, 244=1000, 243=1000, 242=1000, 249=1000, 248=1000, 247=1000, 246=1000, 230=1000, 370=1000, 371=1000, 372=1000, 373=1000, 379=1000, 239=1000, 378=1000, 375=1000, 374=1000, 377=1000, 376=1000, 232=1000, 231=1000, 234=1000, 233=1000, 236=1000, 235=1000, 238=1000, 237=1000, 262=1000, 263=1000, 260=1000, 261=1000, 361=1000, 362=1000, 360=1000, 366=1000, 365=1000, 364=1000, 363=1000, 369=1000, 368=1000, 367=1000, 269=1000, 268=1000, 267=1000, 266=1000, 265=1000, 264=1000, 250=1000, 251=1000, 252=1000, 350=1000, 351=1000, 353=1000, 352=1000, 355=1000, 354=1000, 357=1000, 356=1000, 359=1000, 358=1000, 258=1000, 257=1000, 259=1000, 254=1000, 253=1000, 256=1000, 255=1000}
Number of gene trees: 1000
0 trees have missing taxa
Calculating quartet distance matrix (for completion of X)
Species tree distances calculated ...
Building set of clusters (X) from gene trees 
Using tree-based weight calculation.
Number of Default Clusters: 174021
Number of quartet trees in the gene trees: 2593739521932
calculating extra bipartitions to be added at level 1 ...
Number of Clusters after addition by distance: 174037
Adding to X using resolutions of greedy consensus ...
Threshold 0.0:
polytomy of size 4; rounds with additions with at least 0.01 support: 1; clusters: 174055
polytomy of size 4; rounds with additions with at least 0.01 support: 0; clusters: 174071
polytomy of size 4; rounds with additions with at least 0.01 support: 2; clusters: 174085
Threshold 0.01:
polytomy of size 20; rounds with additions with at least 0.01 support: 15; clusters: 175953
Threshold 0.02:
polytomy of size 23; rounds with additions with at least 0.01 support: 5; clusters: 177817
Threshold 0.05:
polytomy of size 3; rounds with additions with at least 0.01 support: 0; clusters: 177817
polytomy of size 3; rounds with additions with at least 0.01 support: 0; clusters: 177817
polytomy of size 4; rounds with additions with at least 0.01 support: 0; clusters: 177817
polytomy of size 36; rounds with additions with at least 0.01 support: 7; clusters: 177973
Threshold 0.1:
polytomy of size 3; rounds with additions with at least 0.01 support: 0; clusters: 177973
polytomy of size 4; rounds with additions with at least 0.01 support: 0; clusters: 177973
polytomy of size 4; rounds with additions with at least 0.01 support: 0; clusters: 177973
polytomy of size 5; rounds with additions with at least 0.01 support: 0; clusters: 177973
polytomy of size 46; rounds with additions with at least 0.01 support: 0; clusters: 178007
Threshold 0.2:
polytomy of size 4; rounds with additions with at least 0.01 support: 0; clusters: 178007
polytomy of size 6; rounds with additions with at least 0.01 support: 0; clusters: 178007
polytomy of size 3; rounds with additions with at least 0.01 support: 0; clusters: 178007
polytomy of size 3; rounds with additions with at least 0.01 support: 0; clusters: 178007
polytomy of size 4; rounds with additions with at least 0.01 support: 0; clusters: 178007
polytomy of size 4; rounds with additions with at least 0.01 support: 0; clusters: 178007
polytomy of size 7; rounds with additions with at least 0.01 support: 0; clusters: 178007
polytomy of size 9; rounds with additions with at least 0.01 support: 0; clusters: 178007
polytomy of size 4; rounds with additions with at least 0.01 support: 0; clusters: 178007
polytomy of size 4; rounds with additions with at least 0.01 support: 0; clusters: 178007
polytomy of size 60; rounds with additions with at least 0.01 support: 0; clusters: 178017
polytomy of size 3; rounds with additions with at least 0.01 support: 0; clusters: 178017
Threshold 0.3333333333333333:
polytomy of size 4; rounds with additions with at least 0.01 support: 0; clusters: 178017
polytomy of size 6; rounds with additions with at least 0.01 support: 0; clusters: 178017
polytomy of size 3; rounds with additions with at least 0.01 support: 0; clusters: 178017
polytomy of size 10; rounds with additions with at least 0.01 support: 0; clusters: 178065
polytomy of size 4; rounds with additions with at least 0.01 support: 0; clusters: 178065
polytomy of size 3; rounds with additions with at least 0.01 support: 0; clusters: 178065
polytomy of size 9; rounds with additions with at least 0.01 support: 0; clusters: 178081
polytomy of size 3; rounds with additions with at least 0.01 support: 0; clusters: 178081
polytomy of size 4; rounds with additions with at least 0.01 support: 0; clusters: 178081
polytomy of size 3; rounds with additions with at least 0.01 support: 0; clusters: 178081
polytomy of size 3; rounds with additions with at least 0.01 support: 0; clusters: 178081
polytomy of size 4; rounds with additions with at least 0.01 support: 0; clusters: 178081
polytomy of size 3; rounds with additions with at least 0.01 support: 0; clusters: 178081
polytomy of size 4; rounds with additions with at least 0.01 support: 0; clusters: 178081
polytomy of size 3; rounds with additions with at least 0.01 support: 0; clusters: 178081
polytomy of size 4; rounds with additions with at least 0.01 support: 0; clusters: 178081
polytomy of size 4; rounds with additions with at least 0.01 support: 0; clusters: 178081
polytomy of size 3; rounds with additions with at least 0.01 support: 0; clusters: 178081
polytomy of size 5; rounds with additions with at least 0.01 support: 0; clusters: 178081
polytomy of size 3; rounds with additions with at least 0.01 support: 0; clusters: 178081
polytomy of size 4; rounds with additions with at least 0.01 support: 0; clusters: 178081
polytomy of size 7; rounds with additions with at least 0.01 support: 0; clusters: 178081
polytomy of size 3; rounds with additions with at least 0.01 support: 0; clusters: 178081
polytomy of size 4; rounds with additions with at least 0.01 support: 0; clusters: 178081
polytomy of size 3; rounds with additions with at least 0.01 support: 0; clusters: 178081
polytomy of size 4; rounds with additions with at least 0.01 support: 0; clusters: 178081
polytomy of size 3; rounds with additions with at least 0.01 support: 0; clusters: 178081
polytomy of size 3; rounds with additions with at least 0.01 support: 0; clusters: 178081
polytomy of size 3; rounds with additions with at least 0.01 support: 0; clusters: 178081
polytomy of size 3; rounds with additions with at least 0.01 support: 0; clusters: 178081
polytomy of size 6; rounds with additions with at least 0.01 support: 0; clusters: 178081
polytomy of size 3; rounds with additions with at least 0.01 support: 0; clusters: 178081
polytomy of size 92; rounds with additions with at least 0.01 support: 0; clusters: 234215
polytomy of size 5; rounds with additions with at least 0.01 support: 0; clusters: 234215
Number of Clusters after addition by greedy: 234215
partitions formed in 251.753 secs
Dynamic Programming starting after 251.753 secs
Size of largest cluster: 501
Calculated 100000 weights; time (seconds): 1785
Calculated 200000 weights; time (seconds): 1532
Calculated 300000 weights; time (seconds): 1549
Calculated 400000 weights; time (seconds): 1553
Calculated 500000 weights; time (seconds): 1527
Calculated 600000 weights; time (seconds): 1596
Total Number of elements weighted: 676756
Normalized score (portion of input quartet trees satisfied): 0.5963773324369129
Final optimization score: 1546847457126
Optimal tree inferred in 10818.955 secs.
(92,(238,(100,((158,51),(127,((382,(431,(173,459))),((((304,1),(378,65)),(226,((354,(256,244)),((361,335),(198,327))))),(((162,58),((((393,484),((367,(348,305)),((55,286),((269,25),((57,(468,295)),((122,(345,129)),(479,(8,(152,326))))))))),(66,(75,((((490,324),(426,353)),(210,(231,(37,(120,194))))),(497,((412,(217,500)),(377,((166,301),(46,(39,358)))))))))),((((265,395),(330,(475,209))),((370,(14,182)),(247,(347,(318,455))))),(438,(((232,227),(322,(284,(342,123)))),((458,(312,(213,362))),((215,(61,(2,(415,191)))),((340,243),((451,(469,(270,((289,320),(192,255))))),((380,(495,(177,(135,156)))),((178,413),(360,(258,(308,(211,222))))))))))))))),(((68,48),((132,69),(174,(114,482)))),((((268,493),(499,(425,(202,(70,19))))),((407,((332,279),(406,409))),(67,((134,112),((275,(394,365)),(310,(47,(41,161)))))))),(((492,(317,104)),((99,144),(474,((181,487),(83,(273,(262,471))))))),(((186,179),(((264,(13,343)),(90,(17,(278,124)))),((150,218),(285,(193,(260,(72,433))))))),(((96,((183,(334,388)),((253,206),((313,40),(155,22))))),((259,(190,(418,(11,157)))),((18,293),((298,119),((434,44),((331,383),(205,(81,201)))))))),((((((236,282),(294,(208,(234,59)))),((188,106),((321,489),(470,421)))),((386,(436,(138,172))),(128,((398,(337,(456,486))),((146,(26,437)),(283,((76,(10,126)),(339,(42,(168,169)))))))))),(((230,((16,109),(439,(448,296)))),((229,(214,(488,257))),(460,((274,(391,333)),(15,(118,228)))))),((267,((384,446),(462,4))),((233,(159,356)),((204,63),(444,((111,(405,319)),(309,(125,(306,28)))))))))),((((49,(423,(287,147))),(422,(((363,(45,463)),(252,((133,242),(200,121)))),((297,(176,(107,94))),(390,(357,(419,254))))))),((170,461),((136,((288,369),(307,(103,399)))),(((375,73),(311,(137,416))),(((74,300),(143,(34,139))),(199,((397,(29,108)),((7,154),(442,88))))))))),(43,(0,(((151,443),(((452,(240,141)),((263,453),(410,(171,93)))),((((140,197),((148,54),(401,249))),((355,417),((35,(250,5)),((496,281),((87,160),(379,(351,(325,(457,314))))))))),(472,((221,(((116,(435,86)),(414,(115,(352,239)))),(77,((38,411),(97,(392,(315,(216,366)))))))),((276,(403,466)),(((207,376),((245,402),(480,(346,338)))),(((261,246),((142,432),(3,78))),((180,203),(165,(485,(224,(404,225))))))))))))),(((323,(476,(117,344))),(277,((424,24),(364,((130,329),(23,(164,372))))))),(((91,387),(185,441)),(((((477,299),(167,(62,272))),(((220,237),((50,149),(163,27))),(85,((248,235),(189,(465,223)))))),((53,(350,373)),(420,((385,(427,9)),(((491,291),(400,(445,374))),(266,((498,349),(429,(102,(316,187)))))))))),(((110,(450,(447,195))),(((389,381),((241,467),(328,105))),(21,((30,(79,6)),(341,(84,440)))))),((((89,80),((359,184),(32,212))),((454,(98,12)),(20,(95,336)))),((56,64),(430,(((292,131),(101,(428,(303,280)))),(449,(((290,(145,408)),((302,153),(196,478))),(((36,(251,175)),(396,(52,82))),((473,(494,71)),((368,481),((219,(33,(483,371))),(113,(60,(31,(464,271))))))))))))))))))))))))))))))))))));
Quartet score is: 1546847457126
Normalized quartet score is: 0.5963773324369129
ASTRAL finished in 10865.038 secs
