
================== ASTRAL ===================== 

This is ASTRAL version 4.10.8
Gene trees are treated as unrooted
1000 trees read from model.200.10000000.0.0000001/42/estimatedgenetre.halfresolved
All outputted trees will be *arbitrarily* rooted at 97

======== Running the main analysis
Number of taxa: 201 (201 species)
Taxa: [97, 52, 149, 11, 101, 8, 175, 117, 113, 168, 54, 81, 88, 41, 71, 195, 109, 128, 152, 199, 49, 189, 40, 19, 34, 190, 16, 112, 200, 58, 146, 95, 185, 94, 77, 158, 36, 114, 184, 148, 14, 102, 44, 183, 56, 181, 6, 83, 144, 116, 2, 5, 100, 42, 142, 167, 22, 10, 194, 96, 82, 155, 1, 197, 85, 39, 17, 64, 98, 0, 118, 35, 50, 27, 105, 174, 119, 134, 166, 21, 120, 154, 138, 187, 191, 133, 129, 160, 163, 145, 180, 30, 70, 59, 91, 61, 20, 25, 9, 24, 60, 161, 51, 115, 110, 150, 107, 164, 75, 156, 73, 89, 135, 104, 137, 176, 80, 169, 170, 28, 193, 136, 68, 67, 125, 32, 37, 108, 198, 171, 76, 3, 121, 103, 157, 186, 84, 18, 86, 43, 7, 69, 159, 177, 130, 47, 62, 162, 172, 151, 165, 31, 182, 99, 72, 15, 147, 140, 111, 13, 23, 123, 29, 45, 153, 93, 192, 132, 106, 12, 131, 188, 46, 126, 122, 124, 55, 141, 66, 178, 139, 196, 65, 57, 179, 63, 38, 87, 90, 33, 92, 4, 26, 53, 173, 143, 79, 48, 78, 127, 74]
Taxon occupancy: {35=1000, 36=1000, 159=1000, 33=1000, 34=1000, 158=1000, 39=1000, 157=1000, 156=1000, 155=1000, 37=1000, 154=1000, 38=1000, 152=1000, 153=1000, 150=1000, 151=1000, 43=1000, 42=1000, 41=1000, 40=1000, 200=1000, 22=1000, 169=1000, 23=1000, 24=1000, 25=1000, 26=1000, 166=1000, 27=1000, 165=1000, 168=1000, 28=1000, 167=1000, 29=1000, 161=1000, 3=1000, 2=1000, 162=1000, 163=1000, 1=1000, 0=1000, 164=1000, 30=1000, 7=1000, 6=1000, 5=1000, 32=1000, 160=1000, 31=1000, 4=1000, 9=1000, 8=1000, 19=1000, 17=1000, 179=1000, 18=1000, 178=1000, 177=1000, 15=1000, 16=1000, 176=1000, 13=1000, 14=1000, 11=1000, 12=1000, 21=1000, 170=1000, 20=1000, 171=1000, 174=1000, 175=1000, 172=1000, 173=1000, 188=1000, 187=1000, 189=1000, 180=1000, 10=1000, 181=1000, 182=1000, 183=1000, 184=1000, 185=1000, 186=1000, 116=1000, 79=1000, 117=1000, 78=1000, 114=1000, 77=1000, 115=1000, 112=1000, 113=1000, 110=1000, 111=1000, 118=1000, 119=1000, 82=1000, 83=1000, 80=1000, 81=1000, 86=1000, 87=1000, 84=1000, 85=1000, 67=1000, 125=1000, 126=1000, 66=1000, 127=1000, 69=1000, 128=1000, 68=1000, 121=1000, 122=1000, 123=1000, 124=1000, 129=1000, 70=1000, 120=1000, 71=1000, 72=1000, 73=1000, 74=1000, 75=1000, 76=1000, 134=1000, 135=1000, 132=1000, 59=1000, 133=1000, 138=1000, 58=1000, 139=1000, 57=1000, 56=1000, 136=1000, 137=1000, 55=1000, 64=1000, 65=1000, 62=1000, 63=1000, 60=1000, 131=1000, 61=1000, 130=1000, 143=1000, 49=1000, 48=1000, 144=1000, 145=1000, 146=1000, 147=1000, 45=1000, 148=1000, 44=1000, 149=1000, 47=1000, 46=1000, 51=1000, 52=1000, 53=1000, 54=1000, 140=1000, 142=1000, 50=1000, 141=1000, 109=1000, 108=1000, 107=1000, 106=1000, 105=1000, 104=1000, 103=1000, 102=1000, 99=1000, 101=1000, 100=1000, 98=1000, 97=1000, 96=1000, 95=1000, 94=1000, 93=1000, 92=1000, 91=1000, 90=1000, 88=1000, 89=1000, 195=1000, 194=1000, 197=1000, 196=1000, 191=1000, 190=1000, 193=1000, 192=1000, 198=1000, 199=1000}
Number of gene trees: 1000
0 trees have missing taxa
Calculating quartet distance matrix (for completion of X)
Species tree distances calculated ...
Building set of clusters (X) from gene trees 
Using tree-based weight calculation.
Number of Default Clusters: 35501
Number of quartet trees in the gene trees: 65998350000
calculating extra bipartitions to be added at level 1 ...
Number of Clusters after addition by distance: 35501
Adding to X using resolutions of greedy consensus ...
Threshold 0.0:
Threshold 0.01:
Threshold 0.02:
Threshold 0.05:
polytomy of size 8; rounds with additions with at least 0.01 support: 0; clusters: 35501
Threshold 0.1:
polytomy of size 11; rounds with additions with at least 0.01 support: 0; clusters: 35501
Threshold 0.2:
polytomy of size 16; rounds with additions with at least 0.01 support: 0; clusters: 35501
Threshold 0.3333333333333333:
polytomy of size 3; rounds with additions with at least 0.01 support: 0; clusters: 35501
polytomy of size 4; rounds with additions with at least 0.01 support: 0; clusters: 35501
polytomy of size 24; rounds with additions with at least 0.01 support: 0; clusters: 36147
Number of Clusters after addition by greedy: 36147
partitions formed in 20.114 secs
Dynamic Programming starting after 20.114 secs
Size of largest cluster: 201
Size of largest cluster: 201
Total Number of elements weighted: 100370
Normalized score (portion of input quartet trees satisfied): NaN
Final optimization score: 0
Calculated 100000 weights; time (seconds): 45
Total Number of elements weighted: 100370
Normalized score (portion of input quartet trees satisfied): 0.7600461248500909
Final optimization score: 50161790164
Optimal tree inferred in 45.964 secs.
(97,(52,(((85,39),(17,64)),((101,(((135,((176,80),(104,137))),((148,(14,(184,102))),(((44,183),(56,181)),((36,114),(77,158))))),(((149,11),(75,156)),(((113,168),(8,(175,117))),(((40,(19,34)),((185,(95,94)),(146,((200,58),(190,(16,112)))))),(199,(((81,88),(54,41)),((152,(49,189)),(195,(71,(109,128))))))))))),((((5,(100,42)),((83,144),(6,(116,2)))),((((79,48),(78,(127,74))),((70,((59,91),(61,(20,25)))),(9,((24,60),(161,((51,115),(110,(164,(150,107))))))))),(0,(((118,35),(50,(174,(27,105)))),((((73,89),(142,167)),(98,((22,197),((10,194),(1,(155,(96,82))))))),((160,((163,145),(180,30))),(119,((21,120),((134,166),((187,191),((133,129),(154,138)))))))))))),(((193,136),((169,(170,28)),((178,139),(((196,(65,57)),((126,122),(124,(66,(55,141))))),((179,63),(38,(87,((90,(33,92)),((4,26),(53,173)))))))))),((((72,15),(147,(140,111))),((192,(93,132)),(46,((131,188),(106,12))))),(((143,((45,153),((13,23),(123,29)))),(67,((198,171),((125,32),(37,108))))),(68,(76,(((3,121),((86,43),(103,(157,(186,(84,18)))))),((7,69),((159,(177,(130,(47,62)))),((162,31),((182,99),(172,(151,165)))))))))))))))));
Quartet score is: 50161790164
Normalized quartet score is: 0.7600461248500909
ASTRAL finished in 56.534 secs
