
================== ASTRAL ===================== 

This is ASTRAL version 4.10.8
Gene trees are treated as unrooted
997 trees read from model.100.2000000.0.000001/45/estimatedgenetre.halfresolved
All outputted trees will be *arbitrarily* rooted at 23

======== Running the main analysis
Number of taxa: 101 (101 species)
Taxa: [23, 1, 77, 79, 73, 88, 49, 54, 9, 97, 40, 28, 36, 64, 66, 69, 44, 89, 67, 45, 76, 59, 14, 53, 2, 38, 48, 24, 100, 78, 55, 57, 96, 5, 70, 43, 34, 63, 17, 56, 95, 10, 21, 7, 81, 13, 62, 60, 98, 26, 80, 87, 90, 99, 47, 3, 75, 33, 42, 30, 83, 52, 32, 37, 72, 27, 71, 0, 18, 46, 61, 29, 15, 41, 85, 50, 8, 31, 25, 35, 19, 22, 39, 4, 86, 94, 82, 74, 93, 68, 51, 65, 58, 20, 91, 84, 92, 16, 12, 6, 11]
Taxon occupancy: {35=997, 36=997, 33=997, 34=997, 39=997, 37=997, 38=997, 43=997, 42=997, 41=997, 40=997, 22=997, 23=997, 24=997, 25=997, 26=997, 27=997, 28=997, 29=997, 3=997, 2=997, 1=997, 0=997, 7=997, 30=997, 6=997, 5=997, 32=997, 31=997, 4=997, 9=997, 8=997, 19=997, 17=997, 18=997, 15=997, 16=997, 13=997, 14=997, 11=997, 12=997, 21=997, 20=997, 99=997, 100=997, 98=997, 97=997, 96=997, 95=997, 94=997, 93=997, 92=997, 91=997, 90=997, 10=997, 88=997, 89=997, 79=997, 78=997, 77=997, 82=997, 83=997, 80=997, 81=997, 86=997, 87=997, 84=997, 85=997, 67=997, 66=997, 69=997, 68=997, 70=997, 71=997, 72=997, 73=997, 74=997, 75=997, 76=997, 59=997, 58=997, 57=997, 56=997, 55=997, 64=997, 65=997, 62=997, 63=997, 60=997, 61=997, 49=997, 48=997, 45=997, 44=997, 47=997, 46=997, 51=997, 52=997, 53=997, 54=997, 50=997}
Number of gene trees: 997
0 trees have missing taxa
Calculating quartet distance matrix (for completion of X)
Species tree distances calculated ...
Building set of clusters (X) from gene trees 
Using tree-based weight calculation.
Number of Default Clusters: 16179
Number of quartet trees in the gene trees: 4070464513
calculating extra bipartitions to be added at level 1 ...
Number of Clusters after addition by distance: 16179
Adding to X using resolutions of greedy consensus ...
Threshold 0.0:
Threshold 0.01:
Threshold 0.02:
polytomy of size 3; rounds with additions with at least 0.01 support: 0; clusters: 16179
Threshold 0.05:
polytomy of size 5; rounds with additions with at least 0.01 support: 0; clusters: 16179
Threshold 0.1:
polytomy of size 8; rounds with additions with at least 0.01 support: 0; clusters: 16179
Threshold 0.2:
polytomy of size 3; rounds with additions with at least 0.01 support: 0; clusters: 16179
polytomy of size 9; rounds with additions with at least 0.01 support: 0; clusters: 16179
Threshold 0.3333333333333333:
polytomy of size 3; rounds with additions with at least 0.01 support: 0; clusters: 16179
polytomy of size 3; rounds with additions with at least 0.01 support: 0; clusters: 16179
polytomy of size 3; rounds with additions with at least 0.01 support: 0; clusters: 16179
polytomy of size 3; rounds with additions with at least 0.01 support: 0; clusters: 16179
polytomy of size 11; rounds with additions with at least 0.01 support: 0; clusters: 16253
polytomy of size 5; rounds with additions with at least 0.01 support: 0; clusters: 16253
polytomy of size 3; rounds with additions with at least 0.01 support: 0; clusters: 16253
Number of Clusters after addition by greedy: 16253
partitions formed in 6.673 secs
Dynamic Programming starting after 6.673 secs
Size of largest cluster: 101
Size of largest cluster: 101
Total Number of elements weighted: 98027
Normalized score (portion of input quartet trees satisfied): NaN
Final optimization score: 0
Total Number of elements weighted: 98027
Normalized score (portion of input quartet trees satisfied): 0.785126339952936
Final optimization score: 3195828905
Optimal tree inferred in 16.076 secs.
(23,((88,(1,73)),((49,54),((77,79),(((83,(52,32)),((37,72),(27,71))),(((42,30),((36,(28,64)),((66,69),(9,(97,40))))),((((24,(100,78)),((2,38),(53,48))),((44,89),((67,45),(14,(76,59))))),(((74,93),((12,(92,(16,(6,11)))),((20,(91,84)),(68,(51,(65,58)))))),(55,((((62,60),(98,(26,80))),((96,((5,70),(63,(43,34)))),((56,(17,95)),(10,((21,7),(81,13)))))),(0,(((4,86),((15,41),(18,(29,(46,61))))),(57,(((8,31),((85,50),(25,(19,(35,22))))),(82,((39,94),(33,((90,99),(75,(87,(47,3)))))))))))))))))))));
Quartet score is: 3195828905
Normalized quartet score is: 0.785126339952936
ASTRAL finished in 19.097 secs
