
================== ASTRAL ===================== 

This is ASTRAL version 4.10.7
Gene trees are treated as unrooted
917 trees read from ASTRALDATA/model.200.2000000.0.0000001/02/estimatedgenetre.halfresolved
All output trees will be *arbitrarily* rooted at 153

======== Running the main analysis
Number of taxa: 201 (201 species)
Taxa: [153, 181, 103, 170, 136, 144, 62, 187, 8, 139, 40, 137, 112, 73, 22, 70, 23, 19, 117, 54, 55, 7, 167, 25, 106, 2, 133, 200, 122, 123, 44, 34, 166, 20, 56, 108, 110, 197, 1, 12, 78, 13, 175, 127, 92, 42, 196, 35, 30, 147, 105, 98, 164, 81, 94, 141, 75, 80, 37, 135, 143, 3, 100, 115, 165, 97, 79, 150, 86, 89, 83, 118, 149, 61, 85, 182, 11, 66, 90, 159, 45, 146, 49, 48, 32, 174, 72, 87, 155, 114, 64, 95, 125, 191, 177, 109, 99, 24, 60, 82, 63, 183, 28, 9, 107, 173, 65, 26, 17, 74, 180, 67, 38, 148, 121, 96, 27, 138, 33, 185, 179, 59, 126, 120, 71, 130, 84, 102, 104, 193, 39, 156, 186, 101, 36, 184, 132, 119, 76, 171, 178, 162, 192, 113, 172, 140, 163, 134, 0, 145, 128, 194, 198, 15, 53, 41, 57, 161, 52, 189, 29, 195, 14, 190, 124, 88, 169, 10, 4, 16, 6, 43, 151, 129, 199, 5, 50, 154, 176, 68, 51, 93, 46, 58, 77, 111, 18, 142, 91, 31, 160, 152, 158, 168, 69, 157, 116, 131, 47, 188, 21]
Number of gene trees: 917
0 trees have missing taxa
Calculating quartet distance matrix (for completion of X)
Species tree distances calculated ...
Building set of clusters (X) from gene trees 
Using tree-based weight calculation.
Number of Default Clusters: 137529
Number of quartet trees in the gene trees: 60302880666
calculating extra bipartitions to be added at level 1 ...
Number of Clusters after addition by distance: 137541
Adding to X using resolutions of greedy consensus ...
Threshold 0.0:
polytomy of size 8; rounds with additions with at least 0.01 support: 8; clusters: 137705
Threshold 0.01:
polytomy of size 18; rounds with additions with at least 0.01 support: 8; clusters: 139413
Threshold 0.02:
polytomy of size 3; rounds with additions with at least 0.01 support: 0; clusters: 139413
polytomy of size 20; rounds with additions with at least 0.01 support: 0; clusters: 140863
Threshold 0.05:
polytomy of size 4; rounds with additions with at least 0.01 support: 0; clusters: 140863
polytomy of size 5; rounds with additions with at least 0.01 support: 0; clusters: 140863
polytomy of size 26; rounds with additions with at least 0.01 support: 2; clusters: 140923
Threshold 0.1:
polytomy of size 4; rounds with additions with at least 0.01 support: 0; clusters: 140923
polytomy of size 4; rounds with additions with at least 0.01 support: 0; clusters: 140923
polytomy of size 42; rounds with additions with at least 0.01 support: 0; clusters: 140939
Threshold 0.2:
polytomy of size 3; rounds with additions with at least 0.01 support: 0; clusters: 140939
polytomy of size 3; rounds with additions with at least 0.01 support: 0; clusters: 140939
polytomy of size 4; rounds with additions with at least 0.01 support: 0; clusters: 140939
polytomy of size 3; rounds with additions with at least 0.01 support: 0; clusters: 140939
polytomy of size 3; rounds with additions with at least 0.01 support: 0; clusters: 140939
polytomy of size 57; rounds with additions with at least 0.01 support: 0; clusters: 140945
Threshold 0.3333333333333333:
polytomy of size 3; rounds with additions with at least 0.01 support: 0; clusters: 140945
polytomy of size 5; rounds with additions with at least 0.01 support: 0; clusters: 140945
polytomy of size 3; rounds with additions with at least 0.01 support: 0; clusters: 140945
polytomy of size 3; rounds with additions with at least 0.01 support: 0; clusters: 140945
polytomy of size 3; rounds with additions with at least 0.01 support: 0; clusters: 140945
polytomy of size 3; rounds with additions with at least 0.01 support: 0; clusters: 140945
polytomy of size 3; rounds with additions with at least 0.01 support: 0; clusters: 140945
polytomy of size 3; rounds with additions with at least 0.01 support: 0; clusters: 140945
polytomy of size 3; rounds with additions with at least 0.01 support: 0; clusters: 140945
polytomy of size 5; rounds with additions with at least 0.01 support: 0; clusters: 140945
polytomy of size 79; rounds with additions with at least 0.01 support: 0; clusters: 207413
Number of Clusters after addition by greedy: 207413
partitions formed in 85.959 secs
Dynamic Programming starting after 85.959 secs
Size of largest cluster: 201
Calculated 100000 weights; time (seconds): 1034
Calculated 200000 weights; time (seconds): 1075
Calculated 300000 weights; time (seconds): 1294
Calculated 400000 weights; time (seconds): 1239
Total Number of elements weighted: 443381
Normalized score (portion of input quartet trees satisfied): 0.49803798177312103
Final optimization score: 30033124982
Optimal tree inferred in 5130.403 secs.
(177,((64,(191,(95,125))),((198,(15,53)),((21,(132,(119,188))),((((118,(149,9)),(116,(168,(69,157)))),(76,(131,(171,(160,((142,91),(158,(31,152)))))))),((77,(11,(93,((68,51),(176,(50,154)))))),((55,7),((((8,139),((172,140),(78,(13,175)))),(((163,((114,134),((37,(135,97)),((143,3),(165,(100,115)))))),((99,(117,54)),((127,(187,(144,62))),((73,47),((200,122),(106,(2,133))))))),(((98,(19,(23,(164,81)))),(((48,32),(146,49)),((94,(66,45)),(((44,34),(123,166)),(159,((108,110),(20,56))))))),((((22,101),(25,(103,145))),((36,184),(82,(183,(60,63))))),(((136,39),(156,186)),((79,(86,(150,89))),(24,(30,(194,(147,105)))))))))),(((28,104),(193,(167,72))),(0,((40,(83,(35,(174,121)))),((71,(61,46)),((((120,(111,18)),(41,(57,(161,52)))),((((90,126),(153,(179,59))),(185,(128,(96,(33,(27,138)))))),((38,148),(((87,155),((112,70),(197,1))),(107,(67,((180,(17,74)),(26,(173,65))))))))),(((75,(141,80)),(((85,182),(130,(181,84))),((92,(42,196)),(58,(137,102))))),(((170,178),(109,(113,(162,192)))),(((14,(190,124)),((29,195),(4,(169,(88,10))))),((43,(129,(16,6))),((189,151),(12,(199,5))))))))))))))))))));
Quartet score is: 30033124982
Normalized quartet score is: 0.49803798177312103
ASTRAL finished in 5151.037 secs
