
================== ASTRAL ===================== 

This is ASTRAL version 4.10.10
Gene trees are treated as unrooted
999 trees read from ASTRALDATA/model.1000.2000000.0.000001/32/estimatedgenetre.halfresolved
All output trees will be *arbitrarily* rooted at 719

======== Running the main analysis
Number of taxa: 1001 (1001 species)
Taxa: [719, 580, 389, 376, 106, 160, 655, 185, 538, 631, 915, 20, 109, 512, 869, 517, 545, 914, 523, 122, 865, 395, 261, 181, 486, 53, 665, 994, 874, 726, 39, 834, 475, 221, 263, 590, 559, 339, 114, 260, 245, 471, 279, 952, 119, 550, 101, 930, 450, 269, 304, 606, 753, 870, 710, 652, 65, 368, 742, 603, 684, 528, 396, 601, 813, 457, 553, 608, 699, 830, 810, 722, 353, 779, 929, 71, 894, 944, 216, 363, 483, 444, 430, 615, 940, 743, 740, 173, 508, 335, 303, 340, 605, 296, 294, 801, 145, 30, 452, 184, 837, 161, 692, 351, 706, 749, 374, 361, 346, 682, 115, 208, 458, 819, 329, 5, 206, 171, 328, 857, 720, 744, 670, 663, 906, 16, 713, 578, 393, 78, 761, 567, 356, 816, 863, 472, 140, 321, 970, 428, 10, 49, 168, 375, 322, 290, 225, 943, 499, 76, 622, 745, 371, 272, 103, 544, 69, 502, 177, 477, 264, 872, 627, 402, 235, 187, 776, 555, 72, 399, 782, 510, 649, 774, 618, 967, 645, 19, 715, 388, 498, 504, 292, 214, 542, 985, 42, 117, 892, 34, 142, 958, 454, 421, 526, 500, 685, 333, 981, 982, 840, 824, 785, 889, 525, 148, 325, 136, 856, 588, 532, 668, 449, 432, 56, 275, 270, 462, 315, 920, 697, 257, 548, 568, 178, 394, 188, 638, 468, 278, 540, 44, 821, 354, 285, 425, 434, 129, 456, 238, 978, 84, 820, 626, 326, 236, 973, 390, 932, 411, 258, 470, 217, 729, 975, 609, 703, 190, 222, 180, 274, 297, 175, 864, 281, 515, 344, 441, 370, 954, 431, 847, 104, 781, 770, 543, 227, 21, 17, 155, 739, 987, 694, 250, 451, 814, 945, 0, 8, 881, 919, 552, 717, 406, 913, 709, 521, 899, 691, 293, 230, 858, 679, 12, 656, 788, 64, 983, 37, 41, 771, 854, 447, 786, 379, 289, 501, 809, 92, 440, 107, 516, 157, 855, 662, 443, 964, 79, 267, 657, 96, 667, 926, 666, 931, 271, 480, 439, 701, 941, 587, 239, 998, 265, 111, 364, 360, 885, 704, 845, 492, 158, 240, 121, 891, 298, 600, 36, 708, 423, 868, 700, 728, 822, 15, 818, 203, 314, 198, 403, 2, 366, 644, 445, 620, 507, 469, 377, 31, 832, 284, 581, 496, 479, 211, 433, 110, 474, 347, 473, 1, 736, 905, 419, 413, 537, 702, 654, 841, 99, 87, 513, 392, 577, 94, 878, 803, 838, 784, 334, 81, 775, 29, 162, 996, 661, 556, 57, 593, 514, 974, 805, 488, 948, 911, 287, 100, 795, 342, 323, 963, 604, 875, 506, 46, 153, 790, 182, 400, 651, 961, 54, 903, 999, 18, 59, 763, 844, 791, 825, 247, 186, 793, 908, 653, 32, 988, 959, 632, 759, 610, 893, 302, 741, 417, 563, 58, 714, 150, 204, 159, 942, 572, 75, 724, 557, 481, 25, 242, 455, 201, 38, 570, 928, 233, 976, 530, 607, 614, 643, 192, 213, 635, 427, 579, 193, 288, 497, 558, 191, 369, 489, 149, 196, 569, 442, 194, 766, 957, 751, 681, 14, 310, 6, 637, 291, 231, 438, 67, 628, 139, 277, 752, 565, 3, 358, 282, 359, 520, 924, 949, 464, 63, 224, 337, 316, 960, 968, 485, 330, 163, 887, 767, 398, 95, 345, 48, 348, 589, 595, 680, 43, 993, 77, 755, 446, 116, 613, 835, 910, 415, 143, 802, 541, 642, 331, 1000, 946, 888, 859, 273, 547, 154, 88, 524, 317, 408, 350, 896, 833, 977, 120, 947, 969, 850, 984, 343, 616, 551, 33, 482, 197, 797, 126, 778, 546, 806, 549, 815, 897, 612, 764, 336, 673, 955, 86, 312, 97, 209, 268, 831, 650, 89, 907, 882, 144, 817, 804, 934, 313, 179, 243, 768, 796, 660, 922, 51, 503, 283, 659, 61, 23, 792, 365, 112, 80, 902, 102, 599, 152, 839, 487, 564, 55, 146, 707, 124, 718, 693, 966, 936, 60, 760, 280, 164, 9, 414, 459, 405, 780, 862, 254, 68, 52, 735, 916, 380, 866, 13, 828, 307, 721, 634, 798, 789, 935, 465, 125, 28, 602, 879, 746, 493, 165, 40, 756, 690, 927, 105, 384, 991, 900, 412, 4, 429, 594, 807, 669, 174, 138, 522, 633, 799, 576, 137, 711, 338, 424, 861, 842, 884, 385, 401, 74, 113, 646, 147, 295, 895, 686, 156, 696, 62, 971, 664, 765, 531, 223, 623, 938, 624, 754, 416, 90, 232, 758, 382, 518, 45, 320, 251, 846, 737, 621, 688, 712, 527, 912, 332, 66, 418, 992, 883, 476, 794, 641, 276, 629, 108, 210, 199, 890, 391, 218, 533, 687, 592, 571, 972, 734, 262, 827, 716, 134, 349, 677, 617, 777, 362, 562, 91, 383, 410, 598, 205, 306, 341, 727, 27, 953, 407, 647, 397, 219, 871, 529, 183, 305, 237, 852, 733, 772, 990, 730, 373, 573, 35, 886, 611, 253, 591, 355, 989, 672, 460, 381, 725, 73, 494, 731, 836, 128, 318, 301, 630, 244, 937, 234, 437, 980, 811, 757, 933, 202, 248, 586, 426, 585, 266, 118, 979, 671, 241, 135, 127, 738, 597, 574, 849, 461, 47, 22, 170, 169, 843, 259, 212, 554, 409, 917, 636, 769, 596, 357, 308, 85, 98, 539, 648, 215, 674, 448, 918, 965, 658, 925, 575, 812, 131, 299, 698, 453, 535, 683, 229, 519, 853, 478, 123, 463, 130, 319, 436, 252, 495, 420, 189, 582, 534, 24, 256, 166, 386, 372, 404, 639, 678, 70, 561, 898, 962, 172, 352, 676, 904, 876, 732, 750, 747, 200, 490, 484, 511, 723, 176, 848, 995, 249, 997, 151, 860, 619, 783, 93, 300, 387, 228, 923, 873, 11, 82, 246, 141, 625, 560, 986, 956, 26, 583, 640, 467, 867, 7, 133, 207, 167, 324, 921, 762, 509, 311, 584, 705, 939, 220, 901, 880, 787, 536, 951, 491, 800, 50, 808, 195, 226, 309, 877, 829, 505, 695, 826, 327, 909, 255, 675, 422, 773, 367, 132, 950, 83, 851, 823, 435, 378, 748, 286, 466, 566, 689]
Taxon occupancy: {338=999, 339=999, 941=999, 942=999, 940=999, 945=999, 332=999, 333=999, 946=999, 943=999, 330=999, 944=999, 331=999, 949=999, 336=999, 337=999, 334=999, 947=999, 335=999, 948=999, 748=999, 531=999, 747=999, 530=999, 746=999, 745=999, 535=999, 534=999, 533=999, 532=999, 749=999, 539=999, 740=999, 538=999, 537=999, 536=999, 744=999, 743=999, 742=999, 741=999, 349=999, 930=999, 931=999, 341=999, 932=999, 933=999, 342=999, 343=999, 934=999, 344=999, 935=999, 345=999, 936=999, 937=999, 346=999, 347=999, 938=999, 939=999, 348=999, 540=999, 3=999, 735=999, 734=999, 2=999, 929=999, 542=999, 1=999, 737=999, 0=999, 736=999, 541=999, 7=999, 739=999, 544=999, 738=999, 543=999, 6=999, 340=999, 5=999, 546=999, 545=999, 4=999, 548=999, 547=999, 9=999, 8=999, 549=999, 731=999, 730=999, 733=999, 732=999, 920=999, 318=999, 319=999, 316=999, 317=999, 314=999, 927=999, 315=999, 928=999, 925=999, 312=999, 926=999, 313=999, 923=999, 310=999, 311=999, 924=999, 921=999, 922=999, 513=999, 729=999, 512=999, 511=999, 728=999, 727=999, 510=999, 726=999, 725=999, 919=999, 724=999, 723=999, 918=999, 722=999, 721=999, 519=999, 720=999, 518=999, 517=999, 516=999, 515=999, 514=999, 327=999, 328=999, 329=999, 914=999, 323=999, 324=999, 915=999, 325=999, 916=999, 917=999, 326=999, 709=999, 910=999, 911=999, 320=999, 321=999, 912=999, 913=999, 322=999, 717=999, 522=999, 716=999, 521=999, 719=999, 524=999, 523=999, 718=999, 713=999, 908=999, 907=999, 712=999, 715=999, 520=999, 909=999, 714=999, 529=999, 711=999, 710=999, 526=999, 525=999, 528=999, 527=999, 989=999, 988=999, 987=999, 571=999, 570=999, 982=999, 981=999, 980=999, 986=999, 985=999, 984=999, 983=999, 700=999, 574=999, 703=999, 575=999, 704=999, 701=999, 572=999, 573=999, 702=999, 578=999, 707=999, 708=999, 579=999, 705=999, 576=999, 706=999, 577=999, 977=999, 976=999, 300=999, 979=999, 978=999, 580=999, 302=999, 301=999, 582=999, 304=999, 581=999, 303=999, 306=999, 305=999, 308=999, 971=999, 970=999, 307=999, 973=999, 309=999, 972=999, 975=999, 974=999, 583=999, 584=999, 585=999, 586=999, 587=999, 588=999, 589=999, 969=999, 968=999, 967=999, 966=999, 965=999, 964=999, 963=999, 962=999, 961=999, 960=999, 558=999, 559=999, 556=999, 557=999, 554=999, 555=999, 552=999, 553=999, 550=999, 551=999, 959=999, 958=999, 560=999, 955=999, 954=999, 957=999, 956=999, 951=999, 950=999, 953=999, 952=999, 569=999, 565=999, 566=999, 567=999, 568=999, 561=999, 562=999, 563=999, 564=999, 799=999, 798=999, 797=999, 796=999, 795=999, 794=999, 793=999, 792=999, 996=999, 790=999, 997=999, 791=999, 994=999, 995=999, 992=999, 993=999, 990=999, 991=999, 998=999, 999=999, 781=999, 782=999, 783=999, 784=999, 785=999, 786=999, 787=999, 788=999, 789=999, 780=999, 505=999, 772=999, 773=999, 506=999, 770=999, 503=999, 771=999, 504=999, 509=999, 776=999, 777=999, 507=999, 774=999, 508=999, 775=999, 778=999, 779=999, 501=999, 502=999, 500=999, 763=999, 764=999, 765=999, 766=999, 760=999, 761=999, 762=999, 767=999, 768=999, 769=999, 754=999, 755=999, 752=999, 753=999, 750=999, 751=999, 758=999, 759=999, 756=999, 757=999, 595=999, 594=999, 597=999, 391=999, 596=999, 390=999, 393=999, 599=999, 598=999, 392=999, 395=999, 394=999, 396=999, 397=999, 398=999, 399=999, 590=999, 591=999, 592=999, 593=999, 383=999, 384=999, 381=999, 382=999, 380=999, 389=999, 388=999, 387=999, 386=999, 385=999, 370=999, 371=999, 372=999, 373=999, 379=999, 378=999, 375=999, 374=999, 377=999, 376=999, 361=999, 362=999, 360=999, 366=999, 365=999, 364=999, 363=999, 369=999, 368=999, 367=999, 350=999, 351=999, 353=999, 352=999, 355=999, 354=999, 357=999, 356=999, 359=999, 358=999, 806=999, 807=999, 804=999, 805=999, 802=999, 803=999, 800=999, 801=999, 159=999, 158=999, 157=999, 156=999, 155=999, 154=999, 601=999, 152=999, 600=999, 153=999, 150=999, 151=999, 609=999, 608=999, 607=999, 606=999, 605=999, 604=999, 603=999, 602=999, 202=999, 203=999, 204=999, 205=999, 200=999, 201=999, 169=999, 166=999, 206=999, 207=999, 165=999, 208=999, 168=999, 167=999, 209=999, 409=999, 161=999, 162=999, 408=999, 163=999, 164=999, 405=999, 404=999, 407=999, 406=999, 160=999, 401=999, 400=999, 403=999, 402=999, 824=999, 211=999, 212=999, 825=999, 822=999, 823=999, 210=999, 215=999, 828=999, 829=999, 216=999, 826=999, 213=999, 827=999, 214=999, 219=999, 179=999, 178=999, 217=999, 177=999, 176=999, 218=999, 820=999, 821=999, 170=999, 418=999, 171=999, 417=999, 416=999, 415=999, 174=999, 623=999, 175=999, 622=999, 172=999, 621=999, 620=999, 173=999, 419=999, 410=999, 627=999, 626=999, 625=999, 819=999, 624=999, 414=999, 413=999, 412=999, 629=999, 411=999, 628=999, 220=999, 811=999, 812=999, 221=999, 222=999, 813=999, 814=999, 223=999, 224=999, 815=999, 816=999, 225=999, 226=999, 817=999, 818=999, 227=999, 228=999, 188=999, 229=999, 187=999, 189=999, 810=999, 427=999, 426=999, 180=999, 181=999, 429=999, 428=999, 182=999, 183=999, 610=999, 184=999, 185=999, 612=999, 611=999, 186=999, 809=999, 614=999, 808=999, 613=999, 421=999, 616=999, 420=999, 615=999, 423=999, 618=999, 422=999, 617=999, 425=999, 619=999, 424=999, 843=999, 116=999, 117=999, 842=999, 114=999, 841=999, 840=999, 115=999, 112=999, 113=999, 110=999, 111=999, 849=999, 848=999, 847=999, 846=999, 118=999, 845=999, 119=999, 844=999, 435=999, 436=999, 433=999, 434=999, 431=999, 432=999, 430=999, 439=999, 437=999, 438=999, 830=999, 125=999, 126=999, 127=999, 832=999, 128=999, 831=999, 121=999, 122=999, 123=999, 124=999, 838=999, 837=999, 839=999, 129=999, 834=999, 833=999, 836=999, 835=999, 444=999, 445=999, 446=999, 447=999, 440=999, 441=999, 442=999, 443=999, 120=999, 448=999, 449=999, 134=999, 861=999, 860=999, 135=999, 132=999, 133=999, 865=999, 138=999, 864=999, 139=999, 136=999, 863=999, 862=999, 137=999, 869=999, 868=999, 867=999, 866=999, 450=999, 453=999, 454=999, 451=999, 452=999, 457=999, 458=999, 455=999, 456=999, 459=999, 131=999, 130=999, 143=999, 144=999, 145=999, 850=999, 146=999, 852=999, 147=999, 851=999, 148=999, 854=999, 149=999, 853=999, 856=999, 855=999, 858=999, 857=999, 859=999, 461=999, 460=999, 462=999, 463=999, 464=999, 465=999, 466=999, 467=999, 468=999, 469=999, 140=999, 142=999, 141=999, 687=999, 686=999, 689=999, 688=999, 683=999, 682=999, 685=999, 684=999, 888=999, 889=999, 884=999, 885=999, 886=999, 680=999, 681=999, 887=999, 880=999, 881=999, 882=999, 883=999, 678=999, 677=999, 676=999, 675=999, 674=999, 673=999, 672=999, 671=999, 679=999, 879=999, 877=999, 878=999, 875=999, 876=999, 670=999, 873=999, 874=999, 871=999, 872=999, 870=999, 696=999, 695=999, 694=999, 693=999, 890=999, 699=999, 698=999, 697=999, 899=999, 893=999, 894=999, 891=999, 892=999, 691=999, 897=999, 898=999, 692=999, 895=999, 896=999, 690=999, 646=999, 647=999, 648=999, 649=999, 195=999, 642=999, 643=999, 194=999, 644=999, 197=999, 645=999, 196=999, 191=999, 190=999, 640=999, 193=999, 192=999, 641=999, 198=999, 199=999, 639=999, 637=999, 638=999, 635=999, 636=999, 633=999, 634=999, 631=999, 632=999, 630=999, 668=999, 669=999, 660=999, 661=999, 662=999, 663=999, 664=999, 665=999, 666=999, 667=999, 659=999, 657=999, 658=999, 651=999, 652=999, 650=999, 655=999, 656=999, 653=999, 654=999, 35=999, 36=999, 33=999, 34=999, 39=999, 37=999, 38=999, 43=999, 42=999, 41=999, 40=999, 22=999, 23=999, 24=999, 25=999, 26=999, 27=999, 28=999, 29=999, 30=999, 32=999, 31=999, 19=999, 17=999, 18=999, 15=999, 16=999, 13=999, 14=999, 11=999, 12=999, 21=999, 20=999, 10=999, 79=999, 78=999, 77=999, 82=999, 83=999, 80=999, 81=999, 86=999, 87=999, 84=999, 85=999, 67=999, 66=999, 69=999, 68=999, 70=999, 71=999, 72=999, 73=999, 74=999, 75=999, 76=999, 59=999, 58=999, 57=999, 56=999, 55=999, 64=999, 65=999, 62=999, 63=999, 60=999, 61=999, 49=999, 48=999, 45=999, 44=999, 47=999, 46=999, 51=999, 52=999, 53=999, 54=999, 50=999, 281=999, 487=999, 486=999, 280=999, 485=999, 484=999, 285=999, 284=999, 489=999, 283=999, 488=999, 282=999, 288=999, 289=999, 286=999, 287=999, 482=999, 483=999, 480=999, 481=999, 474=999, 473=999, 270=999, 476=999, 475=999, 478=999, 272=999, 271=999, 477=999, 274=999, 479=999, 273=999, 275=999, 276=999, 277=999, 278=999, 279=999, 470=999, 471=999, 472=999, 1000=999, 109=999, 108=999, 107=999, 106=999, 105=999, 104=999, 103=999, 99=999, 102=999, 101=999, 100=999, 98=999, 97=999, 96=999, 95=999, 94=999, 93=999, 92=999, 91=999, 294=999, 90=999, 293=999, 499=999, 296=999, 295=999, 496=999, 290=999, 495=999, 498=999, 292=999, 497=999, 291=999, 491=999, 492=999, 493=999, 494=999, 297=999, 298=999, 299=999, 490=999, 88=999, 89=999, 240=999, 241=999, 245=999, 244=999, 243=999, 242=999, 249=999, 248=999, 247=999, 246=999, 230=999, 239=999, 232=999, 231=999, 234=999, 233=999, 236=999, 235=999, 238=999, 237=999, 262=999, 263=999, 260=999, 261=999, 269=999, 268=999, 267=999, 266=999, 265=999, 264=999, 250=999, 251=999, 252=999, 904=999, 258=999, 257=999, 903=999, 906=999, 259=999, 905=999, 254=999, 900=999, 253=999, 256=999, 902=999, 255=999, 901=999}
Number of gene trees: 999
0 trees have missing taxa
Calculating quartet distance matrix (for completion of X)
Species tree distances calculated ...
Building set of clusters (X) from gene trees 
Using tree-based weight calculation.
Number of Default Clusters: 673909
Number of quartet trees in the gene trees: 41526750622971
calculating extra bipartitions to be added at level 1 ...
Number of Clusters after addition by distance: 673945
Adding to X using resolutions of greedy consensus ...
Threshold 0.0:
polytomy of size 17; rounds with additions with at least 0.01 support: 14; clusters: 678349
Threshold 0.01:
polytomy of size 9; rounds with additions with at least 0.01 support: 6; clusters: 678623
polytomy of size 4; rounds with additions with at least 0.01 support: 0; clusters: 678623
polytomy of size 47; rounds with additions with at least 0.01 support: 44; clusters: 719729
Threshold 0.02:
polytomy of size 3; rounds with additions with at least 0.01 support: 0; clusters: 719729
polytomy of size 67; rounds with additions with at least 0.01 support: 4; clusters: 796527
Threshold 0.05:
polytomy of size 3; rounds with additions with at least 0.01 support: 0; clusters: 796527
polytomy of size 3; rounds with additions with at least 0.01 support: 0; clusters: 796527
polytomy of size 4; rounds with additions with at least 0.01 support: 0; clusters: 796527
polytomy of size 3; rounds with additions with at least 0.01 support: 0; clusters: 796527
polytomy of size 3; rounds with additions with at least 0.01 support: 0; clusters: 796527
polytomy of size 4; rounds with additions with at least 0.01 support: 0; clusters: 796527
polytomy of size 4; rounds with additions with at least 0.01 support: 0; clusters: 796527
polytomy of size 3; rounds with additions with at least 0.01 support: 0; clusters: 796527
polytomy of size 3; rounds with additions with at least 0.01 support: 0; clusters: 796527
polytomy of size 100; rounds with additions with at least 0.01 support: 0; clusters: 796835
Threshold 0.1:
polytomy of size 6; rounds with additions with at least 0.01 support: 0; clusters: 796835
polytomy of size 6; rounds with additions with at least 0.01 support: 0; clusters: 796835
polytomy of size 5; rounds with additions with at least 0.01 support: 0; clusters: 796835
polytomy of size 5; rounds with additions with at least 0.01 support: 0; clusters: 796835
polytomy of size 3; rounds with additions with at least 0.01 support: 0; clusters: 796835
polytomy of size 3; rounds with additions with at least 0.01 support: 0; clusters: 796835
polytomy of size 4; rounds with additions with at least 0.01 support: 0; clusters: 796835
polytomy of size 3; rounds with additions with at least 0.01 support: 0; clusters: 796835
polytomy of size 3; rounds with additions with at least 0.01 support: 0; clusters: 796835
polytomy of size 3; rounds with additions with at least 0.01 support: 0; clusters: 796835
polytomy of size 7; rounds with additions with at least 0.01 support: 0; clusters: 796835
polytomy of size 4; rounds with additions with at least 0.01 support: 0; clusters: 796835
polytomy of size 3; rounds with additions with at least 0.01 support: 0; clusters: 796835
polytomy of size 3; rounds with additions with at least 0.01 support: 0; clusters: 796835
polytomy of size 3; rounds with additions with at least 0.01 support: 0; clusters: 796835
polytomy of size 4; rounds with additions with at least 0.01 support: 0; clusters: 796835
polytomy of size 3; rounds with additions with at least 0.01 support: 0; clusters: 796835
polytomy of size 5; rounds with additions with at least 0.01 support: 0; clusters: 796835
polytomy of size 130; rounds with additions with at least 0.01 support: 0; clusters: 797121
polytomy of size 3; rounds with additions with at least 0.01 support: 0; clusters: 797121
Threshold 0.2:
polytomy of size 3; rounds with additions with at least 0.01 support: 0; clusters: 797121
polytomy of size 4; rounds with additions with at least 0.01 support: 0; clusters: 797121
polytomy of size 9; rounds with additions with at least 0.01 support: 0; clusters: 797121
polytomy of size 3; rounds with additions with at least 0.01 support: 0; clusters: 797121
polytomy of size 4; rounds with additions with at least 0.01 support: 0; clusters: 797121
polytomy of size 3; rounds with additions with at least 0.01 support: 0; clusters: 797121
polytomy of size 4; rounds with additions with at least 0.01 support: 0; clusters: 797121
polytomy of size 6; rounds with additions with at least 0.01 support: 0; clusters: 797121
polytomy of size 6; rounds with additions with at least 0.01 support: 0; clusters: 797121
polytomy of size 3; rounds with additions with at least 0.01 support: 0; clusters: 797121
polytomy of size 6; rounds with additions with at least 0.01 support: 0; clusters: 797121
polytomy of size 4; rounds with additions with at least 0.01 support: 0; clusters: 797121
polytomy of size 5; rounds with additions with at least 0.01 support: 0; clusters: 797121
polytomy of size 4; rounds with additions with at least 0.01 support: 0; clusters: 797121
polytomy of size 4; rounds with additions with at least 0.01 support: 0; clusters: 797121
polytomy of size 3; rounds with additions with at least 0.01 support: 0; clusters: 797121
polytomy of size 5; rounds with additions with at least 0.01 support: 0; clusters: 797121
polytomy of size 4; rounds with additions with at least 0.01 support: 0; clusters: 797121
polytomy of size 3; rounds with additions with at least 0.01 support: 0; clusters: 797121
polytomy of size 4; rounds with additions with at least 0.01 support: 0; clusters: 797121
polytomy of size 3; rounds with additions with at least 0.01 support: 0; clusters: 797121
polytomy of size 5; rounds with additions with at least 0.01 support: 0; clusters: 797121
polytomy of size 4; rounds with additions with at least 0.01 support: 0; clusters: 797121
polytomy of size 3; rounds with additions with at least 0.01 support: 0; clusters: 797121
polytomy of size 3; rounds with additions with at least 0.01 support: 0; clusters: 797121
polytomy of size 4; rounds with additions with at least 0.01 support: 0; clusters: 797121
polytomy of size 3; rounds with additions with at least 0.01 support: 0; clusters: 797121
polytomy of size 5; rounds with additions with at least 0.01 support: 0; clusters: 797121
polytomy of size 4; rounds with additions with at least 0.01 support: 0; clusters: 797121
polytomy of size 3; rounds with additions with at least 0.01 support: 0; clusters: 797121
polytomy of size 5; rounds with additions with at least 0.01 support: 0; clusters: 797121
polytomy of size 3; rounds with additions with at least 0.01 support: 0; clusters: 797121
polytomy of size 5; rounds with additions with at least 0.01 support: 0; clusters: 797121
polytomy of size 5; rounds with additions with at least 0.01 support: 0; clusters: 797121
polytomy of size 7; rounds with additions with at least 0.01 support: 0; clusters: 797121
polytomy of size 3; rounds with additions with at least 0.01 support: 0; clusters: 797121
polytomy of size 3; rounds with additions with at least 0.01 support: 0; clusters: 797121
polytomy of size 5; rounds with additions with at least 0.01 support: 0; clusters: 797121
polytomy of size 3; rounds with additions with at least 0.01 support: 0; clusters: 797121
polytomy of size 3; rounds with additions with at least 0.01 support: 0; clusters: 797121
polytomy of size 4; rounds with additions with at least 0.01 support: 0; clusters: 797121
polytomy of size 3; rounds with additions with at least 0.01 support: 0; clusters: 797121
Threshold 0.3333333333333333:
polytomy of size 3; rounds with additions with at least 0.01 support: 0; clusters: 797121
polytomy of size 8; rounds with additions with at least 0.01 support: 0; clusters: 797127
polytomy of size 3; rounds with additions with at least 0.01 support: 0; clusters: 797127
polytomy of size 3; rounds with additions with at least 0.01 support: 0; clusters: 797127
polytomy of size 4; rounds with additions with at least 0.01 support: 0; clusters: 797127
polytomy of size 7; rounds with additions with at least 0.01 support: 0; clusters: 797127
polytomy of size 3; rounds with additions with at least 0.01 support: 0; clusters: 797127
polytomy of size 11; rounds with additions with at least 0.01 support: 0; clusters: 797195
polytomy of size 8; rounds with additions with at least 0.01 support: 0; clusters: 797209
polytomy of size 5; rounds with additions with at least 0.01 support: 0; clusters: 797209
polytomy of size 6; rounds with additions with at least 0.01 support: 0; clusters: 797209
polytomy of size 6; rounds with additions with at least 0.01 support: 0; clusters: 797209
polytomy of size 4; rounds with additions with at least 0.01 support: 0; clusters: 797209
polytomy of size 5; rounds with additions with at least 0.01 support: 0; clusters: 797209
polytomy of size 3; rounds with additions with at least 0.01 support: 0; clusters: 797209
polytomy of size 3; rounds with additions with at least 0.01 support: 0; clusters: 797209
polytomy of size 5; rounds with additions with at least 0.01 support: 0; clusters: 797209
polytomy of size 4; rounds with additions with at least 0.01 support: 0; clusters: 797209
polytomy of size 3; rounds with additions with at least 0.01 support: 0; clusters: 797209
polytomy of size 3; rounds with additions with at least 0.01 support: 0; clusters: 797209
polytomy of size 3; rounds with additions with at least 0.01 support: 0; clusters: 797209
polytomy of size 3; rounds with additions with at least 0.01 support: 0; clusters: 797209
polytomy of size 3; rounds with additions with at least 0.01 support: 0; clusters: 797209
polytomy of size 3; rounds with additions with at least 0.01 support: 0; clusters: 797209
polytomy of size 3; rounds with additions with at least 0.01 support: 0; clusters: 797209
polytomy of size 3; rounds with additions with at least 0.01 support: 0; clusters: 797209
polytomy of size 3; rounds with additions with at least 0.01 support: 0; clusters: 797209
polytomy of size 4; rounds with additions with at least 0.01 support: 0; clusters: 797209
polytomy of size 6; rounds with additions with at least 0.01 support: 0; clusters: 797209
polytomy of size 3; rounds with additions with at least 0.01 support: 0; clusters: 797209
polytomy of size 3; rounds with additions with at least 0.01 support: 0; clusters: 797209
polytomy of size 6; rounds with additions with at least 0.01 support: 0; clusters: 797209
polytomy of size 4; rounds with additions with at least 0.01 support: 0; clusters: 797209
polytomy of size 5; rounds with additions with at least 0.01 support: 0; clusters: 797209
polytomy of size 3; rounds with additions with at least 0.01 support: 0; clusters: 797209
polytomy of size 3; rounds with additions with at least 0.01 support: 0; clusters: 797209
polytomy of size 4; rounds with additions with at least 0.01 support: 0; clusters: 797209
polytomy of size 3; rounds with additions with at least 0.01 support: 0; clusters: 797209
polytomy of size 4; rounds with additions with at least 0.01 support: 0; clusters: 797209
polytomy of size 3; rounds with additions with at least 0.01 support: 0; clusters: 797209
polytomy of size 3; rounds with additions with at least 0.01 support: 0; clusters: 797209
polytomy of size 4; rounds with additions with at least 0.01 support: 0; clusters: 797209
polytomy of size 3; rounds with additions with at least 0.01 support: 0; clusters: 797209
polytomy of size 3; rounds with additions with at least 0.01 support: 0; clusters: 797209
polytomy of size 8; rounds with additions with at least 0.01 support: 0; clusters: 797211
polytomy of size 6; rounds with additions with at least 0.01 support: 0; clusters: 797211
polytomy of size 4; rounds with additions with at least 0.01 support: 0; clusters: 797211
polytomy of size 5; rounds with additions with at least 0.01 support: 0; clusters: 797211
polytomy of size 3; rounds with additions with at least 0.01 support: 0; clusters: 797211
polytomy of size 5; rounds with additions with at least 0.01 support: 0; clusters: 797211
polytomy of size 4; rounds with additions with at least 0.01 support: 0; clusters: 797211
polytomy of size 3; rounds with additions with at least 0.01 support: 0; clusters: 797211
polytomy of size 6; rounds with additions with at least 0.01 support: 0; clusters: 797211
polytomy of size 3; rounds with additions with at least 0.01 support: 0; clusters: 797211
polytomy of size 3; rounds with additions with at least 0.01 support: 0; clusters: 797211
polytomy of size 4; rounds with additions with at least 0.01 support: 0; clusters: 797211
polytomy of size 7; rounds with additions with at least 0.01 support: 0; clusters: 797213
polytomy of size 3; rounds with additions with at least 0.01 support: 0; clusters: 797213
polytomy of size 3; rounds with additions with at least 0.01 support: 0; clusters: 797213
polytomy of size 4; rounds with additions with at least 0.01 support: 0; clusters: 797213
polytomy of size 3; rounds with additions with at least 0.01 support: 0; clusters: 797213
polytomy of size 3; rounds with additions with at least 0.01 support: 0; clusters: 797213
polytomy of size 3; rounds with additions with at least 0.01 support: 0; clusters: 797213
polytomy of size 3; rounds with additions with at least 0.01 support: 0; clusters: 797213
polytomy of size 4; rounds with additions with at least 0.01 support: 0; clusters: 797213
polytomy of size 3; rounds with additions with at least 0.01 support: 0; clusters: 797213
polytomy of size 5; rounds with additions with at least 0.01 support: 0; clusters: 797213
polytomy of size 5; rounds with additions with at least 0.01 support: 0; clusters: 797213
polytomy of size 3; rounds with additions with at least 0.01 support: 0; clusters: 797213
polytomy of size 4; rounds with additions with at least 0.01 support: 0; clusters: 797213
polytomy of size 3; rounds with additions with at least 0.01 support: 0; clusters: 797213
polytomy of size 3; rounds with additions with at least 0.01 support: 0; clusters: 797213
polytomy of size 3; rounds with additions with at least 0.01 support: 0; clusters: 797213
polytomy of size 3; rounds with additions with at least 0.01 support: 0; clusters: 797213
polytomy of size 5; rounds with additions with at least 0.01 support: 0; clusters: 797213
Number of Clusters after addition by greedy: 797213
partitions formed in 1482.571 secs
Dynamic Programming starting after 1482.571 secs
Size of largest cluster: 1001
Calculated 100000 weights; time (seconds): 4626
Calculated 200000 weights; time (seconds): 3162
Calculated 300000 weights; time (seconds): 3123
Calculated 400000 weights; time (seconds): 3160
Calculated 500000 weights; time (seconds): 3212
Calculated 600000 weights; time (seconds): 3173
Calculated 700000 weights; time (seconds): 3213
Calculated 800000 weights; time (seconds): 3486
Calculated 900000 weights; time (seconds): 4688
Calculated 1000000 weights; time (seconds): 3750
Calculated 1100000 weights; time (seconds): 3863
Calculated 1200000 weights; time (seconds): 3601
Total Number of elements weighted: 1297275
Normalized score (portion of input quartet trees satisfied): 0.42468947452679956
Final optimization score: 17635973900875
Optimal tree inferred in 46554.546 secs.
(491,(800,(309,(951,(((50,808),(826,(505,695))),(((877,829),((195,226),((939,(220,901)),(327,(880,(787,536)))))),((909,(255,(132,((675,422),(773,367))))),((62,(696,971)),(((((508,335),(940,173)),((743,740),(303,(340,605)))),((620,507),((268,(296,((363,430),(483,444)))),((162,((912,332),(418,(992,883)))),((615,305),(368,(841,(819,201)))))))),(((((165,(875,(914,870))),(862,((460,(886,672)),(35,((253,355),(611,(591,989))))))),(((65,99),((799,576),((193,527),(451,814)))),((74,113),((122,(40,756)),((55,646),((146,124),(707,(102,(599,152))))))))),(((28,493),((602,(879,(6,637))),(746,((351,(706,749)),(374,(361,346)))))),((((7,133),(207,(167,324))),((467,867),(584,(311,(921,(762,509)))))),((705,(82,246)),(((288,(49,(494,(945,731)))),((583,(956,26)),(271,(560,(141,625))))),(((874,801),(294,276)),(68,(((250,150),((987,694),(654,579))),(((157,855),(443,(662,964))),(((786,379),((667,926),((501,107),(92,(809,440))))),(79,(96,((516,(941,(394,587))),(657,(666,(931,(267,(480,439)))))))))))))))))),((((391,218),(533,(687,592))),((629,108),(890,(210,199)))),(((((718,693),(((632,(988,959)),(32,(908,653))),(((816,863),((302,741),((610,893),(759,(417,563))))),(((163,(331,(63,224))),((541,642),(802,(415,143)))),((471,(245,(559,(260,(339,114))))),(((680,(337,316)),(595,(968,(485,330)))),((887,767),((43,(993,77)),(910,(240,398)))))))))),((((798,(789,935)),(((936,60),(760,280)),(228,((923,873),(300,387))))),((411,((236,932),(703,((729,(975,609)),(258,(470,217)))))),((973,390),((726,39),((820,(626,326)),(590,(475,(834,(221,263))))))))),(((481,25),((183,(364,360)),(283,(659,(51,503))))),((((701,239),(998,(182,(492,158)))),((375,322),(943,((290,225),(499,76))))),(((960,(265,111)),(859,(216,641))),(261,((966,(11,(438,(929,291)))),((402,(872,627)),((320,(90,232)),((624,(754,416)),(846,(251,(518,(45,(758,382))))))))))))))),(((619,(557,((403,702),(903,(2,(961,54)))))),((434,((129,456),(238,(978,84)))),((285,425),((139,(969,850)),((477,(371,272)),(745,((69,264),(502,(177,(103,544)))))))))),((((838,(784,334)),(748,(((164,780),(257,(459,405))),(159,((942,572),(75,724)))))),((((896,947),(120,(833,977))),((946,888),(81,(775,29)))),((413,537),((474,(347,473)),(((419,(469,377)),(736,(1,905))),((433,(496,110)),((31,832),((284,211),(581,479))))))))),((((895,686),((372,404),(630,(650,(495,((299,698),(737,(636,252)))))))),((922,((570,928),(752,412))),((860,(136,856)),((913,338),((400,651),(668,(270,(697,(920,(462,315)))))))))),(((769,98),(585,453)),(((38,((957,751),((719,(906,(16,713))),(622,((465,125),(721,634)))))),(237,((500,(685,333)),((852,(733,772)),((449,(432,(56,275))),((452,184),(837,(161,692)))))))),((200,(539,463)),(((683,(535,(357,(596,308)))),(831,((621,(688,712)),(648,((448,(215,674)),(658,((925,575),(812,(918,965))))))))),(((747,((732,750),(904,876))),((836,(409,(478,(131,123)))),((490,484),((319,(130,(519,(229,853)))),(249,((917,85),((172,352),(898,(561,962))))))))),(676,(((118,(266,979)),(((794,436),(70,(639,678))),((723,176),(848,(511,995))))),((135,(((127,22),((47,259),(170,(169,843)))),((574,(597,849)),((671,241),(738,(461,(212,554))))))),(((811,(980,(757,(933,202)))),((586,426),(248,(301,(128,318))))),(((234,437),(244,937)),(420,((189,(582,534)),(24,(166,(256,386))))))))))))))))))),((((((578,393),((710,652),(233,(753,(976,(353,779)))))),((994,(458,(115,208))),(231,(((555,213),(401,(181,982))),((119,(550,101)),((304,606),(930,(450,269)))))))),(((206,(329,5)),(235,(682,(571,972)))),(((57,593),(996,(556,(661,514)))),((530,(845,(885,704))),(681,((489,(944,(71,894))),((149,(381,(725,73))),((569,(87,(442,194))),((952,4),(196,((53,665),(486,61)))))))))))),(((607,93),((72,(399,782)),(((568,192),(647,((397,(953,407)),(643,(999,(566,689)))))),(((981,(614,476)),((223,623),(531,(664,765)))),((80,(23,112)),((902,(792,365)),(286,(839,487)))))))),(818,((14,((354,(188,638)),((44,821),(468,(278,540))))),(526,(((604,(342,(323,963))),((466,(513,191)),(66,(289,(369,986))))),(((997,151),(279,156)),((395,(9,414)),((58,714),(497,558)))))))))),((0,((938,((385,(547,154)),(10,(254,307)))),((900,(717,406)),((565,3),((358,(924,949)),(464,(282,(359,520)))))))),(((15,(140,((472,970),(321,428)))),((88,((524,317),(408,350))),((427,(((376,185),(160,(655,(106,538)))),((137,711),(190,(424,(884,(861,842))))))),((198,(366,(644,445))),((314,635),((186,793),((755,613),(739,(446,(116,835)))))))))),((((990,(730,(373,573))),((325,(525,(889,148))),((840,785),(824,(588,532))))),((548,((219,(510,766)),(((603,684),(742,(813,(396,(528,601))))),(457,((699,830),(608,(722,(553,810)))))))),(((13,(866,828)),((871,529),(916,(735,380)))),((8,(881,(919,552))),(((562,91),(410,(734,262))),(383,((777,362),(617,(827,(716,(677,(134,349)))))))))))),((((1000,(95,(277,345))),(48,(589,(348,273)))),((178,(171,(187,776))),((878,803),(577,(392,94))))),(((631,915),((950,83),(823,(851,(435,378))))),((((817,313),((89,804),((882,144),((768,(796,660)),((179,243),(907,934)))))),(((109,865),(523,((512,869),(545,(20,517))))),((564,(153,790)),(((612,336),(673,((815,897),((312,(764,955)),(97,(86,209)))))),((616,(984,482)),((126,(797,(778,(546,806)))),(197,((33,549),(343,551))))))))),(((727,(341,27)),(598,(205,306))),(((580,389),(((147,295),(488,(974,805))),((67,628),((948,100),(795,(911,287)))))),(((594,((522,633),(138,(807,(669,174))))),(455,((506,46),(((36,(600,708)),(891,((728,(868,700)),((298,423),(121,822))))),(429,((709,(356,(145,30))),((310,(203,242)),((844,(763,791)),(825,(18,(59,247))))))))))),(((17,155),(770,((370,954),(781,(431,((543,227),(847,(21,(441,104))))))))),((((12,(230,37)),(447,((41,(771,(64,983))),((858,679),(854,(656,788)))))),((690,((927,991),(105,384))),((204,783),((761,567),(293,(691,(78,(521,899)))))))),((222,((297,(864,(274,175))),(344,(180,(168,(281,515)))))),(52,((649,640),(((34,((117,892),(454,421))),(142,((774,42),((618,967),(985,958))))),(((670,663),(744,(328,(857,720)))),((715,(388,(498,504))),((645,19),(292,(214,542)))))))))))))))))))))))))))))))));
Quartet score is: 17635973900875
Normalized quartet score is: 0.42468947452679956
ASTRAL finished in 47483.898 secs
