
================== ASTRAL ===================== 

This is ASTRAL version 4.10.10
Gene trees are treated as unrooted
1000 trees read from ASTRALDATA/model.50.2000000.0.000001/36/estimatedgenetre.halfresolved
All output trees will be *arbitrarily* rooted at 17

======== Running the main analysis
Number of taxa: 51 (51 species)
Taxa: [17, 34, 47, 48, 36, 20, 41, 5, 26, 7, 25, 14, 32, 3, 44, 33, 23, 15, 40, 43, 38, 49, 16, 6, 31, 42, 27, 37, 9, 13, 28, 11, 22, 12, 1, 19, 39, 30, 4, 29, 18, 24, 50, 45, 21, 10, 2, 35, 8, 0, 46]
Taxon occupancy: {19=1000, 35=1000, 17=1000, 18=1000, 36=1000, 33=1000, 15=1000, 34=1000, 16=1000, 39=1000, 13=1000, 14=1000, 11=1000, 37=1000, 12=1000, 38=1000, 21=1000, 20=1000, 43=1000, 42=1000, 41=1000, 40=1000, 49=1000, 48=1000, 45=1000, 44=1000, 47=1000, 46=1000, 22=1000, 23=1000, 24=1000, 25=1000, 26=1000, 27=1000, 28=1000, 29=1000, 3=1000, 2=1000, 10=1000, 1=1000, 0=1000, 30=1000, 7=1000, 6=1000, 5=1000, 32=1000, 4=1000, 31=1000, 9=1000, 8=1000, 50=1000}
Number of gene trees: 1000
0 trees have missing taxa
Calculating quartet distance matrix (for completion of X)
Species tree distances calculated ...
Building set of clusters (X) from gene trees 
Using tree-based weight calculation.
Number of Default Clusters: 4835
Number of quartet trees in the gene trees: 249895734
calculating extra bipartitions to be added at level 1 ...
Number of Clusters after addition by distance: 4835
Adding to X using resolutions of greedy consensus ...
Threshold 0.0:
Threshold 0.01:
Threshold 0.02:
Threshold 0.05:
Threshold 0.1:
Threshold 0.2:
polytomy of size 3; rounds with additions with at least 0.01 support: 0; clusters: 4835
polytomy of size 3; rounds with additions with at least 0.01 support: 0; clusters: 4835
polytomy of size 3; rounds with additions with at least 0.01 support: 0; clusters: 4835
Threshold 0.3333333333333333:
polytomy of size 3; rounds with additions with at least 0.01 support: 0; clusters: 4835
polytomy of size 3; rounds with additions with at least 0.01 support: 0; clusters: 4835
polytomy of size 6; rounds with additions with at least 0.01 support: 0; clusters: 4835
polytomy of size 3; rounds with additions with at least 0.01 support: 0; clusters: 4835
polytomy of size 3; rounds with additions with at least 0.01 support: 0; clusters: 4835
polytomy of size 3; rounds with additions with at least 0.01 support: 0; clusters: 4835
Number of Clusters after addition by greedy: 4835
partitions formed in 3.171 secs
Dynamic Programming starting after 3.171 secs
Size of largest cluster: 51
Total Number of elements weighted: 20685
Normalized score (portion of input quartet trees satisfied): 0.8809369991085962
Final optimization score: 220142398
Optimal tree inferred in 34.651 secs.
(26,(((25,14),(7,46)),((5,(20,41)),((32,(36,(17,(47,(34,48))))),(((38,49),((23,15),(33,(40,43)))),(16,((3,44),(0,((2,(35,8)),((21,10),((6,((4,(29,18)),(39,((19,30),(45,(24,50)))))),((42,(31,27)),((37,(1,(22,12))),((28,11),(9,13)))))))))))))));
Quartet score is: 220142398
Normalized quartet score is: 0.8809369991085962
ASTRAL finished in 35.934 secs
