
================== ASTRAL ===================== 

This is ASTRAL version 4.10.7
Gene trees are treated as unrooted
1000 trees read from ASTRALDATA/model.100.2000000.0.000001/01/estimatedgenetre.halfresolved
All output trees will be *arbitrarily* rooted at 37

======== Running the main analysis
Number of taxa: 101 (101 species)
Taxa: [37, 58, 34, 81, 64, 100, 21, 92, 2, 53, 88, 42, 46, 8, 67, 69, 18, 13, 59, 57, 62, 90, 85, 82, 35, 9, 93, 7, 16, 70, 51, 78, 79, 87, 1, 72, 61, 4, 56, 75, 29, 27, 3, 31, 95, 24, 40, 45, 86, 11, 65, 5, 20, 30, 89, 38, 83, 55, 68, 71, 76, 28, 52, 0, 44, 96, 73, 99, 80, 23, 74, 32, 15, 49, 43, 39, 12, 36, 41, 97, 10, 33, 98, 17, 14, 84, 47, 50, 77, 22, 54, 19, 6, 66, 63, 25, 48, 26, 60, 94, 91]
Number of gene trees: 1000
0 trees have missing taxa
Calculating quartet distance matrix (for completion of X)
Species tree distances calculated ...
Building set of clusters (X) from gene trees 
Using tree-based weight calculation.
Number of Default Clusters: 21271
Number of quartet trees in the gene trees: 4082924023
calculating extra bipartitions to be added at level 1 ...
Number of Clusters after addition by distance: 21271
Adding to X using resolutions of greedy consensus ...
Threshold 0.0:
Threshold 0.01:
Threshold 0.02:
Threshold 0.05:
Threshold 0.1:
polytomy of size 3; rounds with additions with at least 0.01 support: 0; clusters: 21271
polytomy of size 5; rounds with additions with at least 0.01 support: 0; clusters: 21271
Threshold 0.2:
polytomy of size 3; rounds with additions with at least 0.01 support: 0; clusters: 21271
polytomy of size 5; rounds with additions with at least 0.01 support: 0; clusters: 21271
polytomy of size 5; rounds with additions with at least 0.01 support: 0; clusters: 21271
polytomy of size 7; rounds with additions with at least 0.01 support: 0; clusters: 21271
Threshold 0.3333333333333333:
polytomy of size 3; rounds with additions with at least 0.01 support: 0; clusters: 21271
polytomy of size 4; rounds with additions with at least 0.01 support: 0; clusters: 21271
polytomy of size 4; rounds with additions with at least 0.01 support: 0; clusters: 21271
polytomy of size 3; rounds with additions with at least 0.01 support: 0; clusters: 21271
polytomy of size 7; rounds with additions with at least 0.01 support: 0; clusters: 21271
polytomy of size 13; rounds with additions with at least 0.01 support: 0; clusters: 21283
polytomy of size 3; rounds with additions with at least 0.01 support: 0; clusters: 21283
Number of Clusters after addition by greedy: 21283
partitions formed in 7.037 secs
Dynamic Programming starting after 7.037 secs
Size of largest cluster: 101
Total Number of elements weighted: 92514
Normalized score (portion of input quartet trees satisfied): 0.7630665756819056
Final optimization score: 3115542853
Optimal tree inferred in 363.758 secs.
(63,(48,(26,((25,60),(66,((94,91),(((8,(67,69)),(((72,(61,4)),(51,(79,(87,1)))),((31,95),((75,(29,(27,3))),((13,(18,59)),(62,(90,(85,(82,(57,78)))))))))),(((24,(45,(40,(86,11)))),(56,((7,(16,70)),(9,(35,93))))),(((44,(96,73)),((80,23),(99,(65,5)))),((((42,46),(53,88)),(58,(37,((21,(92,2)),(34,(100,(81,64))))))),(((33,6),((98,17),((14,22),((84,(54,19)),(50,(47,77)))))),(0,((43,(74,(32,(15,49)))),((55,(38,((83,68),(20,(30,89))))),((52,(28,(71,76))),((97,10),(39,(36,(12,41)))))))))))))))))));
Quartet score is: 3115542853
Normalized quartet score is: 0.7630665756819056
ASTRAL finished in 366.22 secs
