
================== ASTRAL ===================== 

This is ASTRAL version 4.10.10
Gene trees are treated as unrooted
1000 trees read from ASTRALDATA/model.200.2000000.0.0000001/26/estimatedgenetre.halfresolved
All output trees will be *arbitrarily* rooted at 133

======== Running the main analysis
Number of taxa: 201 (201 species)
Taxa: [133, 81, 166, 179, 124, 184, 134, 10, 65, 155, 58, 187, 52, 7, 149, 73, 100, 2, 66, 193, 39, 118, 162, 186, 135, 61, 117, 138, 171, 90, 15, 45, 3, 21, 22, 146, 60, 115, 31, 105, 28, 112, 75, 29, 195, 8, 121, 152, 144, 83, 190, 98, 126, 101, 181, 71, 5, 26, 164, 38, 199, 137, 175, 42, 69, 63, 183, 24, 43, 161, 128, 192, 173, 72, 74, 154, 27, 158, 13, 30, 145, 53, 99, 153, 68, 104, 123, 36, 33, 136, 169, 125, 64, 191, 91, 157, 48, 4, 140, 51, 114, 200, 88, 17, 0, 94, 37, 79, 44, 1, 180, 110, 97, 46, 34, 49, 170, 12, 102, 165, 119, 150, 40, 127, 159, 50, 41, 178, 147, 11, 85, 47, 189, 129, 89, 96, 111, 87, 120, 93, 82, 130, 167, 109, 32, 70, 142, 6, 132, 9, 92, 176, 182, 141, 35, 106, 25, 185, 62, 143, 113, 84, 174, 108, 103, 80, 148, 107, 122, 67, 194, 55, 18, 14, 54, 59, 86, 160, 163, 198, 196, 168, 19, 177, 77, 197, 139, 16, 172, 95, 156, 76, 188, 131, 151, 116, 78, 57, 23, 20, 56]
Taxon occupancy: {35=1000, 36=1000, 33=1000, 159=1000, 158=1000, 34=1000, 157=1000, 39=1000, 156=1000, 155=1000, 37=1000, 154=1000, 38=1000, 152=1000, 153=1000, 150=1000, 151=1000, 43=1000, 42=1000, 41=1000, 40=1000, 200=1000, 22=1000, 23=1000, 169=1000, 24=1000, 25=1000, 26=1000, 166=1000, 27=1000, 165=1000, 28=1000, 168=1000, 29=1000, 167=1000, 161=1000, 3=1000, 162=1000, 2=1000, 1=1000, 163=1000, 164=1000, 0=1000, 30=1000, 7=1000, 6=1000, 5=1000, 32=1000, 31=1000, 4=1000, 160=1000, 9=1000, 8=1000, 19=1000, 179=1000, 17=1000, 178=1000, 18=1000, 15=1000, 177=1000, 176=1000, 16=1000, 13=1000, 14=1000, 11=1000, 12=1000, 21=1000, 170=1000, 20=1000, 171=1000, 174=1000, 175=1000, 172=1000, 173=1000, 188=1000, 187=1000, 189=1000, 180=1000, 181=1000, 10=1000, 182=1000, 183=1000, 184=1000, 185=1000, 186=1000, 116=1000, 117=1000, 79=1000, 78=1000, 114=1000, 115=1000, 77=1000, 112=1000, 113=1000, 110=1000, 111=1000, 118=1000, 119=1000, 82=1000, 83=1000, 80=1000, 81=1000, 86=1000, 87=1000, 84=1000, 85=1000, 125=1000, 67=1000, 126=1000, 66=1000, 69=1000, 127=1000, 68=1000, 128=1000, 121=1000, 122=1000, 123=1000, 124=1000, 129=1000, 70=1000, 71=1000, 120=1000, 72=1000, 73=1000, 74=1000, 75=1000, 76=1000, 134=1000, 135=1000, 132=1000, 133=1000, 59=1000, 58=1000, 138=1000, 57=1000, 139=1000, 56=1000, 136=1000, 137=1000, 55=1000, 64=1000, 65=1000, 62=1000, 63=1000, 131=1000, 60=1000, 61=1000, 130=1000, 49=1000, 143=1000, 144=1000, 48=1000, 145=1000, 146=1000, 45=1000, 147=1000, 44=1000, 148=1000, 149=1000, 47=1000, 46=1000, 51=1000, 52=1000, 53=1000, 54=1000, 140=1000, 142=1000, 50=1000, 141=1000, 109=1000, 108=1000, 107=1000, 106=1000, 105=1000, 104=1000, 103=1000, 99=1000, 102=1000, 101=1000, 100=1000, 98=1000, 97=1000, 96=1000, 95=1000, 94=1000, 93=1000, 92=1000, 91=1000, 90=1000, 88=1000, 89=1000, 195=1000, 194=1000, 197=1000, 196=1000, 191=1000, 190=1000, 193=1000, 192=1000, 198=1000, 199=1000}
Number of gene trees: 1000
0 trees have missing taxa
Calculating quartet distance matrix (for completion of X)
Species tree distances calculated ...
Building set of clusters (X) from gene trees 
Using tree-based weight calculation.
Number of Default Clusters: 87155
Number of quartet trees in the gene trees: 65998348020
calculating extra bipartitions to be added at level 1 ...
Number of Clusters after addition by distance: 87163
Adding to X using resolutions of greedy consensus ...
Threshold 0.0:
polytomy of size 3; rounds with additions with at least 0.01 support: 2; clusters: 87167
polytomy of size 5; rounds with additions with at least 0.01 support: 1; clusters: 87211
Threshold 0.01:
polytomy of size 12; rounds with additions with at least 0.01 support: 4; clusters: 87741
Threshold 0.02:
polytomy of size 16; rounds with additions with at least 0.01 support: 2; clusters: 88399
Threshold 0.05:
polytomy of size 26; rounds with additions with at least 0.01 support: 0; clusters: 88449
Threshold 0.1:
polytomy of size 32; rounds with additions with at least 0.01 support: 0; clusters: 88473
Threshold 0.2:
polytomy of size 3; rounds with additions with at least 0.01 support: 0; clusters: 88473
polytomy of size 43; rounds with additions with at least 0.01 support: 0; clusters: 88473
Threshold 0.3333333333333333:
polytomy of size 4; rounds with additions with at least 0.01 support: 0; clusters: 88473
polytomy of size 3; rounds with additions with at least 0.01 support: 0; clusters: 88473
polytomy of size 3; rounds with additions with at least 0.01 support: 0; clusters: 88473
polytomy of size 3; rounds with additions with at least 0.01 support: 0; clusters: 88473
polytomy of size 5; rounds with additions with at least 0.01 support: 0; clusters: 88473
polytomy of size 54; rounds with additions with at least 0.01 support: 0; clusters: 105883
Number of Clusters after addition by greedy: 105883
partitions formed in 53.933 secs
Dynamic Programming starting after 53.933 secs
Size of largest cluster: 201
Calculated 100000 weights; time (seconds): 670
Calculated 200000 weights; time (seconds): 642
Total Number of elements weighted: 216182
Normalized score (portion of input quartet trees satisfied): 0.5240573893231214
Final optimization score: 34586921963
Optimal tree inferred in 1420.588 secs.
(91,(48,(157,(191,(4,((125,64),((((26,164),(183,24)),(137,((38,199),(175,(69,(42,63)))))),((94,(193,((39,118),(162,(186,135))))),((((43,((161,128),(192,173))),((116,78),(70,(142,(6,132))))),((72,74),(154,(((27,13),(158,30)),((145,53),(99,(153,68))))))),((100,(136,169)),((81,(151,(166,(179,124)))),(((134,(10,65)),((133,(149,73)),((67,(185,((90,15),((138,171),(61,117))))),((52,7),((35,106),((196,(176,(182,141))),(66,(25,(58,187))))))))),(((((33,(123,36)),(104,(146,60))),((122,((109,32),(115,9))),((80,107),(148,(108,103))))),(((31,105),(49,(170,(12,102)))),(((79,44),((34,(1,180)),(46,(110,97)))),((144,83),((112,(28,75)),(37,((29,195),(152,(8,121))))))))),(((50,((21,22),(87,(120,93)))),((189,(129,89)),((127,159),(155,(20,(16,(172,(95,156)))))))),((0,((96,111),(((140,(51,114)),((23,56),(139,57))),((167,(82,130)),((59,86),(160,(163,198))))))),(((200,88),((92,(45,3)),((174,(77,197)),(84,(113,(62,143)))))),(((47,((165,119),(150,40))),(17,((71,5),((126,101),(190,(98,181)))))),((2,(168,(19,177))),((194,(54,(14,(55,18)))),((184,(76,(188,131))),(41,(178,(147,(11,85))))))))))))))))))))))));
Quartet score is: 34586921963
Normalized quartet score is: 0.5240573893231214
ASTRAL finished in 1428.518 secs
