
================== ASTRAL ===================== 

This is ASTRAL version 4.10.10
Gene trees are treated as unrooted
1000 trees read from ASTRALDATA/model.200.500000.0.0000001/27/estimatedgenetre.halfresolved
All output trees will be *arbitrarily* rooted at 55

======== Running the main analysis
Number of taxa: 201 (201 species)
Taxa: [55, 105, 185, 149, 2, 200, 57, 153, 150, 94, 121, 90, 147, 106, 28, 16, 123, 178, 9, 7, 165, 116, 87, 107, 3, 89, 141, 120, 163, 82, 92, 125, 41, 15, 172, 193, 31, 76, 142, 187, 23, 183, 6, 111, 176, 173, 59, 4, 17, 168, 85, 117, 144, 192, 62, 139, 65, 122, 24, 46, 126, 51, 54, 66, 194, 177, 109, 171, 181, 83, 42, 38, 79, 27, 115, 47, 151, 80, 127, 21, 73, 67, 156, 129, 22, 95, 175, 39, 112, 19, 12, 81, 98, 100, 13, 137, 11, 71, 197, 68, 58, 114, 198, 155, 40, 134, 44, 110, 86, 108, 162, 169, 10, 152, 131, 96, 143, 166, 32, 135, 49, 0, 103, 52, 184, 34, 48, 133, 29, 101, 97, 160, 146, 191, 189, 20, 78, 119, 50, 102, 145, 91, 167, 72, 33, 53, 179, 199, 188, 43, 136, 190, 1, 5, 18, 61, 157, 138, 113, 63, 132, 14, 88, 154, 36, 182, 174, 195, 30, 93, 35, 70, 170, 148, 118, 164, 25, 124, 161, 69, 130, 74, 75, 140, 37, 45, 180, 26, 99, 60, 196, 186, 128, 159, 104, 8, 56, 158, 77, 64, 84]
Taxon occupancy: {35=1000, 36=1000, 159=1000, 33=1000, 158=1000, 34=1000, 39=1000, 157=1000, 156=1000, 155=1000, 37=1000, 38=1000, 154=1000, 152=1000, 153=1000, 150=1000, 151=1000, 43=1000, 42=1000, 41=1000, 40=1000, 200=1000, 22=1000, 23=1000, 169=1000, 24=1000, 25=1000, 166=1000, 26=1000, 27=1000, 165=1000, 168=1000, 28=1000, 29=1000, 167=1000, 3=1000, 161=1000, 2=1000, 162=1000, 163=1000, 1=1000, 0=1000, 164=1000, 7=1000, 30=1000, 6=1000, 32=1000, 5=1000, 31=1000, 4=1000, 160=1000, 9=1000, 8=1000, 19=1000, 17=1000, 179=1000, 178=1000, 18=1000, 177=1000, 15=1000, 16=1000, 176=1000, 13=1000, 14=1000, 11=1000, 12=1000, 21=1000, 170=1000, 171=1000, 20=1000, 174=1000, 175=1000, 172=1000, 173=1000, 188=1000, 187=1000, 189=1000, 180=1000, 181=1000, 10=1000, 182=1000, 183=1000, 184=1000, 185=1000, 186=1000, 116=1000, 79=1000, 117=1000, 114=1000, 78=1000, 77=1000, 115=1000, 112=1000, 113=1000, 110=1000, 111=1000, 118=1000, 119=1000, 82=1000, 83=1000, 80=1000, 81=1000, 86=1000, 87=1000, 84=1000, 85=1000, 67=1000, 125=1000, 66=1000, 126=1000, 127=1000, 69=1000, 128=1000, 68=1000, 121=1000, 122=1000, 123=1000, 124=1000, 129=1000, 70=1000, 120=1000, 71=1000, 72=1000, 73=1000, 74=1000, 75=1000, 76=1000, 134=1000, 135=1000, 132=1000, 59=1000, 133=1000, 58=1000, 138=1000, 139=1000, 57=1000, 56=1000, 136=1000, 137=1000, 55=1000, 64=1000, 65=1000, 62=1000, 63=1000, 131=1000, 60=1000, 61=1000, 130=1000, 143=1000, 49=1000, 144=1000, 48=1000, 145=1000, 146=1000, 147=1000, 45=1000, 44=1000, 148=1000, 47=1000, 149=1000, 46=1000, 51=1000, 52=1000, 53=1000, 54=1000, 140=1000, 142=1000, 141=1000, 50=1000, 109=1000, 108=1000, 107=1000, 106=1000, 105=1000, 104=1000, 103=1000, 102=1000, 99=1000, 101=1000, 100=1000, 98=1000, 97=1000, 96=1000, 95=1000, 94=1000, 93=1000, 92=1000, 91=1000, 90=1000, 88=1000, 89=1000, 195=1000, 194=1000, 197=1000, 196=1000, 191=1000, 190=1000, 193=1000, 192=1000, 198=1000, 199=1000}
Number of gene trees: 1000
0 trees have missing taxa
Calculating quartet distance matrix (for completion of X)
Species tree distances calculated ...
Building set of clusters (X) from gene trees 
Using tree-based weight calculation.
Number of Default Clusters: 149603
Number of quartet trees in the gene trees: 65998349208
calculating extra bipartitions to be added at level 1 ...
Number of Clusters after addition by distance: 149625
Adding to X using resolutions of greedy consensus ...
Threshold 0.0:
polytomy of size 11; rounds with additions with at least 0.01 support: 1; clusters: 150083
Threshold 0.01:
polytomy of size 6; rounds with additions with at least 0.01 support: 3; clusters: 150145
polytomy of size 22; rounds with additions with at least 0.01 support: 2; clusters: 152395
Threshold 0.02:
polytomy of size 7; rounds with additions with at least 0.01 support: 1; clusters: 152461
polytomy of size 29; rounds with additions with at least 0.01 support: 2; clusters: 156313
Threshold 0.05:
polytomy of size 3; rounds with additions with at least 0.01 support: 0; clusters: 156313
polytomy of size 3; rounds with additions with at least 0.01 support: 0; clusters: 156313
polytomy of size 3; rounds with additions with at least 0.01 support: 0; clusters: 156313
polytomy of size 42; rounds with additions with at least 0.01 support: 1; clusters: 156399
Threshold 0.1:
polytomy of size 3; rounds with additions with at least 0.01 support: 0; clusters: 156399
polytomy of size 6; rounds with additions with at least 0.01 support: 0; clusters: 156399
polytomy of size 58; rounds with additions with at least 0.01 support: 0; clusters: 156473
Threshold 0.2:
polytomy of size 3; rounds with additions with at least 0.01 support: 0; clusters: 156473
polytomy of size 3; rounds with additions with at least 0.01 support: 0; clusters: 156473
polytomy of size 3; rounds with additions with at least 0.01 support: 0; clusters: 156473
polytomy of size 4; rounds with additions with at least 0.01 support: 0; clusters: 156473
polytomy of size 89; rounds with additions with at least 0.01 support: 0; clusters: 156535
Threshold 0.3333333333333333:
polytomy of size 3; rounds with additions with at least 0.01 support: 0; clusters: 156535
polytomy of size 3; rounds with additions with at least 0.01 support: 0; clusters: 156535
polytomy of size 5; rounds with additions with at least 0.01 support: 0; clusters: 156535
polytomy of size 3; rounds with additions with at least 0.01 support: 0; clusters: 156535
polytomy of size 3; rounds with additions with at least 0.01 support: 0; clusters: 156535
Number of Clusters after addition by greedy: 156535
partitions formed in 94.772 secs
Dynamic Programming starting after 94.772 secs
Size of largest cluster: 201
Calculated 100000 weights; time (seconds): 742
Calculated 200000 weights; time (seconds): 638
Calculated 300000 weights; time (seconds): 633
Calculated 400000 weights; time (seconds): 661
Total Number of elements weighted: 438458
Normalized score (portion of input quartet trees satisfied): 0.5215466539400598
Final optimization score: 34421218195
Optimal tree inferred in 2940.848 secs.
(13,((91,167),((10,(1,5)),(((145,18),(86,(138,(108,(162,169))))),((40,134),((136,(157,(50,102))),(137,((159,77),(((((78,119),(197,((71,114),((198,155),(68,58))))),(15,(((124,(118,(25,(170,164)))),(161,((99,60),(69,(130,(74,75)))))),(((172,193),(128,((41,196),(92,148)))),(70,((35,140),(26,(45,(37,180))))))))),((44,110),((11,(176,173)),((33,(72,((53,179),(199,188)))),((59,4),(((177,(109,171)),(194,(38,(181,(83,42))))),(((67,129),(156,(21,73))),((76,(31,142)),((187,17),((144,27),(111,((192,62),((6,(23,183)),(168,(85,117))))))))))))))),(0,(80,(((((64,(94,84)),((101,61),(29,43))),(((189,20),(97,(191,(160,146)))),((54,66),(151,(190,(122,((139,126),(65,(24,46))))))))),((((22,103),(95,175)),(36,((174,195),(182,(30,93))))),(51,(((112,19),(39,12)),((81,(98,100)),((152,131),(96,((143,166),(49,(32,135)))))))))),(((125,((113,88),((104,56),(8,(14,158))))),((63,132),((123,(9,(16,178))),((87,107),((7,165),(116,154)))))),(((3,82),(105,(89,(141,(127,((115,47),(120,163))))))),(((34,(48,133)),(184,(52,(185,149)))),((90,(55,(147,(106,28)))),((79,(153,(57,150))),(121,(186,(2,200))))))))))))))))))));
Quartet score is: 34421218195
Normalized quartet score is: 0.5215466539400598
ASTRAL finished in 2949.056 secs
