
================== ASTRAL ===================== 

This is ASTRAL version 4.10.8
Gene trees are treated as unrooted
905 trees read from model.200.500000.0.0000001/26/estimatedgenetre.halfresolved
All outputted trees will be *arbitrarily* rooted at 49

======== Running the main analysis
Number of taxa: 201 (201 species)
Taxa: [49, 197, 64, 155, 130, 110, 53, 84, 51, 163, 140, 123, 171, 56, 10, 177, 76, 115, 105, 181, 17, 24, 112, 158, 63, 12, 122, 70, 94, 21, 194, 33, 20, 23, 147, 160, 37, 139, 3, 193, 59, 103, 48, 27, 176, 190, 175, 196, 54, 8, 68, 78, 180, 14, 81, 100, 46, 58, 60, 43, 150, 126, 61, 109, 95, 9, 178, 118, 127, 90, 131, 170, 69, 157, 96, 173, 191, 73, 168, 189, 164, 15, 19, 138, 143, 179, 62, 85, 120, 119, 71, 185, 40, 11, 114, 31, 102, 199, 159, 50, 88, 149, 137, 186, 26, 146, 135, 47, 134, 22, 117, 111, 148, 57, 166, 198, 35, 128, 136, 30, 29, 172, 74, 87, 6, 86, 28, 121, 151, 13, 5, 108, 169, 1, 25, 133, 72, 107, 97, 44, 106, 165, 39, 67, 183, 152, 200, 184, 154, 195, 101, 2, 75, 32, 42, 125, 82, 34, 79, 156, 113, 83, 66, 92, 142, 89, 145, 91, 16, 132, 99, 192, 41, 116, 188, 45, 161, 77, 80, 182, 104, 55, 7, 38, 52, 153, 4, 141, 36, 187, 93, 0, 167, 162, 18, 124, 144, 129, 98, 65, 174]
Taxon occupancy: {35=905, 36=905, 33=905, 159=905, 158=905, 34=905, 157=905, 39=905, 156=905, 155=905, 37=905, 154=905, 38=905, 152=905, 153=905, 150=905, 151=905, 43=905, 42=905, 41=905, 40=905, 200=905, 22=905, 23=905, 169=905, 24=905, 25=905, 26=905, 166=905, 27=905, 165=905, 168=905, 28=905, 167=905, 29=905, 3=905, 161=905, 162=905, 2=905, 163=905, 1=905, 164=905, 0=905, 30=905, 7=905, 6=905, 5=905, 32=905, 31=905, 160=905, 4=905, 9=905, 8=905, 19=905, 179=905, 17=905, 18=905, 178=905, 15=905, 177=905, 176=905, 16=905, 13=905, 14=905, 11=905, 12=905, 170=905, 21=905, 171=905, 20=905, 174=905, 175=905, 172=905, 173=905, 188=905, 187=905, 189=905, 180=905, 181=905, 10=905, 182=905, 183=905, 184=905, 185=905, 186=905, 116=905, 117=905, 79=905, 114=905, 78=905, 115=905, 77=905, 112=905, 113=905, 110=905, 111=905, 118=905, 119=905, 82=905, 83=905, 80=905, 81=905, 86=905, 87=905, 84=905, 85=905, 67=905, 125=905, 126=905, 66=905, 69=905, 127=905, 68=905, 128=905, 121=905, 122=905, 123=905, 124=905, 129=905, 70=905, 71=905, 120=905, 72=905, 73=905, 74=905, 75=905, 76=905, 134=905, 135=905, 132=905, 59=905, 133=905, 138=905, 58=905, 139=905, 57=905, 56=905, 136=905, 137=905, 55=905, 64=905, 65=905, 62=905, 63=905, 131=905, 60=905, 61=905, 130=905, 143=905, 49=905, 144=905, 48=905, 145=905, 146=905, 147=905, 45=905, 148=905, 44=905, 149=905, 47=905, 46=905, 51=905, 52=905, 53=905, 54=905, 140=905, 142=905, 50=905, 141=905, 109=905, 108=905, 107=905, 106=905, 105=905, 104=905, 103=905, 102=905, 99=905, 101=905, 100=905, 98=905, 97=905, 96=905, 95=905, 94=905, 93=905, 92=905, 91=905, 90=905, 88=905, 89=905, 195=905, 194=905, 197=905, 196=905, 191=905, 190=905, 193=905, 192=905, 198=905, 199=905}
Number of gene trees: 905
0 trees have missing taxa
Calculating quartet distance matrix (for completion of X)
Species tree distances calculated ...
Building set of clusters (X) from gene trees 
Using tree-based weight calculation.
Number of Default Clusters: 200983
Number of quartet trees in the gene trees: 59133671916
calculating extra bipartitions to be added at level 1 ...
Number of Clusters after addition by distance: 201025
Adding to X using resolutions of greedy consensus ...
Threshold 0.0:
polytomy of size 21; rounds with additions with at least 0.01 support: 14; clusters: 205379
Threshold 0.01:
polytomy of size 37; rounds with additions with at least 0.01 support: 20; clusters: 225253
Threshold 0.02:
polytomy of size 44; rounds with additions with at least 0.01 support: 9; clusters: 251979
Threshold 0.05:
polytomy of size 64; rounds with additions with at least 0.01 support: 2; clusters: 252427
Threshold 0.1:
polytomy of size 3; rounds with additions with at least 0.01 support: 0; clusters: 252427
polytomy of size 3; rounds with additions with at least 0.01 support: 0; clusters: 252427
polytomy of size 87; rounds with additions with at least 0.01 support: 0; clusters: 252779
Threshold 0.2:
polytomy of size 4; rounds with additions with at least 0.01 support: 0; clusters: 252779
polytomy of size 3; rounds with additions with at least 0.01 support: 0; clusters: 252779
Threshold 0.3333333333333333:
polytomy of size 5; rounds with additions with at least 0.01 support: 0; clusters: 252779
Number of Clusters after addition by greedy: 252779
partitions formed in 144.33 secs
Dynamic Programming starting after 144.33 secs
Size of largest cluster: 201
Size of largest cluster: 201
Calculated 100000 weights; time (seconds): 213
Calculated 200000 weights; time (seconds): 83
Total Number of elements weighted: 466096
Normalized score (portion of input quartet trees satisfied): NaN
Final optimization score: 0
Calculated 300000 weights; time (seconds): 110
Calculated 400000 weights; time (seconds): 111
Total Number of elements weighted: 466096
Normalized score (portion of input quartet trees satisfied): 0.42133781760402733
Final optimization score: 24915252272
Optimal tree inferred in 590.797 secs.
(49,(17,((181,89),((73,168),((((22,(47,134)),(137,(186,(26,(146,135))))),(((107,(133,(25,72))),((160,37),(3,97))),((169,1),(((63,41),(126,109)),((150,61),(52,(153,4))))))),((((101,(48,191)),((154,195),(((44,106),(155,184)),(67,(39,(64,(197,165))))))),(((79,(31,102)),(144,(145,(71,200)))),((119,(136,30)),(114,(11,(40,(185,156))))))),(192,((0,(((65,174),((196,93),(139,(177,(112,173))))),((((193,(23,147)),(83,(180,(113,66)))),(21,(((82,34),((157,96),(125,(103,(59,2))))),((104,(7,38)),((32,55),(86,(28,(6,42)))))))),((10,46),(((164,(98,(189,132))),((176,190),(115,124))),((175,((33,20),(194,75))),((94,14),((161,(45,(116,(188,80)))),((100,(122,70)),(158,(16,(105,91)))))))))))),((129,((131,((127,90),(170,69))),((95,(9,(178,118))),((76,199),(149,(50,(159,88))))))),((111,((166,(8,57)),(68,(54,78)))),((((198,182),(151,(13,5))),(27,(117,(29,(172,(148,74)))))),((130,(15,(24,108))),((87,((85,99),((62,77),((121,(143,120)),(138,(19,179)))))),((92,(142,(12,167))),(((35,128),(36,(141,187))),((183,152),(((162,18),((81,58),(60,43))),((84,(53,51)),((110,140),(56,(171,(163,123))))))))))))))))))))));
Quartet score is: 24915252272
Normalized quartet score is: 0.42133781760402733
ASTRAL finished in 637.502 secs
