
================== ASTRAL ===================== 

This is ASTRAL version 4.10.8
Gene trees are treated as unrooted
1000 trees read from model.200.10000000.0.0000001/28/estimatedgenetre.halfresolved
All outputted trees will be *arbitrarily* rooted at 160

======== Running the main analysis
Number of taxa: 201 (201 species)
Taxa: [160, 67, 181, 94, 9, 76, 100, 199, 64, 114, 139, 29, 145, 152, 38, 146, 90, 169, 45, 10, 97, 125, 158, 168, 153, 159, 176, 79, 109, 3, 13, 154, 93, 98, 131, 28, 104, 56, 26, 24, 162, 156, 150, 30, 184, 99, 197, 5, 140, 157, 83, 122, 164, 180, 127, 91, 172, 85, 167, 70, 173, 44, 55, 106, 190, 149, 147, 31, 51, 107, 41, 80, 143, 118, 134, 71, 82, 179, 177, 58, 48, 52, 65, 33, 129, 116, 39, 68, 200, 6, 89, 141, 19, 2, 148, 120, 8, 53, 43, 0, 124, 151, 123, 95, 63, 1, 57, 37, 182, 170, 87, 130, 119, 66, 165, 78, 34, 17, 166, 133, 72, 155, 189, 7, 23, 193, 188, 112, 105, 163, 11, 12, 18, 183, 88, 54, 50, 117, 121, 137, 21, 101, 96, 74, 187, 142, 22, 178, 35, 73, 135, 84, 27, 171, 161, 61, 36, 128, 196, 136, 20, 59, 40, 192, 126, 186, 175, 60, 69, 4, 102, 132, 138, 32, 191, 62, 194, 111, 42, 75, 195, 144, 14, 25, 113, 115, 174, 16, 49, 77, 15, 198, 46, 47, 86, 108, 185, 110, 92, 81, 103]
Taxon occupancy: {35=1000, 36=1000, 33=1000, 159=1000, 158=1000, 34=1000, 39=1000, 157=1000, 156=1000, 37=1000, 155=1000, 38=1000, 154=1000, 152=1000, 153=1000, 150=1000, 151=1000, 43=1000, 42=1000, 41=1000, 40=1000, 200=1000, 22=1000, 169=1000, 23=1000, 24=1000, 25=1000, 26=1000, 166=1000, 165=1000, 27=1000, 168=1000, 28=1000, 167=1000, 29=1000, 3=1000, 161=1000, 2=1000, 162=1000, 1=1000, 163=1000, 164=1000, 0=1000, 30=1000, 7=1000, 6=1000, 5=1000, 32=1000, 31=1000, 160=1000, 4=1000, 9=1000, 8=1000, 19=1000, 179=1000, 17=1000, 18=1000, 178=1000, 177=1000, 15=1000, 176=1000, 16=1000, 13=1000, 14=1000, 11=1000, 12=1000, 170=1000, 21=1000, 171=1000, 20=1000, 174=1000, 175=1000, 172=1000, 173=1000, 188=1000, 187=1000, 189=1000, 180=1000, 10=1000, 181=1000, 182=1000, 183=1000, 184=1000, 185=1000, 186=1000, 116=1000, 79=1000, 117=1000, 114=1000, 78=1000, 115=1000, 77=1000, 112=1000, 113=1000, 110=1000, 111=1000, 118=1000, 119=1000, 82=1000, 83=1000, 80=1000, 81=1000, 86=1000, 87=1000, 84=1000, 85=1000, 125=1000, 67=1000, 66=1000, 126=1000, 127=1000, 69=1000, 68=1000, 128=1000, 121=1000, 122=1000, 123=1000, 124=1000, 129=1000, 70=1000, 120=1000, 71=1000, 72=1000, 73=1000, 74=1000, 75=1000, 76=1000, 134=1000, 135=1000, 132=1000, 133=1000, 59=1000, 58=1000, 138=1000, 139=1000, 57=1000, 56=1000, 136=1000, 55=1000, 137=1000, 64=1000, 65=1000, 62=1000, 63=1000, 131=1000, 60=1000, 130=1000, 61=1000, 143=1000, 49=1000, 48=1000, 144=1000, 145=1000, 146=1000, 147=1000, 45=1000, 148=1000, 44=1000, 47=1000, 149=1000, 46=1000, 51=1000, 52=1000, 53=1000, 54=1000, 140=1000, 142=1000, 141=1000, 50=1000, 109=1000, 108=1000, 107=1000, 106=1000, 105=1000, 104=1000, 103=1000, 99=1000, 102=1000, 101=1000, 100=1000, 98=1000, 97=1000, 96=1000, 95=1000, 94=1000, 93=1000, 92=1000, 91=1000, 90=1000, 88=1000, 89=1000, 195=1000, 194=1000, 197=1000, 196=1000, 191=1000, 190=1000, 193=1000, 192=1000, 198=1000, 199=1000}
Number of gene trees: 1000
0 trees have missing taxa
Calculating quartet distance matrix (for completion of X)
Species tree distances calculated ...
Building set of clusters (X) from gene trees 
Using tree-based weight calculation.
Number of Default Clusters: 24615
Number of quartet trees in the gene trees: 65998350000
calculating extra bipartitions to be added at level 1 ...
Number of Clusters after addition by distance: 24615
Adding to X using resolutions of greedy consensus ...
Threshold 0.0:
Threshold 0.01:
polytomy of size 3; rounds with additions with at least 0.01 support: 0; clusters: 24615
Threshold 0.02:
polytomy of size 4; rounds with additions with at least 0.01 support: 0; clusters: 24615
Threshold 0.05:
polytomy of size 7; rounds with additions with at least 0.01 support: 0; clusters: 24615
Threshold 0.1:
polytomy of size 8; rounds with additions with at least 0.01 support: 0; clusters: 24615
Threshold 0.2:
polytomy of size 10; rounds with additions with at least 0.01 support: 0; clusters: 24615
polytomy of size 3; rounds with additions with at least 0.01 support: 0; clusters: 24615
Threshold 0.3333333333333333:
polytomy of size 3; rounds with additions with at least 0.01 support: 0; clusters: 24615
polytomy of size 4; rounds with additions with at least 0.01 support: 0; clusters: 24615
polytomy of size 3; rounds with additions with at least 0.01 support: 0; clusters: 24615
polytomy of size 3; rounds with additions with at least 0.01 support: 0; clusters: 24615
polytomy of size 16; rounds with additions with at least 0.01 support: 0; clusters: 24669
Number of Clusters after addition by greedy: 24669
partitions formed in 14.44 secs
Dynamic Programming starting after 14.44 secs
Size of largest cluster: 201
Size of largest cluster: 201
Total Number of elements weighted: 92867
Normalized score (portion of input quartet trees satisfied): NaN
Final optimization score: 0
Total Number of elements weighted: 92867
Normalized score (portion of input quartet trees satisfied): 0.792172091378042
Final optimization score: 52282050947
Optimal tree inferred in 35.181 secs.
(160,((71,82),((179,(177,(58,48))),(134,((((147,31),(190,149)),(51,((107,41),(80,(143,118))))),((44,(55,106)),(43,(((29,(145,((76,139),((64,114),(100,199))))),((153,(146,((90,169),(45,(10,97))))),((125,(158,168)),(159,(176,(79,109)))))),((((91,172),((70,173),(85,167))),((127,((122,(164,180)),((157,83),(140,(197,5))))),((28,(104,56)),((131,(98,(3,(13,(154,93))))),((124,151),(26,(24,(162,(156,150))))))))),(((155,(189,7)),(23,((105,163),(193,(188,112))))),(((152,38),(123,(((130,(182,(170,87))),((57,37),(95,(63,1)))),((119,72),(133,(66,(165,(78,(34,(17,166)))))))))),((94,9),(0,(((11,(12,18)),(192,(126,186))),(((((92,(81,103)),(181,(185,110))),((15,198),(108,(86,(46,47))))),(((33,(129,116)),((52,65),(39,68))),((6,(200,89)),(141,((67,53),(120,(8,(19,(2,148))))))))),(((30,(184,99)),(101,((137,(121,21)),((183,117),(88,(54,50)))))),((((22,178),(35,((73,27),(135,84)))),(((187,142),(96,74)),(((36,128),(61,(171,161))),(196,(136,(59,(20,40))))))),(77,((175,(138,(62,(32,191)))),(((60,69),(4,(102,132))),((195,(75,144)),((194,(111,42)),((14,25),((113,49),(115,(174,16))))))))))))))))))))))))));
Quartet score is: 52282050947
Normalized quartet score is: 0.792172091378042
ASTRAL finished in 44.635 secs
