
================== ASTRAL ===================== 

This is ASTRAL version 4.10.8
Gene trees are treated as unrooted
1000 trees read from model.200.2000000.0.000001/03/estimatedgenetre.halfresolved
All outputted trees will be *arbitrarily* rooted at 77

======== Running the main analysis
Number of taxa: 201 (201 species)
Taxa: [77, 23, 66, 182, 32, 98, 91, 191, 199, 119, 27, 63, 0, 35, 152, 140, 103, 187, 69, 141, 25, 126, 168, 157, 59, 2, 73, 33, 14, 38, 137, 153, 9, 160, 61, 145, 122, 143, 128, 111, 19, 88, 84, 113, 109, 80, 10, 95, 117, 129, 115, 106, 155, 127, 70, 112, 181, 78, 180, 150, 195, 107, 16, 170, 11, 89, 183, 136, 41, 29, 171, 149, 64, 197, 82, 22, 154, 51, 76, 44, 36, 47, 83, 105, 101, 94, 184, 178, 46, 93, 34, 185, 166, 49, 30, 28, 118, 159, 125, 188, 121, 147, 163, 156, 8, 54, 192, 18, 26, 132, 124, 114, 146, 71, 169, 148, 13, 5, 190, 189, 167, 37, 134, 164, 161, 110, 24, 58, 96, 123, 92, 179, 172, 120, 158, 56, 165, 142, 42, 52, 57, 90, 198, 6, 53, 15, 50, 108, 200, 20, 68, 97, 133, 194, 7, 135, 48, 144, 31, 81, 79, 174, 131, 177, 173, 40, 100, 17, 85, 74, 104, 39, 151, 65, 55, 3, 86, 138, 1, 12, 43, 72, 87, 45, 21, 193, 4, 99, 186, 67, 175, 60, 176, 162, 130, 196, 116, 102, 62, 75, 139]
Taxon occupancy: {35=1000, 36=1000, 33=1000, 159=1000, 34=1000, 158=1000, 157=1000, 39=1000, 156=1000, 155=1000, 37=1000, 154=1000, 38=1000, 152=1000, 153=1000, 150=1000, 151=1000, 43=1000, 42=1000, 41=1000, 40=1000, 200=1000, 22=1000, 23=1000, 169=1000, 24=1000, 25=1000, 166=1000, 26=1000, 27=1000, 165=1000, 28=1000, 168=1000, 29=1000, 167=1000, 161=1000, 3=1000, 162=1000, 2=1000, 163=1000, 1=1000, 0=1000, 164=1000, 30=1000, 7=1000, 6=1000, 32=1000, 5=1000, 160=1000, 31=1000, 4=1000, 9=1000, 8=1000, 19=1000, 179=1000, 17=1000, 178=1000, 18=1000, 15=1000, 177=1000, 176=1000, 16=1000, 13=1000, 14=1000, 11=1000, 12=1000, 170=1000, 21=1000, 171=1000, 20=1000, 174=1000, 175=1000, 172=1000, 173=1000, 188=1000, 187=1000, 189=1000, 180=1000, 181=1000, 10=1000, 182=1000, 183=1000, 184=1000, 185=1000, 186=1000, 116=1000, 117=1000, 79=1000, 78=1000, 114=1000, 115=1000, 77=1000, 112=1000, 113=1000, 110=1000, 111=1000, 118=1000, 119=1000, 82=1000, 83=1000, 80=1000, 81=1000, 86=1000, 87=1000, 84=1000, 85=1000, 125=1000, 67=1000, 126=1000, 66=1000, 127=1000, 69=1000, 128=1000, 68=1000, 121=1000, 122=1000, 123=1000, 124=1000, 129=1000, 70=1000, 71=1000, 120=1000, 72=1000, 73=1000, 74=1000, 75=1000, 76=1000, 134=1000, 135=1000, 132=1000, 59=1000, 133=1000, 58=1000, 138=1000, 139=1000, 57=1000, 136=1000, 56=1000, 137=1000, 55=1000, 64=1000, 65=1000, 62=1000, 63=1000, 131=1000, 60=1000, 130=1000, 61=1000, 49=1000, 143=1000, 48=1000, 144=1000, 145=1000, 146=1000, 147=1000, 45=1000, 44=1000, 148=1000, 47=1000, 149=1000, 46=1000, 51=1000, 52=1000, 53=1000, 54=1000, 140=1000, 142=1000, 141=1000, 50=1000, 109=1000, 108=1000, 107=1000, 106=1000, 105=1000, 104=1000, 103=1000, 102=1000, 99=1000, 101=1000, 100=1000, 98=1000, 97=1000, 96=1000, 95=1000, 94=1000, 93=1000, 92=1000, 91=1000, 90=1000, 88=1000, 89=1000, 195=1000, 194=1000, 197=1000, 196=1000, 191=1000, 190=1000, 193=1000, 192=1000, 198=1000, 199=1000}
Number of gene trees: 1000
0 trees have missing taxa
Calculating quartet distance matrix (for completion of X)
Species tree distances calculated ...
Building set of clusters (X) from gene trees 
Using tree-based weight calculation.
Number of Default Clusters: 33335
Number of quartet trees in the gene trees: 65998349604
calculating extra bipartitions to be added at level 1 ...
Number of Clusters after addition by distance: 33335
Adding to X using resolutions of greedy consensus ...
Threshold 0.0:
Threshold 0.01:
Threshold 0.02:
Threshold 0.05:
polytomy of size 3; rounds with additions with at least 0.01 support: 0; clusters: 33335
Threshold 0.1:
polytomy of size 3; rounds with additions with at least 0.01 support: 0; clusters: 33335
polytomy of size 4; rounds with additions with at least 0.01 support: 0; clusters: 33335
Threshold 0.2:
polytomy of size 3; rounds with additions with at least 0.01 support: 0; clusters: 33335
polytomy of size 3; rounds with additions with at least 0.01 support: 0; clusters: 33335
polytomy of size 4; rounds with additions with at least 0.01 support: 0; clusters: 33335
polytomy of size 3; rounds with additions with at least 0.01 support: 0; clusters: 33335
polytomy of size 14; rounds with additions with at least 0.01 support: 0; clusters: 33335
Threshold 0.3333333333333333:
polytomy of size 6; rounds with additions with at least 0.01 support: 0; clusters: 33335
polytomy of size 5; rounds with additions with at least 0.01 support: 0; clusters: 33335
polytomy of size 4; rounds with additions with at least 0.01 support: 0; clusters: 33335
polytomy of size 5; rounds with additions with at least 0.01 support: 0; clusters: 33335
polytomy of size 4; rounds with additions with at least 0.01 support: 0; clusters: 33335
polytomy of size 4; rounds with additions with at least 0.01 support: 0; clusters: 33335
polytomy of size 3; rounds with additions with at least 0.01 support: 0; clusters: 33335
polytomy of size 3; rounds with additions with at least 0.01 support: 0; clusters: 33335
polytomy of size 3; rounds with additions with at least 0.01 support: 0; clusters: 33335
polytomy of size 5; rounds with additions with at least 0.01 support: 0; clusters: 33335
polytomy of size 4; rounds with additions with at least 0.01 support: 0; clusters: 33335
polytomy of size 3; rounds with additions with at least 0.01 support: 0; clusters: 33335
polytomy of size 3; rounds with additions with at least 0.01 support: 0; clusters: 33335
polytomy of size 3; rounds with additions with at least 0.01 support: 0; clusters: 33335
polytomy of size 18; rounds with additions with at least 0.01 support: 0; clusters: 33435
Number of Clusters after addition by greedy: 33435
partitions formed in 19.832 secs
Dynamic Programming starting after 19.832 secs
Size of largest cluster: 201
Size of largest cluster: 201
Total Number of elements weighted: 150989
Normalized score (portion of input quartet trees satisfied): NaN
Final optimization score: 0
Calculated 100000 weights; time (seconds): 42
Total Number of elements weighted: 150989
Normalized score (portion of input quartet trees satisfied): 0.799408386218227
Final optimization score: 52759634150
Optimal tree inferred in 63.089 secs.
(77,(((23,66),(182,(32,98))),(((15,50),(121,(7,(135,(57,(165,(142,(42,52)))))))),((((74,(104,(39,151))),((65,(55,3)),((138,(1,(12,43))),(72,((86,21),(87,45)))))),(((90,198),(6,53)),(((133,(97,194)),(48,(144,31))),(((20,68),(108,200)),((81,79),((100,(17,85)),(177,(173,(174,(131,40)))))))))),((139,(62,(75,((4,(67,(193,(99,186)))),((175,60),(176,(162,(196,(130,(116,102)))))))))),(((91,(191,199)),(119,(27,63))),(0,((((51,(76,44)),((36,(47,83)),((82,(22,154)),((19,((88,10),((84,95),(80,(113,109))))),((101,94),((46,(184,178)),(105,(93,34)))))))),((117,(129,115)),(((106,(155,127)),((70,112),(181,(78,180)))),(171,(41,((149,(64,197)),((136,(150,(195,107))),(16,(29,(11,(170,(89,183)))))))))))),(((147,(163,((156,8),(54,192)))),(((185,166),((125,188),((49,30),(28,(118,159))))),(164,(161,(((124,114),(146,(169,(71,(148,13))))),((26,132),(18,((167,(37,134)),(5,(190,189)))))))))),((110,(24,58)),(((122,143),((96,(123,92)),((69,(25,(141,(126,168)))),((128,111),(179,(172,(56,(120,158)))))))),((152,((103,187),(35,140))),(((153,9),(145,(160,61))),((59,(157,2)),((73,33),(14,(38,137)))))))))))))))));
Quartet score is: 52759634150
Normalized quartet score is: 0.799408386218227
ASTRAL finished in 72.407 secs
