
================== ASTRAL ===================== 

This is ASTRAL version 4.10.7
Gene trees are treated as unrooted
1000 trees read from ASTRALDATA/model.200.2000000.0.000001/03/estimatedgenetre.halfresolved
All output trees will be *arbitrarily* rooted at 77

======== Running the main analysis
Number of taxa: 201 (201 species)
Taxa: [77, 23, 66, 182, 32, 98, 91, 191, 199, 119, 27, 63, 0, 35, 152, 140, 103, 187, 69, 141, 25, 126, 168, 157, 59, 2, 73, 33, 14, 38, 137, 153, 9, 160, 61, 145, 122, 143, 128, 111, 19, 88, 84, 113, 109, 80, 10, 95, 117, 129, 115, 106, 155, 127, 70, 112, 181, 78, 180, 150, 195, 107, 16, 170, 11, 89, 183, 136, 41, 29, 171, 149, 64, 197, 82, 22, 154, 51, 76, 44, 36, 47, 83, 105, 101, 94, 184, 178, 46, 93, 34, 185, 166, 49, 30, 28, 118, 159, 125, 188, 121, 147, 163, 156, 8, 54, 192, 18, 26, 132, 124, 114, 146, 71, 169, 148, 13, 5, 190, 189, 167, 37, 134, 164, 161, 110, 24, 58, 96, 123, 92, 179, 172, 120, 158, 56, 165, 142, 42, 52, 57, 90, 198, 6, 53, 15, 50, 108, 200, 20, 68, 97, 133, 194, 7, 135, 48, 144, 31, 81, 79, 174, 131, 177, 173, 40, 100, 17, 85, 74, 104, 39, 151, 65, 55, 3, 86, 138, 1, 12, 43, 72, 87, 45, 21, 193, 4, 99, 186, 67, 175, 60, 176, 162, 130, 196, 116, 102, 62, 75, 139]
Number of gene trees: 1000
0 trees have missing taxa
Calculating quartet distance matrix (for completion of X)
Species tree distances calculated ...
Building set of clusters (X) from gene trees 
Using tree-based weight calculation.
Number of Default Clusters: 33335
Number of quartet trees in the gene trees: 65998349604
calculating extra bipartitions to be added at level 1 ...
Number of Clusters after addition by distance: 33335
Adding to X using resolutions of greedy consensus ...
Threshold 0.0:
Threshold 0.01:
Threshold 0.02:
Threshold 0.05:
polytomy of size 3; rounds with additions with at least 0.01 support: 0; clusters: 33335
Threshold 0.1:
polytomy of size 3; rounds with additions with at least 0.01 support: 0; clusters: 33335
polytomy of size 4; rounds with additions with at least 0.01 support: 0; clusters: 33335
Threshold 0.2:
polytomy of size 3; rounds with additions with at least 0.01 support: 0; clusters: 33335
polytomy of size 3; rounds with additions with at least 0.01 support: 0; clusters: 33335
polytomy of size 4; rounds with additions with at least 0.01 support: 0; clusters: 33335
polytomy of size 3; rounds with additions with at least 0.01 support: 0; clusters: 33335
polytomy of size 14; rounds with additions with at least 0.01 support: 0; clusters: 33335
Threshold 0.3333333333333333:
polytomy of size 6; rounds with additions with at least 0.01 support: 0; clusters: 33335
polytomy of size 5; rounds with additions with at least 0.01 support: 0; clusters: 33335
polytomy of size 4; rounds with additions with at least 0.01 support: 0; clusters: 33335
polytomy of size 5; rounds with additions with at least 0.01 support: 0; clusters: 33335
polytomy of size 4; rounds with additions with at least 0.01 support: 0; clusters: 33335
polytomy of size 4; rounds with additions with at least 0.01 support: 0; clusters: 33335
polytomy of size 3; rounds with additions with at least 0.01 support: 0; clusters: 33335
polytomy of size 3; rounds with additions with at least 0.01 support: 0; clusters: 33335
polytomy of size 3; rounds with additions with at least 0.01 support: 0; clusters: 33335
polytomy of size 5; rounds with additions with at least 0.01 support: 0; clusters: 33335
polytomy of size 4; rounds with additions with at least 0.01 support: 0; clusters: 33335
polytomy of size 3; rounds with additions with at least 0.01 support: 0; clusters: 33335
polytomy of size 3; rounds with additions with at least 0.01 support: 0; clusters: 33335
polytomy of size 3; rounds with additions with at least 0.01 support: 0; clusters: 33335
polytomy of size 18; rounds with additions with at least 0.01 support: 0; clusters: 33435
Number of Clusters after addition by greedy: 33435
partitions formed in 19.673 secs
Dynamic Programming starting after 19.673 secs
Size of largest cluster: 201
Calculated 100000 weights; time (seconds): 753
Total Number of elements weighted: 151215
Normalized score (portion of input quartet trees satisfied): 0.799408386218227
Final optimization score: 52759634150
Optimal tree inferred in 1132.585 secs.
(30,(49,((28,(118,159)),((125,188),((185,166),((164,(161,(((124,114),(146,(169,(71,(148,13))))),((26,132),(18,((167,(37,134)),(5,(190,189)))))))),((147,(163,((54,192),(156,8)))),(((110,(24,58)),(((122,143),((96,(123,92)),((69,(25,(141,(126,168)))),((128,111),(179,(172,(56,(120,158)))))))),((152,((103,187),(35,140))),(((153,9),(145,(160,61))),((59,(157,2)),((73,33),(14,(38,137)))))))),((((51,(76,44)),((36,(47,83)),((82,(22,154)),((19,((88,10),((84,95),(80,(113,109))))),((101,94),((46,(184,178)),(105,(93,34)))))))),((117,(129,115)),(((106,(155,127)),((70,112),(181,(78,180)))),(171,(41,((149,(64,197)),((136,(150,(195,107))),(16,(29,(11,(170,(89,183)))))))))))),(0,(((91,(191,199)),(119,(27,63))),((139,(62,(75,((4,(67,(193,(99,186)))),((175,60),(176,(162,(196,(130,(116,102)))))))))),(((77,((23,66),(182,(32,98)))),((15,50),(121,(7,(135,(57,(165,(142,(42,52))))))))),(((74,(104,(39,151))),((65,(55,3)),((138,(1,(12,43))),(72,((86,21),(87,45)))))),(((6,53),(90,198)),(((48,(144,31)),(133,(97,194))),(((20,68),(108,200)),((81,79),((100,(17,85)),(177,(173,(174,(131,40)))))))))))))))))))))));
Quartet score is: 52759634150
Normalized quartet score is: 0.799408386218227
ASTRAL finished in 1140.717 secs
