
================== ASTRAL ===================== 

This is ASTRAL version 4.10.10
Gene trees are treated as unrooted
1000 trees read from ASTRALDATA/model.200.10000000.0.000001/39/estimatedgenetre.halfresolved
All output trees will be *arbitrarily* rooted at 49

======== Running the main analysis
Number of taxa: 201 (201 species)
Taxa: [49, 67, 153, 194, 141, 171, 41, 96, 80, 183, 79, 72, 81, 76, 131, 161, 159, 101, 16, 45, 121, 35, 54, 176, 55, 0, 145, 29, 89, 111, 146, 135, 132, 114, 187, 107, 22, 62, 172, 197, 168, 10, 1, 69, 52, 74, 124, 123, 200, 179, 37, 147, 47, 7, 50, 51, 193, 103, 186, 112, 56, 24, 17, 125, 188, 180, 86, 104, 129, 199, 61, 170, 190, 65, 151, 97, 91, 36, 181, 192, 175, 73, 27, 77, 108, 15, 71, 21, 99, 138, 154, 196, 28, 11, 137, 32, 128, 106, 143, 30, 134, 130, 84, 2, 85, 195, 31, 23, 33, 93, 150, 158, 174, 26, 53, 40, 66, 110, 185, 164, 160, 20, 163, 173, 156, 133, 82, 126, 5, 136, 165, 155, 142, 44, 6, 19, 12, 148, 144, 95, 90, 122, 94, 169, 8, 43, 60, 118, 46, 105, 120, 109, 184, 102, 68, 59, 119, 167, 38, 9, 139, 42, 25, 166, 78, 140, 117, 87, 198, 39, 162, 13, 58, 83, 70, 14, 157, 3, 178, 152, 113, 4, 191, 57, 48, 75, 100, 149, 116, 98, 189, 34, 127, 63, 92, 18, 182, 88, 177, 64, 115]
Taxon occupancy: {35=1000, 36=1000, 159=1000, 33=1000, 158=1000, 34=1000, 39=1000, 157=1000, 156=1000, 37=1000, 155=1000, 154=1000, 38=1000, 152=1000, 153=1000, 150=1000, 151=1000, 43=1000, 42=1000, 41=1000, 40=1000, 200=1000, 22=1000, 23=1000, 169=1000, 24=1000, 25=1000, 26=1000, 166=1000, 27=1000, 165=1000, 28=1000, 168=1000, 29=1000, 167=1000, 161=1000, 3=1000, 2=1000, 162=1000, 1=1000, 163=1000, 0=1000, 164=1000, 7=1000, 30=1000, 6=1000, 32=1000, 5=1000, 31=1000, 160=1000, 4=1000, 9=1000, 8=1000, 19=1000, 17=1000, 179=1000, 18=1000, 178=1000, 177=1000, 15=1000, 176=1000, 16=1000, 13=1000, 14=1000, 11=1000, 12=1000, 21=1000, 170=1000, 171=1000, 20=1000, 174=1000, 175=1000, 172=1000, 173=1000, 188=1000, 187=1000, 189=1000, 180=1000, 181=1000, 10=1000, 182=1000, 183=1000, 184=1000, 185=1000, 186=1000, 116=1000, 79=1000, 117=1000, 114=1000, 78=1000, 115=1000, 77=1000, 112=1000, 113=1000, 110=1000, 111=1000, 118=1000, 119=1000, 82=1000, 83=1000, 80=1000, 81=1000, 86=1000, 87=1000, 84=1000, 85=1000, 125=1000, 67=1000, 66=1000, 126=1000, 127=1000, 69=1000, 128=1000, 68=1000, 121=1000, 122=1000, 123=1000, 124=1000, 129=1000, 70=1000, 71=1000, 120=1000, 72=1000, 73=1000, 74=1000, 75=1000, 76=1000, 134=1000, 135=1000, 132=1000, 133=1000, 59=1000, 138=1000, 58=1000, 139=1000, 57=1000, 56=1000, 136=1000, 137=1000, 55=1000, 64=1000, 65=1000, 62=1000, 63=1000, 131=1000, 60=1000, 61=1000, 130=1000, 49=1000, 143=1000, 144=1000, 48=1000, 145=1000, 146=1000, 147=1000, 45=1000, 44=1000, 148=1000, 47=1000, 149=1000, 46=1000, 51=1000, 52=1000, 53=1000, 54=1000, 140=1000, 142=1000, 50=1000, 141=1000, 109=1000, 108=1000, 107=1000, 106=1000, 105=1000, 104=1000, 103=1000, 99=1000, 102=1000, 101=1000, 100=1000, 98=1000, 97=1000, 96=1000, 95=1000, 94=1000, 93=1000, 92=1000, 91=1000, 90=1000, 88=1000, 89=1000, 195=1000, 194=1000, 197=1000, 196=1000, 191=1000, 190=1000, 193=1000, 192=1000, 198=1000, 199=1000}
Number of gene trees: 1000
0 trees have missing taxa
Calculating quartet distance matrix (for completion of X)
Species tree distances calculated ...
Building set of clusters (X) from gene trees 
Using tree-based weight calculation.
Number of Default Clusters: 7099
Number of quartet trees in the gene trees: 65998349604
calculating extra bipartitions to be added at level 1 ...
Number of Clusters after addition by distance: 7099
Adding to X using resolutions of greedy consensus ...
Threshold 0.0:
Threshold 0.01:
Threshold 0.02:
Threshold 0.05:
Threshold 0.1:
Threshold 0.2:
Threshold 0.3333333333333333:
polytomy of size 3; rounds with additions with at least 0.01 support: 0; clusters: 7099
polytomy of size 3; rounds with additions with at least 0.01 support: 0; clusters: 7099
polytomy of size 3; rounds with additions with at least 0.01 support: 0; clusters: 7099
polytomy of size 4; rounds with additions with at least 0.01 support: 0; clusters: 7099
polytomy of size 3; rounds with additions with at least 0.01 support: 0; clusters: 7099
polytomy of size 3; rounds with additions with at least 0.01 support: 0; clusters: 7099
polytomy of size 3; rounds with additions with at least 0.01 support: 0; clusters: 7099
polytomy of size 3; rounds with additions with at least 0.01 support: 0; clusters: 7099
polytomy of size 3; rounds with additions with at least 0.01 support: 0; clusters: 7099
Number of Clusters after addition by greedy: 7099
partitions formed in 8.398 secs
Dynamic Programming starting after 8.398 secs
Size of largest cluster: 201
Total Number of elements weighted: 26021
Normalized score (portion of input quartet trees satisfied): 0.945042307455213
Final optimization score: 62371232598
Optimal tree inferred in 162.126 secs.
(137,((32,((143,30),(128,106))),((196,(28,11)),(((195,(31,23)),(33,(93,(150,158)))),((134,(130,(84,(2,85)))),(((174,26),((164,(163,(160,20))),((173,(82,(156,133))),(185,(53,(110,(40,66))))))),(((112,(((56,24),(17,125)),(104,(188,(180,86))))),(((170,(190,65)),(129,(199,61))),(((97,(73,27)),(175,(36,(181,(91,192))))),(77,(151,((108,15),(71,((138,154),(21,99))))))))),((((145,(132,(114,187))),((29,89),(111,(146,135)))),(((197,(62,172)),(107,(22,168))),((10,1),(((74,(124,123)),(200,(69,52))),((147,(47,7)),((179,37),((50,51),(193,(103,186))))))))),(0,(((109,184),(118,(46,(105,120)))),((126,(5,(136,165))),((142,(155,(((12,148),(44,(6,19))),(169,((8,(43,60)),((122,94),(95,(144,90)))))))),((((18,182),(88,(177,(64,115)))),(((131,(161,(159,101))),((16,45),(54,((121,35),(176,55))))),(((49,67),(153,(194,(141,171)))),((80,(41,96)),(72,((183,79),(81,76))))))),(((127,(63,92)),((100,149),(116,(98,(189,34))))),(((59,119),((167,38),((42,25),(78,(139,(9,166)))))),((102,68),((117,(140,87)),((57,(48,75)),(((152,113),(4,191)),((13,((14,157),(3,178))),((198,(58,70)),(83,(39,162)))))))))))))))))))))));
Quartet score is: 62371232598
Normalized quartet score is: 0.945042307455213
ASTRAL finished in 170.988 secs
