
================== ASTRAL ===================== 

This is ASTRAL version 4.10.10
Gene trees are treated as unrooted
1000 trees read from ASTRALDATA/model.200.10000000.0.000001/26/estimatedgenetre.halfresolved
All output trees will be *arbitrarily* rooted at 178

======== Running the main analysis
Number of taxa: 201 (201 species)
Taxa: [178, 114, 11, 126, 3, 152, 64, 86, 156, 110, 31, 200, 8, 38, 198, 105, 123, 195, 134, 60, 140, 193, 34, 139, 29, 81, 71, 49, 0, 189, 132, 194, 188, 85, 74, 62, 162, 131, 199, 146, 107, 141, 84, 157, 53, 25, 183, 56, 149, 79, 47, 22, 129, 14, 89, 46, 33, 13, 20, 55, 158, 45, 91, 7, 87, 185, 100, 76, 21, 171, 127, 109, 197, 61, 175, 6, 24, 136, 48, 59, 93, 69, 181, 184, 23, 44, 51, 77, 164, 150, 28, 122, 96, 80, 70, 168, 73, 95, 90, 165, 120, 50, 10, 54, 138, 142, 161, 154, 40, 177, 167, 137, 12, 116, 17, 187, 124, 176, 72, 163, 104, 148, 16, 172, 67, 155, 39, 180, 145, 133, 111, 18, 192, 75, 166, 63, 118, 135, 151, 125, 112, 19, 103, 5, 102, 27, 143, 66, 191, 42, 58, 190, 117, 37, 4, 57, 147, 65, 83, 101, 30, 130, 159, 186, 68, 115, 196, 92, 2, 88, 82, 99, 36, 119, 32, 160, 52, 106, 179, 108, 121, 144, 41, 94, 169, 97, 98, 35, 153, 113, 174, 170, 15, 1, 128, 43, 26, 78, 173, 182, 9]
Taxon occupancy: {35=1000, 36=1000, 33=1000, 159=1000, 158=1000, 34=1000, 157=1000, 39=1000, 156=1000, 155=1000, 37=1000, 38=1000, 154=1000, 152=1000, 153=1000, 150=1000, 151=1000, 43=1000, 42=1000, 41=1000, 40=1000, 200=1000, 22=1000, 23=1000, 169=1000, 24=1000, 25=1000, 26=1000, 166=1000, 165=1000, 27=1000, 168=1000, 28=1000, 29=1000, 167=1000, 3=1000, 161=1000, 162=1000, 2=1000, 1=1000, 163=1000, 164=1000, 0=1000, 7=1000, 30=1000, 6=1000, 5=1000, 32=1000, 31=1000, 4=1000, 160=1000, 9=1000, 8=1000, 19=1000, 17=1000, 179=1000, 178=1000, 18=1000, 15=1000, 177=1000, 176=1000, 16=1000, 13=1000, 14=1000, 11=1000, 12=1000, 21=1000, 170=1000, 171=1000, 20=1000, 174=1000, 175=1000, 172=1000, 173=1000, 188=1000, 187=1000, 189=1000, 180=1000, 181=1000, 10=1000, 182=1000, 183=1000, 184=1000, 185=1000, 186=1000, 116=1000, 79=1000, 117=1000, 78=1000, 114=1000, 77=1000, 115=1000, 112=1000, 113=1000, 110=1000, 111=1000, 118=1000, 119=1000, 82=1000, 83=1000, 80=1000, 81=1000, 86=1000, 87=1000, 84=1000, 85=1000, 67=1000, 125=1000, 126=1000, 66=1000, 69=1000, 127=1000, 128=1000, 68=1000, 121=1000, 122=1000, 123=1000, 124=1000, 129=1000, 70=1000, 71=1000, 120=1000, 72=1000, 73=1000, 74=1000, 75=1000, 76=1000, 134=1000, 135=1000, 132=1000, 59=1000, 133=1000, 138=1000, 58=1000, 139=1000, 57=1000, 136=1000, 56=1000, 55=1000, 137=1000, 64=1000, 65=1000, 62=1000, 63=1000, 60=1000, 131=1000, 61=1000, 130=1000, 49=1000, 143=1000, 48=1000, 144=1000, 145=1000, 146=1000, 45=1000, 147=1000, 44=1000, 148=1000, 47=1000, 149=1000, 46=1000, 51=1000, 52=1000, 53=1000, 54=1000, 140=1000, 142=1000, 141=1000, 50=1000, 109=1000, 108=1000, 107=1000, 106=1000, 105=1000, 104=1000, 103=1000, 102=1000, 99=1000, 101=1000, 100=1000, 98=1000, 97=1000, 96=1000, 95=1000, 94=1000, 93=1000, 92=1000, 91=1000, 90=1000, 88=1000, 89=1000, 195=1000, 194=1000, 197=1000, 196=1000, 191=1000, 190=1000, 193=1000, 192=1000, 198=1000, 199=1000}
Number of gene trees: 1000
0 trees have missing taxa
Calculating quartet distance matrix (for completion of X)
Species tree distances calculated ...
Building set of clusters (X) from gene trees 
Using tree-based weight calculation.
Number of Default Clusters: 7503
Number of quartet trees in the gene trees: 65998350000
calculating extra bipartitions to be added at level 1 ...
Number of Clusters after addition by distance: 7503
Adding to X using resolutions of greedy consensus ...
Threshold 0.0:
Threshold 0.01:
Threshold 0.02:
Threshold 0.05:
Threshold 0.1:
Threshold 0.2:
polytomy of size 4; rounds with additions with at least 0.01 support: 0; clusters: 7503
Threshold 0.3333333333333333:
polytomy of size 4; rounds with additions with at least 0.01 support: 0; clusters: 7503
polytomy of size 3; rounds with additions with at least 0.01 support: 0; clusters: 7503
polytomy of size 3; rounds with additions with at least 0.01 support: 0; clusters: 7503
polytomy of size 4; rounds with additions with at least 0.01 support: 0; clusters: 7503
polytomy of size 3; rounds with additions with at least 0.01 support: 0; clusters: 7503
polytomy of size 3; rounds with additions with at least 0.01 support: 0; clusters: 7503
polytomy of size 3; rounds with additions with at least 0.01 support: 0; clusters: 7503
polytomy of size 3; rounds with additions with at least 0.01 support: 0; clusters: 7503
polytomy of size 4; rounds with additions with at least 0.01 support: 0; clusters: 7503
polytomy of size 3; rounds with additions with at least 0.01 support: 0; clusters: 7503
polytomy of size 3; rounds with additions with at least 0.01 support: 0; clusters: 7503
Number of Clusters after addition by greedy: 7503
partitions formed in 9.313 secs
Dynamic Programming starting after 9.313 secs
Size of largest cluster: 201
Total Number of elements weighted: 21309
Normalized score (portion of input quartet trees satisfied): 0.9607283043439723
Final optimization score: 63406482885
Optimal tree inferred in 135.003 secs.
(70,((96,80),((168,73),(((28,122),(77,(164,(51,150)))),((181,(184,(23,44))),(((((109,197),(61,175)),(6,(48,((24,136),(59,93))))),((127,(21,171)),((13,20),((7,((185,100),(87,76))),(((129,89),(14,(46,33))),((22,55),(91,(158,45)))))))),(69,(((25,183),(79,(56,(149,47)))),((74,(((62,162),(53,(84,157))),((131,141),(199,(146,107))))),(85,((189,((167,(137,12)),((132,(194,188)),((161,(154,(40,177))),((90,(95,(165,120))),((10,54),(138,(50,142)))))))),(0,((((116,(17,187)),((124,176),(72,163))),(((104,148),(16,172)),(((58,190),(117,(67,((155,(180,(39,145))),((133,111),(18,(192,75))))))),((166,(63,(118,(135,151)))),(42,((125,(112,19)),((191,(103,5)),((143,66),(102,27))))))))),((((139,29),(81,(71,49))),(((38,(198,(105,123))),((193,34),(195,(134,(60,140))))),(30,((130,((159,186),(68,115))),((57,(37,4)),(65,(101,(147,83)))))))),(((200,(110,(31,8))),((11,(126,3)),(((152,64),(86,156)),((178,114),(15,((1,(128,43)),((26,78),(182,(173,9))))))))),(((92,(196,2)),((32,160),((88,82),(119,(99,36))))),((52,(106,179)),((108,121),((35,153),(113,((174,170),((144,41),(94,(169,(97,98)))))))))))))))))))))))));
Quartet score is: 63406482885
Normalized quartet score is: 0.9607283043439723
ASTRAL finished in 143.749 secs
