
================== ASTRAL ===================== 

This is ASTRAL version 4.10.10
Gene trees are treated as unrooted
996 trees read from ASTRALDATA/model.200.10000000.0.0000001/34/estimatedgenetre.halfresolved
All output trees will be *arbitrarily* rooted at 104

======== Running the main analysis
Number of taxa: 201 (201 species)
Taxa: [104, 185, 2, 142, 28, 180, 0, 48, 30, 37, 108, 188, 157, 4, 11, 84, 196, 135, 42, 35, 50, 120, 121, 146, 191, 77, 147, 150, 24, 98, 109, 154, 59, 47, 52, 95, 153, 21, 106, 192, 46, 164, 168, 49, 118, 125, 140, 70, 9, 100, 10, 112, 124, 116, 58, 20, 111, 200, 72, 115, 32, 6, 71, 101, 67, 136, 122, 3, 81, 197, 193, 174, 103, 158, 160, 181, 39, 41, 13, 159, 96, 80, 22, 27, 178, 62, 75, 1, 107, 8, 151, 97, 53, 90, 119, 166, 156, 134, 38, 56, 171, 94, 182, 85, 167, 57, 177, 17, 66, 87, 133, 73, 173, 141, 144, 123, 152, 19, 190, 92, 82, 114, 60, 12, 189, 110, 113, 161, 88, 14, 89, 63, 74, 143, 15, 45, 91, 187, 145, 184, 29, 172, 79, 43, 83, 175, 176, 26, 195, 162, 44, 16, 128, 23, 18, 25, 149, 127, 130, 40, 138, 55, 170, 183, 69, 78, 76, 102, 155, 169, 7, 34, 186, 194, 31, 198, 65, 137, 165, 199, 93, 179, 131, 129, 51, 86, 126, 5, 99, 117, 105, 163, 64, 61, 54, 139, 68, 132, 148, 36, 33]
Taxon occupancy: {35=996, 36=996, 33=996, 159=996, 158=996, 34=996, 39=996, 157=996, 156=996, 37=996, 155=996, 154=996, 38=996, 152=996, 153=996, 150=996, 151=996, 43=996, 42=996, 41=996, 40=996, 200=996, 22=996, 23=996, 169=996, 24=996, 25=996, 166=996, 26=996, 27=996, 165=996, 28=996, 168=996, 167=996, 29=996, 3=996, 161=996, 2=996, 162=996, 1=996, 163=996, 0=996, 164=996, 30=996, 7=996, 6=996, 32=996, 5=996, 160=996, 4=996, 31=996, 9=996, 8=996, 19=996, 17=996, 179=996, 178=996, 18=996, 177=996, 15=996, 176=996, 16=996, 13=996, 14=996, 11=996, 12=996, 21=996, 170=996, 20=996, 171=996, 174=996, 175=996, 172=996, 173=996, 188=996, 187=996, 189=996, 180=996, 181=996, 10=996, 182=996, 183=996, 184=996, 185=996, 186=996, 116=996, 79=996, 117=996, 114=996, 78=996, 115=996, 77=996, 112=996, 113=996, 110=996, 111=996, 118=996, 119=996, 82=996, 83=996, 80=996, 81=996, 86=996, 87=996, 84=996, 85=996, 67=996, 125=996, 66=996, 126=996, 127=996, 69=996, 68=996, 128=996, 121=996, 122=996, 123=996, 124=996, 129=996, 70=996, 71=996, 120=996, 72=996, 73=996, 74=996, 75=996, 76=996, 134=996, 135=996, 132=996, 59=996, 133=996, 58=996, 138=996, 139=996, 57=996, 136=996, 56=996, 55=996, 137=996, 64=996, 65=996, 62=996, 63=996, 60=996, 131=996, 61=996, 130=996, 49=996, 143=996, 48=996, 144=996, 145=996, 146=996, 147=996, 45=996, 148=996, 44=996, 47=996, 149=996, 46=996, 51=996, 52=996, 53=996, 54=996, 140=996, 142=996, 50=996, 141=996, 109=996, 108=996, 107=996, 106=996, 105=996, 104=996, 103=996, 102=996, 99=996, 101=996, 100=996, 98=996, 97=996, 96=996, 95=996, 94=996, 93=996, 92=996, 91=996, 90=996, 88=996, 89=996, 195=996, 194=996, 197=996, 196=996, 191=996, 190=996, 193=996, 192=996, 198=996, 199=996}
Number of gene trees: 996
0 trees have missing taxa
Calculating quartet distance matrix (for completion of X)
Species tree distances calculated ...
Building set of clusters (X) from gene trees 
Using tree-based weight calculation.
Number of Default Clusters: 64571
Number of quartet trees in the gene trees: 65728655241
calculating extra bipartitions to be added at level 1 ...
Number of Clusters after addition by distance: 64571
Adding to X using resolutions of greedy consensus ...
Threshold 0.0:
Threshold 0.01:
polytomy of size 5; rounds with additions with at least 0.01 support: 0; clusters: 64573
Threshold 0.02:
polytomy of size 6; rounds with additions with at least 0.01 support: 0; clusters: 64583
Threshold 0.05:
polytomy of size 11; rounds with additions with at least 0.01 support: 0; clusters: 64583
Threshold 0.1:
polytomy of size 3; rounds with additions with at least 0.01 support: 0; clusters: 64583
polytomy of size 3; rounds with additions with at least 0.01 support: 0; clusters: 64583
polytomy of size 15; rounds with additions with at least 0.01 support: 0; clusters: 64589
Threshold 0.2:
polytomy of size 6; rounds with additions with at least 0.01 support: 0; clusters: 64589
polytomy of size 3; rounds with additions with at least 0.01 support: 0; clusters: 64589
polytomy of size 3; rounds with additions with at least 0.01 support: 0; clusters: 64589
polytomy of size 4; rounds with additions with at least 0.01 support: 0; clusters: 64589
polytomy of size 22; rounds with additions with at least 0.01 support: 0; clusters: 64589
Threshold 0.3333333333333333:
polytomy of size 3; rounds with additions with at least 0.01 support: 0; clusters: 64589
polytomy of size 3; rounds with additions with at least 0.01 support: 0; clusters: 64589
polytomy of size 3; rounds with additions with at least 0.01 support: 0; clusters: 64589
polytomy of size 3; rounds with additions with at least 0.01 support: 0; clusters: 64589
polytomy of size 6; rounds with additions with at least 0.01 support: 0; clusters: 64589
polytomy of size 3; rounds with additions with at least 0.01 support: 0; clusters: 64589
polytomy of size 3; rounds with additions with at least 0.01 support: 0; clusters: 64589
polytomy of size 5; rounds with additions with at least 0.01 support: 0; clusters: 64589
polytomy of size 32; rounds with additions with at least 0.01 support: 0; clusters: 66767
polytomy of size 3; rounds with additions with at least 0.01 support: 0; clusters: 66767
Number of Clusters after addition by greedy: 66767
partitions formed in 31.184 secs
Dynamic Programming starting after 31.184 secs
Size of largest cluster: 201
Calculated 100000 weights; time (seconds): 634
Total Number of elements weighted: 155402
Normalized score (portion of input quartet trees satisfied): 0.6833600498642521
Final optimization score: 44916337123
Optimal tree inferred in 983.871 secs.
(119,(90,((97,53),((((60,(12,189)),(92,(114,(190,82)))),((17,194),(19,(66,((87,152),(133,(123,(73,(144,(173,141)))))))))),((110,113),(((37,108),(4,((188,157),(48,30)))),(88,(((177,161),(40,(14,89))),(((111,(46,118)),((125,(58,20)),((124,116),((112,(100,10)),(140,(70,9)))))),((200,(((168,49),(150,(24,98))),((109,154),((59,47),(52,((106,192),(95,(153,21)))))))),((0,((((121,146),(147,(191,77))),((155,(169,7)),((83,175),(172,(79,43))))),((72,115),(34,(101,(1,(((193,(174,103)),((67,166),((107,(8,151)),((136,122),(3,(81,197)))))),((158,(181,(39,(41,13)))),((160,178),((159,(62,75)),((96,80),(22,27)))))))))))),((85,(167,57)),((((162,44),(((164,145),(183,((69,78),(76,102)))),((42,(50,(35,120))),(15,(45,(91,187)))))),(((11,(176,(26,195))),((184,29),(55,170))),((63,(74,143)),((130,138),((127,(25,149)),(16,(128,(23,18)))))))),((54,(139,((68,132),(33,(148,36))))),((((99,117),(105,(163,64))),(((126,5),(135,(129,(51,86)))),((196,156),((171,(94,182)),(134,(38,56)))))),(((84,61),(71,(32,6))),((137,(186,165)),((104,(31,(198,65))),((199,(93,(179,131))),((28,180),(142,(185,2))))))))))))))))))))));
Quartet score is: 44916337123
Normalized quartet score is: 0.6833600498642521
ASTRAL finished in 992.069 secs
