
================== ASTRAL ===================== 

This is ASTRAL version 4.10.10
Gene trees are treated as unrooted
633 trees read from ASTRALDATA/model.10.2000000.0.000001/24/estimatedgenetre.halfresolved
All output trees will be *arbitrarily* rooted at 1

======== Running the main analysis
Number of taxa: 11 (11 species)
Taxa: [1, 8, 5, 10, 7, 9, 0, 3, 2, 4, 6]
Taxon occupancy: {3=633, 2=633, 10=633, 1=633, 0=633, 7=633, 6=633, 5=633, 4=633, 9=633, 8=633}
Number of gene trees: 633
0 trees have missing taxa
Calculating quartet distance matrix (for completion of X)
Species tree distances calculated ...
Building set of clusters (X) from gene trees 
Using tree-based weight calculation.
Number of Default Clusters: 525
Number of quartet trees in the gene trees: 205558
calculating extra bipartitions to be added at level 1 ...
Number of Clusters after addition by distance: 525
Adding to X using resolutions of greedy consensus ...
Threshold 0.0:
Threshold 0.01:
Threshold 0.02:
Threshold 0.05:
Threshold 0.1:
Threshold 0.2:
polytomy of size 3; rounds with additions with at least 0.01 support: 0; clusters: 525
Threshold 0.3333333333333333:
polytomy of size 4; rounds with additions with at least 0.01 support: 0; clusters: 525
Number of Clusters after addition by greedy: 525
partitions formed in 0.48 secs
Dynamic Programming starting after 0.48 secs
Size of largest cluster: 11
Total Number of elements weighted: 2341
Normalized score (portion of input quartet trees satisfied): 0.7349555843119704
Final optimization score: 151076
Optimal tree inferred in 1.294 secs.
(5,(8,((7,(10,9)),((0,4),((3,2),(1,6))))));
Quartet score is: 151076
Normalized quartet score is: 0.7349555843119704
ASTRAL finished in 1.647 secs
