
================== ASTRAL ===================== 

This is ASTRAL version 4.10.8
Gene trees are treated as unrooted
1000 trees read from model.200.2000000.0.0000001/23/estimatedgenetre.halfresolved
All outputted trees will be *arbitrarily* rooted at 156

======== Running the main analysis
Number of taxa: 201 (201 species)
Taxa: [156, 4, 15, 121, 16, 80, 26, 25, 81, 7, 20, 46, 86, 109, 185, 82, 188, 78, 44, 179, 47, 166, 45, 110, 19, 93, 75, 39, 163, 76, 85, 175, 13, 146, 168, 180, 139, 58, 117, 119, 106, 176, 17, 193, 155, 79, 112, 50, 161, 53, 167, 63, 69, 150, 49, 124, 125, 98, 147, 130, 120, 104, 32, 169, 113, 134, 8, 182, 67, 28, 186, 177, 51, 66, 142, 2, 197, 9, 34, 65, 128, 152, 83, 55, 143, 99, 137, 111, 70, 157, 129, 72, 71, 107, 52, 199, 60, 196, 178, 87, 84, 126, 3, 88, 149, 90, 183, 158, 23, 5, 30, 101, 35, 173, 59, 135, 164, 189, 122, 172, 141, 92, 36, 171, 91, 132, 61, 184, 198, 127, 95, 97, 123, 160, 144, 116, 200, 148, 41, 74, 103, 42, 133, 181, 18, 105, 12, 54, 77, 108, 162, 56, 190, 136, 151, 62, 154, 57, 27, 40, 33, 68, 192, 96, 159, 22, 73, 165, 153, 195, 0, 14, 64, 89, 174, 118, 114, 11, 1, 21, 37, 29, 38, 102, 31, 24, 194, 145, 115, 170, 131, 140, 6, 187, 10, 43, 138, 100, 94, 48, 191]
Taxon occupancy: {35=1000, 36=1000, 33=1000, 159=1000, 34=1000, 158=1000, 157=1000, 39=1000, 156=1000, 155=1000, 37=1000, 154=1000, 38=1000, 152=1000, 153=1000, 150=1000, 151=1000, 43=1000, 42=1000, 41=1000, 40=1000, 200=1000, 22=1000, 169=1000, 23=1000, 24=1000, 25=1000, 166=1000, 26=1000, 27=1000, 165=1000, 28=1000, 168=1000, 167=1000, 29=1000, 161=1000, 3=1000, 2=1000, 162=1000, 163=1000, 1=1000, 164=1000, 0=1000, 7=1000, 30=1000, 6=1000, 32=1000, 5=1000, 4=1000, 160=1000, 31=1000, 9=1000, 8=1000, 19=1000, 179=1000, 17=1000, 178=1000, 18=1000, 177=1000, 15=1000, 16=1000, 176=1000, 13=1000, 14=1000, 11=1000, 12=1000, 21=1000, 170=1000, 20=1000, 171=1000, 174=1000, 175=1000, 172=1000, 173=1000, 188=1000, 187=1000, 189=1000, 180=1000, 10=1000, 181=1000, 182=1000, 183=1000, 184=1000, 185=1000, 186=1000, 116=1000, 117=1000, 79=1000, 78=1000, 114=1000, 77=1000, 115=1000, 112=1000, 113=1000, 110=1000, 111=1000, 118=1000, 119=1000, 82=1000, 83=1000, 80=1000, 81=1000, 86=1000, 87=1000, 84=1000, 85=1000, 67=1000, 125=1000, 66=1000, 126=1000, 69=1000, 127=1000, 128=1000, 68=1000, 121=1000, 122=1000, 123=1000, 124=1000, 129=1000, 70=1000, 71=1000, 120=1000, 72=1000, 73=1000, 74=1000, 75=1000, 76=1000, 134=1000, 135=1000, 132=1000, 59=1000, 133=1000, 138=1000, 58=1000, 139=1000, 57=1000, 56=1000, 136=1000, 137=1000, 55=1000, 64=1000, 65=1000, 62=1000, 63=1000, 60=1000, 131=1000, 130=1000, 61=1000, 143=1000, 49=1000, 48=1000, 144=1000, 145=1000, 146=1000, 147=1000, 45=1000, 44=1000, 148=1000, 47=1000, 149=1000, 46=1000, 51=1000, 52=1000, 53=1000, 54=1000, 140=1000, 142=1000, 50=1000, 141=1000, 109=1000, 108=1000, 107=1000, 106=1000, 105=1000, 104=1000, 103=1000, 99=1000, 102=1000, 101=1000, 100=1000, 98=1000, 97=1000, 96=1000, 95=1000, 94=1000, 93=1000, 92=1000, 91=1000, 90=1000, 88=1000, 89=1000, 195=1000, 194=1000, 197=1000, 196=1000, 191=1000, 190=1000, 193=1000, 192=1000, 198=1000, 199=1000}
Number of gene trees: 1000
0 trees have missing taxa
Calculating quartet distance matrix (for completion of X)
Species tree distances calculated ...
Building set of clusters (X) from gene trees 
Using tree-based weight calculation.
Number of Default Clusters: 68997
Number of quartet trees in the gene trees: 65998257450
calculating extra bipartitions to be added at level 1 ...
Number of Clusters after addition by distance: 69001
Adding to X using resolutions of greedy consensus ...
Threshold 0.0:
polytomy of size 3; rounds with additions with at least 0.01 support: 1; clusters: 69007
Threshold 0.01:
polytomy of size 6; rounds with additions with at least 0.01 support: 2; clusters: 69045
Threshold 0.02:
polytomy of size 3; rounds with additions with at least 0.01 support: 0; clusters: 69045
polytomy of size 10; rounds with additions with at least 0.01 support: 2; clusters: 69189
Threshold 0.05:
polytomy of size 4; rounds with additions with at least 0.01 support: 0; clusters: 69189
polytomy of size 17; rounds with additions with at least 0.01 support: 0; clusters: 69189
polytomy of size 3; rounds with additions with at least 0.01 support: 0; clusters: 69189
Threshold 0.1:
polytomy of size 7; rounds with additions with at least 0.01 support: 0; clusters: 69191
polytomy of size 18; rounds with additions with at least 0.01 support: 0; clusters: 69191
polytomy of size 7; rounds with additions with at least 0.01 support: 0; clusters: 69191
Threshold 0.2:
polytomy of size 3; rounds with additions with at least 0.01 support: 0; clusters: 69191
polytomy of size 3; rounds with additions with at least 0.01 support: 0; clusters: 69191
polytomy of size 4; rounds with additions with at least 0.01 support: 0; clusters: 69191
polytomy of size 7; rounds with additions with at least 0.01 support: 0; clusters: 69191
polytomy of size 3; rounds with additions with at least 0.01 support: 0; clusters: 69191
polytomy of size 3; rounds with additions with at least 0.01 support: 0; clusters: 69191
polytomy of size 28; rounds with additions with at least 0.01 support: 0; clusters: 69191
Threshold 0.3333333333333333:
polytomy of size 4; rounds with additions with at least 0.01 support: 0; clusters: 69191
polytomy of size 3; rounds with additions with at least 0.01 support: 0; clusters: 69191
polytomy of size 3; rounds with additions with at least 0.01 support: 0; clusters: 69191
polytomy of size 5; rounds with additions with at least 0.01 support: 0; clusters: 69191
polytomy of size 3; rounds with additions with at least 0.01 support: 0; clusters: 69191
polytomy of size 6; rounds with additions with at least 0.01 support: 0; clusters: 69191
polytomy of size 4; rounds with additions with at least 0.01 support: 0; clusters: 69191
polytomy of size 3; rounds with additions with at least 0.01 support: 0; clusters: 69191
polytomy of size 3; rounds with additions with at least 0.01 support: 0; clusters: 69191
polytomy of size 5; rounds with additions with at least 0.01 support: 0; clusters: 69191
polytomy of size 45; rounds with additions with at least 0.01 support: 0; clusters: 73667
Number of Clusters after addition by greedy: 73667
partitions formed in 42.519 secs
Dynamic Programming starting after 42.519 secs
Size of largest cluster: 201
Size of largest cluster: 201
Calculated 100000 weights; time (seconds): 65
Total Number of elements weighted: 249100
Normalized score (portion of input quartet trees satisfied): NaN
Final optimization score: 0
Calculated 200000 weights; time (seconds): 23
Total Number of elements weighted: 249100
Normalized score (portion of input quartet trees satisfied): 0.6137190201830094
Final optimization score: 40504385896
Optimal tree inferred in 109.615 secs.
(156,(26,((15,121),(20,((25,(81,7)),((4,((16,80),(44,179))),((114,(118,11)),((188,78),((86,109),(((185,82),(79,112)),((191,(155,(17,(176,193)))),((((5,30),((1,(37,(21,29))),(((152,83),((65,128),(34,(197,9)))),((67,(177,(51,(28,186)))),((66,(142,2)),((170,131),(38,((145,115),((24,194),(102,31)))))))))),((166,(((87,84),(196,178)),(72,((199,60),(52,(71,107)))))),((((47,106),((19,93),(90,(45,110)))),((183,(158,23)),(3,(149,(126,88))))),(((169,(113,134)),(((167,63),(50,(161,53))),(69,(125,((49,124),(150,98)))))),((139,(58,(117,119))),(76,((46,180),((85,(75,(39,163))),((146,168),(175,13)))))))))),((0,((64,89),((22,(165,(73,153))),(((160,144),(189,122)),(116,(14,((123,195),((91,((101,(172,141)),((184,198),(127,(95,97))))),((92,(36,171)),((61,(35,132)),(173,(59,(135,164))))))))))))),(((27,(40,33)),(147,((94,48),(130,(120,(104,32)))))),(((55,((70,(157,129)),((137,111),(143,99)))),(((8,182),(159,(68,(192,96)))),((6,187),(140,(10,(43,(138,100))))))),(174,((((136,151),(62,154)),((56,190),(77,(108,162)))),((18,57),(200,((12,54),((148,(133,181)),(42,(41,(74,(103,105)))))))))))))))))))))))));
Quartet score is: 40504385896
Normalized quartet score is: 0.6137190201830094
ASTRAL finished in 119.965 secs
