
================== ASTRAL ===================== 

This is ASTRAL version 4.10.10
Gene trees are treated as unrooted
1000 trees read from ASTRALDATA/model.50.2000000.0.000001/09/estimatedgenetre.halfresolved
All output trees will be *arbitrarily* rooted at 17

======== Running the main analysis
Number of taxa: 51 (51 species)
Taxa: [17, 10, 35, 38, 34, 30, 13, 14, 47, 20, 8, 6, 37, 40, 31, 26, 18, 25, 39, 22, 33, 12, 36, 43, 21, 49, 2, 44, 29, 9, 42, 0, 7, 23, 16, 1, 5, 45, 28, 27, 32, 11, 48, 46, 41, 15, 24, 19, 4, 50, 3]
Taxon occupancy: {35=1000, 36=1000, 33=1000, 34=1000, 39=1000, 37=1000, 38=1000, 43=1000, 42=1000, 41=1000, 40=1000, 22=1000, 23=1000, 24=1000, 25=1000, 26=1000, 27=1000, 28=1000, 29=1000, 3=1000, 2=1000, 1=1000, 0=1000, 30=1000, 7=1000, 6=1000, 5=1000, 32=1000, 4=1000, 31=1000, 9=1000, 8=1000, 19=1000, 17=1000, 18=1000, 15=1000, 16=1000, 13=1000, 14=1000, 11=1000, 12=1000, 21=1000, 20=1000, 49=1000, 48=1000, 45=1000, 44=1000, 47=1000, 46=1000, 10=1000, 50=1000}
Number of gene trees: 1000
0 trees have missing taxa
Calculating quartet distance matrix (for completion of X)
Species tree distances calculated ...
Building set of clusters (X) from gene trees 
Using tree-based weight calculation.
Number of Default Clusters: 5065
Number of quartet trees in the gene trees: 249899952
calculating extra bipartitions to be added at level 1 ...
Number of Clusters after addition by distance: 5065
Adding to X using resolutions of greedy consensus ...
Threshold 0.0:
Threshold 0.01:
Threshold 0.02:
Threshold 0.05:
Threshold 0.1:
polytomy of size 3; rounds with additions with at least 0.01 support: 0; clusters: 5065
Threshold 0.2:
polytomy of size 5; rounds with additions with at least 0.01 support: 0; clusters: 5065
Threshold 0.3333333333333333:
polytomy of size 3; rounds with additions with at least 0.01 support: 0; clusters: 5065
polytomy of size 3; rounds with additions with at least 0.01 support: 0; clusters: 5065
polytomy of size 3; rounds with additions with at least 0.01 support: 0; clusters: 5065
polytomy of size 6; rounds with additions with at least 0.01 support: 0; clusters: 5065
Number of Clusters after addition by greedy: 5065
partitions formed in 2.673 secs
Dynamic Programming starting after 2.673 secs
Size of largest cluster: 51
Total Number of elements weighted: 27295
Normalized score (portion of input quartet trees satisfied): 0.8028444719349126
Final optimization score: 200630795
Optimal tree inferred in 44.083 secs.
(47,(14,(17,((13,(30,((38,34),(10,35)))),(((9,42),(31,(26,18))),(((3,(29,(2,44))),(0,((21,49),((25,(39,22)),(43,(12,(33,36))))))),((8,(6,(20,(37,40)))),((7,23),((50,(45,(27,(5,28)))),((32,(19,(4,(16,1)))),((15,24),(41,(11,(48,46))))))))))))));
Quartet score is: 200630795
Normalized quartet score is: 0.8028444719349126
ASTRAL finished in 45.087 secs
