
================== ASTRAL ===================== 

This is ASTRAL version 4.10.8
Gene trees are treated as unrooted
1000 trees read from model.200.10000000.0.0000001/47/estimatedgenetre.halfresolved
All outputted trees will be *arbitrarily* rooted at 12

======== Running the main analysis
Number of taxa: 201 (201 species)
Taxa: [12, 195, 128, 67, 183, 57, 74, 178, 79, 9, 60, 154, 159, 200, 173, 42, 94, 0, 66, 124, 69, 77, 133, 85, 97, 162, 167, 145, 176, 63, 110, 70, 188, 119, 166, 172, 53, 38, 55, 174, 5, 193, 35, 95, 26, 123, 20, 73, 46, 50, 61, 16, 103, 98, 86, 93, 169, 194, 146, 84, 72, 170, 58, 6, 113, 14, 149, 114, 91, 51, 116, 131, 108, 152, 153, 99, 92, 89, 150, 78, 107, 40, 122, 168, 7, 189, 139, 165, 175, 13, 177, 75, 112, 44, 37, 49, 187, 134, 28, 147, 21, 164, 181, 10, 186, 158, 106, 62, 83, 140, 157, 143, 87, 127, 48, 4, 102, 18, 47, 80, 3, 192, 81, 132, 23, 100, 118, 141, 163, 25, 90, 156, 71, 34, 30, 76, 33, 185, 199, 64, 160, 125, 197, 135, 8, 137, 138, 41, 120, 56, 191, 17, 179, 11, 65, 111, 117, 82, 101, 155, 31, 196, 184, 121, 129, 180, 45, 68, 105, 96, 39, 198, 171, 59, 2, 151, 104, 19, 15, 27, 88, 1, 136, 32, 182, 130, 43, 148, 115, 190, 29, 22, 52, 109, 144, 161, 126, 36, 24, 54, 142]
Taxon occupancy: {35=1000, 36=1000, 159=1000, 33=1000, 158=1000, 34=1000, 157=1000, 39=1000, 156=1000, 37=1000, 155=1000, 154=1000, 38=1000, 152=1000, 153=1000, 150=1000, 151=1000, 43=1000, 42=1000, 41=1000, 40=1000, 200=1000, 22=1000, 169=1000, 23=1000, 24=1000, 25=1000, 166=1000, 26=1000, 165=1000, 27=1000, 168=1000, 28=1000, 167=1000, 29=1000, 161=1000, 3=1000, 162=1000, 2=1000, 163=1000, 1=1000, 0=1000, 164=1000, 7=1000, 30=1000, 6=1000, 5=1000, 32=1000, 4=1000, 160=1000, 31=1000, 9=1000, 8=1000, 19=1000, 17=1000, 179=1000, 178=1000, 18=1000, 177=1000, 15=1000, 16=1000, 176=1000, 13=1000, 14=1000, 11=1000, 12=1000, 170=1000, 21=1000, 20=1000, 171=1000, 174=1000, 175=1000, 172=1000, 173=1000, 188=1000, 187=1000, 189=1000, 180=1000, 181=1000, 10=1000, 182=1000, 183=1000, 184=1000, 185=1000, 186=1000, 116=1000, 79=1000, 117=1000, 78=1000, 114=1000, 77=1000, 115=1000, 112=1000, 113=1000, 110=1000, 111=1000, 118=1000, 119=1000, 82=1000, 83=1000, 80=1000, 81=1000, 86=1000, 87=1000, 84=1000, 85=1000, 67=1000, 125=1000, 126=1000, 66=1000, 69=1000, 127=1000, 128=1000, 68=1000, 121=1000, 122=1000, 123=1000, 124=1000, 129=1000, 70=1000, 71=1000, 120=1000, 72=1000, 73=1000, 74=1000, 75=1000, 76=1000, 134=1000, 135=1000, 132=1000, 133=1000, 59=1000, 58=1000, 138=1000, 139=1000, 57=1000, 56=1000, 136=1000, 55=1000, 137=1000, 64=1000, 65=1000, 62=1000, 63=1000, 131=1000, 60=1000, 61=1000, 130=1000, 49=1000, 143=1000, 144=1000, 48=1000, 145=1000, 146=1000, 147=1000, 45=1000, 44=1000, 148=1000, 149=1000, 47=1000, 46=1000, 51=1000, 52=1000, 53=1000, 54=1000, 140=1000, 142=1000, 50=1000, 141=1000, 109=1000, 108=1000, 107=1000, 106=1000, 105=1000, 104=1000, 103=1000, 99=1000, 102=1000, 101=1000, 100=1000, 98=1000, 97=1000, 96=1000, 95=1000, 94=1000, 93=1000, 92=1000, 91=1000, 90=1000, 88=1000, 89=1000, 195=1000, 194=1000, 197=1000, 196=1000, 191=1000, 190=1000, 193=1000, 192=1000, 198=1000, 199=1000}
Number of gene trees: 1000
0 trees have missing taxa
Calculating quartet distance matrix (for completion of X)
Species tree distances calculated ...
Building set of clusters (X) from gene trees 
Using tree-based weight calculation.
Number of Default Clusters: 27341
Number of quartet trees in the gene trees: 65998350000
calculating extra bipartitions to be added at level 1 ...
Number of Clusters after addition by distance: 27341
Adding to X using resolutions of greedy consensus ...
Threshold 0.0:
Threshold 0.01:
Threshold 0.02:
Threshold 0.05:
polytomy of size 4; rounds with additions with at least 0.01 support: 0; clusters: 27341
Threshold 0.1:
polytomy of size 3; rounds with additions with at least 0.01 support: 0; clusters: 27341
polytomy of size 6; rounds with additions with at least 0.01 support: 0; clusters: 27341
Threshold 0.2:
polytomy of size 14; rounds with additions with at least 0.01 support: 0; clusters: 27341
Threshold 0.3333333333333333:
polytomy of size 3; rounds with additions with at least 0.01 support: 0; clusters: 27341
polytomy of size 5; rounds with additions with at least 0.01 support: 0; clusters: 27341
polytomy of size 3; rounds with additions with at least 0.01 support: 0; clusters: 27341
polytomy of size 3; rounds with additions with at least 0.01 support: 0; clusters: 27341
polytomy of size 4; rounds with additions with at least 0.01 support: 0; clusters: 27341
polytomy of size 3; rounds with additions with at least 0.01 support: 0; clusters: 27341
polytomy of size 17; rounds with additions with at least 0.01 support: 0; clusters: 27465
Number of Clusters after addition by greedy: 27465
partitions formed in 15.783 secs
Dynamic Programming starting after 15.783 secs
Size of largest cluster: 201
Size of largest cluster: 201
Total Number of elements weighted: 84132
Normalized score (portion of input quartet trees satisfied): NaN
Final optimization score: 0
Total Number of elements weighted: 84132
Normalized score (portion of input quartet trees satisfied): 0.8111918753120343
Final optimization score: 53537325304
Optimal tree inferred in 34.926 secs.
(12,(((195,128),((67,183),(57,74))),((178,79),((9,(60,(154,159))),((200,(173,42)),(94,((((66,124),(95,26)),((69,(77,133)),(85,(97,162)))),((123,((174,((14,(149,114)),(91,(51,(116,131))))),(20,((73,(46,(50,61))),((16,103),((58,(6,113)),(93,((169,194),((98,86),(72,(170,(146,84)))))))))))),(((43,(148,115)),(((110,70),((176,63),(167,145))),(188,(119,((38,55),(166,(172,53))))))),((0,(((108,152),((92,(153,99)),(150,(89,78)))),(((59,(2,151)),(129,(171,(105,(96,(39,198)))))),((180,(45,68)),((104,19),((15,(27,88)),((136,32),(1,(182,130))))))))),(((190,(29,(22,(52,109)))),(144,((161,126),(36,(24,(54,142)))))),(((82,((196,(184,121)),(101,(155,31)))),((125,((8,137),(197,135))),(((138,41),(120,(56,191))),((111,117),((17,179),(11,65)))))),((193,(5,35)),((147,10),(((21,(164,181)),((186,158),(106,(62,(83,140))))),(((44,((37,49),(187,(134,28)))),((177,(75,112)),((107,40),((122,168),(7,(13,(165,(175,(189,139))))))))),((76,((33,185),(199,(64,160)))),((157,(143,87)),(((127,(48,4)),(102,(18,47))),((90,((156,71),(34,30))),(((100,118),(141,(163,25))),(80,((3,192),(81,(132,23)))))))))))))))))))))))));
Quartet score is: 53537325304
Normalized quartet score is: 0.8111918753120343
ASTRAL finished in 44.445 secs
